[0m[ INFO] [1561499612.827263000]: rviz version 1.12.15[0m
[0m[ INFO] [1561499612.827292900]: compiled against Qt version 5.5.1[0m
[0m[ INFO] [1561499612.827299700]: compiled against OGRE version 1.9.0 (Ghadamon)[0m
[0m[ INFO] [1561499613.051761000]: Stereo is NOT SUPPORTED[0m
[0m[ INFO] [1561499613.051837400]: OpenGl version: 3 (GLSL 1.3).[0m
[0m[ INFO] [1561499670.620759200, 946.560000000]: Creating 1 swatches[0m
[0m[ INFO] [1561499705.361249800, 974.759000000]: Setting goal: Frame:map, Position(4.063, -6.104, 0.000), Orientation(0.000, 0.000, 0.000, 1.000) = Angle: 0.000
[0m
[0m[ INFO] [1561499710.698379000, 978.668000000]: Setting goal: Frame:map, Position(5.849, 2.213, 0.000), Orientation(0.000, 0.000, 0.000, 1.000) = Angle: 0.000
[0m
[0m[ INFO] [1561499714.113002800, 981.082000000]: Setting goal: Frame:map, Position(6.056, 3.336, 0.000), Orientation(0.000, 0.000, -0.517, 0.856) = Angle: -1.087
[0m
[0m[ INFO] [1561499735.202923200, 997.224000000]: Setting goal: Frame:map, Position(5.756, 1.583, 0.000), Orientation(0.000, 0.000, -0.213, 0.977) = Angle: -0.428
[0m
[0m[ INFO] [1561499763.562118400, 1017.831000000]: Setting goal: Frame:map, Position(2.509, -2.797, 0.000), Orientation(0.000, 0.000, 0.989, -0.148) = Angle: -2.844
[0m
[0m[ INFO] [1561499796.995414300, 1043.506000000]: Setting goal: Frame:map, Position(3.161, 2.618, 0.000), Orientation(0.000, 0.000, 0.997, 0.075) = Angle: 2.992
[0m
[0m[ INFO] [1561499810.578099500, 1053.389000000]: Setting goal: Frame:map, Position(0.993, -3.654, 0.000), Orientation(0.000, 0.000, 0.969, -0.248) = Angle: -2.641
[0m
[0m[ INFO] [1561499840.894735200, 1075.729000000]: Setting goal: Frame:map, Position(4.818, -1.252, 0.000), Orientation(0.000, 0.000, 0.483, 0.876) = Angle: 1.008
[0m
