[rospy.client][INFO] 2019-06-25 21:27:38,932: init_node, name[/urdf_spawner], pid[10388]
[xmlrpc][INFO] 2019-06-25 21:27:38,933: XML-RPC server binding to 0.0.0.0:0
[rospy.init][INFO] 2019-06-25 21:27:38,934: ROS Slave URI: [http://dc5b429f784e:39171/]
[xmlrpc][INFO] 2019-06-25 21:27:38,933: Started XML-RPC server [http://dc5b429f784e:39171/]
[rospy.impl.masterslave][INFO] 2019-06-25 21:27:38,934: _ready: http://dc5b429f784e:39171/
[xmlrpc][INFO] 2019-06-25 21:27:38,935: xml rpc node: starting XML-RPC server
[rospy.registration][INFO] 2019-06-25 21:27:38,935: Registering with master node http://localhost:11311
[rospy.init][INFO] 2019-06-25 21:27:39,034: registered with master
[rospy.rosout][INFO] 2019-06-25 21:27:39,034: initializing /rosout core topic
[rospy.rosout][INFO] 2019-06-25 21:27:39,038: connected to core topic /rosout
[rospy.simtime][INFO] 2019-06-25 21:27:39,039: initializing /clock core topic
[rospy.simtime][INFO] 2019-06-25 21:27:39,042: connected to core topic /clock
[rosout][INFO] 2019-06-25 21:27:39,045: Loading model XML from ros parameter
[rosout][INFO] 2019-06-25 21:27:39,050: Waiting for service /gazebo/spawn_urdf_model
[rospy.internal][INFO] 2019-06-25 21:27:39,052: topic[/clock] adding connection to [http://dc5b429f784e:40249/], count 0
[rosout][INFO] 2019-06-25 21:27:39,054: Calling service /gazebo/spawn_urdf_model
[rospy.internal][INFO] 2019-06-25 21:27:39,281: topic[/rosout] adding connection to [/rosout], count 0
[rosout][INFO] 2019-06-25 21:27:39,390: Spawn status: SpawnModel: Successfully spawned entity
[rospy.core][INFO] 2019-06-25 21:27:39,391: signal_shutdown [atexit]
[rospy.internal][INFO] 2019-06-25 21:27:39,395: topic[/rosout] removing connection to /rosout
[rospy.internal][INFO] 2019-06-25 21:27:39,396: topic[/clock] removing connection to http://dc5b429f784e:40249/
[rospy.impl.masterslave][INFO] 2019-06-25 21:27:39,396: atexit
[rospy.internal][WARNING] 2019-06-25 21:27:39,397: Unknown error initiating TCP/IP socket to dc5b429f784e:38953 (http://dc5b429f784e:40249/): Traceback (most recent call last):
  File "/opt/ros/kinetic/lib/python2.7/dist-packages/rospy/impl/tcpros_base.py", line 558, in connect
    self.local_endpoint = self.socket.getsockname()
AttributeError: 'NoneType' object has no attribute 'getsockname'

[rospy.client][INFO] 2019-06-25 21:28:23,992: init_node, name[/urdf_spawner], pid[10912]
[xmlrpc][INFO] 2019-06-25 21:28:23,993: XML-RPC server binding to 0.0.0.0:0
[rospy.init][INFO] 2019-06-25 21:28:23,993: ROS Slave URI: [http://dc5b429f784e:38255/]
[xmlrpc][INFO] 2019-06-25 21:28:23,993: Started XML-RPC server [http://dc5b429f784e:38255/]
[rospy.impl.masterslave][INFO] 2019-06-25 21:28:23,994: _ready: http://dc5b429f784e:38255/
[rospy.registration][INFO] 2019-06-25 21:28:23,994: Registering with master node http://localhost:11311
[xmlrpc][INFO] 2019-06-25 21:28:23,995: xml rpc node: starting XML-RPC server
[rospy.init][INFO] 2019-06-25 21:28:24,094: registered with master
[rospy.rosout][INFO] 2019-06-25 21:28:24,094: initializing /rosout core topic
[rospy.rosout][INFO] 2019-06-25 21:28:24,097: connected to core topic /rosout
[rospy.simtime][INFO] 2019-06-25 21:28:24,098: initializing /clock core topic
[rospy.simtime][INFO] 2019-06-25 21:28:24,102: connected to core topic /clock
[rosout][INFO] 2019-06-25 21:28:24,105: Loading model XML from ros parameter
[rosout][INFO] 2019-06-25 21:28:24,109: Waiting for service /gazebo/spawn_urdf_model
[rospy.internal][INFO] 2019-06-25 21:28:24,111: topic[/clock] adding connection to [http://dc5b429f784e:39015/], count 0
[rosout][INFO] 2019-06-25 21:28:24,112: Calling service /gazebo/spawn_urdf_model
[rosout][INFO] 2019-06-25 21:28:24,356: Spawn status: SpawnModel: Successfully spawned entity
[rospy.core][INFO] 2019-06-25 21:28:24,356: signal_shutdown [atexit]
[rospy.internal][INFO] 2019-06-25 21:28:24,359: topic[/clock] removing connection to http://dc5b429f784e:39015/
[rospy.impl.masterslave][INFO] 2019-06-25 21:28:24,360: atexit
[rospy.client][INFO] 2019-06-25 21:53:44,291: init_node, name[/urdf_spawner], pid[16724]
[xmlrpc][INFO] 2019-06-25 21:53:44,291: XML-RPC server binding to 0.0.0.0:0
[xmlrpc][INFO] 2019-06-25 21:53:44,291: Started XML-RPC server [http://dc5b429f784e:43169/]
[rospy.init][INFO] 2019-06-25 21:53:44,292: ROS Slave URI: [http://dc5b429f784e:43169/]
[rospy.impl.masterslave][INFO] 2019-06-25 21:53:44,292: _ready: http://dc5b429f784e:43169/
[xmlrpc][INFO] 2019-06-25 21:53:44,293: xml rpc node: starting XML-RPC server
[rospy.registration][INFO] 2019-06-25 21:53:44,293: Registering with master node http://localhost:11311
[rospy.init][INFO] 2019-06-25 21:53:44,392: registered with master
[rospy.rosout][INFO] 2019-06-25 21:53:44,392: initializing /rosout core topic
[rospy.rosout][INFO] 2019-06-25 21:53:44,395: connected to core topic /rosout
[rospy.simtime][INFO] 2019-06-25 21:53:44,396: initializing /clock core topic
[rospy.simtime][INFO] 2019-06-25 21:53:44,399: connected to core topic /clock
[rosout][INFO] 2019-06-25 21:53:44,401: Loading model XML from ros parameter
[rosout][INFO] 2019-06-25 21:53:44,405: Waiting for service /gazebo/spawn_urdf_model
[rospy.internal][INFO] 2019-06-25 21:53:44,645: topic[/rosout] adding connection to [/rosout], count 0
[rospy.core][INFO] 2019-06-25 21:53:46,985: signal_shutdown [signal-2]
[rospy.internal][INFO] 2019-06-25 21:53:46,989: topic[/rosout] removing connection to /rosout
[rospy.impl.masterslave][INFO] 2019-06-25 21:53:46,989: signal-2
[rospy.core][INFO] 2019-06-25 21:53:47,154: signal_shutdown [atexit]
[rospy.client][INFO] 2019-06-25 21:53:55,409: init_node, name[/urdf_spawner], pid[16874]
[xmlrpc][INFO] 2019-06-25 21:53:55,409: XML-RPC server binding to 0.0.0.0:0
[xmlrpc][INFO] 2019-06-25 21:53:55,410: Started XML-RPC server [http://dc5b429f784e:36821/]
[rospy.impl.masterslave][INFO] 2019-06-25 21:53:55,410: _ready: http://dc5b429f784e:36821/
[rospy.init][INFO] 2019-06-25 21:53:55,411: ROS Slave URI: [http://dc5b429f784e:36821/]
[rospy.registration][INFO] 2019-06-25 21:53:55,412: Registering with master node http://localhost:11311
[xmlrpc][INFO] 2019-06-25 21:53:55,412: xml rpc node: starting XML-RPC server
[rospy.init][INFO] 2019-06-25 21:53:55,511: registered with master
[rospy.rosout][INFO] 2019-06-25 21:53:55,512: initializing /rosout core topic
[rospy.rosout][INFO] 2019-06-25 21:53:55,514: connected to core topic /rosout
[rospy.simtime][INFO] 2019-06-25 21:53:55,516: initializing /clock core topic
[rospy.simtime][INFO] 2019-06-25 21:53:55,518: connected to core topic /clock
[rosout][INFO] 2019-06-25 21:53:55,522: Loading model XML from ros parameter
[rosout][INFO] 2019-06-25 21:53:55,530: Waiting for service /gazebo/spawn_urdf_model
[rospy.internal][INFO] 2019-06-25 21:53:55,730: topic[/rosout] adding connection to [/rosout], count 0
[rospy.core][INFO] 2019-06-25 21:53:57,038: signal_shutdown [signal-2]
[rospy.internal][INFO] 2019-06-25 21:53:57,041: topic[/rosout] removing connection to /rosout
[rospy.impl.masterslave][INFO] 2019-06-25 21:53:57,041: signal-2
[rospy.core][INFO] 2019-06-25 21:53:57,144: signal_shutdown [atexit]
[rospy.client][INFO] 2019-06-25 21:54:04,064: init_node, name[/urdf_spawner], pid[17020]
[xmlrpc][INFO] 2019-06-25 21:54:04,065: XML-RPC server binding to 0.0.0.0:0
[xmlrpc][INFO] 2019-06-25 21:54:04,065: Started XML-RPC server [http://dc5b429f784e:42561/]
[rospy.init][INFO] 2019-06-25 21:54:04,066: ROS Slave URI: [http://dc5b429f784e:42561/]
[rospy.impl.masterslave][INFO] 2019-06-25 21:54:04,066: _ready: http://dc5b429f784e:42561/
[xmlrpc][INFO] 2019-06-25 21:54:04,067: xml rpc node: starting XML-RPC server
[rospy.registration][INFO] 2019-06-25 21:54:04,067: Registering with master node http://localhost:11311
[rospy.init][INFO] 2019-06-25 21:54:04,166: registered with master
[rospy.rosout][INFO] 2019-06-25 21:54:04,166: initializing /rosout core topic
[rospy.rosout][INFO] 2019-06-25 21:54:04,170: connected to core topic /rosout
[rospy.simtime][INFO] 2019-06-25 21:54:04,172: initializing /clock core topic
[rospy.simtime][INFO] 2019-06-25 21:54:04,175: connected to core topic /clock
[rosout][INFO] 2019-06-25 21:54:04,178: Loading model XML from ros parameter
[rosout][INFO] 2019-06-25 21:54:04,181: Waiting for service /gazebo/spawn_urdf_model
[rosout][INFO] 2019-06-25 21:54:04,183: Calling service /gazebo/spawn_urdf_model
[rospy.internal][INFO] 2019-06-25 21:54:04,184: topic[/clock] adding connection to [http://dc5b429f784e:34901/], count 0
[rosout][INFO] 2019-06-25 21:54:04,350: Spawn status: SpawnModel: Successfully spawned entity
[rospy.core][INFO] 2019-06-25 21:54:04,351: signal_shutdown [atexit]
[rospy.internal][INFO] 2019-06-25 21:54:04,354: topic[/clock] removing connection to http://dc5b429f784e:34901/
[rospy.impl.masterslave][INFO] 2019-06-25 21:54:04,355: atexit
