[rospy.client][INFO] 2019-06-25 15:27:36,062: init_node, name[/mybot_spawn], pid[25108]
[xmlrpc][INFO] 2019-06-25 15:27:36,063: XML-RPC server binding to 0.0.0.0:0
[rospy.init][INFO] 2019-06-25 15:27:36,063: ROS Slave URI: [http://dc5b429f784e:37291/]
[xmlrpc][INFO] 2019-06-25 15:27:36,063: Started XML-RPC server [http://dc5b429f784e:37291/]
[rospy.impl.masterslave][INFO] 2019-06-25 15:27:36,063: _ready: http://dc5b429f784e:37291/
[xmlrpc][INFO] 2019-06-25 15:27:36,064: xml rpc node: starting XML-RPC server
[rospy.registration][INFO] 2019-06-25 15:27:36,064: Registering with master node http://localhost:11311
[rospy.init][INFO] 2019-06-25 15:27:36,164: registered with master
[rospy.rosout][INFO] 2019-06-25 15:27:36,164: initializing /rosout core topic
[rospy.rosout][INFO] 2019-06-25 15:27:36,170: connected to core topic /rosout
[rospy.simtime][INFO] 2019-06-25 15:27:36,172: initializing /clock core topic
[rospy.simtime][INFO] 2019-06-25 15:27:36,175: connected to core topic /clock
[rosout][INFO] 2019-06-25 15:27:36,179: Loading model XML from ros parameter
[rosout][INFO] 2019-06-25 15:27:36,183: Waiting for service /gazebo/spawn_urdf_model
[rospy.internal][INFO] 2019-06-25 15:27:36,414: topic[/rosout] adding connection to [/rosout], count 0
[rospy.core][INFO] 2019-06-25 15:27:36,768: signal_shutdown [signal-2]
[rospy.internal][INFO] 2019-06-25 15:27:36,770: topic[/rosout] removing connection to /rosout
[rospy.impl.masterslave][INFO] 2019-06-25 15:27:36,771: signal-2
[rospy.core][INFO] 2019-06-25 15:27:36,903: signal_shutdown [atexit]
[rospy.client][INFO] 2019-06-25 15:27:45,380: init_node, name[/mybot_spawn], pid[25276]
[xmlrpc][INFO] 2019-06-25 15:27:45,381: XML-RPC server binding to 0.0.0.0:0
[xmlrpc][INFO] 2019-06-25 15:27:45,381: Started XML-RPC server [http://dc5b429f784e:46265/]
[rospy.impl.masterslave][INFO] 2019-06-25 15:27:45,382: _ready: http://dc5b429f784e:46265/
[rospy.init][INFO] 2019-06-25 15:27:45,382: ROS Slave URI: [http://dc5b429f784e:46265/]
[xmlrpc][INFO] 2019-06-25 15:27:45,382: xml rpc node: starting XML-RPC server
[rospy.registration][INFO] 2019-06-25 15:27:45,383: Registering with master node http://localhost:11311
[rospy.init][INFO] 2019-06-25 15:27:45,482: registered with master
[rospy.rosout][INFO] 2019-06-25 15:27:45,483: initializing /rosout core topic
[rospy.rosout][INFO] 2019-06-25 15:27:45,487: connected to core topic /rosout
[rospy.simtime][INFO] 2019-06-25 15:27:45,489: initializing /clock core topic
[rospy.simtime][INFO] 2019-06-25 15:27:45,493: connected to core topic /clock
[rosout][INFO] 2019-06-25 15:27:45,496: Loading model XML from ros parameter
[rospy.internal][INFO] 2019-06-25 15:27:45,499: topic[/clock] adding connection to [http://dc5b429f784e:34389/], count 0
[rosout][INFO] 2019-06-25 15:27:45,501: Waiting for service /gazebo/spawn_urdf_model
[rosout][INFO] 2019-06-25 15:27:45,504: Calling service /gazebo/spawn_urdf_model
[rospy.internal][INFO] 2019-06-25 15:27:45,693: topic[/rosout] adding connection to [/rosout], count 0
[rosout][INFO] 2019-06-25 15:27:45,839: Spawn status: SpawnModel: Successfully spawned entity
[rospy.core][INFO] 2019-06-25 15:27:45,839: signal_shutdown [atexit]
[rospy.internal][INFO] 2019-06-25 15:27:45,847: topic[/rosout] removing connection to /rosout
[rospy.internal][INFO] 2019-06-25 15:27:45,848: topic[/clock] removing connection to http://dc5b429f784e:34389/
[rospy.topics][ERROR] 2019-06-25 15:27:45,849: Traceback (most recent call last):
  File "/opt/ros/kinetic/lib/python2.7/dist-packages/rospy/topics.py", line 326, in close
    c.close()
  File "/opt/ros/kinetic/lib/python2.7/dist-packages/rospy/impl/tcpros_base.py", line 838, in close
    self.socket.close()
AttributeError: 'NoneType' object has no attribute 'close'

[rospy.impl.masterslave][INFO] 2019-06-25 15:27:45,849: atexit
[rospy.internal][WARNING] 2019-06-25 15:27:45,849: Unknown error initiating TCP/IP socket to dc5b429f784e:44987 (http://dc5b429f784e:34389/): Traceback (most recent call last):
  File "/opt/ros/kinetic/lib/python2.7/dist-packages/rospy/impl/tcpros_base.py", line 557, in connect
    self.read_header()
  File "/opt/ros/kinetic/lib/python2.7/dist-packages/rospy/impl/tcpros_base.py", line 650, in read_header
    self._validate_header(read_ros_handshake_header(sock, self.read_buff, self.protocol.buff_size))
AttributeError: 'NoneType' object has no attribute 'buff_size'

[rospy.client][INFO] 2019-06-25 15:28:51,534: init_node, name[/mybot_spawn], pid[25795]
[xmlrpc][INFO] 2019-06-25 15:28:51,534: XML-RPC server binding to 0.0.0.0:0
[xmlrpc][INFO] 2019-06-25 15:28:51,534: Started XML-RPC server [http://dc5b429f784e:33973/]
[rospy.impl.masterslave][INFO] 2019-06-25 15:28:51,534: _ready: http://dc5b429f784e:33973/
[xmlrpc][INFO] 2019-06-25 15:28:51,535: xml rpc node: starting XML-RPC server
[rospy.init][INFO] 2019-06-25 15:28:51,535: ROS Slave URI: [http://dc5b429f784e:33973/]
[rospy.registration][INFO] 2019-06-25 15:28:51,536: Registering with master node http://localhost:11311
[rospy.init][INFO] 2019-06-25 15:28:51,637: registered with master
[rospy.rosout][INFO] 2019-06-25 15:28:51,637: initializing /rosout core topic
[rospy.rosout][INFO] 2019-06-25 15:28:51,642: connected to core topic /rosout
[rospy.simtime][INFO] 2019-06-25 15:28:51,644: initializing /clock core topic
[rospy.simtime][INFO] 2019-06-25 15:28:51,648: connected to core topic /clock
[rosout][INFO] 2019-06-25 15:28:51,651: Loading model XML from ros parameter
[rospy.internal][INFO] 2019-06-25 15:28:51,653: topic[/clock] adding connection to [http://dc5b429f784e:43037/], count 0
[rosout][INFO] 2019-06-25 15:28:51,657: Waiting for service /gazebo/spawn_urdf_model
[rosout][INFO] 2019-06-25 15:28:51,659: Calling service /gazebo/spawn_urdf_model
[rospy.internal][INFO] 2019-06-25 15:28:51,896: topic[/rosout] adding connection to [/rosout], count 0
[rosout][INFO] 2019-06-25 15:28:51,987: Spawn status: SpawnModel: Successfully spawned entity
[rospy.core][INFO] 2019-06-25 15:28:51,988: signal_shutdown [atexit]
[rospy.internal][INFO] 2019-06-25 15:28:51,991: topic[/rosout] removing connection to /rosout
[rospy.internal][INFO] 2019-06-25 15:28:51,991: topic[/clock] removing connection to http://dc5b429f784e:43037/
[rospy.impl.masterslave][INFO] 2019-06-25 15:28:51,992: atexit
[rospy.client][INFO] 2019-06-25 15:43:05,163: init_node, name[/mybot_spawn], pid[29854]
[xmlrpc][INFO] 2019-06-25 15:43:05,163: XML-RPC server binding to 0.0.0.0:0
[rospy.init][INFO] 2019-06-25 15:43:05,164: ROS Slave URI: [http://dc5b429f784e:40355/]
[xmlrpc][INFO] 2019-06-25 15:43:05,163: Started XML-RPC server [http://dc5b429f784e:40355/]
[rospy.impl.masterslave][INFO] 2019-06-25 15:43:05,164: _ready: http://dc5b429f784e:40355/
[xmlrpc][INFO] 2019-06-25 15:43:05,165: xml rpc node: starting XML-RPC server
[rospy.registration][INFO] 2019-06-25 15:43:05,165: Registering with master node http://localhost:11311
[rospy.init][INFO] 2019-06-25 15:43:05,264: registered with master
[rospy.rosout][INFO] 2019-06-25 15:43:05,264: initializing /rosout core topic
[rospy.rosout][INFO] 2019-06-25 15:43:05,269: connected to core topic /rosout
[rospy.simtime][INFO] 2019-06-25 15:43:05,271: initializing /clock core topic
[rospy.simtime][INFO] 2019-06-25 15:43:05,274: connected to core topic /clock
[rosout][INFO] 2019-06-25 15:43:05,277: Loading model XML from ros parameter
[rosout][INFO] 2019-06-25 15:43:05,282: Waiting for service /gazebo/spawn_urdf_model
[rospy.internal][INFO] 2019-06-25 15:43:05,283: topic[/clock] adding connection to [http://dc5b429f784e:45383/], count 0
[rosout][INFO] 2019-06-25 15:43:05,285: Calling service /gazebo/spawn_urdf_model
[rospy.internal][INFO] 2019-06-25 15:43:05,502: topic[/rosout] adding connection to [/rosout], count 0
[rosout][INFO] 2019-06-25 15:43:05,681: Spawn status: SpawnModel: Successfully spawned entity
[rospy.core][INFO] 2019-06-25 15:43:05,681: signal_shutdown [atexit]
[rospy.internal][INFO] 2019-06-25 15:43:05,684: topic[/rosout] removing connection to /rosout
[rospy.internal][INFO] 2019-06-25 15:43:05,684: topic[/clock] removing connection to http://dc5b429f784e:45383/
[rospy.impl.masterslave][INFO] 2019-06-25 15:43:05,685: atexit
