[rospy.client][INFO] 2019-07-01 08:19:42,885: init_node, name[/mybot_spawn], pid[1478]
[xmlrpc][INFO] 2019-07-01 08:19:42,886: XML-RPC server binding to 0.0.0.0:0
[xmlrpc][INFO] 2019-07-01 08:19:42,886: Started XML-RPC server [http://dc5b429f784e:36111/]
[rospy.impl.masterslave][INFO] 2019-07-01 08:19:42,886: _ready: http://dc5b429f784e:36111/
[rospy.init][INFO] 2019-07-01 08:19:42,887: ROS Slave URI: [http://dc5b429f784e:36111/]
[xmlrpc][INFO] 2019-07-01 08:19:42,887: xml rpc node: starting XML-RPC server
[rospy.registration][INFO] 2019-07-01 08:19:42,888: Registering with master node http://localhost:11311
[rospy.init][INFO] 2019-07-01 08:19:42,987: registered with master
[rospy.rosout][INFO] 2019-07-01 08:19:42,987: initializing /rosout core topic
[rospy.rosout][INFO] 2019-07-01 08:19:42,989: connected to core topic /rosout
[rospy.simtime][INFO] 2019-07-01 08:19:42,991: initializing /clock core topic
[rospy.simtime][INFO] 2019-07-01 08:19:42,993: connected to core topic /clock
[rosout][INFO] 2019-07-01 08:19:42,997: Loading model XML from ros parameter
[rosout][INFO] 2019-07-01 08:19:43,005: Waiting for service /gazebo/spawn_urdf_model
[rospy.internal][INFO] 2019-07-01 08:19:43,008: topic[/clock] adding connection to [http://dc5b429f784e:33705/], count 0
[rosout][INFO] 2019-07-01 08:19:43,010: Calling service /gazebo/spawn_urdf_model
[rospy.internal][INFO] 2019-07-01 08:19:43,246: topic[/rosout] adding connection to [/rosout], count 0
[rosout][INFO] 2019-07-01 08:19:43,261: Spawn status: SpawnModel: Successfully spawned entity
[rospy.core][INFO] 2019-07-01 08:19:43,262: signal_shutdown [atexit]
[rospy.internal][INFO] 2019-07-01 08:19:43,265: topic[/rosout] removing connection to /rosout
[rospy.internal][INFO] 2019-07-01 08:19:43,265: topic[/clock] removing connection to http://dc5b429f784e:33705/
[rospy.impl.masterslave][INFO] 2019-07-01 08:19:43,266: atexit
