[rospy.client][INFO] 2019-06-14 10:33:45,054: init_node, name[/urdf_spawner], pid[24499]
[xmlrpc][INFO] 2019-06-14 10:33:45,054: XML-RPC server binding to 0.0.0.0:0
[xmlrpc][INFO] 2019-06-14 10:33:45,055: Started XML-RPC server [http://dc5b429f784e:40159/]
[rospy.init][INFO] 2019-06-14 10:33:45,055: ROS Slave URI: [http://dc5b429f784e:40159/]
[rospy.impl.masterslave][INFO] 2019-06-14 10:33:45,055: _ready: http://dc5b429f784e:40159/
[xmlrpc][INFO] 2019-06-14 10:33:45,056: xml rpc node: starting XML-RPC server
[rospy.registration][INFO] 2019-06-14 10:33:45,057: Registering with master node http://localhost:11311
[rospy.init][INFO] 2019-06-14 10:33:45,182: registered with master
[rospy.rosout][INFO] 2019-06-14 10:33:45,183: initializing /rosout core topic
[rospy.rosout][INFO] 2019-06-14 10:33:45,185: connected to core topic /rosout
[rospy.simtime][INFO] 2019-06-14 10:33:45,186: initializing /clock core topic
[rospy.simtime][INFO] 2019-06-14 10:33:45,189: connected to core topic /clock
[rosout][INFO] 2019-06-14 10:33:45,192: Loading model XML from ros parameter
[rosout][INFO] 2019-06-14 10:33:45,194: Waiting for service /gazebo/spawn_urdf_model
[rosout][INFO] 2019-06-14 10:33:45,196: Calling service /gazebo/spawn_urdf_model
[rospy.internal][INFO] 2019-06-14 10:33:45,222: topic[/clock] adding connection to [http://dc5b429f784e:37321/], count 0
[rospy.internal][INFO] 2019-06-14 10:33:45,309: topic[/rosout] adding connection to [/rosout], count 0
[rosout][INFO] 2019-06-14 10:33:45,461: Spawn status: SpawnModel: Successfully spawned entity
[rospy.core][INFO] 2019-06-14 10:33:45,462: signal_shutdown [atexit]
[rospy.internal][INFO] 2019-06-14 10:33:45,464: topic[/rosout] removing connection to /rosout
[rospy.internal][INFO] 2019-06-14 10:33:45,465: topic[/clock] removing connection to http://dc5b429f784e:37321/
[rospy.impl.masterslave][INFO] 2019-06-14 10:33:45,465: atexit
