[rospy.client][INFO] 2019-06-14 10:30:07,662: init_node, name[/joint_state_publisher], pid[21595]
[xmlrpc][INFO] 2019-06-14 10:30:07,662: XML-RPC server binding to 0.0.0.0:0
[xmlrpc][INFO] 2019-06-14 10:30:07,663: Started XML-RPC server [http://dc5b429f784e:35549/]
[rospy.impl.masterslave][INFO] 2019-06-14 10:30:07,663: _ready: http://dc5b429f784e:35549/
[rospy.init][INFO] 2019-06-14 10:30:07,664: ROS Slave URI: [http://dc5b429f784e:35549/]
[xmlrpc][INFO] 2019-06-14 10:30:07,664: xml rpc node: starting XML-RPC server
[rospy.registration][INFO] 2019-06-14 10:30:07,665: Registering with master node http://localhost:11311
[rospy.init][INFO] 2019-06-14 10:30:07,764: registered with master
[rospy.rosout][INFO] 2019-06-14 10:30:07,765: initializing /rosout core topic
[rospy.rosout][INFO] 2019-06-14 10:30:07,767: connected to core topic /rosout
[rospy.simtime][INFO] 2019-06-14 10:30:07,769: initializing /clock core topic
[rospy.simtime][INFO] 2019-06-14 10:30:07,772: connected to core topic /clock
[rospy.internal][INFO] 2019-06-14 10:30:07,788: topic[/clock] adding connection to [http://dc5b429f784e:36897/], count 0
[rospy.internal][INFO] 2019-06-14 10:30:08,034: topic[/rosout] adding connection to [/rosout], count 0
[rospy.internal][INFO] 2019-06-14 10:30:08,035: topic[/joint_states] adding connection to [/robot_state_publisher], count 0
[rospy.core][INFO] 2019-06-14 10:30:56,909: signal_shutdown [signal-2]
[rospy.internal][INFO] 2019-06-14 10:30:56,914: topic[/joint_states] removing connection to /robot_state_publisher
[rospy.internal][INFO] 2019-06-14 10:30:56,915: topic[/rosout] removing connection to /rosout
[rospy.internal][INFO] 2019-06-14 10:30:56,915: topic[/clock] removing connection to http://dc5b429f784e:36897/
[rospy.impl.masterslave][INFO] 2019-06-14 10:30:56,915: signal-2
[rospy.core][INFO] 2019-06-14 10:30:57,066: signal_shutdown [atexit]
