[rospy.client][INFO] 2020-07-02 13:19:10,055: init_node, name[/robot1/urdf_spawner], pid[1626]
[xmlrpc][INFO] 2020-07-02 13:19:10,055: XML-RPC server binding to 0.0.0.0:0
[xmlrpc][INFO] 2020-07-02 13:19:10,055: Started XML-RPC server [http://177b797fd17c:33911/]
[rospy.impl.masterslave][INFO] 2020-07-02 13:19:10,056: _ready: http://177b797fd17c:33911/
[rospy.init][INFO] 2020-07-02 13:19:10,056: ROS Slave URI: [http://177b797fd17c:33911/]
[xmlrpc][INFO] 2020-07-02 13:19:10,057: xml rpc node: starting XML-RPC server
[rospy.registration][INFO] 2020-07-02 13:19:10,057: Registering with master node http://localhost:11311
[rospy.init][INFO] 2020-07-02 13:19:10,157: registered with master
[rospy.rosout][INFO] 2020-07-02 13:19:10,157: initializing /rosout core topic
[rospy.rosout][INFO] 2020-07-02 13:19:10,160: connected to core topic /rosout
[rospy.simtime][INFO] 2020-07-02 13:19:10,161: initializing /clock core topic
[rospy.simtime][INFO] 2020-07-02 13:19:10,164: connected to core topic /clock
[rosout][INFO] 2020-07-02 13:19:10,169: Loading model XML from ros parameter
[rospy.internal][INFO] 2020-07-02 13:19:10,174: topic[/clock] adding connection to [http://177b797fd17c:41233/], count 0
[rosout][INFO] 2020-07-02 13:19:10,174: Waiting for service /gazebo/spawn_urdf_model
[rosout][INFO] 2020-07-02 13:19:10,177: Calling service /gazebo/spawn_urdf_model
[rospy.internal][INFO] 2020-07-02 13:19:10,267: topic[/rosout] adding connection to [/rosout], count 0
[rosout][INFO] 2020-07-02 13:19:10,347: Spawn status: SpawnModel: Successfully spawned entity
[rospy.core][INFO] 2020-07-02 13:19:10,347: signal_shutdown [atexit]
[rospy.internal][INFO] 2020-07-02 13:19:10,354: topic[/rosout] removing connection to /rosout
[rospy.internal][INFO] 2020-07-02 13:19:10,354: topic[/clock] removing connection to http://177b797fd17c:41233/
[rospy.impl.masterslave][INFO] 2020-07-02 13:19:10,355: atexit
[rospy.client][INFO] 2020-07-02 13:22:07,416: init_node, name[/robot1/urdf_spawner], pid[4233]
[xmlrpc][INFO] 2020-07-02 13:22:07,416: XML-RPC server binding to 0.0.0.0:0
[xmlrpc][INFO] 2020-07-02 13:22:07,418: Started XML-RPC server [http://177b797fd17c:41215/]
[rospy.init][INFO] 2020-07-02 13:22:07,418: ROS Slave URI: [http://177b797fd17c:41215/]
[rospy.impl.masterslave][INFO] 2020-07-02 13:22:07,418: _ready: http://177b797fd17c:41215/
[xmlrpc][INFO] 2020-07-02 13:22:07,420: xml rpc node: starting XML-RPC server
[rospy.registration][INFO] 2020-07-02 13:22:07,420: Registering with master node http://localhost:11311
[rospy.init][INFO] 2020-07-02 13:22:07,519: registered with master
[rospy.rosout][INFO] 2020-07-02 13:22:07,519: initializing /rosout core topic
[rospy.rosout][INFO] 2020-07-02 13:22:07,521: connected to core topic /rosout
[rospy.simtime][INFO] 2020-07-02 13:22:07,522: initializing /clock core topic
[rospy.simtime][INFO] 2020-07-02 13:22:07,526: connected to core topic /clock
[rosout][INFO] 2020-07-02 13:22:07,529: Loading model XML from ros parameter
[rosout][INFO] 2020-07-02 13:22:07,534: Waiting for service /gazebo/spawn_urdf_model
[rospy.internal][INFO] 2020-07-02 13:22:07,536: topic[/clock] adding connection to [http://177b797fd17c:43511/], count 0
[rosout][INFO] 2020-07-02 13:22:07,537: Calling service /gazebo/spawn_urdf_model
[rospy.internal][INFO] 2020-07-02 13:22:07,749: topic[/rosout] adding connection to [/rosout], count 0
[rosout][INFO] 2020-07-02 13:22:07,761: Spawn status: SpawnModel: Successfully spawned entity
[rospy.core][INFO] 2020-07-02 13:22:07,761: signal_shutdown [atexit]
[rospy.internal][INFO] 2020-07-02 13:22:07,764: topic[/rosout] removing connection to /rosout
[rospy.internal][INFO] 2020-07-02 13:22:07,764: topic[/clock] removing connection to http://177b797fd17c:43511/
[rospy.impl.masterslave][INFO] 2020-07-02 13:22:07,764: atexit
[rospy.client][INFO] 2020-07-02 13:23:42,746: init_node, name[/robot1/urdf_spawner], pid[6602]
[xmlrpc][INFO] 2020-07-02 13:23:42,747: XML-RPC server binding to 0.0.0.0:0
[xmlrpc][INFO] 2020-07-02 13:23:42,747: Started XML-RPC server [http://177b797fd17c:42179/]
[rospy.impl.masterslave][INFO] 2020-07-02 13:23:42,747: _ready: http://177b797fd17c:42179/
[rospy.init][INFO] 2020-07-02 13:23:42,748: ROS Slave URI: [http://177b797fd17c:42179/]
[xmlrpc][INFO] 2020-07-02 13:23:42,748: xml rpc node: starting XML-RPC server
[rospy.registration][INFO] 2020-07-02 13:23:42,749: Registering with master node http://localhost:11311
[rospy.init][INFO] 2020-07-02 13:23:42,848: registered with master
[rospy.rosout][INFO] 2020-07-02 13:23:42,848: initializing /rosout core topic
[rospy.rosout][INFO] 2020-07-02 13:23:42,851: connected to core topic /rosout
[rospy.simtime][INFO] 2020-07-02 13:23:42,852: initializing /clock core topic
[rospy.simtime][INFO] 2020-07-02 13:23:42,855: connected to core topic /clock
[rosout][INFO] 2020-07-02 13:23:42,859: Loading model XML from ros parameter
[rosout][INFO] 2020-07-02 13:23:42,862: Waiting for service /gazebo/spawn_urdf_model
[rospy.internal][INFO] 2020-07-02 13:23:42,865: topic[/clock] adding connection to [http://177b797fd17c:35865/], count 0
[rosout][INFO] 2020-07-02 13:23:42,866: Calling service /gazebo/spawn_urdf_model
[rospy.internal][INFO] 2020-07-02 13:23:43,069: topic[/rosout] adding connection to [/rosout], count 0
[rosout][INFO] 2020-07-02 13:23:43,076: Spawn status: SpawnModel: Successfully spawned entity
[rospy.core][INFO] 2020-07-02 13:23:43,077: signal_shutdown [atexit]
[rospy.internal][INFO] 2020-07-02 13:23:43,080: topic[/rosout] removing connection to /rosout
[rospy.internal][WARNING] 2020-07-02 13:23:43,081: Unknown error initiating TCP/IP socket to 177b797fd17c:57319 (http://177b797fd17c:35865/): Traceback (most recent call last):
  File "/opt/ros/kinetic/lib/python2.7/dist-packages/rospy/impl/tcpros_base.py", line 557, in connect
    self.read_header()
  File "/opt/ros/kinetic/lib/python2.7/dist-packages/rospy/impl/tcpros_base.py", line 650, in read_header
    self._validate_header(read_ros_handshake_header(sock, self.read_buff, self.protocol.buff_size))
AttributeError: 'NoneType' object has no attribute 'buff_size'

[rospy.internal][INFO] 2020-07-02 13:23:43,081: topic[/clock] removing connection to http://177b797fd17c:35865/
[rospy.internal][INFO] 2020-07-02 13:23:43,081: topic[/clock] removing connection to http://177b797fd17c:35865/
[rospy.impl.masterslave][INFO] 2020-07-02 13:23:43,082: atexit
[rospy.client][INFO] 2020-07-02 13:26:24,045: init_node, name[/robot1/urdf_spawner], pid[9619]
[xmlrpc][INFO] 2020-07-02 13:26:24,045: XML-RPC server binding to 0.0.0.0:0
[xmlrpc][INFO] 2020-07-02 13:26:24,045: Started XML-RPC server [http://177b797fd17c:40865/]
[rospy.init][INFO] 2020-07-02 13:26:24,046: ROS Slave URI: [http://177b797fd17c:40865/]
[rospy.impl.masterslave][INFO] 2020-07-02 13:26:24,046: _ready: http://177b797fd17c:40865/
[xmlrpc][INFO] 2020-07-02 13:26:24,047: xml rpc node: starting XML-RPC server
[rospy.registration][INFO] 2020-07-02 13:26:24,047: Registering with master node http://localhost:11311
[rospy.init][INFO] 2020-07-02 13:26:24,146: registered with master
[rospy.rosout][INFO] 2020-07-02 13:26:24,146: initializing /rosout core topic
[rospy.rosout][INFO] 2020-07-02 13:26:24,149: connected to core topic /rosout
[rospy.simtime][INFO] 2020-07-02 13:26:24,150: initializing /clock core topic
[rospy.simtime][INFO] 2020-07-02 13:26:24,154: connected to core topic /clock
[rosout][INFO] 2020-07-02 13:26:24,157: Loading model XML from ros parameter
[rosout][INFO] 2020-07-02 13:26:24,161: Waiting for service /gazebo/spawn_urdf_model
[rosout][INFO] 2020-07-02 13:26:24,163: Calling service /gazebo/spawn_urdf_model
[rospy.internal][INFO] 2020-07-02 13:26:24,165: topic[/clock] adding connection to [http://177b797fd17c:38179/], count 0
[rosout][INFO] 2020-07-02 13:26:24,335: Spawn status: SpawnModel: Successfully spawned entity
[rospy.core][INFO] 2020-07-02 13:26:24,335: signal_shutdown [atexit]
[rospy.internal][INFO] 2020-07-02 13:26:24,340: topic[/clock] removing connection to http://177b797fd17c:38179/
[rospy.impl.masterslave][INFO] 2020-07-02 13:26:24,340: atexit
