[rosmaster.main][INFO] 2019-06-14 10:34:38,235: initialization complete, waiting for shutdown
[rosmaster.main][INFO] 2019-06-14 10:34:38,235: Starting ROS Master Node
[xmlrpc][INFO] 2019-06-14 10:34:38,236: XML-RPC server binding to 0.0.0.0:11311
[xmlrpc][INFO] 2019-06-14 10:34:38,236: Started XML-RPC server [http://dc5b429f784e:11311/]
[xmlrpc][INFO] 2019-06-14 10:34:38,237: xml rpc node: starting XML-RPC server
[rosmaster.master][INFO] 2019-06-14 10:34:38,237: Master initialized: port[11311], uri[http://dc5b429f784e:11311/]
[rosmaster.master][INFO] 2019-06-14 10:34:38,266: +PARAM [/run_id] by /roslaunch
[rosmaster.master][INFO] 2019-06-14 10:34:38,268: +PARAM [/roslaunch/uris/host_dc5b429f784e__43265] by /roslaunch
[rosmaster.master][INFO] 2019-06-14 10:34:38,624: +PARAM [/rosversion] by /roslaunch
[rosmaster.master][INFO] 2019-06-14 10:34:38,625: +PARAM [/rosdistro] by /roslaunch
[rosmaster.master][INFO] 2019-06-14 10:34:38,638: +SERVICE [/rosout/get_loggers] /rosout http://dc5b429f784e:35729/
[rosmaster.master][INFO] 2019-06-14 10:34:38,639: +SERVICE [/rosout/set_logger_level] /rosout http://dc5b429f784e:35729/
[rosmaster.master][INFO] 2019-06-14 10:34:38,641: +PUB [/rosout_agg] /rosout http://dc5b429f784e:35729/
[rosmaster.master][INFO] 2019-06-14 10:34:38,646: +SUB [/rosout] /rosout http://dc5b429f784e:35729/
[rosmaster.master][INFO] 2019-06-14 10:34:41,232: +PARAM [/roslaunch/uris/host_dc5b429f784e__40769] by /roslaunch
[rosmaster.master][INFO] 2019-06-14 10:34:41,236: +PARAM [/rosversion] by /roslaunch
[rosmaster.master][INFO] 2019-06-14 10:34:41,236: +PARAM [/use_gui] by /roslaunch
[rosmaster.master][INFO] 2019-06-14 10:34:41,236: +PARAM [/rosdistro] by /roslaunch
[rosmaster.master][INFO] 2019-06-14 10:34:41,236: +PARAM [/robot_description] by /roslaunch
[rosmaster.master][INFO] 2019-06-14 10:34:41,881: +PUB [/rosout] /robot_state_publisher http://dc5b429f784e:43927/
[rosmaster.master][INFO] 2019-06-14 10:34:41,882: +SERVICE [/robot_state_publisher/get_loggers] /robot_state_publisher http://dc5b429f784e:43927/
[rosmaster.master][INFO] 2019-06-14 10:34:41,883: +SERVICE [/robot_state_publisher/set_logger_level] /robot_state_publisher http://dc5b429f784e:43927/
[rosmaster.master][INFO] 2019-06-14 10:34:41,889: +PUB [/tf] /robot_state_publisher http://dc5b429f784e:43927/
[rosmaster.master][INFO] 2019-06-14 10:34:41,891: +PUB [/tf_static] /robot_state_publisher http://dc5b429f784e:43927/
[rosmaster.master][INFO] 2019-06-14 10:34:41,901: +SUB [/joint_states] /robot_state_publisher http://dc5b429f784e:43927/
[rosmaster.master][INFO] 2019-06-14 10:34:41,945: publisherUpdate[/rosout] -> http://dc5b429f784e:35729/ ['http://dc5b429f784e:43927/']
[rosmaster.master][INFO] 2019-06-14 10:34:41,947: publisherUpdate[/rosout] -> http://dc5b429f784e:35729/ ['http://dc5b429f784e:43927/']: sec=0.00, result=[1, '', 0]
[rosmaster.master][INFO] 2019-06-14 10:34:42,091: +PUB [/rosout] /joint_state_publisher http://dc5b429f784e:33259/
[rosmaster.master][INFO] 2019-06-14 10:34:42,094: +SERVICE [/joint_state_publisher/get_loggers] /joint_state_publisher http://dc5b429f784e:33259/
[rosmaster.master][INFO] 2019-06-14 10:34:42,096: +SERVICE [/joint_state_publisher/set_logger_level] /joint_state_publisher http://dc5b429f784e:33259/
[rosmaster.master][INFO] 2019-06-14 10:34:42,146: publisherUpdate[/rosout] -> http://dc5b429f784e:35729/ ['http://dc5b429f784e:43927/', 'http://dc5b429f784e:33259/']
[rosmaster.master][INFO] 2019-06-14 10:34:42,147: publisherUpdate[/rosout] -> http://dc5b429f784e:35729/ ['http://dc5b429f784e:43927/', 'http://dc5b429f784e:33259/']: sec=0.00, result=[1, '', 0]
[rosmaster.master][INFO] 2019-06-14 10:34:42,200: +PUB [/joint_states] /joint_state_publisher http://dc5b429f784e:33259/
[rosmaster.master][INFO] 2019-06-14 10:34:42,217: +PUB [/rosout] /rviz http://dc5b429f784e:34037/
[rosmaster.master][INFO] 2019-06-14 10:34:42,219: +SERVICE [/rviz/get_loggers] /rviz http://dc5b429f784e:34037/
[rosmaster.master][INFO] 2019-06-14 10:34:42,220: +SERVICE [/rviz/set_logger_level] /rviz http://dc5b429f784e:34037/
[rosmaster.master][INFO] 2019-06-14 10:34:42,247: publisherUpdate[/joint_states] -> http://dc5b429f784e:43927/ ['http://dc5b429f784e:33259/']
[rosmaster.master][INFO] 2019-06-14 10:34:42,248: publisherUpdate[/rosout] -> http://dc5b429f784e:35729/ ['http://dc5b429f784e:43927/', 'http://dc5b429f784e:33259/', 'http://dc5b429f784e:34037/']
[rosmaster.master][INFO] 2019-06-14 10:34:42,249: publisherUpdate[/rosout] -> http://dc5b429f784e:35729/ ['http://dc5b429f784e:43927/', 'http://dc5b429f784e:33259/', 'http://dc5b429f784e:34037/']: sec=0.00, result=[1, '', 0]
[rosmaster.master][INFO] 2019-06-14 10:34:42,249: publisherUpdate[/joint_states] -> http://dc5b429f784e:43927/ ['http://dc5b429f784e:33259/']: sec=0.00, result=[1, '', 0]
[rosmaster.master][INFO] 2019-06-14 10:34:42,383: +SUB [/tf] /rviz http://dc5b429f784e:34037/
[rosmaster.master][INFO] 2019-06-14 10:34:42,388: +SUB [/tf_static] /rviz http://dc5b429f784e:34037/
[rosmaster.master][INFO] 2019-06-14 10:34:42,417: +PUB [/initialpose] /rviz http://dc5b429f784e:34037/
[rosmaster.master][INFO] 2019-06-14 10:34:42,418: +PUB [/goal] /rviz http://dc5b429f784e:34037/
[rosmaster.master][INFO] 2019-06-14 10:34:42,421: -PUB [/goal] /rviz http://dc5b429f784e:34037/
[rosmaster.master][INFO] 2019-06-14 10:34:42,422: -PUB [/initialpose] /rviz http://dc5b429f784e:34037/
[rosmaster.master][INFO] 2019-06-14 10:34:42,426: +PUB [/initialpose] /rviz http://dc5b429f784e:34037/
[rosmaster.master][INFO] 2019-06-14 10:34:42,427: +PUB [/goal] /rviz http://dc5b429f784e:34037/
[rosmaster.master][INFO] 2019-06-14 10:34:42,428: +PUB [/move_base_simple/goal] /rviz http://dc5b429f784e:34037/
[rosmaster.master][INFO] 2019-06-14 10:34:42,429: -PUB [/goal] /rviz http://dc5b429f784e:34037/
[rosmaster.master][INFO] 2019-06-14 10:34:42,430: +PUB [/clicked_point] /rviz http://dc5b429f784e:34037/
[rosmaster.master][INFO] 2019-06-14 10:34:42,458: +SERVICE [/rviz/reload_shaders] /rviz http://dc5b429f784e:34037/
[rosmaster.master][INFO] 2019-06-14 10:34:52,212: -PUB [/clicked_point] /rviz http://dc5b429f784e:34037/
[rosmaster.master][INFO] 2019-06-14 10:34:52,213: -PUB [/move_base_simple/goal] /rviz http://dc5b429f784e:34037/
[rosmaster.master][INFO] 2019-06-14 10:34:52,214: -PUB [/initialpose] /rviz http://dc5b429f784e:34037/
[rosmaster.master][INFO] 2019-06-14 10:34:52,217: -SUB [/tf_static] /rviz http://dc5b429f784e:34037/
[rosmaster.master][INFO] 2019-06-14 10:34:52,218: -SUB [/tf] /rviz http://dc5b429f784e:34037/
[rosmaster.master][INFO] 2019-06-14 10:34:52,221: -SERVICE [/rviz/reload_shaders] /rviz rosrpc://dc5b429f784e:34051
[rosmaster.master][INFO] 2019-06-14 10:34:52,403: -PUB [/rosout] /rviz http://dc5b429f784e:34037/
[rosmaster.master][INFO] 2019-06-14 10:34:52,405: -SERVICE [/rviz/get_loggers] /rviz rosrpc://dc5b429f784e:34051
[rosmaster.master][INFO] 2019-06-14 10:34:52,407: publisherUpdate[/rosout] -> http://dc5b429f784e:35729/ ['http://dc5b429f784e:43927/', 'http://dc5b429f784e:33259/']
[rosmaster.master][INFO] 2019-06-14 10:34:52,407: -SERVICE [/rviz/set_logger_level] /rviz rosrpc://dc5b429f784e:34051
[rosmaster.master][INFO] 2019-06-14 10:34:52,409: publisherUpdate[/rosout] -> http://dc5b429f784e:35729/ ['http://dc5b429f784e:43927/', 'http://dc5b429f784e:33259/']: sec=0.00, result=[1, '', 0]
[rosmaster.master][INFO] 2019-06-14 10:34:53,591: -PUB [/rosout] /robot_state_publisher http://dc5b429f784e:43927/
[rosmaster.master][INFO] 2019-06-14 10:34:53,592: -PUB [/tf] /robot_state_publisher http://dc5b429f784e:43927/
[rosmaster.master][INFO] 2019-06-14 10:34:53,593: -PUB [/tf_static] /robot_state_publisher http://dc5b429f784e:43927/
[rosmaster.master][INFO] 2019-06-14 10:34:53,594: -SUB [/joint_states] /robot_state_publisher http://dc5b429f784e:43927/
[rosmaster.master][INFO] 2019-06-14 10:34:53,595: -SERVICE [/robot_state_publisher/get_loggers] /robot_state_publisher rosrpc://dc5b429f784e:47213
[rosmaster.master][INFO] 2019-06-14 10:34:53,596: -SERVICE [/robot_state_publisher/set_logger_level] /robot_state_publisher rosrpc://dc5b429f784e:47213
[rosmaster.master][INFO] 2019-06-14 10:34:53,613: publisherUpdate[/rosout] -> http://dc5b429f784e:35729/ ['http://dc5b429f784e:33259/']
[rosmaster.master][INFO] 2019-06-14 10:34:53,614: publisherUpdate[/rosout] -> http://dc5b429f784e:35729/ ['http://dc5b429f784e:33259/']: sec=0.00, result=[1, '', 0]
[rosmaster.master][INFO] 2019-06-14 10:34:56,601: +PARAM [/roslaunch/uris/host_dc5b429f784e__41781] by /roslaunch
[rosmaster.master][INFO] 2019-06-14 10:34:56,604: +PARAM [/rosversion] by /roslaunch
[rosmaster.master][INFO] 2019-06-14 10:34:56,604: +PARAM [/use_sim_time] by /roslaunch
[rosmaster.master][INFO] 2019-06-14 10:34:56,604: +PARAM [/rosdistro] by /roslaunch
[rosmaster.master][INFO] 2019-06-14 10:34:56,604: +PARAM [/robot_description] by /roslaunch
[rosmaster.master][INFO] 2019-06-14 10:34:57,467: +PUB [/rosout] /gazebo http://dc5b429f784e:36055/
[rosmaster.master][INFO] 2019-06-14 10:34:57,468: +SERVICE [/gazebo/get_loggers] /gazebo http://dc5b429f784e:36055/
[rosmaster.master][INFO] 2019-06-14 10:34:57,469: +SERVICE [/gazebo/set_logger_level] /gazebo http://dc5b429f784e:36055/
[rosmaster.master][INFO] 2019-06-14 10:34:57,476: +SUB [/clock] /gazebo http://dc5b429f784e:36055/
[rosmaster.master][INFO] 2019-06-14 10:34:57,487: publisherUpdate[/rosout] -> http://dc5b429f784e:35729/ ['http://dc5b429f784e:33259/', 'http://dc5b429f784e:36055/']
[rosmaster.master][INFO] 2019-06-14 10:34:57,488: publisherUpdate[/rosout] -> http://dc5b429f784e:35729/ ['http://dc5b429f784e:33259/', 'http://dc5b429f784e:36055/']: sec=0.00, result=[1, '', 0]
[rosmaster.master][INFO] 2019-06-14 10:34:57,791: +PUB [/clock] /gazebo http://dc5b429f784e:36055/
[rosmaster.master][INFO] 2019-06-14 10:34:57,793: +SERVICE [/gazebo/spawn_sdf_model] /gazebo http://dc5b429f784e:36055/
[rosmaster.master][INFO] 2019-06-14 10:34:57,794: +SERVICE [/gazebo/spawn_urdf_model] /gazebo http://dc5b429f784e:36055/
[rosmaster.master][INFO] 2019-06-14 10:34:57,795: +SERVICE [/gazebo/delete_model] /gazebo http://dc5b429f784e:36055/
[rosmaster.master][INFO] 2019-06-14 10:34:57,796: +SERVICE [/gazebo/delete_light] /gazebo http://dc5b429f784e:36055/
[rosmaster.master][INFO] 2019-06-14 10:34:57,797: +SERVICE [/gazebo/get_model_properties] /gazebo http://dc5b429f784e:36055/
[rosmaster.master][INFO] 2019-06-14 10:34:57,798: +SERVICE [/gazebo/get_model_state] /gazebo http://dc5b429f784e:36055/
[rosmaster.master][INFO] 2019-06-14 10:34:57,800: +SERVICE [/gazebo/get_world_properties] /gazebo http://dc5b429f784e:36055/
[rosmaster.master][INFO] 2019-06-14 10:34:57,801: +SERVICE [/gazebo/get_joint_properties] /gazebo http://dc5b429f784e:36055/
[rosmaster.master][INFO] 2019-06-14 10:34:57,802: +SERVICE [/gazebo/get_link_properties] /gazebo http://dc5b429f784e:36055/
[rosmaster.master][INFO] 2019-06-14 10:34:57,802: +SERVICE [/gazebo/get_link_state] /gazebo http://dc5b429f784e:36055/
[rosmaster.master][INFO] 2019-06-14 10:34:57,803: +SERVICE [/gazebo/get_light_properties] /gazebo http://dc5b429f784e:36055/
[rosmaster.master][INFO] 2019-06-14 10:34:57,804: +SERVICE [/gazebo/set_light_properties] /gazebo http://dc5b429f784e:36055/
[rosmaster.master][INFO] 2019-06-14 10:34:57,805: +SERVICE [/gazebo/get_physics_properties] /gazebo http://dc5b429f784e:36055/
[rosmaster.master][INFO] 2019-06-14 10:34:57,806: +PUB [/gazebo/link_states] /gazebo http://dc5b429f784e:36055/
[rosmaster.master][INFO] 2019-06-14 10:34:57,807: +PUB [/gazebo/model_states] /gazebo http://dc5b429f784e:36055/
[rosmaster.master][INFO] 2019-06-14 10:34:57,808: +SERVICE [/gazebo/set_link_properties] /gazebo http://dc5b429f784e:36055/
[rosmaster.master][INFO] 2019-06-14 10:34:57,809: +SERVICE [/gazebo/set_physics_properties] /gazebo http://dc5b429f784e:36055/
[rosmaster.master][INFO] 2019-06-14 10:34:57,810: +SERVICE [/gazebo/set_model_state] /gazebo http://dc5b429f784e:36055/
[rosmaster.master][INFO] 2019-06-14 10:34:57,811: +SERVICE [/gazebo/set_model_configuration] /gazebo http://dc5b429f784e:36055/
[rosmaster.master][INFO] 2019-06-14 10:34:57,812: +SERVICE [/gazebo/set_joint_properties] /gazebo http://dc5b429f784e:36055/
[rosmaster.master][INFO] 2019-06-14 10:34:57,813: +SERVICE [/gazebo/set_link_state] /gazebo http://dc5b429f784e:36055/
[rosmaster.master][INFO] 2019-06-14 10:34:57,818: +SUB [/gazebo/set_link_state] /gazebo http://dc5b429f784e:36055/
[rosmaster.master][INFO] 2019-06-14 10:34:57,824: +SUB [/gazebo/set_model_state] /gazebo http://dc5b429f784e:36055/
[rosmaster.master][INFO] 2019-06-14 10:34:57,824: publisherUpdate[/clock] -> http://dc5b429f784e:36055/ ['http://dc5b429f784e:36055/']
[rosmaster.master][INFO] 2019-06-14 10:34:57,826: +SERVICE [/gazebo/pause_physics] /gazebo http://dc5b429f784e:36055/
[rosmaster.master][INFO] 2019-06-14 10:34:57,827: publisherUpdate[/clock] -> http://dc5b429f784e:36055/ ['http://dc5b429f784e:36055/']: sec=0.00, result=[1, '', 0]
[rosmaster.master][INFO] 2019-06-14 10:34:57,828: +SERVICE [/gazebo/unpause_physics] /gazebo http://dc5b429f784e:36055/
[rosmaster.master][INFO] 2019-06-14 10:34:57,829: +SERVICE [/gazebo/apply_body_wrench] /gazebo http://dc5b429f784e:36055/
[rosmaster.master][INFO] 2019-06-14 10:34:57,830: +SERVICE [/gazebo/apply_joint_effort] /gazebo http://dc5b429f784e:36055/
[rosmaster.master][INFO] 2019-06-14 10:34:57,832: +SERVICE [/gazebo/clear_joint_forces] /gazebo http://dc5b429f784e:36055/
[rosmaster.master][INFO] 2019-06-14 10:34:57,833: +SERVICE [/gazebo/clear_body_wrenches] /gazebo http://dc5b429f784e:36055/
[rosmaster.master][INFO] 2019-06-14 10:34:57,834: +SERVICE [/gazebo/reset_simulation] /gazebo http://dc5b429f784e:36055/
[rosmaster.master][INFO] 2019-06-14 10:34:57,835: +SERVICE [/gazebo/reset_world] /gazebo http://dc5b429f784e:36055/
[rosmaster.master][INFO] 2019-06-14 10:34:57,839: +PUB [/rosout] /robot_state_publisher http://dc5b429f784e:46461/
[rosmaster.master][INFO] 2019-06-14 10:34:57,840: +SERVICE [/robot_state_publisher/get_loggers] /robot_state_publisher http://dc5b429f784e:46461/
[rosmaster.master][INFO] 2019-06-14 10:34:57,841: +SERVICE [/robot_state_publisher/set_logger_level] /robot_state_publisher http://dc5b429f784e:46461/
[rosmaster.master][INFO] 2019-06-14 10:34:57,848: +SUB [/clock] /robot_state_publisher http://dc5b429f784e:46461/
[rosmaster.master][INFO] 2019-06-14 10:34:57,853: +PUB [/tf] /robot_state_publisher http://dc5b429f784e:46461/
[rosmaster.master][INFO] 2019-06-14 10:34:57,854: +PUB [/tf_static] /robot_state_publisher http://dc5b429f784e:46461/
[rosmaster.master][INFO] 2019-06-14 10:34:57,864: +SUB [/joint_states] /robot_state_publisher http://dc5b429f784e:46461/
[rosmaster.master][INFO] 2019-06-14 10:34:57,889: publisherUpdate[/rosout] -> http://dc5b429f784e:35729/ ['http://dc5b429f784e:33259/', 'http://dc5b429f784e:36055/', 'http://dc5b429f784e:46461/']
[rosmaster.master][INFO] 2019-06-14 10:34:57,890: publisherUpdate[/rosout] -> http://dc5b429f784e:35729/ ['http://dc5b429f784e:33259/', 'http://dc5b429f784e:36055/', 'http://dc5b429f784e:46461/']: sec=0.00, result=[1, '', 0]
[rosmaster.master][INFO] 2019-06-14 10:34:58,005: +PUB [/rosout] /joint_state_publisher http://dc5b429f784e:45093/
[rosmaster.master][INFO] 2019-06-14 10:34:58,009: +SUB [/clock] /joint_state_publisher http://dc5b429f784e:45093/
[rosmaster.master][INFO] 2019-06-14 10:34:58,012: +SERVICE [/joint_state_publisher/get_loggers] /joint_state_publisher http://dc5b429f784e:45093/
[rosmaster.master][INFO] 2019-06-14 10:34:58,013: +SERVICE [/joint_state_publisher/set_logger_level] /joint_state_publisher http://dc5b429f784e:45093/
[rosmaster.master][INFO] 2019-06-14 10:34:58,028: publisherUpdate[/rosout] -> http://dc5b429f784e:35729/ ['http://dc5b429f784e:36055/', 'http://dc5b429f784e:46461/', 'http://dc5b429f784e:45093/']
[rosmaster.master][INFO] 2019-06-14 10:34:58,030: publisherUpdate[/rosout] -> http://dc5b429f784e:35729/ ['http://dc5b429f784e:36055/', 'http://dc5b429f784e:46461/', 'http://dc5b429f784e:45093/']: sec=0.00, result=[1, '', 0]
[rosmaster.master][INFO] 2019-06-14 10:34:58,142: +PUB [/joint_states] /joint_state_publisher http://dc5b429f784e:45093/
[rosmaster.master][INFO] 2019-06-14 10:34:58,190: publisherUpdate[/joint_states] -> http://dc5b429f784e:46461/ ['http://dc5b429f784e:45093/']
[rosmaster.master][INFO] 2019-06-14 10:34:58,191: publisherUpdate[/joint_states] -> http://dc5b429f784e:46461/ ['http://dc5b429f784e:45093/']: sec=0.00, result=[1, '', 0]
[rosmaster.master][INFO] 2019-06-14 10:34:58,533: +PUB [/rosout] /rviz http://dc5b429f784e:45963/
[rosmaster.master][INFO] 2019-06-14 10:34:58,535: +SERVICE [/rviz/get_loggers] /rviz http://dc5b429f784e:45963/
[rosmaster.master][INFO] 2019-06-14 10:34:58,536: +SERVICE [/rviz/set_logger_level] /rviz http://dc5b429f784e:45963/
[rosmaster.master][INFO] 2019-06-14 10:34:58,544: +SUB [/clock] /rviz http://dc5b429f784e:45963/
[rosmaster.master][INFO] 2019-06-14 10:34:58,591: publisherUpdate[/rosout] -> http://dc5b429f784e:35729/ ['http://dc5b429f784e:36055/', 'http://dc5b429f784e:46461/', 'http://dc5b429f784e:45093/', 'http://dc5b429f784e:45963/']
[rosmaster.master][INFO] 2019-06-14 10:34:58,592: publisherUpdate[/rosout] -> http://dc5b429f784e:35729/ ['http://dc5b429f784e:36055/', 'http://dc5b429f784e:46461/', 'http://dc5b429f784e:45093/', 'http://dc5b429f784e:45963/']: sec=0.00, result=[1, '', 0]
[rosmaster.master][INFO] 2019-06-14 10:34:58,745: +SUB [/tf] /rviz http://dc5b429f784e:45963/
[rosmaster.master][INFO] 2019-06-14 10:34:58,751: +SUB [/tf_static] /rviz http://dc5b429f784e:45963/
[rosmaster.master][INFO] 2019-06-14 10:34:58,788: +PUB [/initialpose] /rviz http://dc5b429f784e:45963/
[rosmaster.master][INFO] 2019-06-14 10:34:58,789: +PUB [/goal] /rviz http://dc5b429f784e:45963/
[rosmaster.master][INFO] 2019-06-14 10:34:58,793: -PUB [/goal] /rviz http://dc5b429f784e:45963/
[rosmaster.master][INFO] 2019-06-14 10:34:58,794: -PUB [/initialpose] /rviz http://dc5b429f784e:45963/
[rosmaster.master][INFO] 2019-06-14 10:34:58,798: +PUB [/initialpose] /rviz http://dc5b429f784e:45963/
[rosmaster.master][INFO] 2019-06-14 10:34:58,799: +PUB [/goal] /rviz http://dc5b429f784e:45963/
[rosmaster.master][INFO] 2019-06-14 10:34:58,800: +PUB [/move_base_simple/goal] /rviz http://dc5b429f784e:45963/
[rosmaster.master][INFO] 2019-06-14 10:34:58,801: -PUB [/goal] /rviz http://dc5b429f784e:45963/
[rosmaster.master][INFO] 2019-06-14 10:34:58,802: +PUB [/clicked_point] /rviz http://dc5b429f784e:45963/
[rosmaster.master][INFO] 2019-06-14 10:34:58,833: +SERVICE [/rviz/reload_shaders] /rviz http://dc5b429f784e:45963/
[rosmaster.master][INFO] 2019-06-14 10:34:59,081: +PUB [/rosout] /urdf_spawner http://dc5b429f784e:37335/
[rosmaster.master][INFO] 2019-06-14 10:34:59,085: +SUB [/clock] /urdf_spawner http://dc5b429f784e:37335/
[rosmaster.master][INFO] 2019-06-14 10:34:59,088: +SERVICE [/urdf_spawner/get_loggers] /urdf_spawner http://dc5b429f784e:37335/
[rosmaster.master][INFO] 2019-06-14 10:34:59,090: +SERVICE [/urdf_spawner/set_logger_level] /urdf_spawner http://dc5b429f784e:37335/
[rosmaster.master][INFO] 2019-06-14 10:34:59,093: publisherUpdate[/rosout] -> http://dc5b429f784e:35729/ ['http://dc5b429f784e:36055/', 'http://dc5b429f784e:46461/', 'http://dc5b429f784e:45093/', 'http://dc5b429f784e:45963/', 'http://dc5b429f784e:37335/']
[rosmaster.master][INFO] 2019-06-14 10:34:59,094: publisherUpdate[/rosout] -> http://dc5b429f784e:35729/ ['http://dc5b429f784e:36055/', 'http://dc5b429f784e:46461/', 'http://dc5b429f784e:45093/', 'http://dc5b429f784e:45963/', 'http://dc5b429f784e:37335/']: sec=0.00, result=[1, '', 0]
[rosmaster.master][INFO] 2019-06-14 10:34:59,239: -SUB [/clock] /urdf_spawner http://dc5b429f784e:37335/
[rosmaster.master][INFO] 2019-06-14 10:34:59,239: -PUB [/rosout] /urdf_spawner http://dc5b429f784e:37335/
[rosmaster.master][INFO] 2019-06-14 10:34:59,239: -SERVICE [/urdf_spawner/set_logger_level] /urdf_spawner rosrpc://dc5b429f784e:33757
[rosmaster.master][INFO] 2019-06-14 10:34:59,239: -SERVICE [/urdf_spawner/get_loggers] /urdf_spawner rosrpc://dc5b429f784e:33757
[rosmaster.master][INFO] 2019-06-14 10:34:59,293: publisherUpdate[/rosout] -> http://dc5b429f784e:35729/ ['http://dc5b429f784e:36055/', 'http://dc5b429f784e:46461/', 'http://dc5b429f784e:45093/', 'http://dc5b429f784e:45963/']
[rosmaster.master][INFO] 2019-06-14 10:34:59,294: publisherUpdate[/rosout] -> http://dc5b429f784e:35729/ ['http://dc5b429f784e:36055/', 'http://dc5b429f784e:46461/', 'http://dc5b429f784e:45093/', 'http://dc5b429f784e:45963/']: sec=0.00, result=[1, '', 0]
[rosmaster.master][INFO] 2019-06-14 10:34:59,673: +SERVICE [/robot/camera1/set_camera_info] /gazebo http://dc5b429f784e:36055/
[rosmaster.master][INFO] 2019-06-14 10:34:59,678: +SERVICE [/robot/camera1/set_parameters] /gazebo http://dc5b429f784e:36055/
[rosmaster.master][INFO] 2019-06-14 10:34:59,679: +PUB [/robot/camera1/parameter_descriptions] /gazebo http://dc5b429f784e:36055/
[rosmaster.master][INFO] 2019-06-14 10:34:59,681: +PUB [/robot/camera1/parameter_updates] /gazebo http://dc5b429f784e:36055/
[rosmaster.master][INFO] 2019-06-14 10:34:59,683: +PARAM [/robot/camera1/imager_rate] by /gazebo
[rosmaster.master][INFO] 2019-06-14 10:34:59,684: +PARAM [/robot/camera1/imager_rate] by /gazebo
[rosmaster.master][INFO] 2019-06-14 10:34:59,729: +PUB [/robot/camera1/image_raw/compressedDepth] /gazebo http://dc5b429f784e:36055/
[rosmaster.master][INFO] 2019-06-14 10:34:59,730: +SERVICE [/robot/camera1/image_raw/compressedDepth/set_parameters] /gazebo http://dc5b429f784e:36055/
[rosmaster.master][INFO] 2019-06-14 10:34:59,731: +PUB [/robot/camera1/image_raw/compressedDepth/parameter_descriptions] /gazebo http://dc5b429f784e:36055/
[rosmaster.master][INFO] 2019-06-14 10:34:59,733: +PUB [/robot/camera1/image_raw/compressedDepth/parameter_updates] /gazebo http://dc5b429f784e:36055/
[rosmaster.master][INFO] 2019-06-14 10:34:59,739: +PARAM [/robot/camera1/image_raw/compressedDepth/depth_max] by /gazebo
[rosmaster.master][INFO] 2019-06-14 10:34:59,742: +PARAM [/robot/camera1/image_raw/compressedDepth/depth_quantization] by /gazebo
[rosmaster.master][INFO] 2019-06-14 10:34:59,744: +PUB [/tf] /gazebo http://dc5b429f784e:36055/
[rosmaster.master][INFO] 2019-06-14 10:34:59,746: +PARAM [/robot/camera1/image_raw/compressedDepth/png_level] by /gazebo
[rosmaster.master][INFO] 2019-06-14 10:34:59,748: +PARAM [/robot/camera1/image_raw/compressedDepth/depth_max] by /gazebo
[rosmaster.master][INFO] 2019-06-14 10:34:59,751: +PARAM [/robot/camera1/image_raw/compressedDepth/depth_quantization] by /gazebo
[rosmaster.master][INFO] 2019-06-14 10:34:59,754: +PARAM [/robot/camera1/image_raw/compressedDepth/png_level] by /gazebo
[rosmaster.master][INFO] 2019-06-14 10:34:59,756: +SUB [/robot/cmd_vel] /gazebo http://dc5b429f784e:36055/
[rosmaster.master][INFO] 2019-06-14 10:34:59,757: +PUB [/robot/odom] /gazebo http://dc5b429f784e:36055/
[rosmaster.master][INFO] 2019-06-14 10:34:59,759: +PUB [/robot/camera1/image_raw/compressed] /gazebo http://dc5b429f784e:36055/
[rosmaster.master][INFO] 2019-06-14 10:34:59,760: +SERVICE [/robot/camera1/image_raw/compressed/set_parameters] /gazebo http://dc5b429f784e:36055/
[rosmaster.master][INFO] 2019-06-14 10:34:59,761: +PUB [/robot/camera1/image_raw/compressed/parameter_descriptions] /gazebo http://dc5b429f784e:36055/
[rosmaster.master][INFO] 2019-06-14 10:34:59,763: +PUB [/robot/camera1/image_raw/compressed/parameter_updates] /gazebo http://dc5b429f784e:36055/
[rosmaster.master][INFO] 2019-06-14 10:34:59,766: +PARAM [/robot/camera1/image_raw/compressed/format] by /gazebo
[rosmaster.master][INFO] 2019-06-14 10:34:59,767: +PARAM [/robot/camera1/image_raw/compressed/jpeg_quality] by /gazebo
[rosmaster.master][INFO] 2019-06-14 10:34:59,768: +PARAM [/robot/camera1/image_raw/compressed/png_level] by /gazebo
[rosmaster.master][INFO] 2019-06-14 10:34:59,769: +PARAM [/robot/camera1/image_raw/compressed/format] by /gazebo
[rosmaster.master][INFO] 2019-06-14 10:34:59,769: +PARAM [/robot/camera1/image_raw/compressed/jpeg_quality] by /gazebo
[rosmaster.master][INFO] 2019-06-14 10:34:59,771: +PARAM [/robot/camera1/image_raw/compressed/png_level] by /gazebo
[rosmaster.master][INFO] 2019-06-14 10:34:59,774: +PUB [/robot/camera1/image_raw] /gazebo http://dc5b429f784e:36055/
[rosmaster.master][INFO] 2019-06-14 10:34:59,777: +PUB [/robot/camera1/image_raw/theora] /gazebo http://dc5b429f784e:36055/
[rosmaster.master][INFO] 2019-06-14 10:34:59,778: +SERVICE [/robot/camera1/image_raw/theora/set_parameters] /gazebo http://dc5b429f784e:36055/
[rosmaster.master][INFO] 2019-06-14 10:34:59,783: +PUB [/robot/camera1/image_raw/theora/parameter_descriptions] /gazebo http://dc5b429f784e:36055/
[rosmaster.master][INFO] 2019-06-14 10:34:59,786: +PUB [/robot/camera1/image_raw/theora/parameter_updates] /gazebo http://dc5b429f784e:36055/
[rosmaster.master][INFO] 2019-06-14 10:34:59,806: publisherUpdate[/tf] -> http://dc5b429f784e:45963/ ['http://dc5b429f784e:46461/', 'http://dc5b429f784e:36055/']
[rosmaster.master][INFO] 2019-06-14 10:34:59,809: publisherUpdate[/tf] -> http://dc5b429f784e:45963/ ['http://dc5b429f784e:46461/', 'http://dc5b429f784e:36055/']: sec=0.00, result=[1, '', 0]
[rosmaster.master][INFO] 2019-06-14 10:34:59,812: +PARAM [/robot/camera1/image_raw/theora/optimize_for] by /gazebo
[rosmaster.master][INFO] 2019-06-14 10:34:59,813: +PARAM [/robot/camera1/image_raw/theora/target_bitrate] by /gazebo
[rosmaster.master][INFO] 2019-06-14 10:34:59,814: +PARAM [/robot/camera1/image_raw/theora/quality] by /gazebo
[rosmaster.master][INFO] 2019-06-14 10:34:59,816: +PARAM [/robot/camera1/image_raw/theora/keyframe_frequency] by /gazebo
[rosmaster.master][INFO] 2019-06-14 10:34:59,817: +PARAM [/robot/camera1/image_raw/theora/optimize_for] by /gazebo
[rosmaster.master][INFO] 2019-06-14 10:34:59,818: +PARAM [/robot/camera1/image_raw/theora/target_bitrate] by /gazebo
[rosmaster.master][INFO] 2019-06-14 10:34:59,819: +PARAM [/robot/camera1/image_raw/theora/quality] by /gazebo
[rosmaster.master][INFO] 2019-06-14 10:34:59,820: +PARAM [/robot/camera1/image_raw/theora/keyframe_frequency] by /gazebo
[rosmaster.master][INFO] 2019-06-14 10:34:59,821: +PUB [/robot/camera1/camera_info] /gazebo http://dc5b429f784e:36055/
[rosmaster.master][INFO] 2019-06-14 10:35:30,394: -PUB [/clicked_point] /rviz http://dc5b429f784e:45963/
[rosmaster.master][INFO] 2019-06-14 10:35:30,396: -PUB [/move_base_simple/goal] /rviz http://dc5b429f784e:45963/
[rosmaster.master][INFO] 2019-06-14 10:35:30,398: -PUB [/initialpose] /rviz http://dc5b429f784e:45963/
[rosmaster.master][INFO] 2019-06-14 10:35:30,410: -SUB [/tf_static] /rviz http://dc5b429f784e:45963/
[rosmaster.master][INFO] 2019-06-14 10:35:30,427: -SUB [/tf] /rviz http://dc5b429f784e:45963/
[rosmaster.master][INFO] 2019-06-14 10:35:30,430: -SERVICE [/rviz/reload_shaders] /rviz rosrpc://dc5b429f784e:53275
[rosmaster.master][INFO] 2019-06-14 10:35:30,559: -PUB [/rosout] /rviz http://dc5b429f784e:45963/
[rosmaster.master][INFO] 2019-06-14 10:35:30,560: -SUB [/clock] /rviz http://dc5b429f784e:45963/
[rosmaster.master][INFO] 2019-06-14 10:35:30,561: -SERVICE [/rviz/get_loggers] /rviz rosrpc://dc5b429f784e:53275
[rosmaster.master][INFO] 2019-06-14 10:35:30,562: -SERVICE [/rviz/set_logger_level] /rviz rosrpc://dc5b429f784e:53275
[rosmaster.master][INFO] 2019-06-14 10:35:30,567: publisherUpdate[/rosout] -> http://dc5b429f784e:35729/ ['http://dc5b429f784e:36055/', 'http://dc5b429f784e:46461/', 'http://dc5b429f784e:45093/']
[rosmaster.master][INFO] 2019-06-14 10:35:30,568: publisherUpdate[/rosout] -> http://dc5b429f784e:35729/ ['http://dc5b429f784e:36055/', 'http://dc5b429f784e:46461/', 'http://dc5b429f784e:45093/']: sec=0.00, result=[1, '', 0]
[rosmaster.master][INFO] 2019-06-14 10:36:28,712: +PUB [/rosout] /robot_state_publisher http://dc5b429f784e:38415/
[rosmaster.master][INFO] 2019-06-14 10:36:28,714: publisherUpdate[/rosout] -> http://dc5b429f784e:35729/ ['http://dc5b429f784e:36055/', 'http://dc5b429f784e:45093/', 'http://dc5b429f784e:38415/']
[rosmaster.master][INFO] 2019-06-14 10:36:28,716: +SERVICE [/robot_state_publisher/get_loggers] /robot_state_publisher http://dc5b429f784e:38415/
[rosmaster.master][INFO] 2019-06-14 10:36:28,718: publisherUpdate[/rosout] -> http://dc5b429f784e:35729/ ['http://dc5b429f784e:36055/', 'http://dc5b429f784e:45093/', 'http://dc5b429f784e:38415/']: sec=0.00, result=[1, '', 0]
[rosmaster.master][INFO] 2019-06-14 10:36:28,720: +SERVICE [/robot_state_publisher/set_logger_level] /robot_state_publisher http://dc5b429f784e:38415/
[rosmaster.master][INFO] 2019-06-14 10:36:28,760: +SUB [/clock] /robot_state_publisher http://dc5b429f784e:38415/
[rosmaster.master][INFO] 2019-06-14 10:36:28,765: +PUB [/tf] /robot_state_publisher http://dc5b429f784e:38415/
[rosmaster.master][INFO] 2019-06-14 10:36:28,767: +PUB [/tf_static] /robot_state_publisher http://dc5b429f784e:38415/
[rosmaster.master][INFO] 2019-06-14 10:36:28,779: +SUB [/joint_states] /robot_state_publisher http://dc5b429f784e:38415/
[rosmaster.master][INFO] 2019-06-14 10:36:28,817: -PUB [/rosout] /robot_state_publisher http://dc5b429f784e:46461/
[rosmaster.master][INFO] 2019-06-14 10:36:28,819: -PUB [/tf] /robot_state_publisher http://dc5b429f784e:46461/
[rosmaster.master][INFO] 2019-06-14 10:36:28,821: -PUB [/tf_static] /robot_state_publisher http://dc5b429f784e:46461/
[rosmaster.master][INFO] 2019-06-14 10:36:28,823: -SUB [/clock] /robot_state_publisher http://dc5b429f784e:46461/
[rosmaster.master][INFO] 2019-06-14 10:36:28,825: -SUB [/joint_states] /robot_state_publisher http://dc5b429f784e:46461/
[rosmaster.master][INFO] 2019-06-14 10:36:28,827: -SERVICE [/robot_state_publisher/get_loggers] /robot_state_publisher rosrpc://dc5b429f784e:34795
[rosmaster.master][INFO] 2019-06-14 10:36:28,829: -SERVICE [/robot_state_publisher/set_logger_level] /robot_state_publisher rosrpc://dc5b429f784e:34795
[rosmaster.master][INFO] 2019-06-14 10:36:43,241: -PUB [/rosout] /robot_state_publisher http://dc5b429f784e:38415/
[rosmaster.master][INFO] 2019-06-14 10:36:43,243: -PUB [/tf] /robot_state_publisher http://dc5b429f784e:38415/
[rosmaster.master][INFO] 2019-06-14 10:36:43,244: publisherUpdate[/rosout] -> http://dc5b429f784e:35729/ ['http://dc5b429f784e:36055/', 'http://dc5b429f784e:45093/']
[rosmaster.master][INFO] 2019-06-14 10:36:43,245: -PUB [/tf_static] /robot_state_publisher http://dc5b429f784e:38415/
[rosmaster.master][INFO] 2019-06-14 10:36:43,246: publisherUpdate[/rosout] -> http://dc5b429f784e:35729/ ['http://dc5b429f784e:36055/', 'http://dc5b429f784e:45093/']: sec=0.00, result=[1, '', 0]
[rosmaster.master][INFO] 2019-06-14 10:36:43,248: -SUB [/clock] /robot_state_publisher http://dc5b429f784e:38415/
[rosmaster.master][INFO] 2019-06-14 10:36:43,250: -SUB [/joint_states] /robot_state_publisher http://dc5b429f784e:38415/
[rosmaster.master][INFO] 2019-06-14 10:36:43,251: -SERVICE [/robot_state_publisher/get_loggers] /robot_state_publisher rosrpc://dc5b429f784e:36833
[rosmaster.master][INFO] 2019-06-14 10:36:43,253: -SERVICE [/robot_state_publisher/set_logger_level] /robot_state_publisher rosrpc://dc5b429f784e:36833
[rosmaster.master][INFO] 2019-06-14 10:36:47,613: +PUB [/rosout] /robot_state_publisher http://dc5b429f784e:39077/
[rosmaster.master][INFO] 2019-06-14 10:36:47,616: +SERVICE [/robot_state_publisher/get_loggers] /robot_state_publisher http://dc5b429f784e:39077/
[rosmaster.master][INFO] 2019-06-14 10:36:47,621: +SERVICE [/robot_state_publisher/set_logger_level] /robot_state_publisher http://dc5b429f784e:39077/
[rosmaster.master][INFO] 2019-06-14 10:36:47,627: publisherUpdate[/rosout] -> http://dc5b429f784e:35729/ ['http://dc5b429f784e:36055/', 'http://dc5b429f784e:45093/', 'http://dc5b429f784e:39077/']
[rosmaster.master][INFO] 2019-06-14 10:36:47,628: publisherUpdate[/rosout] -> http://dc5b429f784e:35729/ ['http://dc5b429f784e:36055/', 'http://dc5b429f784e:45093/', 'http://dc5b429f784e:39077/']: sec=0.00, result=[1, '', 0]
[rosmaster.master][INFO] 2019-06-14 10:36:47,651: +SUB [/clock] /robot_state_publisher http://dc5b429f784e:39077/
[rosmaster.master][INFO] 2019-06-14 10:36:47,657: +PUB [/tf] /robot_state_publisher http://dc5b429f784e:39077/
[rosmaster.master][INFO] 2019-06-14 10:36:47,659: +PUB [/tf_static] /robot_state_publisher http://dc5b429f784e:39077/
[rosmaster.master][INFO] 2019-06-14 10:36:47,695: +SUB [/joint_states] /robot_state_publisher http://dc5b429f784e:39077/
[rosmaster.master][INFO] 2019-06-14 10:37:01,798: +PUB [/rosout] /rostopic_26344_1560508621596 http://dc5b429f784e:41473/
[rosmaster.master][INFO] 2019-06-14 10:37:01,808: +SUB [/clock] /rostopic_26344_1560508621596 http://dc5b429f784e:41473/
[rosmaster.master][INFO] 2019-06-14 10:37:01,811: +SERVICE [/rostopic_26344_1560508621596/get_loggers] /rostopic_26344_1560508621596 http://dc5b429f784e:41473/
[rosmaster.master][INFO] 2019-06-14 10:37:01,813: +SERVICE [/rostopic_26344_1560508621596/set_logger_level] /rostopic_26344_1560508621596 http://dc5b429f784e:41473/
[rosmaster.master][INFO] 2019-06-14 10:37:01,837: +SUB [/tf] /rostopic_26344_1560508621596 http://dc5b429f784e:41473/
[rosmaster.master][INFO] 2019-06-14 10:37:01,855: publisherUpdate[/rosout] -> http://dc5b429f784e:35729/ ['http://dc5b429f784e:36055/', 'http://dc5b429f784e:45093/', 'http://dc5b429f784e:39077/', 'http://dc5b429f784e:41473/']
[rosmaster.master][INFO] 2019-06-14 10:37:01,856: publisherUpdate[/rosout] -> http://dc5b429f784e:35729/ ['http://dc5b429f784e:36055/', 'http://dc5b429f784e:45093/', 'http://dc5b429f784e:39077/', 'http://dc5b429f784e:41473/']: sec=0.00, result=[1, '', 0]
[rosmaster.master][INFO] 2019-06-14 10:37:03,720: -SUB [/clock] /rostopic_26344_1560508621596 http://dc5b429f784e:41473/
[rosmaster.master][INFO] 2019-06-14 10:37:03,720: -SUB [/tf] /rostopic_26344_1560508621596 http://dc5b429f784e:41473/
[rosmaster.master][INFO] 2019-06-14 10:37:03,720: -PUB [/rosout] /rostopic_26344_1560508621596 http://dc5b429f784e:41473/
[rosmaster.master][INFO] 2019-06-14 10:37:03,721: -SERVICE [/rostopic_26344_1560508621596/set_logger_level] /rostopic_26344_1560508621596 rosrpc://dc5b429f784e:35503
[rosmaster.master][INFO] 2019-06-14 10:37:03,721: -SERVICE [/rostopic_26344_1560508621596/get_loggers] /rostopic_26344_1560508621596 rosrpc://dc5b429f784e:35503
[rosmaster.master][INFO] 2019-06-14 10:37:03,759: publisherUpdate[/rosout] -> http://dc5b429f784e:35729/ ['http://dc5b429f784e:36055/', 'http://dc5b429f784e:45093/', 'http://dc5b429f784e:39077/']
[rosmaster.master][INFO] 2019-06-14 10:37:03,760: publisherUpdate[/rosout] -> http://dc5b429f784e:35729/ ['http://dc5b429f784e:36055/', 'http://dc5b429f784e:45093/', 'http://dc5b429f784e:39077/']: sec=0.00, result=[1, '', 0]
[rosmaster.master][INFO] 2019-06-14 10:37:13,243: +PUB [/rosout] /rviz_1560508633235783400 http://dc5b429f784e:39045/
[rosmaster.master][INFO] 2019-06-14 10:37:13,245: +SERVICE [/rviz_1560508633235783400/get_loggers] /rviz_1560508633235783400 http://dc5b429f784e:39045/
[rosmaster.master][INFO] 2019-06-14 10:37:13,247: +SERVICE [/rviz_1560508633235783400/set_logger_level] /rviz_1560508633235783400 http://dc5b429f784e:39045/
[rosmaster.master][INFO] 2019-06-14 10:37:13,258: +SUB [/clock] /rviz_1560508633235783400 http://dc5b429f784e:39045/
[rosmaster.master][INFO] 2019-06-14 10:37:13,277: publisherUpdate[/rosout] -> http://dc5b429f784e:35729/ ['http://dc5b429f784e:36055/', 'http://dc5b429f784e:45093/', 'http://dc5b429f784e:39077/', 'http://dc5b429f784e:39045/']
[rosmaster.master][INFO] 2019-06-14 10:37:13,279: publisherUpdate[/rosout] -> http://dc5b429f784e:35729/ ['http://dc5b429f784e:36055/', 'http://dc5b429f784e:45093/', 'http://dc5b429f784e:39077/', 'http://dc5b429f784e:39045/']: sec=0.00, result=[1, '', 0]
[rosmaster.master][INFO] 2019-06-14 10:37:13,550: +SUB [/tf] /rviz_1560508633235783400 http://dc5b429f784e:39045/
[rosmaster.master][INFO] 2019-06-14 10:37:13,558: +SUB [/tf_static] /rviz_1560508633235783400 http://dc5b429f784e:39045/
[rosmaster.master][INFO] 2019-06-14 10:37:13,613: +PUB [/initialpose] /rviz_1560508633235783400 http://dc5b429f784e:39045/
[rosmaster.master][INFO] 2019-06-14 10:37:13,617: +PUB [/goal] /rviz_1560508633235783400 http://dc5b429f784e:39045/
[rosmaster.master][INFO] 2019-06-14 10:37:13,622: -PUB [/goal] /rviz_1560508633235783400 http://dc5b429f784e:39045/
[rosmaster.master][INFO] 2019-06-14 10:37:13,624: -PUB [/initialpose] /rviz_1560508633235783400 http://dc5b429f784e:39045/
[rosmaster.master][INFO] 2019-06-14 10:37:13,630: +PUB [/initialpose] /rviz_1560508633235783400 http://dc5b429f784e:39045/
[rosmaster.master][INFO] 2019-06-14 10:37:13,640: +PUB [/goal] /rviz_1560508633235783400 http://dc5b429f784e:39045/
[rosmaster.master][INFO] 2019-06-14 10:37:13,642: +PUB [/move_base_simple/goal] /rviz_1560508633235783400 http://dc5b429f784e:39045/
[rosmaster.master][INFO] 2019-06-14 10:37:13,643: -PUB [/goal] /rviz_1560508633235783400 http://dc5b429f784e:39045/
[rosmaster.master][INFO] 2019-06-14 10:37:13,645: +PUB [/clicked_point] /rviz_1560508633235783400 http://dc5b429f784e:39045/
[rosmaster.master][INFO] 2019-06-14 10:37:13,762: +SERVICE [/rviz_1560508633235783400/reload_shaders] /rviz_1560508633235783400 http://dc5b429f784e:39045/
[rosmaster.master][INFO] 2019-06-14 10:37:20,578: -PUB [/clicked_point] /rviz_1560508633235783400 http://dc5b429f784e:39045/
[rosmaster.master][INFO] 2019-06-14 10:37:20,580: -PUB [/move_base_simple/goal] /rviz_1560508633235783400 http://dc5b429f784e:39045/
[rosmaster.master][INFO] 2019-06-14 10:37:20,581: -PUB [/initialpose] /rviz_1560508633235783400 http://dc5b429f784e:39045/
[rosmaster.master][INFO] 2019-06-14 10:37:20,586: -SUB [/tf_static] /rviz_1560508633235783400 http://dc5b429f784e:39045/
[rosmaster.master][INFO] 2019-06-14 10:37:20,589: -SUB [/tf] /rviz_1560508633235783400 http://dc5b429f784e:39045/
[rosmaster.master][INFO] 2019-06-14 10:37:20,594: -SERVICE [/rviz_1560508633235783400/reload_shaders] /rviz_1560508633235783400 rosrpc://dc5b429f784e:34431
[rosmaster.master][INFO] 2019-06-14 10:37:20,697: -PUB [/rosout] /rviz_1560508633235783400 http://dc5b429f784e:39045/
[rosmaster.master][INFO] 2019-06-14 10:37:20,698: publisherUpdate[/rosout] -> http://dc5b429f784e:35729/ ['http://dc5b429f784e:36055/', 'http://dc5b429f784e:45093/', 'http://dc5b429f784e:39077/']
[rosmaster.master][INFO] 2019-06-14 10:37:20,700: publisherUpdate[/rosout] -> http://dc5b429f784e:35729/ ['http://dc5b429f784e:36055/', 'http://dc5b429f784e:45093/', 'http://dc5b429f784e:39077/']: sec=0.00, result=[1, '', 0]
[rosmaster.master][INFO] 2019-06-14 10:37:20,701: -SUB [/clock] /rviz_1560508633235783400 http://dc5b429f784e:39045/
[rosmaster.master][INFO] 2019-06-14 10:37:20,703: -SERVICE [/rviz_1560508633235783400/get_loggers] /rviz_1560508633235783400 rosrpc://dc5b429f784e:34431
[rosmaster.master][INFO] 2019-06-14 10:37:20,704: -SERVICE [/rviz_1560508633235783400/set_logger_level] /rviz_1560508633235783400 rosrpc://dc5b429f784e:34431
[rosmaster.master][INFO] 2019-06-14 10:37:23,200: -PUB [/rosout] /robot_state_publisher http://dc5b429f784e:39077/
[rosmaster.master][INFO] 2019-06-14 10:37:23,201: -PUB [/tf] /robot_state_publisher http://dc5b429f784e:39077/
[rosmaster.master][INFO] 2019-06-14 10:37:23,204: -PUB [/tf_static] /robot_state_publisher http://dc5b429f784e:39077/
[rosmaster.master][INFO] 2019-06-14 10:37:23,205: publisherUpdate[/rosout] -> http://dc5b429f784e:35729/ ['http://dc5b429f784e:36055/', 'http://dc5b429f784e:45093/']
[rosmaster.master][INFO] 2019-06-14 10:37:23,206: publisherUpdate[/rosout] -> http://dc5b429f784e:35729/ ['http://dc5b429f784e:36055/', 'http://dc5b429f784e:45093/']: sec=0.00, result=[1, '', 0]
[rosmaster.master][INFO] 2019-06-14 10:37:23,212: -SUB [/clock] /robot_state_publisher http://dc5b429f784e:39077/
[rosmaster.master][INFO] 2019-06-14 10:37:23,213: -SUB [/joint_states] /robot_state_publisher http://dc5b429f784e:39077/
[rosmaster.master][INFO] 2019-06-14 10:37:23,215: -SERVICE [/robot_state_publisher/get_loggers] /robot_state_publisher rosrpc://dc5b429f784e:40159
[rosmaster.master][INFO] 2019-06-14 10:37:23,216: -SERVICE [/robot_state_publisher/set_logger_level] /robot_state_publisher rosrpc://dc5b429f784e:40159
[rosmaster.master][INFO] 2019-06-14 10:38:33,730: +PUB [/rosout] /robot_state_publisher http://dc5b429f784e:35027/
[rosmaster.master][INFO] 2019-06-14 10:38:33,732: +SERVICE [/robot_state_publisher/get_loggers] /robot_state_publisher http://dc5b429f784e:35027/
[rosmaster.master][INFO] 2019-06-14 10:38:33,732: publisherUpdate[/rosout] -> http://dc5b429f784e:35729/ ['http://dc5b429f784e:36055/', 'http://dc5b429f784e:45093/', 'http://dc5b429f784e:35027/']
[rosmaster.master][INFO] 2019-06-14 10:38:33,749: publisherUpdate[/rosout] -> http://dc5b429f784e:35729/ ['http://dc5b429f784e:36055/', 'http://dc5b429f784e:45093/', 'http://dc5b429f784e:35027/']: sec=0.00, result=[1, '', 0]
[rosmaster.master][INFO] 2019-06-14 10:38:33,750: +SERVICE [/robot_state_publisher/set_logger_level] /robot_state_publisher http://dc5b429f784e:35027/
[rosmaster.master][INFO] 2019-06-14 10:38:33,759: +SUB [/clock] /robot_state_publisher http://dc5b429f784e:35027/
[rosmaster.master][INFO] 2019-06-14 10:38:33,765: +PUB [/tf] /robot_state_publisher http://dc5b429f784e:35027/
[rosmaster.master][INFO] 2019-06-14 10:38:33,766: +PUB [/tf_static] /robot_state_publisher http://dc5b429f784e:35027/
[rosmaster.master][INFO] 2019-06-14 10:38:33,803: +SUB [/joint_states] /robot_state_publisher http://dc5b429f784e:35027/
[rosmaster.master][INFO] 2019-06-14 10:38:37,974: +PUB [/rosout] /rostopic_26548_1560508717777 http://dc5b429f784e:45661/
[rosmaster.master][INFO] 2019-06-14 10:38:37,980: +SUB [/clock] /rostopic_26548_1560508717777 http://dc5b429f784e:45661/
[rosmaster.master][INFO] 2019-06-14 10:38:37,983: +SERVICE [/rostopic_26548_1560508717777/get_loggers] /rostopic_26548_1560508717777 http://dc5b429f784e:45661/
[rosmaster.master][INFO] 2019-06-14 10:38:37,984: +SERVICE [/rostopic_26548_1560508717777/set_logger_level] /rostopic_26548_1560508717777 http://dc5b429f784e:45661/
[rosmaster.master][INFO] 2019-06-14 10:38:38,017: +SUB [/tf] /rostopic_26548_1560508717777 http://dc5b429f784e:45661/
[rosmaster.master][INFO] 2019-06-14 10:38:38,035: publisherUpdate[/rosout] -> http://dc5b429f784e:35729/ ['http://dc5b429f784e:36055/', 'http://dc5b429f784e:45093/', 'http://dc5b429f784e:35027/', 'http://dc5b429f784e:45661/']
[rosmaster.master][INFO] 2019-06-14 10:38:38,036: publisherUpdate[/rosout] -> http://dc5b429f784e:35729/ ['http://dc5b429f784e:36055/', 'http://dc5b429f784e:45093/', 'http://dc5b429f784e:35027/', 'http://dc5b429f784e:45661/']: sec=0.00, result=[1, '', 0]
[rosmaster.master][INFO] 2019-06-14 10:38:39,931: -SUB [/clock] /rostopic_26548_1560508717777 http://dc5b429f784e:45661/
[rosmaster.master][INFO] 2019-06-14 10:38:39,932: -SUB [/tf] /rostopic_26548_1560508717777 http://dc5b429f784e:45661/
[rosmaster.master][INFO] 2019-06-14 10:38:39,932: -PUB [/rosout] /rostopic_26548_1560508717777 http://dc5b429f784e:45661/
[rosmaster.master][INFO] 2019-06-14 10:38:39,932: -SERVICE [/rostopic_26548_1560508717777/set_logger_level] /rostopic_26548_1560508717777 rosrpc://dc5b429f784e:44539
[rosmaster.master][INFO] 2019-06-14 10:38:39,932: -SERVICE [/rostopic_26548_1560508717777/get_loggers] /rostopic_26548_1560508717777 rosrpc://dc5b429f784e:44539
[rosmaster.master][INFO] 2019-06-14 10:38:39,939: publisherUpdate[/rosout] -> http://dc5b429f784e:35729/ ['http://dc5b429f784e:36055/', 'http://dc5b429f784e:45093/', 'http://dc5b429f784e:35027/']
[rosmaster.master][INFO] 2019-06-14 10:38:39,941: publisherUpdate[/rosout] -> http://dc5b429f784e:35729/ ['http://dc5b429f784e:36055/', 'http://dc5b429f784e:45093/', 'http://dc5b429f784e:35027/']: sec=0.00, result=[1, '', 0]
[rosmaster.master][INFO] 2019-06-14 10:38:42,681: +PUB [/rosout] /rostopic_26575_1560508722487 http://dc5b429f784e:42833/
[rosmaster.master][INFO] 2019-06-14 10:38:42,706: +SUB [/clock] /rostopic_26575_1560508722487 http://dc5b429f784e:42833/
[rosmaster.master][INFO] 2019-06-14 10:38:42,709: +SERVICE [/rostopic_26575_1560508722487/get_loggers] /rostopic_26575_1560508722487 http://dc5b429f784e:42833/
[rosmaster.master][INFO] 2019-06-14 10:38:42,710: +SERVICE [/rostopic_26575_1560508722487/set_logger_level] /rostopic_26575_1560508722487 http://dc5b429f784e:42833/
[rosmaster.master][INFO] 2019-06-14 10:38:42,735: +SUB [/tf] /rostopic_26575_1560508722487 http://dc5b429f784e:42833/
[rosmaster.master][INFO] 2019-06-14 10:38:42,746: publisherUpdate[/rosout] -> http://dc5b429f784e:35729/ ['http://dc5b429f784e:36055/', 'http://dc5b429f784e:45093/', 'http://dc5b429f784e:35027/', 'http://dc5b429f784e:42833/']
[rosmaster.master][INFO] 2019-06-14 10:38:42,747: publisherUpdate[/rosout] -> http://dc5b429f784e:35729/ ['http://dc5b429f784e:36055/', 'http://dc5b429f784e:45093/', 'http://dc5b429f784e:35027/', 'http://dc5b429f784e:42833/']: sec=0.00, result=[1, '', 0]
[rosmaster.master][INFO] 2019-06-14 10:38:43,758: -PUB [/rosout] /robot_state_publisher http://dc5b429f784e:35027/
[rosmaster.master][INFO] 2019-06-14 10:38:43,759: -PUB [/tf] /robot_state_publisher http://dc5b429f784e:35027/
[rosmaster.master][INFO] 2019-06-14 10:38:43,761: -PUB [/tf_static] /robot_state_publisher http://dc5b429f784e:35027/
[rosmaster.master][INFO] 2019-06-14 10:38:43,762: -SUB [/clock] /robot_state_publisher http://dc5b429f784e:35027/
[rosmaster.master][INFO] 2019-06-14 10:38:43,763: -SUB [/joint_states] /robot_state_publisher http://dc5b429f784e:35027/
[rosmaster.master][INFO] 2019-06-14 10:38:43,764: -SERVICE [/robot_state_publisher/get_loggers] /robot_state_publisher rosrpc://dc5b429f784e:33833
[rosmaster.master][INFO] 2019-06-14 10:38:43,765: publisherUpdate[/rosout] -> http://dc5b429f784e:35729/ ['http://dc5b429f784e:36055/', 'http://dc5b429f784e:45093/', 'http://dc5b429f784e:42833/']
[rosmaster.master][INFO] 2019-06-14 10:38:43,766: publisherUpdate[/rosout] -> http://dc5b429f784e:35729/ ['http://dc5b429f784e:36055/', 'http://dc5b429f784e:45093/', 'http://dc5b429f784e:42833/']: sec=0.00, result=[1, '', 0]
[rosmaster.master][INFO] 2019-06-14 10:38:43,767: publisherUpdate[/tf] -> http://dc5b429f784e:42833/ ['http://dc5b429f784e:36055/']
[rosmaster.master][INFO] 2019-06-14 10:38:43,768: -SERVICE [/robot_state_publisher/set_logger_level] /robot_state_publisher rosrpc://dc5b429f784e:33833
[rosmaster.master][INFO] 2019-06-14 10:38:43,778: publisherUpdate[/tf] -> http://dc5b429f784e:42833/ ['http://dc5b429f784e:36055/']: sec=0.01, result=[1, '', 0]
[rosmaster.master][INFO] 2019-06-14 10:38:45,142: +PUB [/rosout] /robot_state_publisher http://dc5b429f784e:39067/
[rosmaster.master][INFO] 2019-06-14 10:38:45,144: +SERVICE [/robot_state_publisher/get_loggers] /robot_state_publisher http://dc5b429f784e:39067/
[rosmaster.master][INFO] 2019-06-14 10:38:45,145: +SERVICE [/robot_state_publisher/set_logger_level] /robot_state_publisher http://dc5b429f784e:39067/
[rosmaster.master][INFO] 2019-06-14 10:38:45,156: +SUB [/clock] /robot_state_publisher http://dc5b429f784e:39067/
[rosmaster.master][INFO] 2019-06-14 10:38:45,158: publisherUpdate[/rosout] -> http://dc5b429f784e:35729/ ['http://dc5b429f784e:36055/', 'http://dc5b429f784e:45093/', 'http://dc5b429f784e:42833/', 'http://dc5b429f784e:39067/']
[rosmaster.master][INFO] 2019-06-14 10:38:45,161: publisherUpdate[/rosout] -> http://dc5b429f784e:35729/ ['http://dc5b429f784e:36055/', 'http://dc5b429f784e:45093/', 'http://dc5b429f784e:42833/', 'http://dc5b429f784e:39067/']: sec=0.00, result=[1, '', 0]
[rosmaster.master][INFO] 2019-06-14 10:38:45,165: +PUB [/tf] /robot_state_publisher http://dc5b429f784e:39067/
[rosmaster.master][INFO] 2019-06-14 10:38:45,167: +PUB [/tf_static] /robot_state_publisher http://dc5b429f784e:39067/
[rosmaster.master][INFO] 2019-06-14 10:38:45,171: publisherUpdate[/tf] -> http://dc5b429f784e:42833/ ['http://dc5b429f784e:36055/', 'http://dc5b429f784e:39067/']
[rosmaster.master][INFO] 2019-06-14 10:38:45,175: publisherUpdate[/tf] -> http://dc5b429f784e:42833/ ['http://dc5b429f784e:36055/', 'http://dc5b429f784e:39067/']: sec=0.00, result=[1, '', 0]
[rosmaster.master][INFO] 2019-06-14 10:38:45,204: +SUB [/joint_states] /robot_state_publisher http://dc5b429f784e:39067/
[rosmaster.master][INFO] 2019-06-14 10:38:48,170: -PUB [/rosout] /robot_state_publisher http://dc5b429f784e:39067/
[rosmaster.master][INFO] 2019-06-14 10:38:48,172: -PUB [/tf] /robot_state_publisher http://dc5b429f784e:39067/
[rosmaster.master][INFO] 2019-06-14 10:38:48,173: -PUB [/tf_static] /robot_state_publisher http://dc5b429f784e:39067/
[rosmaster.master][INFO] 2019-06-14 10:38:48,174: -SUB [/clock] /robot_state_publisher http://dc5b429f784e:39067/
[rosmaster.master][INFO] 2019-06-14 10:38:48,176: -SUB [/joint_states] /robot_state_publisher http://dc5b429f784e:39067/
[rosmaster.master][INFO] 2019-06-14 10:38:48,177: -SERVICE [/robot_state_publisher/get_loggers] /robot_state_publisher rosrpc://dc5b429f784e:35171
[rosmaster.master][INFO] 2019-06-14 10:38:48,179: -SERVICE [/robot_state_publisher/set_logger_level] /robot_state_publisher rosrpc://dc5b429f784e:35171
[rosmaster.master][INFO] 2019-06-14 10:38:48,186: publisherUpdate[/rosout] -> http://dc5b429f784e:35729/ ['http://dc5b429f784e:36055/', 'http://dc5b429f784e:45093/', 'http://dc5b429f784e:42833/']
[rosmaster.master][INFO] 2019-06-14 10:38:48,187: publisherUpdate[/tf] -> http://dc5b429f784e:42833/ ['http://dc5b429f784e:36055/']
[rosmaster.master][INFO] 2019-06-14 10:38:48,188: publisherUpdate[/rosout] -> http://dc5b429f784e:35729/ ['http://dc5b429f784e:36055/', 'http://dc5b429f784e:45093/', 'http://dc5b429f784e:42833/']: sec=0.00, result=[1, '', 0]
[rosmaster.master][INFO] 2019-06-14 10:38:48,189: publisherUpdate[/tf] -> http://dc5b429f784e:42833/ ['http://dc5b429f784e:36055/']: sec=0.00, result=[1, '', 0]
[rosmaster.master][INFO] 2019-06-14 10:38:50,699: -SUB [/clock] /rostopic_26575_1560508722487 http://dc5b429f784e:42833/
[rosmaster.master][INFO] 2019-06-14 10:38:50,699: -SUB [/tf] /rostopic_26575_1560508722487 http://dc5b429f784e:42833/
[rosmaster.master][INFO] 2019-06-14 10:38:50,700: -PUB [/rosout] /rostopic_26575_1560508722487 http://dc5b429f784e:42833/
[rosmaster.master][INFO] 2019-06-14 10:38:50,700: -SERVICE [/rostopic_26575_1560508722487/set_logger_level] /rostopic_26575_1560508722487 rosrpc://dc5b429f784e:45511
[rosmaster.master][INFO] 2019-06-14 10:38:50,700: -SERVICE [/rostopic_26575_1560508722487/get_loggers] /rostopic_26575_1560508722487 rosrpc://dc5b429f784e:45511
[rosmaster.master][INFO] 2019-06-14 10:38:50,773: publisherUpdate[/rosout] -> http://dc5b429f784e:35729/ ['http://dc5b429f784e:36055/', 'http://dc5b429f784e:45093/']
[rosmaster.master][INFO] 2019-06-14 10:38:50,773: publisherUpdate[/rosout] -> http://dc5b429f784e:35729/ ['http://dc5b429f784e:36055/', 'http://dc5b429f784e:45093/']: sec=0.00, result=[1, '', 0]
[rosmaster.master][INFO] 2019-06-14 10:38:52,593: -SUB [/gazebo/set_link_state] /gazebo http://dc5b429f784e:36055/
[rosmaster.master][INFO] 2019-06-14 10:38:52,595: -SUB [/gazebo/set_model_state] /gazebo http://dc5b429f784e:36055/
[rosmaster.master][INFO] 2019-06-14 10:38:52,597: -PUB [/clock] /gazebo http://dc5b429f784e:36055/
[rosmaster.master][INFO] 2019-06-14 10:38:52,598: publisherUpdate[/clock] -> http://dc5b429f784e:36055/ []
[rosmaster.master][INFO] 2019-06-14 10:38:52,599: publisherUpdate[/clock] -> http://dc5b429f784e:36055/ []: sec=0.00, result=[1, '', 0]
[rosmaster.master][INFO] 2019-06-14 10:38:52,599: publisherUpdate[/clock] -> http://dc5b429f784e:45093/ []
[rosmaster.master][INFO] 2019-06-14 10:38:52,601: -PUB [/gazebo/link_states] /gazebo http://dc5b429f784e:36055/
[rosmaster.master][INFO] 2019-06-14 10:38:52,603: publisherUpdate[/clock] -> http://dc5b429f784e:45093/ []: sec=0.00, exception=[Errno 111] Connection refused
[rosmaster.master][INFO] 2019-06-14 10:38:52,605: -PUB [/gazebo/model_states] /gazebo http://dc5b429f784e:36055/
[rosmaster.master][INFO] 2019-06-14 10:38:52,607: -SERVICE [/gazebo/spawn_sdf_model] /gazebo rosrpc://dc5b429f784e:59901
[rosmaster.master][INFO] 2019-06-14 10:38:52,610: -SERVICE [/gazebo/spawn_urdf_model] /gazebo rosrpc://dc5b429f784e:59901
[rosmaster.threadpool][ERROR] 2019-06-14 10:38:52,611: Traceback (most recent call last):
  File "/opt/ros/kinetic/lib/python2.7/dist-packages/rosmaster/threadpool.py", line 218, in run
    result = cmd(*args)
  File "/opt/ros/kinetic/lib/python2.7/dist-packages/rosmaster/master_api.py", line 210, in publisher_update_task
    ret = xmlrpcapi(api).publisherUpdate('/master', topic, pub_uris)
  File "/usr/lib/python2.7/xmlrpclib.py", line 1243, in __call__
    return self.__send(self.__name, args)
  File "/usr/lib/python2.7/xmlrpclib.py", line 1602, in __request
    verbose=self.__verbose
  File "/usr/lib/python2.7/xmlrpclib.py", line 1283, in request
    return self.single_request(host, handler, request_body, verbose)
  File "/usr/lib/python2.7/xmlrpclib.py", line 1311, in single_request
    self.send_content(h, request_body)
  File "/usr/lib/python2.7/xmlrpclib.py", line 1459, in send_content
    connection.endheaders(request_body)
  File "/usr/lib/python2.7/httplib.py", line 1053, in endheaders
    self._send_output(message_body)
  File "/usr/lib/python2.7/httplib.py", line 897, in _send_output
    self.send(msg)
  File "/usr/lib/python2.7/httplib.py", line 859, in send
    self.connect()
  File "/usr/lib/python2.7/httplib.py", line 836, in connect
    self.timeout, self.source_address)
  File "/usr/lib/python2.7/socket.py", line 575, in create_connection
    raise err
error: [Errno 111] Connection refused

[rosmaster.master][INFO] 2019-06-14 10:38:52,613: -SERVICE [/gazebo/delete_model] /gazebo rosrpc://dc5b429f784e:59901
[rosmaster.master][INFO] 2019-06-14 10:38:52,614: -SERVICE [/gazebo/delete_light] /gazebo rosrpc://dc5b429f784e:59901
[rosmaster.master][INFO] 2019-06-14 10:38:52,617: -SERVICE [/gazebo/get_model_properties] /gazebo rosrpc://dc5b429f784e:59901
[rosmaster.master][INFO] 2019-06-14 10:38:52,619: -SERVICE [/gazebo/get_model_state] /gazebo rosrpc://dc5b429f784e:59901
[rosmaster.master][INFO] 2019-06-14 10:38:52,621: -SERVICE [/gazebo/get_world_properties] /gazebo rosrpc://dc5b429f784e:59901
[rosmaster.master][INFO] 2019-06-14 10:38:52,623: -SERVICE [/gazebo/get_joint_properties] /gazebo rosrpc://dc5b429f784e:59901
[rosmaster.master][INFO] 2019-06-14 10:38:52,624: -SERVICE [/gazebo/get_link_properties] /gazebo rosrpc://dc5b429f784e:59901
[rosmaster.master][INFO] 2019-06-14 10:38:52,626: -SERVICE [/gazebo/get_link_state] /gazebo rosrpc://dc5b429f784e:59901
[rosmaster.master][INFO] 2019-06-14 10:38:52,628: -SERVICE [/gazebo/get_light_properties] /gazebo rosrpc://dc5b429f784e:59901
[rosmaster.master][INFO] 2019-06-14 10:38:52,629: -SERVICE [/gazebo/set_light_properties] /gazebo rosrpc://dc5b429f784e:59901
[rosmaster.master][INFO] 2019-06-14 10:38:52,631: -SERVICE [/gazebo/get_physics_properties] /gazebo rosrpc://dc5b429f784e:59901
[rosmaster.master][INFO] 2019-06-14 10:38:52,632: -SERVICE [/gazebo/set_link_properties] /gazebo rosrpc://dc5b429f784e:59901
[rosmaster.master][INFO] 2019-06-14 10:38:52,633: -SERVICE [/gazebo/set_physics_properties] /gazebo rosrpc://dc5b429f784e:59901
[rosmaster.master][INFO] 2019-06-14 10:38:52,635: -SERVICE [/gazebo/set_model_state] /gazebo rosrpc://dc5b429f784e:59901
[rosmaster.master][INFO] 2019-06-14 10:38:52,636: -SERVICE [/gazebo/set_model_configuration] /gazebo rosrpc://dc5b429f784e:59901
[rosmaster.master][INFO] 2019-06-14 10:38:52,637: -SERVICE [/gazebo/set_joint_properties] /gazebo rosrpc://dc5b429f784e:59901
[rosmaster.master][INFO] 2019-06-14 10:38:52,638: -SERVICE [/gazebo/set_link_state] /gazebo rosrpc://dc5b429f784e:59901
[rosmaster.master][INFO] 2019-06-14 10:38:52,639: -SERVICE [/gazebo/pause_physics] /gazebo rosrpc://dc5b429f784e:59901
[rosmaster.master][INFO] 2019-06-14 10:38:52,640: -SERVICE [/gazebo/unpause_physics] /gazebo rosrpc://dc5b429f784e:59901
[rosmaster.master][INFO] 2019-06-14 10:38:52,642: -SERVICE [/gazebo/apply_body_wrench] /gazebo rosrpc://dc5b429f784e:59901
[rosmaster.master][INFO] 2019-06-14 10:38:52,643: -SERVICE [/gazebo/apply_joint_effort] /gazebo rosrpc://dc5b429f784e:59901
[rosmaster.master][INFO] 2019-06-14 10:38:52,645: -SERVICE [/gazebo/clear_joint_forces] /gazebo rosrpc://dc5b429f784e:59901
[rosmaster.master][INFO] 2019-06-14 10:38:52,647: -SERVICE [/gazebo/clear_body_wrenches] /gazebo rosrpc://dc5b429f784e:59901
[rosmaster.master][INFO] 2019-06-14 10:38:52,649: -SERVICE [/gazebo/reset_simulation] /gazebo rosrpc://dc5b429f784e:59901
[rosmaster.master][INFO] 2019-06-14 10:38:52,650: -SERVICE [/gazebo/reset_world] /gazebo rosrpc://dc5b429f784e:59901
[rosmaster.master][INFO] 2019-06-14 10:38:53,178: -PUB [/rosout_agg] /rosout http://dc5b429f784e:35729/
[rosmaster.master][INFO] 2019-06-14 10:38:53,179: -SUB [/rosout] /rosout http://dc5b429f784e:35729/
[rosmaster.master][INFO] 2019-06-14 10:38:53,180: -SERVICE [/rosout/get_loggers] /rosout rosrpc://dc5b429f784e:52195
[rosmaster.master][INFO] 2019-06-14 10:38:53,181: -SERVICE [/rosout/set_logger_level] /rosout rosrpc://dc5b429f784e:52195
[rosmaster.main][INFO] 2019-06-14 10:38:53,207: keyboard interrupt, will exit
[rosmaster.main][INFO] 2019-06-14 10:38:53,207: stopping master...
[rospy.core][INFO] 2019-06-14 10:38:53,207: signal_shutdown [atexit]
