[rospy.client][INFO] 2019-06-14 10:34:58,975: init_node, name[/urdf_spawner], pid[25521]
[xmlrpc][INFO] 2019-06-14 10:34:58,976: XML-RPC server binding to 0.0.0.0:0
[rospy.init][INFO] 2019-06-14 10:34:58,977: ROS Slave URI: [http://dc5b429f784e:37335/]
[xmlrpc][INFO] 2019-06-14 10:34:58,977: Started XML-RPC server [http://dc5b429f784e:37335/]
[rospy.impl.masterslave][INFO] 2019-06-14 10:34:58,977: _ready: http://dc5b429f784e:37335/
[xmlrpc][INFO] 2019-06-14 10:34:58,978: xml rpc node: starting XML-RPC server
[rospy.registration][INFO] 2019-06-14 10:34:58,979: Registering with master node http://localhost:11311
[rospy.init][INFO] 2019-06-14 10:34:59,077: registered with master
[rospy.rosout][INFO] 2019-06-14 10:34:59,078: initializing /rosout core topic
[rospy.rosout][INFO] 2019-06-14 10:34:59,082: connected to core topic /rosout
[rospy.simtime][INFO] 2019-06-14 10:34:59,083: initializing /clock core topic
[rospy.simtime][INFO] 2019-06-14 10:34:59,086: connected to core topic /clock
[rosout][INFO] 2019-06-14 10:34:59,090: Loading model XML from ros parameter
[rospy.internal][INFO] 2019-06-14 10:34:59,096: topic[/clock] adding connection to [http://dc5b429f784e:36055/], count 0
[rosout][INFO] 2019-06-14 10:34:59,099: Waiting for service /gazebo/spawn_urdf_model
[rosout][INFO] 2019-06-14 10:34:59,102: Calling service /gazebo/spawn_urdf_model
[rosout][INFO] 2019-06-14 10:34:59,233: Spawn status: SpawnModel: Successfully spawned entity
[rospy.core][INFO] 2019-06-14 10:34:59,236: signal_shutdown [atexit]
[rospy.internal][INFO] 2019-06-14 10:34:59,240: topic[/clock] removing connection to http://dc5b429f784e:36055/
[rospy.impl.masterslave][INFO] 2019-06-14 10:34:59,241: atexit
