[rosmaster.main][INFO] 2019-06-24 12:53:34,101: initialization complete, waiting for shutdown
[rosmaster.main][INFO] 2019-06-24 12:53:34,101: Starting ROS Master Node
[xmlrpc][INFO] 2019-06-24 12:53:34,102: XML-RPC server binding to 0.0.0.0:11311
[xmlrpc][INFO] 2019-06-24 12:53:34,103: Started XML-RPC server [http://dc5b429f784e:11311/]
[rosmaster.master][INFO] 2019-06-24 12:53:34,103: Master initialized: port[11311], uri[http://dc5b429f784e:11311/]
[xmlrpc][INFO] 2019-06-24 12:53:34,103: xml rpc node: starting XML-RPC server
[rosmaster.master][INFO] 2019-06-24 12:53:34,151: +PARAM [/run_id] by /roslaunch
[rosmaster.master][INFO] 2019-06-24 12:53:34,154: +PARAM [/roslaunch/uris/host_dc5b429f784e__36657] by /roslaunch
[rosmaster.master][INFO] 2019-06-24 12:53:34,519: +PARAM [/rosversion] by /roslaunch
[rosmaster.master][INFO] 2019-06-24 12:53:34,520: +PARAM [/use_sim_time] by /roslaunch
[rosmaster.master][INFO] 2019-06-24 12:53:34,520: +PARAM [/rosdistro] by /roslaunch
[rosmaster.master][INFO] 2019-06-24 12:53:34,520: +PARAM [/robot_description] by /roslaunch
[rosmaster.master][INFO] 2019-06-24 12:53:34,534: +SERVICE [/rosout/get_loggers] /rosout http://dc5b429f784e:39623/
[rosmaster.master][INFO] 2019-06-24 12:53:34,535: +SERVICE [/rosout/set_logger_level] /rosout http://dc5b429f784e:39623/
[rosmaster.master][INFO] 2019-06-24 12:53:34,542: +SUB [/clock] /rosout http://dc5b429f784e:39623/
[rosmaster.master][INFO] 2019-06-24 12:53:34,543: +PUB [/rosout_agg] /rosout http://dc5b429f784e:39623/
[rosmaster.master][INFO] 2019-06-24 12:53:34,549: +SUB [/rosout] /rosout http://dc5b429f784e:39623/
[rosmaster.master][INFO] 2019-06-24 12:53:35,273: +PUB [/rosout] /gazebo http://dc5b429f784e:43657/
[rosmaster.master][INFO] 2019-06-24 12:53:35,275: +SERVICE [/gazebo/get_loggers] /gazebo http://dc5b429f784e:43657/
[rosmaster.master][INFO] 2019-06-24 12:53:35,276: +SERVICE [/gazebo/set_logger_level] /gazebo http://dc5b429f784e:43657/
[rosmaster.master][INFO] 2019-06-24 12:53:35,282: +SUB [/clock] /gazebo http://dc5b429f784e:43657/
[rosmaster.master][INFO] 2019-06-24 12:53:35,304: publisherUpdate[/rosout] -> http://dc5b429f784e:39623/ ['http://dc5b429f784e:43657/']
[rosmaster.master][INFO] 2019-06-24 12:53:35,306: publisherUpdate[/rosout] -> http://dc5b429f784e:39623/ ['http://dc5b429f784e:43657/']: sec=0.00, result=[1, '', 0]
[rosmaster.master][INFO] 2019-06-24 12:53:35,612: +PUB [/clock] /gazebo http://dc5b429f784e:43657/
[rosmaster.master][INFO] 2019-06-24 12:53:35,613: +SERVICE [/gazebo/spawn_sdf_model] /gazebo http://dc5b429f784e:43657/
[rosmaster.master][INFO] 2019-06-24 12:53:35,614: +SERVICE [/gazebo/spawn_urdf_model] /gazebo http://dc5b429f784e:43657/
[rosmaster.master][INFO] 2019-06-24 12:53:35,615: +SERVICE [/gazebo/delete_model] /gazebo http://dc5b429f784e:43657/
[rosmaster.master][INFO] 2019-06-24 12:53:35,616: +SERVICE [/gazebo/delete_light] /gazebo http://dc5b429f784e:43657/
[rosmaster.master][INFO] 2019-06-24 12:53:35,617: +SERVICE [/gazebo/get_model_properties] /gazebo http://dc5b429f784e:43657/
[rosmaster.master][INFO] 2019-06-24 12:53:35,618: +SERVICE [/gazebo/get_model_state] /gazebo http://dc5b429f784e:43657/
[rosmaster.master][INFO] 2019-06-24 12:53:35,619: +SERVICE [/gazebo/get_world_properties] /gazebo http://dc5b429f784e:43657/
[rosmaster.master][INFO] 2019-06-24 12:53:35,620: +SERVICE [/gazebo/get_joint_properties] /gazebo http://dc5b429f784e:43657/
[rosmaster.master][INFO] 2019-06-24 12:53:35,621: +SERVICE [/gazebo/get_link_properties] /gazebo http://dc5b429f784e:43657/
[rosmaster.master][INFO] 2019-06-24 12:53:35,622: +SERVICE [/gazebo/get_link_state] /gazebo http://dc5b429f784e:43657/
[rosmaster.master][INFO] 2019-06-24 12:53:35,623: +SERVICE [/gazebo/get_light_properties] /gazebo http://dc5b429f784e:43657/
[rosmaster.master][INFO] 2019-06-24 12:53:35,624: +SERVICE [/gazebo/set_light_properties] /gazebo http://dc5b429f784e:43657/
[rosmaster.master][INFO] 2019-06-24 12:53:35,625: +SERVICE [/gazebo/get_physics_properties] /gazebo http://dc5b429f784e:43657/
[rosmaster.master][INFO] 2019-06-24 12:53:35,626: +PUB [/gazebo/link_states] /gazebo http://dc5b429f784e:43657/
[rosmaster.master][INFO] 2019-06-24 12:53:35,627: +PUB [/gazebo/model_states] /gazebo http://dc5b429f784e:43657/
[rosmaster.master][INFO] 2019-06-24 12:53:35,628: +SERVICE [/gazebo/set_link_properties] /gazebo http://dc5b429f784e:43657/
[rosmaster.master][INFO] 2019-06-24 12:53:35,629: +SERVICE [/gazebo/set_physics_properties] /gazebo http://dc5b429f784e:43657/
[rosmaster.master][INFO] 2019-06-24 12:53:35,631: +SERVICE [/gazebo/set_model_state] /gazebo http://dc5b429f784e:43657/
[rosmaster.master][INFO] 2019-06-24 12:53:35,632: +SERVICE [/gazebo/set_model_configuration] /gazebo http://dc5b429f784e:43657/
[rosmaster.master][INFO] 2019-06-24 12:53:35,633: +SERVICE [/gazebo/set_joint_properties] /gazebo http://dc5b429f784e:43657/
[rosmaster.master][INFO] 2019-06-24 12:53:35,634: +SERVICE [/gazebo/set_link_state] /gazebo http://dc5b429f784e:43657/
[rosmaster.master][INFO] 2019-06-24 12:53:35,640: +SUB [/gazebo/set_link_state] /gazebo http://dc5b429f784e:43657/
[rosmaster.master][INFO] 2019-06-24 12:53:35,645: +SUB [/gazebo/set_model_state] /gazebo http://dc5b429f784e:43657/
[rosmaster.master][INFO] 2019-06-24 12:53:35,647: publisherUpdate[/clock] -> http://dc5b429f784e:39623/ ['http://dc5b429f784e:43657/']
[rosmaster.master][INFO] 2019-06-24 12:53:35,647: +SERVICE [/gazebo/pause_physics] /gazebo http://dc5b429f784e:43657/
[rosmaster.master][INFO] 2019-06-24 12:53:35,649: publisherUpdate[/clock] -> http://dc5b429f784e:39623/ ['http://dc5b429f784e:43657/']: sec=0.00, result=[1, '', 0]
[rosmaster.master][INFO] 2019-06-24 12:53:35,650: +SERVICE [/gazebo/unpause_physics] /gazebo http://dc5b429f784e:43657/
[rosmaster.master][INFO] 2019-06-24 12:53:35,650: publisherUpdate[/clock] -> http://dc5b429f784e:43657/ ['http://dc5b429f784e:43657/']
[rosmaster.master][INFO] 2019-06-24 12:53:35,652: +SERVICE [/gazebo/apply_body_wrench] /gazebo http://dc5b429f784e:43657/
[rosmaster.master][INFO] 2019-06-24 12:53:35,653: publisherUpdate[/clock] -> http://dc5b429f784e:43657/ ['http://dc5b429f784e:43657/']: sec=0.00, result=[1, '', 0]
[rosmaster.master][INFO] 2019-06-24 12:53:35,654: +SERVICE [/gazebo/apply_joint_effort] /gazebo http://dc5b429f784e:43657/
[rosmaster.master][INFO] 2019-06-24 12:53:35,656: +SERVICE [/gazebo/clear_joint_forces] /gazebo http://dc5b429f784e:43657/
[rosmaster.master][INFO] 2019-06-24 12:53:35,657: +SERVICE [/gazebo/clear_body_wrenches] /gazebo http://dc5b429f784e:43657/
[rosmaster.master][INFO] 2019-06-24 12:53:35,658: +SERVICE [/gazebo/reset_simulation] /gazebo http://dc5b429f784e:43657/
[rosmaster.master][INFO] 2019-06-24 12:53:35,660: +SERVICE [/gazebo/reset_world] /gazebo http://dc5b429f784e:43657/
[rosmaster.master][INFO] 2019-06-24 12:53:35,693: +SERVICE [/gazebo/set_parameters] /gazebo http://dc5b429f784e:43657/
[rosmaster.master][INFO] 2019-06-24 12:53:35,695: +PUB [/gazebo/parameter_descriptions] /gazebo http://dc5b429f784e:43657/
[rosmaster.master][INFO] 2019-06-24 12:53:35,696: +PUB [/gazebo/parameter_updates] /gazebo http://dc5b429f784e:43657/
[rosmaster.master][INFO] 2019-06-24 12:53:35,712: +PARAM [/gazebo/time_step] by /gazebo
[rosmaster.master][INFO] 2019-06-24 12:53:35,714: +PARAM [/gazebo/max_update_rate] by /gazebo
[rosmaster.master][INFO] 2019-06-24 12:53:35,715: +PARAM [/gazebo/gravity_x] by /gazebo
[rosmaster.master][INFO] 2019-06-24 12:53:35,716: +PARAM [/gazebo/gravity_y] by /gazebo
[rosmaster.master][INFO] 2019-06-24 12:53:35,718: +PARAM [/gazebo/gravity_z] by /gazebo
[rosmaster.master][INFO] 2019-06-24 12:53:35,719: +PARAM [/gazebo/auto_disable_bodies] by /gazebo
[rosmaster.master][INFO] 2019-06-24 12:53:35,720: +PARAM [/gazebo/sor_pgs_precon_iters] by /gazebo
[rosmaster.master][INFO] 2019-06-24 12:53:35,721: +PARAM [/gazebo/sor_pgs_iters] by /gazebo
[rosmaster.master][INFO] 2019-06-24 12:53:35,722: +PARAM [/gazebo/sor_pgs_w] by /gazebo
[rosmaster.master][INFO] 2019-06-24 12:53:35,723: +PARAM [/gazebo/sor_pgs_rms_error_tol] by /gazebo
[rosmaster.master][INFO] 2019-06-24 12:53:35,724: +PARAM [/gazebo/cfm] by /gazebo
[rosmaster.master][INFO] 2019-06-24 12:53:35,727: +PARAM [/gazebo/erp] by /gazebo
[rosmaster.master][INFO] 2019-06-24 12:53:35,728: +PARAM [/gazebo/contact_surface_layer] by /gazebo
[rosmaster.master][INFO] 2019-06-24 12:53:35,729: +PARAM [/gazebo/contact_max_correcting_vel] by /gazebo
[rosmaster.master][INFO] 2019-06-24 12:53:35,730: +PARAM [/gazebo/max_contacts] by /gazebo
[rosmaster.master][INFO] 2019-06-24 12:53:35,734: +PARAM [/gazebo/time_step] by /gazebo
[rosmaster.master][INFO] 2019-06-24 12:53:35,735: +PARAM [/gazebo/max_update_rate] by /gazebo
[rosmaster.master][INFO] 2019-06-24 12:53:35,738: +PARAM [/gazebo/gravity_x] by /gazebo
[rosmaster.master][INFO] 2019-06-24 12:53:35,739: +PARAM [/gazebo/gravity_y] by /gazebo
[rosmaster.master][INFO] 2019-06-24 12:53:35,740: +PARAM [/gazebo/gravity_z] by /gazebo
[rosmaster.master][INFO] 2019-06-24 12:53:35,741: +PARAM [/gazebo/auto_disable_bodies] by /gazebo
[rosmaster.master][INFO] 2019-06-24 12:53:35,742: +PARAM [/gazebo/sor_pgs_precon_iters] by /gazebo
[rosmaster.master][INFO] 2019-06-24 12:53:35,744: +PARAM [/gazebo/sor_pgs_iters] by /gazebo
[rosmaster.master][INFO] 2019-06-24 12:53:35,745: +PARAM [/gazebo/sor_pgs_w] by /gazebo
[rosmaster.master][INFO] 2019-06-24 12:53:35,746: +PARAM [/gazebo/sor_pgs_rms_error_tol] by /gazebo
[rosmaster.master][INFO] 2019-06-24 12:53:35,747: +PARAM [/gazebo/cfm] by /gazebo
[rosmaster.master][INFO] 2019-06-24 12:53:35,748: +PARAM [/gazebo/erp] by /gazebo
[rosmaster.master][INFO] 2019-06-24 12:53:35,750: +PARAM [/gazebo/contact_surface_layer] by /gazebo
[rosmaster.master][INFO] 2019-06-24 12:53:35,752: +PARAM [/gazebo/contact_max_correcting_vel] by /gazebo
[rosmaster.master][INFO] 2019-06-24 12:53:35,754: +PARAM [/gazebo/max_contacts] by /gazebo
[rosmaster.master][INFO] 2019-06-24 12:53:36,327: +PUB [/rosout] /urdf_spawner http://dc5b429f784e:35309/
[rosmaster.master][INFO] 2019-06-24 12:53:36,332: +SUB [/clock] /urdf_spawner http://dc5b429f784e:35309/
[rosmaster.master][INFO] 2019-06-24 12:53:36,334: +SERVICE [/urdf_spawner/get_loggers] /urdf_spawner http://dc5b429f784e:35309/
[rosmaster.master][INFO] 2019-06-24 12:53:36,335: +SERVICE [/urdf_spawner/set_logger_level] /urdf_spawner http://dc5b429f784e:35309/
[rosmaster.master][INFO] 2019-06-24 12:53:36,355: publisherUpdate[/rosout] -> http://dc5b429f784e:39623/ ['http://dc5b429f784e:43657/', 'http://dc5b429f784e:35309/']
[rosmaster.master][INFO] 2019-06-24 12:53:36,356: publisherUpdate[/rosout] -> http://dc5b429f784e:39623/ ['http://dc5b429f784e:43657/', 'http://dc5b429f784e:35309/']: sec=0.00, result=[1, '', 0]
[rosmaster.master][INFO] 2019-06-24 12:53:36,547: -SUB [/clock] /urdf_spawner http://dc5b429f784e:35309/
[rosmaster.master][INFO] 2019-06-24 12:53:36,547: -PUB [/rosout] /urdf_spawner http://dc5b429f784e:35309/
[rosmaster.master][INFO] 2019-06-24 12:53:36,547: -SERVICE [/urdf_spawner/set_logger_level] /urdf_spawner rosrpc://dc5b429f784e:46637
[rosmaster.master][INFO] 2019-06-24 12:53:36,547: -SERVICE [/urdf_spawner/get_loggers] /urdf_spawner rosrpc://dc5b429f784e:46637
[rosmaster.master][INFO] 2019-06-24 12:53:36,557: publisherUpdate[/rosout] -> http://dc5b429f784e:39623/ ['http://dc5b429f784e:43657/']
[rosmaster.master][INFO] 2019-06-24 12:53:36,558: publisherUpdate[/rosout] -> http://dc5b429f784e:39623/ ['http://dc5b429f784e:43657/']: sec=0.00, result=[1, '', 0]
[rosmaster.master][ERROR] 2019-06-24 12:53:36,571: Traceback (most recent call last):
  File "/opt/ros/kinetic/lib/python2.7/dist-packages/rosmaster/master_api.py", line 177, in validated_f
    code, msg, val = f(*newArgs, **kwds)
  File "/opt/ros/kinetic/lib/python2.7/dist-packages/rosmaster/master_api.py", line 435, in searchParam
    search_key = self.param_server.search_param(caller_id, key)
  File "/opt/ros/kinetic/lib/python2.7/dist-packages/rosmaster/paramserver.py", line 116, in search_param
    raise ValueError("namespace must be global")
ValueError: namespace must be global

[rosmaster.master][INFO] 2019-06-24 12:53:36,573: +PUB [/p3dx/laser/scan] /gazebo http://dc5b429f784e:43657/
[rosmaster.master][ERROR] 2019-06-24 12:53:36,656: Traceback (most recent call last):
  File "/opt/ros/kinetic/lib/python2.7/dist-packages/rosmaster/master_api.py", line 177, in validated_f
    code, msg, val = f(*newArgs, **kwds)
  File "/opt/ros/kinetic/lib/python2.7/dist-packages/rosmaster/master_api.py", line 435, in searchParam
    search_key = self.param_server.search_param(caller_id, key)
  File "/opt/ros/kinetic/lib/python2.7/dist-packages/rosmaster/paramserver.py", line 116, in search_param
    raise ValueError("namespace must be global")
ValueError: namespace must be global

[rosmaster.master][INFO] 2019-06-24 12:53:36,658: +PUB [/tf] /gazebo http://dc5b429f784e:43657/
[rosmaster.master][INFO] 2019-06-24 12:53:36,664: +SUB [/cmd_vel] /gazebo http://dc5b429f784e:43657/
[rosmaster.master][INFO] 2019-06-24 12:53:36,666: +PUB [/odom] /gazebo http://dc5b429f784e:43657/
[rosmaster.master][INFO] 2019-06-24 12:53:36,677: +PUB [/p3dx/base_pose_ground_truth] /gazebo http://dc5b429f784e:43657/
[rosmaster.master][INFO] 2019-06-24 12:55:25,339: -SUB [/gazebo/set_link_state] /gazebo http://dc5b429f784e:43657/
[rosmaster.master][INFO] 2019-06-24 12:55:25,341: -SUB [/gazebo/set_model_state] /gazebo http://dc5b429f784e:43657/
[rosmaster.master][INFO] 2019-06-24 12:55:25,343: -PUB [/clock] /gazebo http://dc5b429f784e:43657/
[rosmaster.master][INFO] 2019-06-24 12:55:25,345: -PUB [/gazebo/link_states] /gazebo http://dc5b429f784e:43657/
[rosmaster.master][INFO] 2019-06-24 12:55:25,346: -PUB [/gazebo/model_states] /gazebo http://dc5b429f784e:43657/
[rosmaster.master][INFO] 2019-06-24 12:55:25,348: -SERVICE [/gazebo/spawn_sdf_model] /gazebo rosrpc://dc5b429f784e:38377
[rosmaster.master][INFO] 2019-06-24 12:55:25,349: -SERVICE [/gazebo/spawn_urdf_model] /gazebo rosrpc://dc5b429f784e:38377
[rosmaster.master][INFO] 2019-06-24 12:55:25,351: -SERVICE [/gazebo/delete_model] /gazebo rosrpc://dc5b429f784e:38377
[rosmaster.master][INFO] 2019-06-24 12:55:25,352: -SERVICE [/gazebo/delete_light] /gazebo rosrpc://dc5b429f784e:38377
[rosmaster.master][INFO] 2019-06-24 12:55:25,353: -SERVICE [/gazebo/get_model_properties] /gazebo rosrpc://dc5b429f784e:38377
[rosmaster.master][INFO] 2019-06-24 12:55:25,355: -SERVICE [/gazebo/get_model_state] /gazebo rosrpc://dc5b429f784e:38377
[rosmaster.master][INFO] 2019-06-24 12:55:25,356: -SERVICE [/gazebo/get_world_properties] /gazebo rosrpc://dc5b429f784e:38377
[rosmaster.master][INFO] 2019-06-24 12:55:25,357: -SERVICE [/gazebo/get_joint_properties] /gazebo rosrpc://dc5b429f784e:38377
[rosmaster.master][INFO] 2019-06-24 12:55:25,358: -SERVICE [/gazebo/get_link_properties] /gazebo rosrpc://dc5b429f784e:38377
[rosmaster.master][INFO] 2019-06-24 12:55:25,359: -SERVICE [/gazebo/get_link_state] /gazebo rosrpc://dc5b429f784e:38377
[rosmaster.master][INFO] 2019-06-24 12:55:25,361: -SERVICE [/gazebo/get_light_properties] /gazebo rosrpc://dc5b429f784e:38377
[rosmaster.master][INFO] 2019-06-24 12:55:25,362: -SERVICE [/gazebo/set_light_properties] /gazebo rosrpc://dc5b429f784e:38377
[rosmaster.master][INFO] 2019-06-24 12:55:25,363: -SERVICE [/gazebo/get_physics_properties] /gazebo rosrpc://dc5b429f784e:38377
[rosmaster.master][INFO] 2019-06-24 12:55:25,365: -SERVICE [/gazebo/set_link_properties] /gazebo rosrpc://dc5b429f784e:38377
[rosmaster.master][INFO] 2019-06-24 12:55:25,367: -SERVICE [/gazebo/set_physics_properties] /gazebo rosrpc://dc5b429f784e:38377
[rosmaster.master][INFO] 2019-06-24 12:55:25,369: -SERVICE [/gazebo/set_model_state] /gazebo rosrpc://dc5b429f784e:38377
[rosmaster.master][INFO] 2019-06-24 12:55:25,370: -SERVICE [/gazebo/set_model_configuration] /gazebo rosrpc://dc5b429f784e:38377
[rosmaster.master][INFO] 2019-06-24 12:55:25,372: -SERVICE [/gazebo/set_joint_properties] /gazebo rosrpc://dc5b429f784e:38377
[rosmaster.master][INFO] 2019-06-24 12:55:25,373: -SERVICE [/gazebo/set_link_state] /gazebo rosrpc://dc5b429f784e:38377
[rosmaster.master][INFO] 2019-06-24 12:55:25,375: -SERVICE [/gazebo/pause_physics] /gazebo rosrpc://dc5b429f784e:38377
[rosmaster.master][INFO] 2019-06-24 12:55:25,377: -SERVICE [/gazebo/unpause_physics] /gazebo rosrpc://dc5b429f784e:38377
[rosmaster.master][INFO] 2019-06-24 12:55:25,379: -SERVICE [/gazebo/apply_body_wrench] /gazebo rosrpc://dc5b429f784e:38377
[rosmaster.master][INFO] 2019-06-24 12:55:25,380: -SERVICE [/gazebo/apply_joint_effort] /gazebo rosrpc://dc5b429f784e:38377
[rosmaster.master][INFO] 2019-06-24 12:55:25,382: -SERVICE [/gazebo/clear_joint_forces] /gazebo rosrpc://dc5b429f784e:38377
[rosmaster.master][INFO] 2019-06-24 12:55:25,384: -SERVICE [/gazebo/clear_body_wrenches] /gazebo rosrpc://dc5b429f784e:38377
[rosmaster.master][INFO] 2019-06-24 12:55:25,387: -SERVICE [/gazebo/reset_simulation] /gazebo rosrpc://dc5b429f784e:38377
[rosmaster.master][INFO] 2019-06-24 12:55:25,387: publisherUpdate[/clock] -> http://dc5b429f784e:39623/ []
[rosmaster.master][INFO] 2019-06-24 12:55:25,389: publisherUpdate[/clock] -> http://dc5b429f784e:39623/ []: sec=0.00, result=[1, '', 0]
[rosmaster.master][INFO] 2019-06-24 12:55:25,390: publisherUpdate[/clock] -> http://dc5b429f784e:43657/ []
[rosmaster.master][INFO] 2019-06-24 12:55:25,391: publisherUpdate[/clock] -> http://dc5b429f784e:43657/ []: sec=0.00, result=[1, '', 0]
[rosmaster.master][INFO] 2019-06-24 12:55:25,392: -SERVICE [/gazebo/reset_world] /gazebo rosrpc://dc5b429f784e:38377
[rosmaster.master][INFO] 2019-06-24 12:55:25,395: -PUB [/gazebo/parameter_descriptions] /gazebo http://dc5b429f784e:43657/
[rosmaster.master][INFO] 2019-06-24 12:55:25,397: -PUB [/gazebo/parameter_updates] /gazebo http://dc5b429f784e:43657/
[rosmaster.master][INFO] 2019-06-24 12:55:25,399: -SERVICE [/gazebo/set_parameters] /gazebo rosrpc://dc5b429f784e:38377
[rosmaster.master][INFO] 2019-06-24 12:55:51,268: -PUB [/tf] /gazebo http://dc5b429f784e:43657/
[rosmaster.master][INFO] 2019-06-24 12:56:28,499: +PARAM [/roslaunch/uris/host_dc5b429f784e__45403] by /roslaunch
[rosmaster.master][INFO] 2019-06-24 12:56:28,503: +PARAM [/rosversion] by /roslaunch
[rosmaster.master][INFO] 2019-06-24 12:56:28,503: +PARAM [/use_sim_time] by /roslaunch
[rosmaster.master][INFO] 2019-06-24 12:56:28,503: +PARAM [/rosdistro] by /roslaunch
[rosmaster.master][INFO] 2019-06-24 12:56:28,503: +PARAM [/robot_description] by /roslaunch
[rosmaster.master][INFO] 2019-06-24 12:56:29,419: +PUB [/rosout] /gazebo http://dc5b429f784e:37517/
[rosmaster.master][INFO] 2019-06-24 12:56:29,420: +SERVICE [/gazebo/get_loggers] /gazebo http://dc5b429f784e:37517/
[rosmaster.master][INFO] 2019-06-24 12:56:29,421: +SERVICE [/gazebo/set_logger_level] /gazebo http://dc5b429f784e:37517/
[rosmaster.master][INFO] 2019-06-24 12:56:29,428: +SUB [/clock] /gazebo http://dc5b429f784e:37517/
[rosmaster.master][INFO] 2019-06-24 12:56:29,438: publisherUpdate[/rosout] -> http://dc5b429f784e:39623/ ['http://dc5b429f784e:37517/']
[rosmaster.master][INFO] 2019-06-24 12:56:29,439: publisherUpdate[/rosout] -> http://dc5b429f784e:39623/ ['http://dc5b429f784e:37517/']: sec=0.00, result=[1, '', 0]
[rosmaster.master][INFO] 2019-06-24 12:56:30,282: +PUB [/rosout] /urdf_spawner http://dc5b429f784e:39791/
[rosmaster.master][INFO] 2019-06-24 12:56:30,286: +SUB [/clock] /urdf_spawner http://dc5b429f784e:39791/
[rosmaster.master][INFO] 2019-06-24 12:56:30,288: +SERVICE [/urdf_spawner/get_loggers] /urdf_spawner http://dc5b429f784e:39791/
[rosmaster.master][INFO] 2019-06-24 12:56:30,289: +SERVICE [/urdf_spawner/set_logger_level] /urdf_spawner http://dc5b429f784e:39791/
[rosmaster.master][INFO] 2019-06-24 12:56:30,294: publisherUpdate[/rosout] -> http://dc5b429f784e:39623/ ['http://dc5b429f784e:37517/', 'http://dc5b429f784e:39791/']
[rosmaster.master][INFO] 2019-06-24 12:56:30,295: publisherUpdate[/rosout] -> http://dc5b429f784e:39623/ ['http://dc5b429f784e:37517/', 'http://dc5b429f784e:39791/']: sec=0.00, result=[1, '', 0]
[rosmaster.master][INFO] 2019-06-24 12:57:12,165: -SUB [/clock] /urdf_spawner http://dc5b429f784e:39791/
[rosmaster.master][INFO] 2019-06-24 12:57:12,165: -PUB [/rosout] /urdf_spawner http://dc5b429f784e:39791/
[rosmaster.master][INFO] 2019-06-24 12:57:12,165: -SERVICE [/urdf_spawner/set_logger_level] /urdf_spawner rosrpc://dc5b429f784e:45821
[rosmaster.master][INFO] 2019-06-24 12:57:12,165: -SERVICE [/urdf_spawner/get_loggers] /urdf_spawner rosrpc://dc5b429f784e:45821
[rosmaster.master][INFO] 2019-06-24 12:57:12,247: publisherUpdate[/rosout] -> http://dc5b429f784e:39623/ ['http://dc5b429f784e:37517/']
[rosmaster.master][INFO] 2019-06-24 12:57:12,248: publisherUpdate[/rosout] -> http://dc5b429f784e:39623/ ['http://dc5b429f784e:37517/']: sec=0.00, result=[1, '', 0]
[rosmaster.master][INFO] 2019-06-24 12:59:59,971: +PARAM [/roslaunch/uris/host_dc5b429f784e__37215] by /roslaunch
[rosmaster.master][INFO] 2019-06-24 12:59:59,976: +PARAM [/rosversion] by /roslaunch
[rosmaster.master][INFO] 2019-06-24 12:59:59,977: +PARAM [/use_sim_time] by /roslaunch
[rosmaster.master][INFO] 2019-06-24 12:59:59,977: +PARAM [/rosdistro] by /roslaunch
[rosmaster.master][INFO] 2019-06-24 12:59:59,977: +PARAM [/robot_description] by /roslaunch
[rosmaster.master][INFO] 2019-06-24 13:00:00,952: +PUB [/rosout] /gazebo http://dc5b429f784e:35503/
[rosmaster.master][INFO] 2019-06-24 13:00:00,954: +SERVICE [/gazebo/get_loggers] /gazebo http://dc5b429f784e:35503/
[rosmaster.master][INFO] 2019-06-24 13:00:00,955: +SERVICE [/gazebo/set_logger_level] /gazebo http://dc5b429f784e:35503/
[rosmaster.master][INFO] 2019-06-24 13:00:00,962: +SUB [/clock] /gazebo http://dc5b429f784e:35503/
[rosmaster.master][INFO] 2019-06-24 13:00:00,987: publisherUpdate[/rosout] -> http://dc5b429f784e:39623/ ['http://dc5b429f784e:35503/']
[rosmaster.master][INFO] 2019-06-24 13:00:00,988: publisherUpdate[/rosout] -> http://dc5b429f784e:39623/ ['http://dc5b429f784e:35503/']: sec=0.00, result=[1, '', 0]
[rosmaster.master][INFO] 2019-06-24 13:00:02,048: +PUB [/rosout] /urdf_spawner http://dc5b429f784e:44177/
[rosmaster.master][INFO] 2019-06-24 13:00:02,052: +SUB [/clock] /urdf_spawner http://dc5b429f784e:44177/
[rosmaster.master][INFO] 2019-06-24 13:00:02,054: +SERVICE [/urdf_spawner/get_loggers] /urdf_spawner http://dc5b429f784e:44177/
[rosmaster.master][INFO] 2019-06-24 13:00:02,055: +SERVICE [/urdf_spawner/set_logger_level] /urdf_spawner http://dc5b429f784e:44177/
[rosmaster.master][INFO] 2019-06-24 13:00:02,091: publisherUpdate[/rosout] -> http://dc5b429f784e:39623/ ['http://dc5b429f784e:35503/', 'http://dc5b429f784e:44177/']
[rosmaster.master][INFO] 2019-06-24 13:00:02,092: publisherUpdate[/rosout] -> http://dc5b429f784e:39623/ ['http://dc5b429f784e:35503/', 'http://dc5b429f784e:44177/']: sec=0.00, result=[1, '', 0]
[rosmaster.master][INFO] 2019-06-24 13:00:56,066: -SUB [/clock] /urdf_spawner http://dc5b429f784e:44177/
[rosmaster.master][INFO] 2019-06-24 13:00:56,067: -PUB [/rosout] /urdf_spawner http://dc5b429f784e:44177/
[rosmaster.master][INFO] 2019-06-24 13:00:56,067: -SERVICE [/urdf_spawner/set_logger_level] /urdf_spawner rosrpc://dc5b429f784e:41623
[rosmaster.master][INFO] 2019-06-24 13:00:56,067: -SERVICE [/urdf_spawner/get_loggers] /urdf_spawner rosrpc://dc5b429f784e:41623
[rosmaster.master][INFO] 2019-06-24 13:00:56,118: publisherUpdate[/rosout] -> http://dc5b429f784e:39623/ ['http://dc5b429f784e:35503/']
[rosmaster.master][INFO] 2019-06-24 13:00:56,119: publisherUpdate[/rosout] -> http://dc5b429f784e:39623/ ['http://dc5b429f784e:35503/']: sec=0.00, result=[1, '', 0]
[rosmaster.master][INFO] 2019-06-24 13:01:38,766: +PARAM [/roslaunch/uris/host_dc5b429f784e__37207] by /roslaunch
[rosmaster.master][INFO] 2019-06-24 13:01:38,771: +PARAM [/rosversion] by /roslaunch
[rosmaster.master][INFO] 2019-06-24 13:01:38,771: +PARAM [/use_sim_time] by /roslaunch
[rosmaster.master][INFO] 2019-06-24 13:01:38,771: +PARAM [/rosdistro] by /roslaunch
[rosmaster.master][INFO] 2019-06-24 13:01:38,771: +PARAM [/robot_description] by /roslaunch
[rosmaster.master][INFO] 2019-06-24 13:01:39,676: +PUB [/rosout] /gazebo http://dc5b429f784e:35143/
[rosmaster.master][INFO] 2019-06-24 13:01:39,678: +SERVICE [/gazebo/get_loggers] /gazebo http://dc5b429f784e:35143/
[rosmaster.master][INFO] 2019-06-24 13:01:39,680: +SERVICE [/gazebo/set_logger_level] /gazebo http://dc5b429f784e:35143/
[rosmaster.master][INFO] 2019-06-24 13:01:39,689: +SUB [/clock] /gazebo http://dc5b429f784e:35143/
[rosmaster.master][INFO] 2019-06-24 13:01:39,691: publisherUpdate[/rosout] -> http://dc5b429f784e:39623/ ['http://dc5b429f784e:35143/']
[rosmaster.master][INFO] 2019-06-24 13:01:39,693: publisherUpdate[/rosout] -> http://dc5b429f784e:39623/ ['http://dc5b429f784e:35143/']: sec=0.00, result=[1, '', 0]
[rosmaster.master][INFO] 2019-06-24 13:01:39,984: +PUB [/clock] /gazebo http://dc5b429f784e:35143/
[rosmaster.master][INFO] 2019-06-24 13:01:39,985: +SERVICE [/gazebo/spawn_sdf_model] /gazebo http://dc5b429f784e:35143/
[rosmaster.master][INFO] 2019-06-24 13:01:39,986: +SERVICE [/gazebo/spawn_urdf_model] /gazebo http://dc5b429f784e:35143/
[rosmaster.master][INFO] 2019-06-24 13:01:39,988: +SERVICE [/gazebo/delete_model] /gazebo http://dc5b429f784e:35143/
[rosmaster.master][INFO] 2019-06-24 13:01:39,989: +SERVICE [/gazebo/delete_light] /gazebo http://dc5b429f784e:35143/
[rosmaster.master][INFO] 2019-06-24 13:01:39,991: +SERVICE [/gazebo/get_model_properties] /gazebo http://dc5b429f784e:35143/
[rosmaster.master][INFO] 2019-06-24 13:01:39,992: +SERVICE [/gazebo/get_model_state] /gazebo http://dc5b429f784e:35143/
[rosmaster.master][INFO] 2019-06-24 13:01:39,993: +SERVICE [/gazebo/get_world_properties] /gazebo http://dc5b429f784e:35143/
[rosmaster.master][INFO] 2019-06-24 13:01:39,994: publisherUpdate[/clock] -> http://dc5b429f784e:39623/ ['http://dc5b429f784e:35143/']
[rosmaster.master][INFO] 2019-06-24 13:01:39,994: +SERVICE [/gazebo/get_joint_properties] /gazebo http://dc5b429f784e:35143/
[rosmaster.master][INFO] 2019-06-24 13:01:39,995: publisherUpdate[/clock] -> http://dc5b429f784e:39623/ ['http://dc5b429f784e:35143/']: sec=0.00, result=[1, '', 0]
[rosmaster.master][INFO] 2019-06-24 13:01:39,995: publisherUpdate[/clock] -> http://dc5b429f784e:35143/ ['http://dc5b429f784e:35143/']
[rosmaster.master][INFO] 2019-06-24 13:01:39,997: +SERVICE [/gazebo/get_link_properties] /gazebo http://dc5b429f784e:35143/
[rosmaster.master][INFO] 2019-06-24 13:01:39,997: publisherUpdate[/clock] -> http://dc5b429f784e:35143/ ['http://dc5b429f784e:35143/']: sec=0.00, result=[1, '', 0]
[rosmaster.master][INFO] 2019-06-24 13:01:39,998: +SERVICE [/gazebo/get_link_state] /gazebo http://dc5b429f784e:35143/
[rosmaster.master][INFO] 2019-06-24 13:01:39,999: +SERVICE [/gazebo/get_light_properties] /gazebo http://dc5b429f784e:35143/
[rosmaster.master][INFO] 2019-06-24 13:01:40,000: +SERVICE [/gazebo/set_light_properties] /gazebo http://dc5b429f784e:35143/
[rosmaster.master][INFO] 2019-06-24 13:01:40,001: +SERVICE [/gazebo/get_physics_properties] /gazebo http://dc5b429f784e:35143/
[rosmaster.master][INFO] 2019-06-24 13:01:40,002: +PUB [/gazebo/link_states] /gazebo http://dc5b429f784e:35143/
[rosmaster.master][INFO] 2019-06-24 13:01:40,003: +PUB [/gazebo/model_states] /gazebo http://dc5b429f784e:35143/
[rosmaster.master][INFO] 2019-06-24 13:01:40,004: +SERVICE [/gazebo/set_link_properties] /gazebo http://dc5b429f784e:35143/
[rosmaster.master][INFO] 2019-06-24 13:01:40,005: +SERVICE [/gazebo/set_physics_properties] /gazebo http://dc5b429f784e:35143/
[rosmaster.master][INFO] 2019-06-24 13:01:40,006: +SERVICE [/gazebo/set_model_state] /gazebo http://dc5b429f784e:35143/
[rosmaster.master][INFO] 2019-06-24 13:01:40,007: +SERVICE [/gazebo/set_model_configuration] /gazebo http://dc5b429f784e:35143/
[rosmaster.master][INFO] 2019-06-24 13:01:40,008: +SERVICE [/gazebo/set_joint_properties] /gazebo http://dc5b429f784e:35143/
[rosmaster.master][INFO] 2019-06-24 13:01:40,009: +SERVICE [/gazebo/set_link_state] /gazebo http://dc5b429f784e:35143/
[rosmaster.master][INFO] 2019-06-24 13:01:40,015: +SUB [/gazebo/set_link_state] /gazebo http://dc5b429f784e:35143/
[rosmaster.master][INFO] 2019-06-24 13:01:40,020: +SUB [/gazebo/set_model_state] /gazebo http://dc5b429f784e:35143/
[rosmaster.master][INFO] 2019-06-24 13:01:40,021: +SERVICE [/gazebo/pause_physics] /gazebo http://dc5b429f784e:35143/
[rosmaster.master][INFO] 2019-06-24 13:01:40,022: +SERVICE [/gazebo/unpause_physics] /gazebo http://dc5b429f784e:35143/
[rosmaster.master][INFO] 2019-06-24 13:01:40,023: +SERVICE [/gazebo/apply_body_wrench] /gazebo http://dc5b429f784e:35143/
[rosmaster.master][INFO] 2019-06-24 13:01:40,025: +SERVICE [/gazebo/apply_joint_effort] /gazebo http://dc5b429f784e:35143/
[rosmaster.master][INFO] 2019-06-24 13:01:40,026: +SERVICE [/gazebo/clear_joint_forces] /gazebo http://dc5b429f784e:35143/
[rosmaster.master][INFO] 2019-06-24 13:01:40,027: +SERVICE [/gazebo/clear_body_wrenches] /gazebo http://dc5b429f784e:35143/
[rosmaster.master][INFO] 2019-06-24 13:01:40,029: +SERVICE [/gazebo/reset_simulation] /gazebo http://dc5b429f784e:35143/
[rosmaster.master][INFO] 2019-06-24 13:01:40,030: +SERVICE [/gazebo/reset_world] /gazebo http://dc5b429f784e:35143/
[rosmaster.master][INFO] 2019-06-24 13:01:40,064: +SERVICE [/gazebo/set_parameters] /gazebo http://dc5b429f784e:35143/
[rosmaster.master][INFO] 2019-06-24 13:01:40,065: +PUB [/gazebo/parameter_descriptions] /gazebo http://dc5b429f784e:35143/
[rosmaster.master][INFO] 2019-06-24 13:01:40,066: +PUB [/gazebo/parameter_updates] /gazebo http://dc5b429f784e:35143/
[rosmaster.master][INFO] 2019-06-24 13:01:40,080: +PARAM [/gazebo/time_step] by /gazebo
[rosmaster.master][INFO] 2019-06-24 13:01:40,082: +PARAM [/gazebo/max_update_rate] by /gazebo
[rosmaster.master][INFO] 2019-06-24 13:01:40,083: +PARAM [/gazebo/gravity_x] by /gazebo
[rosmaster.master][INFO] 2019-06-24 13:01:40,084: +PARAM [/gazebo/gravity_y] by /gazebo
[rosmaster.master][INFO] 2019-06-24 13:01:40,085: +PARAM [/gazebo/gravity_z] by /gazebo
[rosmaster.master][INFO] 2019-06-24 13:01:40,086: +PARAM [/gazebo/auto_disable_bodies] by /gazebo
[rosmaster.master][INFO] 2019-06-24 13:01:40,087: +PARAM [/gazebo/sor_pgs_precon_iters] by /gazebo
[rosmaster.master][INFO] 2019-06-24 13:01:40,088: +PARAM [/gazebo/sor_pgs_iters] by /gazebo
[rosmaster.master][INFO] 2019-06-24 13:01:40,089: +PARAM [/gazebo/sor_pgs_w] by /gazebo
[rosmaster.master][INFO] 2019-06-24 13:01:40,090: +PARAM [/gazebo/sor_pgs_rms_error_tol] by /gazebo
[rosmaster.master][INFO] 2019-06-24 13:01:40,091: +PARAM [/gazebo/cfm] by /gazebo
[rosmaster.master][INFO] 2019-06-24 13:01:40,092: +PARAM [/gazebo/erp] by /gazebo
[rosmaster.master][INFO] 2019-06-24 13:01:40,093: +PARAM [/gazebo/contact_surface_layer] by /gazebo
[rosmaster.master][INFO] 2019-06-24 13:01:40,094: +PARAM [/gazebo/contact_max_correcting_vel] by /gazebo
[rosmaster.master][INFO] 2019-06-24 13:01:40,095: +PARAM [/gazebo/max_contacts] by /gazebo
[rosmaster.master][INFO] 2019-06-24 13:01:40,098: +PARAM [/gazebo/time_step] by /gazebo
[rosmaster.master][INFO] 2019-06-24 13:01:40,099: +PARAM [/gazebo/max_update_rate] by /gazebo
[rosmaster.master][INFO] 2019-06-24 13:01:40,100: +PARAM [/gazebo/gravity_x] by /gazebo
[rosmaster.master][INFO] 2019-06-24 13:01:40,101: +PARAM [/gazebo/gravity_y] by /gazebo
[rosmaster.master][INFO] 2019-06-24 13:01:40,102: +PARAM [/gazebo/gravity_z] by /gazebo
[rosmaster.master][INFO] 2019-06-24 13:01:40,103: +PARAM [/gazebo/auto_disable_bodies] by /gazebo
[rosmaster.master][INFO] 2019-06-24 13:01:40,104: +PARAM [/gazebo/sor_pgs_precon_iters] by /gazebo
[rosmaster.master][INFO] 2019-06-24 13:01:40,105: +PARAM [/gazebo/sor_pgs_iters] by /gazebo
[rosmaster.master][INFO] 2019-06-24 13:01:40,107: +PARAM [/gazebo/sor_pgs_w] by /gazebo
[rosmaster.master][INFO] 2019-06-24 13:01:40,108: +PARAM [/gazebo/sor_pgs_rms_error_tol] by /gazebo
[rosmaster.master][INFO] 2019-06-24 13:01:40,109: +PARAM [/gazebo/cfm] by /gazebo
[rosmaster.master][INFO] 2019-06-24 13:01:40,110: +PARAM [/gazebo/erp] by /gazebo
[rosmaster.master][INFO] 2019-06-24 13:01:40,111: +PARAM [/gazebo/contact_surface_layer] by /gazebo
[rosmaster.master][INFO] 2019-06-24 13:01:40,112: +PARAM [/gazebo/contact_max_correcting_vel] by /gazebo
[rosmaster.master][INFO] 2019-06-24 13:01:40,113: +PARAM [/gazebo/max_contacts] by /gazebo
[rosmaster.master][INFO] 2019-06-24 13:01:40,581: +PUB [/rosout] /urdf_spawner http://dc5b429f784e:41257/
[rosmaster.master][INFO] 2019-06-24 13:01:40,585: +SUB [/clock] /urdf_spawner http://dc5b429f784e:41257/
[rosmaster.master][INFO] 2019-06-24 13:01:40,586: +SERVICE [/urdf_spawner/get_loggers] /urdf_spawner http://dc5b429f784e:41257/
[rosmaster.master][INFO] 2019-06-24 13:01:40,588: +SERVICE [/urdf_spawner/set_logger_level] /urdf_spawner http://dc5b429f784e:41257/
[rosmaster.master][INFO] 2019-06-24 13:01:40,598: publisherUpdate[/rosout] -> http://dc5b429f784e:39623/ ['http://dc5b429f784e:35143/', 'http://dc5b429f784e:41257/']
[rosmaster.master][INFO] 2019-06-24 13:01:40,599: publisherUpdate[/rosout] -> http://dc5b429f784e:39623/ ['http://dc5b429f784e:35143/', 'http://dc5b429f784e:41257/']: sec=0.00, result=[1, '', 0]
[rosmaster.master][INFO] 2019-06-24 13:01:40,911: -SUB [/clock] /urdf_spawner http://dc5b429f784e:41257/
[rosmaster.master][INFO] 2019-06-24 13:01:40,911: -PUB [/rosout] /urdf_spawner http://dc5b429f784e:41257/
[rosmaster.master][INFO] 2019-06-24 13:01:40,911: -SERVICE [/urdf_spawner/set_logger_level] /urdf_spawner rosrpc://dc5b429f784e:46237
[rosmaster.master][INFO] 2019-06-24 13:01:40,911: -SERVICE [/urdf_spawner/get_loggers] /urdf_spawner rosrpc://dc5b429f784e:46237
[rosmaster.master][INFO] 2019-06-24 13:01:40,916: publisherUpdate[/rosout] -> http://dc5b429f784e:39623/ ['http://dc5b429f784e:35143/']
[rosmaster.master][INFO] 2019-06-24 13:01:40,917: publisherUpdate[/rosout] -> http://dc5b429f784e:39623/ ['http://dc5b429f784e:35143/']: sec=0.00, result=[1, '', 0]
[rosmaster.master][ERROR] 2019-06-24 13:01:40,919: Traceback (most recent call last):
  File "/opt/ros/kinetic/lib/python2.7/dist-packages/rosmaster/master_api.py", line 177, in validated_f
    code, msg, val = f(*newArgs, **kwds)
  File "/opt/ros/kinetic/lib/python2.7/dist-packages/rosmaster/master_api.py", line 435, in searchParam
    search_key = self.param_server.search_param(caller_id, key)
  File "/opt/ros/kinetic/lib/python2.7/dist-packages/rosmaster/paramserver.py", line 116, in search_param
    raise ValueError("namespace must be global")
ValueError: namespace must be global

[rosmaster.master][INFO] 2019-06-24 13:01:40,920: +PUB [/p3dx/laser/scan] /gazebo http://dc5b429f784e:35143/
[rosmaster.master][ERROR] 2019-06-24 13:01:41,017: Traceback (most recent call last):
  File "/opt/ros/kinetic/lib/python2.7/dist-packages/rosmaster/master_api.py", line 177, in validated_f
    code, msg, val = f(*newArgs, **kwds)
  File "/opt/ros/kinetic/lib/python2.7/dist-packages/rosmaster/master_api.py", line 435, in searchParam
    search_key = self.param_server.search_param(caller_id, key)
  File "/opt/ros/kinetic/lib/python2.7/dist-packages/rosmaster/paramserver.py", line 116, in search_param
    raise ValueError("namespace must be global")
ValueError: namespace must be global

[rosmaster.master][INFO] 2019-06-24 13:01:41,019: +PUB [/tf] /gazebo http://dc5b429f784e:35143/
[rosmaster.master][INFO] 2019-06-24 13:01:41,025: +SUB [/p3dx/cmd_vel] /gazebo http://dc5b429f784e:35143/
[rosmaster.master][INFO] 2019-06-24 13:01:41,027: +PUB [/p3dx/odom] /gazebo http://dc5b429f784e:35143/
[rosmaster.master][INFO] 2019-06-24 13:01:41,033: +PUB [/p3dx/base_pose_ground_truth] /gazebo http://dc5b429f784e:35143/
[rosmaster.master][INFO] 2019-06-24 13:10:24,108: -SUB [/gazebo/set_link_state] /gazebo http://dc5b429f784e:35143/
[rosmaster.master][INFO] 2019-06-24 13:10:24,109: -SUB [/gazebo/set_model_state] /gazebo http://dc5b429f784e:35143/
[rosmaster.master][INFO] 2019-06-24 13:10:24,111: -PUB [/clock] /gazebo http://dc5b429f784e:35143/
[rosmaster.master][INFO] 2019-06-24 13:10:24,112: -PUB [/gazebo/link_states] /gazebo http://dc5b429f784e:35143/
[rosmaster.master][INFO] 2019-06-24 13:10:24,113: -PUB [/gazebo/model_states] /gazebo http://dc5b429f784e:35143/
[rosmaster.master][INFO] 2019-06-24 13:10:24,115: -SERVICE [/gazebo/spawn_sdf_model] /gazebo rosrpc://dc5b429f784e:54359
[rosmaster.master][INFO] 2019-06-24 13:10:24,117: -SERVICE [/gazebo/spawn_urdf_model] /gazebo rosrpc://dc5b429f784e:54359
[rosmaster.master][INFO] 2019-06-24 13:10:24,118: publisherUpdate[/clock] -> http://dc5b429f784e:39623/ []
[rosmaster.master][INFO] 2019-06-24 13:10:24,118: -SERVICE [/gazebo/delete_model] /gazebo rosrpc://dc5b429f784e:54359
[rosmaster.master][INFO] 2019-06-24 13:10:24,120: publisherUpdate[/clock] -> http://dc5b429f784e:39623/ []: sec=0.00, result=[1, '', 0]
[rosmaster.master][INFO] 2019-06-24 13:10:24,120: publisherUpdate[/clock] -> http://dc5b429f784e:35143/ []
[rosmaster.master][INFO] 2019-06-24 13:10:24,122: -SERVICE [/gazebo/delete_light] /gazebo rosrpc://dc5b429f784e:54359
[rosmaster.master][INFO] 2019-06-24 13:10:24,123: publisherUpdate[/clock] -> http://dc5b429f784e:35143/ []: sec=0.00, result=[1, '', 0]
[rosmaster.master][INFO] 2019-06-24 13:10:24,124: -SERVICE [/gazebo/get_model_properties] /gazebo rosrpc://dc5b429f784e:54359
[rosmaster.master][INFO] 2019-06-24 13:10:24,126: -SERVICE [/gazebo/get_model_state] /gazebo rosrpc://dc5b429f784e:54359
[rosmaster.master][INFO] 2019-06-24 13:10:24,127: -SERVICE [/gazebo/get_world_properties] /gazebo rosrpc://dc5b429f784e:54359
[rosmaster.master][INFO] 2019-06-24 13:10:24,128: -SERVICE [/gazebo/get_joint_properties] /gazebo rosrpc://dc5b429f784e:54359
[rosmaster.master][INFO] 2019-06-24 13:10:24,130: -SERVICE [/gazebo/get_link_properties] /gazebo rosrpc://dc5b429f784e:54359
[rosmaster.master][INFO] 2019-06-24 13:10:24,132: -SERVICE [/gazebo/get_link_state] /gazebo rosrpc://dc5b429f784e:54359
[rosmaster.master][INFO] 2019-06-24 13:10:24,134: -SERVICE [/gazebo/get_light_properties] /gazebo rosrpc://dc5b429f784e:54359
[rosmaster.master][INFO] 2019-06-24 13:10:24,136: -SERVICE [/gazebo/set_light_properties] /gazebo rosrpc://dc5b429f784e:54359
[rosmaster.master][INFO] 2019-06-24 13:10:24,137: -SERVICE [/gazebo/get_physics_properties] /gazebo rosrpc://dc5b429f784e:54359
[rosmaster.master][INFO] 2019-06-24 13:10:24,140: -SERVICE [/gazebo/set_link_properties] /gazebo rosrpc://dc5b429f784e:54359
[rosmaster.master][INFO] 2019-06-24 13:10:24,142: -SERVICE [/gazebo/set_physics_properties] /gazebo rosrpc://dc5b429f784e:54359
[rosmaster.master][INFO] 2019-06-24 13:10:24,143: -SERVICE [/gazebo/set_model_state] /gazebo rosrpc://dc5b429f784e:54359
[rosmaster.master][INFO] 2019-06-24 13:10:24,144: -SERVICE [/gazebo/set_model_configuration] /gazebo rosrpc://dc5b429f784e:54359
[rosmaster.master][INFO] 2019-06-24 13:10:24,146: -SERVICE [/gazebo/set_joint_properties] /gazebo rosrpc://dc5b429f784e:54359
[rosmaster.master][INFO] 2019-06-24 13:10:24,147: -SERVICE [/gazebo/set_link_state] /gazebo rosrpc://dc5b429f784e:54359
[rosmaster.master][INFO] 2019-06-24 13:10:24,148: -SERVICE [/gazebo/pause_physics] /gazebo rosrpc://dc5b429f784e:54359
[rosmaster.master][INFO] 2019-06-24 13:10:24,150: -SERVICE [/gazebo/unpause_physics] /gazebo rosrpc://dc5b429f784e:54359
[rosmaster.master][INFO] 2019-06-24 13:10:24,151: -SERVICE [/gazebo/apply_body_wrench] /gazebo rosrpc://dc5b429f784e:54359
[rosmaster.master][INFO] 2019-06-24 13:10:24,152: -SERVICE [/gazebo/apply_joint_effort] /gazebo rosrpc://dc5b429f784e:54359
[rosmaster.master][INFO] 2019-06-24 13:10:24,153: -SERVICE [/gazebo/clear_joint_forces] /gazebo rosrpc://dc5b429f784e:54359
[rosmaster.master][INFO] 2019-06-24 13:10:24,154: -SERVICE [/gazebo/clear_body_wrenches] /gazebo rosrpc://dc5b429f784e:54359
[rosmaster.master][INFO] 2019-06-24 13:10:24,156: -SERVICE [/gazebo/reset_simulation] /gazebo rosrpc://dc5b429f784e:54359
[rosmaster.master][INFO] 2019-06-24 13:10:24,157: -SERVICE [/gazebo/reset_world] /gazebo rosrpc://dc5b429f784e:54359
[rosmaster.master][INFO] 2019-06-24 13:10:24,160: -PUB [/gazebo/parameter_descriptions] /gazebo http://dc5b429f784e:35143/
[rosmaster.master][INFO] 2019-06-24 13:10:24,161: -PUB [/gazebo/parameter_updates] /gazebo http://dc5b429f784e:35143/
[rosmaster.master][INFO] 2019-06-24 13:10:24,162: -SERVICE [/gazebo/set_parameters] /gazebo rosrpc://dc5b429f784e:54359
[rosmaster.master][INFO] 2019-06-24 13:10:36,029: +PARAM [/roslaunch/uris/host_dc5b429f784e__33577] by /roslaunch
[rosmaster.master][INFO] 2019-06-24 13:10:36,034: +PARAM [/rosversion] by /roslaunch
[rosmaster.master][INFO] 2019-06-24 13:10:36,034: +PARAM [/use_gui] by /roslaunch
[rosmaster.master][INFO] 2019-06-24 13:10:36,034: +PARAM [/rosdistro] by /roslaunch
[rosmaster.master][INFO] 2019-06-24 13:10:36,034: +PARAM [/robot_description] by /roslaunch
[rosmaster.master][INFO] 2019-06-24 13:10:36,721: +PUB [/rosout] /robot_state_publisher http://dc5b429f784e:42419/
[rosmaster.master][INFO] 2019-06-24 13:10:36,722: +SERVICE [/robot_state_publisher/get_loggers] /robot_state_publisher http://dc5b429f784e:42419/
[rosmaster.master][INFO] 2019-06-24 13:10:36,724: +SERVICE [/robot_state_publisher/set_logger_level] /robot_state_publisher http://dc5b429f784e:42419/
[rosmaster.master][INFO] 2019-06-24 13:10:36,731: +SUB [/clock] /robot_state_publisher http://dc5b429f784e:42419/
[rosmaster.master][INFO] 2019-06-24 13:10:36,736: +PUB [/tf] /robot_state_publisher http://dc5b429f784e:42419/
[rosmaster.master][INFO] 2019-06-24 13:10:36,737: +PUB [/tf_static] /robot_state_publisher http://dc5b429f784e:42419/
[rosmaster.master][INFO] 2019-06-24 13:10:36,747: +SUB [/joint_states] /robot_state_publisher http://dc5b429f784e:42419/
[rosmaster.master][INFO] 2019-06-24 13:10:36,778: publisherUpdate[/rosout] -> http://dc5b429f784e:39623/ ['http://dc5b429f784e:35143/', 'http://dc5b429f784e:42419/']
[rosmaster.master][INFO] 2019-06-24 13:10:36,779: publisherUpdate[/rosout] -> http://dc5b429f784e:39623/ ['http://dc5b429f784e:35143/', 'http://dc5b429f784e:42419/']: sec=0.00, result=[1, '', 0]
[rosmaster.master][INFO] 2019-06-24 13:10:37,128: +PUB [/rosout] /joint_state_publisher http://dc5b429f784e:36499/
[rosmaster.master][INFO] 2019-06-24 13:10:37,132: +SUB [/clock] /joint_state_publisher http://dc5b429f784e:36499/
[rosmaster.master][INFO] 2019-06-24 13:10:37,133: +SERVICE [/joint_state_publisher/get_loggers] /joint_state_publisher http://dc5b429f784e:36499/
[rosmaster.master][INFO] 2019-06-24 13:10:37,135: +SERVICE [/joint_state_publisher/set_logger_level] /joint_state_publisher http://dc5b429f784e:36499/
[rosmaster.master][INFO] 2019-06-24 13:10:37,156: +PUB [/rosout] /rviz http://dc5b429f784e:44827/
[rosmaster.master][INFO] 2019-06-24 13:10:37,158: +SERVICE [/rviz/get_loggers] /rviz http://dc5b429f784e:44827/
[rosmaster.master][INFO] 2019-06-24 13:10:37,159: +SERVICE [/rviz/set_logger_level] /rviz http://dc5b429f784e:44827/
[rosmaster.master][INFO] 2019-06-24 13:10:37,168: +SUB [/clock] /rviz http://dc5b429f784e:44827/
[rosmaster.master][INFO] 2019-06-24 13:10:37,172: +PUB [/joint_states] /joint_state_publisher http://dc5b429f784e:36499/
[rosmaster.master][INFO] 2019-06-24 13:10:37,179: publisherUpdate[/rosout] -> http://dc5b429f784e:39623/ ['http://dc5b429f784e:35143/', 'http://dc5b429f784e:42419/', 'http://dc5b429f784e:36499/']
[rosmaster.master][INFO] 2019-06-24 13:10:37,180: publisherUpdate[/rosout] -> http://dc5b429f784e:39623/ ['http://dc5b429f784e:35143/', 'http://dc5b429f784e:42419/', 'http://dc5b429f784e:36499/']: sec=0.00, result=[1, '', 0]
[rosmaster.master][INFO] 2019-06-24 13:10:37,180: publisherUpdate[/rosout] -> http://dc5b429f784e:39623/ ['http://dc5b429f784e:35143/', 'http://dc5b429f784e:42419/', 'http://dc5b429f784e:36499/', 'http://dc5b429f784e:44827/']
[rosmaster.master][INFO] 2019-06-24 13:10:37,181: publisherUpdate[/rosout] -> http://dc5b429f784e:39623/ ['http://dc5b429f784e:35143/', 'http://dc5b429f784e:42419/', 'http://dc5b429f784e:36499/', 'http://dc5b429f784e:44827/']: sec=0.00, result=[1, '', 0]
[rosmaster.master][INFO] 2019-06-24 13:10:37,181: publisherUpdate[/joint_states] -> http://dc5b429f784e:42419/ ['http://dc5b429f784e:36499/']
[rosmaster.master][INFO] 2019-06-24 13:10:37,182: publisherUpdate[/joint_states] -> http://dc5b429f784e:42419/ ['http://dc5b429f784e:36499/']: sec=0.00, result=[1, '', 0]
[rosmaster.master][INFO] 2019-06-24 13:10:37,368: +SUB [/tf] /rviz http://dc5b429f784e:44827/
[rosmaster.master][INFO] 2019-06-24 13:10:37,374: +SUB [/tf_static] /rviz http://dc5b429f784e:44827/
[rosmaster.master][INFO] 2019-06-24 13:10:37,452: +PUB [/initialpose] /rviz http://dc5b429f784e:44827/
[rosmaster.master][INFO] 2019-06-24 13:10:37,454: +PUB [/goal] /rviz http://dc5b429f784e:44827/
[rosmaster.master][INFO] 2019-06-24 13:10:37,458: -PUB [/goal] /rviz http://dc5b429f784e:44827/
[rosmaster.master][INFO] 2019-06-24 13:10:37,460: -PUB [/initialpose] /rviz http://dc5b429f784e:44827/
[rosmaster.master][INFO] 2019-06-24 13:10:37,465: +PUB [/initialpose] /rviz http://dc5b429f784e:44827/
[rosmaster.master][INFO] 2019-06-24 13:10:37,466: +PUB [/goal] /rviz http://dc5b429f784e:44827/
[rosmaster.master][INFO] 2019-06-24 13:10:37,467: +PUB [/move_base_simple/goal] /rviz http://dc5b429f784e:44827/
[rosmaster.master][INFO] 2019-06-24 13:10:37,468: -PUB [/goal] /rviz http://dc5b429f784e:44827/
[rosmaster.master][INFO] 2019-06-24 13:10:37,469: +PUB [/clicked_point] /rviz http://dc5b429f784e:44827/
[rosmaster.master][INFO] 2019-06-24 13:10:37,512: +SERVICE [/rviz/reload_shaders] /rviz http://dc5b429f784e:44827/
[rosmaster.master][INFO] 2019-06-24 13:11:25,650: -PUB [/clicked_point] /rviz http://dc5b429f784e:44827/
[rosmaster.master][INFO] 2019-06-24 13:11:25,651: -PUB [/move_base_simple/goal] /rviz http://dc5b429f784e:44827/
[rosmaster.master][INFO] 2019-06-24 13:11:25,652: -PUB [/initialpose] /rviz http://dc5b429f784e:44827/
[rosmaster.master][INFO] 2019-06-24 13:11:25,658: -SUB [/tf_static] /rviz http://dc5b429f784e:44827/
[rosmaster.master][INFO] 2019-06-24 13:11:25,659: -SUB [/tf] /rviz http://dc5b429f784e:44827/
[rosmaster.master][INFO] 2019-06-24 13:11:25,661: -SERVICE [/rviz/reload_shaders] /rviz rosrpc://dc5b429f784e:49939
[rosmaster.master][INFO] 2019-06-24 13:11:25,789: -PUB [/rosout] /rviz http://dc5b429f784e:44827/
[rosmaster.master][INFO] 2019-06-24 13:11:25,790: -SUB [/clock] /rviz http://dc5b429f784e:44827/
[rosmaster.master][INFO] 2019-06-24 13:11:25,791: -SERVICE [/rviz/get_loggers] /rviz rosrpc://dc5b429f784e:49939
[rosmaster.master][INFO] 2019-06-24 13:11:25,792: -SERVICE [/rviz/set_logger_level] /rviz rosrpc://dc5b429f784e:49939
[rosmaster.master][INFO] 2019-06-24 13:11:25,829: publisherUpdate[/rosout] -> http://dc5b429f784e:39623/ ['http://dc5b429f784e:35143/', 'http://dc5b429f784e:42419/', 'http://dc5b429f784e:36499/']
[rosmaster.master][INFO] 2019-06-24 13:11:25,830: publisherUpdate[/rosout] -> http://dc5b429f784e:39623/ ['http://dc5b429f784e:35143/', 'http://dc5b429f784e:42419/', 'http://dc5b429f784e:36499/']: sec=0.00, result=[1, '', 0]
[rosmaster.master][INFO] 2019-06-24 13:11:52,609: -SUB [/clock] /joint_state_publisher http://dc5b429f784e:36499/
[rosmaster.master][INFO] 2019-06-24 13:11:52,610: -PUB [/joint_states] /joint_state_publisher http://dc5b429f784e:36499/
[rosmaster.master][INFO] 2019-06-24 13:11:52,610: -PUB [/rosout] /joint_state_publisher http://dc5b429f784e:36499/
[rosmaster.master][INFO] 2019-06-24 13:11:52,610: -SERVICE [/joint_state_publisher/get_loggers] /joint_state_publisher rosrpc://dc5b429f784e:34635
[rosmaster.master][INFO] 2019-06-24 13:11:52,610: -SERVICE [/joint_state_publisher/set_logger_level] /joint_state_publisher rosrpc://dc5b429f784e:34635
[rosmaster.master][INFO] 2019-06-24 13:11:52,622: publisherUpdate[/joint_states] -> http://dc5b429f784e:42419/ []
[rosmaster.master][INFO] 2019-06-24 13:11:52,623: publisherUpdate[/joint_states] -> http://dc5b429f784e:42419/ []: sec=0.00, result=[1, '', 0]
[rosmaster.master][INFO] 2019-06-24 13:11:52,623: publisherUpdate[/rosout] -> http://dc5b429f784e:39623/ ['http://dc5b429f784e:35143/', 'http://dc5b429f784e:42419/']
[rosmaster.master][INFO] 2019-06-24 13:11:52,624: publisherUpdate[/rosout] -> http://dc5b429f784e:39623/ ['http://dc5b429f784e:35143/', 'http://dc5b429f784e:42419/']: sec=0.00, result=[1, '', 0]
[rosmaster.master][INFO] 2019-06-24 13:11:52,724: -PUB [/rosout] /robot_state_publisher http://dc5b429f784e:42419/
[rosmaster.master][INFO] 2019-06-24 13:11:52,725: -PUB [/tf] /robot_state_publisher http://dc5b429f784e:42419/
[rosmaster.master][INFO] 2019-06-24 13:11:52,727: -PUB [/tf_static] /robot_state_publisher http://dc5b429f784e:42419/
[rosmaster.master][INFO] 2019-06-24 13:11:52,728: -SUB [/clock] /robot_state_publisher http://dc5b429f784e:42419/
[rosmaster.master][INFO] 2019-06-24 13:11:52,729: -SUB [/joint_states] /robot_state_publisher http://dc5b429f784e:42419/
[rosmaster.master][INFO] 2019-06-24 13:11:52,730: -SERVICE [/robot_state_publisher/get_loggers] /robot_state_publisher rosrpc://dc5b429f784e:52937
[rosmaster.master][INFO] 2019-06-24 13:11:52,731: -SERVICE [/robot_state_publisher/set_logger_level] /robot_state_publisher rosrpc://dc5b429f784e:52937
[rosmaster.master][INFO] 2019-06-24 13:11:52,745: publisherUpdate[/rosout] -> http://dc5b429f784e:39623/ ['http://dc5b429f784e:35143/']
[rosmaster.master][INFO] 2019-06-24 13:11:52,747: publisherUpdate[/rosout] -> http://dc5b429f784e:39623/ ['http://dc5b429f784e:35143/']: sec=0.00, result=[1, '', 0]
[rosmaster.master][INFO] 2019-06-24 13:13:39,507: -PUB [/rosout_agg] /rosout http://dc5b429f784e:39623/
[rosmaster.master][INFO] 2019-06-24 13:13:39,508: -SUB [/clock] /rosout http://dc5b429f784e:39623/
[rosmaster.master][INFO] 2019-06-24 13:13:39,509: -SUB [/rosout] /rosout http://dc5b429f784e:39623/
[rosmaster.master][INFO] 2019-06-24 13:13:39,510: -SERVICE [/rosout/get_loggers] /rosout rosrpc://dc5b429f784e:49099
[rosmaster.master][INFO] 2019-06-24 13:13:39,511: -SERVICE [/rosout/set_logger_level] /rosout rosrpc://dc5b429f784e:49099
[rosmaster.main][INFO] 2019-06-24 13:13:39,592: keyboard interrupt, will exit
[rosmaster.main][INFO] 2019-06-24 13:13:39,592: stopping master...
[rospy.core][INFO] 2019-06-24 13:13:39,592: signal_shutdown [atexit]
