

0.000000000  Node Startup
0.000000000 INFO [/tmp/binarydeb/ros-kinetic-roscpp-1.12.13/src/libros/service.cpp:80(service::exists) [topics: /rosout] waitForService: Service [/gazebo/set_physics_properties] has not been advertised, waiting...
0.023000000 INFO [/tmp/binarydeb/ros-kinetic-roscpp-1.12.13/src/libros/service.cpp:122(service::waitForService) [topics: /rosout, /clock, /gazebo/link_states, /gazebo/model_states] waitForService: Service [/gazebo/set_physics_properties] is now available.
0.082000000 INFO [/tmp/binarydeb/ros-kinetic-gazebo-ros-2.5.14/src/gazebo_ros_api_plugin.cpp:2083(GazeboRosApiPlugin::physicsReconfigureThread) [topics: /rosout, /clock, /gazebo/link_states, /gazebo/model_states, /gazebo/parameter_descriptions, /gazebo/parameter_updates] Physics dynamic reconfigure ready.
0.724000000 INFO [/tmp/binarydeb/ros-kinetic-gazebo-plugins-2.5.14/include/gazebo_plugins/gazebo_ros_utils.h:95(__cxx11::string gazebo::GetRobotNamespace) [topics: /rosout, /clock, /gazebo/link_states, /gazebo/model_states, /gazebo/parameter_descriptions, /gazebo/parameter_updates] Laser Plugin: Using the 'robotNamespace' param: '/'
0.724000000 INFO [/tmp/binarydeb/ros-kinetic-gazebo-plugins-2.5.14/src/gazebo_ros_laser.cpp:111(GazeboRosLaser::Load) [topics: /rosout, /clock, /gazebo/link_states, /gazebo/model_states, /gazebo/parameter_descriptions, /gazebo/parameter_updates] Starting Laser Plugin (ns = /)
0.724000000 INFO [/tmp/binarydeb/ros-kinetic-gazebo-plugins-2.5.14/src/gazebo_ros_laser.cpp:135(GazeboRosLaser::LoadThread) [topics: /rosout, /clock, /gazebo/link_states, /gazebo/model_states, /gazebo/parameter_descriptions, /gazebo/parameter_updates] Laser Plugin (ns = /)  <tf_prefix_>, set to ""
0.724000000 INFO [/tmp/binarydeb/ros-kinetic-gazebo-plugins-2.5.14/src/gazebo_ros_utils.cpp:57(GazeboRos::readCommonParameter) [topics: /rosout, /clock, /gazebo/link_states, /gazebo/model_states, /gazebo/parameter_descriptions, /gazebo/parameter_updates, /p3dx/laser/scan] Starting plugin DiffDrive(ns = //)
0.724000000 WARN [/tmp/binarydeb/ros-kinetic-gazebo-plugins-2.5.14/include/gazebo_plugins/gazebo_ros_utils.h:231(GazeboRos::getParameter) [topics: /rosout, /clock, /gazebo/link_states, /gazebo/model_states, /gazebo/parameter_descriptions, /gazebo/parameter_updates, /p3dx/laser/scan] DiffDrive(ns = //): missing <rosDebugLevel> default is na
0.724000000 INFO [/tmp/binarydeb/ros-kinetic-gazebo-plugins-2.5.14/src/gazebo_ros_utils.cpp:93(GazeboRos::readCommonParameter) [topics: /rosout, /clock, /gazebo/link_states, /gazebo/model_states, /gazebo/parameter_descriptions, /gazebo/parameter_updates, /p3dx/laser/scan] DiffDrive(ns = //): <tf_prefix> = 
0.724000000 WARN [/tmp/binarydeb/ros-kinetic-gazebo-plugins-2.5.14/src/gazebo_ros_utils.cpp:101(GazeboRos::getParameterBoolean) [topics: /rosout, /clock, /gazebo/link_states, /gazebo/model_states, /gazebo/parameter_descriptions, /gazebo/parameter_updates, /p3dx/laser/scan] DiffDrive(ns = //): missing <publishWheelTF> default is false
0.724000000 WARN [/tmp/binarydeb/ros-kinetic-gazebo-plugins-2.5.14/src/gazebo_ros_utils.cpp:101(GazeboRos::getParameterBoolean) [topics: /rosout, /clock, /gazebo/link_states, /gazebo/model_states, /gazebo/parameter_descriptions, /gazebo/parameter_updates, /p3dx/laser/scan] DiffDrive(ns = //): missing <publishWheelJointState> default is false
0.724000000 WARN [/tmp/binarydeb/ros-kinetic-gazebo-plugins-2.5.14/src/gazebo_ros_utils.cpp:101(GazeboRos::getParameterBoolean) [topics: /rosout, /clock, /gazebo/link_states, /gazebo/model_states, /gazebo/parameter_descriptions, /gazebo/parameter_updates, /p3dx/laser/scan] DiffDrive(ns = //): missing <legacyMode> default is ture
0.724000000 ERROR [/tmp/binarydeb/ros-kinetic-gazebo-plugins-2.5.14/src/gazebo_ros_diff_drive.cpp:101(GazeboRosDiffDrive::Load) [topics: /rosout, /clock, /gazebo/link_states, /gazebo/model_states, /gazebo/parameter_descriptions, /gazebo/parameter_updates, /p3dx/laser/scan] GazeboRosDiffDrive Plugin missing <legacyMode>, defaults to true
This setting assumes you have a old package, where the right and left wheel are changed to fix a former code issue
To get rid of this error just set <legacyMode> to false if you just created a new package.
To fix an old package you have to exchange left wheel by the right wheel.
If you do not want to fix this issue in an old package or your z axis points down instead of the ROS standard defined in REP 103
just set <legacyMode> to true.

0.724000000 WARN [/tmp/binarydeb/ros-kinetic-gazebo-plugins-2.5.14/include/gazebo_plugins/gazebo_ros_utils.h:231(GazeboRos::getParameter) [topics: /rosout, /clock, /gazebo/link_states, /gazebo/model_states, /gazebo/parameter_descriptions, /gazebo/parameter_updates, /p3dx/laser/scan] DiffDrive(ns = //): missing <wheelAcceleration> default is 0
0.724000000 WARN [/tmp/binarydeb/ros-kinetic-gazebo-plugins-2.5.14/include/gazebo_plugins/gazebo_ros_utils.h:231(GazeboRos::getParameter) [topics: /rosout, /clock, /gazebo/link_states, /gazebo/model_states, /gazebo/parameter_descriptions, /gazebo/parameter_updates, /p3dx/laser/scan] DiffDrive(ns = //): missing <wheelTorque> default is 5
0.724000000 WARN [/tmp/binarydeb/ros-kinetic-gazebo-plugins-2.5.14/include/gazebo_plugins/gazebo_ros_utils.h:263(GazeboRos::getParameter) [topics: /rosout, /clock, /gazebo/link_states, /gazebo/model_states, /gazebo/parameter_descriptions, /gazebo/parameter_updates, /p3dx/laser/scan] DiffDrive(ns = //): missing <odometrySource> default is 1
0.724000000 WARN [/tmp/binarydeb/ros-kinetic-gazebo-plugins-2.5.14/src/gazebo_ros_diff_drive.cpp:126(GazeboRosDiffDrive::Load) [topics: /rosout, /clock, /gazebo/link_states, /gazebo/model_states, /gazebo/parameter_descriptions, /gazebo/parameter_updates, /p3dx/laser/scan] GazeboRosDiffDrive Plugin (ns = ) missing <publishTf>, defaults to 1
0.724000000 INFO [/tmp/binarydeb/ros-kinetic-gazebo-plugins-2.5.14/src/gazebo_ros_diff_drive.cpp:158(GazeboRosDiffDrive::Load) [topics: /rosout, /clock, /gazebo/link_states, /gazebo/model_states, /gazebo/parameter_descriptions, /gazebo/parameter_updates, /p3dx/laser/scan, /tf] DiffDrive(ns = //): Try to subscribe to cmd_vel
0.724000000 INFO [/tmp/binarydeb/ros-kinetic-gazebo-plugins-2.5.14/src/gazebo_ros_diff_drive.cpp:166(GazeboRosDiffDrive::Load) [topics: /rosout, /clock, /gazebo/link_states, /gazebo/model_states, /gazebo/parameter_descriptions, /gazebo/parameter_updates, /p3dx/laser/scan, /tf] DiffDrive(ns = //): Subscribe to cmd_vel
0.724000000 INFO [/tmp/binarydeb/ros-kinetic-gazebo-plugins-2.5.14/src/gazebo_ros_diff_drive.cpp:171(GazeboRosDiffDrive::Load) [topics: /rosout, /clock, /gazebo/link_states, /gazebo/model_states, /gazebo/parameter_descriptions, /gazebo/parameter_updates, /p3dx/laser/scan, /tf, /odom] DiffDrive(ns = //): Advertise odom on odom 
0.000000000 INFO [/tmp/binarydeb/ros-kinetic-gazebo-ros-2.5.14/src/gazebo_ros_api_plugin.cpp:156(GazeboRosApiPlugin::Load) [topics: /rosout] Finished loading Gazebo ROS API Plugin.
0.000000000 INFO [gazebo_interface.py:27(spawn_urdf_model_client) [topics: /clock, /rosout] Waiting for service /gazebo/spawn_urdf_model
0.000000000 INFO [/tmp/binarydeb/ros-kinetic-roscpp-1.12.13/src/libros/service.cpp:80(service::exists) [topics: /rosout] waitForService: Service [/gazebo/set_physics_properties] has not been advertised, waiting...
0.000000000 INFO [gazebo_interface.py:27(spawn_urdf_model_client) [topics: /clock, /rosout] Waiting for service /gazebo/spawn_urdf_model
0.000000000 INFO [/tmp/binarydeb/ros-kinetic-roscpp-1.12.13/src/libros/service.cpp:80(service::exists) [topics: /rosout] waitForService: Service [/gazebo/set_physics_properties] has not been advertised, waiting...
0.023000000 INFO [/tmp/binarydeb/ros-kinetic-roscpp-1.12.13/src/libros/service.cpp:122(service::waitForService) [topics: /rosout, /clock, /gazebo/link_states, /gazebo/model_states] waitForService: Service [/gazebo/set_physics_properties] is now available.
0.071000000 INFO [/tmp/binarydeb/ros-kinetic-gazebo-ros-2.5.14/src/gazebo_ros_api_plugin.cpp:2083(GazeboRosApiPlugin::physicsReconfigureThread) [topics: /rosout, /clock, /gazebo/link_states, /gazebo/model_states, /gazebo/parameter_descriptions, /gazebo/parameter_updates] Physics dynamic reconfigure ready.
0.000000000 INFO [gazebo_interface.py:31(spawn_urdf_model_client) [topics: /clock, /rosout] Calling service /gazebo/spawn_urdf_model
0.720000000 INFO [gazebo_interface.py:33(spawn_urdf_model_client) [topics: /clock, /rosout] Spawn status: SpawnModel: Successfully spawned entity
0.720000000 INFO [/tmp/binarydeb/ros-kinetic-gazebo-plugins-2.5.14/include/gazebo_plugins/gazebo_ros_utils.h:95(__cxx11::string gazebo::GetRobotNamespace) [topics: /rosout, /clock, /gazebo/link_states, /gazebo/model_states, /gazebo/parameter_descriptions, /gazebo/parameter_updates] Laser Plugin: Using the 'robotNamespace' param: '/'
0.720000000 INFO [/tmp/binarydeb/ros-kinetic-gazebo-plugins-2.5.14/src/gazebo_ros_laser.cpp:111(GazeboRosLaser::Load) [topics: /rosout, /clock, /gazebo/link_states, /gazebo/model_states, /gazebo/parameter_descriptions, /gazebo/parameter_updates] Starting Laser Plugin (ns = /)
0.720000000 INFO [/tmp/binarydeb/ros-kinetic-gazebo-plugins-2.5.14/src/gazebo_ros_laser.cpp:135(GazeboRosLaser::LoadThread) [topics: /rosout, /clock, /gazebo/link_states, /gazebo/model_states, /gazebo/parameter_descriptions, /gazebo/parameter_updates] Laser Plugin (ns = /)  <tf_prefix_>, set to ""
0.720000000 INFO [/tmp/binarydeb/ros-kinetic-gazebo-plugins-2.5.14/src/gazebo_ros_utils.cpp:57(GazeboRos::readCommonParameter) [topics: /rosout, /clock, /gazebo/link_states, /gazebo/model_states, /gazebo/parameter_descriptions, /gazebo/parameter_updates, /p3dx/laser/scan] Starting plugin DiffDrive(ns = //)
0.720000000 WARN [/tmp/binarydeb/ros-kinetic-gazebo-plugins-2.5.14/include/gazebo_plugins/gazebo_ros_utils.h:231(GazeboRos::getParameter) [topics: /rosout, /clock, /gazebo/link_states, /gazebo/model_states, /gazebo/parameter_descriptions, /gazebo/parameter_updates, /p3dx/laser/scan] DiffDrive(ns = //): missing <rosDebugLevel> default is na
0.720000000 INFO [/tmp/binarydeb/ros-kinetic-gazebo-plugins-2.5.14/src/gazebo_ros_utils.cpp:93(GazeboRos::readCommonParameter) [topics: /rosout, /clock, /gazebo/link_states, /gazebo/model_states, /gazebo/parameter_descriptions, /gazebo/parameter_updates, /p3dx/laser/scan] DiffDrive(ns = //): <tf_prefix> = 
0.720000000 WARN [/tmp/binarydeb/ros-kinetic-gazebo-plugins-2.5.14/src/gazebo_ros_utils.cpp:101(GazeboRos::getParameterBoolean) [topics: /rosout, /clock, /gazebo/link_states, /gazebo/model_states, /gazebo/parameter_descriptions, /gazebo/parameter_updates, /p3dx/laser/scan] DiffDrive(ns = //): missing <publishWheelTF> default is false
0.720000000 WARN [/tmp/binarydeb/ros-kinetic-gazebo-plugins-2.5.14/src/gazebo_ros_utils.cpp:101(GazeboRos::getParameterBoolean) [topics: /rosout, /clock, /gazebo/link_states, /gazebo/model_states, /gazebo/parameter_descriptions, /gazebo/parameter_updates, /p3dx/laser/scan] DiffDrive(ns = //): missing <publishWheelJointState> default is false
0.720000000 WARN [/tmp/binarydeb/ros-kinetic-gazebo-plugins-2.5.14/src/gazebo_ros_utils.cpp:101(GazeboRos::getParameterBoolean) [topics: /rosout, /clock, /gazebo/link_states, /gazebo/model_states, /gazebo/parameter_descriptions, /gazebo/parameter_updates, /p3dx/laser/scan] DiffDrive(ns = //): missing <legacyMode> default is ture
0.720000000 ERROR [/tmp/binarydeb/ros-kinetic-gazebo-plugins-2.5.14/src/gazebo_ros_diff_drive.cpp:101(GazeboRosDiffDrive::Load) [topics: /rosout, /clock, /gazebo/link_states, /gazebo/model_states, /gazebo/parameter_descriptions, /gazebo/parameter_updates, /p3dx/laser/scan] GazeboRosDiffDrive Plugin missing <legacyMode>, defaults to true
This setting assumes you have a old package, where the right and left wheel are changed to fix a former code issue
To get rid of this error just set <legacyMode> to false if you just created a new package.
To fix an old package you have to exchange left wheel by the right wheel.
If you do not want to fix this issue in an old package or your z axis points down instead of the ROS standard defined in REP 103
just set <legacyMode> to true.

0.720000000 WARN [/tmp/binarydeb/ros-kinetic-gazebo-plugins-2.5.14/include/gazebo_plugins/gazebo_ros_utils.h:231(GazeboRos::getParameter) [topics: /rosout, /clock, /gazebo/link_states, /gazebo/model_states, /gazebo/parameter_descriptions, /gazebo/parameter_updates, /p3dx/laser/scan] DiffDrive(ns = //): missing <wheelAcceleration> default is 0
0.720000000 WARN [/tmp/binarydeb/ros-kinetic-gazebo-plugins-2.5.14/include/gazebo_plugins/gazebo_ros_utils.h:231(GazeboRos::getParameter) [topics: /rosout, /clock, /gazebo/link_states, /gazebo/model_states, /gazebo/parameter_descriptions, /gazebo/parameter_updates, /p3dx/laser/scan] DiffDrive(ns = //): missing <wheelTorque> default is 5
0.720000000 WARN [/tmp/binarydeb/ros-kinetic-gazebo-plugins-2.5.14/include/gazebo_plugins/gazebo_ros_utils.h:263(GazeboRos::getParameter) [topics: /rosout, /clock, /gazebo/link_states, /gazebo/model_states, /gazebo/parameter_descriptions, /gazebo/parameter_updates, /p3dx/laser/scan] DiffDrive(ns = //): missing <odometrySource> default is 1
0.720000000 WARN [/tmp/binarydeb/ros-kinetic-gazebo-plugins-2.5.14/src/gazebo_ros_diff_drive.cpp:126(GazeboRosDiffDrive::Load) [topics: /rosout, /clock, /gazebo/link_states, /gazebo/model_states, /gazebo/parameter_descriptions, /gazebo/parameter_updates, /p3dx/laser/scan] GazeboRosDiffDrive Plugin (ns = ) missing <publishTf>, defaults to 1
0.720000000 INFO [/tmp/binarydeb/ros-kinetic-gazebo-plugins-2.5.14/src/gazebo_ros_diff_drive.cpp:158(GazeboRosDiffDrive::Load) [topics: /rosout, /clock, /gazebo/link_states, /gazebo/model_states, /gazebo/parameter_descriptions, /gazebo/parameter_updates, /p3dx/laser/scan, /tf] DiffDrive(ns = //): Try to subscribe to p3dx/cmd_vel
0.720000000 INFO [/tmp/binarydeb/ros-kinetic-gazebo-plugins-2.5.14/src/gazebo_ros_diff_drive.cpp:166(GazeboRosDiffDrive::Load) [topics: /rosout, /clock, /gazebo/link_states, /gazebo/model_states, /gazebo/parameter_descriptions, /gazebo/parameter_updates, /p3dx/laser/scan, /tf] DiffDrive(ns = //): Subscribe to p3dx/cmd_vel
0.720000000 INFO [/tmp/binarydeb/ros-kinetic-gazebo-plugins-2.5.14/src/gazebo_ros_diff_drive.cpp:171(GazeboRosDiffDrive::Load) [topics: /rosout, /clock, /gazebo/link_states, /gazebo/model_states, /gazebo/parameter_descriptions, /gazebo/parameter_updates, /p3dx/laser/scan, /tf, /p3dx/odom] DiffDrive(ns = //): Advertise odom on p3dx/odom 
0.000000000 WARN [/tmp/binarydeb/ros-kinetic-kdl-parser-1.12.10/src/kdl_parser.cpp:200(treeFromUrdfModel) [topics: /rosout] The root link base_link has an inertia specified in the URDF, but KDL does not support a root link with an inertia.  As a workaround, you can add an extra dummy link to your URDF.
0.000000000 INFO [/tmp/binarydeb/ros-kinetic-rviz-1.12.15/src/rviz/ogre_helpers/render_system.cpp:211(RenderSystem::detectGlVersion) [topics: /rosout] OpenGl version: 3 (GLSL 1.3).
