[rospy.client][INFO] 2019-06-24 12:56:30,178: init_node, name[/urdf_spawner], pid[2408]
[xmlrpc][INFO] 2019-06-24 12:56:30,178: XML-RPC server binding to 0.0.0.0:0
[xmlrpc][INFO] 2019-06-24 12:56:30,179: Started XML-RPC server [http://dc5b429f784e:39791/]
[rospy.impl.masterslave][INFO] 2019-06-24 12:56:30,179: _ready: http://dc5b429f784e:39791/
[rospy.init][INFO] 2019-06-24 12:56:30,179: ROS Slave URI: [http://dc5b429f784e:39791/]
[xmlrpc][INFO] 2019-06-24 12:56:30,180: xml rpc node: starting XML-RPC server
[rospy.registration][INFO] 2019-06-24 12:56:30,180: Registering with master node http://localhost:11311
[rospy.init][INFO] 2019-06-24 12:56:30,280: registered with master
[rospy.rosout][INFO] 2019-06-24 12:56:30,281: initializing /rosout core topic
[rospy.rosout][INFO] 2019-06-24 12:56:30,283: connected to core topic /rosout
[rospy.simtime][INFO] 2019-06-24 12:56:30,284: initializing /clock core topic
[rospy.simtime][INFO] 2019-06-24 12:56:30,287: connected to core topic /clock
[rosout][INFO] 2019-06-24 12:56:30,290: Loading model XML from ros parameter
[rosout][INFO] 2019-06-24 12:56:30,294: Waiting for service /gazebo/spawn_urdf_model
[rospy.internal][INFO] 2019-06-24 12:56:30,497: topic[/rosout] adding connection to [/rosout], count 0
[rospy.core][INFO] 2019-06-24 12:57:12,163: signal_shutdown [signal-2]
[rospy.internal][INFO] 2019-06-24 12:57:12,166: topic[/rosout] removing connection to /rosout
[rospy.impl.masterslave][INFO] 2019-06-24 12:57:12,167: signal-2
[rospy.core][INFO] 2019-06-24 12:57:12,300: signal_shutdown [atexit]
[rospy.client][INFO] 2019-06-24 13:00:01,942: init_node, name[/urdf_spawner], pid[3425]
[xmlrpc][INFO] 2019-06-24 13:00:01,943: XML-RPC server binding to 0.0.0.0:0
[xmlrpc][INFO] 2019-06-24 13:00:01,943: Started XML-RPC server [http://dc5b429f784e:44177/]
[rospy.impl.masterslave][INFO] 2019-06-24 13:00:01,943: _ready: http://dc5b429f784e:44177/
[xmlrpc][INFO] 2019-06-24 13:00:01,944: xml rpc node: starting XML-RPC server
[rospy.init][INFO] 2019-06-24 13:00:01,944: ROS Slave URI: [http://dc5b429f784e:44177/]
[rospy.registration][INFO] 2019-06-24 13:00:01,945: Registering with master node http://localhost:11311
[rospy.init][INFO] 2019-06-24 13:00:02,045: registered with master
[rospy.rosout][INFO] 2019-06-24 13:00:02,046: initializing /rosout core topic
[rospy.rosout][INFO] 2019-06-24 13:00:02,049: connected to core topic /rosout
[rospy.simtime][INFO] 2019-06-24 13:00:02,050: initializing /clock core topic
[rospy.simtime][INFO] 2019-06-24 13:00:02,053: connected to core topic /clock
[rosout][INFO] 2019-06-24 13:00:02,055: Loading model XML from ros parameter
[rosout][INFO] 2019-06-24 13:00:02,059: Waiting for service /gazebo/spawn_urdf_model
[rospy.internal][INFO] 2019-06-24 13:00:02,294: topic[/rosout] adding connection to [/rosout], count 0
[rospy.core][INFO] 2019-06-24 13:00:56,064: signal_shutdown [signal-2]
[rospy.internal][INFO] 2019-06-24 13:00:56,068: topic[/rosout] removing connection to /rosout
[rospy.impl.masterslave][INFO] 2019-06-24 13:00:56,069: signal-2
[rospy.core][INFO] 2019-06-24 13:00:56,186: signal_shutdown [atexit]
[rospy.client][INFO] 2019-06-24 13:01:40,476: init_node, name[/urdf_spawner], pid[3905]
[xmlrpc][INFO] 2019-06-24 13:01:40,477: XML-RPC server binding to 0.0.0.0:0
[xmlrpc][INFO] 2019-06-24 13:01:40,477: Started XML-RPC server [http://dc5b429f784e:41257/]
[rospy.impl.masterslave][INFO] 2019-06-24 13:01:40,477: _ready: http://dc5b429f784e:41257/
[rospy.init][INFO] 2019-06-24 13:01:40,478: ROS Slave URI: [http://dc5b429f784e:41257/]
[xmlrpc][INFO] 2019-06-24 13:01:40,478: xml rpc node: starting XML-RPC server
[rospy.registration][INFO] 2019-06-24 13:01:40,479: Registering with master node http://localhost:11311
[rospy.init][INFO] 2019-06-24 13:01:40,579: registered with master
[rospy.rosout][INFO] 2019-06-24 13:01:40,579: initializing /rosout core topic
[rospy.rosout][INFO] 2019-06-24 13:01:40,581: connected to core topic /rosout
[rospy.simtime][INFO] 2019-06-24 13:01:40,583: initializing /clock core topic
[rospy.simtime][INFO] 2019-06-24 13:01:40,585: connected to core topic /clock
[rosout][INFO] 2019-06-24 13:01:40,588: Loading model XML from ros parameter
[rosout][INFO] 2019-06-24 13:01:40,591: Waiting for service /gazebo/spawn_urdf_model
[rosout][INFO] 2019-06-24 13:01:40,593: Calling service /gazebo/spawn_urdf_model
[rospy.internal][INFO] 2019-06-24 13:01:40,595: topic[/clock] adding connection to [http://dc5b429f784e:35143/], count 0
[rospy.internal][INFO] 2019-06-24 13:01:40,802: topic[/rosout] adding connection to [/rosout], count 0
[rosout][INFO] 2019-06-24 13:01:40,907: Spawn status: SpawnModel: Successfully spawned entity
[rospy.core][INFO] 2019-06-24 13:01:40,908: signal_shutdown [atexit]
[rospy.internal][INFO] 2019-06-24 13:01:40,912: topic[/rosout] removing connection to /rosout
[rospy.internal][INFO] 2019-06-24 13:01:40,913: topic[/clock] removing connection to http://dc5b429f784e:35143/
[rospy.impl.masterslave][INFO] 2019-06-24 13:01:40,913: atexit
