[rospy.client][INFO] 2019-06-25 13:13:55,599: init_node, name[/mybot_spawn], pid[66480]
[xmlrpc][INFO] 2019-06-25 13:13:55,599: XML-RPC server binding to 0.0.0.0:0
[xmlrpc][INFO] 2019-06-25 13:13:55,599: Started XML-RPC server [http://dc5b429f784e:42885/]
[rospy.init][INFO] 2019-06-25 13:13:55,600: ROS Slave URI: [http://dc5b429f784e:42885/]
[rospy.impl.masterslave][INFO] 2019-06-25 13:13:55,600: _ready: http://dc5b429f784e:42885/
[xmlrpc][INFO] 2019-06-25 13:13:55,601: xml rpc node: starting XML-RPC server
[rospy.registration][INFO] 2019-06-25 13:13:55,601: Registering with master node http://localhost:11311
[rospy.init][INFO] 2019-06-25 13:13:55,700: registered with master
[rospy.rosout][INFO] 2019-06-25 13:13:55,701: initializing /rosout core topic
[rospy.rosout][INFO] 2019-06-25 13:13:55,705: connected to core topic /rosout
[rospy.simtime][INFO] 2019-06-25 13:13:55,706: initializing /clock core topic
[rospy.simtime][INFO] 2019-06-25 13:13:55,710: connected to core topic /clock
[rosout][INFO] 2019-06-25 13:13:55,717: Loading model XML from ros parameter
[rospy.internal][INFO] 2019-06-25 13:13:55,720: topic[/clock] adding connection to [http://dc5b429f784e:43543/], count 0
[rosout][INFO] 2019-06-25 13:13:55,723: Waiting for service /gazebo/spawn_urdf_model
[rosout][INFO] 2019-06-25 13:13:55,728: Calling service /gazebo/spawn_urdf_model
[rospy.internal][INFO] 2019-06-25 13:13:55,927: topic[/rosout] adding connection to [/rosout], count 0
[rosout][INFO] 2019-06-25 13:13:56,003: Spawn status: SpawnModel: Successfully spawned entity
[rospy.core][INFO] 2019-06-25 13:13:56,004: signal_shutdown [atexit]
[rospy.internal][INFO] 2019-06-25 13:13:56,007: topic[/rosout] removing connection to /rosout
[rospy.internal][INFO] 2019-06-25 13:13:56,008: topic[/clock] removing connection to http://dc5b429f784e:43543/
[rospy.impl.masterslave][INFO] 2019-06-25 13:13:56,008: atexit
