[0m[ INFO] [1561905088.498584800]: rviz version 1.12.17[0m
[0m[ INFO] [1561905088.498614000]: compiled against Qt version 5.5.1[0m
[0m[ INFO] [1561905088.498620900]: compiled against OGRE version 1.9.0 (Ghadamon)[0m
[0m[ INFO] [1561905088.709319000]: Stereo is NOT SUPPORTED[0m
[0m[ INFO] [1561905088.709402300]: OpenGl version: 3 (GLSL 1.3).[0m
[33m[ WARN] [1561905153.272011300]: TF_OLD_DATA ignoring data from the past for frame link_right_wheel at time 0.051 according to authority unknown_publisher
Possible reasons are listed at http://wiki.ros.org/tf/Errors%20explained[0m
[33m[ WARN] [1561905153.272063900]: TF_OLD_DATA ignoring data from the past for frame link_left_wheel at time 0.051 according to authority unknown_publisher
Possible reasons are listed at http://wiki.ros.org/tf/Errors%20explained[0m
[33m[ WARN] [1561905153.329420000]: TF_OLD_DATA ignoring data from the past for frame link_right_wheel at time 0.1 according to authority unknown_publisher
Possible reasons are listed at http://wiki.ros.org/tf/Errors%20explained[0m
[33m[ WARN] [1561905153.329511200]: TF_OLD_DATA ignoring data from the past for frame link_left_wheel at time 0.1 according to authority unknown_publisher
Possible reasons are listed at http://wiki.ros.org/tf/Errors%20explained[0m
[33m[ WARN] [1561905153.399474200]: TF_OLD_DATA ignoring data from the past for frame link_right_wheel at time 0.15 according to authority unknown_publisher
Possible reasons are listed at http://wiki.ros.org/tf/Errors%20explained[0m
[33m[ WARN] [1561905153.399523300]: TF_OLD_DATA ignoring data from the past for frame link_left_wheel at time 0.15 according to authority unknown_publisher
Possible reasons are listed at http://wiki.ros.org/tf/Errors%20explained[0m
[33m[ WARN] [1561905153.446319000]: TF_OLD_DATA ignoring data from the past for frame link_right_wheel at time 0.201 according to authority unknown_publisher
Possible reasons are listed at http://wiki.ros.org/tf/Errors%20explained[0m
[33m[ WARN] [1561905153.446401000]: TF_OLD_DATA ignoring data from the past for frame link_left_wheel at time 0.201 according to authority unknown_publisher
Possible reasons are listed at http://wiki.ros.org/tf/Errors%20explained[0m
[33m[ WARN] [1561905153.496013100]: TF_OLD_DATA ignoring data from the past for frame link_right_wheel at time 0.25 according to authority unknown_publisher
Possible reasons are listed at http://wiki.ros.org/tf/Errors%20explained[0m
[33m[ WARN] [1561905153.496081000]: TF_OLD_DATA ignoring data from the past for frame link_left_wheel at time 0.25 according to authority unknown_publisher
Possible reasons are listed at http://wiki.ros.org/tf/Errors%20explained[0m
[33m[ WARN] [1561905153.556136000]: TF_OLD_DATA ignoring data from the past for frame link_right_wheel at time 0.3 according to authority unknown_publisher
Possible reasons are listed at http://wiki.ros.org/tf/Errors%20explained[0m
[33m[ WARN] [1561905153.556405200]: TF_OLD_DATA ignoring data from the past for frame link_left_wheel at time 0.3 according to authority unknown_publisher
Possible reasons are listed at http://wiki.ros.org/tf/Errors%20explained[0m
[33m[ WARN] [1561905153.603211000]: TF_OLD_DATA ignoring data from the past for frame link_right_wheel at time 0.351 according to authority unknown_publisher
Possible reasons are listed at http://wiki.ros.org/tf/Errors%20explained[0m
[33m[ WARN] [1561905153.603279600]: TF_OLD_DATA ignoring data from the past for frame link_left_wheel at time 0.351 according to authority unknown_publisher
Possible reasons are listed at http://wiki.ros.org/tf/Errors%20explained[0m
[33m[ WARN] [1561905153.653838700]: TF_OLD_DATA ignoring data from the past for frame link_right_wheel at time 0.401 according to authority unknown_publisher
Possible reasons are listed at http://wiki.ros.org/tf/Errors%20explained[0m
[33m[ WARN] [1561905153.653891000]: TF_OLD_DATA ignoring data from the past for frame link_left_wheel at time 0.401 according to authority unknown_publisher
Possible reasons are listed at http://wiki.ros.org/tf/Errors%20explained[0m
[33m[ WARN] [1561905153.702793000]: TF_OLD_DATA ignoring data from the past for frame link_right_wheel at time 0.45 according to authority unknown_publisher
Possible reasons are listed at http://wiki.ros.org/tf/Errors%20explained[0m
[33m[ WARN] [1561905153.702846000]: TF_OLD_DATA ignoring data from the past for frame link_left_wheel at time 0.45 according to authority unknown_publisher
Possible reasons are listed at http://wiki.ros.org/tf/Errors%20explained[0m
[33m[ WARN] [1561905153.753463600]: TF_OLD_DATA ignoring data from the past for frame link_right_wheel at time 0.5 according to authority unknown_publisher
Possible reasons are listed at http://wiki.ros.org/tf/Errors%20explained[0m
[33m[ WARN] [1561905153.753536700]: TF_OLD_DATA ignoring data from the past for frame link_left_wheel at time 0.5 according to authority unknown_publisher
Possible reasons are listed at http://wiki.ros.org/tf/Errors%20explained[0m
[33m[ WARN] [1561905153.806659300]: TF_OLD_DATA ignoring data from the past for frame link_right_wheel at time 0.551 according to authority unknown_publisher
Possible reasons are listed at http://wiki.ros.org/tf/Errors%20explained[0m
[33m[ WARN] [1561905153.806700700]: TF_OLD_DATA ignoring data from the past for frame link_left_wheel at time 0.551 according to authority unknown_publisher
Possible reasons are listed at http://wiki.ros.org/tf/Errors%20explained[0m
[33m[ WARN] [1561905153.854375500]: TF_OLD_DATA ignoring data from the past for frame link_right_wheel at time 0.6 according to authority unknown_publisher
Possible reasons are listed at http://wiki.ros.org/tf/Errors%20explained[0m
[33m[ WARN] [1561905153.854657400]: TF_OLD_DATA ignoring data from the past for frame link_left_wheel at time 0.6 according to authority unknown_publisher
Possible reasons are listed at http://wiki.ros.org/tf/Errors%20explained[0m
[33m[ WARN] [1561905153.914485300]: TF_OLD_DATA ignoring data from the past for frame link_right_wheel at time 0.651 according to authority unknown_publisher
Possible reasons are listed at http://wiki.ros.org/tf/Errors%20explained[0m
[33m[ WARN] [1561905153.914514600]: TF_OLD_DATA ignoring data from the past for frame link_left_wheel at time 0.651 according to authority unknown_publisher
Possible reasons are listed at http://wiki.ros.org/tf/Errors%20explained[0m
[33m[ WARN] [1561905153.958602000]: TF_OLD_DATA ignoring data from the past for frame link_right_wheel at time 0.701 according to authority unknown_publisher
Possible reasons are listed at http://wiki.ros.org/tf/Errors%20explained[0m
[33m[ WARN] [1561905153.958824900]: TF_OLD_DATA ignoring data from the past for frame link_left_wheel at time 0.701 according to authority unknown_publisher
Possible reasons are listed at http://wiki.ros.org/tf/Errors%20explained[0m
[33m[ WARN] [1561905154.006102300]: TF_OLD_DATA ignoring data from the past for frame link_right_wheel at time 0.75 according to authority unknown_publisher
Possible reasons are listed at http://wiki.ros.org/tf/Errors%20explained[0m
[33m[ WARN] [1561905154.006154400]: TF_OLD_DATA ignoring data from the past for frame link_left_wheel at time 0.75 according to authority unknown_publisher
Possible reasons are listed at http://wiki.ros.org/tf/Errors%20explained[0m
[33m[ WARN] [1561905154.056606500]: TF_OLD_DATA ignoring data from the past for frame link_right_wheel at time 0.801 according to authority unknown_publisher
Possible reasons are listed at http://wiki.ros.org/tf/Errors%20explained[0m
[33m[ WARN] [1561905154.056662500]: TF_OLD_DATA ignoring data from the past for frame link_left_wheel at time 0.801 according to authority unknown_publisher
Possible reasons are listed at http://wiki.ros.org/tf/Errors%20explained[0m
[33m[ WARN] [1561905154.104866900]: TF_OLD_DATA ignoring data from the past for frame link_right_wheel at time 0.851 according to authority unknown_publisher
Possible reasons are listed at http://wiki.ros.org/tf/Errors%20explained[0m
[33m[ WARN] [1561905154.104911600]: TF_OLD_DATA ignoring data from the past for frame link_left_wheel at time 0.851 according to authority unknown_publisher
Possible reasons are listed at http://wiki.ros.org/tf/Errors%20explained[0m
[33m[ WARN] [1561905154.154757500]: TF_OLD_DATA ignoring data from the past for frame link_right_wheel at time 0.9 according to authority unknown_publisher
Possible reasons are listed at http://wiki.ros.org/tf/Errors%20explained[0m
[33m[ WARN] [1561905154.154845600]: TF_OLD_DATA ignoring data from the past for frame link_left_wheel at time 0.9 according to authority unknown_publisher
Possible reasons are listed at http://wiki.ros.org/tf/Errors%20explained[0m
[33m[ WARN] [1561905154.215535200]: TF_OLD_DATA ignoring data from the past for frame link_right_wheel at time 0.951 according to authority unknown_publisher
Possible reasons are listed at http://wiki.ros.org/tf/Errors%20explained[0m
[33m[ WARN] [1561905154.215588800]: TF_OLD_DATA ignoring data from the past for frame link_left_wheel at time 0.951 according to authority unknown_publisher
Possible reasons are listed at http://wiki.ros.org/tf/Errors%20explained[0m
[33m[ WARN] [1561905154.270944800]: TF_OLD_DATA ignoring data from the past for frame link_right_wheel at time 1 according to authority unknown_publisher
Possible reasons are listed at http://wiki.ros.org/tf/Errors%20explained[0m
[33m[ WARN] [1561905154.271001800]: TF_OLD_DATA ignoring data from the past for frame link_left_wheel at time 1 according to authority unknown_publisher
Possible reasons are listed at http://wiki.ros.org/tf/Errors%20explained[0m
[33m[ WARN] [1561905154.315988100]: TF_OLD_DATA ignoring data from the past for frame link_right_wheel at time 1.05 according to authority unknown_publisher
Possible reasons are listed at http://wiki.ros.org/tf/Errors%20explained[0m
[33m[ WARN] [1561905154.316057100]: TF_OLD_DATA ignoring data from the past for frame link_left_wheel at time 1.05 according to authority unknown_publisher
Possible reasons are listed at http://wiki.ros.org/tf/Errors%20explained[0m
[33m[ WARN] [1561905154.359876600]: TF_OLD_DATA ignoring data from the past for frame link_right_wheel at time 1.101 according to authority unknown_publisher
Possible reasons are listed at http://wiki.ros.org/tf/Errors%20explained[0m
[33m[ WARN] [1561905154.359925000]: TF_OLD_DATA ignoring data from the past for frame link_left_wheel at time 1.101 according to authority unknown_publisher
Possible reasons are listed at http://wiki.ros.org/tf/Errors%20explained[0m
[33m[ WARN] [1561905154.410485800]: TF_OLD_DATA ignoring data from the past for frame link_right_wheel at time 1.15 according to authority unknown_publisher
Possible reasons are listed at http://wiki.ros.org/tf/Errors%20explained[0m
[33m[ WARN] [1561905154.410982300]: TF_OLD_DATA ignoring data from the past for frame link_left_wheel at time 1.15 according to authority unknown_publisher
Possible reasons are listed at http://wiki.ros.org/tf/Errors%20explained[0m
[33m[ WARN] [1561905154.460286900]: TF_OLD_DATA ignoring data from the past for frame link_right_wheel at time 1.2 according to authority unknown_publisher
Possible reasons are listed at http://wiki.ros.org/tf/Errors%20explained[0m
[33m[ WARN] [1561905154.460339100]: TF_OLD_DATA ignoring data from the past for frame link_left_wheel at time 1.2 according to authority unknown_publisher
Possible reasons are listed at http://wiki.ros.org/tf/Errors%20explained[0m
[33m[ WARN] [1561905154.510593800]: TF_OLD_DATA ignoring data from the past for frame link_right_wheel at time 1.251 according to authority unknown_publisher
Possible reasons are listed at http://wiki.ros.org/tf/Errors%20explained[0m
[33m[ WARN] [1561905154.510829400]: TF_OLD_DATA ignoring data from the past for frame link_left_wheel at time 1.251 according to authority unknown_publisher
Possible reasons are listed at http://wiki.ros.org/tf/Errors%20explained[0m
[33m[ WARN] [1561905154.560003700]: TF_OLD_DATA ignoring data from the past for frame link_right_wheel at time 1.301 according to authority unknown_publisher
Possible reasons are listed at http://wiki.ros.org/tf/Errors%20explained[0m
[33m[ WARN] [1561905154.560229600]: TF_OLD_DATA ignoring data from the past for frame link_left_wheel at time 1.301 according to authority unknown_publisher
Possible reasons are listed at http://wiki.ros.org/tf/Errors%20explained[0m
[33m[ WARN] [1561905154.609612500]: TF_OLD_DATA ignoring data from the past for frame link_right_wheel at time 1.35 according to authority unknown_publisher
Possible reasons are listed at http://wiki.ros.org/tf/Errors%20explained[0m
[33m[ WARN] [1561905154.609637800]: TF_OLD_DATA ignoring data from the past for frame link_left_wheel at time 1.35 according to authority unknown_publisher
Possible reasons are listed at http://wiki.ros.org/tf/Errors%20explained[0m
[33m[ WARN] [1561905154.660583100]: TF_OLD_DATA ignoring data from the past for frame link_right_wheel at time 1.401 according to authority unknown_publisher
Possible reasons are listed at http://wiki.ros.org/tf/Errors%20explained[0m
[33m[ WARN] [1561905154.660673600]: TF_OLD_DATA ignoring data from the past for frame link_left_wheel at time 1.401 according to authority unknown_publisher
Possible reasons are listed at http://wiki.ros.org/tf/Errors%20explained[0m
[33m[ WARN] [1561905154.710944300]: TF_OLD_DATA ignoring data from the past for frame link_right_wheel at time 1.45 according to authority unknown_publisher
Possible reasons are listed at http://wiki.ros.org/tf/Errors%20explained[0m
[33m[ WARN] [1561905154.710995200]: TF_OLD_DATA ignoring data from the past for frame link_left_wheel at time 1.45 according to authority unknown_publisher
Possible reasons are listed at http://wiki.ros.org/tf/Errors%20explained[0m
[33m[ WARN] [1561905154.761315400]: TF_OLD_DATA ignoring data from the past for frame link_right_wheel at time 1.501 according to authority unknown_publisher
Possible reasons are listed at http://wiki.ros.org/tf/Errors%20explained[0m
[33m[ WARN] [1561905154.761368200]: TF_OLD_DATA ignoring data from the past for frame link_left_wheel at time 1.501 according to authority unknown_publisher
Possible reasons are listed at http://wiki.ros.org/tf/Errors%20explained[0m
[33m[ WARN] [1561905154.811781800]: TF_OLD_DATA ignoring data from the past for frame link_right_wheel at time 1.551 according to authority unknown_publisher
Possible reasons are listed at http://wiki.ros.org/tf/Errors%20explained[0m
[33m[ WARN] [1561905154.811837700]: TF_OLD_DATA ignoring data from the past for frame link_left_wheel at time 1.551 according to authority unknown_publisher
Possible reasons are listed at http://wiki.ros.org/tf/Errors%20explained[0m
[33m[ WARN] [1561905154.872872700]: TF_OLD_DATA ignoring data from the past for frame link_right_wheel at time 1.601 according to authority unknown_publisher
Possible reasons are listed at http://wiki.ros.org/tf/Errors%20explained[0m
[33m[ WARN] [1561905154.873422000]: TF_OLD_DATA ignoring data from the past for frame link_left_wheel at time 1.601 according to authority unknown_publisher
Possible reasons are listed at http://wiki.ros.org/tf/Errors%20explained[0m
[33m[ WARN] [1561905154.923420300]: TF_OLD_DATA ignoring data from the past for frame link_right_wheel at time 1.65 according to authority unknown_publisher
Possible reasons are listed at http://wiki.ros.org/tf/Errors%20explained[0m
[33m[ WARN] [1561905154.923576600]: TF_OLD_DATA ignoring data from the past for frame link_left_wheel at time 1.65 according to authority unknown_publisher
Possible reasons are listed at http://wiki.ros.org/tf/Errors%20explained[0m
[33m[ WARN] [1561905154.972924000]: TF_OLD_DATA ignoring data from the past for frame link_right_wheel at time 1.7 according to authority unknown_publisher
Possible reasons are listed at http://wiki.ros.org/tf/Errors%20explained[0m
[33m[ WARN] [1561905154.972960800]: TF_OLD_DATA ignoring data from the past for frame link_left_wheel at time 1.7 according to authority unknown_publisher
Possible reasons are listed at http://wiki.ros.org/tf/Errors%20explained[0m
[33m[ WARN] [1561905155.024364600]: TF_OLD_DATA ignoring data from the past for frame link_right_wheel at time 1.75 according to authority unknown_publisher
Possible reasons are listed at http://wiki.ros.org/tf/Errors%20explained[0m
[33m[ WARN] [1561905155.024450300]: TF_OLD_DATA ignoring data from the past for frame link_left_wheel at time 1.75 according to authority unknown_publisher
Possible reasons are listed at http://wiki.ros.org/tf/Errors%20explained[0m
[33m[ WARN] [1561905155.079622600]: TF_OLD_DATA ignoring data from the past for frame link_right_wheel at time 1.8 according to authority unknown_publisher
Possible reasons are listed at http://wiki.ros.org/tf/Errors%20explained[0m
[33m[ WARN] [1561905155.079685300]: TF_OLD_DATA ignoring data from the past for frame link_left_wheel at time 1.8 according to authority unknown_publisher
Possible reasons are listed at http://wiki.ros.org/tf/Errors%20explained[0m
[33m[ WARN] [1561905155.129202100]: TF_OLD_DATA ignoring data from the past for frame link_right_wheel at time 1.851 according to authority unknown_publisher
Possible reasons are listed at http://wiki.ros.org/tf/Errors%20explained[0m
[33m[ WARN] [1561905155.129262900]: TF_OLD_DATA ignoring data from the past for frame link_left_wheel at time 1.851 according to authority unknown_publisher
Possible reasons are listed at http://wiki.ros.org/tf/Errors%20explained[0m
[33m[ WARN] [1561905155.176971700]: TF_OLD_DATA ignoring data from the past for frame link_right_wheel at time 1.9 according to authority unknown_publisher
Possible reasons are listed at http://wiki.ros.org/tf/Errors%20explained[0m
[33m[ WARN] [1561905155.177024100]: TF_OLD_DATA ignoring data from the past for frame link_left_wheel at time 1.9 according to authority unknown_publisher
Possible reasons are listed at http://wiki.ros.org/tf/Errors%20explained[0m
[33m[ WARN] [1561905155.226181900]: TF_OLD_DATA ignoring data from the past for frame link_right_wheel at time 1.95 according to authority unknown_publisher
Possible reasons are listed at http://wiki.ros.org/tf/Errors%20explained[0m
[33m[ WARN] [1561905155.226236200]: TF_OLD_DATA ignoring data from the past for frame link_left_wheel at time 1.95 according to authority unknown_publisher
Possible reasons are listed at http://wiki.ros.org/tf/Errors%20explained[0m
[33m[ WARN] [1561905155.293564900]: TF_OLD_DATA ignoring data from the past for frame link_right_wheel at time 2 according to authority unknown_publisher
Possible reasons are listed at http://wiki.ros.org/tf/Errors%20explained[0m
[33m[ WARN] [1561905155.293592900]: TF_OLD_DATA ignoring data from the past for frame link_left_wheel at time 2 according to authority unknown_publisher
Possible reasons are listed at http://wiki.ros.org/tf/Errors%20explained[0m
[33m[ WARN] [1561905155.337346100]: TF_OLD_DATA ignoring data from the past for frame link_right_wheel at time 2.051 according to authority unknown_publisher
Possible reasons are listed at http://wiki.ros.org/tf/Errors%20explained[0m
[33m[ WARN] [1561905155.337379000]: TF_OLD_DATA ignoring data from the past for frame link_left_wheel at time 2.051 according to authority unknown_publisher
Possible reasons are listed at http://wiki.ros.org/tf/Errors%20explained[0m
[33m[ WARN] [1561905155.390409300]: TF_OLD_DATA ignoring data from the past for frame link_right_wheel at time 2.1 according to authority unknown_publisher
Possible reasons are listed at http://wiki.ros.org/tf/Errors%20explained[0m
[33m[ WARN] [1561905155.390460900]: TF_OLD_DATA ignoring data from the past for frame link_left_wheel at time 2.1 according to authority unknown_publisher
Possible reasons are listed at http://wiki.ros.org/tf/Errors%20explained[0m
[33m[ WARN] [1561905155.438151000]: TF_OLD_DATA ignoring data from the past for frame link_right_wheel at time 2.15 according to authority unknown_publisher
Possible reasons are listed at http://wiki.ros.org/tf/Errors%20explained[0m
[33m[ WARN] [1561905155.438234500]: TF_OLD_DATA ignoring data from the past for frame link_left_wheel at time 2.15 according to authority unknown_publisher
Possible reasons are listed at http://wiki.ros.org/tf/Errors%20explained[0m
[33m[ WARN] [1561905155.485642000]: TF_OLD_DATA ignoring data from the past for frame link_right_wheel at time 2.201 according to authority unknown_publisher
Possible reasons are listed at http://wiki.ros.org/tf/Errors%20explained[0m
[33m[ WARN] [1561905155.485725200]: TF_OLD_DATA ignoring data from the past for frame link_left_wheel at time 2.201 according to authority unknown_publisher
Possible reasons are listed at http://wiki.ros.org/tf/Errors%20explained[0m
[33m[ WARN] [1561905155.543636600]: TF_OLD_DATA ignoring data from the past for frame link_right_wheel at time 2.251 according to authority unknown_publisher
Possible reasons are listed at http://wiki.ros.org/tf/Errors%20explained[0m
[33m[ WARN] [1561905155.543689400]: TF_OLD_DATA ignoring data from the past for frame link_left_wheel at time 2.251 according to authority unknown_publisher
Possible reasons are listed at http://wiki.ros.org/tf/Errors%20explained[0m
[33m[ WARN] [1561905155.596694900]: TF_OLD_DATA ignoring data from the past for frame link_right_wheel at time 2.301 according to authority unknown_publisher
Possible reasons are listed at http://wiki.ros.org/tf/Errors%20explained[0m
[33m[ WARN] [1561905155.596809300]: TF_OLD_DATA ignoring data from the past for frame link_left_wheel at time 2.301 according to authority unknown_publisher
Possible reasons are listed at http://wiki.ros.org/tf/Errors%20explained[0m
[33m[ WARN] [1561905155.644799700]: TF_OLD_DATA ignoring data from the past for frame link_right_wheel at time 2.351 according to authority unknown_publisher
Possible reasons are listed at http://wiki.ros.org/tf/Errors%20explained[0m
[33m[ WARN] [1561905155.644844600]: TF_OLD_DATA ignoring data from the past for frame link_left_wheel at time 2.351 according to authority unknown_publisher
Possible reasons are listed at http://wiki.ros.org/tf/Errors%20explained[0m
[33m[ WARN] [1561905155.690232700]: TF_OLD_DATA ignoring data from the past for frame link_right_wheel at time 2.401 according to authority unknown_publisher
Possible reasons are listed at http://wiki.ros.org/tf/Errors%20explained[0m
[33m[ WARN] [1561905155.690269100]: TF_OLD_DATA ignoring data from the past for frame link_left_wheel at time 2.401 according to authority unknown_publisher
Possible reasons are listed at http://wiki.ros.org/tf/Errors%20explained[0m
[33m[ WARN] [1561905155.739384800]: TF_OLD_DATA ignoring data from the past for frame link_right_wheel at time 2.451 according to authority unknown_publisher
Possible reasons are listed at http://wiki.ros.org/tf/Errors%20explained[0m
[33m[ WARN] [1561905155.739415600]: TF_OLD_DATA ignoring data from the past for frame link_left_wheel at time 2.451 according to authority unknown_publisher
Possible reasons are listed at http://wiki.ros.org/tf/Errors%20explained[0m
[33m[ WARN] [1561905155.788165400]: TF_OLD_DATA ignoring data from the past for frame link_right_wheel at time 2.501 according to authority unknown_publisher
Possible reasons are listed at http://wiki.ros.org/tf/Errors%20explained[0m
[33m[ WARN] [1561905155.788353800]: TF_OLD_DATA ignoring data from the past for frame link_left_wheel at time 2.501 according to authority unknown_publisher
Possible reasons are listed at http://wiki.ros.org/tf/Errors%20explained[0m
[33m[ WARN] [1561905155.840174900]: TF_OLD_DATA ignoring data from the past for frame link_right_wheel at time 2.55 according to authority unknown_publisher
Possible reasons are listed at http://wiki.ros.org/tf/Errors%20explained[0m
[33m[ WARN] [1561905155.840405900]: TF_OLD_DATA ignoring data from the past for frame link_left_wheel at time 2.55 according to authority unknown_publisher
Possible reasons are listed at http://wiki.ros.org/tf/Errors%20explained[0m
[33m[ WARN] [1561905155.889450200]: TF_OLD_DATA ignoring data from the past for frame link_right_wheel at time 2.6 according to authority unknown_publisher
Possible reasons are listed at http://wiki.ros.org/tf/Errors%20explained[0m
[33m[ WARN] [1561905155.889488900]: TF_OLD_DATA ignoring data from the past for frame link_left_wheel at time 2.6 according to authority unknown_publisher
Possible reasons are listed at http://wiki.ros.org/tf/Errors%20explained[0m
[33m[ WARN] [1561905155.941348300]: TF_OLD_DATA ignoring data from the past for frame link_right_wheel at time 2.65 according to authority unknown_publisher
Possible reasons are listed at http://wiki.ros.org/tf/Errors%20explained[0m
[33m[ WARN] [1561905155.941414900]: TF_OLD_DATA ignoring data from the past for frame link_left_wheel at time 2.65 according to authority unknown_publisher
Possible reasons are listed at http://wiki.ros.org/tf/Errors%20explained[0m
[33m[ WARN] [1561905155.990913100]: TF_OLD_DATA ignoring data from the past for frame link_right_wheel at time 2.7 according to authority unknown_publisher
Possible reasons are listed at http://wiki.ros.org/tf/Errors%20explained[0m
[33m[ WARN] [1561905155.991015900]: TF_OLD_DATA ignoring data from the past for frame link_left_wheel at time 2.7 according to authority unknown_publisher
Possible reasons are listed at http://wiki.ros.org/tf/Errors%20explained[0m
[33m[ WARN] [1561905156.044444000]: TF_OLD_DATA ignoring data from the past for frame link_right_wheel at time 2.751 according to authority unknown_publisher
Possible reasons are listed at http://wiki.ros.org/tf/Errors%20explained[0m
[33m[ WARN] [1561905156.044477800]: TF_OLD_DATA ignoring data from the past for frame link_left_wheel at time 2.751 according to authority unknown_publisher
Possible reasons are listed at http://wiki.ros.org/tf/Errors%20explained[0m
[33m[ WARN] [1561905156.091549100]: TF_OLD_DATA ignoring data from the past for frame link_right_wheel at time 2.8 according to authority unknown_publisher
Possible reasons are listed at http://wiki.ros.org/tf/Errors%20explained[0m
[33m[ WARN] [1561905156.091617300]: TF_OLD_DATA ignoring data from the past for frame link_left_wheel at time 2.8 according to authority unknown_publisher
Possible reasons are listed at http://wiki.ros.org/tf/Errors%20explained[0m
[33m[ WARN] [1561905156.146289700]: TF_OLD_DATA ignoring data from the past for frame link_right_wheel at time 2.85 according to authority unknown_publisher
Possible reasons are listed at http://wiki.ros.org/tf/Errors%20explained[0m
[33m[ WARN] [1561905156.146345000]: TF_OLD_DATA ignoring data from the past for frame link_left_wheel at time 2.85 according to authority unknown_publisher
Possible reasons are listed at http://wiki.ros.org/tf/Errors%20explained[0m
[33m[ WARN] [1561905156.198165700]: TF_OLD_DATA ignoring data from the past for frame link_right_wheel at time 2.9 according to authority unknown_publisher
Possible reasons are listed at http://wiki.ros.org/tf/Errors%20explained[0m
[33m[ WARN] [1561905156.198198000]: TF_OLD_DATA ignoring data from the past for frame link_left_wheel at time 2.9 according to authority unknown_publisher
Possible reasons are listed at http://wiki.ros.org/tf/Errors%20explained[0m
[33m[ WARN] [1561905156.248415900]: TF_OLD_DATA ignoring data from the past for frame link_right_wheel at time 2.95 according to authority unknown_publisher
Possible reasons are listed at http://wiki.ros.org/tf/Errors%20explained[0m
[33m[ WARN] [1561905156.248445000]: TF_OLD_DATA ignoring data from the past for frame link_left_wheel at time 2.95 according to authority unknown_publisher
Possible reasons are listed at http://wiki.ros.org/tf/Errors%20explained[0m
[33m[ WARN] [1561905156.302908600]: TF_OLD_DATA ignoring data from the past for frame link_right_wheel at time 3 according to authority unknown_publisher
Possible reasons are listed at http://wiki.ros.org/tf/Errors%20explained[0m
[33m[ WARN] [1561905156.302961100]: TF_OLD_DATA ignoring data from the past for frame link_left_wheel at time 3 according to authority unknown_publisher
Possible reasons are listed at http://wiki.ros.org/tf/Errors%20explained[0m
[33m[ WARN] [1561905156.347698500]: TF_OLD_DATA ignoring data from the past for frame link_right_wheel at time 3.05 according to authority unknown_publisher
Possible reasons are listed at http://wiki.ros.org/tf/Errors%20explained[0m
[33m[ WARN] [1561905156.347794300]: TF_OLD_DATA ignoring data from the past for frame link_left_wheel at time 3.05 according to authority unknown_publisher
Possible reasons are listed at http://wiki.ros.org/tf/Errors%20explained[0m
[33m[ WARN] [1561905156.406724700]: TF_OLD_DATA ignoring data from the past for frame link_right_wheel at time 3.101 according to authority unknown_publisher
Possible reasons are listed at http://wiki.ros.org/tf/Errors%20explained[0m
[33m[ WARN] [1561905156.406763600]: TF_OLD_DATA ignoring data from the past for frame link_left_wheel at time 3.101 according to authority unknown_publisher
Possible reasons are listed at http://wiki.ros.org/tf/Errors%20explained[0m
[33m[ WARN] [1561905156.450634500]: TF_OLD_DATA ignoring data from the past for frame link_right_wheel at time 3.15 according to authority unknown_publisher
Possible reasons are listed at http://wiki.ros.org/tf/Errors%20explained[0m
[33m[ WARN] [1561905156.450689300]: TF_OLD_DATA ignoring data from the past for frame link_left_wheel at time 3.15 according to authority unknown_publisher
Possible reasons are listed at http://wiki.ros.org/tf/Errors%20explained[0m
[33m[ WARN] [1561905156.499211800]: TF_OLD_DATA ignoring data from the past for frame link_right_wheel at time 3.201 according to authority unknown_publisher
Possible reasons are listed at http://wiki.ros.org/tf/Errors%20explained[0m
[33m[ WARN] [1561905156.499266600]: TF_OLD_DATA ignoring data from the past for frame link_left_wheel at time 3.201 according to authority unknown_publisher
Possible reasons are listed at http://wiki.ros.org/tf/Errors%20explained[0m
[33m[ WARN] [1561905156.547058700]: TF_OLD_DATA ignoring data from the past for frame link_right_wheel at time 3.251 according to authority unknown_publisher
Possible reasons are listed at http://wiki.ros.org/tf/Errors%20explained[0m
[33m[ WARN] [1561905156.547114200]: TF_OLD_DATA ignoring data from the past for frame link_left_wheel at time 3.251 according to authority unknown_publisher
Possible reasons are listed at http://wiki.ros.org/tf/Errors%20explained[0m
[33m[ WARN] [1561905156.602091100]: TF_OLD_DATA ignoring data from the past for frame link_right_wheel at time 3.301 according to authority unknown_publisher
Possible reasons are listed at http://wiki.ros.org/tf/Errors%20explained[0m
[33m[ WARN] [1561905156.602152300]: TF_OLD_DATA ignoring data from the past for frame link_left_wheel at time 3.301 according to authority unknown_publisher
Possible reasons are listed at http://wiki.ros.org/tf/Errors%20explained[0m
[33m[ WARN] [1561905156.649417700]: TF_OLD_DATA ignoring data from the past for frame link_right_wheel at time 3.35 according to authority unknown_publisher
Possible reasons are listed at http://wiki.ros.org/tf/Errors%20explained[0m
[33m[ WARN] [1561905156.649468700]: TF_OLD_DATA ignoring data from the past for frame link_left_wheel at time 3.35 according to authority unknown_publisher
Possible reasons are listed at http://wiki.ros.org/tf/Errors%20explained[0m
[33m[ WARN] [1561905156.703502600]: TF_OLD_DATA ignoring data from the past for frame link_right_wheel at time 3.401 according to authority unknown_publisher
Possible reasons are listed at http://wiki.ros.org/tf/Errors%20explained[0m
[33m[ WARN] [1561905156.703543600]: TF_OLD_DATA ignoring data from the past for frame link_left_wheel at time 3.401 according to authority unknown_publisher
Possible reasons are listed at http://wiki.ros.org/tf/Errors%20explained[0m
[33m[ WARN] [1561905156.761012100]: TF_OLD_DATA ignoring data from the past for frame link_right_wheel at time 3.45 according to authority unknown_publisher
Possible reasons are listed at http://wiki.ros.org/tf/Errors%20explained[0m
[33m[ WARN] [1561905156.761063500]: TF_OLD_DATA ignoring data from the past for frame link_left_wheel at time 3.45 according to authority unknown_publisher
Possible reasons are listed at http://wiki.ros.org/tf/Errors%20explained[0m
[33m[ WARN] [1561905156.809258500]: TF_OLD_DATA ignoring data from the past for frame link_right_wheel at time 3.5 according to authority unknown_publisher
Possible reasons are listed at http://wiki.ros.org/tf/Errors%20explained[0m
[33m[ WARN] [1561905156.809364400]: TF_OLD_DATA ignoring data from the past for frame link_left_wheel at time 3.5 according to authority unknown_publisher
Possible reasons are listed at http://wiki.ros.org/tf/Errors%20explained[0m
[33m[ WARN] [1561905156.855008600]: TF_OLD_DATA ignoring data from the past for frame link_right_wheel at time 3.55 according to authority unknown_publisher
Possible reasons are listed at http://wiki.ros.org/tf/Errors%20explained[0m
[33m[ WARN] [1561905156.855092400]: TF_OLD_DATA ignoring data from the past for frame link_left_wheel at time 3.55 according to authority unknown_publisher
Possible reasons are listed at http://wiki.ros.org/tf/Errors%20explained[0m
[33m[ WARN] [1561905156.907357400]: TF_OLD_DATA ignoring data from the past for frame link_right_wheel at time 3.6 according to authority unknown_publisher
Possible reasons are listed at http://wiki.ros.org/tf/Errors%20explained[0m
[33m[ WARN] [1561905156.907414200]: TF_OLD_DATA ignoring data from the past for frame link_left_wheel at time 3.6 according to authority unknown_publisher
Possible reasons are listed at http://wiki.ros.org/tf/Errors%20explained[0m
[33m[ WARN] [1561905156.963218600]: TF_OLD_DATA ignoring data from the past for frame link_right_wheel at time 3.65 according to authority unknown_publisher
Possible reasons are listed at http://wiki.ros.org/tf/Errors%20explained[0m
[33m[ WARN] [1561905156.963298600]: TF_OLD_DATA ignoring data from the past for frame link_left_wheel at time 3.65 according to authority unknown_publisher
Possible reasons are listed at http://wiki.ros.org/tf/Errors%20explained[0m
[33m[ WARN] [1561905157.007477600]: TF_OLD_DATA ignoring data from the past for frame link_right_wheel at time 3.7 according to authority unknown_publisher
Possible reasons are listed at http://wiki.ros.org/tf/Errors%20explained[0m
[33m[ WARN] [1561905157.007529900]: TF_OLD_DATA ignoring data from the past for frame link_left_wheel at time 3.7 according to authority unknown_publisher
Possible reasons are listed at http://wiki.ros.org/tf/Errors%20explained[0m
[33m[ WARN] [1561905157.053449500]: TF_OLD_DATA ignoring data from the past for frame link_right_wheel at time 3.75 according to authority unknown_publisher
Possible reasons are listed at http://wiki.ros.org/tf/Errors%20explained[0m
[33m[ WARN] [1561905157.053486200]: TF_OLD_DATA ignoring data from the past for frame link_left_wheel at time 3.75 according to authority unknown_publisher
Possible reasons are listed at http://wiki.ros.org/tf/Errors%20explained[0m
[33m[ WARN] [1561905157.105489600]: TF_OLD_DATA ignoring data from the past for frame link_right_wheel at time 3.8 according to authority unknown_publisher
Possible reasons are listed at http://wiki.ros.org/tf/Errors%20explained[0m
[33m[ WARN] [1561905157.105528600]: TF_OLD_DATA ignoring data from the past for frame link_left_wheel at time 3.8 according to authority unknown_publisher
Possible reasons are listed at http://wiki.ros.org/tf/Errors%20explained[0m
[33m[ WARN] [1561905157.159883400]: TF_OLD_DATA ignoring data from the past for frame link_right_wheel at time 3.851 according to authority unknown_publisher
Possible reasons are listed at http://wiki.ros.org/tf/Errors%20explained[0m
[33m[ WARN] [1561905157.159923100]: TF_OLD_DATA ignoring data from the past for frame link_left_wheel at time 3.851 according to authority unknown_publisher
Possible reasons are listed at http://wiki.ros.org/tf/Errors%20explained[0m
[33m[ WARN] [1561905157.210202600]: TF_OLD_DATA ignoring data from the past for frame link_right_wheel at time 3.901 according to authority unknown_publisher
Possible reasons are listed at http://wiki.ros.org/tf/Errors%20explained[0m
[33m[ WARN] [1561905157.210265600]: TF_OLD_DATA ignoring data from the past for frame link_left_wheel at time 3.901 according to authority unknown_publisher
Possible reasons are listed at http://wiki.ros.org/tf/Errors%20explained[0m
[33m[ WARN] [1561905157.260346700]: TF_OLD_DATA ignoring data from the past for frame link_right_wheel at time 3.951 according to authority unknown_publisher
Possible reasons are listed at http://wiki.ros.org/tf/Errors%20explained[0m
[33m[ WARN] [1561905157.260396500]: TF_OLD_DATA ignoring data from the past for frame link_left_wheel at time 3.951 according to authority unknown_publisher
Possible reasons are listed at http://wiki.ros.org/tf/Errors%20explained[0m
[33m[ WARN] [1561905157.310095200]: TF_OLD_DATA ignoring data from the past for frame link_right_wheel at time 4.001 according to authority unknown_publisher
Possible reasons are listed at http://wiki.ros.org/tf/Errors%20explained[0m
[33m[ WARN] [1561905157.310150800]: TF_OLD_DATA ignoring data from the past for frame link_left_wheel at time 4.001 according to authority unknown_publisher
Possible reasons are listed at http://wiki.ros.org/tf/Errors%20explained[0m
[33m[ WARN] [1561905157.359363700]: TF_OLD_DATA ignoring data from the past for frame link_right_wheel at time 4.05 according to authority unknown_publisher
Possible reasons are listed at http://wiki.ros.org/tf/Errors%20explained[0m
[33m[ WARN] [1561905157.359423800]: TF_OLD_DATA ignoring data from the past for frame link_left_wheel at time 4.05 according to authority unknown_publisher
Possible reasons are listed at http://wiki.ros.org/tf/Errors%20explained[0m
[33m[ WARN] [1561905157.408811900]: TF_OLD_DATA ignoring data from the past for frame link_right_wheel at time 4.1 according to authority unknown_publisher
Possible reasons are listed at http://wiki.ros.org/tf/Errors%20explained[0m
[33m[ WARN] [1561905157.408863600]: TF_OLD_DATA ignoring data from the past for frame link_left_wheel at time 4.1 according to authority unknown_publisher
Possible reasons are listed at http://wiki.ros.org/tf/Errors%20explained[0m
[33m[ WARN] [1561905157.465600500]: TF_OLD_DATA ignoring data from the past for frame link_right_wheel at time 4.15 according to authority unknown_publisher
Possible reasons are listed at http://wiki.ros.org/tf/Errors%20explained[0m
[33m[ WARN] [1561905157.465654700]: TF_OLD_DATA ignoring data from the past for frame link_left_wheel at time 4.15 according to authority unknown_publisher
Possible reasons are listed at http://wiki.ros.org/tf/Errors%20explained[0m
[33m[ WARN] [1561905157.516732700]: TF_OLD_DATA ignoring data from the past for frame link_right_wheel at time 4.2 according to authority unknown_publisher
Possible reasons are listed at http://wiki.ros.org/tf/Errors%20explained[0m
[33m[ WARN] [1561905157.516963600]: TF_OLD_DATA ignoring data from the past for frame link_left_wheel at time 4.2 according to authority unknown_publisher
Possible reasons are listed at http://wiki.ros.org/tf/Errors%20explained[0m
[33m[ WARN] [1561905157.570379100]: TF_OLD_DATA ignoring data from the past for frame link_right_wheel at time 4.251 according to authority unknown_publisher
Possible reasons are listed at http://wiki.ros.org/tf/Errors%20explained[0m
[33m[ WARN] [1561905157.570432900]: TF_OLD_DATA ignoring data from the past for frame link_left_wheel at time 4.251 according to authority unknown_publisher
Possible reasons are listed at http://wiki.ros.org/tf/Errors%20explained[0m
[33m[ WARN] [1561905157.623200800]: TF_OLD_DATA ignoring data from the past for frame link_right_wheel at time 4.301 according to authority unknown_publisher
Possible reasons are listed at http://wiki.ros.org/tf/Errors%20explained[0m
[33m[ WARN] [1561905157.623240300]: TF_OLD_DATA ignoring data from the past for frame link_left_wheel at time 4.301 according to authority unknown_publisher
Possible reasons are listed at http://wiki.ros.org/tf/Errors%20explained[0m
[33m[ WARN] [1561905157.670153700]: TF_OLD_DATA ignoring data from the past for frame link_right_wheel at time 4.351 according to authority unknown_publisher
Possible reasons are listed at http://wiki.ros.org/tf/Errors%20explained[0m
[33m[ WARN] [1561905157.670183100]: TF_OLD_DATA ignoring data from the past for frame link_left_wheel at time 4.351 according to authority unknown_publisher
Possible reasons are listed at http://wiki.ros.org/tf/Errors%20explained[0m
[33m[ WARN] [1561905157.730640600]: TF_OLD_DATA ignoring data from the past for frame link_right_wheel at time 4.4 according to authority unknown_publisher
Possible reasons are listed at http://wiki.ros.org/tf/Errors%20explained[0m
[33m[ WARN] [1561905157.730697500]: TF_OLD_DATA ignoring data from the past for frame link_left_wheel at time 4.4 according to authority unknown_publisher
Possible reasons are listed at http://wiki.ros.org/tf/Errors%20explained[0m
[33m[ WARN] [1561905157.783281000]: TF_OLD_DATA ignoring data from the past for frame link_right_wheel at time 4.45 according to authority unknown_publisher
Possible reasons are listed at http://wiki.ros.org/tf/Errors%20explained[0m
[33m[ WARN] [1561905157.783334300]: TF_OLD_DATA ignoring data from the past for frame link_left_wheel at time 4.45 according to authority unknown_publisher
Possible reasons are listed at http://wiki.ros.org/tf/Errors%20explained[0m
[33m[ WARN] [1561905157.825447100]: TF_OLD_DATA ignoring data from the past for frame link_right_wheel at time 4.5 according to authority unknown_publisher
Possible reasons are listed at http://wiki.ros.org/tf/Errors%20explained[0m
[33m[ WARN] [1561905157.825498800]: TF_OLD_DATA ignoring data from the past for frame link_left_wheel at time 4.5 according to authority unknown_publisher
Possible reasons are listed at http://wiki.ros.org/tf/Errors%20explained[0m
[33m[ WARN] [1561905157.875236900]: TF_OLD_DATA ignoring data from the past for frame link_right_wheel at time 4.551 according to authority unknown_publisher
Possible reasons are listed at http://wiki.ros.org/tf/Errors%20explained[0m
[33m[ WARN] [1561905157.875642600]: TF_OLD_DATA ignoring data from the past for frame link_left_wheel at time 4.551 according to authority unknown_publisher
Possible reasons are listed at http://wiki.ros.org/tf/Errors%20explained[0m
[33m[ WARN] [1561905157.927695300]: TF_OLD_DATA ignoring data from the past for frame link_right_wheel at time 4.601 according to authority unknown_publisher
Possible reasons are listed at http://wiki.ros.org/tf/Errors%20explained[0m
[33m[ WARN] [1561905157.927859200]: TF_OLD_DATA ignoring data from the past for frame link_left_wheel at time 4.601 according to authority unknown_publisher
Possible reasons are listed at http://wiki.ros.org/tf/Errors%20explained[0m
[33m[ WARN] [1561905157.979367500]: TF_OLD_DATA ignoring data from the past for frame link_right_wheel at time 4.651 according to authority unknown_publisher
Possible reasons are listed at http://wiki.ros.org/tf/Errors%20explained[0m
[33m[ WARN] [1561905157.979429900]: TF_OLD_DATA ignoring data from the past for frame link_left_wheel at time 4.651 according to authority unknown_publisher
Possible reasons are listed at http://wiki.ros.org/tf/Errors%20explained[0m
[33m[ WARN] [1561905158.029110900]: TF_OLD_DATA ignoring data from the past for frame link_right_wheel at time 4.701 according to authority unknown_publisher
Possible reasons are listed at http://wiki.ros.org/tf/Errors%20explained[0m
[33m[ WARN] [1561905158.029484500]: TF_OLD_DATA ignoring data from the past for frame link_left_wheel at time 4.701 according to authority unknown_publisher
Possible reasons are listed at http://wiki.ros.org/tf/Errors%20explained[0m
[33m[ WARN] [1561905158.079408400]: TF_OLD_DATA ignoring data from the past for frame link_right_wheel at time 4.751 according to authority unknown_publisher
Possible reasons are listed at http://wiki.ros.org/tf/Errors%20explained[0m
[33m[ WARN] [1561905158.079444300]: TF_OLD_DATA ignoring data from the past for frame link_left_wheel at time 4.751 according to authority unknown_publisher
Possible reasons are listed at http://wiki.ros.org/tf/Errors%20explained[0m
[33m[ WARN] [1561905158.133677300]: TF_OLD_DATA ignoring data from the past for frame link_right_wheel at time 4.8 according to authority unknown_publisher
Possible reasons are listed at http://wiki.ros.org/tf/Errors%20explained[0m
[33m[ WARN] [1561905158.133799400]: TF_OLD_DATA ignoring data from the past for frame link_left_wheel at time 4.8 according to authority unknown_publisher
Possible reasons are listed at http://wiki.ros.org/tf/Errors%20explained[0m
[33m[ WARN] [1561905158.181181800]: TF_OLD_DATA ignoring data from the past for frame link_right_wheel at time 4.85 according to authority unknown_publisher
Possible reasons are listed at http://wiki.ros.org/tf/Errors%20explained[0m
[33m[ WARN] [1561905158.181234200]: TF_OLD_DATA ignoring data from the past for frame link_left_wheel at time 4.85 according to authority unknown_publisher
Possible reasons are listed at http://wiki.ros.org/tf/Errors%20explained[0m
[33m[ WARN] [1561905158.230455500]: TF_OLD_DATA ignoring data from the past for frame link_right_wheel at time 4.9 according to authority unknown_publisher
Possible reasons are listed at http://wiki.ros.org/tf/Errors%20explained[0m
[33m[ WARN] [1561905158.230521000]: TF_OLD_DATA ignoring data from the past for frame link_left_wheel at time 4.9 according to authority unknown_publisher
Possible reasons are listed at http://wiki.ros.org/tf/Errors%20explained[0m
[33m[ WARN] [1561905158.282334300]: TF_OLD_DATA ignoring data from the past for frame link_right_wheel at time 4.95 according to authority unknown_publisher
Possible reasons are listed at http://wiki.ros.org/tf/Errors%20explained[0m
[33m[ WARN] [1561905158.282455300]: TF_OLD_DATA ignoring data from the past for frame link_left_wheel at time 4.95 according to authority unknown_publisher
Possible reasons are listed at http://wiki.ros.org/tf/Errors%20explained[0m
[33m[ WARN] [1561905158.329779900]: TF_OLD_DATA ignoring data from the past for frame link_right_wheel at time 5 according to authority unknown_publisher
Possible reasons are listed at http://wiki.ros.org/tf/Errors%20explained[0m
[33m[ WARN] [1561905158.329834400]: TF_OLD_DATA ignoring data from the past for frame link_left_wheel at time 5 according to authority unknown_publisher
Possible reasons are listed at http://wiki.ros.org/tf/Errors%20explained[0m
[33m[ WARN] [1561905158.381185500]: TF_OLD_DATA ignoring data from the past for frame link_right_wheel at time 5.05 according to authority unknown_publisher
Possible reasons are listed at http://wiki.ros.org/tf/Errors%20explained[0m
[33m[ WARN] [1561905158.381248800]: TF_OLD_DATA ignoring data from the past for frame link_left_wheel at time 5.05 according to authority unknown_publisher
Possible reasons are listed at http://wiki.ros.org/tf/Errors%20explained[0m
[33m[ WARN] [1561905158.432766500]: TF_OLD_DATA ignoring data from the past for frame link_right_wheel at time 5.101 according to authority unknown_publisher
Possible reasons are listed at http://wiki.ros.org/tf/Errors%20explained[0m
[33m[ WARN] [1561905158.432857500]: TF_OLD_DATA ignoring data from the past for frame link_left_wheel at time 5.101 according to authority unknown_publisher
Possible reasons are listed at http://wiki.ros.org/tf/Errors%20explained[0m
[33m[ WARN] [1561905158.494131800]: TF_OLD_DATA ignoring data from the past for frame link_right_wheel at time 5.151 according to authority unknown_publisher
Possible reasons are listed at http://wiki.ros.org/tf/Errors%20explained[0m
[33m[ WARN] [1561905158.494230100]: TF_OLD_DATA ignoring data from the past for frame link_left_wheel at time 5.151 according to authority unknown_publisher
Possible reasons are listed at http://wiki.ros.org/tf/Errors%20explained[0m
[33m[ WARN] [1561905158.546590800]: TF_OLD_DATA ignoring data from the past for frame link_right_wheel at time 5.201 according to authority unknown_publisher
Possible reasons are listed at http://wiki.ros.org/tf/Errors%20explained[0m
[33m[ WARN] [1561905158.546642600]: TF_OLD_DATA ignoring data from the past for frame link_left_wheel at time 5.201 according to authority unknown_publisher
Possible reasons are listed at http://wiki.ros.org/tf/Errors%20explained[0m
[33m[ WARN] [1561905158.590016100]: TF_OLD_DATA ignoring data from the past for frame link_right_wheel at time 5.25 according to authority unknown_publisher
Possible reasons are listed at http://wiki.ros.org/tf/Errors%20explained[0m
[33m[ WARN] [1561905158.590068600]: TF_OLD_DATA ignoring data from the past for frame link_left_wheel at time 5.25 according to authority unknown_publisher
Possible reasons are listed at http://wiki.ros.org/tf/Errors%20explained[0m
[33m[ WARN] [1561905158.640415300]: TF_OLD_DATA ignoring data from the past for frame link_right_wheel at time 5.3 according to authority unknown_publisher
Possible reasons are listed at http://wiki.ros.org/tf/Errors%20explained[0m
[33m[ WARN] [1561905158.640441300]: TF_OLD_DATA ignoring data from the past for frame link_left_wheel at time 5.3 according to authority unknown_publisher
Possible reasons are listed at http://wiki.ros.org/tf/Errors%20explained[0m
[33m[ WARN] [1561905158.698201200]: TF_OLD_DATA ignoring data from the past for frame link_right_wheel at time 5.35 according to authority unknown_publisher
Possible reasons are listed at http://wiki.ros.org/tf/Errors%20explained[0m
[33m[ WARN] [1561905158.698256900]: TF_OLD_DATA ignoring data from the past for frame link_left_wheel at time 5.35 according to authority unknown_publisher
Possible reasons are listed at http://wiki.ros.org/tf/Errors%20explained[0m
[33m[ WARN] [1561905158.758185900]: TF_OLD_DATA ignoring data from the past for frame link_right_wheel at time 5.401 according to authority unknown_publisher
Possible reasons are listed at http://wiki.ros.org/tf/Errors%20explained[0m
[33m[ WARN] [1561905158.758426200]: TF_OLD_DATA ignoring data from the past for frame link_left_wheel at time 5.401 according to authority unknown_publisher
Possible reasons are listed at http://wiki.ros.org/tf/Errors%20explained[0m
[33m[ WARN] [1561905158.802416800]: TF_OLD_DATA ignoring data from the past for frame link_right_wheel at time 5.45 according to authority unknown_publisher
Possible reasons are listed at http://wiki.ros.org/tf/Errors%20explained[0m
[33m[ WARN] [1561905158.802470200]: TF_OLD_DATA ignoring data from the past for frame link_left_wheel at time 5.45 according to authority unknown_publisher
Possible reasons are listed at http://wiki.ros.org/tf/Errors%20explained[0m
[33m[ WARN] [1561905158.849941000]: TF_OLD_DATA ignoring data from the past for frame link_right_wheel at time 5.501 according to authority unknown_publisher
Possible reasons are listed at http://wiki.ros.org/tf/Errors%20explained[0m
[33m[ WARN] [1561905158.850458700]: TF_OLD_DATA ignoring data from the past for frame link_left_wheel at time 5.501 according to authority unknown_publisher
Possible reasons are listed at http://wiki.ros.org/tf/Errors%20explained[0m
[33m[ WARN] [1561905158.911895600]: TF_OLD_DATA ignoring data from the past for frame link_right_wheel at time 5.551 according to authority unknown_publisher
Possible reasons are listed at http://wiki.ros.org/tf/Errors%20explained[0m
[33m[ WARN] [1561905158.911966700]: TF_OLD_DATA ignoring data from the past for frame link_left_wheel at time 5.551 according to authority unknown_publisher
Possible reasons are listed at http://wiki.ros.org/tf/Errors%20explained[0m
[33m[ WARN] [1561905158.969313200]: TF_OLD_DATA ignoring data from the past for frame link_right_wheel at time 5.6 according to authority unknown_publisher
Possible reasons are listed at http://wiki.ros.org/tf/Errors%20explained[0m
[33m[ WARN] [1561905158.969362500]: TF_OLD_DATA ignoring data from the past for frame link_left_wheel at time 5.6 according to authority unknown_publisher
Possible reasons are listed at http://wiki.ros.org/tf/Errors%20explained[0m
[33m[ WARN] [1561905159.011591300]: TF_OLD_DATA ignoring data from the past for frame link_right_wheel at time 5.651 according to authority unknown_publisher
Possible reasons are listed at http://wiki.ros.org/tf/Errors%20explained[0m
[33m[ WARN] [1561905159.011672800]: TF_OLD_DATA ignoring data from the past for frame link_left_wheel at time 5.651 according to authority unknown_publisher
Possible reasons are listed at http://wiki.ros.org/tf/Errors%20explained[0m
[33m[ WARN] [1561905159.061082400]: TF_OLD_DATA ignoring data from the past for frame link_right_wheel at time 5.701 according to authority unknown_publisher
Possible reasons are listed at http://wiki.ros.org/tf/Errors%20explained[0m
[33m[ WARN] [1561905159.061109200]: TF_OLD_DATA ignoring data from the past for frame link_left_wheel at time 5.701 according to authority unknown_publisher
Possible reasons are listed at http://wiki.ros.org/tf/Errors%20explained[0m
[33m[ WARN] [1561905159.114253000]: TF_OLD_DATA ignoring data from the past for frame link_right_wheel at time 5.751 according to authority unknown_publisher
Possible reasons are listed at http://wiki.ros.org/tf/Errors%20explained[0m
[33m[ WARN] [1561905159.114314600]: TF_OLD_DATA ignoring data from the past for frame link_left_wheel at time 5.751 according to authority unknown_publisher
Possible reasons are listed at http://wiki.ros.org/tf/Errors%20explained[0m
[33m[ WARN] [1561905159.160075400]: TF_OLD_DATA ignoring data from the past for frame link_right_wheel at time 5.801 according to authority unknown_publisher
Possible reasons are listed at http://wiki.ros.org/tf/Errors%20explained[0m
[33m[ WARN] [1561905159.160292200]: TF_OLD_DATA ignoring data from the past for frame link_left_wheel at time 5.801 according to authority unknown_publisher
Possible reasons are listed at http://wiki.ros.org/tf/Errors%20explained[0m
[33m[ WARN] [1561905159.207586300]: TF_OLD_DATA ignoring data from the past for frame link_right_wheel at time 5.85 according to authority unknown_publisher
Possible reasons are listed at http://wiki.ros.org/tf/Errors%20explained[0m
[33m[ WARN] [1561905159.207830700]: TF_OLD_DATA ignoring data from the past for frame link_left_wheel at time 5.85 according to authority unknown_publisher
Possible reasons are listed at http://wiki.ros.org/tf/Errors%20explained[0m
[33m[ WARN] [1561905159.260391600]: TF_OLD_DATA ignoring data from the past for frame link_right_wheel at time 5.9 according to authority unknown_publisher
Possible reasons are listed at http://wiki.ros.org/tf/Errors%20explained[0m
[33m[ WARN] [1561905159.260448400]: TF_OLD_DATA ignoring data from the past for frame link_left_wheel at time 5.9 according to authority unknown_publisher
Possible reasons are listed at http://wiki.ros.org/tf/Errors%20explained[0m
[33m[ WARN] [1561905159.314107000]: TF_OLD_DATA ignoring data from the past for frame link_right_wheel at time 5.95 according to authority unknown_publisher
Possible reasons are listed at http://wiki.ros.org/tf/Errors%20explained[0m
[33m[ WARN] [1561905159.314194200]: TF_OLD_DATA ignoring data from the past for frame link_left_wheel at time 5.95 according to authority unknown_publisher
Possible reasons are listed at http://wiki.ros.org/tf/Errors%20explained[0m
