[rospy.client][INFO] 2020-07-02 13:14:17,003: init_node, name[/robot1/urdf_spawner], pid[11824]
[xmlrpc][INFO] 2020-07-02 13:14:17,004: XML-RPC server binding to 0.0.0.0:0
[rospy.init][INFO] 2020-07-02 13:14:17,004: ROS Slave URI: [http://177b797fd17c:44143/]
[xmlrpc][INFO] 2020-07-02 13:14:17,004: Started XML-RPC server [http://177b797fd17c:44143/]
[rospy.impl.masterslave][INFO] 2020-07-02 13:14:17,004: _ready: http://177b797fd17c:44143/
[xmlrpc][INFO] 2020-07-02 13:14:17,005: xml rpc node: starting XML-RPC server
[rospy.registration][INFO] 2020-07-02 13:14:17,005: Registering with master node http://localhost:11311
[rospy.init][INFO] 2020-07-02 13:14:17,104: registered with master
[rospy.rosout][INFO] 2020-07-02 13:14:17,105: initializing /rosout core topic
[rospy.rosout][INFO] 2020-07-02 13:14:17,107: connected to core topic /rosout
[rospy.simtime][INFO] 2020-07-02 13:14:17,108: initializing /clock core topic
[rospy.simtime][INFO] 2020-07-02 13:14:17,111: connected to core topic /clock
[rosout][INFO] 2020-07-02 13:14:17,114: Loading model XML from ros parameter
[rosout][INFO] 2020-07-02 13:14:17,119: Waiting for service /gazebo/spawn_urdf_model
[rospy.internal][INFO] 2020-07-02 13:14:17,121: topic[/clock] adding connection to [http://177b797fd17c:35485/], count 0
[rosout][INFO] 2020-07-02 13:14:17,122: Calling service /gazebo/spawn_urdf_model
[rospy.internal][INFO] 2020-07-02 13:14:17,326: topic[/rosout] adding connection to [/rosout], count 0
[rosout][INFO] 2020-07-02 13:14:17,401: Spawn status: SpawnModel: Successfully spawned entity
[rospy.core][INFO] 2020-07-02 13:14:17,401: signal_shutdown [atexit]
[rospy.internal][INFO] 2020-07-02 13:14:17,410: topic[/rosout] removing connection to /rosout
[rospy.internal][INFO] 2020-07-02 13:14:17,410: topic[/clock] removing connection to http://177b797fd17c:35485/
[rospy.impl.masterslave][INFO] 2020-07-02 13:14:17,410: atexit
[rospy.client][INFO] 2020-07-02 13:14:19,096: init_node, name[/robot1/urdf_spawner], pid[12102]
[xmlrpc][INFO] 2020-07-02 13:14:19,096: XML-RPC server binding to 0.0.0.0:0
[xmlrpc][INFO] 2020-07-02 13:14:19,097: Started XML-RPC server [http://177b797fd17c:46825/]
[rospy.impl.masterslave][INFO] 2020-07-02 13:14:19,097: _ready: http://177b797fd17c:46825/
[xmlrpc][INFO] 2020-07-02 13:14:19,097: xml rpc node: starting XML-RPC server
[rospy.registration][INFO] 2020-07-02 13:14:19,098: Registering with master node http://localhost:11311
[rospy.init][INFO] 2020-07-02 13:14:19,098: ROS Slave URI: [http://177b797fd17c:46825/]
[rospy.init][INFO] 2020-07-02 13:14:19,098: registered with master
[rospy.rosout][INFO] 2020-07-02 13:14:19,099: initializing /rosout core topic
[rospy.rosout][INFO] 2020-07-02 13:14:19,105: connected to core topic /rosout
[rospy.simtime][INFO] 2020-07-02 13:14:19,107: initializing /clock core topic
[rospy.simtime][INFO] 2020-07-02 13:14:19,115: connected to core topic /clock
[rosout][INFO] 2020-07-02 13:14:19,118: Loading model XML from ros parameter
[rosout][INFO] 2020-07-02 13:14:19,122: Waiting for service /gazebo/spawn_urdf_model
[rosout][INFO] 2020-07-02 13:14:19,124: Calling service /gazebo/spawn_urdf_model
[rospy.internal][INFO] 2020-07-02 13:14:19,134: topic[/clock] adding connection to [http://177b797fd17c:35485/], count 0
[rospy.internal][INFO] 2020-07-02 13:14:19,323: topic[/rosout] adding connection to [/rosout], count 0
[rospy.core][INFO] 2020-07-02 13:14:59,638: signal_shutdown [signal-2]
[rospy.internal][INFO] 2020-07-02 13:14:59,642: topic[/rosout] removing connection to /rosout
[rospy.internal][INFO] 2020-07-02 13:14:59,642: topic[/clock] removing connection to http://177b797fd17c:35485/
[rospy.impl.masterslave][INFO] 2020-07-02 13:14:59,643: signal-2
[rospy.internal][ERROR] 2020-07-02 13:14:59,759: Traceback (most recent call last):
  File "/opt/ros/kinetic/lib/python2.7/dist-packages/rospy/impl/tcpros_base.py", line 729, in receive_once
    self.stat_bytes += recv_buff(sock, b, p.buff_size)
  File "/opt/ros/kinetic/lib/python2.7/dist-packages/rospy/impl/tcpros_base.py", line 103, in recv_buff
    d = sock.recv(buff_size)
error: [Errno 4] Interrupted system call

[rospy.core][INFO] 2020-07-02 13:14:59,759: signal_shutdown [atexit]
