[rospy.client][INFO] 2019-06-25 12:43:50,117: init_node, name[/mybot_spawn], pid[59669]
[xmlrpc][INFO] 2019-06-25 12:43:50,118: XML-RPC server binding to 0.0.0.0:0
[rospy.init][INFO] 2019-06-25 12:43:50,118: ROS Slave URI: [http://dc5b429f784e:42495/]
[xmlrpc][INFO] 2019-06-25 12:43:50,118: Started XML-RPC server [http://dc5b429f784e:42495/]
[rospy.impl.masterslave][INFO] 2019-06-25 12:43:50,119: _ready: http://dc5b429f784e:42495/
[xmlrpc][INFO] 2019-06-25 12:43:50,120: xml rpc node: starting XML-RPC server
[rospy.registration][INFO] 2019-06-25 12:43:50,120: Registering with master node http://localhost:11311
[rospy.init][INFO] 2019-06-25 12:43:50,219: registered with master
[rospy.rosout][INFO] 2019-06-25 12:43:50,219: initializing /rosout core topic
[rospy.rosout][INFO] 2019-06-25 12:43:50,223: connected to core topic /rosout
[rospy.simtime][INFO] 2019-06-25 12:43:50,225: initializing /clock core topic
[rospy.simtime][INFO] 2019-06-25 12:43:50,229: connected to core topic /clock
[rosout][INFO] 2019-06-25 12:43:50,233: Loading model XML from ros parameter
[rospy.internal][INFO] 2019-06-25 12:43:50,236: topic[/clock] adding connection to [http://dc5b429f784e:36045/], count 0
[rosout][INFO] 2019-06-25 12:43:50,241: Waiting for service /gazebo/spawn_urdf_model
[rosout][INFO] 2019-06-25 12:43:50,244: Calling service /gazebo/spawn_urdf_model
[rospy.internal][INFO] 2019-06-25 12:43:50,500: topic[/rosout] adding connection to [/rosout], count 0
[rosout][INFO] 2019-06-25 12:43:50,547: Spawn status: SpawnModel: Successfully spawned entity
[rospy.core][INFO] 2019-06-25 12:43:50,548: signal_shutdown [atexit]
[rospy.internal][INFO] 2019-06-25 12:43:50,551: topic[/rosout] removing connection to /rosout
[rospy.internal][INFO] 2019-06-25 12:43:50,551: topic[/clock] removing connection to http://dc5b429f784e:36045/
[rospy.impl.masterslave][INFO] 2019-06-25 12:43:50,552: atexit
