[rosmaster.main][INFO] 2019-06-14 09:10:45,208: initialization complete, waiting for shutdown
[rosmaster.main][INFO] 2019-06-14 09:10:45,208: Starting ROS Master Node
[xmlrpc][INFO] 2019-06-14 09:10:45,209: XML-RPC server binding to 0.0.0.0:11311
[xmlrpc][INFO] 2019-06-14 09:10:45,209: Started XML-RPC server [http://dc5b429f784e:11311/]
[xmlrpc][INFO] 2019-06-14 09:10:45,209: xml rpc node: starting XML-RPC server
[rosmaster.master][INFO] 2019-06-14 09:10:45,209: Master initialized: port[11311], uri[http://dc5b429f784e:11311/]
[rosmaster.master][INFO] 2019-06-14 09:10:45,235: +PARAM [/run_id] by /roslaunch
[rosmaster.master][INFO] 2019-06-14 09:10:45,238: +PARAM [/roslaunch/uris/host_dc5b429f784e__41389] by /roslaunch
[rosmaster.master][INFO] 2019-06-14 09:10:45,630: +PARAM [/rosversion] by /roslaunch
[rosmaster.master][INFO] 2019-06-14 09:10:45,630: +PARAM [/rosdistro] by /roslaunch
[rosmaster.master][INFO] 2019-06-14 09:10:45,646: +SERVICE [/rosout/get_loggers] /rosout http://dc5b429f784e:39095/
[rosmaster.master][INFO] 2019-06-14 09:10:45,647: +SERVICE [/rosout/set_logger_level] /rosout http://dc5b429f784e:39095/
[rosmaster.master][INFO] 2019-06-14 09:10:45,656: +PUB [/rosout_agg] /rosout http://dc5b429f784e:39095/
[rosmaster.master][INFO] 2019-06-14 09:10:45,667: +SUB [/rosout] /rosout http://dc5b429f784e:39095/
[rosmaster.master][INFO] 2019-06-14 09:16:26,456: +PARAM [/roslaunch/uris/host_dc5b429f784e__42055] by /roslaunch
[rosmaster.master][INFO] 2019-06-14 09:16:26,460: +PARAM [/rosversion] by /roslaunch
[rosmaster.master][INFO] 2019-06-14 09:16:26,460: +PARAM [/use_sim_time] by /roslaunch
[rosmaster.master][INFO] 2019-06-14 09:16:26,460: +PARAM [/rosdistro] by /roslaunch
[rosmaster.master][INFO] 2019-06-14 09:16:26,460: +PARAM [/robot_description] by /roslaunch
[rosmaster.master][INFO] 2019-06-14 09:16:27,292: +PUB [/rosout] /gazebo http://dc5b429f784e:34487/
[rosmaster.master][INFO] 2019-06-14 09:16:27,293: +SERVICE [/gazebo/get_loggers] /gazebo http://dc5b429f784e:34487/
[rosmaster.master][INFO] 2019-06-14 09:16:27,295: +SERVICE [/gazebo/set_logger_level] /gazebo http://dc5b429f784e:34487/
[rosmaster.master][INFO] 2019-06-14 09:16:27,301: +SUB [/clock] /gazebo http://dc5b429f784e:34487/
[rosmaster.master][INFO] 2019-06-14 09:16:27,339: publisherUpdate[/rosout] -> http://dc5b429f784e:39095/ ['http://dc5b429f784e:34487/']
[rosmaster.master][INFO] 2019-06-14 09:16:27,341: publisherUpdate[/rosout] -> http://dc5b429f784e:39095/ ['http://dc5b429f784e:34487/']: sec=0.00, result=[1, '', 0]
[rosmaster.master][INFO] 2019-06-14 09:16:27,580: +PUB [/clock] /gazebo http://dc5b429f784e:34487/
[rosmaster.master][INFO] 2019-06-14 09:16:27,581: +SERVICE [/gazebo/spawn_sdf_model] /gazebo http://dc5b429f784e:34487/
[rosmaster.master][INFO] 2019-06-14 09:16:27,582: +SERVICE [/gazebo/spawn_urdf_model] /gazebo http://dc5b429f784e:34487/
[rosmaster.master][INFO] 2019-06-14 09:16:27,583: +SERVICE [/gazebo/delete_model] /gazebo http://dc5b429f784e:34487/
[rosmaster.master][INFO] 2019-06-14 09:16:27,584: +SERVICE [/gazebo/delete_light] /gazebo http://dc5b429f784e:34487/
[rosmaster.master][INFO] 2019-06-14 09:16:27,585: +SERVICE [/gazebo/get_model_properties] /gazebo http://dc5b429f784e:34487/
[rosmaster.master][INFO] 2019-06-14 09:16:27,586: +SERVICE [/gazebo/get_model_state] /gazebo http://dc5b429f784e:34487/
[rosmaster.master][INFO] 2019-06-14 09:16:27,587: +SERVICE [/gazebo/get_world_properties] /gazebo http://dc5b429f784e:34487/
[rosmaster.master][INFO] 2019-06-14 09:16:27,588: +SERVICE [/gazebo/get_joint_properties] /gazebo http://dc5b429f784e:34487/
[rosmaster.master][INFO] 2019-06-14 09:16:27,589: +SERVICE [/gazebo/get_link_properties] /gazebo http://dc5b429f784e:34487/
[rosmaster.master][INFO] 2019-06-14 09:16:27,590: +SERVICE [/gazebo/get_link_state] /gazebo http://dc5b429f784e:34487/
[rosmaster.master][INFO] 2019-06-14 09:16:27,591: +SERVICE [/gazebo/get_light_properties] /gazebo http://dc5b429f784e:34487/
[rosmaster.master][INFO] 2019-06-14 09:16:27,592: +SERVICE [/gazebo/set_light_properties] /gazebo http://dc5b429f784e:34487/
[rosmaster.master][INFO] 2019-06-14 09:16:27,593: +SERVICE [/gazebo/get_physics_properties] /gazebo http://dc5b429f784e:34487/
[rosmaster.master][INFO] 2019-06-14 09:16:27,594: +PUB [/gazebo/link_states] /gazebo http://dc5b429f784e:34487/
[rosmaster.master][INFO] 2019-06-14 09:16:27,595: +PUB [/gazebo/model_states] /gazebo http://dc5b429f784e:34487/
[rosmaster.master][INFO] 2019-06-14 09:16:27,596: +SERVICE [/gazebo/set_link_properties] /gazebo http://dc5b429f784e:34487/
[rosmaster.master][INFO] 2019-06-14 09:16:27,597: +SERVICE [/gazebo/set_physics_properties] /gazebo http://dc5b429f784e:34487/
[rosmaster.master][INFO] 2019-06-14 09:16:27,597: +SERVICE [/gazebo/set_model_state] /gazebo http://dc5b429f784e:34487/
[rosmaster.master][INFO] 2019-06-14 09:16:27,598: +SERVICE [/gazebo/set_model_configuration] /gazebo http://dc5b429f784e:34487/
[rosmaster.master][INFO] 2019-06-14 09:16:27,599: +SERVICE [/gazebo/set_joint_properties] /gazebo http://dc5b429f784e:34487/
[rosmaster.master][INFO] 2019-06-14 09:16:27,600: +SERVICE [/gazebo/set_link_state] /gazebo http://dc5b429f784e:34487/
[rosmaster.master][INFO] 2019-06-14 09:16:27,606: +SUB [/gazebo/set_link_state] /gazebo http://dc5b429f784e:34487/
[rosmaster.master][INFO] 2019-06-14 09:16:27,611: +SUB [/gazebo/set_model_state] /gazebo http://dc5b429f784e:34487/
[rosmaster.master][INFO] 2019-06-14 09:16:27,612: +SERVICE [/gazebo/pause_physics] /gazebo http://dc5b429f784e:34487/
[rosmaster.master][INFO] 2019-06-14 09:16:27,613: +SERVICE [/gazebo/unpause_physics] /gazebo http://dc5b429f784e:34487/
[rosmaster.master][INFO] 2019-06-14 09:16:27,614: +SERVICE [/gazebo/apply_body_wrench] /gazebo http://dc5b429f784e:34487/
[rosmaster.master][INFO] 2019-06-14 09:16:27,615: +SERVICE [/gazebo/apply_joint_effort] /gazebo http://dc5b429f784e:34487/
[rosmaster.master][INFO] 2019-06-14 09:16:27,616: +SERVICE [/gazebo/clear_joint_forces] /gazebo http://dc5b429f784e:34487/
[rosmaster.master][INFO] 2019-06-14 09:16:27,617: +SERVICE [/gazebo/clear_body_wrenches] /gazebo http://dc5b429f784e:34487/
[rosmaster.master][INFO] 2019-06-14 09:16:27,617: +SERVICE [/gazebo/reset_simulation] /gazebo http://dc5b429f784e:34487/
[rosmaster.master][INFO] 2019-06-14 09:16:27,618: +SERVICE [/gazebo/reset_world] /gazebo http://dc5b429f784e:34487/
[rosmaster.master][INFO] 2019-06-14 09:16:27,640: publisherUpdate[/clock] -> http://dc5b429f784e:34487/ ['http://dc5b429f784e:34487/']
[rosmaster.master][INFO] 2019-06-14 09:16:27,641: publisherUpdate[/clock] -> http://dc5b429f784e:34487/ ['http://dc5b429f784e:34487/']: sec=0.00, result=[1, '', 0]
[rosmaster.master][INFO] 2019-06-14 09:16:28,312: +PUB [/rosout] /urdf_spawner http://dc5b429f784e:39183/
[rosmaster.master][INFO] 2019-06-14 09:16:28,316: +SUB [/clock] /urdf_spawner http://dc5b429f784e:39183/
[rosmaster.master][INFO] 2019-06-14 09:16:28,318: +SERVICE [/urdf_spawner/get_loggers] /urdf_spawner http://dc5b429f784e:39183/
[rosmaster.master][INFO] 2019-06-14 09:16:28,319: +SERVICE [/urdf_spawner/set_logger_level] /urdf_spawner http://dc5b429f784e:39183/
[rosmaster.master][INFO] 2019-06-14 09:16:28,342: publisherUpdate[/rosout] -> http://dc5b429f784e:39095/ ['http://dc5b429f784e:34487/', 'http://dc5b429f784e:39183/']
[rosmaster.master][INFO] 2019-06-14 09:16:28,343: publisherUpdate[/rosout] -> http://dc5b429f784e:39095/ ['http://dc5b429f784e:34487/', 'http://dc5b429f784e:39183/']: sec=0.00, result=[1, '', 0]
[rosmaster.master][INFO] 2019-06-14 09:16:28,630: -SUB [/clock] /urdf_spawner http://dc5b429f784e:39183/
[rosmaster.master][INFO] 2019-06-14 09:16:28,631: -PUB [/rosout] /urdf_spawner http://dc5b429f784e:39183/
[rosmaster.master][INFO] 2019-06-14 09:16:28,631: -SERVICE [/urdf_spawner/set_logger_level] /urdf_spawner rosrpc://dc5b429f784e:39763
[rosmaster.master][INFO] 2019-06-14 09:16:28,631: -SERVICE [/urdf_spawner/get_loggers] /urdf_spawner rosrpc://dc5b429f784e:39763
[rosmaster.master][INFO] 2019-06-14 09:16:28,644: publisherUpdate[/rosout] -> http://dc5b429f784e:39095/ ['http://dc5b429f784e:34487/']
[rosmaster.master][INFO] 2019-06-14 09:16:28,644: publisherUpdate[/rosout] -> http://dc5b429f784e:39095/ ['http://dc5b429f784e:34487/']: sec=0.00, result=[1, '', 0]
[rosmaster.master][INFO] 2019-06-14 09:16:29,035: +SERVICE [/robot/camera1/set_camera_info] /gazebo http://dc5b429f784e:34487/
[rosmaster.master][INFO] 2019-06-14 09:16:29,041: +SERVICE [/robot/camera1/set_parameters] /gazebo http://dc5b429f784e:34487/
[rosmaster.master][INFO] 2019-06-14 09:16:29,042: +PUB [/robot/camera1/parameter_descriptions] /gazebo http://dc5b429f784e:34487/
[rosmaster.master][INFO] 2019-06-14 09:16:29,043: +PUB [/robot/camera1/parameter_updates] /gazebo http://dc5b429f784e:34487/
[rosmaster.master][INFO] 2019-06-14 09:16:29,045: +PARAM [/robot/camera1/imager_rate] by /gazebo
[rosmaster.master][INFO] 2019-06-14 09:16:29,046: +PARAM [/robot/camera1/imager_rate] by /gazebo
[rosmaster.master][INFO] 2019-06-14 09:16:29,107: +PUB [/robot/camera1/image_raw/compressedDepth] /gazebo http://dc5b429f784e:34487/
[rosmaster.master][INFO] 2019-06-14 09:16:29,109: +SERVICE [/robot/camera1/image_raw/compressedDepth/set_parameters] /gazebo http://dc5b429f784e:34487/
[rosmaster.master][INFO] 2019-06-14 09:16:29,121: +PUB [/robot/camera1/image_raw/compressedDepth/parameter_descriptions] /gazebo http://dc5b429f784e:34487/
[rosmaster.master][INFO] 2019-06-14 09:16:29,122: +PUB [/robot/camera1/image_raw/compressedDepth/parameter_updates] /gazebo http://dc5b429f784e:34487/
[rosmaster.master][INFO] 2019-06-14 09:16:29,128: +PARAM [/robot/camera1/image_raw/compressedDepth/depth_max] by /gazebo
[rosmaster.master][INFO] 2019-06-14 09:16:29,129: +PARAM [/robot/camera1/image_raw/compressedDepth/depth_quantization] by /gazebo
[rosmaster.master][INFO] 2019-06-14 09:16:29,130: +PARAM [/robot/camera1/image_raw/compressedDepth/png_level] by /gazebo
[rosmaster.master][INFO] 2019-06-14 09:16:29,132: +PARAM [/robot/camera1/image_raw/compressedDepth/depth_max] by /gazebo
[rosmaster.master][INFO] 2019-06-14 09:16:29,133: +PARAM [/robot/camera1/image_raw/compressedDepth/depth_quantization] by /gazebo
[rosmaster.master][INFO] 2019-06-14 09:16:29,134: +PARAM [/robot/camera1/image_raw/compressedDepth/png_level] by /gazebo
[rosmaster.master][INFO] 2019-06-14 09:16:29,140: +PUB [/tf] /gazebo http://dc5b429f784e:34487/
[rosmaster.master][INFO] 2019-06-14 09:16:29,141: +PUB [/robot/camera1/image_raw/compressed] /gazebo http://dc5b429f784e:34487/
[rosmaster.master][INFO] 2019-06-14 09:16:29,145: +SERVICE [/robot/camera1/image_raw/compressed/set_parameters] /gazebo http://dc5b429f784e:34487/
[rosmaster.master][INFO] 2019-06-14 09:16:29,149: +SUB [/robot/cmd_vel] /gazebo http://dc5b429f784e:34487/
[rosmaster.master][INFO] 2019-06-14 09:16:29,150: +PUB [/robot/camera1/image_raw/compressed/parameter_descriptions] /gazebo http://dc5b429f784e:34487/
[rosmaster.master][INFO] 2019-06-14 09:16:29,151: +PUB [/robot/odom] /gazebo http://dc5b429f784e:34487/
[rosmaster.master][INFO] 2019-06-14 09:16:29,152: +PUB [/robot/camera1/image_raw/compressed/parameter_updates] /gazebo http://dc5b429f784e:34487/
[rosmaster.master][INFO] 2019-06-14 09:16:29,156: +PARAM [/robot/camera1/image_raw/compressed/format] by /gazebo
[rosmaster.master][INFO] 2019-06-14 09:16:29,156: +PARAM [/robot/camera1/image_raw/compressed/jpeg_quality] by /gazebo
[rosmaster.master][INFO] 2019-06-14 09:16:29,157: +PARAM [/robot/camera1/image_raw/compressed/png_level] by /gazebo
[rosmaster.master][INFO] 2019-06-14 09:16:29,159: +PARAM [/robot/camera1/image_raw/compressed/format] by /gazebo
[rosmaster.master][INFO] 2019-06-14 09:16:29,160: +PARAM [/robot/camera1/image_raw/compressed/jpeg_quality] by /gazebo
[rosmaster.master][INFO] 2019-06-14 09:16:29,161: +PARAM [/robot/camera1/image_raw/compressed/png_level] by /gazebo
[rosmaster.master][INFO] 2019-06-14 09:16:29,166: +PUB [/robot/camera1/image_raw] /gazebo http://dc5b429f784e:34487/
[rosmaster.master][INFO] 2019-06-14 09:16:29,170: +PUB [/robot/camera1/image_raw/theora] /gazebo http://dc5b429f784e:34487/
[rosmaster.master][INFO] 2019-06-14 09:16:29,172: +SERVICE [/robot/camera1/image_raw/theora/set_parameters] /gazebo http://dc5b429f784e:34487/
[rosmaster.master][INFO] 2019-06-14 09:16:29,173: +PUB [/robot/camera1/image_raw/theora/parameter_descriptions] /gazebo http://dc5b429f784e:34487/
[rosmaster.master][INFO] 2019-06-14 09:16:29,174: +PUB [/robot/camera1/image_raw/theora/parameter_updates] /gazebo http://dc5b429f784e:34487/
[rosmaster.master][INFO] 2019-06-14 09:16:29,185: +PARAM [/robot/camera1/image_raw/theora/optimize_for] by /gazebo
[rosmaster.master][INFO] 2019-06-14 09:16:29,188: +PARAM [/robot/camera1/image_raw/theora/target_bitrate] by /gazebo
[rosmaster.master][INFO] 2019-06-14 09:16:29,191: +PARAM [/robot/camera1/image_raw/theora/quality] by /gazebo
[rosmaster.master][INFO] 2019-06-14 09:16:29,193: +PARAM [/robot/camera1/image_raw/theora/keyframe_frequency] by /gazebo
[rosmaster.master][INFO] 2019-06-14 09:16:29,194: +PARAM [/robot/camera1/image_raw/theora/optimize_for] by /gazebo
[rosmaster.master][INFO] 2019-06-14 09:16:29,194: +PARAM [/robot/camera1/image_raw/theora/target_bitrate] by /gazebo
[rosmaster.master][INFO] 2019-06-14 09:16:29,195: +PARAM [/robot/camera1/image_raw/theora/quality] by /gazebo
[rosmaster.master][INFO] 2019-06-14 09:16:29,196: +PARAM [/robot/camera1/image_raw/theora/keyframe_frequency] by /gazebo
[rosmaster.master][INFO] 2019-06-14 09:16:29,197: +PUB [/robot/camera1/camera_info] /gazebo http://dc5b429f784e:34487/
[rosmaster.master][INFO] 2019-06-14 09:16:34,324: -SUB [/gazebo/set_link_state] /gazebo http://dc5b429f784e:34487/
[rosmaster.master][INFO] 2019-06-14 09:16:34,325: -SUB [/gazebo/set_model_state] /gazebo http://dc5b429f784e:34487/
[rosmaster.master][INFO] 2019-06-14 09:16:34,327: -PUB [/clock] /gazebo http://dc5b429f784e:34487/
[rosmaster.master][INFO] 2019-06-14 09:16:34,328: -PUB [/gazebo/link_states] /gazebo http://dc5b429f784e:34487/
[rosmaster.master][INFO] 2019-06-14 09:16:34,329: -PUB [/gazebo/model_states] /gazebo http://dc5b429f784e:34487/
[rosmaster.master][INFO] 2019-06-14 09:16:34,331: -SERVICE [/gazebo/spawn_sdf_model] /gazebo rosrpc://dc5b429f784e:42871
[rosmaster.master][INFO] 2019-06-14 09:16:34,332: -SERVICE [/gazebo/spawn_urdf_model] /gazebo rosrpc://dc5b429f784e:42871
[rosmaster.master][INFO] 2019-06-14 09:16:34,333: -SERVICE [/gazebo/delete_model] /gazebo rosrpc://dc5b429f784e:42871
[rosmaster.master][INFO] 2019-06-14 09:16:34,334: -SERVICE [/gazebo/delete_light] /gazebo rosrpc://dc5b429f784e:42871
[rosmaster.master][INFO] 2019-06-14 09:16:34,335: -SERVICE [/gazebo/get_model_properties] /gazebo rosrpc://dc5b429f784e:42871
[rosmaster.master][INFO] 2019-06-14 09:16:34,336: -SERVICE [/gazebo/get_model_state] /gazebo rosrpc://dc5b429f784e:42871
[rosmaster.master][INFO] 2019-06-14 09:16:34,337: -SERVICE [/gazebo/get_world_properties] /gazebo rosrpc://dc5b429f784e:42871
[rosmaster.master][INFO] 2019-06-14 09:16:34,338: -SERVICE [/gazebo/get_joint_properties] /gazebo rosrpc://dc5b429f784e:42871
[rosmaster.master][INFO] 2019-06-14 09:16:34,339: -SERVICE [/gazebo/get_link_properties] /gazebo rosrpc://dc5b429f784e:42871
[rosmaster.master][INFO] 2019-06-14 09:16:34,340: -SERVICE [/gazebo/get_link_state] /gazebo rosrpc://dc5b429f784e:42871
[rosmaster.master][INFO] 2019-06-14 09:16:34,341: -SERVICE [/gazebo/get_light_properties] /gazebo rosrpc://dc5b429f784e:42871
[rosmaster.master][INFO] 2019-06-14 09:16:34,342: -SERVICE [/gazebo/set_light_properties] /gazebo rosrpc://dc5b429f784e:42871
[rosmaster.master][INFO] 2019-06-14 09:16:34,343: -SERVICE [/gazebo/get_physics_properties] /gazebo rosrpc://dc5b429f784e:42871
[rosmaster.master][INFO] 2019-06-14 09:16:34,344: -SERVICE [/gazebo/set_link_properties] /gazebo rosrpc://dc5b429f784e:42871
[rosmaster.master][INFO] 2019-06-14 09:16:34,345: -SERVICE [/gazebo/set_physics_properties] /gazebo rosrpc://dc5b429f784e:42871
[rosmaster.master][INFO] 2019-06-14 09:16:34,346: -SERVICE [/gazebo/set_model_state] /gazebo rosrpc://dc5b429f784e:42871
[rosmaster.master][INFO] 2019-06-14 09:16:34,347: -SERVICE [/gazebo/set_model_configuration] /gazebo rosrpc://dc5b429f784e:42871
[rosmaster.master][INFO] 2019-06-14 09:16:34,348: -SERVICE [/gazebo/set_joint_properties] /gazebo rosrpc://dc5b429f784e:42871
[rosmaster.master][INFO] 2019-06-14 09:16:34,349: -SERVICE [/gazebo/set_link_state] /gazebo rosrpc://dc5b429f784e:42871
[rosmaster.master][INFO] 2019-06-14 09:16:34,350: -SERVICE [/gazebo/pause_physics] /gazebo rosrpc://dc5b429f784e:42871
[rosmaster.master][INFO] 2019-06-14 09:16:34,352: -SERVICE [/gazebo/unpause_physics] /gazebo rosrpc://dc5b429f784e:42871
[rosmaster.master][INFO] 2019-06-14 09:16:34,353: -SERVICE [/gazebo/apply_body_wrench] /gazebo rosrpc://dc5b429f784e:42871
[rosmaster.master][INFO] 2019-06-14 09:16:34,353: publisherUpdate[/clock] -> http://dc5b429f784e:34487/ []
[rosmaster.master][INFO] 2019-06-14 09:16:34,354: -SERVICE [/gazebo/apply_joint_effort] /gazebo rosrpc://dc5b429f784e:42871
[rosmaster.master][INFO] 2019-06-14 09:16:34,355: publisherUpdate[/clock] -> http://dc5b429f784e:34487/ []: sec=0.00, result=[1, '', 0]
[rosmaster.master][INFO] 2019-06-14 09:16:34,357: -SERVICE [/gazebo/clear_joint_forces] /gazebo rosrpc://dc5b429f784e:42871
[rosmaster.master][INFO] 2019-06-14 09:16:34,358: -SERVICE [/gazebo/clear_body_wrenches] /gazebo rosrpc://dc5b429f784e:42871
[rosmaster.master][INFO] 2019-06-14 09:16:34,359: -SERVICE [/gazebo/reset_simulation] /gazebo rosrpc://dc5b429f784e:42871
[rosmaster.master][INFO] 2019-06-14 09:16:34,360: -SERVICE [/gazebo/reset_world] /gazebo rosrpc://dc5b429f784e:42871
[rosmaster.master][INFO] 2019-06-14 09:16:52,161: +PARAM [/roslaunch/uris/host_dc5b429f784e__41931] by /roslaunch
[rosmaster.master][INFO] 2019-06-14 09:16:52,168: +PARAM [/rosversion] by /roslaunch
[rosmaster.master][INFO] 2019-06-14 09:16:52,168: +PARAM [/use_sim_time] by /roslaunch
[rosmaster.master][INFO] 2019-06-14 09:16:52,168: +PARAM [/rosdistro] by /roslaunch
[rosmaster.master][INFO] 2019-06-14 09:16:52,168: +PARAM [/robot_description] by /roslaunch
[rosmaster.master][INFO] 2019-06-14 09:16:53,999: +PUB [/rosout] /urdf_spawner http://dc5b429f784e:42207/
[rosmaster.master][INFO] 2019-06-14 09:16:54,004: +SUB [/clock] /urdf_spawner http://dc5b429f784e:42207/
[rosmaster.master][INFO] 2019-06-14 09:16:54,007: +SERVICE [/urdf_spawner/get_loggers] /urdf_spawner http://dc5b429f784e:42207/
[rosmaster.master][INFO] 2019-06-14 09:16:54,008: +SERVICE [/urdf_spawner/set_logger_level] /urdf_spawner http://dc5b429f784e:42207/
[rosmaster.master][INFO] 2019-06-14 09:16:54,029: publisherUpdate[/rosout] -> http://dc5b429f784e:39095/ ['http://dc5b429f784e:34487/', 'http://dc5b429f784e:42207/']
[rosmaster.master][INFO] 2019-06-14 09:16:54,030: publisherUpdate[/rosout] -> http://dc5b429f784e:39095/ ['http://dc5b429f784e:34487/', 'http://dc5b429f784e:42207/']: sec=0.00, result=[1, '', 0]
[rosmaster.master][INFO] 2019-06-14 09:20:07,473: -SUB [/clock] /urdf_spawner http://dc5b429f784e:42207/
[rosmaster.master][INFO] 2019-06-14 09:20:07,473: -PUB [/rosout] /urdf_spawner http://dc5b429f784e:42207/
[rosmaster.master][INFO] 2019-06-14 09:20:07,473: -SERVICE [/urdf_spawner/set_logger_level] /urdf_spawner rosrpc://dc5b429f784e:36339
[rosmaster.master][INFO] 2019-06-14 09:20:07,473: -SERVICE [/urdf_spawner/get_loggers] /urdf_spawner rosrpc://dc5b429f784e:36339
[rosmaster.master][INFO] 2019-06-14 09:20:07,541: publisherUpdate[/rosout] -> http://dc5b429f784e:39095/ ['http://dc5b429f784e:34487/']
[rosmaster.master][INFO] 2019-06-14 09:20:07,542: publisherUpdate[/rosout] -> http://dc5b429f784e:39095/ ['http://dc5b429f784e:34487/']: sec=0.00, result=[1, '', 0]
[rosmaster.master][INFO] 2019-06-14 09:20:09,520: +PARAM [/roslaunch/uris/host_dc5b429f784e__42215] by /roslaunch
[rosmaster.master][INFO] 2019-06-14 09:20:09,525: +PARAM [/rosversion] by /roslaunch
[rosmaster.master][INFO] 2019-06-14 09:20:09,525: +PARAM [/use_sim_time] by /roslaunch
[rosmaster.master][INFO] 2019-06-14 09:20:09,525: +PARAM [/rosdistro] by /roslaunch
[rosmaster.master][INFO] 2019-06-14 09:20:09,525: +PARAM [/robot_description] by /roslaunch
[rosmaster.master][INFO] 2019-06-14 09:20:11,331: +PUB [/rosout] /urdf_spawner http://dc5b429f784e:44491/
[rosmaster.master][INFO] 2019-06-14 09:20:11,335: +SUB [/clock] /urdf_spawner http://dc5b429f784e:44491/
[rosmaster.master][INFO] 2019-06-14 09:20:11,341: +SERVICE [/urdf_spawner/get_loggers] /urdf_spawner http://dc5b429f784e:44491/
[rosmaster.master][INFO] 2019-06-14 09:20:11,342: +SERVICE [/urdf_spawner/set_logger_level] /urdf_spawner http://dc5b429f784e:44491/
[rosmaster.master][INFO] 2019-06-14 09:20:11,350: publisherUpdate[/rosout] -> http://dc5b429f784e:39095/ ['http://dc5b429f784e:34487/', 'http://dc5b429f784e:44491/']
[rosmaster.master][INFO] 2019-06-14 09:20:11,351: publisherUpdate[/rosout] -> http://dc5b429f784e:39095/ ['http://dc5b429f784e:34487/', 'http://dc5b429f784e:44491/']: sec=0.00, result=[1, '', 0]
[rosmaster.master][INFO] 2019-06-14 09:33:58,830: -SUB [/clock] /urdf_spawner http://dc5b429f784e:44491/
[rosmaster.master][INFO] 2019-06-14 09:33:58,830: -PUB [/rosout] /urdf_spawner http://dc5b429f784e:44491/
[rosmaster.master][INFO] 2019-06-14 09:33:58,830: -SERVICE [/urdf_spawner/set_logger_level] /urdf_spawner rosrpc://dc5b429f784e:38015
[rosmaster.master][INFO] 2019-06-14 09:33:58,830: -SERVICE [/urdf_spawner/get_loggers] /urdf_spawner rosrpc://dc5b429f784e:38015
[rosmaster.master][INFO] 2019-06-14 09:33:58,913: publisherUpdate[/rosout] -> http://dc5b429f784e:39095/ ['http://dc5b429f784e:34487/']
[rosmaster.master][INFO] 2019-06-14 09:33:58,914: publisherUpdate[/rosout] -> http://dc5b429f784e:39095/ ['http://dc5b429f784e:34487/']: sec=0.00, result=[1, '', 0]
[rosmaster.master][INFO] 2019-06-14 09:35:29,676: +PARAM [/roslaunch/uris/host_dc5b429f784e__43461] by /roslaunch
[rosmaster.master][INFO] 2019-06-14 09:35:29,680: +PARAM [/rosversion] by /roslaunch
[rosmaster.master][INFO] 2019-06-14 09:35:29,680: +PARAM [/use_sim_time] by /roslaunch
[rosmaster.master][INFO] 2019-06-14 09:35:29,680: +PARAM [/rosdistro] by /roslaunch
[rosmaster.master][INFO] 2019-06-14 09:35:29,680: +PARAM [/robot_description] by /roslaunch
[rosmaster.master][INFO] 2019-06-14 09:35:31,508: +PUB [/rosout] /urdf_spawner http://dc5b429f784e:33333/
[rosmaster.master][INFO] 2019-06-14 09:35:31,512: +SUB [/clock] /urdf_spawner http://dc5b429f784e:33333/
[rosmaster.master][INFO] 2019-06-14 09:35:31,514: +SERVICE [/urdf_spawner/get_loggers] /urdf_spawner http://dc5b429f784e:33333/
[rosmaster.master][INFO] 2019-06-14 09:35:31,515: +SERVICE [/urdf_spawner/set_logger_level] /urdf_spawner http://dc5b429f784e:33333/
[rosmaster.master][INFO] 2019-06-14 09:35:31,525: publisherUpdate[/rosout] -> http://dc5b429f784e:39095/ ['http://dc5b429f784e:34487/', 'http://dc5b429f784e:33333/']
[rosmaster.master][INFO] 2019-06-14 09:35:31,526: publisherUpdate[/rosout] -> http://dc5b429f784e:39095/ ['http://dc5b429f784e:34487/', 'http://dc5b429f784e:33333/']: sec=0.00, result=[1, '', 0]
[rosmaster.master][INFO] 2019-06-14 09:35:43,721: -SUB [/clock] /urdf_spawner http://dc5b429f784e:33333/
[rosmaster.master][INFO] 2019-06-14 09:35:43,721: -PUB [/rosout] /urdf_spawner http://dc5b429f784e:33333/
[rosmaster.master][INFO] 2019-06-14 09:35:43,721: -SERVICE [/urdf_spawner/set_logger_level] /urdf_spawner rosrpc://dc5b429f784e:39107
[rosmaster.master][INFO] 2019-06-14 09:35:43,722: -SERVICE [/urdf_spawner/get_loggers] /urdf_spawner rosrpc://dc5b429f784e:39107
[rosmaster.master][INFO] 2019-06-14 09:35:43,760: publisherUpdate[/rosout] -> http://dc5b429f784e:39095/ ['http://dc5b429f784e:34487/']
[rosmaster.master][INFO] 2019-06-14 09:35:43,761: publisherUpdate[/rosout] -> http://dc5b429f784e:39095/ ['http://dc5b429f784e:34487/']: sec=0.00, result=[1, '', 0]
[rosmaster.master][INFO] 2019-06-14 09:35:55,791: +PARAM [/roslaunch/uris/host_dc5b429f784e__37083] by /roslaunch
[rosmaster.master][INFO] 2019-06-14 09:35:55,795: +PARAM [/rosversion] by /roslaunch
[rosmaster.master][INFO] 2019-06-14 09:35:55,795: +PARAM [/use_sim_time] by /roslaunch
[rosmaster.master][INFO] 2019-06-14 09:35:55,795: +PARAM [/rosdistro] by /roslaunch
[rosmaster.master][INFO] 2019-06-14 09:35:55,795: +PARAM [/robot_description] by /roslaunch
[rosmaster.master][INFO] 2019-06-14 09:35:57,590: +PUB [/rosout] /urdf_spawner http://dc5b429f784e:34595/
[rosmaster.master][INFO] 2019-06-14 09:35:57,595: +SUB [/clock] /urdf_spawner http://dc5b429f784e:34595/
[rosmaster.master][INFO] 2019-06-14 09:35:57,598: +SERVICE [/urdf_spawner/get_loggers] /urdf_spawner http://dc5b429f784e:34595/
[rosmaster.master][INFO] 2019-06-14 09:35:57,599: +SERVICE [/urdf_spawner/set_logger_level] /urdf_spawner http://dc5b429f784e:34595/
[rosmaster.master][INFO] 2019-06-14 09:35:57,634: publisherUpdate[/rosout] -> http://dc5b429f784e:39095/ ['http://dc5b429f784e:34487/', 'http://dc5b429f784e:34595/']
[rosmaster.master][INFO] 2019-06-14 09:35:57,636: publisherUpdate[/rosout] -> http://dc5b429f784e:39095/ ['http://dc5b429f784e:34487/', 'http://dc5b429f784e:34595/']: sec=0.00, result=[1, '', 0]
[rosmaster.master][INFO] 2019-06-14 09:36:13,157: -SUB [/clock] /urdf_spawner http://dc5b429f784e:34595/
[rosmaster.master][INFO] 2019-06-14 09:36:13,157: -PUB [/rosout] /urdf_spawner http://dc5b429f784e:34595/
[rosmaster.master][INFO] 2019-06-14 09:36:13,157: -SERVICE [/urdf_spawner/set_logger_level] /urdf_spawner rosrpc://dc5b429f784e:34041
[rosmaster.master][INFO] 2019-06-14 09:36:13,158: -SERVICE [/urdf_spawner/get_loggers] /urdf_spawner rosrpc://dc5b429f784e:34041
[rosmaster.master][INFO] 2019-06-14 09:36:13,179: publisherUpdate[/rosout] -> http://dc5b429f784e:39095/ ['http://dc5b429f784e:34487/']
[rosmaster.master][INFO] 2019-06-14 09:36:13,179: publisherUpdate[/rosout] -> http://dc5b429f784e:39095/ ['http://dc5b429f784e:34487/']: sec=0.00, result=[1, '', 0]
[rosmaster.master][INFO] 2019-06-14 09:36:13,280: -PUB [/rosout_agg] /rosout http://dc5b429f784e:39095/
[rosmaster.master][INFO] 2019-06-14 09:36:13,281: -SUB [/rosout] /rosout http://dc5b429f784e:39095/
[rosmaster.master][INFO] 2019-06-14 09:36:13,282: -SERVICE [/rosout/get_loggers] /rosout rosrpc://dc5b429f784e:43709
[rosmaster.master][INFO] 2019-06-14 09:36:13,283: -SERVICE [/rosout/set_logger_level] /rosout rosrpc://dc5b429f784e:43709
[rosmaster.main][INFO] 2019-06-14 09:36:13,366: keyboard interrupt, will exit
[rosmaster.main][INFO] 2019-06-14 09:36:13,366: stopping master...
[rospy.core][INFO] 2019-06-14 09:36:13,366: signal_shutdown [atexit]
