[rosmaster.main][INFO] 2019-06-25 07:05:10,324: initialization complete, waiting for shutdown
[rosmaster.main][INFO] 2019-06-25 07:05:10,324: Starting ROS Master Node
[xmlrpc][INFO] 2019-06-25 07:05:10,325: XML-RPC server binding to 0.0.0.0:11311
[xmlrpc][INFO] 2019-06-25 07:05:10,325: Started XML-RPC server [http://dc5b429f784e:11311/]
[xmlrpc][INFO] 2019-06-25 07:05:10,326: xml rpc node: starting XML-RPC server
[rosmaster.master][INFO] 2019-06-25 07:05:10,326: Master initialized: port[11311], uri[http://dc5b429f784e:11311/]
[rosmaster.master][INFO] 2019-06-25 07:05:10,338: +PARAM [/run_id] by /roslaunch
[rosmaster.master][INFO] 2019-06-25 07:05:10,339: +PARAM [/roslaunch/uris/host_dc5b429f784e__37363] by /roslaunch
[rosmaster.master][INFO] 2019-06-25 07:05:10,688: +PARAM [/rosversion] by /roslaunch
[rosmaster.master][INFO] 2019-06-25 07:05:10,689: +PARAM [/use_sim_time] by /roslaunch
[rosmaster.master][INFO] 2019-06-25 07:05:10,689: +PARAM [/rosdistro] by /roslaunch
[rosmaster.master][INFO] 2019-06-25 07:05:10,689: +PARAM [/robot_description] by /roslaunch
[rosmaster.master][INFO] 2019-06-25 07:05:10,704: +SERVICE [/rosout/get_loggers] /rosout http://dc5b429f784e:43037/
[rosmaster.master][INFO] 2019-06-25 07:05:10,705: +SERVICE [/rosout/set_logger_level] /rosout http://dc5b429f784e:43037/
[rosmaster.master][INFO] 2019-06-25 07:05:10,713: +SUB [/clock] /rosout http://dc5b429f784e:43037/
[rosmaster.master][INFO] 2019-06-25 07:05:10,714: +PUB [/rosout_agg] /rosout http://dc5b429f784e:43037/
[rosmaster.master][INFO] 2019-06-25 07:05:10,719: +SUB [/rosout] /rosout http://dc5b429f784e:43037/
[rosmaster.master][INFO] 2019-06-25 07:05:11,386: +PUB [/rosout] /gazebo http://dc5b429f784e:43259/
[rosmaster.master][INFO] 2019-06-25 07:05:11,387: +SERVICE [/gazebo/get_loggers] /gazebo http://dc5b429f784e:43259/
[rosmaster.master][INFO] 2019-06-25 07:05:11,388: +SERVICE [/gazebo/set_logger_level] /gazebo http://dc5b429f784e:43259/
[rosmaster.master][INFO] 2019-06-25 07:05:11,395: +SUB [/clock] /gazebo http://dc5b429f784e:43259/
[rosmaster.master][INFO] 2019-06-25 07:05:11,427: publisherUpdate[/rosout] -> http://dc5b429f784e:43037/ ['http://dc5b429f784e:43259/']
[rosmaster.master][INFO] 2019-06-25 07:05:11,429: publisherUpdate[/rosout] -> http://dc5b429f784e:43037/ ['http://dc5b429f784e:43259/']: sec=0.00, result=[1, '', 0]
[rosmaster.master][INFO] 2019-06-25 07:05:11,678: +PUB [/clock] /gazebo http://dc5b429f784e:43259/
[rosmaster.master][INFO] 2019-06-25 07:05:11,680: +SERVICE [/gazebo/spawn_sdf_model] /gazebo http://dc5b429f784e:43259/
[rosmaster.master][INFO] 2019-06-25 07:05:11,681: +SERVICE [/gazebo/spawn_urdf_model] /gazebo http://dc5b429f784e:43259/
[rosmaster.master][INFO] 2019-06-25 07:05:11,682: +SERVICE [/gazebo/delete_model] /gazebo http://dc5b429f784e:43259/
[rosmaster.master][INFO] 2019-06-25 07:05:11,683: +SERVICE [/gazebo/delete_light] /gazebo http://dc5b429f784e:43259/
[rosmaster.master][INFO] 2019-06-25 07:05:11,684: +SERVICE [/gazebo/get_model_properties] /gazebo http://dc5b429f784e:43259/
[rosmaster.master][INFO] 2019-06-25 07:05:11,685: +SERVICE [/gazebo/get_model_state] /gazebo http://dc5b429f784e:43259/
[rosmaster.master][INFO] 2019-06-25 07:05:11,686: +SERVICE [/gazebo/get_world_properties] /gazebo http://dc5b429f784e:43259/
[rosmaster.master][INFO] 2019-06-25 07:05:11,688: +SERVICE [/gazebo/get_joint_properties] /gazebo http://dc5b429f784e:43259/
[rosmaster.master][INFO] 2019-06-25 07:05:11,689: +SERVICE [/gazebo/get_link_properties] /gazebo http://dc5b429f784e:43259/
[rosmaster.master][INFO] 2019-06-25 07:05:11,690: +SERVICE [/gazebo/get_link_state] /gazebo http://dc5b429f784e:43259/
[rosmaster.master][INFO] 2019-06-25 07:05:11,691: +SERVICE [/gazebo/get_light_properties] /gazebo http://dc5b429f784e:43259/
[rosmaster.master][INFO] 2019-06-25 07:05:11,692: +SERVICE [/gazebo/set_light_properties] /gazebo http://dc5b429f784e:43259/
[rosmaster.master][INFO] 2019-06-25 07:05:11,693: +SERVICE [/gazebo/get_physics_properties] /gazebo http://dc5b429f784e:43259/
[rosmaster.master][INFO] 2019-06-25 07:05:11,694: +PUB [/gazebo/link_states] /gazebo http://dc5b429f784e:43259/
[rosmaster.master][INFO] 2019-06-25 07:05:11,695: +PUB [/gazebo/model_states] /gazebo http://dc5b429f784e:43259/
[rosmaster.master][INFO] 2019-06-25 07:05:11,696: +SERVICE [/gazebo/set_link_properties] /gazebo http://dc5b429f784e:43259/
[rosmaster.master][INFO] 2019-06-25 07:05:11,697: +SERVICE [/gazebo/set_physics_properties] /gazebo http://dc5b429f784e:43259/
[rosmaster.master][INFO] 2019-06-25 07:05:11,699: +SERVICE [/gazebo/set_model_state] /gazebo http://dc5b429f784e:43259/
[rosmaster.master][INFO] 2019-06-25 07:05:11,700: +SERVICE [/gazebo/set_model_configuration] /gazebo http://dc5b429f784e:43259/
[rosmaster.master][INFO] 2019-06-25 07:05:11,701: +SERVICE [/gazebo/set_joint_properties] /gazebo http://dc5b429f784e:43259/
[rosmaster.master][INFO] 2019-06-25 07:05:11,702: +SERVICE [/gazebo/set_link_state] /gazebo http://dc5b429f784e:43259/
[rosmaster.master][INFO] 2019-06-25 07:05:11,708: +SUB [/gazebo/set_link_state] /gazebo http://dc5b429f784e:43259/
[rosmaster.master][INFO] 2019-06-25 07:05:11,719: +SUB [/gazebo/set_model_state] /gazebo http://dc5b429f784e:43259/
[rosmaster.master][INFO] 2019-06-25 07:05:11,721: +SERVICE [/gazebo/pause_physics] /gazebo http://dc5b429f784e:43259/
[rosmaster.master][INFO] 2019-06-25 07:05:11,722: +SERVICE [/gazebo/unpause_physics] /gazebo http://dc5b429f784e:43259/
[rosmaster.master][INFO] 2019-06-25 07:05:11,723: +SERVICE [/gazebo/apply_body_wrench] /gazebo http://dc5b429f784e:43259/
[rosmaster.master][INFO] 2019-06-25 07:05:11,724: +SERVICE [/gazebo/apply_joint_effort] /gazebo http://dc5b429f784e:43259/
[rosmaster.master][INFO] 2019-06-25 07:05:11,725: +SERVICE [/gazebo/clear_joint_forces] /gazebo http://dc5b429f784e:43259/
[rosmaster.master][INFO] 2019-06-25 07:05:11,727: +SERVICE [/gazebo/clear_body_wrenches] /gazebo http://dc5b429f784e:43259/
[rosmaster.master][INFO] 2019-06-25 07:05:11,728: +SERVICE [/gazebo/reset_simulation] /gazebo http://dc5b429f784e:43259/
[rosmaster.master][INFO] 2019-06-25 07:05:11,729: +SERVICE [/gazebo/reset_world] /gazebo http://dc5b429f784e:43259/
[rosmaster.master][INFO] 2019-06-25 07:05:11,729: publisherUpdate[/clock] -> http://dc5b429f784e:43037/ ['http://dc5b429f784e:43259/']
[rosmaster.master][INFO] 2019-06-25 07:05:11,729: publisherUpdate[/clock] -> http://dc5b429f784e:43259/ ['http://dc5b429f784e:43259/']
[rosmaster.master][INFO] 2019-06-25 07:05:11,731: publisherUpdate[/clock] -> http://dc5b429f784e:43037/ ['http://dc5b429f784e:43259/']: sec=0.00, result=[1, '', 0]
[rosmaster.master][INFO] 2019-06-25 07:05:11,732: publisherUpdate[/clock] -> http://dc5b429f784e:43259/ ['http://dc5b429f784e:43259/']: sec=0.00, result=[1, '', 0]
[rosmaster.master][INFO] 2019-06-25 07:05:11,766: +SERVICE [/gazebo/set_parameters] /gazebo http://dc5b429f784e:43259/
[rosmaster.master][INFO] 2019-06-25 07:05:11,767: +PUB [/gazebo/parameter_descriptions] /gazebo http://dc5b429f784e:43259/
[rosmaster.master][INFO] 2019-06-25 07:05:11,768: +PUB [/gazebo/parameter_updates] /gazebo http://dc5b429f784e:43259/
[rosmaster.master][INFO] 2019-06-25 07:05:11,782: +PARAM [/gazebo/time_step] by /gazebo
[rosmaster.master][INFO] 2019-06-25 07:05:11,783: +PARAM [/gazebo/max_update_rate] by /gazebo
[rosmaster.master][INFO] 2019-06-25 07:05:11,784: +PARAM [/gazebo/gravity_x] by /gazebo
[rosmaster.master][INFO] 2019-06-25 07:05:11,785: +PARAM [/gazebo/gravity_y] by /gazebo
[rosmaster.master][INFO] 2019-06-25 07:05:11,787: +PARAM [/gazebo/gravity_z] by /gazebo
[rosmaster.master][INFO] 2019-06-25 07:05:11,788: +PARAM [/gazebo/auto_disable_bodies] by /gazebo
[rosmaster.master][INFO] 2019-06-25 07:05:11,789: +PARAM [/gazebo/sor_pgs_precon_iters] by /gazebo
[rosmaster.master][INFO] 2019-06-25 07:05:11,790: +PARAM [/gazebo/sor_pgs_iters] by /gazebo
[rosmaster.master][INFO] 2019-06-25 07:05:11,791: +PARAM [/gazebo/sor_pgs_w] by /gazebo
[rosmaster.master][INFO] 2019-06-25 07:05:11,793: +PARAM [/gazebo/sor_pgs_rms_error_tol] by /gazebo
[rosmaster.master][INFO] 2019-06-25 07:05:11,794: +PARAM [/gazebo/cfm] by /gazebo
[rosmaster.master][INFO] 2019-06-25 07:05:11,795: +PARAM [/gazebo/erp] by /gazebo
[rosmaster.master][INFO] 2019-06-25 07:05:11,795: +PARAM [/gazebo/contact_surface_layer] by /gazebo
[rosmaster.master][INFO] 2019-06-25 07:05:11,796: +PARAM [/gazebo/contact_max_correcting_vel] by /gazebo
[rosmaster.master][INFO] 2019-06-25 07:05:11,797: +PARAM [/gazebo/max_contacts] by /gazebo
[rosmaster.master][INFO] 2019-06-25 07:05:11,800: +PARAM [/gazebo/time_step] by /gazebo
[rosmaster.master][INFO] 2019-06-25 07:05:11,801: +PARAM [/gazebo/max_update_rate] by /gazebo
[rosmaster.master][INFO] 2019-06-25 07:05:11,802: +PARAM [/gazebo/gravity_x] by /gazebo
[rosmaster.master][INFO] 2019-06-25 07:05:11,803: +PARAM [/gazebo/gravity_y] by /gazebo
[rosmaster.master][INFO] 2019-06-25 07:05:11,804: +PARAM [/gazebo/gravity_z] by /gazebo
[rosmaster.master][INFO] 2019-06-25 07:05:11,805: +PARAM [/gazebo/auto_disable_bodies] by /gazebo
[rosmaster.master][INFO] 2019-06-25 07:05:11,806: +PARAM [/gazebo/sor_pgs_precon_iters] by /gazebo
[rosmaster.master][INFO] 2019-06-25 07:05:11,807: +PARAM [/gazebo/sor_pgs_iters] by /gazebo
[rosmaster.master][INFO] 2019-06-25 07:05:11,808: +PARAM [/gazebo/sor_pgs_w] by /gazebo
[rosmaster.master][INFO] 2019-06-25 07:05:11,809: +PARAM [/gazebo/sor_pgs_rms_error_tol] by /gazebo
[rosmaster.master][INFO] 2019-06-25 07:05:11,810: +PARAM [/gazebo/cfm] by /gazebo
[rosmaster.master][INFO] 2019-06-25 07:05:11,811: +PARAM [/gazebo/erp] by /gazebo
[rosmaster.master][INFO] 2019-06-25 07:05:11,812: +PARAM [/gazebo/contact_surface_layer] by /gazebo
[rosmaster.master][INFO] 2019-06-25 07:05:11,812: +PARAM [/gazebo/contact_max_correcting_vel] by /gazebo
[rosmaster.master][INFO] 2019-06-25 07:05:11,813: +PARAM [/gazebo/max_contacts] by /gazebo
[rosmaster.master][INFO] 2019-06-25 07:05:12,485: +PUB [/rosout] /mybot_spawn http://dc5b429f784e:37457/
[rosmaster.master][INFO] 2019-06-25 07:05:12,489: +SUB [/clock] /mybot_spawn http://dc5b429f784e:37457/
[rosmaster.master][INFO] 2019-06-25 07:05:12,491: +SERVICE [/mybot_spawn/get_loggers] /mybot_spawn http://dc5b429f784e:37457/
[rosmaster.master][INFO] 2019-06-25 07:05:12,492: +SERVICE [/mybot_spawn/set_logger_level] /mybot_spawn http://dc5b429f784e:37457/
[rosmaster.master][INFO] 2019-06-25 07:05:12,531: publisherUpdate[/rosout] -> http://dc5b429f784e:43037/ ['http://dc5b429f784e:43259/', 'http://dc5b429f784e:37457/']
[rosmaster.master][INFO] 2019-06-25 07:05:12,532: publisherUpdate[/rosout] -> http://dc5b429f784e:43037/ ['http://dc5b429f784e:43259/', 'http://dc5b429f784e:37457/']: sec=0.00, result=[1, '', 0]
[rosmaster.master][INFO] 2019-06-25 07:05:12,709: -SUB [/clock] /mybot_spawn http://dc5b429f784e:37457/
[rosmaster.master][INFO] 2019-06-25 07:05:12,709: -PUB [/rosout] /mybot_spawn http://dc5b429f784e:37457/
[rosmaster.master][INFO] 2019-06-25 07:05:12,709: -SERVICE [/mybot_spawn/set_logger_level] /mybot_spawn rosrpc://dc5b429f784e:37779
[rosmaster.master][INFO] 2019-06-25 07:05:12,709: -SERVICE [/mybot_spawn/get_loggers] /mybot_spawn rosrpc://dc5b429f784e:37779
[rosmaster.master][ERROR] 2019-06-25 07:05:12,727: Traceback (most recent call last):
  File "/opt/ros/kinetic/lib/python2.7/dist-packages/rosmaster/master_api.py", line 177, in validated_f
    code, msg, val = f(*newArgs, **kwds)
  File "/opt/ros/kinetic/lib/python2.7/dist-packages/rosmaster/master_api.py", line 435, in searchParam
    search_key = self.param_server.search_param(caller_id, key)
  File "/opt/ros/kinetic/lib/python2.7/dist-packages/rosmaster/paramserver.py", line 116, in search_param
    raise ValueError("namespace must be global")
ValueError: namespace must be global

[rosmaster.master][INFO] 2019-06-25 07:05:12,729: +PUB [/tf] /gazebo http://dc5b429f784e:43259/
[rosmaster.master][INFO] 2019-06-25 07:05:12,732: publisherUpdate[/rosout] -> http://dc5b429f784e:43037/ ['http://dc5b429f784e:43259/']
[rosmaster.master][INFO] 2019-06-25 07:05:12,733: publisherUpdate[/rosout] -> http://dc5b429f784e:43037/ ['http://dc5b429f784e:43259/']: sec=0.00, result=[1, '', 0]
[rosmaster.master][INFO] 2019-06-25 07:05:12,737: +SUB [/cmd_vel] /gazebo http://dc5b429f784e:43259/
[rosmaster.master][INFO] 2019-06-25 07:05:12,741: +PUB [/odom] /gazebo http://dc5b429f784e:43259/
[rosmaster.master][INFO] 2019-06-25 07:05:24,268: +PUB [/rosout] /rostopic_3681_1561446324109 http://dc5b429f784e:42161/
[rosmaster.master][INFO] 2019-06-25 07:05:24,284: +SUB [/clock] /rostopic_3681_1561446324109 http://dc5b429f784e:42161/
[rosmaster.master][INFO] 2019-06-25 07:05:24,286: +SERVICE [/rostopic_3681_1561446324109/get_loggers] /rostopic_3681_1561446324109 http://dc5b429f784e:42161/
[rosmaster.master][INFO] 2019-06-25 07:05:24,288: +SERVICE [/rostopic_3681_1561446324109/set_logger_level] /rostopic_3681_1561446324109 http://dc5b429f784e:42161/
[rosmaster.master][INFO] 2019-06-25 07:05:24,322: +SUB [/odom] /rostopic_3681_1561446324109 http://dc5b429f784e:42161/
[rosmaster.master][INFO] 2019-06-25 07:05:24,355: publisherUpdate[/rosout] -> http://dc5b429f784e:43037/ ['http://dc5b429f784e:43259/', 'http://dc5b429f784e:42161/']
[rosmaster.master][INFO] 2019-06-25 07:05:24,356: publisherUpdate[/rosout] -> http://dc5b429f784e:43037/ ['http://dc5b429f784e:43259/', 'http://dc5b429f784e:42161/']: sec=0.00, result=[1, '', 0]
[rosmaster.master][INFO] 2019-06-25 07:05:26,029: -SUB [/clock] /rostopic_3681_1561446324109 http://dc5b429f784e:42161/
[rosmaster.master][INFO] 2019-06-25 07:05:26,029: -SUB [/odom] /rostopic_3681_1561446324109 http://dc5b429f784e:42161/
[rosmaster.master][INFO] 2019-06-25 07:05:26,029: -PUB [/rosout] /rostopic_3681_1561446324109 http://dc5b429f784e:42161/
[rosmaster.master][INFO] 2019-06-25 07:05:26,029: -SERVICE [/rostopic_3681_1561446324109/set_logger_level] /rostopic_3681_1561446324109 rosrpc://dc5b429f784e:44213
[rosmaster.master][INFO] 2019-06-25 07:05:26,029: -SERVICE [/rostopic_3681_1561446324109/get_loggers] /rostopic_3681_1561446324109 rosrpc://dc5b429f784e:44213
[rosmaster.master][INFO] 2019-06-25 07:05:26,060: publisherUpdate[/rosout] -> http://dc5b429f784e:43037/ ['http://dc5b429f784e:43259/']
[rosmaster.master][INFO] 2019-06-25 07:05:26,061: publisherUpdate[/rosout] -> http://dc5b429f784e:43037/ ['http://dc5b429f784e:43259/']: sec=0.00, result=[1, '', 0]
[rosmaster.master][INFO] 2019-06-25 07:06:58,176: +PUB [/cmd_vel] /teleop_twist_keyboard http://dc5b429f784e:40455/
[rosmaster.master][INFO] 2019-06-25 07:06:58,190: publisherUpdate[/cmd_vel] -> http://dc5b429f784e:43259/ ['http://dc5b429f784e:40455/']
[rosmaster.master][INFO] 2019-06-25 07:06:58,191: publisherUpdate[/cmd_vel] -> http://dc5b429f784e:43259/ ['http://dc5b429f784e:40455/']: sec=0.00, result=[1, '', 0]
[rosmaster.master][INFO] 2019-06-25 07:06:58,288: +PUB [/rosout] /teleop_twist_keyboard http://dc5b429f784e:40455/
[rosmaster.master][INFO] 2019-06-25 07:06:58,291: publisherUpdate[/rosout] -> http://dc5b429f784e:43037/ ['http://dc5b429f784e:43259/', 'http://dc5b429f784e:40455/']
[rosmaster.master][INFO] 2019-06-25 07:06:58,292: publisherUpdate[/rosout] -> http://dc5b429f784e:43037/ ['http://dc5b429f784e:43259/', 'http://dc5b429f784e:40455/']: sec=0.00, result=[1, '', 0]
[rosmaster.master][INFO] 2019-06-25 07:06:58,297: +SUB [/clock] /teleop_twist_keyboard http://dc5b429f784e:40455/
[rosmaster.master][INFO] 2019-06-25 07:06:58,299: +SERVICE [/teleop_twist_keyboard/get_loggers] /teleop_twist_keyboard http://dc5b429f784e:40455/
[rosmaster.master][INFO] 2019-06-25 07:06:58,301: +SERVICE [/teleop_twist_keyboard/set_logger_level] /teleop_twist_keyboard http://dc5b429f784e:40455/
[rosmaster.master][INFO] 2019-06-25 07:07:39,956: -SUB [/clock] /teleop_twist_keyboard http://dc5b429f784e:40455/
[rosmaster.master][INFO] 2019-06-25 07:07:39,957: -PUB [/rosout] /teleop_twist_keyboard http://dc5b429f784e:40455/
[rosmaster.master][INFO] 2019-06-25 07:07:39,957: -PUB [/cmd_vel] /teleop_twist_keyboard http://dc5b429f784e:40455/
[rosmaster.master][INFO] 2019-06-25 07:07:39,957: -SERVICE [/teleop_twist_keyboard/set_logger_level] /teleop_twist_keyboard rosrpc://dc5b429f784e:34363
[rosmaster.master][INFO] 2019-06-25 07:07:39,957: -SERVICE [/teleop_twist_keyboard/get_loggers] /teleop_twist_keyboard rosrpc://dc5b429f784e:34363
[rosmaster.master][INFO] 2019-06-25 07:07:39,970: publisherUpdate[/rosout] -> http://dc5b429f784e:43037/ ['http://dc5b429f784e:43259/']
[rosmaster.master][INFO] 2019-06-25 07:07:39,971: publisherUpdate[/cmd_vel] -> http://dc5b429f784e:43259/ []
[rosmaster.master][INFO] 2019-06-25 07:07:39,972: publisherUpdate[/rosout] -> http://dc5b429f784e:43037/ ['http://dc5b429f784e:43259/']: sec=0.00, result=[1, '', 0]
[rosmaster.master][INFO] 2019-06-25 07:07:39,973: publisherUpdate[/cmd_vel] -> http://dc5b429f784e:43259/ []: sec=0.00, result=[1, '', 0]
[rosmaster.master][INFO] 2019-06-25 07:08:26,125: -SUB [/gazebo/set_link_state] /gazebo http://dc5b429f784e:43259/
[rosmaster.master][INFO] 2019-06-25 07:08:26,126: -SUB [/gazebo/set_model_state] /gazebo http://dc5b429f784e:43259/
[rosmaster.master][INFO] 2019-06-25 07:08:26,127: -PUB [/clock] /gazebo http://dc5b429f784e:43259/
[rosmaster.master][INFO] 2019-06-25 07:08:26,128: -PUB [/gazebo/link_states] /gazebo http://dc5b429f784e:43259/
[rosmaster.master][INFO] 2019-06-25 07:08:26,130: -PUB [/gazebo/model_states] /gazebo http://dc5b429f784e:43259/
[rosmaster.master][INFO] 2019-06-25 07:08:26,131: -SERVICE [/gazebo/spawn_sdf_model] /gazebo rosrpc://dc5b429f784e:47571
[rosmaster.master][INFO] 2019-06-25 07:08:26,132: -SERVICE [/gazebo/spawn_urdf_model] /gazebo rosrpc://dc5b429f784e:47571
[rosmaster.master][INFO] 2019-06-25 07:08:26,134: -SERVICE [/gazebo/delete_model] /gazebo rosrpc://dc5b429f784e:47571
[rosmaster.master][INFO] 2019-06-25 07:08:26,135: -SERVICE [/gazebo/delete_light] /gazebo rosrpc://dc5b429f784e:47571
[rosmaster.master][INFO] 2019-06-25 07:08:26,136: -SERVICE [/gazebo/get_model_properties] /gazebo rosrpc://dc5b429f784e:47571
[rosmaster.master][INFO] 2019-06-25 07:08:26,137: -SERVICE [/gazebo/get_model_state] /gazebo rosrpc://dc5b429f784e:47571
[rosmaster.master][INFO] 2019-06-25 07:08:26,138: -SERVICE [/gazebo/get_world_properties] /gazebo rosrpc://dc5b429f784e:47571
[rosmaster.master][INFO] 2019-06-25 07:08:26,139: -SERVICE [/gazebo/get_joint_properties] /gazebo rosrpc://dc5b429f784e:47571
[rosmaster.master][INFO] 2019-06-25 07:08:26,140: -SERVICE [/gazebo/get_link_properties] /gazebo rosrpc://dc5b429f784e:47571
[rosmaster.master][INFO] 2019-06-25 07:08:26,141: -SERVICE [/gazebo/get_link_state] /gazebo rosrpc://dc5b429f784e:47571
[rosmaster.master][INFO] 2019-06-25 07:08:26,142: -SERVICE [/gazebo/get_light_properties] /gazebo rosrpc://dc5b429f784e:47571
[rosmaster.master][INFO] 2019-06-25 07:08:26,143: -SERVICE [/gazebo/set_light_properties] /gazebo rosrpc://dc5b429f784e:47571
[rosmaster.master][INFO] 2019-06-25 07:08:26,144: -SERVICE [/gazebo/get_physics_properties] /gazebo rosrpc://dc5b429f784e:47571
[rosmaster.master][INFO] 2019-06-25 07:08:26,146: -SERVICE [/gazebo/set_link_properties] /gazebo rosrpc://dc5b429f784e:47571
[rosmaster.master][INFO] 2019-06-25 07:08:26,146: -SERVICE [/gazebo/set_physics_properties] /gazebo rosrpc://dc5b429f784e:47571
[rosmaster.master][INFO] 2019-06-25 07:08:26,147: -SERVICE [/gazebo/set_model_state] /gazebo rosrpc://dc5b429f784e:47571
[rosmaster.master][INFO] 2019-06-25 07:08:26,148: -SERVICE [/gazebo/set_model_configuration] /gazebo rosrpc://dc5b429f784e:47571
[rosmaster.master][INFO] 2019-06-25 07:08:26,149: -SERVICE [/gazebo/set_joint_properties] /gazebo rosrpc://dc5b429f784e:47571
[rosmaster.master][INFO] 2019-06-25 07:08:26,150: -SERVICE [/gazebo/set_link_state] /gazebo rosrpc://dc5b429f784e:47571
[rosmaster.master][INFO] 2019-06-25 07:08:26,151: -SERVICE [/gazebo/pause_physics] /gazebo rosrpc://dc5b429f784e:47571
[rosmaster.master][INFO] 2019-06-25 07:08:26,152: -SERVICE [/gazebo/unpause_physics] /gazebo rosrpc://dc5b429f784e:47571
[rosmaster.master][INFO] 2019-06-25 07:08:26,153: -SERVICE [/gazebo/apply_body_wrench] /gazebo rosrpc://dc5b429f784e:47571
[rosmaster.master][INFO] 2019-06-25 07:08:26,154: -SERVICE [/gazebo/apply_joint_effort] /gazebo rosrpc://dc5b429f784e:47571
[rosmaster.master][INFO] 2019-06-25 07:08:26,154: -SERVICE [/gazebo/clear_joint_forces] /gazebo rosrpc://dc5b429f784e:47571
[rosmaster.master][INFO] 2019-06-25 07:08:26,155: -SERVICE [/gazebo/clear_body_wrenches] /gazebo rosrpc://dc5b429f784e:47571
[rosmaster.master][INFO] 2019-06-25 07:08:26,157: -SERVICE [/gazebo/reset_simulation] /gazebo rosrpc://dc5b429f784e:47571
[rosmaster.master][INFO] 2019-06-25 07:08:26,157: -SERVICE [/gazebo/reset_world] /gazebo rosrpc://dc5b429f784e:47571
[rosmaster.master][INFO] 2019-06-25 07:08:26,159: -PUB [/gazebo/parameter_descriptions] /gazebo http://dc5b429f784e:43259/
[rosmaster.master][INFO] 2019-06-25 07:08:26,159: publisherUpdate[/clock] -> http://dc5b429f784e:43037/ []
[rosmaster.master][INFO] 2019-06-25 07:08:26,159: publisherUpdate[/clock] -> http://dc5b429f784e:43259/ []
[rosmaster.master][INFO] 2019-06-25 07:08:26,161: publisherUpdate[/clock] -> http://dc5b429f784e:43037/ []: sec=0.00, result=[1, '', 0]
[rosmaster.master][INFO] 2019-06-25 07:08:26,162: publisherUpdate[/clock] -> http://dc5b429f784e:43259/ []: sec=0.00, result=[1, '', 0]
[rosmaster.master][INFO] 2019-06-25 07:08:26,162: -PUB [/gazebo/parameter_updates] /gazebo http://dc5b429f784e:43259/
[rosmaster.master][INFO] 2019-06-25 07:08:26,163: -SERVICE [/gazebo/set_parameters] /gazebo rosrpc://dc5b429f784e:47571
[rosmaster.master][INFO] 2019-06-25 07:08:40,495: -PUB [/tf] /gazebo http://dc5b429f784e:43259/
[rosmaster.master][INFO] 2019-06-25 07:09:46,329: +PARAM [/roslaunch/uris/host_dc5b429f784e__36463] by /roslaunch
[rosmaster.master][INFO] 2019-06-25 07:09:46,333: +PARAM [/rosversion] by /roslaunch
[rosmaster.master][INFO] 2019-06-25 07:09:46,333: +PARAM [/joint_state_publisher/use_gui] by /roslaunch
[rosmaster.master][INFO] 2019-06-25 07:09:46,333: +PARAM [/rosdistro] by /roslaunch
[rosmaster.master][INFO] 2019-06-25 07:09:46,334: +PARAM [/robot_description] by /roslaunch
[rosmaster.master][INFO] 2019-06-25 07:09:46,970: +PUB [/rosout] /robot_state_publisher http://dc5b429f784e:36897/
[rosmaster.master][INFO] 2019-06-25 07:09:46,971: +SERVICE [/robot_state_publisher/get_loggers] /robot_state_publisher http://dc5b429f784e:36897/
[rosmaster.master][INFO] 2019-06-25 07:09:46,972: +SERVICE [/robot_state_publisher/set_logger_level] /robot_state_publisher http://dc5b429f784e:36897/
[rosmaster.master][INFO] 2019-06-25 07:09:46,979: +SUB [/clock] /robot_state_publisher http://dc5b429f784e:36897/
[rosmaster.master][INFO] 2019-06-25 07:09:46,982: +PUB [/tf] /robot_state_publisher http://dc5b429f784e:36897/
[rosmaster.master][INFO] 2019-06-25 07:09:46,983: +PUB [/tf_static] /robot_state_publisher http://dc5b429f784e:36897/
[rosmaster.master][INFO] 2019-06-25 07:09:46,993: +SUB [/joint_states] /robot_state_publisher http://dc5b429f784e:36897/
[rosmaster.master][INFO] 2019-06-25 07:09:47,004: publisherUpdate[/rosout] -> http://dc5b429f784e:43037/ ['http://dc5b429f784e:43259/', 'http://dc5b429f784e:36897/']
[rosmaster.master][INFO] 2019-06-25 07:09:47,005: publisherUpdate[/rosout] -> http://dc5b429f784e:43037/ ['http://dc5b429f784e:43259/', 'http://dc5b429f784e:36897/']: sec=0.00, result=[1, '', 0]
[rosmaster.master][INFO] 2019-06-25 07:09:47,049: +PUB [/rosout] /joint_state_publisher http://dc5b429f784e:35609/
[rosmaster.master][INFO] 2019-06-25 07:09:47,053: +SUB [/clock] /joint_state_publisher http://dc5b429f784e:35609/
[rosmaster.master][INFO] 2019-06-25 07:09:47,055: +SERVICE [/joint_state_publisher/get_loggers] /joint_state_publisher http://dc5b429f784e:35609/
[rosmaster.master][INFO] 2019-06-25 07:09:47,057: +SERVICE [/joint_state_publisher/set_logger_level] /joint_state_publisher http://dc5b429f784e:35609/
[rosmaster.master][INFO] 2019-06-25 07:09:47,084: +PUB [/joint_states] /joint_state_publisher http://dc5b429f784e:35609/
[rosmaster.master][INFO] 2019-06-25 07:09:47,105: publisherUpdate[/rosout] -> http://dc5b429f784e:43037/ ['http://dc5b429f784e:43259/', 'http://dc5b429f784e:36897/', 'http://dc5b429f784e:35609/']
[rosmaster.master][INFO] 2019-06-25 07:09:47,106: publisherUpdate[/rosout] -> http://dc5b429f784e:43037/ ['http://dc5b429f784e:43259/', 'http://dc5b429f784e:36897/', 'http://dc5b429f784e:35609/']: sec=0.00, result=[1, '', 0]
[rosmaster.master][INFO] 2019-06-25 07:09:47,106: publisherUpdate[/joint_states] -> http://dc5b429f784e:36897/ ['http://dc5b429f784e:35609/']
[rosmaster.master][INFO] 2019-06-25 07:09:47,107: publisherUpdate[/joint_states] -> http://dc5b429f784e:36897/ ['http://dc5b429f784e:35609/']: sec=0.00, result=[1, '', 0]
[rosmaster.master][INFO] 2019-06-25 07:09:47,325: +PUB [/rosout] /rviz http://dc5b429f784e:38569/
[rosmaster.master][INFO] 2019-06-25 07:09:47,326: +SERVICE [/rviz/get_loggers] /rviz http://dc5b429f784e:38569/
[rosmaster.master][INFO] 2019-06-25 07:09:47,327: +SERVICE [/rviz/set_logger_level] /rviz http://dc5b429f784e:38569/
[rosmaster.master][INFO] 2019-06-25 07:09:47,332: +SUB [/clock] /rviz http://dc5b429f784e:38569/
[rosmaster.master][INFO] 2019-06-25 07:09:47,344: publisherUpdate[/rosout] -> http://dc5b429f784e:43037/ ['http://dc5b429f784e:43259/', 'http://dc5b429f784e:36897/', 'http://dc5b429f784e:35609/', 'http://dc5b429f784e:38569/']
[rosmaster.master][INFO] 2019-06-25 07:09:47,345: publisherUpdate[/rosout] -> http://dc5b429f784e:43037/ ['http://dc5b429f784e:43259/', 'http://dc5b429f784e:36897/', 'http://dc5b429f784e:35609/', 'http://dc5b429f784e:38569/']: sec=0.00, result=[1, '', 0]
[rosmaster.master][INFO] 2019-06-25 07:09:47,472: +SUB [/tf] /rviz http://dc5b429f784e:38569/
[rosmaster.master][INFO] 2019-06-25 07:09:47,478: +SUB [/tf_static] /rviz http://dc5b429f784e:38569/
[rosmaster.master][INFO] 2019-06-25 07:09:47,507: +PUB [/initialpose] /rviz http://dc5b429f784e:38569/
[rosmaster.master][INFO] 2019-06-25 07:09:47,508: +PUB [/goal] /rviz http://dc5b429f784e:38569/
[rosmaster.master][INFO] 2019-06-25 07:09:47,513: -PUB [/goal] /rviz http://dc5b429f784e:38569/
[rosmaster.master][INFO] 2019-06-25 07:09:47,514: -PUB [/initialpose] /rviz http://dc5b429f784e:38569/
[rosmaster.master][INFO] 2019-06-25 07:09:47,518: +PUB [/initialpose] /rviz http://dc5b429f784e:38569/
[rosmaster.master][INFO] 2019-06-25 07:09:47,519: +PUB [/goal] /rviz http://dc5b429f784e:38569/
[rosmaster.master][INFO] 2019-06-25 07:09:47,520: +PUB [/move_base_simple/goal] /rviz http://dc5b429f784e:38569/
[rosmaster.master][INFO] 2019-06-25 07:09:47,521: -PUB [/goal] /rviz http://dc5b429f784e:38569/
[rosmaster.master][INFO] 2019-06-25 07:09:47,527: +PUB [/clicked_point] /rviz http://dc5b429f784e:38569/
[rosmaster.master][INFO] 2019-06-25 07:09:47,555: +SERVICE [/rviz/reload_shaders] /rviz http://dc5b429f784e:38569/
[rosmaster.master][INFO] 2019-06-25 07:09:57,600: -PUB [/clicked_point] /rviz http://dc5b429f784e:38569/
[rosmaster.master][INFO] 2019-06-25 07:09:57,602: -PUB [/move_base_simple/goal] /rviz http://dc5b429f784e:38569/
[rosmaster.master][INFO] 2019-06-25 07:09:57,603: -PUB [/initialpose] /rviz http://dc5b429f784e:38569/
[rosmaster.master][INFO] 2019-06-25 07:09:57,615: -SUB [/tf_static] /rviz http://dc5b429f784e:38569/
[rosmaster.master][INFO] 2019-06-25 07:09:57,616: -SUB [/tf] /rviz http://dc5b429f784e:38569/
[rosmaster.master][INFO] 2019-06-25 07:09:57,618: -SERVICE [/rviz/reload_shaders] /rviz rosrpc://dc5b429f784e:37501
[rosmaster.master][INFO] 2019-06-25 07:09:57,777: -PUB [/rosout] /rviz http://dc5b429f784e:38569/
[rosmaster.master][INFO] 2019-06-25 07:09:57,778: -SUB [/clock] /rviz http://dc5b429f784e:38569/
[rosmaster.master][INFO] 2019-06-25 07:09:57,779: -SERVICE [/rviz/get_loggers] /rviz rosrpc://dc5b429f784e:37501
[rosmaster.master][INFO] 2019-06-25 07:09:57,781: -SERVICE [/rviz/set_logger_level] /rviz rosrpc://dc5b429f784e:37501
[rosmaster.master][INFO] 2019-06-25 07:09:57,832: publisherUpdate[/rosout] -> http://dc5b429f784e:43037/ ['http://dc5b429f784e:43259/', 'http://dc5b429f784e:36897/', 'http://dc5b429f784e:35609/']
[rosmaster.master][INFO] 2019-06-25 07:09:57,833: publisherUpdate[/rosout] -> http://dc5b429f784e:43037/ ['http://dc5b429f784e:43259/', 'http://dc5b429f784e:36897/', 'http://dc5b429f784e:35609/']: sec=0.00, result=[1, '', 0]
[rosmaster.master][INFO] 2019-06-25 07:09:59,254: -SUB [/clock] /joint_state_publisher http://dc5b429f784e:35609/
[rosmaster.master][INFO] 2019-06-25 07:09:59,255: -PUB [/joint_states] /joint_state_publisher http://dc5b429f784e:35609/
[rosmaster.master][INFO] 2019-06-25 07:09:59,255: -PUB [/rosout] /joint_state_publisher http://dc5b429f784e:35609/
[rosmaster.master][INFO] 2019-06-25 07:09:59,255: -SERVICE [/joint_state_publisher/get_loggers] /joint_state_publisher rosrpc://dc5b429f784e:44057
[rosmaster.master][INFO] 2019-06-25 07:09:59,255: -SERVICE [/joint_state_publisher/set_logger_level] /joint_state_publisher rosrpc://dc5b429f784e:44057
[rosmaster.master][INFO] 2019-06-25 07:09:59,279: publisherUpdate[/joint_states] -> http://dc5b429f784e:36897/ []
[rosmaster.master][INFO] 2019-06-25 07:09:59,280: publisherUpdate[/joint_states] -> http://dc5b429f784e:36897/ []: sec=0.00, result=[1, '', 0]
[rosmaster.master][INFO] 2019-06-25 07:09:59,280: publisherUpdate[/rosout] -> http://dc5b429f784e:43037/ ['http://dc5b429f784e:43259/', 'http://dc5b429f784e:36897/']
[rosmaster.master][INFO] 2019-06-25 07:09:59,280: publisherUpdate[/rosout] -> http://dc5b429f784e:43037/ ['http://dc5b429f784e:43259/', 'http://dc5b429f784e:36897/']: sec=0.00, result=[1, '', 0]
[rosmaster.master][INFO] 2019-06-25 07:09:59,381: publisherUpdate[/rosout] -> http://dc5b429f784e:43037/ ['http://dc5b429f784e:43259/']
[rosmaster.master][INFO] 2019-06-25 07:09:59,381: -PUB [/rosout] /robot_state_publisher http://dc5b429f784e:36897/
[rosmaster.master][INFO] 2019-06-25 07:09:59,382: publisherUpdate[/rosout] -> http://dc5b429f784e:43037/ ['http://dc5b429f784e:43259/']: sec=0.00, result=[1, '', 0]
[rosmaster.master][INFO] 2019-06-25 07:09:59,383: -PUB [/tf] /robot_state_publisher http://dc5b429f784e:36897/
[rosmaster.master][INFO] 2019-06-25 07:09:59,384: -PUB [/tf_static] /robot_state_publisher http://dc5b429f784e:36897/
[rosmaster.master][INFO] 2019-06-25 07:09:59,385: -SUB [/clock] /robot_state_publisher http://dc5b429f784e:36897/
[rosmaster.master][INFO] 2019-06-25 07:09:59,386: -SUB [/joint_states] /robot_state_publisher http://dc5b429f784e:36897/
[rosmaster.master][INFO] 2019-06-25 07:09:59,387: -SERVICE [/robot_state_publisher/get_loggers] /robot_state_publisher rosrpc://dc5b429f784e:38069
[rosmaster.master][INFO] 2019-06-25 07:09:59,388: -SERVICE [/robot_state_publisher/set_logger_level] /robot_state_publisher rosrpc://dc5b429f784e:38069
[rosmaster.master][INFO] 2019-06-25 07:10:02,191: -PUB [/rosout_agg] /rosout http://dc5b429f784e:43037/
[rosmaster.master][INFO] 2019-06-25 07:10:02,192: -SUB [/clock] /rosout http://dc5b429f784e:43037/
[rosmaster.master][INFO] 2019-06-25 07:10:02,193: -SUB [/rosout] /rosout http://dc5b429f784e:43037/
[rosmaster.master][INFO] 2019-06-25 07:10:02,194: -SERVICE [/rosout/get_loggers] /rosout rosrpc://dc5b429f784e:50805
[rosmaster.master][INFO] 2019-06-25 07:10:02,195: -SERVICE [/rosout/set_logger_level] /rosout rosrpc://dc5b429f784e:50805
[rosmaster.main][INFO] 2019-06-25 07:10:02,222: keyboard interrupt, will exit
[rosmaster.main][INFO] 2019-06-25 07:10:02,222: stopping master...
[rospy.core][INFO] 2019-06-25 07:10:02,222: signal_shutdown [atexit]
