[rospy.client][INFO] 2019-06-25 07:05:12,369: init_node, name[/mybot_spawn], pid[3408]
[xmlrpc][INFO] 2019-06-25 07:05:12,381: XML-RPC server binding to 0.0.0.0:0
[rospy.init][INFO] 2019-06-25 07:05:12,382: ROS Slave URI: [http://dc5b429f784e:37457/]
[xmlrpc][INFO] 2019-06-25 07:05:12,382: Started XML-RPC server [http://dc5b429f784e:37457/]
[rospy.impl.masterslave][INFO] 2019-06-25 07:05:12,382: _ready: http://dc5b429f784e:37457/
[xmlrpc][INFO] 2019-06-25 07:05:12,383: xml rpc node: starting XML-RPC server
[rospy.registration][INFO] 2019-06-25 07:05:12,383: Registering with master node http://localhost:11311
[rospy.init][INFO] 2019-06-25 07:05:12,482: registered with master
[rospy.rosout][INFO] 2019-06-25 07:05:12,482: initializing /rosout core topic
[rospy.rosout][INFO] 2019-06-25 07:05:12,486: connected to core topic /rosout
[rospy.simtime][INFO] 2019-06-25 07:05:12,487: initializing /clock core topic
[rospy.simtime][INFO] 2019-06-25 07:05:12,490: connected to core topic /clock
[rosout][INFO] 2019-06-25 07:05:12,493: Loading model XML from ros parameter
[rosout][INFO] 2019-06-25 07:05:12,495: Waiting for service /gazebo/spawn_urdf_model
[rosout][INFO] 2019-06-25 07:05:12,497: Calling service /gazebo/spawn_urdf_model
[rospy.internal][INFO] 2019-06-25 07:05:12,499: topic[/clock] adding connection to [http://dc5b429f784e:43259/], count 0
[rosout][INFO] 2019-06-25 07:05:12,706: Spawn status: SpawnModel: Successfully spawned entity
[rospy.core][INFO] 2019-06-25 07:05:12,707: signal_shutdown [atexit]
[rospy.internal][INFO] 2019-06-25 07:05:12,710: topic[/clock] removing connection to http://dc5b429f784e:43259/
[rospy.impl.masterslave][INFO] 2019-06-25 07:05:12,710: atexit
