[rosmaster.main][INFO] 2019-06-14 10:32:45,132: initialization complete, waiting for shutdown
[rosmaster.main][INFO] 2019-06-14 10:32:45,132: Starting ROS Master Node
[xmlrpc][INFO] 2019-06-14 10:32:45,134: XML-RPC server binding to 0.0.0.0:11311
[xmlrpc][INFO] 2019-06-14 10:32:45,134: Started XML-RPC server [http://dc5b429f784e:11311/]
[xmlrpc][INFO] 2019-06-14 10:32:45,134: xml rpc node: starting XML-RPC server
[rosmaster.master][INFO] 2019-06-14 10:32:45,134: Master initialized: port[11311], uri[http://dc5b429f784e:11311/]
[rosmaster.master][INFO] 2019-06-14 10:32:45,156: +PARAM [/run_id] by /roslaunch
[rosmaster.master][INFO] 2019-06-14 10:32:45,158: +PARAM [/roslaunch/uris/host_dc5b429f784e__35619] by /roslaunch
[rosmaster.master][INFO] 2019-06-14 10:32:45,510: +PARAM [/rosversion] by /roslaunch
[rosmaster.master][INFO] 2019-06-14 10:32:45,510: +PARAM [/rosdistro] by /roslaunch
[rosmaster.master][INFO] 2019-06-14 10:32:45,526: +SERVICE [/rosout/get_loggers] /rosout http://dc5b429f784e:43749/
[rosmaster.master][INFO] 2019-06-14 10:32:45,527: +SERVICE [/rosout/set_logger_level] /rosout http://dc5b429f784e:43749/
[rosmaster.master][INFO] 2019-06-14 10:32:45,529: +PUB [/rosout_agg] /rosout http://dc5b429f784e:43749/
[rosmaster.master][INFO] 2019-06-14 10:32:45,534: +SUB [/rosout] /rosout http://dc5b429f784e:43749/
[rosmaster.master][INFO] 2019-06-14 10:33:06,611: +PARAM [/roslaunch/uris/host_dc5b429f784e__44809] by /roslaunch
[rosmaster.master][INFO] 2019-06-14 10:33:06,618: +PARAM [/rosversion] by /roslaunch
[rosmaster.master][INFO] 2019-06-14 10:33:06,618: +PARAM [/use_sim_time] by /roslaunch
[rosmaster.master][INFO] 2019-06-14 10:33:06,618: +PARAM [/rosdistro] by /roslaunch
[rosmaster.master][INFO] 2019-06-14 10:33:06,618: +PARAM [/robot_description] by /roslaunch
[rosmaster.master][INFO] 2019-06-14 10:33:07,460: +PUB [/rosout] /gazebo http://dc5b429f784e:35287/
[rosmaster.master][INFO] 2019-06-14 10:33:07,461: +SERVICE [/gazebo/get_loggers] /gazebo http://dc5b429f784e:35287/
[rosmaster.master][INFO] 2019-06-14 10:33:07,462: +SERVICE [/gazebo/set_logger_level] /gazebo http://dc5b429f784e:35287/
[rosmaster.master][INFO] 2019-06-14 10:33:07,469: +SUB [/clock] /gazebo http://dc5b429f784e:35287/
[rosmaster.master][INFO] 2019-06-14 10:33:07,501: publisherUpdate[/rosout] -> http://dc5b429f784e:43749/ ['http://dc5b429f784e:35287/']
[rosmaster.master][INFO] 2019-06-14 10:33:07,503: publisherUpdate[/rosout] -> http://dc5b429f784e:43749/ ['http://dc5b429f784e:35287/']: sec=0.00, result=[1, '', 0]
[rosmaster.master][INFO] 2019-06-14 10:33:07,652: -SERVICE [/gazebo/get_loggers] /gazebo rosrpc://dc5b429f784e:54899
[rosmaster.master][INFO] 2019-06-14 10:33:07,653: -SERVICE [/gazebo/set_logger_level] /gazebo rosrpc://dc5b429f784e:54899
[rosmaster.master][INFO] 2019-06-14 10:33:07,705: -PUB [/rosout] /gazebo http://dc5b429f784e:35287/
[rosmaster.master][INFO] 2019-06-14 10:33:07,705: -SUB [/clock] /gazebo http://dc5b429f784e:35287/
[rosmaster.master][INFO] 2019-06-14 10:33:07,755: publisherUpdate[/rosout] -> http://dc5b429f784e:43749/ []
[rosmaster.master][INFO] 2019-06-14 10:33:07,755: publisherUpdate[/rosout] -> http://dc5b429f784e:43749/ []: sec=0.00, result=[1, '', 0]
[rosmaster.master][INFO] 2019-06-14 10:33:07,861: +PUB [/rosout] /robot_state_publisher http://dc5b429f784e:32899/
[rosmaster.master][INFO] 2019-06-14 10:33:07,862: +SERVICE [/robot_state_publisher/get_loggers] /robot_state_publisher http://dc5b429f784e:32899/
[rosmaster.master][INFO] 2019-06-14 10:33:07,863: +SERVICE [/robot_state_publisher/set_logger_level] /robot_state_publisher http://dc5b429f784e:32899/
[rosmaster.master][INFO] 2019-06-14 10:33:07,889: +SUB [/clock] /robot_state_publisher http://dc5b429f784e:32899/
[rosmaster.master][INFO] 2019-06-14 10:33:07,893: +PUB [/tf] /robot_state_publisher http://dc5b429f784e:32899/
[rosmaster.master][INFO] 2019-06-14 10:33:07,894: +PUB [/tf_static] /robot_state_publisher http://dc5b429f784e:32899/
[rosmaster.master][INFO] 2019-06-14 10:33:07,904: publisherUpdate[/rosout] -> http://dc5b429f784e:43749/ ['http://dc5b429f784e:32899/']
[rosmaster.master][INFO] 2019-06-14 10:33:07,906: +SUB [/joint_states] /robot_state_publisher http://dc5b429f784e:32899/
[rosmaster.master][INFO] 2019-06-14 10:33:07,907: publisherUpdate[/rosout] -> http://dc5b429f784e:43749/ ['http://dc5b429f784e:32899/']: sec=0.00, result=[1, '', 0]
[rosmaster.master][INFO] 2019-06-14 10:33:08,008: +PUB [/rosout] /joint_state_publisher http://dc5b429f784e:35437/
[rosmaster.master][INFO] 2019-06-14 10:33:08,013: +SUB [/clock] /joint_state_publisher http://dc5b429f784e:35437/
[rosmaster.master][INFO] 2019-06-14 10:33:08,015: +SERVICE [/joint_state_publisher/get_loggers] /joint_state_publisher http://dc5b429f784e:35437/
[rosmaster.master][INFO] 2019-06-14 10:33:08,017: +SERVICE [/joint_state_publisher/set_logger_level] /joint_state_publisher http://dc5b429f784e:35437/
[rosmaster.master][INFO] 2019-06-14 10:33:08,044: +PUB [/joint_states] /joint_state_publisher http://dc5b429f784e:35437/
[rosmaster.master][INFO] 2019-06-14 10:33:08,056: publisherUpdate[/rosout] -> http://dc5b429f784e:43749/ ['http://dc5b429f784e:32899/', 'http://dc5b429f784e:35437/']
[rosmaster.master][INFO] 2019-06-14 10:33:08,057: publisherUpdate[/joint_states] -> http://dc5b429f784e:32899/ ['http://dc5b429f784e:35437/']
[rosmaster.master][INFO] 2019-06-14 10:33:08,058: publisherUpdate[/rosout] -> http://dc5b429f784e:43749/ ['http://dc5b429f784e:32899/', 'http://dc5b429f784e:35437/']: sec=0.00, result=[1, '', 0]
[rosmaster.master][INFO] 2019-06-14 10:33:08,058: publisherUpdate[/joint_states] -> http://dc5b429f784e:32899/ ['http://dc5b429f784e:35437/']: sec=0.00, result=[1, '', 0]
[rosmaster.master][INFO] 2019-06-14 10:33:08,510: +PUB [/rosout] /rviz http://dc5b429f784e:33881/
[rosmaster.master][INFO] 2019-06-14 10:33:08,511: +SERVICE [/rviz/get_loggers] /rviz http://dc5b429f784e:33881/
[rosmaster.master][INFO] 2019-06-14 10:33:08,512: +SERVICE [/rviz/set_logger_level] /rviz http://dc5b429f784e:33881/
[rosmaster.master][INFO] 2019-06-14 10:33:08,518: +SUB [/clock] /rviz http://dc5b429f784e:33881/
[rosmaster.master][INFO] 2019-06-14 10:33:08,569: publisherUpdate[/rosout] -> http://dc5b429f784e:43749/ ['http://dc5b429f784e:32899/', 'http://dc5b429f784e:35437/', 'http://dc5b429f784e:33881/']
[rosmaster.master][INFO] 2019-06-14 10:33:08,570: publisherUpdate[/rosout] -> http://dc5b429f784e:43749/ ['http://dc5b429f784e:32899/', 'http://dc5b429f784e:35437/', 'http://dc5b429f784e:33881/']: sec=0.00, result=[1, '', 0]
[rosmaster.master][INFO] 2019-06-14 10:33:08,695: +SUB [/tf] /rviz http://dc5b429f784e:33881/
[rosmaster.master][INFO] 2019-06-14 10:33:08,700: +SUB [/tf_static] /rviz http://dc5b429f784e:33881/
[rosmaster.master][INFO] 2019-06-14 10:33:08,732: +PUB [/initialpose] /rviz http://dc5b429f784e:33881/
[rosmaster.master][INFO] 2019-06-14 10:33:08,733: +PUB [/goal] /rviz http://dc5b429f784e:33881/
[rosmaster.master][INFO] 2019-06-14 10:33:08,736: -PUB [/goal] /rviz http://dc5b429f784e:33881/
[rosmaster.master][INFO] 2019-06-14 10:33:08,738: -PUB [/initialpose] /rviz http://dc5b429f784e:33881/
[rosmaster.master][INFO] 2019-06-14 10:33:08,742: +PUB [/initialpose] /rviz http://dc5b429f784e:33881/
[rosmaster.master][INFO] 2019-06-14 10:33:08,743: +PUB [/goal] /rviz http://dc5b429f784e:33881/
[rosmaster.master][INFO] 2019-06-14 10:33:08,744: +PUB [/move_base_simple/goal] /rviz http://dc5b429f784e:33881/
[rosmaster.master][INFO] 2019-06-14 10:33:08,745: -PUB [/goal] /rviz http://dc5b429f784e:33881/
[rosmaster.master][INFO] 2019-06-14 10:33:08,746: +PUB [/clicked_point] /rviz http://dc5b429f784e:33881/
[rosmaster.master][INFO] 2019-06-14 10:33:08,771: +SERVICE [/rviz/reload_shaders] /rviz http://dc5b429f784e:33881/
[rosmaster.master][INFO] 2019-06-14 10:33:08,999: +PUB [/rosout] /urdf_spawner http://dc5b429f784e:45995/
[rosmaster.master][INFO] 2019-06-14 10:33:09,003: +SUB [/clock] /urdf_spawner http://dc5b429f784e:45995/
[rosmaster.master][INFO] 2019-06-14 10:33:09,005: +SERVICE [/urdf_spawner/get_loggers] /urdf_spawner http://dc5b429f784e:45995/
[rosmaster.master][INFO] 2019-06-14 10:33:09,007: +SERVICE [/urdf_spawner/set_logger_level] /urdf_spawner http://dc5b429f784e:45995/
[rosmaster.master][INFO] 2019-06-14 10:33:09,009: publisherUpdate[/rosout] -> http://dc5b429f784e:43749/ ['http://dc5b429f784e:32899/', 'http://dc5b429f784e:35437/', 'http://dc5b429f784e:33881/', 'http://dc5b429f784e:45995/']
[rosmaster.master][INFO] 2019-06-14 10:33:09,010: publisherUpdate[/rosout] -> http://dc5b429f784e:43749/ ['http://dc5b429f784e:32899/', 'http://dc5b429f784e:35437/', 'http://dc5b429f784e:33881/', 'http://dc5b429f784e:45995/']: sec=0.00, result=[1, '', 0]
[rosmaster.master][INFO] 2019-06-14 10:33:19,923: -PUB [/clicked_point] /rviz http://dc5b429f784e:33881/
[rosmaster.master][INFO] 2019-06-14 10:33:19,924: -PUB [/move_base_simple/goal] /rviz http://dc5b429f784e:33881/
[rosmaster.master][INFO] 2019-06-14 10:33:19,925: -PUB [/initialpose] /rviz http://dc5b429f784e:33881/
[rosmaster.master][INFO] 2019-06-14 10:33:19,935: -SUB [/tf_static] /rviz http://dc5b429f784e:33881/
[rosmaster.master][INFO] 2019-06-14 10:33:19,936: -SUB [/tf] /rviz http://dc5b429f784e:33881/
[rosmaster.master][INFO] 2019-06-14 10:33:19,939: -SERVICE [/rviz/reload_shaders] /rviz rosrpc://dc5b429f784e:45367
[rosmaster.master][INFO] 2019-06-14 10:33:20,200: -PUB [/rosout] /rviz http://dc5b429f784e:33881/
[rosmaster.master][INFO] 2019-06-14 10:33:20,200: publisherUpdate[/rosout] -> http://dc5b429f784e:43749/ ['http://dc5b429f784e:32899/', 'http://dc5b429f784e:35437/', 'http://dc5b429f784e:45995/']
[rosmaster.master][INFO] 2019-06-14 10:33:20,201: -SUB [/clock] /rviz http://dc5b429f784e:33881/
[rosmaster.master][INFO] 2019-06-14 10:33:20,202: publisherUpdate[/rosout] -> http://dc5b429f784e:43749/ ['http://dc5b429f784e:32899/', 'http://dc5b429f784e:35437/', 'http://dc5b429f784e:45995/']: sec=0.00, result=[1, '', 0]
[rosmaster.master][INFO] 2019-06-14 10:33:20,203: -SERVICE [/rviz/get_loggers] /rviz rosrpc://dc5b429f784e:45367
[rosmaster.master][INFO] 2019-06-14 10:33:20,204: -SERVICE [/rviz/set_logger_level] /rviz rosrpc://dc5b429f784e:45367
[rosmaster.master][INFO] 2019-06-14 10:33:22,641: -SUB [/clock] /urdf_spawner http://dc5b429f784e:45995/
[rosmaster.master][INFO] 2019-06-14 10:33:22,641: -PUB [/rosout] /urdf_spawner http://dc5b429f784e:45995/
[rosmaster.master][INFO] 2019-06-14 10:33:22,641: -SERVICE [/urdf_spawner/set_logger_level] /urdf_spawner rosrpc://dc5b429f784e:44179
[rosmaster.master][INFO] 2019-06-14 10:33:22,641: -SERVICE [/urdf_spawner/get_loggers] /urdf_spawner rosrpc://dc5b429f784e:44179
[rosmaster.master][INFO] 2019-06-14 10:33:22,643: publisherUpdate[/rosout] -> http://dc5b429f784e:43749/ ['http://dc5b429f784e:32899/', 'http://dc5b429f784e:35437/']
[rosmaster.master][INFO] 2019-06-14 10:33:22,644: publisherUpdate[/rosout] -> http://dc5b429f784e:43749/ ['http://dc5b429f784e:32899/', 'http://dc5b429f784e:35437/']: sec=0.00, result=[1, '', 0]
[rosmaster.master][INFO] 2019-06-14 10:33:22,645: -SUB [/clock] /joint_state_publisher http://dc5b429f784e:35437/
[rosmaster.master][INFO] 2019-06-14 10:33:22,645: -PUB [/joint_states] /joint_state_publisher http://dc5b429f784e:35437/
[rosmaster.master][INFO] 2019-06-14 10:33:22,645: -PUB [/rosout] /joint_state_publisher http://dc5b429f784e:35437/
[rosmaster.master][INFO] 2019-06-14 10:33:22,645: -SERVICE [/joint_state_publisher/get_loggers] /joint_state_publisher rosrpc://dc5b429f784e:44129
[rosmaster.master][INFO] 2019-06-14 10:33:22,645: -SERVICE [/joint_state_publisher/set_logger_level] /joint_state_publisher rosrpc://dc5b429f784e:44129
[rosmaster.master][INFO] 2019-06-14 10:33:22,707: publisherUpdate[/joint_states] -> http://dc5b429f784e:32899/ []
[rosmaster.master][INFO] 2019-06-14 10:33:22,707: publisherUpdate[/rosout] -> http://dc5b429f784e:43749/ ['http://dc5b429f784e:32899/']
[rosmaster.master][INFO] 2019-06-14 10:33:22,708: publisherUpdate[/joint_states] -> http://dc5b429f784e:32899/ []: sec=0.00, result=[1, '', 0]
[rosmaster.master][INFO] 2019-06-14 10:33:22,709: publisherUpdate[/rosout] -> http://dc5b429f784e:43749/ ['http://dc5b429f784e:32899/']: sec=0.00, result=[0, 'Unknown Error', 0]
[rosmaster.master][INFO] 2019-06-14 10:33:22,710: -PUB [/rosout_agg] /rosout http://dc5b429f784e:43749/
[rosmaster.master][INFO] 2019-06-14 10:33:22,711: -SUB [/rosout] /rosout http://dc5b429f784e:43749/
[rosmaster.master][INFO] 2019-06-14 10:33:22,712: -SERVICE [/rosout/get_loggers] /rosout rosrpc://dc5b429f784e:34177
[rosmaster.master][INFO] 2019-06-14 10:33:22,713: -SERVICE [/rosout/set_logger_level] /rosout rosrpc://dc5b429f784e:34177
[rosmaster.main][INFO] 2019-06-14 10:33:22,733: keyboard interrupt, will exit
[rosmaster.main][INFO] 2019-06-14 10:33:22,734: stopping master...
[rospy.core][INFO] 2019-06-14 10:33:22,734: signal_shutdown [atexit]
