[rospy.client][INFO] 2019-06-29 13:58:28,748: init_node, name[/mybot_spawn], pid[56162]
[xmlrpc][INFO] 2019-06-29 13:58:28,749: XML-RPC server binding to 0.0.0.0:0
[xmlrpc][INFO] 2019-06-29 13:58:28,750: Started XML-RPC server [http://dc5b429f784e:40841/]
[rospy.impl.masterslave][INFO] 2019-06-29 13:58:28,750: _ready: http://dc5b429f784e:40841/
[rospy.init][INFO] 2019-06-29 13:58:28,750: ROS Slave URI: [http://dc5b429f784e:40841/]
[xmlrpc][INFO] 2019-06-29 13:58:28,751: xml rpc node: starting XML-RPC server
[rospy.registration][INFO] 2019-06-29 13:58:28,752: Registering with master node http://localhost:11311
[rospy.init][INFO] 2019-06-29 13:58:28,852: registered with master
[rospy.rosout][INFO] 2019-06-29 13:58:28,852: initializing /rosout core topic
[rospy.rosout][INFO] 2019-06-29 13:58:28,855: connected to core topic /rosout
[rospy.simtime][INFO] 2019-06-29 13:58:28,856: initializing /clock core topic
[rospy.simtime][INFO] 2019-06-29 13:58:28,860: connected to core topic /clock
[rosout][INFO] 2019-06-29 13:58:28,864: Loading model XML from ros parameter
[rospy.internal][INFO] 2019-06-29 13:58:28,873: topic[/clock] adding connection to [http://dc5b429f784e:38413/], count 0
[rosout][INFO] 2019-06-29 13:58:28,875: Waiting for service /gazebo/spawn_urdf_model
[rosout][INFO] 2019-06-29 13:58:28,880: Calling service /gazebo/spawn_urdf_model
[rosout][INFO] 2019-06-29 13:58:28,960: Spawn status: SpawnModel: Failure - entity already exists.
[rospy.core][INFO] 2019-06-29 13:58:28,976: signal_shutdown [atexit]
[rospy.internal][INFO] 2019-06-29 13:58:28,978: topic[/clock] removing connection to http://dc5b429f784e:38413/
[rospy.impl.masterslave][INFO] 2019-06-29 13:58:28,979: atexit
