[rosmaster.main][INFO] 2019-06-25 12:50:43,862: initialization complete, waiting for shutdown
[rosmaster.main][INFO] 2019-06-25 12:50:43,862: Starting ROS Master Node
[xmlrpc][INFO] 2019-06-25 12:50:43,863: XML-RPC server binding to 0.0.0.0:11311
[rosmaster.master][INFO] 2019-06-25 12:50:43,863: Master initialized: port[11311], uri[http://dc5b429f784e:11311/]
[xmlrpc][INFO] 2019-06-25 12:50:43,863: Started XML-RPC server [http://dc5b429f784e:11311/]
[xmlrpc][INFO] 2019-06-25 12:50:43,863: xml rpc node: starting XML-RPC server
[rosmaster.master][INFO] 2019-06-25 12:50:43,902: +PARAM [/run_id] by /roslaunch
[rosmaster.master][INFO] 2019-06-25 12:50:43,905: +PARAM [/roslaunch/uris/host_dc5b429f784e__44215] by /roslaunch
[rosmaster.master][INFO] 2019-06-25 12:50:44,264: +PARAM [/rosversion] by /roslaunch
[rosmaster.master][INFO] 2019-06-25 12:50:44,264: +PARAM [/use_sim_time] by /roslaunch
[rosmaster.master][INFO] 2019-06-25 12:50:44,264: +PARAM [/rosdistro] by /roslaunch
[rosmaster.master][INFO] 2019-06-25 12:50:44,265: +PARAM [/robot_description] by /roslaunch
[rosmaster.master][INFO] 2019-06-25 12:50:44,279: +SERVICE [/rosout/get_loggers] /rosout http://dc5b429f784e:41407/
[rosmaster.master][INFO] 2019-06-25 12:50:44,280: +SERVICE [/rosout/set_logger_level] /rosout http://dc5b429f784e:41407/
[rosmaster.master][INFO] 2019-06-25 12:50:44,287: +SUB [/clock] /rosout http://dc5b429f784e:41407/
[rosmaster.master][INFO] 2019-06-25 12:50:44,288: +PUB [/rosout_agg] /rosout http://dc5b429f784e:41407/
[rosmaster.master][INFO] 2019-06-25 12:50:44,293: +SUB [/rosout] /rosout http://dc5b429f784e:41407/
[rosmaster.master][INFO] 2019-06-25 12:50:45,013: +PUB [/rosout] /gazebo http://dc5b429f784e:42149/
[rosmaster.master][INFO] 2019-06-25 12:50:45,015: +SERVICE [/gazebo/get_loggers] /gazebo http://dc5b429f784e:42149/
[rosmaster.master][INFO] 2019-06-25 12:50:45,016: +SERVICE [/gazebo/set_logger_level] /gazebo http://dc5b429f784e:42149/
[rosmaster.master][INFO] 2019-06-25 12:50:45,024: +SUB [/clock] /gazebo http://dc5b429f784e:42149/
[rosmaster.master][INFO] 2019-06-25 12:50:45,064: publisherUpdate[/rosout] -> http://dc5b429f784e:41407/ ['http://dc5b429f784e:42149/']
[rosmaster.master][INFO] 2019-06-25 12:50:45,067: publisherUpdate[/rosout] -> http://dc5b429f784e:41407/ ['http://dc5b429f784e:42149/']: sec=0.00, result=[1, '', 0]
[rosmaster.master][INFO] 2019-06-25 12:50:45,463: +PUB [/clock] /gazebo http://dc5b429f784e:42149/
[rosmaster.master][INFO] 2019-06-25 12:50:45,465: +SERVICE [/gazebo/spawn_sdf_model] /gazebo http://dc5b429f784e:42149/
[rosmaster.master][INFO] 2019-06-25 12:50:45,466: +SERVICE [/gazebo/spawn_urdf_model] /gazebo http://dc5b429f784e:42149/
[rosmaster.master][INFO] 2019-06-25 12:50:45,466: publisherUpdate[/clock] -> http://dc5b429f784e:41407/ ['http://dc5b429f784e:42149/']
[rosmaster.master][INFO] 2019-06-25 12:50:45,467: publisherUpdate[/clock] -> http://dc5b429f784e:42149/ ['http://dc5b429f784e:42149/']
[rosmaster.master][INFO] 2019-06-25 12:50:45,467: publisherUpdate[/clock] -> http://dc5b429f784e:41407/ ['http://dc5b429f784e:42149/']: sec=0.00, result=[1, '', 0]
[rosmaster.master][INFO] 2019-06-25 12:50:45,469: publisherUpdate[/clock] -> http://dc5b429f784e:42149/ ['http://dc5b429f784e:42149/']: sec=0.00, result=[1, '', 0]
[rosmaster.master][INFO] 2019-06-25 12:50:45,469: +SERVICE [/gazebo/delete_model] /gazebo http://dc5b429f784e:42149/
[rosmaster.master][INFO] 2019-06-25 12:50:45,470: +SERVICE [/gazebo/delete_light] /gazebo http://dc5b429f784e:42149/
[rosmaster.master][INFO] 2019-06-25 12:50:45,471: +SERVICE [/gazebo/get_model_properties] /gazebo http://dc5b429f784e:42149/
[rosmaster.master][INFO] 2019-06-25 12:50:45,472: +SERVICE [/gazebo/get_model_state] /gazebo http://dc5b429f784e:42149/
[rosmaster.master][INFO] 2019-06-25 12:50:45,473: +SERVICE [/gazebo/get_world_properties] /gazebo http://dc5b429f784e:42149/
[rosmaster.master][INFO] 2019-06-25 12:50:45,474: +SERVICE [/gazebo/get_joint_properties] /gazebo http://dc5b429f784e:42149/
[rosmaster.master][INFO] 2019-06-25 12:50:45,475: +SERVICE [/gazebo/get_link_properties] /gazebo http://dc5b429f784e:42149/
[rosmaster.master][INFO] 2019-06-25 12:50:45,476: +SERVICE [/gazebo/get_link_state] /gazebo http://dc5b429f784e:42149/
[rosmaster.master][INFO] 2019-06-25 12:50:45,477: +SERVICE [/gazebo/get_light_properties] /gazebo http://dc5b429f784e:42149/
[rosmaster.master][INFO] 2019-06-25 12:50:45,478: +SERVICE [/gazebo/set_light_properties] /gazebo http://dc5b429f784e:42149/
[rosmaster.master][INFO] 2019-06-25 12:50:45,480: +SERVICE [/gazebo/get_physics_properties] /gazebo http://dc5b429f784e:42149/
[rosmaster.master][INFO] 2019-06-25 12:50:45,481: +PUB [/gazebo/link_states] /gazebo http://dc5b429f784e:42149/
[rosmaster.master][INFO] 2019-06-25 12:50:45,482: +PUB [/gazebo/model_states] /gazebo http://dc5b429f784e:42149/
[rosmaster.master][INFO] 2019-06-25 12:50:45,482: +SERVICE [/gazebo/set_link_properties] /gazebo http://dc5b429f784e:42149/
[rosmaster.master][INFO] 2019-06-25 12:50:45,483: +SERVICE [/gazebo/set_physics_properties] /gazebo http://dc5b429f784e:42149/
[rosmaster.master][INFO] 2019-06-25 12:50:45,485: +SERVICE [/gazebo/set_model_state] /gazebo http://dc5b429f784e:42149/
[rosmaster.master][INFO] 2019-06-25 12:50:45,486: +SERVICE [/gazebo/set_model_configuration] /gazebo http://dc5b429f784e:42149/
[rosmaster.master][INFO] 2019-06-25 12:50:45,487: +SERVICE [/gazebo/set_joint_properties] /gazebo http://dc5b429f784e:42149/
[rosmaster.master][INFO] 2019-06-25 12:50:45,488: +SERVICE [/gazebo/set_link_state] /gazebo http://dc5b429f784e:42149/
[rosmaster.master][INFO] 2019-06-25 12:50:45,493: +SUB [/gazebo/set_link_state] /gazebo http://dc5b429f784e:42149/
[rosmaster.master][INFO] 2019-06-25 12:50:45,499: +SUB [/gazebo/set_model_state] /gazebo http://dc5b429f784e:42149/
[rosmaster.master][INFO] 2019-06-25 12:50:45,500: +SERVICE [/gazebo/pause_physics] /gazebo http://dc5b429f784e:42149/
[rosmaster.master][INFO] 2019-06-25 12:50:45,501: +SERVICE [/gazebo/unpause_physics] /gazebo http://dc5b429f784e:42149/
[rosmaster.master][INFO] 2019-06-25 12:50:45,503: +SERVICE [/gazebo/apply_body_wrench] /gazebo http://dc5b429f784e:42149/
[rosmaster.master][INFO] 2019-06-25 12:50:45,504: +SERVICE [/gazebo/apply_joint_effort] /gazebo http://dc5b429f784e:42149/
[rosmaster.master][INFO] 2019-06-25 12:50:45,505: +SERVICE [/gazebo/clear_joint_forces] /gazebo http://dc5b429f784e:42149/
[rosmaster.master][INFO] 2019-06-25 12:50:45,507: +SERVICE [/gazebo/clear_body_wrenches] /gazebo http://dc5b429f784e:42149/
[rosmaster.master][INFO] 2019-06-25 12:50:45,508: +SERVICE [/gazebo/reset_simulation] /gazebo http://dc5b429f784e:42149/
[rosmaster.master][INFO] 2019-06-25 12:50:45,509: +SERVICE [/gazebo/reset_world] /gazebo http://dc5b429f784e:42149/
[rosmaster.master][INFO] 2019-06-25 12:50:45,681: +SERVICE [/gazebo/set_parameters] /gazebo http://dc5b429f784e:42149/
[rosmaster.master][INFO] 2019-06-25 12:50:45,682: +PUB [/gazebo/parameter_descriptions] /gazebo http://dc5b429f784e:42149/
[rosmaster.master][INFO] 2019-06-25 12:50:45,684: +PUB [/gazebo/parameter_updates] /gazebo http://dc5b429f784e:42149/
[rosmaster.master][INFO] 2019-06-25 12:50:45,699: +PARAM [/gazebo/time_step] by /gazebo
[rosmaster.master][INFO] 2019-06-25 12:50:45,700: +PARAM [/gazebo/max_update_rate] by /gazebo
[rosmaster.master][INFO] 2019-06-25 12:50:45,701: +PARAM [/gazebo/gravity_x] by /gazebo
[rosmaster.master][INFO] 2019-06-25 12:50:45,702: +PARAM [/gazebo/gravity_y] by /gazebo
[rosmaster.master][INFO] 2019-06-25 12:50:45,703: +PARAM [/gazebo/gravity_z] by /gazebo
[rosmaster.master][INFO] 2019-06-25 12:50:45,705: +PARAM [/gazebo/auto_disable_bodies] by /gazebo
[rosmaster.master][INFO] 2019-06-25 12:50:45,706: +PARAM [/gazebo/sor_pgs_precon_iters] by /gazebo
[rosmaster.master][INFO] 2019-06-25 12:50:45,707: +PARAM [/gazebo/sor_pgs_iters] by /gazebo
[rosmaster.master][INFO] 2019-06-25 12:50:45,708: +PARAM [/gazebo/sor_pgs_w] by /gazebo
[rosmaster.master][INFO] 2019-06-25 12:50:45,709: +PARAM [/gazebo/sor_pgs_rms_error_tol] by /gazebo
[rosmaster.master][INFO] 2019-06-25 12:50:45,710: +PARAM [/gazebo/cfm] by /gazebo
[rosmaster.master][INFO] 2019-06-25 12:50:45,715: +PARAM [/gazebo/erp] by /gazebo
[rosmaster.master][INFO] 2019-06-25 12:50:45,716: +PARAM [/gazebo/contact_surface_layer] by /gazebo
[rosmaster.master][INFO] 2019-06-25 12:50:45,718: +PARAM [/gazebo/contact_max_correcting_vel] by /gazebo
[rosmaster.master][INFO] 2019-06-25 12:50:45,719: +PARAM [/gazebo/max_contacts] by /gazebo
[rosmaster.master][INFO] 2019-06-25 12:50:45,724: +PARAM [/gazebo/time_step] by /gazebo
[rosmaster.master][INFO] 2019-06-25 12:50:45,725: +PARAM [/gazebo/max_update_rate] by /gazebo
[rosmaster.master][INFO] 2019-06-25 12:50:45,726: +PARAM [/gazebo/gravity_x] by /gazebo
[rosmaster.master][INFO] 2019-06-25 12:50:45,727: +PARAM [/gazebo/gravity_y] by /gazebo
[rosmaster.master][INFO] 2019-06-25 12:50:45,728: +PARAM [/gazebo/gravity_z] by /gazebo
[rosmaster.master][INFO] 2019-06-25 12:50:45,729: +PARAM [/gazebo/auto_disable_bodies] by /gazebo
[rosmaster.master][INFO] 2019-06-25 12:50:45,730: +PARAM [/gazebo/sor_pgs_precon_iters] by /gazebo
[rosmaster.master][INFO] 2019-06-25 12:50:45,731: +PARAM [/gazebo/sor_pgs_iters] by /gazebo
[rosmaster.master][INFO] 2019-06-25 12:50:45,732: +PARAM [/gazebo/sor_pgs_w] by /gazebo
[rosmaster.master][INFO] 2019-06-25 12:50:45,733: +PARAM [/gazebo/sor_pgs_rms_error_tol] by /gazebo
[rosmaster.master][INFO] 2019-06-25 12:50:45,735: +PARAM [/gazebo/cfm] by /gazebo
[rosmaster.master][INFO] 2019-06-25 12:50:45,736: +PARAM [/gazebo/erp] by /gazebo
[rosmaster.master][INFO] 2019-06-25 12:50:45,737: +PARAM [/gazebo/contact_surface_layer] by /gazebo
[rosmaster.master][INFO] 2019-06-25 12:50:45,738: +PARAM [/gazebo/contact_max_correcting_vel] by /gazebo
[rosmaster.master][INFO] 2019-06-25 12:50:45,739: +PARAM [/gazebo/max_contacts] by /gazebo
[rosmaster.master][INFO] 2019-06-25 12:50:45,877: -PUB [/rosout] /static_transform_publisher_1561466928503579600 http://dc5b429f784e:46319/
[rosmaster.master][INFO] 2019-06-25 12:50:45,878: -PUB [/tf] /static_transform_publisher_1561466928503579600 http://dc5b429f784e:46319/
[rosmaster.master][INFO] 2019-06-25 12:50:45,879: -SUB [/clock] /static_transform_publisher_1561466928503579600 http://dc5b429f784e:46319/
[rosmaster.master][INFO] 2019-06-25 12:50:45,880: -SERVICE [/static_transform_publisher_1561466928503579600/get_loggers] /static_transform_publisher_1561466928503579600 rosrpc://dc5b429f784e:55987
[rosmaster.master][INFO] 2019-06-25 12:50:45,881: -SERVICE [/static_transform_publisher_1561466928503579600/set_logger_level] /static_transform_publisher_1561466928503579600 rosrpc://dc5b429f784e:55987
[rosmaster.master][INFO] 2019-06-25 12:50:46,085: +PUB [/rosout] /mybot_spawn http://dc5b429f784e:38567/
[rosmaster.master][INFO] 2019-06-25 12:50:46,091: +SUB [/clock] /mybot_spawn http://dc5b429f784e:38567/
[rosmaster.master][INFO] 2019-06-25 12:50:46,095: +SERVICE [/mybot_spawn/get_loggers] /mybot_spawn http://dc5b429f784e:38567/
[rosmaster.master][INFO] 2019-06-25 12:50:46,096: +SERVICE [/mybot_spawn/set_logger_level] /mybot_spawn http://dc5b429f784e:38567/
[rosmaster.master][INFO] 2019-06-25 12:50:46,169: publisherUpdate[/rosout] -> http://dc5b429f784e:41407/ ['http://dc5b429f784e:42149/', 'http://dc5b429f784e:38567/']
[rosmaster.master][INFO] 2019-06-25 12:50:46,170: publisherUpdate[/rosout] -> http://dc5b429f784e:41407/ ['http://dc5b429f784e:42149/', 'http://dc5b429f784e:38567/']: sec=0.00, result=[1, '', 0]
[rosmaster.master][INFO] 2019-06-25 12:50:46,381: -SUB [/clock] /mybot_spawn http://dc5b429f784e:38567/
[rosmaster.master][INFO] 2019-06-25 12:50:46,382: -PUB [/rosout] /mybot_spawn http://dc5b429f784e:38567/
[rosmaster.master][INFO] 2019-06-25 12:50:46,382: -SERVICE [/mybot_spawn/set_logger_level] /mybot_spawn rosrpc://dc5b429f784e:34021
[rosmaster.master][INFO] 2019-06-25 12:50:46,382: -SERVICE [/mybot_spawn/get_loggers] /mybot_spawn rosrpc://dc5b429f784e:34021
[rosmaster.master][ERROR] 2019-06-25 12:50:46,391: Traceback (most recent call last):
  File "/opt/ros/kinetic/lib/python2.7/dist-packages/rosmaster/master_api.py", line 177, in validated_f
    code, msg, val = f(*newArgs, **kwds)
  File "/opt/ros/kinetic/lib/python2.7/dist-packages/rosmaster/master_api.py", line 435, in searchParam
    search_key = self.param_server.search_param(caller_id, key)
  File "/opt/ros/kinetic/lib/python2.7/dist-packages/rosmaster/paramserver.py", line 116, in search_param
    raise ValueError("namespace must be global")
ValueError: namespace must be global

[rosmaster.master][INFO] 2019-06-25 12:50:46,392: +PUB [/scan] /gazebo http://dc5b429f784e:42149/
[rosmaster.master][INFO] 2019-06-25 12:50:46,470: publisherUpdate[/rosout] -> http://dc5b429f784e:41407/ ['http://dc5b429f784e:42149/']
[rosmaster.master][INFO] 2019-06-25 12:50:46,471: publisherUpdate[/rosout] -> http://dc5b429f784e:41407/ ['http://dc5b429f784e:42149/']: sec=0.00, result=[1, '', 0]
[rosmaster.master][ERROR] 2019-06-25 12:50:46,485: Traceback (most recent call last):
  File "/opt/ros/kinetic/lib/python2.7/dist-packages/rosmaster/master_api.py", line 177, in validated_f
    code, msg, val = f(*newArgs, **kwds)
  File "/opt/ros/kinetic/lib/python2.7/dist-packages/rosmaster/master_api.py", line 435, in searchParam
    search_key = self.param_server.search_param(caller_id, key)
  File "/opt/ros/kinetic/lib/python2.7/dist-packages/rosmaster/paramserver.py", line 116, in search_param
    raise ValueError("namespace must be global")
ValueError: namespace must be global

[rosmaster.master][INFO] 2019-06-25 12:50:46,487: +PUB [/joint_states] /gazebo http://dc5b429f784e:42149/
[rosmaster.master][INFO] 2019-06-25 12:50:46,488: +PUB [/tf] /gazebo http://dc5b429f784e:42149/
[rosmaster.master][INFO] 2019-06-25 12:50:46,494: +SUB [/cmd_vel] /gazebo http://dc5b429f784e:42149/
[rosmaster.master][INFO] 2019-06-25 12:50:46,495: +PUB [/odom] /gazebo http://dc5b429f784e:42149/
[rosmaster.master][INFO] 2019-06-25 12:51:08,129: +PUB [/rosout] /view_frames_61271_1561467067922 http://dc5b429f784e:42983/
[rosmaster.master][INFO] 2019-06-25 12:51:08,137: +SUB [/clock] /view_frames_61271_1561467067922 http://dc5b429f784e:42983/
[rosmaster.master][INFO] 2019-06-25 12:51:08,140: +SERVICE [/view_frames_61271_1561467067922/get_loggers] /view_frames_61271_1561467067922 http://dc5b429f784e:42983/
[rosmaster.master][INFO] 2019-06-25 12:51:08,142: +SERVICE [/view_frames_61271_1561467067922/set_logger_level] /view_frames_61271_1561467067922 http://dc5b429f784e:42983/
[rosmaster.master][INFO] 2019-06-25 12:51:08,146: +SUB [/tf] /view_frames_61271_1561467067922 http://dc5b429f784e:42983/
[rosmaster.master][INFO] 2019-06-25 12:51:08,149: +SUB [/tf_static] /view_frames_61271_1561467067922 http://dc5b429f784e:42983/
[rosmaster.master][INFO] 2019-06-25 12:51:08,209: publisherUpdate[/rosout] -> http://dc5b429f784e:41407/ ['http://dc5b429f784e:42149/', 'http://dc5b429f784e:42983/']
[rosmaster.master][INFO] 2019-06-25 12:51:08,210: publisherUpdate[/rosout] -> http://dc5b429f784e:41407/ ['http://dc5b429f784e:42149/', 'http://dc5b429f784e:42983/']: sec=0.00, result=[1, '', 0]
[rosmaster.master][INFO] 2019-06-25 12:51:13,307: -SUB [/tf_static] /view_frames_61271_1561467067922 http://dc5b429f784e:42983/
[rosmaster.master][INFO] 2019-06-25 12:51:13,307: -SUB [/clock] /view_frames_61271_1561467067922 http://dc5b429f784e:42983/
[rosmaster.master][INFO] 2019-06-25 12:51:13,307: -SUB [/tf] /view_frames_61271_1561467067922 http://dc5b429f784e:42983/
[rosmaster.master][INFO] 2019-06-25 12:51:13,307: -PUB [/rosout] /view_frames_61271_1561467067922 http://dc5b429f784e:42983/
[rosmaster.master][INFO] 2019-06-25 12:51:13,308: -SERVICE [/view_frames_61271_1561467067922/set_logger_level] /view_frames_61271_1561467067922 rosrpc://dc5b429f784e:38707
[rosmaster.master][INFO] 2019-06-25 12:51:13,308: -SERVICE [/view_frames_61271_1561467067922/get_loggers] /view_frames_61271_1561467067922 rosrpc://dc5b429f784e:38707
[rosmaster.master][INFO] 2019-06-25 12:51:13,320: publisherUpdate[/rosout] -> http://dc5b429f784e:41407/ ['http://dc5b429f784e:42149/']
[rosmaster.master][INFO] 2019-06-25 12:51:13,321: publisherUpdate[/rosout] -> http://dc5b429f784e:41407/ ['http://dc5b429f784e:42149/']: sec=0.00, result=[1, '', 0]
[rosmaster.master][INFO] 2019-06-25 12:51:21,678: +PUB [/rosout] /static_transform_publisher_1561467081671066500 http://dc5b429f784e:34079/
[rosmaster.master][INFO] 2019-06-25 12:51:21,686: +SERVICE [/static_transform_publisher_1561467081671066500/get_loggers] /static_transform_publisher_1561467081671066500 http://dc5b429f784e:34079/
[rosmaster.master][INFO] 2019-06-25 12:51:21,691: +SERVICE [/static_transform_publisher_1561467081671066500/set_logger_level] /static_transform_publisher_1561467081671066500 http://dc5b429f784e:34079/
[rosmaster.master][INFO] 2019-06-25 12:51:21,715: +SUB [/clock] /static_transform_publisher_1561467081671066500 http://dc5b429f784e:34079/
[rosmaster.master][INFO] 2019-06-25 12:51:21,717: +PUB [/tf] /static_transform_publisher_1561467081671066500 http://dc5b429f784e:34079/
[rosmaster.master][INFO] 2019-06-25 12:51:21,746: publisherUpdate[/rosout] -> http://dc5b429f784e:41407/ ['http://dc5b429f784e:42149/', 'http://dc5b429f784e:34079/']
[rosmaster.master][INFO] 2019-06-25 12:51:21,747: publisherUpdate[/rosout] -> http://dc5b429f784e:41407/ ['http://dc5b429f784e:42149/', 'http://dc5b429f784e:34079/']: sec=0.00, result=[1, '', 0]
[rosmaster.master][INFO] 2019-06-25 12:51:27,273: +PUB [/rosout] /slam_gmapping http://dc5b429f784e:34839/
[rosmaster.master][INFO] 2019-06-25 12:51:27,273: publisherUpdate[/rosout] -> http://dc5b429f784e:41407/ ['http://dc5b429f784e:42149/', 'http://dc5b429f784e:34079/', 'http://dc5b429f784e:34839/']
[rosmaster.master][INFO] 2019-06-25 12:51:27,274: publisherUpdate[/rosout] -> http://dc5b429f784e:41407/ ['http://dc5b429f784e:42149/', 'http://dc5b429f784e:34079/', 'http://dc5b429f784e:34839/']: sec=0.00, result=[1, '', 0]
[rosmaster.master][INFO] 2019-06-25 12:51:27,276: +SERVICE [/slam_gmapping/get_loggers] /slam_gmapping http://dc5b429f784e:34839/
[rosmaster.master][INFO] 2019-06-25 12:51:27,277: +SERVICE [/slam_gmapping/set_logger_level] /slam_gmapping http://dc5b429f784e:34839/
[rosmaster.master][INFO] 2019-06-25 12:51:27,288: +SUB [/clock] /slam_gmapping http://dc5b429f784e:34839/
[rosmaster.master][INFO] 2019-06-25 12:51:27,307: +SUB [/tf] /slam_gmapping http://dc5b429f784e:34839/
[rosmaster.master][INFO] 2019-06-25 12:51:27,316: +SUB [/tf_static] /slam_gmapping http://dc5b429f784e:34839/
[rosmaster.master][INFO] 2019-06-25 12:51:27,319: +PUB [/tf] /slam_gmapping http://dc5b429f784e:34839/
[rosmaster.master][INFO] 2019-06-25 12:51:27,357: publisherUpdate[/tf] -> http://dc5b429f784e:34839/ ['http://dc5b429f784e:42149/', 'http://dc5b429f784e:34079/', 'http://dc5b429f784e:34839/']
[rosmaster.master][INFO] 2019-06-25 12:51:27,359: publisherUpdate[/tf] -> http://dc5b429f784e:34839/ ['http://dc5b429f784e:42149/', 'http://dc5b429f784e:34079/', 'http://dc5b429f784e:34839/']: sec=0.00, result=[1, '', 0]
[rosmaster.master][INFO] 2019-06-25 12:51:27,389: +PUB [/slam_gmapping/entropy] /slam_gmapping http://dc5b429f784e:34839/
[rosmaster.master][INFO] 2019-06-25 12:51:27,391: +PUB [/map] /slam_gmapping http://dc5b429f784e:34839/
[rosmaster.master][INFO] 2019-06-25 12:51:27,393: +PUB [/map_metadata] /slam_gmapping http://dc5b429f784e:34839/
[rosmaster.master][INFO] 2019-06-25 12:51:27,395: +SERVICE [/dynamic_map] /slam_gmapping http://dc5b429f784e:34839/
[rosmaster.master][INFO] 2019-06-25 12:51:27,403: +SUB [/scan] /slam_gmapping http://dc5b429f784e:34839/
[rosmaster.master][INFO] 2019-06-25 12:51:33,625: +PUB [/rosout] /rviz_1561467093605426300 http://dc5b429f784e:44123/
[rosmaster.master][INFO] 2019-06-25 12:51:33,627: +SERVICE [/rviz_1561467093605426300/get_loggers] /rviz_1561467093605426300 http://dc5b429f784e:44123/
[rosmaster.master][INFO] 2019-06-25 12:51:33,629: +SERVICE [/rviz_1561467093605426300/set_logger_level] /rviz_1561467093605426300 http://dc5b429f784e:44123/
[rosmaster.master][INFO] 2019-06-25 12:51:33,641: +SUB [/clock] /rviz_1561467093605426300 http://dc5b429f784e:44123/
[rosmaster.master][INFO] 2019-06-25 12:51:33,672: publisherUpdate[/rosout] -> http://dc5b429f784e:41407/ ['http://dc5b429f784e:42149/', 'http://dc5b429f784e:34079/', 'http://dc5b429f784e:34839/', 'http://dc5b429f784e:44123/']
[rosmaster.master][INFO] 2019-06-25 12:51:33,674: publisherUpdate[/rosout] -> http://dc5b429f784e:41407/ ['http://dc5b429f784e:42149/', 'http://dc5b429f784e:34079/', 'http://dc5b429f784e:34839/', 'http://dc5b429f784e:44123/']: sec=0.00, result=[1, '', 0]
[rosmaster.master][INFO] 2019-06-25 12:51:33,955: +SUB [/tf] /rviz_1561467093605426300 http://dc5b429f784e:44123/
[rosmaster.master][INFO] 2019-06-25 12:51:33,963: +SUB [/tf_static] /rviz_1561467093605426300 http://dc5b429f784e:44123/
[rosmaster.master][INFO] 2019-06-25 12:51:34,022: +PUB [/initialpose] /rviz_1561467093605426300 http://dc5b429f784e:44123/
[rosmaster.master][INFO] 2019-06-25 12:51:34,025: +PUB [/goal] /rviz_1561467093605426300 http://dc5b429f784e:44123/
[rosmaster.master][INFO] 2019-06-25 12:51:34,032: -PUB [/goal] /rviz_1561467093605426300 http://dc5b429f784e:44123/
[rosmaster.master][INFO] 2019-06-25 12:51:34,034: -PUB [/initialpose] /rviz_1561467093605426300 http://dc5b429f784e:44123/
[rosmaster.master][INFO] 2019-06-25 12:51:34,042: +PUB [/initialpose] /rviz_1561467093605426300 http://dc5b429f784e:44123/
[rosmaster.master][INFO] 2019-06-25 12:51:34,046: +PUB [/goal] /rviz_1561467093605426300 http://dc5b429f784e:44123/
[rosmaster.master][INFO] 2019-06-25 12:51:34,048: +PUB [/move_base_simple/goal] /rviz_1561467093605426300 http://dc5b429f784e:44123/
[rosmaster.master][INFO] 2019-06-25 12:51:34,049: -PUB [/goal] /rviz_1561467093605426300 http://dc5b429f784e:44123/
[rosmaster.master][INFO] 2019-06-25 12:51:34,051: +PUB [/clicked_point] /rviz_1561467093605426300 http://dc5b429f784e:44123/
[rosmaster.master][INFO] 2019-06-25 12:51:34,089: +SERVICE [/rviz_1561467093605426300/reload_shaders] /rviz_1561467093605426300 http://dc5b429f784e:44123/
[rosmaster.master][INFO] 2019-06-25 12:51:53,425: +SUB [/scan] /rviz_1561467093605426300 http://dc5b429f784e:44123/
[rosmaster.master][INFO] 2019-06-25 12:51:57,972: +SUB [/map] /rviz_1561467093605426300 http://dc5b429f784e:44123/
[rosmaster.master][INFO] 2019-06-25 12:51:57,987: +SUB [/map_updates] /rviz_1561467093605426300 http://dc5b429f784e:44123/
[rosmaster.master][INFO] 2019-06-25 12:52:22,768: +PUB [/cmd_vel] /teleop_twist_keyboard http://dc5b429f784e:42723/
[rosmaster.master][INFO] 2019-06-25 12:52:22,785: publisherUpdate[/cmd_vel] -> http://dc5b429f784e:42149/ ['http://dc5b429f784e:42723/']
[rosmaster.master][INFO] 2019-06-25 12:52:22,787: publisherUpdate[/cmd_vel] -> http://dc5b429f784e:42149/ ['http://dc5b429f784e:42723/']: sec=0.00, result=[1, '', 0]
[rosmaster.master][INFO] 2019-06-25 12:52:22,865: +PUB [/rosout] /teleop_twist_keyboard http://dc5b429f784e:42723/
[rosmaster.master][INFO] 2019-06-25 12:52:22,881: +SUB [/clock] /teleop_twist_keyboard http://dc5b429f784e:42723/
[rosmaster.master][INFO] 2019-06-25 12:52:22,884: +SERVICE [/teleop_twist_keyboard/get_loggers] /teleop_twist_keyboard http://dc5b429f784e:42723/
[rosmaster.master][INFO] 2019-06-25 12:52:22,887: publisherUpdate[/rosout] -> http://dc5b429f784e:41407/ ['http://dc5b429f784e:42149/', 'http://dc5b429f784e:34079/', 'http://dc5b429f784e:34839/', 'http://dc5b429f784e:44123/', 'http://dc5b429f784e:42723/']
[rosmaster.master][INFO] 2019-06-25 12:52:22,889: publisherUpdate[/rosout] -> http://dc5b429f784e:41407/ ['http://dc5b429f784e:42149/', 'http://dc5b429f784e:34079/', 'http://dc5b429f784e:34839/', 'http://dc5b429f784e:44123/', 'http://dc5b429f784e:42723/']: sec=0.00, result=[1, '', 0]
[rosmaster.master][INFO] 2019-06-25 12:52:22,892: +SERVICE [/teleop_twist_keyboard/set_logger_level] /teleop_twist_keyboard http://dc5b429f784e:42723/
[rosmaster.master][INFO] 2019-06-25 12:52:36,568: -SUB [/clock] /teleop_twist_keyboard http://dc5b429f784e:42723/
[rosmaster.master][INFO] 2019-06-25 12:52:36,568: -PUB [/rosout] /teleop_twist_keyboard http://dc5b429f784e:42723/
[rosmaster.master][INFO] 2019-06-25 12:52:36,569: -PUB [/cmd_vel] /teleop_twist_keyboard http://dc5b429f784e:42723/
[rosmaster.master][INFO] 2019-06-25 12:52:36,569: -SERVICE [/teleop_twist_keyboard/set_logger_level] /teleop_twist_keyboard rosrpc://dc5b429f784e:44149
[rosmaster.master][INFO] 2019-06-25 12:52:36,569: -SERVICE [/teleop_twist_keyboard/get_loggers] /teleop_twist_keyboard rosrpc://dc5b429f784e:44149
[rosmaster.master][INFO] 2019-06-25 12:52:36,619: publisherUpdate[/rosout] -> http://dc5b429f784e:41407/ ['http://dc5b429f784e:42149/', 'http://dc5b429f784e:34079/', 'http://dc5b429f784e:34839/', 'http://dc5b429f784e:44123/']
[rosmaster.master][INFO] 2019-06-25 12:52:36,620: publisherUpdate[/rosout] -> http://dc5b429f784e:41407/ ['http://dc5b429f784e:42149/', 'http://dc5b429f784e:34079/', 'http://dc5b429f784e:34839/', 'http://dc5b429f784e:44123/']: sec=0.00, result=[1, '', 0]
[rosmaster.master][INFO] 2019-06-25 12:52:36,620: publisherUpdate[/cmd_vel] -> http://dc5b429f784e:42149/ []
[rosmaster.master][INFO] 2019-06-25 12:52:36,621: publisherUpdate[/cmd_vel] -> http://dc5b429f784e:42149/ []: sec=0.00, result=[1, '', 0]
[rosmaster.master][INFO] 2019-06-25 12:52:45,189: +PUB [/rosout] /roswtf_61820_1561467164951 http://dc5b429f784e:33433/
[rosmaster.master][INFO] 2019-06-25 12:52:45,196: +SUB [/clock] /roswtf_61820_1561467164951 http://dc5b429f784e:33433/
[rosmaster.master][INFO] 2019-06-25 12:52:45,200: +SERVICE [/roswtf_61820_1561467164951/get_loggers] /roswtf_61820_1561467164951 http://dc5b429f784e:33433/
[rosmaster.master][INFO] 2019-06-25 12:52:45,204: +SERVICE [/roswtf_61820_1561467164951/set_logger_level] /roswtf_61820_1561467164951 http://dc5b429f784e:33433/
[rosmaster.master][INFO] 2019-06-25 12:52:45,231: +SUB [/tf] /roswtf_61820_1561467164951 http://dc5b429f784e:33433/
[rosmaster.master][INFO] 2019-06-25 12:52:45,240: publisherUpdate[/rosout] -> http://dc5b429f784e:41407/ ['http://dc5b429f784e:42149/', 'http://dc5b429f784e:34079/', 'http://dc5b429f784e:34839/', 'http://dc5b429f784e:44123/', 'http://dc5b429f784e:33433/']
[rosmaster.master][INFO] 2019-06-25 12:52:45,242: publisherUpdate[/rosout] -> http://dc5b429f784e:41407/ ['http://dc5b429f784e:42149/', 'http://dc5b429f784e:34079/', 'http://dc5b429f784e:34839/', 'http://dc5b429f784e:44123/', 'http://dc5b429f784e:33433/']: sec=0.00, result=[1, '', 0]
[rosmaster.master][INFO] 2019-06-25 12:52:46,239: -SUB [/tf] /roswtf_61820_1561467164951 http://dc5b429f784e:33433/
[rosmaster.master][INFO] 2019-06-25 12:52:46,245: -SUB [/clock] /roswtf_61820_1561467164951 http://dc5b429f784e:33433/
[rosmaster.master][INFO] 2019-06-25 12:52:46,245: -PUB [/rosout] /roswtf_61820_1561467164951 http://dc5b429f784e:33433/
[rosmaster.master][INFO] 2019-06-25 12:52:46,246: -SERVICE [/roswtf_61820_1561467164951/get_loggers] /roswtf_61820_1561467164951 rosrpc://dc5b429f784e:42359
[rosmaster.master][INFO] 2019-06-25 12:52:46,246: -SERVICE [/roswtf_61820_1561467164951/set_logger_level] /roswtf_61820_1561467164951 rosrpc://dc5b429f784e:42359
[rosmaster.master][INFO] 2019-06-25 12:52:46,251: publisherUpdate[/rosout] -> http://dc5b429f784e:41407/ ['http://dc5b429f784e:42149/', 'http://dc5b429f784e:34079/', 'http://dc5b429f784e:34839/', 'http://dc5b429f784e:44123/']
[rosmaster.master][INFO] 2019-06-25 12:52:46,252: publisherUpdate[/rosout] -> http://dc5b429f784e:41407/ ['http://dc5b429f784e:42149/', 'http://dc5b429f784e:34079/', 'http://dc5b429f784e:34839/', 'http://dc5b429f784e:44123/']: sec=0.00, result=[1, '', 0]
[rosmaster.master][INFO] 2019-06-25 12:54:00,692: -PUB [/rosout] /slam_gmapping http://dc5b429f784e:34839/
[rosmaster.master][INFO] 2019-06-25 12:54:00,695: publisherUpdate[/rosout] -> http://dc5b429f784e:41407/ ['http://dc5b429f784e:42149/', 'http://dc5b429f784e:34079/', 'http://dc5b429f784e:44123/']
[rosmaster.master][INFO] 2019-06-25 12:54:00,696: publisherUpdate[/rosout] -> http://dc5b429f784e:41407/ ['http://dc5b429f784e:42149/', 'http://dc5b429f784e:34079/', 'http://dc5b429f784e:44123/']: sec=0.00, result=[1, '', 0]
[rosmaster.master][INFO] 2019-06-25 12:54:00,698: -PUB [/tf] /slam_gmapping http://dc5b429f784e:34839/
[rosmaster.master][INFO] 2019-06-25 12:54:00,701: -PUB [/slam_gmapping/entropy] /slam_gmapping http://dc5b429f784e:34839/
[rosmaster.master][INFO] 2019-06-25 12:54:00,703: -PUB [/map] /slam_gmapping http://dc5b429f784e:34839/
[rosmaster.master][INFO] 2019-06-25 12:54:00,705: -PUB [/map_metadata] /slam_gmapping http://dc5b429f784e:34839/
[rosmaster.master][INFO] 2019-06-25 12:54:00,708: -SUB [/clock] /slam_gmapping http://dc5b429f784e:34839/
[rosmaster.master][INFO] 2019-06-25 12:54:00,709: publisherUpdate[/tf] -> http://dc5b429f784e:34839/ ['http://dc5b429f784e:42149/', 'http://dc5b429f784e:34079/']
[rosmaster.master][INFO] 2019-06-25 12:54:00,711: publisherUpdate[/tf] -> http://dc5b429f784e:34839/ ['http://dc5b429f784e:42149/', 'http://dc5b429f784e:34079/']: sec=0.00, exception=<Fault -1: 'publisherUpdate: unknown method name'>
[rosmaster.threadpool][ERROR] 2019-06-25 12:54:00,712: Traceback (most recent call last):
  File "/opt/ros/kinetic/lib/python2.7/dist-packages/rosmaster/threadpool.py", line 218, in run
    result = cmd(*args)
  File "/opt/ros/kinetic/lib/python2.7/dist-packages/rosmaster/master_api.py", line 210, in publisher_update_task
    ret = xmlrpcapi(api).publisherUpdate('/master', topic, pub_uris)
  File "/usr/lib/python2.7/xmlrpclib.py", line 1243, in __call__
    return self.__send(self.__name, args)
  File "/usr/lib/python2.7/xmlrpclib.py", line 1602, in __request
    verbose=self.__verbose
  File "/usr/lib/python2.7/xmlrpclib.py", line 1283, in request
    return self.single_request(host, handler, request_body, verbose)
  File "/usr/lib/python2.7/xmlrpclib.py", line 1316, in single_request
    return self.parse_response(response)
  File "/usr/lib/python2.7/xmlrpclib.py", line 1493, in parse_response
    return u.close()
  File "/usr/lib/python2.7/xmlrpclib.py", line 800, in close
    raise Fault(**self._stack[0])
Fault: <Fault -1: 'publisherUpdate: unknown method name'>

[rosmaster.master][INFO] 2019-06-25 12:54:00,713: publisherUpdate[/tf] -> http://dc5b429f784e:44123/ ['http://dc5b429f784e:42149/', 'http://dc5b429f784e:34079/']
[rosmaster.master][INFO] 2019-06-25 12:54:00,714: publisherUpdate[/tf] -> http://dc5b429f784e:44123/ ['http://dc5b429f784e:42149/', 'http://dc5b429f784e:34079/']: sec=0.00, result=[1, '', 0]
[rosmaster.master][INFO] 2019-06-25 12:54:00,716: publisherUpdate[/map] -> http://dc5b429f784e:44123/ []
[rosmaster.master][INFO] 2019-06-25 12:54:00,719: publisherUpdate[/map] -> http://dc5b429f784e:44123/ []: sec=0.00, result=[1, '', 0]
[rosmaster.master][INFO] 2019-06-25 12:54:00,721: -SUB [/tf] /slam_gmapping http://dc5b429f784e:34839/
[rosmaster.master][INFO] 2019-06-25 12:54:00,726: -SUB [/tf_static] /slam_gmapping http://dc5b429f784e:34839/
[rosmaster.master][INFO] 2019-06-25 12:54:00,729: -SUB [/scan] /slam_gmapping http://dc5b429f784e:34839/
[rosmaster.master][INFO] 2019-06-25 12:54:00,746: -SERVICE [/slam_gmapping/get_loggers] /slam_gmapping rosrpc://dc5b429f784e:55035
[rosmaster.master][INFO] 2019-06-25 12:54:00,748: -SERVICE [/slam_gmapping/set_logger_level] /slam_gmapping rosrpc://dc5b429f784e:55035
[rosmaster.master][INFO] 2019-06-25 12:54:00,750: -SERVICE [/dynamic_map] /slam_gmapping rosrpc://dc5b429f784e:55035
[rosmaster.master][INFO] 2019-06-25 12:54:34,930: +PARAM [/use_sim_time] by /rosparam-61931
[rosmaster.master][INFO] 2019-06-25 12:54:36,709: +PUB [/rosout] /slam_gmapping http://dc5b429f784e:43073/
[rosmaster.master][INFO] 2019-06-25 12:54:36,711: +SERVICE [/slam_gmapping/get_loggers] /slam_gmapping http://dc5b429f784e:43073/
[rosmaster.master][INFO] 2019-06-25 12:54:36,714: +SERVICE [/slam_gmapping/set_logger_level] /slam_gmapping http://dc5b429f784e:43073/
[rosmaster.master][INFO] 2019-06-25 12:54:36,725: +SUB [/clock] /slam_gmapping http://dc5b429f784e:43073/
[rosmaster.master][INFO] 2019-06-25 12:54:36,729: publisherUpdate[/rosout] -> http://dc5b429f784e:41407/ ['http://dc5b429f784e:42149/', 'http://dc5b429f784e:34079/', 'http://dc5b429f784e:44123/', 'http://dc5b429f784e:43073/']
[rosmaster.master][INFO] 2019-06-25 12:54:36,732: publisherUpdate[/rosout] -> http://dc5b429f784e:41407/ ['http://dc5b429f784e:42149/', 'http://dc5b429f784e:34079/', 'http://dc5b429f784e:44123/', 'http://dc5b429f784e:43073/']: sec=0.00, result=[1, '', 0]
[rosmaster.master][INFO] 2019-06-25 12:54:36,736: +SUB [/tf] /slam_gmapping http://dc5b429f784e:43073/
[rosmaster.master][INFO] 2019-06-25 12:54:36,752: +SUB [/tf_static] /slam_gmapping http://dc5b429f784e:43073/
[rosmaster.master][INFO] 2019-06-25 12:54:36,754: +PUB [/tf] /slam_gmapping http://dc5b429f784e:43073/
[rosmaster.master][INFO] 2019-06-25 12:54:36,807: publisherUpdate[/tf] -> http://dc5b429f784e:44123/ ['http://dc5b429f784e:42149/', 'http://dc5b429f784e:34079/', 'http://dc5b429f784e:43073/']
[rosmaster.master][INFO] 2019-06-25 12:54:36,809: publisherUpdate[/tf] -> http://dc5b429f784e:44123/ ['http://dc5b429f784e:42149/', 'http://dc5b429f784e:34079/', 'http://dc5b429f784e:43073/']: sec=0.00, result=[1, '', 0]
[rosmaster.master][INFO] 2019-06-25 12:54:36,809: publisherUpdate[/tf] -> http://dc5b429f784e:43073/ ['http://dc5b429f784e:42149/', 'http://dc5b429f784e:34079/', 'http://dc5b429f784e:43073/']
[rosmaster.master][INFO] 2019-06-25 12:54:36,810: publisherUpdate[/tf] -> http://dc5b429f784e:43073/ ['http://dc5b429f784e:42149/', 'http://dc5b429f784e:34079/', 'http://dc5b429f784e:43073/']: sec=0.00, result=[1, '', 0]
[rosmaster.master][INFO] 2019-06-25 12:54:36,880: +PUB [/slam_gmapping/entropy] /slam_gmapping http://dc5b429f784e:43073/
[rosmaster.master][INFO] 2019-06-25 12:54:36,881: +PUB [/map] /slam_gmapping http://dc5b429f784e:43073/
[rosmaster.master][INFO] 2019-06-25 12:54:36,882: +PUB [/map_metadata] /slam_gmapping http://dc5b429f784e:43073/
[rosmaster.master][INFO] 2019-06-25 12:54:36,883: +SERVICE [/dynamic_map] /slam_gmapping http://dc5b429f784e:43073/
[rosmaster.master][INFO] 2019-06-25 12:54:36,900: +SUB [/scan] /slam_gmapping http://dc5b429f784e:43073/
[rosmaster.master][INFO] 2019-06-25 12:54:36,911: publisherUpdate[/map] -> http://dc5b429f784e:44123/ ['http://dc5b429f784e:43073/']
[rosmaster.master][INFO] 2019-06-25 12:54:36,912: publisherUpdate[/map] -> http://dc5b429f784e:44123/ ['http://dc5b429f784e:43073/']: sec=0.00, result=[1, '', 0]
[rosmaster.master][INFO] 2019-06-25 12:54:52,216: +PUB [/cmd_vel] /teleop_twist_keyboard http://dc5b429f784e:37881/
[rosmaster.master][INFO] 2019-06-25 12:54:52,241: publisherUpdate[/cmd_vel] -> http://dc5b429f784e:42149/ ['http://dc5b429f784e:37881/']
[rosmaster.master][INFO] 2019-06-25 12:54:52,242: publisherUpdate[/cmd_vel] -> http://dc5b429f784e:42149/ ['http://dc5b429f784e:37881/']: sec=0.00, result=[1, '', 0]
[rosmaster.master][INFO] 2019-06-25 12:54:52,315: +PUB [/rosout] /teleop_twist_keyboard http://dc5b429f784e:37881/
[rosmaster.master][INFO] 2019-06-25 12:54:52,323: +SUB [/clock] /teleop_twist_keyboard http://dc5b429f784e:37881/
[rosmaster.master][INFO] 2019-06-25 12:54:52,327: +SERVICE [/teleop_twist_keyboard/get_loggers] /teleop_twist_keyboard http://dc5b429f784e:37881/
[rosmaster.master][INFO] 2019-06-25 12:54:52,329: +SERVICE [/teleop_twist_keyboard/set_logger_level] /teleop_twist_keyboard http://dc5b429f784e:37881/
[rosmaster.master][INFO] 2019-06-25 12:54:52,343: publisherUpdate[/rosout] -> http://dc5b429f784e:41407/ ['http://dc5b429f784e:42149/', 'http://dc5b429f784e:34079/', 'http://dc5b429f784e:44123/', 'http://dc5b429f784e:43073/', 'http://dc5b429f784e:37881/']
[rosmaster.master][INFO] 2019-06-25 12:54:52,344: publisherUpdate[/rosout] -> http://dc5b429f784e:41407/ ['http://dc5b429f784e:42149/', 'http://dc5b429f784e:34079/', 'http://dc5b429f784e:44123/', 'http://dc5b429f784e:43073/', 'http://dc5b429f784e:37881/']: sec=0.00, result=[1, '', 0]
[rosmaster.master][INFO] 2019-06-25 12:54:59,863: -SUB [/clock] /teleop_twist_keyboard http://dc5b429f784e:37881/
[rosmaster.master][INFO] 2019-06-25 12:54:59,863: -PUB [/rosout] /teleop_twist_keyboard http://dc5b429f784e:37881/
[rosmaster.master][INFO] 2019-06-25 12:54:59,863: -PUB [/cmd_vel] /teleop_twist_keyboard http://dc5b429f784e:37881/
[rosmaster.master][INFO] 2019-06-25 12:54:59,863: -SERVICE [/teleop_twist_keyboard/set_logger_level] /teleop_twist_keyboard rosrpc://dc5b429f784e:46347
[rosmaster.master][INFO] 2019-06-25 12:54:59,864: -SERVICE [/teleop_twist_keyboard/get_loggers] /teleop_twist_keyboard rosrpc://dc5b429f784e:46347
[rosmaster.master][INFO] 2019-06-25 12:54:59,866: publisherUpdate[/rosout] -> http://dc5b429f784e:41407/ ['http://dc5b429f784e:42149/', 'http://dc5b429f784e:34079/', 'http://dc5b429f784e:44123/', 'http://dc5b429f784e:43073/']
[rosmaster.master][INFO] 2019-06-25 12:54:59,868: publisherUpdate[/rosout] -> http://dc5b429f784e:41407/ ['http://dc5b429f784e:42149/', 'http://dc5b429f784e:34079/', 'http://dc5b429f784e:44123/', 'http://dc5b429f784e:43073/']: sec=0.00, result=[1, '', 0]
[rosmaster.master][INFO] 2019-06-25 12:54:59,868: publisherUpdate[/cmd_vel] -> http://dc5b429f784e:42149/ []
[rosmaster.master][INFO] 2019-06-25 12:54:59,869: publisherUpdate[/cmd_vel] -> http://dc5b429f784e:42149/ []: sec=0.00, result=[1, '', 0]
[rosmaster.master][INFO] 2019-06-25 12:55:00,859: -PUB [/rosout] /rviz_1561467093605426300 http://dc5b429f784e:44123/
[rosmaster.master][INFO] 2019-06-25 12:55:00,861: -PUB [/initialpose] /rviz_1561467093605426300 http://dc5b429f784e:44123/
[rosmaster.master][INFO] 2019-06-25 12:55:00,863: -PUB [/move_base_simple/goal] /rviz_1561467093605426300 http://dc5b429f784e:44123/
[rosmaster.master][INFO] 2019-06-25 12:55:00,865: -PUB [/clicked_point] /rviz_1561467093605426300 http://dc5b429f784e:44123/
[rosmaster.master][INFO] 2019-06-25 12:55:00,866: -SUB [/clock] /rviz_1561467093605426300 http://dc5b429f784e:44123/
[rosmaster.master][INFO] 2019-06-25 12:55:00,868: -SUB [/tf] /rviz_1561467093605426300 http://dc5b429f784e:44123/
[rosmaster.master][INFO] 2019-06-25 12:55:00,870: -SUB [/tf_static] /rviz_1561467093605426300 http://dc5b429f784e:44123/
[rosmaster.master][INFO] 2019-06-25 12:55:00,871: publisherUpdate[/rosout] -> http://dc5b429f784e:41407/ ['http://dc5b429f784e:42149/', 'http://dc5b429f784e:34079/', 'http://dc5b429f784e:43073/']
[rosmaster.master][INFO] 2019-06-25 12:55:00,872: -SUB [/scan] /rviz_1561467093605426300 http://dc5b429f784e:44123/
[rosmaster.master][INFO] 2019-06-25 12:55:00,873: publisherUpdate[/rosout] -> http://dc5b429f784e:41407/ ['http://dc5b429f784e:42149/', 'http://dc5b429f784e:34079/', 'http://dc5b429f784e:43073/']: sec=0.00, result=[1, '', 0]
[rosmaster.master][INFO] 2019-06-25 12:55:00,875: -SUB [/map] /rviz_1561467093605426300 http://dc5b429f784e:44123/
[rosmaster.master][INFO] 2019-06-25 12:55:00,877: -SUB [/map_updates] /rviz_1561467093605426300 http://dc5b429f784e:44123/
[rosmaster.master][INFO] 2019-06-25 12:55:00,879: -SERVICE [/rviz_1561467093605426300/get_loggers] /rviz_1561467093605426300 rosrpc://dc5b429f784e:53323
[rosmaster.master][INFO] 2019-06-25 12:55:00,880: -SERVICE [/rviz_1561467093605426300/set_logger_level] /rviz_1561467093605426300 rosrpc://dc5b429f784e:53323
[rosmaster.master][INFO] 2019-06-25 12:55:00,887: -SERVICE [/rviz_1561467093605426300/reload_shaders] /rviz_1561467093605426300 rosrpc://dc5b429f784e:53323
[rosmaster.master][INFO] 2019-06-25 12:55:02,165: -PUB [/rosout] /static_transform_publisher_1561467081671066500 http://dc5b429f784e:34079/
[rosmaster.master][INFO] 2019-06-25 12:55:02,168: -PUB [/tf] /static_transform_publisher_1561467081671066500 http://dc5b429f784e:34079/
[rosmaster.master][INFO] 2019-06-25 12:55:02,177: publisherUpdate[/rosout] -> http://dc5b429f784e:41407/ ['http://dc5b429f784e:42149/', 'http://dc5b429f784e:43073/']
[rosmaster.master][INFO] 2019-06-25 12:55:02,178: publisherUpdate[/rosout] -> http://dc5b429f784e:41407/ ['http://dc5b429f784e:42149/', 'http://dc5b429f784e:43073/']: sec=0.00, result=[1, '', 0]
[rosmaster.master][INFO] 2019-06-25 12:55:02,178: publisherUpdate[/tf] -> http://dc5b429f784e:43073/ ['http://dc5b429f784e:42149/', 'http://dc5b429f784e:43073/']
[rosmaster.master][INFO] 2019-06-25 12:55:02,179: publisherUpdate[/tf] -> http://dc5b429f784e:43073/ ['http://dc5b429f784e:42149/', 'http://dc5b429f784e:43073/']: sec=0.00, result=[1, '', 0]
[rosmaster.master][INFO] 2019-06-25 12:55:02,182: -SUB [/clock] /static_transform_publisher_1561467081671066500 http://dc5b429f784e:34079/
[rosmaster.master][INFO] 2019-06-25 12:55:02,185: -SERVICE [/static_transform_publisher_1561467081671066500/get_loggers] /static_transform_publisher_1561467081671066500 rosrpc://dc5b429f784e:45999
[rosmaster.master][INFO] 2019-06-25 12:55:02,188: -SERVICE [/static_transform_publisher_1561467081671066500/set_logger_level] /static_transform_publisher_1561467081671066500 rosrpc://dc5b429f784e:45999
[rosmaster.master][INFO] 2019-06-25 12:55:03,278: -SUB [/gazebo/set_link_state] /gazebo http://dc5b429f784e:42149/
[rosmaster.master][INFO] 2019-06-25 12:55:03,280: -SUB [/gazebo/set_model_state] /gazebo http://dc5b429f784e:42149/
[rosmaster.master][INFO] 2019-06-25 12:55:03,282: -PUB [/clock] /gazebo http://dc5b429f784e:42149/
[rosmaster.master][INFO] 2019-06-25 12:55:03,284: -PUB [/gazebo/link_states] /gazebo http://dc5b429f784e:42149/
[rosmaster.master][INFO] 2019-06-25 12:55:03,286: -PUB [/gazebo/model_states] /gazebo http://dc5b429f784e:42149/
[rosmaster.master][INFO] 2019-06-25 12:55:03,287: -SERVICE [/gazebo/spawn_sdf_model] /gazebo rosrpc://dc5b429f784e:53067
[rosmaster.master][INFO] 2019-06-25 12:55:03,289: -SERVICE [/gazebo/spawn_urdf_model] /gazebo rosrpc://dc5b429f784e:53067
[rosmaster.master][INFO] 2019-06-25 12:55:03,291: -SERVICE [/gazebo/delete_model] /gazebo rosrpc://dc5b429f784e:53067
[rosmaster.master][INFO] 2019-06-25 12:55:03,292: -SERVICE [/gazebo/delete_light] /gazebo rosrpc://dc5b429f784e:53067
[rosmaster.master][INFO] 2019-06-25 12:55:03,294: -SERVICE [/gazebo/get_model_properties] /gazebo rosrpc://dc5b429f784e:53067
[rosmaster.master][INFO] 2019-06-25 12:55:03,295: -SERVICE [/gazebo/get_model_state] /gazebo rosrpc://dc5b429f784e:53067
[rosmaster.master][INFO] 2019-06-25 12:55:03,295: publisherUpdate[/clock] -> http://dc5b429f784e:41407/ []
[rosmaster.master][INFO] 2019-06-25 12:55:03,297: publisherUpdate[/clock] -> http://dc5b429f784e:41407/ []: sec=0.00, result=[1, '', 0]
[rosmaster.master][INFO] 2019-06-25 12:55:03,297: publisherUpdate[/clock] -> http://dc5b429f784e:42149/ []
[rosmaster.master][INFO] 2019-06-25 12:55:03,298: -SERVICE [/gazebo/get_world_properties] /gazebo rosrpc://dc5b429f784e:53067
[rosmaster.master][INFO] 2019-06-25 12:55:03,299: publisherUpdate[/clock] -> http://dc5b429f784e:42149/ []: sec=0.00, result=[1, '', 0]
[rosmaster.master][INFO] 2019-06-25 12:55:03,299: publisherUpdate[/clock] -> http://dc5b429f784e:43073/ []
[rosmaster.master][INFO] 2019-06-25 12:55:03,300: publisherUpdate[/clock] -> http://dc5b429f784e:43073/ []: sec=0.00, result=[1, '', 0]
[rosmaster.master][INFO] 2019-06-25 12:55:03,301: -SERVICE [/gazebo/get_joint_properties] /gazebo rosrpc://dc5b429f784e:53067
[rosmaster.master][INFO] 2019-06-25 12:55:03,302: -SERVICE [/gazebo/get_link_properties] /gazebo rosrpc://dc5b429f784e:53067
[rosmaster.master][INFO] 2019-06-25 12:55:03,303: -SERVICE [/gazebo/get_link_state] /gazebo rosrpc://dc5b429f784e:53067
[rosmaster.master][INFO] 2019-06-25 12:55:03,304: -SERVICE [/gazebo/get_light_properties] /gazebo rosrpc://dc5b429f784e:53067
[rosmaster.master][INFO] 2019-06-25 12:55:03,305: -SERVICE [/gazebo/set_light_properties] /gazebo rosrpc://dc5b429f784e:53067
[rosmaster.master][INFO] 2019-06-25 12:55:03,307: -SERVICE [/gazebo/get_physics_properties] /gazebo rosrpc://dc5b429f784e:53067
[rosmaster.master][INFO] 2019-06-25 12:55:03,308: -SERVICE [/gazebo/set_link_properties] /gazebo rosrpc://dc5b429f784e:53067
[rosmaster.master][INFO] 2019-06-25 12:55:03,309: -SERVICE [/gazebo/set_physics_properties] /gazebo rosrpc://dc5b429f784e:53067
[rosmaster.master][INFO] 2019-06-25 12:55:03,310: -SERVICE [/gazebo/set_model_state] /gazebo rosrpc://dc5b429f784e:53067
[rosmaster.master][INFO] 2019-06-25 12:55:03,311: -SERVICE [/gazebo/set_model_configuration] /gazebo rosrpc://dc5b429f784e:53067
[rosmaster.master][INFO] 2019-06-25 12:55:03,312: -SERVICE [/gazebo/set_joint_properties] /gazebo rosrpc://dc5b429f784e:53067
[rosmaster.master][INFO] 2019-06-25 12:55:03,314: -SERVICE [/gazebo/set_link_state] /gazebo rosrpc://dc5b429f784e:53067
[rosmaster.master][INFO] 2019-06-25 12:55:03,315: -SERVICE [/gazebo/pause_physics] /gazebo rosrpc://dc5b429f784e:53067
[rosmaster.master][INFO] 2019-06-25 12:55:03,316: -SERVICE [/gazebo/unpause_physics] /gazebo rosrpc://dc5b429f784e:53067
[rosmaster.master][INFO] 2019-06-25 12:55:03,318: -SERVICE [/gazebo/apply_body_wrench] /gazebo rosrpc://dc5b429f784e:53067
[rosmaster.master][INFO] 2019-06-25 12:55:03,319: -SERVICE [/gazebo/apply_joint_effort] /gazebo rosrpc://dc5b429f784e:53067
[rosmaster.master][INFO] 2019-06-25 12:55:03,320: -SERVICE [/gazebo/clear_joint_forces] /gazebo rosrpc://dc5b429f784e:53067
[rosmaster.master][INFO] 2019-06-25 12:55:03,321: -SERVICE [/gazebo/clear_body_wrenches] /gazebo rosrpc://dc5b429f784e:53067
[rosmaster.master][INFO] 2019-06-25 12:55:03,322: -SERVICE [/gazebo/reset_simulation] /gazebo rosrpc://dc5b429f784e:53067
[rosmaster.master][INFO] 2019-06-25 12:55:03,323: -SERVICE [/gazebo/reset_world] /gazebo rosrpc://dc5b429f784e:53067
[rosmaster.master][INFO] 2019-06-25 12:55:03,325: -PUB [/gazebo/parameter_descriptions] /gazebo http://dc5b429f784e:42149/
[rosmaster.master][INFO] 2019-06-25 12:55:03,326: -PUB [/gazebo/parameter_updates] /gazebo http://dc5b429f784e:42149/
[rosmaster.master][INFO] 2019-06-25 12:55:03,327: -SERVICE [/gazebo/set_parameters] /gazebo rosrpc://dc5b429f784e:53067
[rosmaster.master][INFO] 2019-06-25 12:55:18,245: -PUB [/rosout_agg] /rosout http://dc5b429f784e:41407/
[rosmaster.master][INFO] 2019-06-25 12:55:18,246: -SUB [/clock] /rosout http://dc5b429f784e:41407/
[rosmaster.master][INFO] 2019-06-25 12:55:18,247: -SUB [/rosout] /rosout http://dc5b429f784e:41407/
[rosmaster.master][INFO] 2019-06-25 12:55:18,248: -SERVICE [/rosout/get_loggers] /rosout rosrpc://dc5b429f784e:55377
[rosmaster.master][INFO] 2019-06-25 12:55:18,249: -SERVICE [/rosout/set_logger_level] /rosout rosrpc://dc5b429f784e:55377
[rosmaster.main][INFO] 2019-06-25 12:55:18,330: keyboard interrupt, will exit
[rosmaster.main][INFO] 2019-06-25 12:55:18,330: stopping master...
[rospy.core][INFO] 2019-06-25 12:55:18,331: signal_shutdown [atexit]
