[rospy.client][INFO] 2019-06-25 14:15:18,642: init_node, name[/mybot_spawn], pid[82462]
[xmlrpc][INFO] 2019-06-25 14:15:18,642: XML-RPC server binding to 0.0.0.0:0
[rospy.init][INFO] 2019-06-25 14:15:18,643: ROS Slave URI: [http://dc5b429f784e:37591/]
[xmlrpc][INFO] 2019-06-25 14:15:18,643: Started XML-RPC server [http://dc5b429f784e:37591/]
[rospy.impl.masterslave][INFO] 2019-06-25 14:15:18,643: _ready: http://dc5b429f784e:37591/
[xmlrpc][INFO] 2019-06-25 14:15:18,644: xml rpc node: starting XML-RPC server
[rospy.registration][INFO] 2019-06-25 14:15:18,645: Registering with master node http://localhost:11311
[rospy.init][INFO] 2019-06-25 14:15:18,743: registered with master
[rospy.rosout][INFO] 2019-06-25 14:15:18,743: initializing /rosout core topic
[rospy.rosout][INFO] 2019-06-25 14:15:18,746: connected to core topic /rosout
[rospy.simtime][INFO] 2019-06-25 14:15:18,747: initializing /clock core topic
[rospy.simtime][INFO] 2019-06-25 14:15:18,751: connected to core topic /clock
[rosout][INFO] 2019-06-25 14:15:18,754: Loading model XML from ros parameter
[rosout][INFO] 2019-06-25 14:15:18,758: Waiting for service /gazebo/spawn_urdf_model
[rospy.internal][INFO] 2019-06-25 14:15:18,760: topic[/clock] adding connection to [http://dc5b429f784e:46565/], count 0
[rosout][INFO] 2019-06-25 14:15:18,761: Calling service /gazebo/spawn_urdf_model
[rospy.internal][INFO] 2019-06-25 14:15:19,001: topic[/rosout] adding connection to [/rosout], count 0
[rosout][INFO] 2019-06-25 14:15:19,048: Spawn status: SpawnModel: Successfully spawned entity
[rospy.core][INFO] 2019-06-25 14:15:19,049: signal_shutdown [atexit]
[rospy.internal][INFO] 2019-06-25 14:15:19,053: topic[/rosout] removing connection to /rosout
[rospy.internal][INFO] 2019-06-25 14:15:19,053: topic[/clock] removing connection to http://dc5b429f784e:46565/
[rospy.impl.masterslave][INFO] 2019-06-25 14:15:19,054: atexit
