[rospy.client][INFO] 2019-06-24 13:15:46,140: init_node, name[/p3dx/controller_spawner], pid[5334]
[xmlrpc][INFO] 2019-06-24 13:15:46,141: XML-RPC server binding to 0.0.0.0:0
[xmlrpc][INFO] 2019-06-24 13:15:46,141: Started XML-RPC server [http://dc5b429f784e:44755/]
[rospy.impl.masterslave][INFO] 2019-06-24 13:15:46,142: _ready: http://dc5b429f784e:44755/
[rospy.init][INFO] 2019-06-24 13:15:46,142: ROS Slave URI: [http://dc5b429f784e:44755/]
[xmlrpc][INFO] 2019-06-24 13:15:46,143: xml rpc node: starting XML-RPC server
[rospy.registration][INFO] 2019-06-24 13:15:46,144: Registering with master node http://localhost:11311
[rospy.init][INFO] 2019-06-24 13:15:46,243: registered with master
[rospy.rosout][INFO] 2019-06-24 13:15:46,243: initializing /rosout core topic
[rospy.rosout][INFO] 2019-06-24 13:15:46,245: connected to core topic /rosout
[rospy.simtime][INFO] 2019-06-24 13:15:46,250: initializing /clock core topic
[rospy.simtime][INFO] 2019-06-24 13:15:46,253: connected to core topic /clock
[rosout][INFO] 2019-06-24 13:15:46,257: Controller Spawner: Waiting for service controller_manager/load_controller
[rospy.internal][INFO] 2019-06-24 13:15:46,259: topic[/clock] adding connection to [http://dc5b429f784e:44035/], count 0
[rospy.internal][INFO] 2019-06-24 13:15:46,372: topic[/rosout] adding connection to [/rosout], count 0
[rosout][WARNING] 2019-06-24 13:16:16,260: Controller Spawner couldn't find the expected controller_manager ROS interface.
[rospy.core][INFO] 2019-06-24 13:16:16,261: signal_shutdown [atexit]
[rospy.internal][INFO] 2019-06-24 13:16:16,265: topic[/rosout] removing connection to /rosout
[rospy.internal][INFO] 2019-06-24 13:16:16,265: topic[/clock] removing connection to http://dc5b429f784e:44035/
[rospy.impl.masterslave][INFO] 2019-06-24 13:16:16,265: atexit
