[rospy.client][INFO] 2019-06-29 13:48:08,202: init_node, name[/mybot_spawn], pid[50660]
[xmlrpc][INFO] 2019-06-29 13:48:08,202: XML-RPC server binding to 0.0.0.0:0
[xmlrpc][INFO] 2019-06-29 13:48:08,202: Started XML-RPC server [http://dc5b429f784e:32939/]
[rospy.init][INFO] 2019-06-29 13:48:08,203: ROS Slave URI: [http://dc5b429f784e:32939/]
[rospy.impl.masterslave][INFO] 2019-06-29 13:48:08,203: _ready: http://dc5b429f784e:32939/
[xmlrpc][INFO] 2019-06-29 13:48:08,203: xml rpc node: starting XML-RPC server
[rospy.registration][INFO] 2019-06-29 13:48:08,204: Registering with master node http://localhost:11311
[rospy.init][INFO] 2019-06-29 13:48:08,303: registered with master
[rospy.rosout][INFO] 2019-06-29 13:48:08,303: initializing /rosout core topic
[rospy.rosout][INFO] 2019-06-29 13:48:08,306: connected to core topic /rosout
[rospy.simtime][INFO] 2019-06-29 13:48:08,307: initializing /clock core topic
[rospy.simtime][INFO] 2019-06-29 13:48:08,312: connected to core topic /clock
[rosout][INFO] 2019-06-29 13:48:08,315: Loading model XML from ros parameter
[rospy.core][INFO] 2019-06-29 13:48:08,317: signal_shutdown [atexit]
[rospy.internal][INFO] 2019-06-29 13:48:08,319: topic[/clock] adding connection to [http://dc5b429f784e:45655/], count 0
[rospy.internal][INFO] 2019-06-29 13:48:08,321: topic[/clock] removing connection to http://dc5b429f784e:45655/
[rospy.impl.masterslave][INFO] 2019-06-29 13:48:08,321: atexit
[rospy.internal][WARNING] 2019-06-29 13:48:08,322: Unknown error initiating TCP/IP socket to dc5b429f784e:48107 (http://dc5b429f784e:45655/): Traceback (most recent call last):
  File "/opt/ros/kinetic/lib/python2.7/dist-packages/rospy/impl/tcpros_base.py", line 557, in connect
    self.read_header()
  File "/opt/ros/kinetic/lib/python2.7/dist-packages/rospy/impl/tcpros_base.py", line 650, in read_header
    self._validate_header(read_ros_handshake_header(sock, self.read_buff, self.protocol.buff_size))
AttributeError: 'NoneType' object has no attribute 'buff_size'

