

0.000000000  Node Startup
0.000000000 INFO [/tmp/binarydeb/ros-kinetic-roscpp-1.12.14/src/libros/service.cpp:80(service::exists) [topics: /rosout] waitForService: Service [/gazebo/set_physics_properties] has not been advertised, waiting...
0.000000000 INFO [/tmp/binarydeb/ros-kinetic-roscpp-1.12.14/src/libros/service.cpp:80(service::exists) [topics: /rosout] waitForService: Service [/gazebo/set_physics_properties] has not been advertised, waiting...
0.000000000 INFO [spawner:116(main) [topics: /clock, /rosout] Controller Spawner: Waiting for service controller_manager/load_controller
0.000000000 WARN [spawner:133(main) [topics: /clock, /rosout] Controller Spawner couldn't find the expected controller_manager ROS interface.
0.000000000 INFO [/tmp/binarydeb/ros-kinetic-roscpp-1.12.14/src/libros/service.cpp:80(service::exists) [topics: /rosout] waitForService: Service [/gazebo/set_physics_properties] has not been advertised, waiting...
0.000000000 WARN [/tmp/binarydeb/ros-kinetic-roscpp-1.12.14/src/libros/init.cpp:164(shutdownCallback) [topics: /rosout] Shutdown request received.
0.000000000 INFO [/tmp/binarydeb/ros-kinetic-roscpp-1.12.14/src/libros/service.cpp:80(service::exists) [topics: /rosout] waitForService: Service [/gazebo/set_physics_properties] has not been advertised, waiting...
0.000000000 WARN [/tmp/binarydeb/ros-kinetic-kdl-parser-1.12.11/src/kdl_parser.cpp:208(treeFromUrdfModel) [topics: /rosout] The root link base_link has an inertia specified in the URDF, but KDL does not support a root link with an inertia.  As a workaround, you can add an extra dummy link to your URDF.
0.000000000 INFO [spawner:116(main) [topics: /clock, /rosout] Controller Spawner: Waiting for service controller_manager/load_controller
0.000000000 INFO [gazebo_interface.py:31(spawn_urdf_model_client) [topics: /clock, /rosout] Calling service /gazebo/spawn_urdf_model
0.000000000 INFO [gazebo_interface.py:33(spawn_urdf_model_client) [topics: /clock, /rosout] Spawn status: SpawnModel: Successfully spawned entity
0.000000000 INFO [/tmp/binarydeb/ros-kinetic-gazebo-plugins-2.5.19/include/gazebo_plugins/gazebo_ros_utils.h:95(__cxx11::string gazebo::GetRobotNamespace) [topics: /rosout, /clock, /gazebo/link_states, /gazebo/model_states] Laser Plugin: Using the 'robotNamespace' param: '/'
0.000000000 INFO [/tmp/binarydeb/ros-kinetic-gazebo-plugins-2.5.19/src/gazebo_ros_laser.cpp:111(GazeboRosLaser::Load) [topics: /rosout, /clock, /gazebo/link_states, /gazebo/model_states] Starting Laser Plugin (ns = /)
0.000000000 INFO [/tmp/binarydeb/ros-kinetic-gazebo-plugins-2.5.19/src/gazebo_ros_laser.cpp:135(GazeboRosLaser::LoadThread) [topics: /rosout, /clock, /gazebo/link_states, /gazebo/model_states] Laser Plugin (ns = /)  <tf_prefix_>, set to ""
0.000000000 INFO [/tmp/binarydeb/ros-kinetic-gazebo-plugins-2.5.19/src/gazebo_ros_utils.cpp:57(GazeboRos::readCommonParameter) [topics: /rosout, /clock, /gazebo/link_states, /gazebo/model_states, /m2wr/laser/scan] Starting plugin DiffDrive(ns = //)
0.000000000 INFO [/tmp/binarydeb/ros-kinetic-gazebo-plugins-2.5.19/src/gazebo_ros_utils.cpp:83(GazeboRos::readCommonParameter) [topics: /rosout, /clock, /gazebo/link_states, /gazebo/model_states, /m2wr/laser/scan] DiffDrive(ns = //): <rosDebugLevel> = na
0.000000000 INFO [/tmp/binarydeb/ros-kinetic-gazebo-plugins-2.5.19/src/gazebo_ros_utils.cpp:93(GazeboRos::readCommonParameter) [topics: /rosout, /clock, /gazebo/link_states, /gazebo/model_states, /m2wr/laser/scan] DiffDrive(ns = //): <tf_prefix> = 
0.000000000 WARN [/tmp/binarydeb/ros-kinetic-gazebo-plugins-2.5.19/src/gazebo_ros_utils.cpp:101(GazeboRos::getParameterBoolean) [topics: /rosout, /clock, /gazebo/link_states, /gazebo/model_states, /m2wr/laser/scan] DiffDrive(ns = //): missing <publishOdomTF> default is true
0.000000000 INFO [/tmp/binarydeb/ros-kinetic-gazebo-plugins-2.5.19/src/gazebo_ros_diff_drive.cpp:157(GazeboRosDiffDrive::Load) [topics: /rosout, /clock, /gazebo/link_states, /gazebo/model_states, /m2wr/laser/scan, /joint_states] DiffDrive(ns = //): Advertise joint_states
0.000000000 INFO [/tmp/binarydeb/ros-kinetic-gazebo-plugins-2.5.19/src/gazebo_ros_diff_drive.cpp:163(GazeboRosDiffDrive::Load) [topics: /rosout, /clock, /gazebo/link_states, /gazebo/model_states, /m2wr/laser/scan, /joint_states, /tf] DiffDrive(ns = //): Try to subscribe to cmd_vel
0.000000000 INFO [/tmp/binarydeb/ros-kinetic-gazebo-plugins-2.5.19/src/gazebo_ros_diff_drive.cpp:171(GazeboRosDiffDrive::Load) [topics: /rosout, /clock, /gazebo/link_states, /gazebo/model_states, /m2wr/laser/scan, /joint_states, /tf] DiffDrive(ns = //): Subscribe to cmd_vel
0.000000000 INFO [/tmp/binarydeb/ros-kinetic-gazebo-plugins-2.5.19/src/gazebo_ros_diff_drive.cpp:176(GazeboRosDiffDrive::Load) [topics: /rosout, /clock, /gazebo/link_states, /gazebo/model_states, /m2wr/laser/scan, /joint_states, /tf, /odom] DiffDrive(ns = //): Advertise odom on odom 
0.000000000 INFO [/tmp/binarydeb/ros-kinetic-gazebo-ros-control-2.5.19/src/gazebo_ros_control_plugin.cpp:60(GazeboRosControlPlugin::Load) [topics: /rosout, /clock, /gazebo/link_states, /gazebo/model_states, /m2wr/laser/scan, /joint_states, /tf, /odom] Loading gazebo_ros_control plugin
0.000000000 INFO [/tmp/binarydeb/ros-kinetic-gazebo-ros-control-2.5.19/src/gazebo_ros_control_plugin.cpp:173(GazeboRosControlPlugin::Load) [topics: /rosout, /clock, /gazebo/link_states, /gazebo/model_states, /m2wr/laser/scan, /joint_states, /tf, /odom] Starting gazebo_ros_control plugin in namespace: /
0.000000000 INFO [/tmp/binarydeb/ros-kinetic-gazebo-ros-control-2.5.19/src/gazebo_ros_control_plugin.cpp:299(__cxx11::string gazebo_ros_control::GazeboRosControlPlugin::getURDF) [topics: /rosout, /clock, /gazebo/link_states, /gazebo/model_states, /m2wr/laser/scan, /joint_states, /tf, /odom] gazebo_ros_control plugin is waiting for model URDF in parameter [robot_description] on the ROS param server.
0.000000000 INFO [/tmp/binarydeb/ros-kinetic-gazebo-ros-control-2.5.19/src/gazebo_ros_control_plugin.cpp:219(GazeboRosControlPlugin::Load) [topics: /rosout, /clock, /gazebo/link_states, /gazebo/model_states, /m2wr/laser/scan, /joint_states, /tf, /odom] Loaded gazebo_ros_control.
