[rospy.client][INFO] 2019-07-01 08:32:58,090: init_node, name[/mybot_spawn], pid[2494]
[xmlrpc][INFO] 2019-07-01 08:32:58,091: XML-RPC server binding to 0.0.0.0:0
[xmlrpc][INFO] 2019-07-01 08:32:58,091: Started XML-RPC server [http://dc5b429f784e:35575/]
[rospy.init][INFO] 2019-07-01 08:32:58,092: ROS Slave URI: [http://dc5b429f784e:35575/]
[rospy.impl.masterslave][INFO] 2019-07-01 08:32:58,092: _ready: http://dc5b429f784e:35575/
[xmlrpc][INFO] 2019-07-01 08:32:58,093: xml rpc node: starting XML-RPC server
[rospy.registration][INFO] 2019-07-01 08:32:58,093: Registering with master node http://localhost:11311
[rospy.init][INFO] 2019-07-01 08:32:58,192: registered with master
[rospy.rosout][INFO] 2019-07-01 08:32:58,193: initializing /rosout core topic
[rospy.rosout][INFO] 2019-07-01 08:32:58,196: connected to core topic /rosout
[rospy.simtime][INFO] 2019-07-01 08:32:58,198: initializing /clock core topic
[rospy.simtime][INFO] 2019-07-01 08:32:58,201: connected to core topic /clock
[rosout][INFO] 2019-07-01 08:32:58,204: Loading model XML from ros parameter
[rosout][INFO] 2019-07-01 08:32:58,209: Waiting for service /gazebo/spawn_urdf_model
[rospy.internal][INFO] 2019-07-01 08:32:58,211: topic[/clock] adding connection to [http://dc5b429f784e:45771/], count 0
[rosout][INFO] 2019-07-01 08:32:58,212: Calling service /gazebo/spawn_urdf_model
[rospy.internal][INFO] 2019-07-01 08:32:58,461: topic[/rosout] adding connection to [/rosout], count 0
[rosout][INFO] 2019-07-01 08:32:58,483: Spawn status: SpawnModel: Successfully spawned entity
[rospy.core][INFO] 2019-07-01 08:32:58,483: signal_shutdown [atexit]
[rospy.internal][INFO] 2019-07-01 08:32:58,486: topic[/rosout] removing connection to /rosout
[rospy.internal][INFO] 2019-07-01 08:32:58,486: topic[/clock] removing connection to http://dc5b429f784e:45771/
[rospy.impl.masterslave][INFO] 2019-07-01 08:32:58,487: atexit
