[rospy.client][INFO] 2019-06-29 14:10:08,471: init_node, name[/controller_spawner], pid[60353]
[xmlrpc][INFO] 2019-06-29 14:10:08,471: XML-RPC server binding to 0.0.0.0:0
[xmlrpc][INFO] 2019-06-29 14:10:08,472: Started XML-RPC server [http://dc5b429f784e:40493/]
[rospy.impl.masterslave][INFO] 2019-06-29 14:10:08,472: _ready: http://dc5b429f784e:40493/
[rospy.init][INFO] 2019-06-29 14:10:08,472: ROS Slave URI: [http://dc5b429f784e:40493/]
[xmlrpc][INFO] 2019-06-29 14:10:08,473: xml rpc node: starting XML-RPC server
[rospy.registration][INFO] 2019-06-29 14:10:08,474: Registering with master node http://localhost:11311
[rospy.init][INFO] 2019-06-29 14:10:08,573: registered with master
[rospy.rosout][INFO] 2019-06-29 14:10:08,573: initializing /rosout core topic
[rospy.rosout][INFO] 2019-06-29 14:10:08,576: connected to core topic /rosout
[rospy.simtime][INFO] 2019-06-29 14:10:08,578: initializing /clock core topic
[rospy.simtime][INFO] 2019-06-29 14:10:08,581: connected to core topic /clock
[rosout][WARNING] 2019-06-29 14:10:08,585: DEPRECATION warning: --shutdown-timeout has no effect.
[rosout][INFO] 2019-06-29 14:10:08,586: Controller Spawner: Waiting for service /m2wr/controller_manager/load_controller
[rospy.internal][INFO] 2019-06-29 14:10:08,589: topic[/clock] adding connection to [http://dc5b429f784e:46795/], count 0
[rospy.internal][INFO] 2019-06-29 14:10:08,805: topic[/rosout] adding connection to [/rosout], count 0
[rosout][INFO] 2019-06-29 14:10:10,099: Controller Spawner: Waiting for service /m2wr/controller_manager/switch_controller
[rosout][INFO] 2019-06-29 14:10:10,102: Controller Spawner: Waiting for service /m2wr/controller_manager/unload_controller
[rosout][INFO] 2019-06-29 14:10:10,106: Loading controller: joint_state_controller
[rosout][INFO] 2019-06-29 14:10:10,120: Controller Spawner: Loaded controllers: joint_state_controller
[rosout][INFO] 2019-06-29 14:10:20,937: Started controllers: joint_state_controller
[rospy.core][INFO] 2019-06-29 14:11:31,625: signal_shutdown [signal-2]
[rosout][INFO] 2019-06-29 14:11:31,625: Shutting down spawner. Stopping and unloading controllers...
[rosout][INFO] 2019-06-29 14:11:31,626: Stopping all controllers...
[rosout][WARNING] 2019-06-29 14:11:33,642: Controller Spawner error while taking down controllers: transport error completing service call: unable to receive data from sender, check sender's logs for details
[rospy.internal][WARNING] 2019-06-29 14:11:33,644: Unknown error initiating TCP/IP socket to dc5b429f784e:45341 (http://dc5b429f784e:46795/): Traceback (most recent call last):
  File "/opt/ros/kinetic/lib/python2.7/dist-packages/rospy/impl/tcpros_base.py", line 556, in connect
    self.write_header()
  File "/opt/ros/kinetic/lib/python2.7/dist-packages/rospy/impl/tcpros_base.py", line 635, in write_header
    self.stat_bytes += write_ros_handshake_header(sock, protocol.get_header_fields())
  File "/opt/ros/kinetic/lib/python2.7/dist-packages/rosgraph/network.py", line 422, in write_ros_handshake_header
    sock.sendall(s)
  File "/usr/lib/python2.7/socket.py", line 228, in meth
    return getattr(self._sock,name)(*args)
error: [Errno 104] Connection reset by peer

[rospy.internal][INFO] 2019-06-29 14:11:33,644: topic[/clock] removing connection to http://dc5b429f784e:46795/
[rospy.internal][INFO] 2019-06-29 14:11:33,646: topic[/rosout] removing connection to /rosout
[rospy.impl.masterslave][INFO] 2019-06-29 14:11:33,646: signal-2
[rospy.core][INFO] 2019-06-29 14:11:33,753: signal_shutdown [atexit]
[rospy.client][INFO] 2019-06-29 14:11:40,295: init_node, name[/controller_spawner], pid[61136]
[xmlrpc][INFO] 2019-06-29 14:11:40,296: XML-RPC server binding to 0.0.0.0:0
[xmlrpc][INFO] 2019-06-29 14:11:40,297: Started XML-RPC server [http://dc5b429f784e:46251/]
[rospy.impl.masterslave][INFO] 2019-06-29 14:11:40,297: _ready: http://dc5b429f784e:46251/
[rospy.init][INFO] 2019-06-29 14:11:40,297: ROS Slave URI: [http://dc5b429f784e:46251/]
[xmlrpc][INFO] 2019-06-29 14:11:40,299: xml rpc node: starting XML-RPC server
[rospy.registration][INFO] 2019-06-29 14:11:40,301: Registering with master node http://localhost:11311
[rospy.init][INFO] 2019-06-29 14:11:40,399: registered with master
[rospy.rosout][INFO] 2019-06-29 14:11:40,399: initializing /rosout core topic
[rospy.rosout][INFO] 2019-06-29 14:11:40,405: connected to core topic /rosout
[rospy.simtime][INFO] 2019-06-29 14:11:40,410: initializing /clock core topic
[rospy.simtime][INFO] 2019-06-29 14:11:40,423: connected to core topic /clock
[rosout][WARNING] 2019-06-29 14:11:40,434: DEPRECATION warning: --shutdown-timeout has no effect.
[rosout][INFO] 2019-06-29 14:11:40,435: Controller Spawner: Waiting for service /m2wr/controller_manager/load_controller
[rospy.internal][INFO] 2019-06-29 14:11:40,467: topic[/clock] adding connection to [http://dc5b429f784e:38159/], count 0
[rospy.internal][INFO] 2019-06-29 14:11:40,622: topic[/rosout] adding connection to [/rosout], count 0
[rosout][INFO] 2019-06-29 14:11:41,950: Controller Spawner: Waiting for service /m2wr/controller_manager/switch_controller
[rosout][INFO] 2019-06-29 14:11:41,953: Controller Spawner: Waiting for service /m2wr/controller_manager/unload_controller
[rosout][INFO] 2019-06-29 14:11:41,955: Loading controller: joint_state_controller
[rosout][INFO] 2019-06-29 14:11:41,965: Controller Spawner: Loaded controllers: joint_state_controller
[rospy.core][INFO] 2019-06-29 14:11:57,657: signal_shutdown [signal-2]
[rosout][INFO] 2019-06-29 14:11:57,658: Shutting down spawner. Stopping and unloading controllers...
[rosout][INFO] 2019-06-29 14:11:57,658: Stopping all controllers...
