[rospy.client][INFO] 2019-06-29 14:10:08,928: init_node, name[/mybot_spawn], pid[60298]
[xmlrpc][INFO] 2019-06-29 14:10:08,928: XML-RPC server binding to 0.0.0.0:0
[xmlrpc][INFO] 2019-06-29 14:10:08,929: Started XML-RPC server [http://dc5b429f784e:42281/]
[rospy.impl.masterslave][INFO] 2019-06-29 14:10:08,929: _ready: http://dc5b429f784e:42281/
[rospy.init][INFO] 2019-06-29 14:10:08,929: ROS Slave URI: [http://dc5b429f784e:42281/]
[xmlrpc][INFO] 2019-06-29 14:10:08,929: xml rpc node: starting XML-RPC server
[rospy.registration][INFO] 2019-06-29 14:10:08,931: Registering with master node http://localhost:11311
[rospy.init][INFO] 2019-06-29 14:10:09,030: registered with master
[rospy.rosout][INFO] 2019-06-29 14:10:09,031: initializing /rosout core topic
[rospy.rosout][INFO] 2019-06-29 14:10:09,034: connected to core topic /rosout
[rospy.simtime][INFO] 2019-06-29 14:10:09,035: initializing /clock core topic
[rospy.simtime][INFO] 2019-06-29 14:10:09,038: connected to core topic /clock
[rosout][INFO] 2019-06-29 14:10:09,043: Loading model XML from ros parameter
[rosout][INFO] 2019-06-29 14:10:09,050: Waiting for service /gazebo/spawn_urdf_model
[rospy.internal][INFO] 2019-06-29 14:10:09,051: topic[/clock] adding connection to [http://dc5b429f784e:46795/], count 0
[rosout][INFO] 2019-06-29 14:10:09,053: Calling service /gazebo/spawn_urdf_model
[rospy.internal][INFO] 2019-06-29 14:10:09,306: topic[/rosout] adding connection to [/rosout], count 0
[rosout][INFO] 2019-06-29 14:10:09,603: Spawn status: SpawnModel: Successfully spawned entity
[rospy.core][INFO] 2019-06-29 14:10:09,603: signal_shutdown [atexit]
[rospy.internal][INFO] 2019-06-29 14:10:09,608: topic[/rosout] removing connection to /rosout
[rospy.internal][INFO] 2019-06-29 14:10:09,608: topic[/clock] removing connection to http://dc5b429f784e:46795/
[rospy.impl.masterslave][INFO] 2019-06-29 14:10:09,608: atexit
[rospy.client][INFO] 2019-06-29 14:11:40,920: init_node, name[/mybot_spawn], pid[61103]
[xmlrpc][INFO] 2019-06-29 14:11:40,920: XML-RPC server binding to 0.0.0.0:0
[xmlrpc][INFO] 2019-06-29 14:11:40,921: Started XML-RPC server [http://dc5b429f784e:33091/]
[rospy.impl.masterslave][INFO] 2019-06-29 14:11:40,921: _ready: http://dc5b429f784e:33091/
[rospy.init][INFO] 2019-06-29 14:11:40,922: ROS Slave URI: [http://dc5b429f784e:33091/]
[rospy.registration][INFO] 2019-06-29 14:11:40,923: Registering with master node http://localhost:11311
[xmlrpc][INFO] 2019-06-29 14:11:40,923: xml rpc node: starting XML-RPC server
[rospy.init][INFO] 2019-06-29 14:11:41,022: registered with master
[rospy.rosout][INFO] 2019-06-29 14:11:41,022: initializing /rosout core topic
[rospy.rosout][INFO] 2019-06-29 14:11:41,026: connected to core topic /rosout
[rospy.simtime][INFO] 2019-06-29 14:11:41,028: initializing /clock core topic
[rospy.simtime][INFO] 2019-06-29 14:11:41,032: connected to core topic /clock
[rosout][INFO] 2019-06-29 14:11:41,037: Loading model XML from ros parameter
[rosout][INFO] 2019-06-29 14:11:41,045: Waiting for service /gazebo/spawn_urdf_model
[rospy.internal][INFO] 2019-06-29 14:11:41,046: topic[/clock] adding connection to [http://dc5b429f784e:38159/], count 0
[rosout][INFO] 2019-06-29 14:11:41,049: Calling service /gazebo/spawn_urdf_model
[rospy.internal][INFO] 2019-06-29 14:11:41,317: topic[/rosout] adding connection to [/rosout], count 0
[rosout][INFO] 2019-06-29 14:11:41,457: Spawn status: SpawnModel: Successfully spawned entity
[rospy.core][INFO] 2019-06-29 14:11:41,458: signal_shutdown [atexit]
[rospy.internal][INFO] 2019-06-29 14:11:41,461: topic[/rosout] removing connection to /rosout
[rospy.internal][INFO] 2019-06-29 14:11:41,461: topic[/clock] removing connection to http://dc5b429f784e:38159/
[rospy.impl.masterslave][INFO] 2019-06-29 14:11:41,462: atexit
