[rospy.client][INFO] 2019-06-29 12:29:46,968: init_node, name[/mw2r/controller_spawner], pid[357]
[xmlrpc][INFO] 2019-06-29 12:29:46,968: XML-RPC server binding to 0.0.0.0:0
[xmlrpc][INFO] 2019-06-29 12:29:46,969: Started XML-RPC server [http://dc5b429f784e:40559/]
[rospy.impl.masterslave][INFO] 2019-06-29 12:29:46,969: _ready: http://dc5b429f784e:40559/
[rospy.init][INFO] 2019-06-29 12:29:46,970: ROS Slave URI: [http://dc5b429f784e:40559/]
[xmlrpc][INFO] 2019-06-29 12:29:46,970: xml rpc node: starting XML-RPC server
[rospy.registration][INFO] 2019-06-29 12:29:46,971: Registering with master node http://localhost:11311
[rospy.init][INFO] 2019-06-29 12:29:47,071: registered with master
[rospy.rosout][INFO] 2019-06-29 12:29:47,072: initializing /rosout core topic
[rospy.rosout][INFO] 2019-06-29 12:29:47,075: connected to core topic /rosout
[rospy.simtime][INFO] 2019-06-29 12:29:47,078: initializing /clock core topic
[rospy.simtime][INFO] 2019-06-29 12:29:47,086: connected to core topic /clock
[rosout][INFO] 2019-06-29 12:29:47,092: Controller Spawner: Waiting for service controller_manager/load_controller
[rospy.internal][INFO] 2019-06-29 12:29:47,202: topic[/clock] adding connection to [http://dc5b429f784e:39479/], count 0
[rospy.internal][INFO] 2019-06-29 12:29:47,284: topic[/rosout] adding connection to [/rosout], count 0
[rosout][WARNING] 2019-06-29 12:30:17,182: Controller Spawner couldn't find the expected controller_manager ROS interface.
[rospy.core][INFO] 2019-06-29 12:30:17,183: signal_shutdown [atexit]
[rospy.internal][INFO] 2019-06-29 12:30:17,187: topic[/rosout] removing connection to /rosout
[rospy.internal][INFO] 2019-06-29 12:30:17,188: topic[/clock] removing connection to http://dc5b429f784e:39479/
[rospy.impl.masterslave][INFO] 2019-06-29 12:30:17,188: atexit
