[rospy.client][INFO] 2019-06-29 12:34:09,468: init_node, name[/mw2r/controller_spawner], pid[1159]
[xmlrpc][INFO] 2019-06-29 12:34:09,468: XML-RPC server binding to 0.0.0.0:0
[xmlrpc][INFO] 2019-06-29 12:34:09,469: Started XML-RPC server [http://dc5b429f784e:34875/]
[rospy.init][INFO] 2019-06-29 12:34:09,469: ROS Slave URI: [http://dc5b429f784e:34875/]
[rospy.impl.masterslave][INFO] 2019-06-29 12:34:09,470: _ready: http://dc5b429f784e:34875/
[rospy.registration][INFO] 2019-06-29 12:34:09,472: Registering with master node http://localhost:11311
[xmlrpc][INFO] 2019-06-29 12:34:09,472: xml rpc node: starting XML-RPC server
[rospy.init][INFO] 2019-06-29 12:34:09,570: registered with master
[rospy.rosout][INFO] 2019-06-29 12:34:09,571: initializing /rosout core topic
[rospy.rosout][INFO] 2019-06-29 12:34:09,575: connected to core topic /rosout
[rospy.simtime][INFO] 2019-06-29 12:34:09,576: initializing /clock core topic
[rospy.simtime][INFO] 2019-06-29 12:34:09,579: connected to core topic /clock
[rosout][INFO] 2019-06-29 12:34:09,583: Controller Spawner: Waiting for service controller_manager/load_controller
[rospy.internal][INFO] 2019-06-29 12:34:09,788: topic[/rosout] adding connection to [/rosout], count 0
[rospy.core][INFO] 2019-06-29 12:34:12,841: signal_shutdown [signal-2]
[rospy.internal][INFO] 2019-06-29 12:34:12,844: topic[/rosout] removing connection to /rosout
[rospy.impl.masterslave][INFO] 2019-06-29 12:34:12,844: signal-2
[rosout][WARNING] 2019-06-29 12:34:12,960: Controller Spawner couldn't find the expected controller_manager ROS interface.
[rospy.core][INFO] 2019-06-29 12:34:12,960: signal_shutdown [atexit]
[rospy.client][INFO] 2019-06-29 12:34:24,518: init_node, name[/mw2r/controller_spawner], pid[1382]
[xmlrpc][INFO] 2019-06-29 12:34:24,518: XML-RPC server binding to 0.0.0.0:0
[xmlrpc][INFO] 2019-06-29 12:34:24,519: Started XML-RPC server [http://dc5b429f784e:39443/]
[rospy.init][INFO] 2019-06-29 12:34:24,519: ROS Slave URI: [http://dc5b429f784e:39443/]
[rospy.impl.masterslave][INFO] 2019-06-29 12:34:24,519: _ready: http://dc5b429f784e:39443/
[xmlrpc][INFO] 2019-06-29 12:34:24,520: xml rpc node: starting XML-RPC server
[rospy.registration][INFO] 2019-06-29 12:34:24,521: Registering with master node http://localhost:11311
[rospy.init][INFO] 2019-06-29 12:34:24,620: registered with master
[rospy.rosout][INFO] 2019-06-29 12:34:24,620: initializing /rosout core topic
[rospy.rosout][INFO] 2019-06-29 12:34:24,622: connected to core topic /rosout
[rospy.simtime][INFO] 2019-06-29 12:34:24,624: initializing /clock core topic
[rospy.simtime][INFO] 2019-06-29 12:34:24,627: connected to core topic /clock
[rosout][INFO] 2019-06-29 12:34:24,631: Controller Spawner: Waiting for service controller_manager/load_controller
[rospy.internal][INFO] 2019-06-29 12:34:24,636: topic[/clock] adding connection to [http://dc5b429f784e:45089/], count 0
[rospy.internal][INFO] 2019-06-29 12:34:24,851: topic[/rosout] adding connection to [/rosout], count 0
[rosout][WARNING] 2019-06-29 12:34:54,732: Controller Spawner couldn't find the expected controller_manager ROS interface.
[rospy.core][INFO] 2019-06-29 12:34:54,733: signal_shutdown [atexit]
[rospy.internal][INFO] 2019-06-29 12:34:54,739: topic[/rosout] removing connection to /rosout
[rospy.internal][INFO] 2019-06-29 12:34:54,739: topic[/clock] removing connection to http://dc5b429f784e:45089/
[rospy.impl.masterslave][INFO] 2019-06-29 12:34:54,739: atexit
[rospy.client][INFO] 2019-06-29 12:35:12,486: init_node, name[/mw2r/controller_spawner], pid[1954]
[xmlrpc][INFO] 2019-06-29 12:35:12,487: XML-RPC server binding to 0.0.0.0:0
[xmlrpc][INFO] 2019-06-29 12:35:12,487: Started XML-RPC server [http://dc5b429f784e:41415/]
[rospy.init][INFO] 2019-06-29 12:35:12,488: ROS Slave URI: [http://dc5b429f784e:41415/]
[rospy.impl.masterslave][INFO] 2019-06-29 12:35:12,488: _ready: http://dc5b429f784e:41415/
[xmlrpc][INFO] 2019-06-29 12:35:12,489: xml rpc node: starting XML-RPC server
[rospy.registration][INFO] 2019-06-29 12:35:12,489: Registering with master node http://localhost:11311
[rospy.init][INFO] 2019-06-29 12:35:12,588: registered with master
[rospy.rosout][INFO] 2019-06-29 12:35:12,588: initializing /rosout core topic
[rospy.rosout][INFO] 2019-06-29 12:35:12,611: connected to core topic /rosout
[rospy.simtime][INFO] 2019-06-29 12:35:12,613: initializing /clock core topic
[rospy.simtime][INFO] 2019-06-29 12:35:12,617: connected to core topic /clock
[rosout][INFO] 2019-06-29 12:35:12,621: Controller Spawner: Waiting for service controller_manager/load_controller
[rospy.internal][INFO] 2019-06-29 12:35:12,655: topic[/clock] adding connection to [http://dc5b429f784e:37429/], count 0
[rospy.internal][INFO] 2019-06-29 12:35:12,834: topic[/rosout] adding connection to [/rosout], count 0
[rospy.core][INFO] 2019-06-29 12:35:20,241: signal_shutdown [signal-2]
[rospy.internal][INFO] 2019-06-29 12:35:20,245: topic[/rosout] removing connection to /rosout
[rospy.internal][INFO] 2019-06-29 12:35:20,246: topic[/clock] removing connection to http://dc5b429f784e:37429/
[rospy.impl.masterslave][INFO] 2019-06-29 12:35:20,246: signal-2
[rosout][WARNING] 2019-06-29 12:35:20,384: Controller Spawner couldn't find the expected controller_manager ROS interface.
[rospy.core][INFO] 2019-06-29 12:35:20,385: signal_shutdown [atexit]
[rospy.client][INFO] 2019-06-29 12:36:56,802: init_node, name[/mw2r/controller_spawner], pid[2350]
[xmlrpc][INFO] 2019-06-29 12:36:56,802: XML-RPC server binding to 0.0.0.0:0
[xmlrpc][INFO] 2019-06-29 12:36:56,803: Started XML-RPC server [http://dc5b429f784e:43499/]
[rospy.init][INFO] 2019-06-29 12:36:56,803: ROS Slave URI: [http://dc5b429f784e:43499/]
[rospy.impl.masterslave][INFO] 2019-06-29 12:36:56,803: _ready: http://dc5b429f784e:43499/
[xmlrpc][INFO] 2019-06-29 12:36:56,804: xml rpc node: starting XML-RPC server
[rospy.registration][INFO] 2019-06-29 12:36:56,805: Registering with master node http://localhost:11311
[rospy.init][INFO] 2019-06-29 12:36:56,904: registered with master
[rospy.rosout][INFO] 2019-06-29 12:36:56,904: initializing /rosout core topic
[rospy.rosout][INFO] 2019-06-29 12:36:56,907: connected to core topic /rosout
[rospy.simtime][INFO] 2019-06-29 12:36:56,908: initializing /clock core topic
[rospy.simtime][INFO] 2019-06-29 12:36:56,911: connected to core topic /clock
[rosout][INFO] 2019-06-29 12:36:56,915: Controller Spawner: Waiting for service controller_manager/load_controller
[rospy.internal][INFO] 2019-06-29 12:36:57,189: topic[/rosout] adding connection to [/rosout], count 0
[rospy.core][INFO] 2019-06-29 12:36:58,366: signal_shutdown [signal-2]
[rospy.internal][INFO] 2019-06-29 12:36:58,374: topic[/rosout] removing connection to /rosout
[rospy.impl.masterslave][INFO] 2019-06-29 12:36:58,374: signal-2
[rosout][WARNING] 2019-06-29 12:36:58,491: Controller Spawner couldn't find the expected controller_manager ROS interface.
[rospy.core][INFO] 2019-06-29 12:36:58,491: signal_shutdown [atexit]
[rospy.client][INFO] 2019-06-29 12:37:03,394: init_node, name[/mw2r/controller_spawner], pid[2555]
[xmlrpc][INFO] 2019-06-29 12:37:03,394: XML-RPC server binding to 0.0.0.0:0
[xmlrpc][INFO] 2019-06-29 12:37:03,395: Started XML-RPC server [http://dc5b429f784e:40175/]
[rospy.init][INFO] 2019-06-29 12:37:03,395: ROS Slave URI: [http://dc5b429f784e:40175/]
[rospy.impl.masterslave][INFO] 2019-06-29 12:37:03,395: _ready: http://dc5b429f784e:40175/
[xmlrpc][INFO] 2019-06-29 12:37:03,396: xml rpc node: starting XML-RPC server
[rospy.registration][INFO] 2019-06-29 12:37:03,397: Registering with master node http://localhost:11311
[rospy.init][INFO] 2019-06-29 12:37:03,496: registered with master
[rospy.rosout][INFO] 2019-06-29 12:37:03,496: initializing /rosout core topic
[rospy.rosout][INFO] 2019-06-29 12:37:03,498: connected to core topic /rosout
[rospy.simtime][INFO] 2019-06-29 12:37:03,499: initializing /clock core topic
[rospy.simtime][INFO] 2019-06-29 12:37:03,502: connected to core topic /clock
[rosout][INFO] 2019-06-29 12:37:03,506: Controller Spawner: Waiting for service controller_manager/load_controller
[rospy.internal][INFO] 2019-06-29 12:37:03,512: topic[/clock] adding connection to [http://dc5b429f784e:44213/], count 0
[rospy.internal][INFO] 2019-06-29 12:37:03,613: topic[/rosout] adding connection to [/rosout], count 0
[rosout][WARNING] 2019-06-29 12:37:33,526: Controller Spawner couldn't find the expected controller_manager ROS interface.
[rospy.core][INFO] 2019-06-29 12:37:33,529: signal_shutdown [atexit]
[rospy.internal][INFO] 2019-06-29 12:37:33,534: topic[/rosout] removing connection to /rosout
[rospy.internal][INFO] 2019-06-29 12:37:33,534: topic[/clock] removing connection to http://dc5b429f784e:44213/
[rospy.impl.masterslave][INFO] 2019-06-29 12:37:33,535: atexit
[rospy.client][INFO] 2019-06-29 12:38:42,245: init_node, name[/mw2r/controller_spawner], pid[3285]
[xmlrpc][INFO] 2019-06-29 12:38:42,245: XML-RPC server binding to 0.0.0.0:0
[xmlrpc][INFO] 2019-06-29 12:38:42,246: Started XML-RPC server [http://dc5b429f784e:40033/]
[rospy.impl.masterslave][INFO] 2019-06-29 12:38:42,246: _ready: http://dc5b429f784e:40033/
[rospy.init][INFO] 2019-06-29 12:38:42,247: ROS Slave URI: [http://dc5b429f784e:40033/]
[xmlrpc][INFO] 2019-06-29 12:38:42,247: xml rpc node: starting XML-RPC server
[rospy.registration][INFO] 2019-06-29 12:38:42,248: Registering with master node http://localhost:11311
[rospy.init][INFO] 2019-06-29 12:38:42,349: registered with master
[rospy.rosout][INFO] 2019-06-29 12:38:42,349: initializing /rosout core topic
[rospy.rosout][INFO] 2019-06-29 12:38:42,353: connected to core topic /rosout
[rospy.simtime][INFO] 2019-06-29 12:38:42,355: initializing /clock core topic
[rospy.simtime][INFO] 2019-06-29 12:38:42,362: connected to core topic /clock
[rospy.internal][INFO] 2019-06-29 12:38:42,366: topic[/clock] adding connection to [http://dc5b429f784e:45933/], count 0
[rosout][INFO] 2019-06-29 12:38:42,369: Controller Spawner: Waiting for service controller_manager/load_controller
[rospy.internal][INFO] 2019-06-29 12:38:42,595: topic[/rosout] adding connection to [/rosout], count 0
[rosout][WARNING] 2019-06-29 12:39:12,442: Controller Spawner couldn't find the expected controller_manager ROS interface.
[rospy.core][INFO] 2019-06-29 12:39:12,443: signal_shutdown [atexit]
[rospy.internal][INFO] 2019-06-29 12:39:12,449: topic[/rosout] removing connection to /rosout
[rospy.internal][INFO] 2019-06-29 12:39:12,449: topic[/clock] removing connection to http://dc5b429f784e:45933/
[rospy.impl.masterslave][INFO] 2019-06-29 12:39:12,450: atexit
[rospy.client][INFO] 2019-06-29 12:41:40,269: init_node, name[/mw2r/controller_spawner], pid[4230]
[xmlrpc][INFO] 2019-06-29 12:41:40,270: XML-RPC server binding to 0.0.0.0:0
[xmlrpc][INFO] 2019-06-29 12:41:40,271: Started XML-RPC server [http://dc5b429f784e:42657/]
[rospy.init][INFO] 2019-06-29 12:41:40,272: ROS Slave URI: [http://dc5b429f784e:42657/]
[rospy.impl.masterslave][INFO] 2019-06-29 12:41:40,272: _ready: http://dc5b429f784e:42657/
[xmlrpc][INFO] 2019-06-29 12:41:40,273: xml rpc node: starting XML-RPC server
[rospy.registration][INFO] 2019-06-29 12:41:40,274: Registering with master node http://localhost:11311
[rospy.init][INFO] 2019-06-29 12:41:40,373: registered with master
[rospy.rosout][INFO] 2019-06-29 12:41:40,374: initializing /rosout core topic
[rospy.rosout][INFO] 2019-06-29 12:41:40,378: connected to core topic /rosout
[rospy.simtime][INFO] 2019-06-29 12:41:40,380: initializing /clock core topic
[rospy.simtime][INFO] 2019-06-29 12:41:40,383: connected to core topic /clock
[rosout][INFO] 2019-06-29 12:41:40,387: Controller Spawner: Waiting for service controller_manager/load_controller
[rospy.internal][INFO] 2019-06-29 12:41:40,593: topic[/rosout] adding connection to [/rosout], count 0
[rospy.core][INFO] 2019-06-29 12:41:41,771: signal_shutdown [signal-2]
[rospy.internal][INFO] 2019-06-29 12:41:41,779: topic[/rosout] removing connection to /rosout
[rospy.impl.masterslave][INFO] 2019-06-29 12:41:41,779: signal-2
[rosout][WARNING] 2019-06-29 12:41:41,911: Controller Spawner couldn't find the expected controller_manager ROS interface.
[rospy.core][INFO] 2019-06-29 12:41:41,912: signal_shutdown [atexit]
[rospy.client][INFO] 2019-06-29 12:41:50,505: init_node, name[/mw2r/controller_spawner], pid[4438]
[xmlrpc][INFO] 2019-06-29 12:41:50,505: XML-RPC server binding to 0.0.0.0:0
[xmlrpc][INFO] 2019-06-29 12:41:50,506: Started XML-RPC server [http://dc5b429f784e:39723/]
[rospy.init][INFO] 2019-06-29 12:41:50,506: ROS Slave URI: [http://dc5b429f784e:39723/]
[rospy.impl.masterslave][INFO] 2019-06-29 12:41:50,507: _ready: http://dc5b429f784e:39723/
[xmlrpc][INFO] 2019-06-29 12:41:50,507: xml rpc node: starting XML-RPC server
[rospy.registration][INFO] 2019-06-29 12:41:50,508: Registering with master node http://localhost:11311
[rospy.init][INFO] 2019-06-29 12:41:50,607: registered with master
[rospy.rosout][INFO] 2019-06-29 12:41:50,607: initializing /rosout core topic
[rospy.rosout][INFO] 2019-06-29 12:41:50,612: connected to core topic /rosout
[rospy.simtime][INFO] 2019-06-29 12:41:50,615: initializing /clock core topic
[rospy.simtime][INFO] 2019-06-29 12:41:50,619: connected to core topic /clock
[rosout][INFO] 2019-06-29 12:41:50,623: Controller Spawner: Waiting for service controller_manager/load_controller
[rospy.internal][INFO] 2019-06-29 12:41:50,625: topic[/clock] adding connection to [http://dc5b429f784e:35335/], count 0
[rospy.internal][INFO] 2019-06-29 12:41:50,815: topic[/rosout] adding connection to [/rosout], count 0
[rosout][WARNING] 2019-06-29 12:42:20,710: Controller Spawner couldn't find the expected controller_manager ROS interface.
[rospy.core][INFO] 2019-06-29 12:42:20,712: signal_shutdown [atexit]
[rospy.internal][INFO] 2019-06-29 12:42:20,717: topic[/rosout] removing connection to /rosout
[rospy.internal][INFO] 2019-06-29 12:42:20,717: topic[/clock] removing connection to http://dc5b429f784e:35335/
[rospy.impl.masterslave][INFO] 2019-06-29 12:42:20,718: atexit
[rospy.client][INFO] 2019-06-29 13:25:04,989: init_node, name[/mw2r/controller_spawner], pid[44103]
[xmlrpc][INFO] 2019-06-29 13:25:04,989: XML-RPC server binding to 0.0.0.0:0
[xmlrpc][INFO] 2019-06-29 13:25:04,990: Started XML-RPC server [http://dc5b429f784e:42639/]
[rospy.init][INFO] 2019-06-29 13:25:04,990: ROS Slave URI: [http://dc5b429f784e:42639/]
[rospy.impl.masterslave][INFO] 2019-06-29 13:25:04,991: _ready: http://dc5b429f784e:42639/
[xmlrpc][INFO] 2019-06-29 13:25:04,992: xml rpc node: starting XML-RPC server
[rospy.registration][INFO] 2019-06-29 13:25:04,993: Registering with master node http://localhost:11311
[rospy.init][INFO] 2019-06-29 13:25:05,091: registered with master
[rospy.rosout][INFO] 2019-06-29 13:25:05,092: initializing /rosout core topic
[rospy.rosout][INFO] 2019-06-29 13:25:05,096: connected to core topic /rosout
[rospy.simtime][INFO] 2019-06-29 13:25:05,098: initializing /clock core topic
[rospy.simtime][INFO] 2019-06-29 13:25:05,101: connected to core topic /clock
[rosout][INFO] 2019-06-29 13:25:05,106: Controller Spawner: Waiting for service controller_manager/load_controller
[rospy.internal][INFO] 2019-06-29 13:25:05,334: topic[/rosout] adding connection to [/rosout], count 0
[rospy.core][INFO] 2019-06-29 13:25:06,002: signal_shutdown [signal-2]
[rospy.internal][INFO] 2019-06-29 13:25:06,008: topic[/rosout] removing connection to /rosout
[rospy.impl.masterslave][INFO] 2019-06-29 13:25:06,009: signal-2
[rosout][WARNING] 2019-06-29 13:25:06,141: Controller Spawner couldn't find the expected controller_manager ROS interface.
[rospy.core][INFO] 2019-06-29 13:25:06,141: signal_shutdown [atexit]
[rospy.client][INFO] 2019-06-29 13:25:16,616: init_node, name[/mw2r/controller_spawner], pid[44336]
[xmlrpc][INFO] 2019-06-29 13:25:16,617: XML-RPC server binding to 0.0.0.0:0
[xmlrpc][INFO] 2019-06-29 13:25:16,620: Started XML-RPC server [http://dc5b429f784e:38233/]
[rospy.init][INFO] 2019-06-29 13:25:16,621: ROS Slave URI: [http://dc5b429f784e:38233/]
[rospy.impl.masterslave][INFO] 2019-06-29 13:25:16,622: _ready: http://dc5b429f784e:38233/
[xmlrpc][INFO] 2019-06-29 13:25:16,624: xml rpc node: starting XML-RPC server
[rospy.registration][INFO] 2019-06-29 13:25:16,625: Registering with master node http://localhost:11311
[rospy.init][INFO] 2019-06-29 13:25:16,722: registered with master
[rospy.rosout][INFO] 2019-06-29 13:25:16,723: initializing /rosout core topic
[rospy.rosout][INFO] 2019-06-29 13:25:16,730: connected to core topic /rosout
[rospy.simtime][INFO] 2019-06-29 13:25:16,737: initializing /clock core topic
[rospy.simtime][INFO] 2019-06-29 13:25:16,747: connected to core topic /clock
[rosout][INFO] 2019-06-29 13:25:16,761: Controller Spawner: Waiting for service controller_manager/load_controller
[rospy.internal][INFO] 2019-06-29 13:25:16,793: topic[/clock] adding connection to [http://dc5b429f784e:39485/], count 0
[rospy.internal][INFO] 2019-06-29 13:25:16,941: topic[/rosout] adding connection to [/rosout], count 0
[rosout][WARNING] 2019-06-29 13:25:46,907: Controller Spawner couldn't find the expected controller_manager ROS interface.
[rospy.core][INFO] 2019-06-29 13:25:46,908: signal_shutdown [atexit]
[rospy.internal][INFO] 2019-06-29 13:25:46,915: topic[/rosout] removing connection to /rosout
[rospy.internal][INFO] 2019-06-29 13:25:46,918: topic[/clock] removing connection to http://dc5b429f784e:39485/
[rospy.impl.masterslave][INFO] 2019-06-29 13:25:46,918: atexit
[rospy.client][INFO] 2019-06-29 13:26:17,556: init_node, name[/mw2r/controller_spawner], pid[45007]
[xmlrpc][INFO] 2019-06-29 13:26:17,556: XML-RPC server binding to 0.0.0.0:0
[xmlrpc][INFO] 2019-06-29 13:26:17,558: Started XML-RPC server [http://dc5b429f784e:36587/]
[rospy.init][INFO] 2019-06-29 13:26:17,558: ROS Slave URI: [http://dc5b429f784e:36587/]
[rospy.impl.masterslave][INFO] 2019-06-29 13:26:17,559: _ready: http://dc5b429f784e:36587/
[xmlrpc][INFO] 2019-06-29 13:26:17,561: xml rpc node: starting XML-RPC server
[rospy.registration][INFO] 2019-06-29 13:26:17,562: Registering with master node http://localhost:11311
[rospy.init][INFO] 2019-06-29 13:26:17,659: registered with master
[rospy.rosout][INFO] 2019-06-29 13:26:17,660: initializing /rosout core topic
[rospy.rosout][INFO] 2019-06-29 13:26:17,663: connected to core topic /rosout
[rospy.simtime][INFO] 2019-06-29 13:26:17,666: initializing /clock core topic
[rospy.simtime][INFO] 2019-06-29 13:26:17,671: connected to core topic /clock
[rosout][INFO] 2019-06-29 13:26:17,678: Controller Spawner: Waiting for service controller_manager/load_controller
[rospy.internal][INFO] 2019-06-29 13:26:17,682: topic[/clock] adding connection to [http://dc5b429f784e:35583/], count 0
[rospy.internal][INFO] 2019-06-29 13:26:17,879: topic[/rosout] adding connection to [/rosout], count 0
[rosout][WARNING] 2019-06-29 13:26:47,792: Controller Spawner couldn't find the expected controller_manager ROS interface.
[rospy.core][INFO] 2019-06-29 13:26:47,793: signal_shutdown [atexit]
[rospy.internal][INFO] 2019-06-29 13:26:47,799: topic[/rosout] removing connection to /rosout
[rospy.internal][INFO] 2019-06-29 13:26:47,799: topic[/clock] removing connection to http://dc5b429f784e:35583/
[rospy.impl.masterslave][INFO] 2019-06-29 13:26:47,800: atexit
[rospy.client][INFO] 2019-06-29 13:32:41,045: init_node, name[/mw2r/controller_spawner], pid[46650]
[xmlrpc][INFO] 2019-06-29 13:32:41,046: XML-RPC server binding to 0.0.0.0:0
[rospy.init][INFO] 2019-06-29 13:32:41,047: ROS Slave URI: [http://dc5b429f784e:34053/]
[xmlrpc][INFO] 2019-06-29 13:32:41,047: Started XML-RPC server [http://dc5b429f784e:34053/]
[rospy.impl.masterslave][INFO] 2019-06-29 13:32:41,048: _ready: http://dc5b429f784e:34053/
[xmlrpc][INFO] 2019-06-29 13:32:41,049: xml rpc node: starting XML-RPC server
[rospy.registration][INFO] 2019-06-29 13:32:41,049: Registering with master node http://localhost:11311
[rospy.init][INFO] 2019-06-29 13:32:41,148: registered with master
[rospy.rosout][INFO] 2019-06-29 13:32:41,148: initializing /rosout core topic
[rospy.rosout][INFO] 2019-06-29 13:32:41,155: connected to core topic /rosout
[rospy.simtime][INFO] 2019-06-29 13:32:41,157: initializing /clock core topic
[rospy.simtime][INFO] 2019-06-29 13:32:41,164: connected to core topic /clock
[rospy.internal][INFO] 2019-06-29 13:32:41,169: topic[/clock] adding connection to [http://dc5b429f784e:38069/], count 0
[rosout][INFO] 2019-06-29 13:32:41,179: Controller Spawner: Waiting for service controller_manager/load_controller
[rospy.internal][INFO] 2019-06-29 13:32:41,377: topic[/rosout] adding connection to [/rosout], count 0
[rospy.core][INFO] 2019-06-29 13:33:04,970: signal_shutdown [signal-2]
[rospy.internal][INFO] 2019-06-29 13:33:04,982: topic[/rosout] removing connection to /rosout
[rospy.internal][INFO] 2019-06-29 13:33:04,983: topic[/clock] removing connection to http://dc5b429f784e:38069/
[rospy.topics][ERROR] 2019-06-29 13:33:04,986: Traceback (most recent call last):
  File "/opt/ros/kinetic/lib/python2.7/dist-packages/rospy/topics.py", line 326, in close
    c.close()
  File "/opt/ros/kinetic/lib/python2.7/dist-packages/rospy/impl/tcpros_base.py", line 838, in close
    self.socket.close()
AttributeError: 'NoneType' object has no attribute 'close'

[rospy.internal][WARNING] 2019-06-29 13:33:04,987: Unknown error initiating TCP/IP socket to dc5b429f784e:41797 (http://dc5b429f784e:38069/): Traceback (most recent call last):
  File "/opt/ros/kinetic/lib/python2.7/dist-packages/rospy/impl/tcpros_base.py", line 557, in connect
    self.read_header()
  File "/opt/ros/kinetic/lib/python2.7/dist-packages/rospy/impl/tcpros_base.py", line 650, in read_header
    self._validate_header(read_ros_handshake_header(sock, self.read_buff, self.protocol.buff_size))
AttributeError: 'NoneType' object has no attribute 'buff_size'

[rospy.impl.masterslave][INFO] 2019-06-29 13:33:04,987: signal-2
[rosout][WARNING] 2019-06-29 13:33:05,096: Controller Spawner couldn't find the expected controller_manager ROS interface.
[rospy.core][INFO] 2019-06-29 13:33:05,096: signal_shutdown [atexit]
[rospy.client][INFO] 2019-06-29 13:46:47,651: init_node, name[/mw2r/controller_spawner], pid[49935]
[xmlrpc][INFO] 2019-06-29 13:46:47,651: XML-RPC server binding to 0.0.0.0:0
[xmlrpc][INFO] 2019-06-29 13:46:47,652: Started XML-RPC server [http://dc5b429f784e:33137/]
[rospy.impl.masterslave][INFO] 2019-06-29 13:46:47,652: _ready: http://dc5b429f784e:33137/
[rospy.init][INFO] 2019-06-29 13:46:47,652: ROS Slave URI: [http://dc5b429f784e:33137/]
[xmlrpc][INFO] 2019-06-29 13:46:47,653: xml rpc node: starting XML-RPC server
[rospy.registration][INFO] 2019-06-29 13:46:47,654: Registering with master node http://localhost:11311
[rospy.init][INFO] 2019-06-29 13:46:47,753: registered with master
[rospy.rosout][INFO] 2019-06-29 13:46:47,753: initializing /rosout core topic
[rospy.rosout][INFO] 2019-06-29 13:46:47,757: connected to core topic /rosout
[rospy.simtime][INFO] 2019-06-29 13:46:47,759: initializing /clock core topic
[rospy.simtime][INFO] 2019-06-29 13:46:47,764: connected to core topic /clock
[rosout][INFO] 2019-06-29 13:46:47,769: Controller Spawner: Waiting for service controller_manager/load_controller
[rospy.internal][INFO] 2019-06-29 13:46:47,773: topic[/clock] adding connection to [http://dc5b429f784e:37025/], count 0
[rospy.internal][INFO] 2019-06-29 13:46:48,024: topic[/rosout] adding connection to [/rosout], count 0
[rosout][WARNING] 2019-06-29 13:47:17,872: Controller Spawner couldn't find the expected controller_manager ROS interface.
[rospy.core][INFO] 2019-06-29 13:47:17,873: signal_shutdown [atexit]
[rospy.internal][INFO] 2019-06-29 13:47:17,884: topic[/rosout] removing connection to /rosout
[rospy.internal][INFO] 2019-06-29 13:47:17,885: topic[/clock] removing connection to http://dc5b429f784e:37025/
[rospy.impl.masterslave][INFO] 2019-06-29 13:47:17,885: atexit
[rospy.internal][WARNING] 2019-06-29 13:47:17,886: Unknown error initiating TCP/IP socket to dc5b429f784e:40759 (http://dc5b429f784e:37025/): Traceback (most recent call last):
  File "/opt/ros/kinetic/lib/python2.7/dist-packages/rospy/impl/tcpros_base.py", line 558, in connect
    self.local_endpoint = self.socket.getsockname()
AttributeError: 'NoneType' object has no attribute 'getsockname'

