[rospy.client][INFO] 2019-06-29 13:58:41,908: init_node, name[/controller_spawner], pid[56549]
[xmlrpc][INFO] 2019-06-29 13:58:41,908: XML-RPC server binding to 0.0.0.0:0
[xmlrpc][INFO] 2019-06-29 13:58:41,909: Started XML-RPC server [http://dc5b429f784e:36447/]
[rospy.init][INFO] 2019-06-29 13:58:41,909: ROS Slave URI: [http://dc5b429f784e:36447/]
[rospy.impl.masterslave][INFO] 2019-06-29 13:58:41,909: _ready: http://dc5b429f784e:36447/
[xmlrpc][INFO] 2019-06-29 13:58:41,910: xml rpc node: starting XML-RPC server
[rospy.registration][INFO] 2019-06-29 13:58:41,911: Registering with master node http://localhost:11311
[rospy.init][INFO] 2019-06-29 13:58:42,010: registered with master
[rospy.rosout][INFO] 2019-06-29 13:58:42,010: initializing /rosout core topic
[rospy.rosout][INFO] 2019-06-29 13:58:42,013: connected to core topic /rosout
[rospy.simtime][INFO] 2019-06-29 13:58:42,014: initializing /clock core topic
[rospy.simtime][INFO] 2019-06-29 13:58:42,019: connected to core topic /clock
[rosout][WARNING] 2019-06-29 13:58:42,022: DEPRECATION warning: --shutdown-timeout has no effect.
[rosout][INFO] 2019-06-29 13:58:42,022: Controller Spawner: Waiting for service /m2wr/controller_manager/load_controller
[rospy.internal][INFO] 2019-06-29 13:58:42,027: topic[/clock] adding connection to [http://dc5b429f784e:35419/], count 0
[rospy.internal][INFO] 2019-06-29 13:58:42,227: topic[/rosout] adding connection to [/rosout], count 0
[rosout][INFO] 2019-06-29 13:58:43,538: Controller Spawner: Waiting for service /m2wr/controller_manager/switch_controller
[rosout][INFO] 2019-06-29 13:58:43,541: Controller Spawner: Waiting for service /m2wr/controller_manager/unload_controller
[rosout][INFO] 2019-06-29 13:58:43,544: Loading controller: joint_state_controller
[rosout][ERROR] 2019-06-29 13:58:44,579: Failed to load joint_state_controller
[rosout][INFO] 2019-06-29 13:58:44,582: Loading controller: joint1_position_controller
[rosout][ERROR] 2019-06-29 13:58:45,593: Failed to load joint1_position_controller
[rosout][INFO] 2019-06-29 13:58:45,593: Loading controller: joint2_position_controller
[rosout][ERROR] 2019-06-29 13:58:46,599: Failed to load joint2_position_controller
[rosout][INFO] 2019-06-29 13:58:46,600: Loading controller: joint3_position_controller
[rosout][ERROR] 2019-06-29 13:58:47,605: Failed to load joint3_position_controller
[rosout][INFO] 2019-06-29 13:58:47,606: Loading controller: joint4_position_controller
[rosout][ERROR] 2019-06-29 13:58:48,615: Failed to load joint4_position_controller
[rosout][INFO] 2019-06-29 13:58:48,616: Loading controller: rgrip_position_controller
[rosout][ERROR] 2019-06-29 13:58:49,624: Failed to load rgrip_position_controller
[rosout][INFO] 2019-06-29 13:58:49,625: Loading controller: lgrip_position_controller
[rosout][ERROR] 2019-06-29 13:58:50,631: Failed to load lgrip_position_controller
[rosout][INFO] 2019-06-29 13:58:50,632: Controller Spawner: Loaded controllers: 
[rosout][INFO] 2019-06-29 13:59:15,949: Started controllers: 
[rospy.core][INFO] 2019-06-29 14:03:55,488: signal_shutdown [signal-2]
[rosout][INFO] 2019-06-29 14:03:55,488: Shutting down spawner. Stopping and unloading controllers...
[rosout][INFO] 2019-06-29 14:03:55,488: Stopping all controllers...
[rosout][INFO] 2019-06-29 14:03:55,493: Unloading all loaded controllers...
[rospy.internal][INFO] 2019-06-29 14:03:55,499: topic[/rosout] removing connection to /rosout
[rospy.internal][INFO] 2019-06-29 14:03:55,499: topic[/clock] removing connection to http://dc5b429f784e:35419/
[rospy.impl.masterslave][INFO] 2019-06-29 14:03:55,500: signal-2
[rospy.internal][WARNING] 2019-06-29 14:03:55,500: Unknown error initiating TCP/IP socket to dc5b429f784e:53809 (http://dc5b429f784e:35419/): Traceback (most recent call last):
  File "/opt/ros/kinetic/lib/python2.7/dist-packages/rospy/impl/tcpros_base.py", line 558, in connect
    self.local_endpoint = self.socket.getsockname()
AttributeError: 'NoneType' object has no attribute 'getsockname'

[rospy.core][INFO] 2019-06-29 14:03:55,635: signal_shutdown [atexit]
