[rospy.client][INFO] 2019-06-29 13:58:42,456: init_node, name[/mybot_spawn], pid[56492]
[xmlrpc][INFO] 2019-06-29 13:58:42,457: XML-RPC server binding to 0.0.0.0:0
[rospy.init][INFO] 2019-06-29 13:58:42,458: ROS Slave URI: [http://dc5b429f784e:37981/]
[xmlrpc][INFO] 2019-06-29 13:58:42,457: Started XML-RPC server [http://dc5b429f784e:37981/]
[rospy.impl.masterslave][INFO] 2019-06-29 13:58:42,458: _ready: http://dc5b429f784e:37981/
[xmlrpc][INFO] 2019-06-29 13:58:42,459: xml rpc node: starting XML-RPC server
[rospy.registration][INFO] 2019-06-29 13:58:42,459: Registering with master node http://localhost:11311
[rospy.init][INFO] 2019-06-29 13:58:42,558: registered with master
[rospy.rosout][INFO] 2019-06-29 13:58:42,559: initializing /rosout core topic
[rospy.rosout][INFO] 2019-06-29 13:58:42,562: connected to core topic /rosout
[rospy.simtime][INFO] 2019-06-29 13:58:42,563: initializing /clock core topic
[rospy.simtime][INFO] 2019-06-29 13:58:42,567: connected to core topic /clock
[rosout][INFO] 2019-06-29 13:58:42,572: Loading model XML from ros parameter
[rospy.internal][INFO] 2019-06-29 13:58:42,578: topic[/clock] adding connection to [http://dc5b429f784e:35419/], count 0
[rosout][INFO] 2019-06-29 13:58:42,582: Waiting for service /gazebo/spawn_urdf_model
[rosout][INFO] 2019-06-29 13:58:42,586: Calling service /gazebo/spawn_urdf_model
[rospy.internal][INFO] 2019-06-29 13:58:42,730: topic[/rosout] adding connection to [/rosout], count 0
[rosout][INFO] 2019-06-29 13:58:43,009: Spawn status: SpawnModel: Successfully spawned entity
[rospy.core][INFO] 2019-06-29 13:58:43,011: signal_shutdown [atexit]
[rospy.internal][INFO] 2019-06-29 13:58:43,016: topic[/rosout] removing connection to /rosout
[rospy.internal][INFO] 2019-06-29 13:58:43,016: topic[/clock] removing connection to http://dc5b429f784e:35419/
[rospy.impl.masterslave][INFO] 2019-06-29 13:58:43,017: atexit
