[rospy.client][INFO] 2019-06-13 08:30:39,632: init_node, name[/urdf_spawner], pid[450]
[xmlrpc][INFO] 2019-06-13 08:30:39,633: XML-RPC server binding to 0.0.0.0:0
[xmlrpc][INFO] 2019-06-13 08:30:39,633: Started XML-RPC server [http://dc5b429f784e:33635/]
[rospy.impl.masterslave][INFO] 2019-06-13 08:30:39,633: _ready: http://dc5b429f784e:33635/
[rospy.init][INFO] 2019-06-13 08:30:39,634: ROS Slave URI: [http://dc5b429f784e:33635/]
[xmlrpc][INFO] 2019-06-13 08:30:39,634: xml rpc node: starting XML-RPC server
[rospy.registration][INFO] 2019-06-13 08:30:39,635: Registering with master node http://localhost:11311
[rospy.init][INFO] 2019-06-13 08:30:39,734: registered with master
[rospy.rosout][INFO] 2019-06-13 08:30:39,735: initializing /rosout core topic
[rospy.rosout][INFO] 2019-06-13 08:30:39,737: connected to core topic /rosout
[rospy.simtime][INFO] 2019-06-13 08:30:39,738: initializing /clock core topic
[rospy.simtime][INFO] 2019-06-13 08:30:39,740: connected to core topic /clock
[rosout][INFO] 2019-06-13 08:30:39,744: Loading model XML from ros parameter
[rosout][INFO] 2019-06-13 08:30:39,745: Waiting for service /gazebo/spawn_urdf_model
[rosout][INFO] 2019-06-13 08:30:39,747: Calling service /gazebo/spawn_urdf_model
[rospy.internal][INFO] 2019-06-13 08:30:39,751: topic[/clock] adding connection to [http://dc5b429f784e:36331/], count 0
[rosout][INFO] 2019-06-13 08:30:39,903: Spawn status: SpawnModel: Successfully spawned entity
[rospy.core][INFO] 2019-06-13 08:30:39,904: signal_shutdown [atexit]
[rospy.internal][INFO] 2019-06-13 08:30:39,907: topic[/clock] removing connection to http://dc5b429f784e:36331/
[rospy.impl.masterslave][INFO] 2019-06-13 08:30:39,908: atexit
