[rosmaster.main][INFO] 2019-07-02 13:58:35,999: initialization complete, waiting for shutdown
[rosmaster.main][INFO] 2019-07-02 13:58:36,000: Starting ROS Master Node
[xmlrpc][INFO] 2019-07-02 13:58:36,000: XML-RPC server binding to 0.0.0.0:11311
[xmlrpc][INFO] 2019-07-02 13:58:36,001: Started XML-RPC server [http://f6566a55c2b3:11311/]
[xmlrpc][INFO] 2019-07-02 13:58:36,001: xml rpc node: starting XML-RPC server
[rosmaster.master][INFO] 2019-07-02 13:58:36,001: Master initialized: port[11311], uri[http://f6566a55c2b3:11311/]
[rosmaster.master][INFO] 2019-07-02 13:58:36,039: +PARAM [/run_id] by /roslaunch
[rosmaster.master][INFO] 2019-07-02 13:58:36,042: +PARAM [/roslaunch/uris/host_f6566a55c2b3__46425] by /roslaunch
[rosmaster.master][INFO] 2019-07-02 13:58:36,384: +PARAM [/rosversion] by /roslaunch
[rosmaster.master][INFO] 2019-07-02 13:58:36,384: +PARAM [/use_gui] by /roslaunch
[rosmaster.master][INFO] 2019-07-02 13:58:36,384: +PARAM [/rosdistro] by /roslaunch
[rosmaster.master][INFO] 2019-07-02 13:58:36,384: +PARAM [/robot_description] by /roslaunch
[rosmaster.master][INFO] 2019-07-02 13:58:36,388: +SERVICE [/rosout/get_loggers] /rosout http://f6566a55c2b3:39249/
[rosmaster.master][INFO] 2019-07-02 13:58:36,389: +SERVICE [/rosout/set_logger_level] /rosout http://f6566a55c2b3:39249/
[rosmaster.master][INFO] 2019-07-02 13:58:36,391: +PUB [/rosout_agg] /rosout http://f6566a55c2b3:39249/
[rosmaster.master][INFO] 2019-07-02 13:58:36,396: +SUB [/rosout] /rosout http://f6566a55c2b3:39249/
[rosmaster.master][INFO] 2019-07-02 13:58:36,922: +PUB [/rosout] /robot_state_publisher http://f6566a55c2b3:33505/
[rosmaster.master][INFO] 2019-07-02 13:58:36,923: +SERVICE [/robot_state_publisher/get_loggers] /robot_state_publisher http://f6566a55c2b3:33505/
[rosmaster.master][INFO] 2019-07-02 13:58:36,923: +SERVICE [/robot_state_publisher/set_logger_level] /robot_state_publisher http://f6566a55c2b3:33505/
[rosmaster.master][INFO] 2019-07-02 13:58:36,929: +PUB [/tf] /robot_state_publisher http://f6566a55c2b3:33505/
[rosmaster.master][INFO] 2019-07-02 13:58:36,929: +PUB [/tf_static] /robot_state_publisher http://f6566a55c2b3:33505/
[rosmaster.master][INFO] 2019-07-02 13:58:36,939: +SUB [/joint_states] /robot_state_publisher http://f6566a55c2b3:33505/
[rosmaster.master][INFO] 2019-07-02 13:58:36,974: +PUB [/rosout] /joint_state_publisher http://f6566a55c2b3:44491/
[rosmaster.master][INFO] 2019-07-02 13:58:36,977: +SERVICE [/joint_state_publisher/get_loggers] /joint_state_publisher http://f6566a55c2b3:44491/
[rosmaster.master][INFO] 2019-07-02 13:58:36,979: +SERVICE [/joint_state_publisher/set_logger_level] /joint_state_publisher http://f6566a55c2b3:44491/
[rosmaster.master][INFO] 2019-07-02 13:58:37,002: publisherUpdate[/rosout] -> http://f6566a55c2b3:39249/ ['http://f6566a55c2b3:33505/']
[rosmaster.master][INFO] 2019-07-02 13:58:37,005: publisherUpdate[/rosout] -> http://f6566a55c2b3:39249/ ['http://f6566a55c2b3:33505/']: sec=0.00, result=[1, '', 0]
[rosmaster.master][INFO] 2019-07-02 13:58:37,005: publisherUpdate[/rosout] -> http://f6566a55c2b3:39249/ ['http://f6566a55c2b3:33505/', 'http://f6566a55c2b3:44491/']
[rosmaster.master][INFO] 2019-07-02 13:58:37,005: publisherUpdate[/rosout] -> http://f6566a55c2b3:39249/ ['http://f6566a55c2b3:33505/', 'http://f6566a55c2b3:44491/']: sec=0.00, result=[1, '', 0]
[rosmaster.master][INFO] 2019-07-02 13:58:37,016: +PUB [/joint_states] /joint_state_publisher http://f6566a55c2b3:44491/
[rosmaster.master][INFO] 2019-07-02 13:58:37,103: publisherUpdate[/joint_states] -> http://f6566a55c2b3:33505/ ['http://f6566a55c2b3:44491/']
[rosmaster.master][INFO] 2019-07-02 13:58:37,104: publisherUpdate[/joint_states] -> http://f6566a55c2b3:33505/ ['http://f6566a55c2b3:44491/']: sec=0.00, result=[1, '', 0]
[rosmaster.master][INFO] 2019-07-02 13:58:37,279: +PUB [/rosout] /rviz http://f6566a55c2b3:41429/
[rosmaster.master][INFO] 2019-07-02 13:58:37,280: +SERVICE [/rviz/get_loggers] /rviz http://f6566a55c2b3:41429/
[rosmaster.master][INFO] 2019-07-02 13:58:37,280: +SERVICE [/rviz/set_logger_level] /rviz http://f6566a55c2b3:41429/
[rosmaster.master][INFO] 2019-07-02 13:58:37,303: publisherUpdate[/rosout] -> http://f6566a55c2b3:39249/ ['http://f6566a55c2b3:33505/', 'http://f6566a55c2b3:44491/', 'http://f6566a55c2b3:41429/']
[rosmaster.master][INFO] 2019-07-02 13:58:37,305: publisherUpdate[/rosout] -> http://f6566a55c2b3:39249/ ['http://f6566a55c2b3:33505/', 'http://f6566a55c2b3:44491/', 'http://f6566a55c2b3:41429/']: sec=0.00, result=[1, '', 0]
[rosmaster.master][INFO] 2019-07-02 13:58:37,403: +SUB [/tf] /rviz http://f6566a55c2b3:41429/
[rosmaster.master][INFO] 2019-07-02 13:58:37,408: +SUB [/tf_static] /rviz http://f6566a55c2b3:41429/
[rosmaster.master][INFO] 2019-07-02 13:58:37,435: +PUB [/initialpose] /rviz http://f6566a55c2b3:41429/
[rosmaster.master][INFO] 2019-07-02 13:58:37,437: +PUB [/goal] /rviz http://f6566a55c2b3:41429/
[rosmaster.master][INFO] 2019-07-02 13:58:37,441: -PUB [/goal] /rviz http://f6566a55c2b3:41429/
[rosmaster.master][INFO] 2019-07-02 13:58:37,442: -PUB [/initialpose] /rviz http://f6566a55c2b3:41429/
[rosmaster.master][INFO] 2019-07-02 13:58:37,446: +PUB [/initialpose] /rviz http://f6566a55c2b3:41429/
[rosmaster.master][INFO] 2019-07-02 13:58:37,447: +PUB [/goal] /rviz http://f6566a55c2b3:41429/
[rosmaster.master][INFO] 2019-07-02 13:58:37,448: +PUB [/move_base_simple/goal] /rviz http://f6566a55c2b3:41429/
[rosmaster.master][INFO] 2019-07-02 13:58:37,449: -PUB [/goal] /rviz http://f6566a55c2b3:41429/
[rosmaster.master][INFO] 2019-07-02 13:58:37,450: +PUB [/clicked_point] /rviz http://f6566a55c2b3:41429/
[rosmaster.master][INFO] 2019-07-02 13:58:37,476: +SERVICE [/rviz/reload_shaders] /rviz http://f6566a55c2b3:41429/
[rosmaster.master][INFO] 2019-07-02 14:34:08,780: +PARAM [/roslaunch/uris/host_f6566a55c2b3__41327] by /roslaunch
[rosmaster.master][INFO] 2019-07-02 14:34:08,784: +PARAM [/rosversion] by /roslaunch
[rosmaster.master][INFO] 2019-07-02 14:34:08,784: +PARAM [/use_sim_time] by /roslaunch
[rosmaster.master][INFO] 2019-07-02 14:34:08,784: +PARAM [/rosdistro] by /roslaunch
[rosmaster.master][INFO] 2019-07-02 14:34:08,785: +PARAM [/robot_description] by /roslaunch
[rosmaster.master][INFO] 2019-07-02 14:34:09,397: +PUB [/rosout] /gazebo http://f6566a55c2b3:34745/
[rosmaster.master][INFO] 2019-07-02 14:34:09,398: +SERVICE [/gazebo/get_loggers] /gazebo http://f6566a55c2b3:34745/
[rosmaster.master][INFO] 2019-07-02 14:34:09,399: +SERVICE [/gazebo/set_logger_level] /gazebo http://f6566a55c2b3:34745/
[rosmaster.master][INFO] 2019-07-02 14:34:09,405: +SUB [/clock] /gazebo http://f6566a55c2b3:34745/
[rosmaster.master][INFO] 2019-07-02 14:34:09,423: publisherUpdate[/rosout] -> http://f6566a55c2b3:39249/ ['http://f6566a55c2b3:33505/', 'http://f6566a55c2b3:44491/', 'http://f6566a55c2b3:41429/', 'http://f6566a55c2b3:34745/']
[rosmaster.master][INFO] 2019-07-02 14:34:09,424: publisherUpdate[/rosout] -> http://f6566a55c2b3:39249/ ['http://f6566a55c2b3:33505/', 'http://f6566a55c2b3:44491/', 'http://f6566a55c2b3:41429/', 'http://f6566a55c2b3:34745/']: sec=0.00, result=[1, '', 0]
[rosmaster.master][INFO] 2019-07-02 14:34:09,755: +PUB [/rosout] /gazebo_gui http://f6566a55c2b3:41999/
[rosmaster.master][INFO] 2019-07-02 14:34:09,756: +SERVICE [/gazebo_gui/get_loggers] /gazebo_gui http://f6566a55c2b3:41999/
[rosmaster.master][INFO] 2019-07-02 14:34:09,757: +SERVICE [/gazebo_gui/set_logger_level] /gazebo_gui http://f6566a55c2b3:41999/
[rosmaster.master][INFO] 2019-07-02 14:34:09,766: +SUB [/clock] /gazebo_gui http://f6566a55c2b3:41999/
[rosmaster.master][INFO] 2019-07-02 14:34:09,783: publisherUpdate[/rosout] -> http://f6566a55c2b3:39249/ ['http://f6566a55c2b3:33505/', 'http://f6566a55c2b3:44491/', 'http://f6566a55c2b3:41429/', 'http://f6566a55c2b3:34745/', 'http://f6566a55c2b3:41999/']
[rosmaster.master][INFO] 2019-07-02 14:34:09,784: publisherUpdate[/rosout] -> http://f6566a55c2b3:39249/ ['http://f6566a55c2b3:33505/', 'http://f6566a55c2b3:44491/', 'http://f6566a55c2b3:41429/', 'http://f6566a55c2b3:34745/', 'http://f6566a55c2b3:41999/']: sec=0.00, result=[1, '', 0]
[rosmaster.master][INFO] 2019-07-02 14:34:09,870: +PUB [/clock] /gazebo http://f6566a55c2b3:34745/
[rosmaster.master][INFO] 2019-07-02 14:34:09,872: +SERVICE [/gazebo/spawn_sdf_model] /gazebo http://f6566a55c2b3:34745/
[rosmaster.master][INFO] 2019-07-02 14:34:09,873: +SERVICE [/gazebo/spawn_urdf_model] /gazebo http://f6566a55c2b3:34745/
[rosmaster.master][INFO] 2019-07-02 14:34:09,874: +SERVICE [/gazebo/delete_model] /gazebo http://f6566a55c2b3:34745/
[rosmaster.master][INFO] 2019-07-02 14:34:09,875: +SERVICE [/gazebo/delete_light] /gazebo http://f6566a55c2b3:34745/
[rosmaster.master][INFO] 2019-07-02 14:34:09,876: +SERVICE [/gazebo/get_model_properties] /gazebo http://f6566a55c2b3:34745/
[rosmaster.master][INFO] 2019-07-02 14:34:09,877: +SERVICE [/gazebo/get_model_state] /gazebo http://f6566a55c2b3:34745/
[rosmaster.master][INFO] 2019-07-02 14:34:09,879: +SERVICE [/gazebo/get_world_properties] /gazebo http://f6566a55c2b3:34745/
[rosmaster.master][INFO] 2019-07-02 14:34:09,880: +SERVICE [/gazebo/get_joint_properties] /gazebo http://f6566a55c2b3:34745/
[rosmaster.master][INFO] 2019-07-02 14:34:09,881: +SERVICE [/gazebo/get_link_properties] /gazebo http://f6566a55c2b3:34745/
[rosmaster.master][INFO] 2019-07-02 14:34:09,883: +SERVICE [/gazebo/get_link_state] /gazebo http://f6566a55c2b3:34745/
[rosmaster.master][INFO] 2019-07-02 14:34:09,884: +SERVICE [/gazebo/get_light_properties] /gazebo http://f6566a55c2b3:34745/
[rosmaster.master][INFO] 2019-07-02 14:34:09,884: publisherUpdate[/clock] -> http://f6566a55c2b3:34745/ ['http://f6566a55c2b3:34745/']
[rosmaster.master][INFO] 2019-07-02 14:34:09,885: publisherUpdate[/clock] -> http://f6566a55c2b3:41999/ ['http://f6566a55c2b3:34745/']
[rosmaster.master][INFO] 2019-07-02 14:34:09,887: publisherUpdate[/clock] -> http://f6566a55c2b3:41999/ ['http://f6566a55c2b3:34745/']: sec=0.00, result=[1, '', 0]
[rosmaster.master][INFO] 2019-07-02 14:34:09,887: publisherUpdate[/clock] -> http://f6566a55c2b3:34745/ ['http://f6566a55c2b3:34745/']: sec=0.00, result=[1, '', 0]
[rosmaster.master][INFO] 2019-07-02 14:34:09,888: +SERVICE [/gazebo/set_light_properties] /gazebo http://f6566a55c2b3:34745/
[rosmaster.master][INFO] 2019-07-02 14:34:09,890: +SERVICE [/gazebo/get_physics_properties] /gazebo http://f6566a55c2b3:34745/
[rosmaster.master][INFO] 2019-07-02 14:34:09,891: +PUB [/gazebo/link_states] /gazebo http://f6566a55c2b3:34745/
[rosmaster.master][INFO] 2019-07-02 14:34:09,892: +PUB [/gazebo/model_states] /gazebo http://f6566a55c2b3:34745/
[rosmaster.master][INFO] 2019-07-02 14:34:09,893: +SERVICE [/gazebo/set_link_properties] /gazebo http://f6566a55c2b3:34745/
[rosmaster.master][INFO] 2019-07-02 14:34:09,895: +SERVICE [/gazebo/set_physics_properties] /gazebo http://f6566a55c2b3:34745/
[rosmaster.master][INFO] 2019-07-02 14:34:09,896: +SERVICE [/gazebo/set_model_state] /gazebo http://f6566a55c2b3:34745/
[rosmaster.master][INFO] 2019-07-02 14:34:09,897: +SERVICE [/gazebo/set_model_configuration] /gazebo http://f6566a55c2b3:34745/
[rosmaster.master][INFO] 2019-07-02 14:34:09,898: +SERVICE [/gazebo/set_joint_properties] /gazebo http://f6566a55c2b3:34745/
[rosmaster.master][INFO] 2019-07-02 14:34:09,899: +SERVICE [/gazebo/set_link_state] /gazebo http://f6566a55c2b3:34745/
[rosmaster.master][INFO] 2019-07-02 14:34:09,905: +SUB [/gazebo/set_link_state] /gazebo http://f6566a55c2b3:34745/
[rosmaster.master][INFO] 2019-07-02 14:34:09,912: +SUB [/gazebo/set_model_state] /gazebo http://f6566a55c2b3:34745/
[rosmaster.master][INFO] 2019-07-02 14:34:09,914: +SERVICE [/gazebo/pause_physics] /gazebo http://f6566a55c2b3:34745/
[rosmaster.master][INFO] 2019-07-02 14:34:09,915: +SERVICE [/gazebo/unpause_physics] /gazebo http://f6566a55c2b3:34745/
[rosmaster.master][INFO] 2019-07-02 14:34:09,917: +SERVICE [/gazebo/apply_body_wrench] /gazebo http://f6566a55c2b3:34745/
[rosmaster.master][INFO] 2019-07-02 14:34:09,918: +SERVICE [/gazebo/apply_joint_effort] /gazebo http://f6566a55c2b3:34745/
[rosmaster.master][INFO] 2019-07-02 14:34:09,919: +SERVICE [/gazebo/clear_joint_forces] /gazebo http://f6566a55c2b3:34745/
[rosmaster.master][INFO] 2019-07-02 14:34:09,920: +SERVICE [/gazebo/clear_body_wrenches] /gazebo http://f6566a55c2b3:34745/
[rosmaster.master][INFO] 2019-07-02 14:34:09,921: +SERVICE [/gazebo/reset_simulation] /gazebo http://f6566a55c2b3:34745/
[rosmaster.master][INFO] 2019-07-02 14:34:09,922: +SERVICE [/gazebo/reset_world] /gazebo http://f6566a55c2b3:34745/
[rosmaster.master][INFO] 2019-07-02 14:34:10,482: +PUB [/rosout] /urdf_spawner http://f6566a55c2b3:45415/
[rosmaster.master][INFO] 2019-07-02 14:34:10,488: publisherUpdate[/rosout] -> http://f6566a55c2b3:39249/ ['http://f6566a55c2b3:33505/', 'http://f6566a55c2b3:44491/', 'http://f6566a55c2b3:41429/', 'http://f6566a55c2b3:34745/', 'http://f6566a55c2b3:41999/', 'http://f6566a55c2b3:45415/']
[rosmaster.master][INFO] 2019-07-02 14:34:10,489: publisherUpdate[/rosout] -> http://f6566a55c2b3:39249/ ['http://f6566a55c2b3:33505/', 'http://f6566a55c2b3:44491/', 'http://f6566a55c2b3:41429/', 'http://f6566a55c2b3:34745/', 'http://f6566a55c2b3:41999/', 'http://f6566a55c2b3:45415/']: sec=0.00, result=[1, '', 0]
[rosmaster.master][INFO] 2019-07-02 14:34:10,495: +SUB [/clock] /urdf_spawner http://f6566a55c2b3:45415/
[rosmaster.master][INFO] 2019-07-02 14:34:10,498: +SERVICE [/urdf_spawner/get_loggers] /urdf_spawner http://f6566a55c2b3:45415/
[rosmaster.master][INFO] 2019-07-02 14:34:10,500: +SERVICE [/urdf_spawner/set_logger_level] /urdf_spawner http://f6566a55c2b3:45415/
[rosmaster.master][ERROR] 2019-07-02 14:34:10,778: Traceback (most recent call last):
  File "/opt/ros/kinetic/lib/python2.7/dist-packages/rosmaster/master_api.py", line 177, in validated_f
    code, msg, val = f(*newArgs, **kwds)
  File "/opt/ros/kinetic/lib/python2.7/dist-packages/rosmaster/master_api.py", line 435, in searchParam
    search_key = self.param_server.search_param(caller_id, key)
  File "/opt/ros/kinetic/lib/python2.7/dist-packages/rosmaster/paramserver.py", line 116, in search_param
    raise ValueError("namespace must be global")
ValueError: namespace must be global

[rosmaster.master][INFO] 2019-07-02 14:34:10,780: +PUB [/p3dx/laser/scan] /gazebo http://f6566a55c2b3:34745/
[rosmaster.master][INFO] 2019-07-02 14:34:10,786: -SUB [/clock] /urdf_spawner http://f6566a55c2b3:45415/
[rosmaster.master][INFO] 2019-07-02 14:34:10,786: -PUB [/rosout] /urdf_spawner http://f6566a55c2b3:45415/
[rosmaster.master][INFO] 2019-07-02 14:34:10,786: -SERVICE [/urdf_spawner/set_logger_level] /urdf_spawner rosrpc://f6566a55c2b3:42655
[rosmaster.master][INFO] 2019-07-02 14:34:10,786: -SERVICE [/urdf_spawner/get_loggers] /urdf_spawner rosrpc://f6566a55c2b3:42655
[rosmaster.master][INFO] 2019-07-02 14:34:10,790: publisherUpdate[/rosout] -> http://f6566a55c2b3:39249/ ['http://f6566a55c2b3:33505/', 'http://f6566a55c2b3:44491/', 'http://f6566a55c2b3:41429/', 'http://f6566a55c2b3:34745/', 'http://f6566a55c2b3:41999/']
[rosmaster.master][INFO] 2019-07-02 14:34:10,790: publisherUpdate[/rosout] -> http://f6566a55c2b3:39249/ ['http://f6566a55c2b3:33505/', 'http://f6566a55c2b3:44491/', 'http://f6566a55c2b3:41429/', 'http://f6566a55c2b3:34745/', 'http://f6566a55c2b3:41999/']: sec=0.00, result=[1, '', 0]
[rosmaster.master][INFO] 2019-07-02 14:34:10,923: +SERVICE [/p3dx/controller_manager/list_controllers] /gazebo http://f6566a55c2b3:34745/
[rosmaster.master][INFO] 2019-07-02 14:34:10,924: +SERVICE [/p3dx/controller_manager/list_controller_types] /gazebo http://f6566a55c2b3:34745/
[rosmaster.master][INFO] 2019-07-02 14:34:10,926: +SERVICE [/p3dx/controller_manager/load_controller] /gazebo http://f6566a55c2b3:34745/
[rosmaster.master][INFO] 2019-07-02 14:34:10,928: +SERVICE [/p3dx/controller_manager/unload_controller] /gazebo http://f6566a55c2b3:34745/
[rosmaster.master][INFO] 2019-07-02 14:34:10,930: +SERVICE [/p3dx/controller_manager/switch_controller] /gazebo http://f6566a55c2b3:34745/
[rosmaster.master][INFO] 2019-07-02 14:34:10,931: +SERVICE [/p3dx/controller_manager/reload_controller_libraries] /gazebo http://f6566a55c2b3:34745/
[rosmaster.master][ERROR] 2019-07-02 14:34:10,939: Traceback (most recent call last):
  File "/opt/ros/kinetic/lib/python2.7/dist-packages/rosmaster/master_api.py", line 177, in validated_f
    code, msg, val = f(*newArgs, **kwds)
  File "/opt/ros/kinetic/lib/python2.7/dist-packages/rosmaster/master_api.py", line 435, in searchParam
    search_key = self.param_server.search_param(caller_id, key)
  File "/opt/ros/kinetic/lib/python2.7/dist-packages/rosmaster/paramserver.py", line 116, in search_param
    raise ValueError("namespace must be global")
ValueError: namespace must be global

[rosmaster.master][INFO] 2019-07-02 14:34:10,941: +PUB [/tf] /gazebo http://f6566a55c2b3:34745/
[rosmaster.master][INFO] 2019-07-02 14:34:10,949: +SUB [/cmd_vel] /gazebo http://f6566a55c2b3:34745/
[rosmaster.master][INFO] 2019-07-02 14:34:10,950: +PUB [/odom] /gazebo http://f6566a55c2b3:34745/
[rosmaster.master][INFO] 2019-07-02 14:34:10,958: +PUB [/p3dx/base_pose_ground_truth] /gazebo http://f6566a55c2b3:34745/
[rosmaster.master][INFO] 2019-07-02 14:34:10,991: publisherUpdate[/tf] -> http://f6566a55c2b3:41429/ ['http://f6566a55c2b3:33505/', 'http://f6566a55c2b3:34745/']
[rosmaster.master][INFO] 2019-07-02 14:34:10,992: publisherUpdate[/tf] -> http://f6566a55c2b3:41429/ ['http://f6566a55c2b3:33505/', 'http://f6566a55c2b3:34745/']: sec=0.00, result=[1, '', 0]
[rosmaster.master][INFO] 2019-07-02 14:34:47,333: +PARAM [/roslaunch/uris/host_f6566a55c2b3__40155] by /roslaunch
[rosmaster.master][INFO] 2019-07-02 14:34:47,342: +PARAM [/use_sim_time] by /roslaunch
[rosmaster.master][INFO] 2019-07-02 14:34:47,342: +PARAM [/slam_gmapping/lstep] by /roslaunch
[rosmaster.master][INFO] 2019-07-02 14:34:47,342: +PARAM [/slam_gmapping/sigma] by /roslaunch
[rosmaster.master][INFO] 2019-07-02 14:34:47,342: +PARAM [/slam_gmapping/maxUrange] by /roslaunch
[rosmaster.master][INFO] 2019-07-02 14:34:47,342: +PARAM [/slam_gmapping/lasamplestep] by /roslaunch
[rosmaster.master][INFO] 2019-07-02 14:34:47,343: +PARAM [/slam_gmapping/angularUpdate] by /roslaunch
[rosmaster.master][INFO] 2019-07-02 14:34:47,343: +PARAM [/slam_gmapping/lskip] by /roslaunch
[rosmaster.master][INFO] 2019-07-02 14:34:47,343: +PARAM [/slam_gmapping/llsamplerange] by /roslaunch
[rosmaster.master][INFO] 2019-07-02 14:34:47,343: +PARAM [/slam_gmapping/llsamplestep] by /roslaunch
[rosmaster.master][INFO] 2019-07-02 14:34:47,343: +PARAM [/slam_gmapping/ogain] by /roslaunch
[rosmaster.master][INFO] 2019-07-02 14:34:47,343: +PARAM [/slam_gmapping/astep] by /roslaunch
[rosmaster.master][INFO] 2019-07-02 14:34:47,343: +PARAM [/slam_gmapping/lasamplerange] by /roslaunch
[rosmaster.master][INFO] 2019-07-02 14:34:47,344: +PARAM [/slam_gmapping/linearUpdate] by /roslaunch
[rosmaster.master][INFO] 2019-07-02 14:34:47,344: +PARAM [/slam_gmapping/temporalUpdate] by /roslaunch
[rosmaster.master][INFO] 2019-07-02 14:34:47,344: +PARAM [/slam_gmapping/map_update_interval] by /roslaunch
[rosmaster.master][INFO] 2019-07-02 14:34:47,344: +PARAM [/slam_gmapping/xmax] by /roslaunch
[rosmaster.master][INFO] 2019-07-02 14:34:47,344: +PARAM [/slam_gmapping/particles] by /roslaunch
[rosmaster.master][INFO] 2019-07-02 14:34:47,344: +PARAM [/rosdistro] by /roslaunch
[rosmaster.master][INFO] 2019-07-02 14:34:47,344: +PARAM [/slam_gmapping/xmin] by /roslaunch
[rosmaster.master][INFO] 2019-07-02 14:34:47,345: +PARAM [/slam_gmapping/delta] by /roslaunch
[rosmaster.master][INFO] 2019-07-02 14:34:47,345: +PARAM [/slam_gmapping/kernelSize] by /roslaunch
[rosmaster.master][INFO] 2019-07-02 14:34:47,345: +PARAM [/rosversion] by /roslaunch
[rosmaster.master][INFO] 2019-07-02 14:34:47,345: +PARAM [/slam_gmapping/iterations] by /roslaunch
[rosmaster.master][INFO] 2019-07-02 14:34:47,345: +PARAM [/slam_gmapping/lsigma] by /roslaunch
[rosmaster.master][INFO] 2019-07-02 14:34:47,345: +PARAM [/slam_gmapping/ymin] by /roslaunch
[rosmaster.master][INFO] 2019-07-02 14:34:47,346: +PARAM [/slam_gmapping/stt] by /roslaunch
[rosmaster.master][INFO] 2019-07-02 14:34:47,346: +PARAM [/slam_gmapping/ymax] by /roslaunch
[rosmaster.master][INFO] 2019-07-02 14:34:47,346: +PARAM [/slam_gmapping/resampleThreshold] by /roslaunch
[rosmaster.master][INFO] 2019-07-02 14:34:47,346: +PARAM [/slam_gmapping/str] by /roslaunch
[rosmaster.master][INFO] 2019-07-02 14:34:47,346: +PARAM [/slam_gmapping/srt] by /roslaunch
[rosmaster.master][INFO] 2019-07-02 14:34:47,346: +PARAM [/slam_gmapping/srr] by /roslaunch
[rosmaster.master][INFO] 2019-07-02 14:34:47,918: +PUB [/rosout] /slam_gmapping http://f6566a55c2b3:39361/
[rosmaster.master][INFO] 2019-07-02 14:34:47,919: +SERVICE [/slam_gmapping/get_loggers] /slam_gmapping http://f6566a55c2b3:39361/
[rosmaster.master][INFO] 2019-07-02 14:34:47,920: +SERVICE [/slam_gmapping/set_logger_level] /slam_gmapping http://f6566a55c2b3:39361/
[rosmaster.master][INFO] 2019-07-02 14:34:47,929: +SUB [/clock] /slam_gmapping http://f6566a55c2b3:39361/
[rosmaster.master][INFO] 2019-07-02 14:34:47,937: +SUB [/tf] /slam_gmapping http://f6566a55c2b3:39361/
[rosmaster.master][INFO] 2019-07-02 14:34:47,946: +SUB [/tf_static] /slam_gmapping http://f6566a55c2b3:39361/
[rosmaster.master][INFO] 2019-07-02 14:34:47,952: +PUB [/tf] /slam_gmapping http://f6566a55c2b3:39361/
[rosmaster.master][INFO] 2019-07-02 14:34:47,972: publisherUpdate[/rosout] -> http://f6566a55c2b3:39249/ ['http://f6566a55c2b3:33505/', 'http://f6566a55c2b3:44491/', 'http://f6566a55c2b3:41429/', 'http://f6566a55c2b3:34745/', 'http://f6566a55c2b3:41999/', 'http://f6566a55c2b3:39361/']
[rosmaster.master][INFO] 2019-07-02 14:34:47,973: publisherUpdate[/rosout] -> http://f6566a55c2b3:39249/ ['http://f6566a55c2b3:33505/', 'http://f6566a55c2b3:44491/', 'http://f6566a55c2b3:41429/', 'http://f6566a55c2b3:34745/', 'http://f6566a55c2b3:41999/', 'http://f6566a55c2b3:39361/']: sec=0.00, result=[1, '', 0]
[rosmaster.master][INFO] 2019-07-02 14:34:47,973: publisherUpdate[/tf] -> http://f6566a55c2b3:41429/ ['http://f6566a55c2b3:33505/', 'http://f6566a55c2b3:34745/', 'http://f6566a55c2b3:39361/']
[rosmaster.master][INFO] 2019-07-02 14:34:47,974: publisherUpdate[/tf] -> http://f6566a55c2b3:39361/ ['http://f6566a55c2b3:33505/', 'http://f6566a55c2b3:34745/', 'http://f6566a55c2b3:39361/']
[rosmaster.master][INFO] 2019-07-02 14:34:47,975: publisherUpdate[/tf] -> http://f6566a55c2b3:41429/ ['http://f6566a55c2b3:33505/', 'http://f6566a55c2b3:34745/', 'http://f6566a55c2b3:39361/']: sec=0.00, result=[1, '', 0]
[rosmaster.master][INFO] 2019-07-02 14:34:47,977: publisherUpdate[/tf] -> http://f6566a55c2b3:39361/ ['http://f6566a55c2b3:33505/', 'http://f6566a55c2b3:34745/', 'http://f6566a55c2b3:39361/']: sec=0.00, result=[1, '', 0]
[rosmaster.master][INFO] 2019-07-02 14:34:48,017: +PUB [/slam_gmapping/entropy] /slam_gmapping http://f6566a55c2b3:39361/
[rosmaster.master][INFO] 2019-07-02 14:34:48,019: +PUB [/map] /slam_gmapping http://f6566a55c2b3:39361/
[rosmaster.master][INFO] 2019-07-02 14:34:48,020: +PUB [/map_metadata] /slam_gmapping http://f6566a55c2b3:39361/
[rosmaster.master][INFO] 2019-07-02 14:34:48,022: +SERVICE [/dynamic_map] /slam_gmapping http://f6566a55c2b3:39361/
[rosmaster.master][INFO] 2019-07-02 14:34:48,039: +SUB [/p3dx/laser/scan] /slam_gmapping http://f6566a55c2b3:39361/
[rosmaster.master][INFO] 2019-07-02 14:34:57,137: +SERVICE [/gazebo_gui/set_parameters] /gazebo_gui http://f6566a55c2b3:41999/
[rosmaster.master][INFO] 2019-07-02 14:34:57,139: +PUB [/gazebo_gui/parameter_descriptions] /gazebo_gui http://f6566a55c2b3:41999/
[rosmaster.master][INFO] 2019-07-02 14:34:57,140: +SERVICE [/gazebo/set_parameters] /gazebo http://f6566a55c2b3:34745/
[rosmaster.master][INFO] 2019-07-02 14:34:57,142: +PUB [/gazebo_gui/parameter_updates] /gazebo_gui http://f6566a55c2b3:41999/
[rosmaster.master][INFO] 2019-07-02 14:34:57,145: +PUB [/gazebo/parameter_descriptions] /gazebo http://f6566a55c2b3:34745/
[rosmaster.master][INFO] 2019-07-02 14:34:57,152: +PUB [/gazebo/parameter_updates] /gazebo http://f6566a55c2b3:34745/
[rosmaster.master][INFO] 2019-07-02 14:34:57,218: +PARAM [/gazebo_gui/time_step] by /gazebo_gui
[rosmaster.master][INFO] 2019-07-02 14:34:57,220: +PARAM [/gazebo/time_step] by /gazebo
[rosmaster.master][INFO] 2019-07-02 14:34:57,226: +PARAM [/gazebo_gui/max_update_rate] by /gazebo_gui
[rosmaster.master][INFO] 2019-07-02 14:34:57,227: +PARAM [/gazebo/max_update_rate] by /gazebo
[rosmaster.master][INFO] 2019-07-02 14:34:57,229: +PARAM [/gazebo_gui/gravity_x] by /gazebo_gui
[rosmaster.master][INFO] 2019-07-02 14:34:57,231: +PARAM [/gazebo/gravity_x] by /gazebo
[rosmaster.master][INFO] 2019-07-02 14:34:57,233: +PARAM [/gazebo_gui/gravity_y] by /gazebo_gui
[rosmaster.master][INFO] 2019-07-02 14:34:57,236: +PARAM [/gazebo_gui/gravity_z] by /gazebo_gui
[rosmaster.master][INFO] 2019-07-02 14:34:57,235: +PARAM [/gazebo/gravity_y] by /gazebo
[rosmaster.master][INFO] 2019-07-02 14:34:57,239: +PARAM [/gazebo_gui/auto_disable_bodies] by /gazebo_gui
[rosmaster.master][INFO] 2019-07-02 14:34:57,241: +PARAM [/gazebo_gui/sor_pgs_precon_iters] by /gazebo_gui
[rosmaster.master][INFO] 2019-07-02 14:34:57,242: +PARAM [/gazebo/gravity_z] by /gazebo
[rosmaster.master][INFO] 2019-07-02 14:34:57,244: +PARAM [/gazebo_gui/sor_pgs_iters] by /gazebo_gui
[rosmaster.master][INFO] 2019-07-02 14:34:57,245: +PARAM [/gazebo/auto_disable_bodies] by /gazebo
[rosmaster.master][INFO] 2019-07-02 14:34:57,247: +PARAM [/gazebo_gui/sor_pgs_w] by /gazebo_gui
[rosmaster.master][INFO] 2019-07-02 14:34:57,249: +PARAM [/gazebo/sor_pgs_precon_iters] by /gazebo
[rosmaster.master][INFO] 2019-07-02 14:34:57,251: +PARAM [/gazebo_gui/sor_pgs_rms_error_tol] by /gazebo_gui
[rosmaster.master][INFO] 2019-07-02 14:34:57,261: +PARAM [/gazebo/sor_pgs_iters] by /gazebo
[rosmaster.master][INFO] 2019-07-02 14:34:57,263: +PARAM [/gazebo_gui/cfm] by /gazebo_gui
[rosmaster.master][INFO] 2019-07-02 14:34:57,265: +PARAM [/gazebo_gui/erp] by /gazebo_gui
[rosmaster.master][INFO] 2019-07-02 14:34:57,284: +PARAM [/gazebo_gui/contact_surface_layer] by /gazebo_gui
[rosmaster.master][INFO] 2019-07-02 14:34:57,285: +PARAM [/gazebo/sor_pgs_w] by /gazebo
[rosmaster.master][INFO] 2019-07-02 14:34:57,295: +PARAM [/gazebo_gui/contact_max_correcting_vel] by /gazebo_gui
[rosmaster.master][INFO] 2019-07-02 14:34:57,300: +PARAM [/gazebo/sor_pgs_rms_error_tol] by /gazebo
[rosmaster.master][INFO] 2019-07-02 14:34:57,302: +PARAM [/gazebo_gui/max_contacts] by /gazebo_gui
[rosmaster.master][INFO] 2019-07-02 14:34:57,303: +PARAM [/gazebo/cfm] by /gazebo
[rosmaster.master][INFO] 2019-07-02 14:34:57,308: +PARAM [/gazebo/erp] by /gazebo
[rosmaster.master][INFO] 2019-07-02 14:34:57,309: +PARAM [/gazebo/contact_surface_layer] by /gazebo
[rosmaster.master][INFO] 2019-07-02 14:34:57,310: +PARAM [/gazebo/contact_max_correcting_vel] by /gazebo
[rosmaster.master][INFO] 2019-07-02 14:34:57,335: +PARAM [/gazebo_gui/time_step] by /gazebo_gui
[rosmaster.master][INFO] 2019-07-02 14:34:57,337: +PARAM [/gazebo_gui/max_update_rate] by /gazebo_gui
[rosmaster.master][INFO] 2019-07-02 14:34:57,338: +PARAM [/gazebo_gui/gravity_x] by /gazebo_gui
[rosmaster.master][INFO] 2019-07-02 14:34:57,344: +PARAM [/gazebo/max_contacts] by /gazebo
[rosmaster.master][INFO] 2019-07-02 14:34:57,344: +PARAM [/gazebo_gui/gravity_y] by /gazebo_gui
[rosmaster.master][INFO] 2019-07-02 14:34:57,355: +PARAM [/gazebo_gui/gravity_z] by /gazebo_gui
[rosmaster.master][INFO] 2019-07-02 14:34:57,357: +PARAM [/gazebo_gui/auto_disable_bodies] by /gazebo_gui
[rosmaster.master][INFO] 2019-07-02 14:34:57,359: +PARAM [/gazebo/time_step] by /gazebo
[rosmaster.master][INFO] 2019-07-02 14:34:57,361: +PARAM [/gazebo_gui/sor_pgs_precon_iters] by /gazebo_gui
[rosmaster.master][INFO] 2019-07-02 14:34:57,363: +PARAM [/gazebo/max_update_rate] by /gazebo
[rosmaster.master][INFO] 2019-07-02 14:34:57,365: +PARAM [/gazebo_gui/sor_pgs_iters] by /gazebo_gui
[rosmaster.master][INFO] 2019-07-02 14:34:57,366: +PARAM [/gazebo/gravity_x] by /gazebo
[rosmaster.master][INFO] 2019-07-02 14:34:57,369: +PARAM [/gazebo_gui/sor_pgs_w] by /gazebo_gui
[rosmaster.master][INFO] 2019-07-02 14:34:57,371: +PARAM [/gazebo_gui/sor_pgs_rms_error_tol] by /gazebo_gui
[rosmaster.master][INFO] 2019-07-02 14:34:57,373: +PARAM [/gazebo_gui/cfm] by /gazebo_gui
[rosmaster.master][INFO] 2019-07-02 14:34:57,374: +PARAM [/gazebo/gravity_y] by /gazebo
[rosmaster.master][INFO] 2019-07-02 14:34:57,375: +PARAM [/gazebo/gravity_z] by /gazebo
[rosmaster.master][INFO] 2019-07-02 14:34:57,378: +PARAM [/gazebo_gui/erp] by /gazebo_gui
[rosmaster.master][INFO] 2019-07-02 14:34:57,379: +PARAM [/gazebo/auto_disable_bodies] by /gazebo
[rosmaster.master][INFO] 2019-07-02 14:34:57,381: +PARAM [/gazebo/sor_pgs_precon_iters] by /gazebo
[rosmaster.master][INFO] 2019-07-02 14:34:57,383: +PARAM [/gazebo/sor_pgs_iters] by /gazebo
[rosmaster.master][INFO] 2019-07-02 14:34:57,384: +PARAM [/gazebo/sor_pgs_w] by /gazebo
[rosmaster.master][INFO] 2019-07-02 14:34:57,385: +PARAM [/gazebo/sor_pgs_rms_error_tol] by /gazebo
[rosmaster.master][INFO] 2019-07-02 14:34:57,386: +PARAM [/gazebo/cfm] by /gazebo
[rosmaster.master][INFO] 2019-07-02 14:34:57,387: +PARAM [/gazebo/erp] by /gazebo
[rosmaster.master][INFO] 2019-07-02 14:34:57,388: +PARAM [/gazebo/contact_surface_layer] by /gazebo
[rosmaster.master][INFO] 2019-07-02 14:34:57,390: +PARAM [/gazebo_gui/contact_surface_layer] by /gazebo_gui
[rosmaster.master][INFO] 2019-07-02 14:34:57,391: +PARAM [/gazebo/contact_max_correcting_vel] by /gazebo
[rosmaster.master][INFO] 2019-07-02 14:34:57,393: +PARAM [/gazebo/max_contacts] by /gazebo
[rosmaster.master][INFO] 2019-07-02 14:34:57,395: +PARAM [/gazebo_gui/contact_max_correcting_vel] by /gazebo_gui
[rosmaster.master][INFO] 2019-07-02 14:34:57,397: +PARAM [/gazebo_gui/max_contacts] by /gazebo_gui
[rosmaster.master][INFO] 2019-07-02 14:35:21,305: +SUB [/map] /rviz http://f6566a55c2b3:41429/
[rosmaster.master][INFO] 2019-07-02 14:35:21,321: +SUB [/map_updates] /rviz http://f6566a55c2b3:41429/
[rosmaster.master][INFO] 2019-07-02 14:35:29,397: +SUB [/p3dx/laser/scan] /rviz http://f6566a55c2b3:41429/
[rosmaster.master][INFO] 2019-07-02 14:35:46,135: +PUB [/cmd_vel] /teleop_twist_keyboard http://f6566a55c2b3:44631/
[rosmaster.master][INFO] 2019-07-02 14:35:46,143: publisherUpdate[/cmd_vel] -> http://f6566a55c2b3:34745/ ['http://f6566a55c2b3:44631/']
[rosmaster.master][INFO] 2019-07-02 14:35:46,145: publisherUpdate[/cmd_vel] -> http://f6566a55c2b3:34745/ ['http://f6566a55c2b3:44631/']: sec=0.00, result=[1, '', 0]
[rosmaster.master][INFO] 2019-07-02 14:35:46,240: +PUB [/rosout] /teleop_twist_keyboard http://f6566a55c2b3:44631/
[rosmaster.master][INFO] 2019-07-02 14:35:46,245: publisherUpdate[/rosout] -> http://f6566a55c2b3:39249/ ['http://f6566a55c2b3:33505/', 'http://f6566a55c2b3:44491/', 'http://f6566a55c2b3:41429/', 'http://f6566a55c2b3:34745/', 'http://f6566a55c2b3:41999/', 'http://f6566a55c2b3:39361/', 'http://f6566a55c2b3:44631/']
[rosmaster.master][INFO] 2019-07-02 14:35:46,246: publisherUpdate[/rosout] -> http://f6566a55c2b3:39249/ ['http://f6566a55c2b3:33505/', 'http://f6566a55c2b3:44491/', 'http://f6566a55c2b3:41429/', 'http://f6566a55c2b3:34745/', 'http://f6566a55c2b3:41999/', 'http://f6566a55c2b3:39361/', 'http://f6566a55c2b3:44631/']: sec=0.00, result=[1, '', 0]
[rosmaster.master][INFO] 2019-07-02 14:35:46,263: +SUB [/clock] /teleop_twist_keyboard http://f6566a55c2b3:44631/
[rosmaster.master][INFO] 2019-07-02 14:35:46,266: +SERVICE [/teleop_twist_keyboard/get_loggers] /teleop_twist_keyboard http://f6566a55c2b3:44631/
[rosmaster.master][INFO] 2019-07-02 14:35:46,268: +SERVICE [/teleop_twist_keyboard/set_logger_level] /teleop_twist_keyboard http://f6566a55c2b3:44631/
[rosmaster.master][INFO] 2019-07-02 14:37:28,299: -SUB [/p3dx/laser/scan] /rviz http://f6566a55c2b3:41429/
[rosmaster.master][INFO] 2019-07-02 14:37:28,302: -SUB [/map] /rviz http://f6566a55c2b3:41429/
[rosmaster.master][INFO] 2019-07-02 14:37:28,304: -SUB [/map_updates] /rviz http://f6566a55c2b3:41429/
[rosmaster.master][INFO] 2019-07-02 14:37:28,307: -PUB [/clicked_point] /rviz http://f6566a55c2b3:41429/
[rosmaster.master][INFO] 2019-07-02 14:37:28,309: -PUB [/move_base_simple/goal] /rviz http://f6566a55c2b3:41429/
[rosmaster.master][INFO] 2019-07-02 14:37:28,311: -PUB [/initialpose] /rviz http://f6566a55c2b3:41429/
[rosmaster.master][INFO] 2019-07-02 14:37:28,320: -SUB [/tf_static] /rviz http://f6566a55c2b3:41429/
[rosmaster.master][INFO] 2019-07-02 14:37:28,323: -SUB [/tf] /rviz http://f6566a55c2b3:41429/
[rosmaster.master][INFO] 2019-07-02 14:37:28,343: -SERVICE [/rviz/reload_shaders] /rviz rosrpc://f6566a55c2b3:41991
[rosmaster.master][INFO] 2019-07-02 14:37:28,564: -PUB [/rosout] /rviz http://f6566a55c2b3:41429/
[rosmaster.master][INFO] 2019-07-02 14:37:28,566: -SERVICE [/rviz/get_loggers] /rviz rosrpc://f6566a55c2b3:41991
[rosmaster.master][INFO] 2019-07-02 14:37:28,567: -SERVICE [/rviz/set_logger_level] /rviz rosrpc://f6566a55c2b3:41991
[rosmaster.master][INFO] 2019-07-02 14:37:28,578: publisherUpdate[/rosout] -> http://f6566a55c2b3:39249/ ['http://f6566a55c2b3:33505/', 'http://f6566a55c2b3:44491/', 'http://f6566a55c2b3:34745/', 'http://f6566a55c2b3:41999/', 'http://f6566a55c2b3:39361/', 'http://f6566a55c2b3:44631/']
[rosmaster.master][INFO] 2019-07-02 14:37:28,579: publisherUpdate[/rosout] -> http://f6566a55c2b3:39249/ ['http://f6566a55c2b3:33505/', 'http://f6566a55c2b3:44491/', 'http://f6566a55c2b3:34745/', 'http://f6566a55c2b3:41999/', 'http://f6566a55c2b3:39361/', 'http://f6566a55c2b3:44631/']: sec=0.00, result=[1, '', 0]
[rosmaster.master][INFO] 2019-07-02 14:37:41,298: -PUB [/gazebo_gui/parameter_descriptions] /gazebo_gui http://f6566a55c2b3:41999/
[rosmaster.master][INFO] 2019-07-02 14:37:41,301: -PUB [/gazebo_gui/parameter_updates] /gazebo_gui http://f6566a55c2b3:41999/
[rosmaster.master][INFO] 2019-07-02 14:37:41,303: -SERVICE [/gazebo_gui/set_parameters] /gazebo_gui rosrpc://f6566a55c2b3:36817
[rosmaster.master][INFO] 2019-07-02 14:37:41,340: -PUB [/rosout] /gazebo_gui http://f6566a55c2b3:41999/
[rosmaster.master][INFO] 2019-07-02 14:37:41,342: -SUB [/clock] /gazebo_gui http://f6566a55c2b3:41999/
[rosmaster.master][INFO] 2019-07-02 14:37:41,344: -SERVICE [/gazebo_gui/get_loggers] /gazebo_gui rosrpc://f6566a55c2b3:36817
[rosmaster.master][INFO] 2019-07-02 14:37:41,346: -SERVICE [/gazebo_gui/set_logger_level] /gazebo_gui rosrpc://f6566a55c2b3:36817
[rosmaster.master][INFO] 2019-07-02 14:37:41,358: publisherUpdate[/rosout] -> http://f6566a55c2b3:39249/ ['http://f6566a55c2b3:33505/', 'http://f6566a55c2b3:44491/', 'http://f6566a55c2b3:34745/', 'http://f6566a55c2b3:39361/', 'http://f6566a55c2b3:44631/']
[rosmaster.master][INFO] 2019-07-02 14:37:41,359: publisherUpdate[/rosout] -> http://f6566a55c2b3:39249/ ['http://f6566a55c2b3:33505/', 'http://f6566a55c2b3:44491/', 'http://f6566a55c2b3:34745/', 'http://f6566a55c2b3:39361/', 'http://f6566a55c2b3:44631/']: sec=0.00, result=[1, '', 0]
[rosmaster.master][INFO] 2019-07-02 14:37:44,340: -PUB [/joint_states] /joint_state_publisher http://f6566a55c2b3:44491/
[rosmaster.master][INFO] 2019-07-02 14:37:44,340: -PUB [/rosout] /joint_state_publisher http://f6566a55c2b3:44491/
[rosmaster.master][INFO] 2019-07-02 14:37:44,340: -SERVICE [/joint_state_publisher/get_loggers] /joint_state_publisher rosrpc://f6566a55c2b3:40559
[rosmaster.master][INFO] 2019-07-02 14:37:44,340: -SERVICE [/joint_state_publisher/set_logger_level] /joint_state_publisher rosrpc://f6566a55c2b3:40559
[rosmaster.master][INFO] 2019-07-02 14:37:44,365: publisherUpdate[/joint_states] -> http://f6566a55c2b3:33505/ []
[rosmaster.master][INFO] 2019-07-02 14:37:44,365: publisherUpdate[/joint_states] -> http://f6566a55c2b3:33505/ []: sec=0.00, result=[1, '', 0]
[rosmaster.master][INFO] 2019-07-02 14:37:44,366: publisherUpdate[/rosout] -> http://f6566a55c2b3:39249/ ['http://f6566a55c2b3:33505/', 'http://f6566a55c2b3:34745/', 'http://f6566a55c2b3:39361/', 'http://f6566a55c2b3:44631/']
[rosmaster.master][INFO] 2019-07-02 14:37:44,366: publisherUpdate[/rosout] -> http://f6566a55c2b3:39249/ ['http://f6566a55c2b3:33505/', 'http://f6566a55c2b3:34745/', 'http://f6566a55c2b3:39361/', 'http://f6566a55c2b3:44631/']: sec=0.00, result=[1, '', 0]
[rosmaster.master][INFO] 2019-07-02 14:37:44,446: -PUB [/rosout] /slam_gmapping http://f6566a55c2b3:39361/
[rosmaster.master][INFO] 2019-07-02 14:37:44,448: -PUB [/tf] /slam_gmapping http://f6566a55c2b3:39361/
[rosmaster.master][INFO] 2019-07-02 14:37:44,449: -PUB [/slam_gmapping/entropy] /slam_gmapping http://f6566a55c2b3:39361/
[rosmaster.master][INFO] 2019-07-02 14:37:44,450: -PUB [/map] /slam_gmapping http://f6566a55c2b3:39361/
[rosmaster.master][INFO] 2019-07-02 14:37:44,451: -PUB [/map_metadata] /slam_gmapping http://f6566a55c2b3:39361/
[rosmaster.master][INFO] 2019-07-02 14:37:44,453: -SUB [/clock] /slam_gmapping http://f6566a55c2b3:39361/
[rosmaster.master][INFO] 2019-07-02 14:37:44,454: -SUB [/tf] /slam_gmapping http://f6566a55c2b3:39361/
[rosmaster.master][INFO] 2019-07-02 14:37:44,455: -SUB [/tf_static] /slam_gmapping http://f6566a55c2b3:39361/
[rosmaster.master][INFO] 2019-07-02 14:37:44,456: -SUB [/p3dx/laser/scan] /slam_gmapping http://f6566a55c2b3:39361/
[rosmaster.master][INFO] 2019-07-02 14:37:44,458: -SERVICE [/slam_gmapping/get_loggers] /slam_gmapping rosrpc://f6566a55c2b3:40777
[rosmaster.master][INFO] 2019-07-02 14:37:44,459: -SERVICE [/slam_gmapping/set_logger_level] /slam_gmapping rosrpc://f6566a55c2b3:40777
[rosmaster.master][INFO] 2019-07-02 14:37:44,460: -SERVICE [/dynamic_map] /slam_gmapping rosrpc://f6566a55c2b3:40777
[rosmaster.master][INFO] 2019-07-02 14:37:44,467: -PUB [/rosout] /robot_state_publisher http://f6566a55c2b3:33505/
[rosmaster.master][INFO] 2019-07-02 14:37:44,467: publisherUpdate[/rosout] -> http://f6566a55c2b3:39249/ ['http://f6566a55c2b3:33505/', 'http://f6566a55c2b3:34745/', 'http://f6566a55c2b3:44631/']
[rosmaster.master][INFO] 2019-07-02 14:37:44,469: -PUB [/tf] /robot_state_publisher http://f6566a55c2b3:33505/
[rosmaster.master][INFO] 2019-07-02 14:37:44,470: publisherUpdate[/rosout] -> http://f6566a55c2b3:39249/ ['http://f6566a55c2b3:33505/', 'http://f6566a55c2b3:34745/', 'http://f6566a55c2b3:44631/']: sec=0.00, result=[1, '', 0]
[rosmaster.master][INFO] 2019-07-02 14:37:44,471: publisherUpdate[/tf] -> http://f6566a55c2b3:39361/ ['http://f6566a55c2b3:33505/', 'http://f6566a55c2b3:34745/']
[rosmaster.master][INFO] 2019-07-02 14:37:44,472: publisherUpdate[/tf] -> http://f6566a55c2b3:39361/ ['http://f6566a55c2b3:33505/', 'http://f6566a55c2b3:34745/']: sec=0.00, exception=<Fault -1: 'publisherUpdate: unknown method name'>
[rosmaster.threadpool][ERROR] 2019-07-02 14:37:44,472: Traceback (most recent call last):
  File "/opt/ros/kinetic/lib/python2.7/dist-packages/rosmaster/threadpool.py", line 218, in run
    result = cmd(*args)
  File "/opt/ros/kinetic/lib/python2.7/dist-packages/rosmaster/master_api.py", line 210, in publisher_update_task
    ret = xmlrpcapi(api).publisherUpdate('/master', topic, pub_uris)
  File "/usr/lib/python2.7/xmlrpclib.py", line 1243, in __call__
    return self.__send(self.__name, args)
  File "/usr/lib/python2.7/xmlrpclib.py", line 1602, in __request
    verbose=self.__verbose
  File "/usr/lib/python2.7/xmlrpclib.py", line 1283, in request
    return self.single_request(host, handler, request_body, verbose)
  File "/usr/lib/python2.7/xmlrpclib.py", line 1316, in single_request
    return self.parse_response(response)
  File "/usr/lib/python2.7/xmlrpclib.py", line 1493, in parse_response
    return u.close()
  File "/usr/lib/python2.7/xmlrpclib.py", line 800, in close
    raise Fault(**self._stack[0])
Fault: <Fault -1: 'publisherUpdate: unknown method name'>

[rosmaster.master][INFO] 2019-07-02 14:37:44,473: publisherUpdate[/rosout] -> http://f6566a55c2b3:39249/ ['http://f6566a55c2b3:34745/', 'http://f6566a55c2b3:44631/']
[rosmaster.master][INFO] 2019-07-02 14:37:44,474: -PUB [/tf_static] /robot_state_publisher http://f6566a55c2b3:33505/
[rosmaster.master][INFO] 2019-07-02 14:37:44,475: publisherUpdate[/rosout] -> http://f6566a55c2b3:39249/ ['http://f6566a55c2b3:34745/', 'http://f6566a55c2b3:44631/']: sec=0.00, result=[1, '', 0]
[rosmaster.master][INFO] 2019-07-02 14:37:44,476: -SUB [/joint_states] /robot_state_publisher http://f6566a55c2b3:33505/
[rosmaster.master][INFO] 2019-07-02 14:37:44,478: -SERVICE [/robot_state_publisher/get_loggers] /robot_state_publisher rosrpc://f6566a55c2b3:56041
[rosmaster.master][INFO] 2019-07-02 14:37:44,479: -SERVICE [/robot_state_publisher/set_logger_level] /robot_state_publisher rosrpc://f6566a55c2b3:56041
[rosmaster.master][INFO] 2019-07-02 14:37:44,598: -SUB [/gazebo/set_link_state] /gazebo http://f6566a55c2b3:34745/
[rosmaster.master][INFO] 2019-07-02 14:37:44,600: -SUB [/gazebo/set_model_state] /gazebo http://f6566a55c2b3:34745/
[rosmaster.master][INFO] 2019-07-02 14:37:44,601: -PUB [/clock] /gazebo http://f6566a55c2b3:34745/
[rosmaster.master][INFO] 2019-07-02 14:37:44,602: -PUB [/gazebo/link_states] /gazebo http://f6566a55c2b3:34745/
[rosmaster.master][INFO] 2019-07-02 14:37:44,603: -PUB [/gazebo/model_states] /gazebo http://f6566a55c2b3:34745/
[rosmaster.master][INFO] 2019-07-02 14:37:44,604: -SERVICE [/gazebo/spawn_sdf_model] /gazebo rosrpc://f6566a55c2b3:44747
[rosmaster.master][INFO] 2019-07-02 14:37:44,606: -SERVICE [/gazebo/spawn_urdf_model] /gazebo rosrpc://f6566a55c2b3:44747
[rosmaster.master][INFO] 2019-07-02 14:37:44,607: -SERVICE [/gazebo/delete_model] /gazebo rosrpc://f6566a55c2b3:44747
[rosmaster.master][INFO] 2019-07-02 14:37:44,608: -SERVICE [/gazebo/delete_light] /gazebo rosrpc://f6566a55c2b3:44747
[rosmaster.master][INFO] 2019-07-02 14:37:44,609: -SERVICE [/gazebo/get_model_properties] /gazebo rosrpc://f6566a55c2b3:44747
[rosmaster.master][INFO] 2019-07-02 14:37:44,609: publisherUpdate[/clock] -> http://f6566a55c2b3:34745/ []
[rosmaster.master][INFO] 2019-07-02 14:37:44,611: -SERVICE [/gazebo/get_model_state] /gazebo rosrpc://f6566a55c2b3:44747
[rosmaster.master][INFO] 2019-07-02 14:37:44,612: publisherUpdate[/clock] -> http://f6566a55c2b3:34745/ []: sec=0.00, result=[1, '', 0]
[rosmaster.master][INFO] 2019-07-02 14:37:44,612: publisherUpdate[/clock] -> http://f6566a55c2b3:44631/ []
[rosmaster.master][INFO] 2019-07-02 14:37:44,614: -SERVICE [/gazebo/get_world_properties] /gazebo rosrpc://f6566a55c2b3:44747
[rosmaster.master][INFO] 2019-07-02 14:37:44,614: publisherUpdate[/clock] -> http://f6566a55c2b3:44631/ []: sec=0.00, exception=[Errno 111] Connection refused
[rosmaster.master][INFO] 2019-07-02 14:37:44,616: -SERVICE [/gazebo/get_joint_properties] /gazebo rosrpc://f6566a55c2b3:44747
[rosmaster.threadpool][ERROR] 2019-07-02 14:37:44,617: Traceback (most recent call last):
  File "/opt/ros/kinetic/lib/python2.7/dist-packages/rosmaster/threadpool.py", line 218, in run
    result = cmd(*args)
  File "/opt/ros/kinetic/lib/python2.7/dist-packages/rosmaster/master_api.py", line 210, in publisher_update_task
    ret = xmlrpcapi(api).publisherUpdate('/master', topic, pub_uris)
  File "/usr/lib/python2.7/xmlrpclib.py", line 1243, in __call__
    return self.__send(self.__name, args)
  File "/usr/lib/python2.7/xmlrpclib.py", line 1602, in __request
    verbose=self.__verbose
  File "/usr/lib/python2.7/xmlrpclib.py", line 1283, in request
    return self.single_request(host, handler, request_body, verbose)
  File "/usr/lib/python2.7/xmlrpclib.py", line 1311, in single_request
    self.send_content(h, request_body)
  File "/usr/lib/python2.7/xmlrpclib.py", line 1459, in send_content
    connection.endheaders(request_body)
  File "/usr/lib/python2.7/httplib.py", line 1053, in endheaders
    self._send_output(message_body)
  File "/usr/lib/python2.7/httplib.py", line 897, in _send_output
    self.send(msg)
  File "/usr/lib/python2.7/httplib.py", line 859, in send
    self.connect()
  File "/usr/lib/python2.7/httplib.py", line 836, in connect
    self.timeout, self.source_address)
  File "/usr/lib/python2.7/socket.py", line 575, in create_connection
    raise err
error: [Errno 111] Connection refused

[rosmaster.master][INFO] 2019-07-02 14:37:44,618: -SERVICE [/gazebo/get_link_properties] /gazebo rosrpc://f6566a55c2b3:44747
[rosmaster.master][INFO] 2019-07-02 14:37:44,619: -SERVICE [/gazebo/get_link_state] /gazebo rosrpc://f6566a55c2b3:44747
[rosmaster.master][INFO] 2019-07-02 14:37:44,620: -SERVICE [/gazebo/get_light_properties] /gazebo rosrpc://f6566a55c2b3:44747
[rosmaster.master][INFO] 2019-07-02 14:37:44,621: -SERVICE [/gazebo/set_light_properties] /gazebo rosrpc://f6566a55c2b3:44747
[rosmaster.master][INFO] 2019-07-02 14:37:44,622: -SERVICE [/gazebo/get_physics_properties] /gazebo rosrpc://f6566a55c2b3:44747
[rosmaster.master][INFO] 2019-07-02 14:37:44,623: -SERVICE [/gazebo/set_link_properties] /gazebo rosrpc://f6566a55c2b3:44747
[rosmaster.master][INFO] 2019-07-02 14:37:44,624: -SERVICE [/gazebo/set_physics_properties] /gazebo rosrpc://f6566a55c2b3:44747
[rosmaster.master][INFO] 2019-07-02 14:37:44,625: -SERVICE [/gazebo/set_model_state] /gazebo rosrpc://f6566a55c2b3:44747
[rosmaster.master][INFO] 2019-07-02 14:37:44,626: -SERVICE [/gazebo/set_model_configuration] /gazebo rosrpc://f6566a55c2b3:44747
[rosmaster.master][INFO] 2019-07-02 14:37:44,627: -SERVICE [/gazebo/set_joint_properties] /gazebo rosrpc://f6566a55c2b3:44747
[rosmaster.master][INFO] 2019-07-02 14:37:44,628: -SERVICE [/gazebo/set_link_state] /gazebo rosrpc://f6566a55c2b3:44747
[rosmaster.master][INFO] 2019-07-02 14:37:44,629: -SERVICE [/gazebo/pause_physics] /gazebo rosrpc://f6566a55c2b3:44747
[rosmaster.master][INFO] 2019-07-02 14:37:44,630: -SERVICE [/gazebo/unpause_physics] /gazebo rosrpc://f6566a55c2b3:44747
[rosmaster.master][INFO] 2019-07-02 14:37:44,631: -SERVICE [/gazebo/apply_body_wrench] /gazebo rosrpc://f6566a55c2b3:44747
[rosmaster.master][INFO] 2019-07-02 14:37:44,632: -SERVICE [/gazebo/apply_joint_effort] /gazebo rosrpc://f6566a55c2b3:44747
[rosmaster.master][INFO] 2019-07-02 14:37:44,633: -SERVICE [/gazebo/clear_joint_forces] /gazebo rosrpc://f6566a55c2b3:44747
[rosmaster.master][INFO] 2019-07-02 14:37:44,634: -SERVICE [/gazebo/clear_body_wrenches] /gazebo rosrpc://f6566a55c2b3:44747
[rosmaster.master][INFO] 2019-07-02 14:37:44,635: -SERVICE [/gazebo/reset_simulation] /gazebo rosrpc://f6566a55c2b3:44747
[rosmaster.master][INFO] 2019-07-02 14:37:44,637: -SERVICE [/gazebo/reset_world] /gazebo rosrpc://f6566a55c2b3:44747
[rosmaster.master][INFO] 2019-07-02 14:37:44,638: -PUB [/gazebo/parameter_descriptions] /gazebo http://f6566a55c2b3:34745/
[rosmaster.master][INFO] 2019-07-02 14:37:44,639: -PUB [/gazebo/parameter_updates] /gazebo http://f6566a55c2b3:34745/
[rosmaster.master][INFO] 2019-07-02 14:37:44,640: -SERVICE [/gazebo/set_parameters] /gazebo rosrpc://f6566a55c2b3:44747
[rosmaster.master][INFO] 2019-07-02 14:37:44,775: -PUB [/rosout_agg] /rosout http://f6566a55c2b3:39249/
[rosmaster.master][INFO] 2019-07-02 14:37:44,776: -SUB [/rosout] /rosout http://f6566a55c2b3:39249/
[rosmaster.master][INFO] 2019-07-02 14:37:44,777: -SERVICE [/rosout/get_loggers] /rosout rosrpc://f6566a55c2b3:59101
[rosmaster.master][INFO] 2019-07-02 14:37:44,778: -SERVICE [/rosout/set_logger_level] /rosout rosrpc://f6566a55c2b3:59101
[rosmaster.main][INFO] 2019-07-02 14:37:44,840: keyboard interrupt, will exit
[rosmaster.main][INFO] 2019-07-02 14:37:44,840: stopping master...
[rospy.core][INFO] 2019-07-02 14:37:44,840: signal_shutdown [atexit]
