

1562075916.390849600  Node Startup
1562075916.928161400 WARN [/tmp/binarydeb/ros-kinetic-kdl-parser-1.12.11/src/kdl_parser.cpp:208(treeFromUrdfModel) [topics: /rosout] The root link base_link has an inertia specified in the URDF, but KDL does not support a root link with an inertia.  As a workaround, you can add an extra dummy link to your URDF.
1562075917.384636500 INFO [/tmp/binarydeb/ros-kinetic-rviz-1.12.17/src/rviz/ogre_helpers/render_system.cpp:222(RenderSystem::detectGlVersion) [topics: /rosout] OpenGl version: 3 (GLSL 1.3).
0.000000000 INFO [/tmp/binarydeb/ros-kinetic-roscpp-1.12.14/src/libros/service.cpp:80(service::exists) [topics: /rosout] waitForService: Service [/gazebo/set_physics_properties] has not been advertised, waiting...
0.000000000 INFO [/tmp/binarydeb/ros-kinetic-roscpp-1.12.14/src/libros/service.cpp:80(service::exists) [topics: /rosout] waitForService: Service [/gazebo/set_physics_properties] has not been advertised, waiting...
0.000000000 INFO [gazebo_interface.py:31(spawn_urdf_model_client) [topics: /clock, /rosout] Calling service /gazebo/spawn_urdf_model
0.000000000 INFO [/tmp/binarydeb/ros-kinetic-gazebo-plugins-2.5.19/include/gazebo_plugins/gazebo_ros_utils.h:95(__cxx11::string gazebo::GetRobotNamespace) [topics: /rosout, /clock, /gazebo/link_states, /gazebo/model_states] Laser Plugin: Using the 'robotNamespace' param: '/'
0.000000000 INFO [/tmp/binarydeb/ros-kinetic-gazebo-plugins-2.5.19/src/gazebo_ros_laser.cpp:111(GazeboRosLaser::Load) [topics: /rosout, /clock, /gazebo/link_states, /gazebo/model_states] Starting Laser Plugin (ns = /)
0.000000000 INFO [/tmp/binarydeb/ros-kinetic-gazebo-plugins-2.5.19/src/gazebo_ros_laser.cpp:135(GazeboRosLaser::LoadThread) [topics: /rosout, /clock, /gazebo/link_states, /gazebo/model_states] Laser Plugin (ns = /)  <tf_prefix_>, set to ""
0.000000000 INFO [gazebo_interface.py:33(spawn_urdf_model_client) [topics: /clock, /rosout] Spawn status: SpawnModel: Successfully spawned entity
0.000000000 INFO [/tmp/binarydeb/ros-kinetic-gazebo-ros-control-2.5.19/src/gazebo_ros_control_plugin.cpp:60(GazeboRosControlPlugin::Load) [topics: /rosout, /clock, /gazebo/link_states, /gazebo/model_states, /p3dx/laser/scan] Loading gazebo_ros_control plugin
0.000000000 INFO [/tmp/binarydeb/ros-kinetic-gazebo-ros-control-2.5.19/src/gazebo_ros_control_plugin.cpp:173(GazeboRosControlPlugin::Load) [topics: /rosout, /clock, /gazebo/link_states, /gazebo/model_states, /p3dx/laser/scan] Starting gazebo_ros_control plugin in namespace: /p3dx
0.000000000 INFO [/tmp/binarydeb/ros-kinetic-gazebo-ros-control-2.5.19/src/gazebo_ros_control_plugin.cpp:292(__cxx11::string gazebo_ros_control::GazeboRosControlPlugin::getURDF) [topics: /rosout, /clock, /gazebo/link_states, /gazebo/model_states, /p3dx/laser/scan] gazebo_ros_control plugin is waiting for model URDF in parameter [/robot_description] on the ROS param server.
0.000000000 INFO [/tmp/binarydeb/ros-kinetic-gazebo-ros-control-2.5.19/src/gazebo_ros_control_plugin.cpp:219(GazeboRosControlPlugin::Load) [topics: /rosout, /clock, /gazebo/link_states, /gazebo/model_states, /p3dx/laser/scan] Loaded gazebo_ros_control.
0.000000000 INFO [/tmp/binarydeb/ros-kinetic-gazebo-plugins-2.5.19/src/gazebo_ros_utils.cpp:57(GazeboRos::readCommonParameter) [topics: /rosout, /clock, /gazebo/link_states, /gazebo/model_states, /p3dx/laser/scan] Starting plugin DiffDrive(ns = //)
0.000000000 WARN [/tmp/binarydeb/ros-kinetic-gazebo-plugins-2.5.19/include/gazebo_plugins/gazebo_ros_utils.h:232(GazeboRos::getParameter) [topics: /rosout, /clock, /gazebo/link_states, /gazebo/model_states, /p3dx/laser/scan] DiffDrive(ns = //): missing <rosDebugLevel> default is na
0.000000000 INFO [/tmp/binarydeb/ros-kinetic-gazebo-plugins-2.5.19/src/gazebo_ros_utils.cpp:93(GazeboRos::readCommonParameter) [topics: /rosout, /clock, /gazebo/link_states, /gazebo/model_states, /p3dx/laser/scan] DiffDrive(ns = //): <tf_prefix> = 
0.000000000 WARN [/tmp/binarydeb/ros-kinetic-gazebo-plugins-2.5.19/src/gazebo_ros_utils.cpp:101(GazeboRos::getParameterBoolean) [topics: /rosout, /clock, /gazebo/link_states, /gazebo/model_states, /p3dx/laser/scan] DiffDrive(ns = //): missing <publishWheelTF> default is false
0.000000000 WARN [/tmp/binarydeb/ros-kinetic-gazebo-plugins-2.5.19/src/gazebo_ros_utils.cpp:101(GazeboRos::getParameterBoolean) [topics: /rosout, /clock, /gazebo/link_states, /gazebo/model_states, /p3dx/laser/scan] DiffDrive(ns = //): missing <publishOdomTF> default is true
0.000000000 WARN [/tmp/binarydeb/ros-kinetic-gazebo-plugins-2.5.19/src/gazebo_ros_utils.cpp:101(GazeboRos::getParameterBoolean) [topics: /rosout, /clock, /gazebo/link_states, /gazebo/model_states, /p3dx/laser/scan] DiffDrive(ns = //): missing <publishWheelJointState> default is false
0.000000000 WARN [/tmp/binarydeb/ros-kinetic-gazebo-plugins-2.5.19/include/gazebo_plugins/gazebo_ros_utils.h:232(GazeboRos::getParameter) [topics: /rosout, /clock, /gazebo/link_states, /gazebo/model_states, /p3dx/laser/scan] DiffDrive(ns = //): missing <wheelAcceleration> default is 0
0.000000000 WARN [/tmp/binarydeb/ros-kinetic-gazebo-plugins-2.5.19/include/gazebo_plugins/gazebo_ros_utils.h:232(GazeboRos::getParameter) [topics: /rosout, /clock, /gazebo/link_states, /gazebo/model_states, /p3dx/laser/scan] DiffDrive(ns = //): missing <wheelTorque> default is 5
0.000000000 WARN [/tmp/binarydeb/ros-kinetic-gazebo-plugins-2.5.19/include/gazebo_plugins/gazebo_ros_utils.h:264(GazeboRos::getParameter) [topics: /rosout, /clock, /gazebo/link_states, /gazebo/model_states, /p3dx/laser/scan] DiffDrive(ns = //): missing <odometrySource> default is 1
0.000000000 WARN [/tmp/binarydeb/ros-kinetic-gazebo-plugins-2.5.19/src/gazebo_ros_diff_drive.cpp:127(GazeboRosDiffDrive::Load) [topics: /rosout, /clock, /gazebo/link_states, /gazebo/model_states, /p3dx/laser/scan] GazeboRosDiffDrive Plugin (ns = ) missing <publishTf>, defaults to 1
0.000000000 INFO [/tmp/binarydeb/ros-kinetic-gazebo-plugins-2.5.19/src/gazebo_ros_diff_drive.cpp:163(GazeboRosDiffDrive::Load) [topics: /rosout, /clock, /gazebo/link_states, /gazebo/model_states, /p3dx/laser/scan, /tf] DiffDrive(ns = //): Try to subscribe to cmd_vel
0.000000000 INFO [/tmp/binarydeb/ros-kinetic-gazebo-plugins-2.5.19/src/gazebo_ros_diff_drive.cpp:171(GazeboRosDiffDrive::Load) [topics: /rosout, /clock, /gazebo/link_states, /gazebo/model_states, /p3dx/laser/scan, /tf] DiffDrive(ns = //): Subscribe to cmd_vel
0.000000000 INFO [/tmp/binarydeb/ros-kinetic-gazebo-plugins-2.5.19/src/gazebo_ros_diff_drive.cpp:176(GazeboRosDiffDrive::Load) [topics: /rosout, /clock, /gazebo/link_states, /gazebo/model_states, /p3dx/laser/scan, /tf, /odom] DiffDrive(ns = //): Advertise odom on odom 
932.791000000 INFO [/tmp/binarydeb/ros-kinetic-roscpp-1.12.14/src/libros/service.cpp:122(service::waitForService) [topics: /rosout] waitForService: Service [/gazebo/set_physics_properties] is now available.
932.791000000 INFO [/tmp/binarydeb/ros-kinetic-roscpp-1.12.14/src/libros/service.cpp:122(service::waitForService) [topics: /rosout, /clock, /gazebo/link_states, /gazebo/model_states, /p3dx/laser/scan, /tf, /odom, /p3dx/base_pose_ground_truth] waitForService: Service [/gazebo/set_physics_properties] is now available.
932.801000000 INFO [/home/course_ws/src/slam_gmapping/gmapping/src/slam_gmapping.cpp:447(initMapper) [topics: /rosout, /tf, /slam_gmapping/entropy, /map, /map_metadata] Laser is mounted upwards.
932.804000000 INFO [/home/course_ws/src/slam_gmapping/gmapping/src/slam_gmapping.cpp:532(initMapper) [topics: /rosout, /tf, /slam_gmapping/entropy, /map, /map_metadata] Initialization complete
932.845000000 INFO [/tmp/binarydeb/ros-kinetic-gazebo-ros-2.5.19/src/gazebo_ros_api_plugin.cpp:2301(GazeboRosApiPlugin::physicsReconfigureThread) [topics: /rosout, /clock, /gazebo/link_states, /gazebo/model_states, /p3dx/laser/scan, /tf, /odom, /p3dx/base_pose_ground_truth, /gazebo/parameter_descriptions, /gazebo/parameter_updates] Physics dynamic reconfigure ready.
932.845000000 INFO [/tmp/binarydeb/ros-kinetic-gazebo-ros-2.5.19/src/gazebo_ros_api_plugin.cpp:2301(GazeboRosApiPlugin::physicsReconfigureThread) [topics: /rosout, /gazebo_gui/parameter_descriptions, /gazebo_gui/parameter_updates] Physics dynamic reconfigure ready.
1562078121.456450900 INFO [/tmp/binarydeb/ros-kinetic-rviz-1.12.17/src/rviz/default_plugin/map_display.cpp:604(MapDisplay::createSwatches) [topics: /rosout, /initialpose, /move_base_simple/goal, /clicked_point] Creating 1 swatches
