[rospy.client][INFO] 2019-06-25 06:59:35,345: init_node, name[/mybot_spawn], pid[2292]
[xmlrpc][INFO] 2019-06-25 06:59:35,345: XML-RPC server binding to 0.0.0.0:0
[xmlrpc][INFO] 2019-06-25 06:59:35,346: Started XML-RPC server [http://dc5b429f784e:45689/]
[rospy.init][INFO] 2019-06-25 06:59:35,346: ROS Slave URI: [http://dc5b429f784e:45689/]
[rospy.impl.masterslave][INFO] 2019-06-25 06:59:35,346: _ready: http://dc5b429f784e:45689/
[xmlrpc][INFO] 2019-06-25 06:59:35,347: xml rpc node: starting XML-RPC server
[rospy.registration][INFO] 2019-06-25 06:59:35,348: Registering with master node http://localhost:11311
[rospy.init][INFO] 2019-06-25 06:59:35,447: registered with master
[rospy.rosout][INFO] 2019-06-25 06:59:35,448: initializing /rosout core topic
[rospy.rosout][INFO] 2019-06-25 06:59:35,454: connected to core topic /rosout
[rospy.simtime][INFO] 2019-06-25 06:59:35,457: initializing /clock core topic
[rospy.simtime][INFO] 2019-06-25 06:59:35,461: connected to core topic /clock
[rospy.internal][INFO] 2019-06-25 06:59:35,466: topic[/clock] adding connection to [http://dc5b429f784e:39881/], count 0
[rosout][INFO] 2019-06-25 06:59:35,468: Loading model XML from ros parameter
[rosout][INFO] 2019-06-25 06:59:35,478: Waiting for service /gazebo/spawn_urdf_model
[rosout][INFO] 2019-06-25 06:59:35,492: Calling service /gazebo/spawn_urdf_model
[rospy.internal][INFO] 2019-06-25 06:59:35,701: topic[/rosout] adding connection to [/rosout], count 0
[rosout][INFO] 2019-06-25 06:59:35,733: Spawn status: SpawnModel: Successfully spawned entity
[rospy.core][INFO] 2019-06-25 06:59:35,735: signal_shutdown [atexit]
[rospy.internal][INFO] 2019-06-25 06:59:35,739: topic[/rosout] removing connection to /rosout
[rospy.internal][INFO] 2019-06-25 06:59:35,739: topic[/clock] removing connection to http://dc5b429f784e:39881/
[rospy.impl.masterslave][INFO] 2019-06-25 06:59:35,740: atexit
[rospy.internal][ERROR] 2019-06-25 06:59:35,740: Traceback (most recent call last):
  File "/opt/ros/kinetic/lib/python2.7/dist-packages/rospy/impl/tcpros_base.py", line 729, in receive_once
    self.stat_bytes += recv_buff(sock, b, p.buff_size)
  File "/opt/ros/kinetic/lib/python2.7/dist-packages/rospy/impl/tcpros_base.py", line 103, in recv_buff
    d = sock.recv(buff_size)
error: [Errno 104] Connection reset by peer

