[rospy.client][INFO] 2019-06-28 15:43:02,830: init_node, name[/mw2r/controller_spawner], pid[18336]
[xmlrpc][INFO] 2019-06-28 15:43:02,830: XML-RPC server binding to 0.0.0.0:0
[xmlrpc][INFO] 2019-06-28 15:43:02,831: Started XML-RPC server [http://dc5b429f784e:40907/]
[rospy.init][INFO] 2019-06-28 15:43:02,831: ROS Slave URI: [http://dc5b429f784e:40907/]
[rospy.impl.masterslave][INFO] 2019-06-28 15:43:02,831: _ready: http://dc5b429f784e:40907/
[rospy.registration][INFO] 2019-06-28 15:43:02,832: Registering with master node http://localhost:11311
[xmlrpc][INFO] 2019-06-28 15:43:02,833: xml rpc node: starting XML-RPC server
[rospy.init][INFO] 2019-06-28 15:43:02,932: registered with master
[rospy.rosout][INFO] 2019-06-28 15:43:02,932: initializing /rosout core topic
[rospy.rosout][INFO] 2019-06-28 15:43:02,934: connected to core topic /rosout
[rospy.simtime][INFO] 2019-06-28 15:43:02,935: initializing /clock core topic
[rospy.simtime][INFO] 2019-06-28 15:43:02,938: connected to core topic /clock
[rosout][INFO] 2019-06-28 15:43:02,942: Controller Spawner: Waiting for service controller_manager/load_controller
[rospy.internal][INFO] 2019-06-28 15:43:02,947: topic[/clock] adding connection to [http://dc5b429f784e:45991/], count 0
[rosout][WARNING] 2019-06-28 15:43:33,000: Controller Spawner couldn't find the expected controller_manager ROS interface.
[rospy.core][INFO] 2019-06-28 15:43:33,000: signal_shutdown [atexit]
[rospy.internal][INFO] 2019-06-28 15:43:33,007: topic[/clock] removing connection to http://dc5b429f784e:45991/
[rospy.impl.masterslave][INFO] 2019-06-28 15:43:33,007: atexit
[rospy.internal][ERROR] 2019-06-28 15:43:33,010: Traceback (most recent call last):
  File "/opt/ros/kinetic/lib/python2.7/dist-packages/rospy/impl/tcpros_base.py", line 729, in receive_once
    self.stat_bytes += recv_buff(sock, b, p.buff_size)
  File "/opt/ros/kinetic/lib/python2.7/dist-packages/rospy/impl/tcpros_base.py", line 103, in recv_buff
    d = sock.recv(buff_size)
error: [Errno 104] Connection reset by peer

[rospy.client][INFO] 2019-06-28 15:45:56,986: init_node, name[/mw2r/controller_spawner], pid[19385]
[xmlrpc][INFO] 2019-06-28 15:45:56,987: XML-RPC server binding to 0.0.0.0:0
[xmlrpc][INFO] 2019-06-28 15:45:56,988: Started XML-RPC server [http://dc5b429f784e:46051/]
[rospy.init][INFO] 2019-06-28 15:45:56,988: ROS Slave URI: [http://dc5b429f784e:46051/]
[rospy.impl.masterslave][INFO] 2019-06-28 15:45:56,988: _ready: http://dc5b429f784e:46051/
[xmlrpc][INFO] 2019-06-28 15:45:56,989: xml rpc node: starting XML-RPC server
[rospy.registration][INFO] 2019-06-28 15:45:56,990: Registering with master node http://localhost:11311
[rospy.init][INFO] 2019-06-28 15:45:57,089: registered with master
[rospy.rosout][INFO] 2019-06-28 15:45:57,089: initializing /rosout core topic
[rospy.rosout][INFO] 2019-06-28 15:45:57,092: connected to core topic /rosout
[rospy.simtime][INFO] 2019-06-28 15:45:57,094: initializing /clock core topic
[rospy.simtime][INFO] 2019-06-28 15:45:57,099: connected to core topic /clock
[rosout][INFO] 2019-06-28 15:45:57,106: Controller Spawner: Waiting for service controller_manager/load_controller
[rospy.internal][INFO] 2019-06-28 15:45:57,109: topic[/clock] adding connection to [http://dc5b429f784e:38065/], count 0
[rosout][WARNING] 2019-06-28 15:46:27,220: Controller Spawner couldn't find the expected controller_manager ROS interface.
[rospy.core][INFO] 2019-06-28 15:46:27,221: signal_shutdown [atexit]
[rospy.internal][INFO] 2019-06-28 15:46:27,229: topic[/clock] removing connection to http://dc5b429f784e:38065/
[rospy.impl.masterslave][INFO] 2019-06-28 15:46:27,229: atexit
[rospy.client][INFO] 2019-06-28 15:48:48,783: init_node, name[/mw2r/controller_spawner], pid[20206]
[xmlrpc][INFO] 2019-06-28 15:48:48,784: XML-RPC server binding to 0.0.0.0:0
[xmlrpc][INFO] 2019-06-28 15:48:48,785: Started XML-RPC server [http://dc5b429f784e:35973/]
[rospy.impl.masterslave][INFO] 2019-06-28 15:48:48,785: _ready: http://dc5b429f784e:35973/
[rospy.init][INFO] 2019-06-28 15:48:48,786: ROS Slave URI: [http://dc5b429f784e:35973/]
[xmlrpc][INFO] 2019-06-28 15:48:48,786: xml rpc node: starting XML-RPC server
[rospy.registration][INFO] 2019-06-28 15:48:48,787: Registering with master node http://localhost:11311
[rospy.init][INFO] 2019-06-28 15:48:48,886: registered with master
[rospy.rosout][INFO] 2019-06-28 15:48:48,886: initializing /rosout core topic
[rospy.rosout][INFO] 2019-06-28 15:48:48,889: connected to core topic /rosout
[rospy.simtime][INFO] 2019-06-28 15:48:48,890: initializing /clock core topic
[rospy.simtime][INFO] 2019-06-28 15:48:48,893: connected to core topic /clock
[rosout][INFO] 2019-06-28 15:48:48,897: Controller Spawner: Waiting for service controller_manager/load_controller
[rospy.internal][INFO] 2019-06-28 15:48:48,902: topic[/clock] adding connection to [http://dc5b429f784e:44839/], count 0
[rosout][WARNING] 2019-06-28 15:49:18,963: Controller Spawner couldn't find the expected controller_manager ROS interface.
[rospy.core][INFO] 2019-06-28 15:49:18,963: signal_shutdown [atexit]
[rospy.internal][INFO] 2019-06-28 15:49:18,968: topic[/clock] removing connection to http://dc5b429f784e:44839/
[rospy.impl.masterslave][INFO] 2019-06-28 15:49:18,969: atexit
[rospy.client][INFO] 2019-06-28 15:51:13,359: init_node, name[/mw2r/controller_spawner], pid[21001]
[xmlrpc][INFO] 2019-06-28 15:51:13,359: XML-RPC server binding to 0.0.0.0:0
[xmlrpc][INFO] 2019-06-28 15:51:13,360: Started XML-RPC server [http://dc5b429f784e:36999/]
[rospy.init][INFO] 2019-06-28 15:51:13,361: ROS Slave URI: [http://dc5b429f784e:36999/]
[rospy.impl.masterslave][INFO] 2019-06-28 15:51:13,361: _ready: http://dc5b429f784e:36999/
[xmlrpc][INFO] 2019-06-28 15:51:13,362: xml rpc node: starting XML-RPC server
[rospy.registration][INFO] 2019-06-28 15:51:13,363: Registering with master node http://localhost:11311
[rospy.init][INFO] 2019-06-28 15:51:13,461: registered with master
[rospy.rosout][INFO] 2019-06-28 15:51:13,462: initializing /rosout core topic
[rospy.rosout][INFO] 2019-06-28 15:51:13,464: connected to core topic /rosout
[rospy.simtime][INFO] 2019-06-28 15:51:13,466: initializing /clock core topic
[rospy.simtime][INFO] 2019-06-28 15:51:13,470: connected to core topic /clock
[rosout][INFO] 2019-06-28 15:51:13,476: Controller Spawner: Waiting for service controller_manager/load_controller
[rospy.internal][INFO] 2019-06-28 15:51:13,479: topic[/clock] adding connection to [http://dc5b429f784e:34161/], count 0
[rosout][WARNING] 2019-06-28 15:51:43,603: Controller Spawner couldn't find the expected controller_manager ROS interface.
[rospy.core][INFO] 2019-06-28 15:51:43,604: signal_shutdown [atexit]
[rospy.internal][INFO] 2019-06-28 15:51:43,607: topic[/clock] removing connection to http://dc5b429f784e:34161/
[rospy.impl.masterslave][INFO] 2019-06-28 15:51:43,608: atexit
