[rosmaster.main][INFO] 2019-06-25 13:17:18,900: initialization complete, waiting for shutdown
[rosmaster.main][INFO] 2019-06-25 13:17:18,900: Starting ROS Master Node
[xmlrpc][INFO] 2019-06-25 13:17:18,901: XML-RPC server binding to 0.0.0.0:11311
[xmlrpc][INFO] 2019-06-25 13:17:18,902: Started XML-RPC server [http://dc5b429f784e:11311/]
[xmlrpc][INFO] 2019-06-25 13:17:18,902: xml rpc node: starting XML-RPC server
[rosmaster.master][INFO] 2019-06-25 13:17:18,902: Master initialized: port[11311], uri[http://dc5b429f784e:11311/]
[rosmaster.master][INFO] 2019-06-25 13:17:18,950: +PARAM [/run_id] by /roslaunch
[rosmaster.master][INFO] 2019-06-25 13:17:18,952: +PARAM [/roslaunch/uris/host_dc5b429f784e__38415] by /roslaunch
[rosmaster.master][INFO] 2019-06-25 13:17:19,308: +PARAM [/rosversion] by /roslaunch
[rosmaster.master][INFO] 2019-06-25 13:17:19,309: +PARAM [/use_sim_time] by /roslaunch
[rosmaster.master][INFO] 2019-06-25 13:17:19,310: +PARAM [/rosdistro] by /roslaunch
[rosmaster.master][INFO] 2019-06-25 13:17:19,310: +PARAM [/robot_description] by /roslaunch
[rosmaster.master][INFO] 2019-06-25 13:17:19,334: +SERVICE [/rosout/get_loggers] /rosout http://dc5b429f784e:44953/
[rosmaster.master][INFO] 2019-06-25 13:17:19,335: +SERVICE [/rosout/set_logger_level] /rosout http://dc5b429f784e:44953/
[rosmaster.master][INFO] 2019-06-25 13:17:19,341: +SUB [/clock] /rosout http://dc5b429f784e:44953/
[rosmaster.master][INFO] 2019-06-25 13:17:19,342: +PUB [/rosout_agg] /rosout http://dc5b429f784e:44953/
[rosmaster.master][INFO] 2019-06-25 13:17:19,347: +SUB [/rosout] /rosout http://dc5b429f784e:44953/
[rosmaster.master][INFO] 2019-06-25 13:17:21,056: +PUB [/rosout] /mybot_spawn http://dc5b429f784e:45471/
[rosmaster.master][INFO] 2019-06-25 13:17:21,060: +SUB [/clock] /mybot_spawn http://dc5b429f784e:45471/
[rosmaster.master][INFO] 2019-06-25 13:17:21,062: +SERVICE [/mybot_spawn/get_loggers] /mybot_spawn http://dc5b429f784e:45471/
[rosmaster.master][INFO] 2019-06-25 13:17:21,063: +SERVICE [/mybot_spawn/set_logger_level] /mybot_spawn http://dc5b429f784e:45471/
[rosmaster.master][INFO] 2019-06-25 13:17:21,105: publisherUpdate[/rosout] -> http://dc5b429f784e:44953/ ['http://dc5b429f784e:45471/']
[rosmaster.master][INFO] 2019-06-25 13:17:21,107: publisherUpdate[/rosout] -> http://dc5b429f784e:44953/ ['http://dc5b429f784e:45471/']: sec=0.00, result=[1, '', 0]
[rosmaster.master][INFO] 2019-06-25 13:17:21,794: -SUB [/clock] /mybot_spawn http://dc5b429f784e:45471/
[rosmaster.master][INFO] 2019-06-25 13:17:21,795: -PUB [/rosout] /mybot_spawn http://dc5b429f784e:45471/
[rosmaster.master][INFO] 2019-06-25 13:17:21,795: -SERVICE [/mybot_spawn/set_logger_level] /mybot_spawn rosrpc://dc5b429f784e:33953
[rosmaster.master][INFO] 2019-06-25 13:17:21,795: -SERVICE [/mybot_spawn/get_loggers] /mybot_spawn rosrpc://dc5b429f784e:33953
[rosmaster.master][INFO] 2019-06-25 13:17:21,807: publisherUpdate[/rosout] -> http://dc5b429f784e:44953/ []
[rosmaster.master][INFO] 2019-06-25 13:17:21,808: publisherUpdate[/rosout] -> http://dc5b429f784e:44953/ []: sec=0.00, result=[1, '', 0]
[rosmaster.master][INFO] 2019-06-25 13:17:22,210: -PUB [/rosout_agg] /rosout http://dc5b429f784e:44953/
[rosmaster.master][INFO] 2019-06-25 13:17:22,211: -SUB [/clock] /rosout http://dc5b429f784e:44953/
[rosmaster.master][INFO] 2019-06-25 13:17:22,212: -SUB [/rosout] /rosout http://dc5b429f784e:44953/
[rosmaster.master][INFO] 2019-06-25 13:17:22,213: -SERVICE [/rosout/get_loggers] /rosout rosrpc://dc5b429f784e:39283
[rosmaster.master][INFO] 2019-06-25 13:17:22,214: -SERVICE [/rosout/set_logger_level] /rosout rosrpc://dc5b429f784e:39283
[rosmaster.master][INFO] 2019-06-25 13:17:29,029: +PARAM [/roslaunch/uris/host_dc5b429f784e__43443] by /roslaunch
[rosmaster.master][INFO] 2019-06-25 13:17:29,033: +PARAM [/rosversion] by /roslaunch
[rosmaster.master][INFO] 2019-06-25 13:17:29,033: +PARAM [/use_sim_time] by /roslaunch
[rosmaster.master][INFO] 2019-06-25 13:17:29,033: +PARAM [/rosdistro] by /roslaunch
[rosmaster.master][INFO] 2019-06-25 13:17:29,033: +PARAM [/robot_description] by /roslaunch
[rosmaster.master][INFO] 2019-06-25 13:17:29,887: +PUB [/rosout] /gazebo http://dc5b429f784e:43705/
[rosmaster.master][INFO] 2019-06-25 13:17:29,888: +SERVICE [/gazebo/get_loggers] /gazebo http://dc5b429f784e:43705/
[rosmaster.master][INFO] 2019-06-25 13:17:29,889: +SERVICE [/gazebo/set_logger_level] /gazebo http://dc5b429f784e:43705/
[rosmaster.master][INFO] 2019-06-25 13:17:29,896: +SUB [/clock] /gazebo http://dc5b429f784e:43705/
[rosmaster.master][INFO] 2019-06-25 13:17:30,322: +PUB [/clock] /gazebo http://dc5b429f784e:43705/
[rosmaster.master][INFO] 2019-06-25 13:17:30,324: +SERVICE [/gazebo/spawn_sdf_model] /gazebo http://dc5b429f784e:43705/
[rosmaster.master][INFO] 2019-06-25 13:17:30,325: +SERVICE [/gazebo/spawn_urdf_model] /gazebo http://dc5b429f784e:43705/
[rosmaster.master][INFO] 2019-06-25 13:17:30,326: +SERVICE [/gazebo/delete_model] /gazebo http://dc5b429f784e:43705/
[rosmaster.master][INFO] 2019-06-25 13:17:30,327: +SERVICE [/gazebo/delete_light] /gazebo http://dc5b429f784e:43705/
[rosmaster.master][INFO] 2019-06-25 13:17:30,328: +SERVICE [/gazebo/get_model_properties] /gazebo http://dc5b429f784e:43705/
[rosmaster.master][INFO] 2019-06-25 13:17:30,330: +SERVICE [/gazebo/get_model_state] /gazebo http://dc5b429f784e:43705/
[rosmaster.master][INFO] 2019-06-25 13:17:30,331: +SERVICE [/gazebo/get_world_properties] /gazebo http://dc5b429f784e:43705/
[rosmaster.master][INFO] 2019-06-25 13:17:30,331: publisherUpdate[/clock] -> http://dc5b429f784e:43705/ ['http://dc5b429f784e:43705/']
[rosmaster.master][INFO] 2019-06-25 13:17:30,333: publisherUpdate[/clock] -> http://dc5b429f784e:43705/ ['http://dc5b429f784e:43705/']: sec=0.00, result=[1, '', 0]
[rosmaster.master][INFO] 2019-06-25 13:17:30,333: +SERVICE [/gazebo/get_joint_properties] /gazebo http://dc5b429f784e:43705/
[rosmaster.master][INFO] 2019-06-25 13:17:30,334: +SERVICE [/gazebo/get_link_properties] /gazebo http://dc5b429f784e:43705/
[rosmaster.master][INFO] 2019-06-25 13:17:30,335: +SERVICE [/gazebo/get_link_state] /gazebo http://dc5b429f784e:43705/
[rosmaster.master][INFO] 2019-06-25 13:17:30,336: +SERVICE [/gazebo/get_light_properties] /gazebo http://dc5b429f784e:43705/
[rosmaster.master][INFO] 2019-06-25 13:17:30,338: +SERVICE [/gazebo/set_light_properties] /gazebo http://dc5b429f784e:43705/
[rosmaster.master][INFO] 2019-06-25 13:17:30,339: +SERVICE [/gazebo/get_physics_properties] /gazebo http://dc5b429f784e:43705/
[rosmaster.master][INFO] 2019-06-25 13:17:30,340: +PUB [/gazebo/link_states] /gazebo http://dc5b429f784e:43705/
[rosmaster.master][INFO] 2019-06-25 13:17:30,341: +PUB [/gazebo/model_states] /gazebo http://dc5b429f784e:43705/
[rosmaster.master][INFO] 2019-06-25 13:17:30,342: +SERVICE [/gazebo/set_link_properties] /gazebo http://dc5b429f784e:43705/
[rosmaster.master][INFO] 2019-06-25 13:17:30,343: +SERVICE [/gazebo/set_physics_properties] /gazebo http://dc5b429f784e:43705/
[rosmaster.master][INFO] 2019-06-25 13:17:30,344: +SERVICE [/gazebo/set_model_state] /gazebo http://dc5b429f784e:43705/
[rosmaster.master][INFO] 2019-06-25 13:17:30,345: +SERVICE [/gazebo/set_model_configuration] /gazebo http://dc5b429f784e:43705/
[rosmaster.master][INFO] 2019-06-25 13:17:30,347: +SERVICE [/gazebo/set_joint_properties] /gazebo http://dc5b429f784e:43705/
[rosmaster.master][INFO] 2019-06-25 13:17:30,349: +SERVICE [/gazebo/set_link_state] /gazebo http://dc5b429f784e:43705/
[rosmaster.master][INFO] 2019-06-25 13:17:30,356: +SUB [/gazebo/set_link_state] /gazebo http://dc5b429f784e:43705/
[rosmaster.master][INFO] 2019-06-25 13:17:30,361: +SUB [/gazebo/set_model_state] /gazebo http://dc5b429f784e:43705/
[rosmaster.master][INFO] 2019-06-25 13:17:30,362: +SERVICE [/gazebo/pause_physics] /gazebo http://dc5b429f784e:43705/
[rosmaster.master][INFO] 2019-06-25 13:17:30,363: +SERVICE [/gazebo/unpause_physics] /gazebo http://dc5b429f784e:43705/
[rosmaster.master][INFO] 2019-06-25 13:17:30,364: +SERVICE [/gazebo/apply_body_wrench] /gazebo http://dc5b429f784e:43705/
[rosmaster.master][INFO] 2019-06-25 13:17:30,365: +SERVICE [/gazebo/apply_joint_effort] /gazebo http://dc5b429f784e:43705/
[rosmaster.master][INFO] 2019-06-25 13:17:30,366: +SERVICE [/gazebo/clear_joint_forces] /gazebo http://dc5b429f784e:43705/
[rosmaster.master][INFO] 2019-06-25 13:17:30,366: +SERVICE [/gazebo/clear_body_wrenches] /gazebo http://dc5b429f784e:43705/
[rosmaster.master][INFO] 2019-06-25 13:17:30,367: +SERVICE [/gazebo/reset_simulation] /gazebo http://dc5b429f784e:43705/
[rosmaster.master][INFO] 2019-06-25 13:17:30,368: +SERVICE [/gazebo/reset_world] /gazebo http://dc5b429f784e:43705/
[rosmaster.master][INFO] 2019-06-25 13:17:30,518: +SERVICE [/gazebo/set_parameters] /gazebo http://dc5b429f784e:43705/
[rosmaster.master][INFO] 2019-06-25 13:17:30,519: +PUB [/gazebo/parameter_descriptions] /gazebo http://dc5b429f784e:43705/
[rosmaster.master][INFO] 2019-06-25 13:17:30,520: +PUB [/gazebo/parameter_updates] /gazebo http://dc5b429f784e:43705/
[rosmaster.master][INFO] 2019-06-25 13:17:30,537: +PARAM [/gazebo/time_step] by /gazebo
[rosmaster.master][INFO] 2019-06-25 13:17:30,538: +PARAM [/gazebo/max_update_rate] by /gazebo
[rosmaster.master][INFO] 2019-06-25 13:17:30,539: +PARAM [/gazebo/gravity_x] by /gazebo
[rosmaster.master][INFO] 2019-06-25 13:17:30,540: +PARAM [/gazebo/gravity_y] by /gazebo
[rosmaster.master][INFO] 2019-06-25 13:17:30,541: +PARAM [/gazebo/gravity_z] by /gazebo
[rosmaster.master][INFO] 2019-06-25 13:17:30,542: +PARAM [/gazebo/auto_disable_bodies] by /gazebo
[rosmaster.master][INFO] 2019-06-25 13:17:30,544: +PARAM [/gazebo/sor_pgs_precon_iters] by /gazebo
[rosmaster.master][INFO] 2019-06-25 13:17:30,545: +PARAM [/gazebo/sor_pgs_iters] by /gazebo
[rosmaster.master][INFO] 2019-06-25 13:17:30,546: +PARAM [/gazebo/sor_pgs_w] by /gazebo
[rosmaster.master][INFO] 2019-06-25 13:17:30,548: +PARAM [/gazebo/sor_pgs_rms_error_tol] by /gazebo
[rosmaster.master][INFO] 2019-06-25 13:17:30,549: +PARAM [/gazebo/cfm] by /gazebo
[rosmaster.master][INFO] 2019-06-25 13:17:30,550: +PARAM [/gazebo/erp] by /gazebo
[rosmaster.master][INFO] 2019-06-25 13:17:30,551: +PARAM [/gazebo/contact_surface_layer] by /gazebo
[rosmaster.master][INFO] 2019-06-25 13:17:30,552: +PARAM [/gazebo/contact_max_correcting_vel] by /gazebo
[rosmaster.master][INFO] 2019-06-25 13:17:30,554: +PARAM [/gazebo/max_contacts] by /gazebo
[rosmaster.master][INFO] 2019-06-25 13:17:30,557: +PARAM [/gazebo/time_step] by /gazebo
[rosmaster.master][INFO] 2019-06-25 13:17:30,558: +PARAM [/gazebo/max_update_rate] by /gazebo
[rosmaster.master][INFO] 2019-06-25 13:17:30,559: +PARAM [/gazebo/gravity_x] by /gazebo
[rosmaster.master][INFO] 2019-06-25 13:17:30,560: +PARAM [/gazebo/gravity_y] by /gazebo
[rosmaster.master][INFO] 2019-06-25 13:17:30,562: +PARAM [/gazebo/gravity_z] by /gazebo
[rosmaster.master][INFO] 2019-06-25 13:17:30,563: +PARAM [/gazebo/auto_disable_bodies] by /gazebo
[rosmaster.master][INFO] 2019-06-25 13:17:30,564: +PARAM [/gazebo/sor_pgs_precon_iters] by /gazebo
[rosmaster.master][INFO] 2019-06-25 13:17:30,565: +PARAM [/gazebo/sor_pgs_iters] by /gazebo
[rosmaster.master][INFO] 2019-06-25 13:17:30,566: +PARAM [/gazebo/sor_pgs_w] by /gazebo
[rosmaster.master][INFO] 2019-06-25 13:17:30,567: +PARAM [/gazebo/sor_pgs_rms_error_tol] by /gazebo
[rosmaster.master][INFO] 2019-06-25 13:17:30,568: +PARAM [/gazebo/cfm] by /gazebo
[rosmaster.master][INFO] 2019-06-25 13:17:30,569: +PARAM [/gazebo/erp] by /gazebo
[rosmaster.master][INFO] 2019-06-25 13:17:30,571: +PARAM [/gazebo/contact_surface_layer] by /gazebo
[rosmaster.master][INFO] 2019-06-25 13:17:30,572: +PARAM [/gazebo/contact_max_correcting_vel] by /gazebo
[rosmaster.master][INFO] 2019-06-25 13:17:30,573: +PARAM [/gazebo/max_contacts] by /gazebo
[rosmaster.master][INFO] 2019-06-25 13:17:30,939: +PUB [/rosout] /mybot_spawn http://dc5b429f784e:37795/
[rosmaster.master][INFO] 2019-06-25 13:17:30,945: +SUB [/clock] /mybot_spawn http://dc5b429f784e:37795/
[rosmaster.master][INFO] 2019-06-25 13:17:30,947: +SERVICE [/mybot_spawn/get_loggers] /mybot_spawn http://dc5b429f784e:37795/
[rosmaster.master][INFO] 2019-06-25 13:17:30,949: +SERVICE [/mybot_spawn/set_logger_level] /mybot_spawn http://dc5b429f784e:37795/
[rosmaster.master][INFO] 2019-06-25 13:17:31,229: -SUB [/clock] /mybot_spawn http://dc5b429f784e:37795/
[rosmaster.master][INFO] 2019-06-25 13:17:31,229: -PUB [/rosout] /mybot_spawn http://dc5b429f784e:37795/
[rosmaster.master][INFO] 2019-06-25 13:17:31,229: -SERVICE [/mybot_spawn/set_logger_level] /mybot_spawn rosrpc://dc5b429f784e:41191
[rosmaster.master][INFO] 2019-06-25 13:17:31,229: -SERVICE [/mybot_spawn/get_loggers] /mybot_spawn rosrpc://dc5b429f784e:41191
[rosmaster.master][ERROR] 2019-06-25 13:17:31,243: Traceback (most recent call last):
  File "/opt/ros/kinetic/lib/python2.7/dist-packages/rosmaster/master_api.py", line 177, in validated_f
    code, msg, val = f(*newArgs, **kwds)
  File "/opt/ros/kinetic/lib/python2.7/dist-packages/rosmaster/master_api.py", line 435, in searchParam
    search_key = self.param_server.search_param(caller_id, key)
  File "/opt/ros/kinetic/lib/python2.7/dist-packages/rosmaster/paramserver.py", line 116, in search_param
    raise ValueError("namespace must be global")
ValueError: namespace must be global

[rosmaster.master][INFO] 2019-06-25 13:17:31,244: +PUB [/scan] /gazebo http://dc5b429f784e:43705/
[rosmaster.master][ERROR] 2019-06-25 13:17:31,335: Traceback (most recent call last):
  File "/opt/ros/kinetic/lib/python2.7/dist-packages/rosmaster/master_api.py", line 177, in validated_f
    code, msg, val = f(*newArgs, **kwds)
  File "/opt/ros/kinetic/lib/python2.7/dist-packages/rosmaster/master_api.py", line 435, in searchParam
    search_key = self.param_server.search_param(caller_id, key)
  File "/opt/ros/kinetic/lib/python2.7/dist-packages/rosmaster/paramserver.py", line 116, in search_param
    raise ValueError("namespace must be global")
ValueError: namespace must be global

[rosmaster.master][INFO] 2019-06-25 13:17:31,337: +PUB [/joint_states] /gazebo http://dc5b429f784e:43705/
[rosmaster.master][INFO] 2019-06-25 13:17:31,339: +PUB [/tf] /gazebo http://dc5b429f784e:43705/
[rosmaster.master][INFO] 2019-06-25 13:17:31,345: +SUB [/cmd_vel] /gazebo http://dc5b429f784e:43705/
[rosmaster.master][INFO] 2019-06-25 13:17:31,346: +PUB [/odom] /gazebo http://dc5b429f784e:43705/
[rosmaster.master][INFO] 2019-06-25 13:17:35,323: +PUB [/rosout] /static_transform_publisher_1561468655301349200 http://dc5b429f784e:41377/
[rosmaster.master][INFO] 2019-06-25 13:17:35,325: +SERVICE [/static_transform_publisher_1561468655301349200/get_loggers] /static_transform_publisher_1561468655301349200 http://dc5b429f784e:41377/
[rosmaster.master][INFO] 2019-06-25 13:17:35,326: +SERVICE [/static_transform_publisher_1561468655301349200/set_logger_level] /static_transform_publisher_1561468655301349200 http://dc5b429f784e:41377/
[rosmaster.master][INFO] 2019-06-25 13:17:35,333: +SUB [/clock] /static_transform_publisher_1561468655301349200 http://dc5b429f784e:41377/
[rosmaster.master][INFO] 2019-06-25 13:17:35,334: +PUB [/tf] /static_transform_publisher_1561468655301349200 http://dc5b429f784e:41377/
[rosmaster.master][INFO] 2019-06-25 13:17:37,423: +PUB [/rosout] /static_transform_publisher_1561468657417596600 http://dc5b429f784e:46099/
[rosmaster.master][INFO] 2019-06-25 13:17:37,424: +SERVICE [/static_transform_publisher_1561468657417596600/get_loggers] /static_transform_publisher_1561468657417596600 http://dc5b429f784e:46099/
[rosmaster.master][INFO] 2019-06-25 13:17:37,424: +SERVICE [/static_transform_publisher_1561468657417596600/set_logger_level] /static_transform_publisher_1561468657417596600 http://dc5b429f784e:46099/
[rosmaster.master][INFO] 2019-06-25 13:17:37,431: +SUB [/clock] /static_transform_publisher_1561468657417596600 http://dc5b429f784e:46099/
[rosmaster.master][INFO] 2019-06-25 13:17:37,433: +PUB [/tf] /static_transform_publisher_1561468657417596600 http://dc5b429f784e:46099/
[rosmaster.master][INFO] 2019-06-25 13:17:39,922: +PUB [/rosout] /static_transform_publisher_1561468659919578900 http://dc5b429f784e:37289/
[rosmaster.master][INFO] 2019-06-25 13:17:39,923: +SERVICE [/static_transform_publisher_1561468659919578900/get_loggers] /static_transform_publisher_1561468659919578900 http://dc5b429f784e:37289/
[rosmaster.master][INFO] 2019-06-25 13:17:39,927: +SERVICE [/static_transform_publisher_1561468659919578900/set_logger_level] /static_transform_publisher_1561468659919578900 http://dc5b429f784e:37289/
[rosmaster.master][INFO] 2019-06-25 13:17:39,942: +SUB [/clock] /static_transform_publisher_1561468659919578900 http://dc5b429f784e:37289/
[rosmaster.master][INFO] 2019-06-25 13:17:39,944: +PUB [/tf] /static_transform_publisher_1561468659919578900 http://dc5b429f784e:37289/
[rosmaster.master][INFO] 2019-06-25 13:17:42,300: +PUB [/rosout] /slam_gmapping http://dc5b429f784e:40921/
[rosmaster.master][INFO] 2019-06-25 13:17:42,301: +SERVICE [/slam_gmapping/get_loggers] /slam_gmapping http://dc5b429f784e:40921/
[rosmaster.master][INFO] 2019-06-25 13:17:42,302: +SERVICE [/slam_gmapping/set_logger_level] /slam_gmapping http://dc5b429f784e:40921/
[rosmaster.master][INFO] 2019-06-25 13:17:42,309: +SUB [/clock] /slam_gmapping http://dc5b429f784e:40921/
[rosmaster.master][INFO] 2019-06-25 13:17:42,314: +SUB [/tf] /slam_gmapping http://dc5b429f784e:40921/
[rosmaster.master][INFO] 2019-06-25 13:17:42,321: +SUB [/tf_static] /slam_gmapping http://dc5b429f784e:40921/
[rosmaster.master][INFO] 2019-06-25 13:17:42,323: +PUB [/tf] /slam_gmapping http://dc5b429f784e:40921/
[rosmaster.master][INFO] 2019-06-25 13:17:42,360: publisherUpdate[/tf] -> http://dc5b429f784e:40921/ ['http://dc5b429f784e:43705/', 'http://dc5b429f784e:41377/', 'http://dc5b429f784e:46099/', 'http://dc5b429f784e:37289/', 'http://dc5b429f784e:40921/']
[rosmaster.master][INFO] 2019-06-25 13:17:42,361: publisherUpdate[/tf] -> http://dc5b429f784e:40921/ ['http://dc5b429f784e:43705/', 'http://dc5b429f784e:41377/', 'http://dc5b429f784e:46099/', 'http://dc5b429f784e:37289/', 'http://dc5b429f784e:40921/']: sec=0.00, result=[1, '', 0]
[rosmaster.master][INFO] 2019-06-25 13:17:42,387: +PUB [/slam_gmapping/entropy] /slam_gmapping http://dc5b429f784e:40921/
[rosmaster.master][INFO] 2019-06-25 13:17:42,388: +PUB [/map] /slam_gmapping http://dc5b429f784e:40921/
[rosmaster.master][INFO] 2019-06-25 13:17:42,389: +PUB [/map_metadata] /slam_gmapping http://dc5b429f784e:40921/
[rosmaster.master][INFO] 2019-06-25 13:17:42,391: +SERVICE [/dynamic_map] /slam_gmapping http://dc5b429f784e:40921/
[rosmaster.master][INFO] 2019-06-25 13:17:42,398: +SUB [/scan] /slam_gmapping http://dc5b429f784e:40921/
[rosmaster.master][INFO] 2019-06-25 13:17:48,479: -PUB [/rosout] /slam_gmapping http://dc5b429f784e:40921/
[rosmaster.master][INFO] 2019-06-25 13:17:48,482: -PUB [/tf] /slam_gmapping http://dc5b429f784e:40921/
[rosmaster.master][INFO] 2019-06-25 13:17:48,484: -PUB [/slam_gmapping/entropy] /slam_gmapping http://dc5b429f784e:40921/
[rosmaster.master][INFO] 2019-06-25 13:17:48,486: -PUB [/map] /slam_gmapping http://dc5b429f784e:40921/
[rosmaster.master][INFO] 2019-06-25 13:17:48,487: -PUB [/map_metadata] /slam_gmapping http://dc5b429f784e:40921/
[rosmaster.master][INFO] 2019-06-25 13:17:48,489: -SUB [/clock] /slam_gmapping http://dc5b429f784e:40921/
[rosmaster.master][INFO] 2019-06-25 13:17:48,491: -SUB [/tf] /slam_gmapping http://dc5b429f784e:40921/
[rosmaster.master][INFO] 2019-06-25 13:17:48,493: -SUB [/tf_static] /slam_gmapping http://dc5b429f784e:40921/
[rosmaster.master][INFO] 2019-06-25 13:17:48,494: -SUB [/scan] /slam_gmapping http://dc5b429f784e:40921/
[rosmaster.master][INFO] 2019-06-25 13:17:48,496: -SERVICE [/slam_gmapping/get_loggers] /slam_gmapping rosrpc://dc5b429f784e:43533
[rosmaster.master][INFO] 2019-06-25 13:17:48,497: -SERVICE [/slam_gmapping/set_logger_level] /slam_gmapping rosrpc://dc5b429f784e:43533
[rosmaster.master][INFO] 2019-06-25 13:17:48,499: -SERVICE [/dynamic_map] /slam_gmapping rosrpc://dc5b429f784e:43533
[rosmaster.master][INFO] 2019-06-25 13:17:48,518: publisherUpdate[/tf] -> http://dc5b429f784e:40921/ ['http://dc5b429f784e:43705/', 'http://dc5b429f784e:41377/', 'http://dc5b429f784e:46099/', 'http://dc5b429f784e:37289/']
[rosmaster.master][INFO] 2019-06-25 13:17:48,519: publisherUpdate[/tf] -> http://dc5b429f784e:40921/ ['http://dc5b429f784e:43705/', 'http://dc5b429f784e:41377/', 'http://dc5b429f784e:46099/', 'http://dc5b429f784e:37289/']: sec=0.00, exception=<Fault -1: 'publisherUpdate: unknown method name'>
[rosmaster.threadpool][ERROR] 2019-06-25 13:17:48,519: Traceback (most recent call last):
  File "/opt/ros/kinetic/lib/python2.7/dist-packages/rosmaster/threadpool.py", line 218, in run
    result = cmd(*args)
  File "/opt/ros/kinetic/lib/python2.7/dist-packages/rosmaster/master_api.py", line 210, in publisher_update_task
    ret = xmlrpcapi(api).publisherUpdate('/master', topic, pub_uris)
  File "/usr/lib/python2.7/xmlrpclib.py", line 1243, in __call__
    return self.__send(self.__name, args)
  File "/usr/lib/python2.7/xmlrpclib.py", line 1602, in __request
    verbose=self.__verbose
  File "/usr/lib/python2.7/xmlrpclib.py", line 1283, in request
    return self.single_request(host, handler, request_body, verbose)
  File "/usr/lib/python2.7/xmlrpclib.py", line 1316, in single_request
    return self.parse_response(response)
  File "/usr/lib/python2.7/xmlrpclib.py", line 1493, in parse_response
    return u.close()
  File "/usr/lib/python2.7/xmlrpclib.py", line 800, in close
    raise Fault(**self._stack[0])
Fault: <Fault -1: 'publisherUpdate: unknown method name'>

[rosmaster.master][INFO] 2019-06-25 13:17:49,678: -PUB [/rosout] /static_transform_publisher_1561468655301349200 http://dc5b429f784e:41377/
[rosmaster.master][INFO] 2019-06-25 13:17:49,684: -PUB [/tf] /static_transform_publisher_1561468655301349200 http://dc5b429f784e:41377/
[rosmaster.master][INFO] 2019-06-25 13:17:49,689: -SUB [/clock] /static_transform_publisher_1561468655301349200 http://dc5b429f784e:41377/
[rosmaster.master][INFO] 2019-06-25 13:17:49,691: -SERVICE [/static_transform_publisher_1561468655301349200/get_loggers] /static_transform_publisher_1561468655301349200 rosrpc://dc5b429f784e:41013
[rosmaster.master][INFO] 2019-06-25 13:17:49,693: -SERVICE [/static_transform_publisher_1561468655301349200/set_logger_level] /static_transform_publisher_1561468655301349200 rosrpc://dc5b429f784e:41013
[rosmaster.master][INFO] 2019-06-25 13:17:50,381: -PUB [/rosout] /static_transform_publisher_1561468657417596600 http://dc5b429f784e:46099/
[rosmaster.master][INFO] 2019-06-25 13:17:50,383: -PUB [/tf] /static_transform_publisher_1561468657417596600 http://dc5b429f784e:46099/
[rosmaster.master][INFO] 2019-06-25 13:17:50,384: -SUB [/clock] /static_transform_publisher_1561468657417596600 http://dc5b429f784e:46099/
[rosmaster.master][INFO] 2019-06-25 13:17:50,385: -SERVICE [/static_transform_publisher_1561468657417596600/get_loggers] /static_transform_publisher_1561468657417596600 rosrpc://dc5b429f784e:45131
[rosmaster.master][INFO] 2019-06-25 13:17:50,387: -SERVICE [/static_transform_publisher_1561468657417596600/set_logger_level] /static_transform_publisher_1561468657417596600 rosrpc://dc5b429f784e:45131
[rosmaster.master][INFO] 2019-06-25 13:17:51,078: -PUB [/rosout] /static_transform_publisher_1561468659919578900 http://dc5b429f784e:37289/
[rosmaster.master][INFO] 2019-06-25 13:17:51,080: -PUB [/tf] /static_transform_publisher_1561468659919578900 http://dc5b429f784e:37289/
[rosmaster.master][INFO] 2019-06-25 13:17:51,082: -SUB [/clock] /static_transform_publisher_1561468659919578900 http://dc5b429f784e:37289/
[rosmaster.master][INFO] 2019-06-25 13:17:51,084: -SERVICE [/static_transform_publisher_1561468659919578900/get_loggers] /static_transform_publisher_1561468659919578900 rosrpc://dc5b429f784e:55209
[rosmaster.master][INFO] 2019-06-25 13:17:51,086: -SERVICE [/static_transform_publisher_1561468659919578900/set_logger_level] /static_transform_publisher_1561468659919578900 rosrpc://dc5b429f784e:55209
[rosmaster.master][INFO] 2019-06-25 13:17:52,277: -SUB [/gazebo/set_link_state] /gazebo http://dc5b429f784e:43705/
[rosmaster.master][INFO] 2019-06-25 13:17:52,278: -SUB [/gazebo/set_model_state] /gazebo http://dc5b429f784e:43705/
[rosmaster.master][INFO] 2019-06-25 13:17:52,279: -PUB [/clock] /gazebo http://dc5b429f784e:43705/
[rosmaster.master][INFO] 2019-06-25 13:17:52,281: -PUB [/gazebo/link_states] /gazebo http://dc5b429f784e:43705/
[rosmaster.master][INFO] 2019-06-25 13:17:52,282: -PUB [/gazebo/model_states] /gazebo http://dc5b429f784e:43705/
[rosmaster.master][INFO] 2019-06-25 13:17:52,283: -SERVICE [/gazebo/spawn_sdf_model] /gazebo rosrpc://dc5b429f784e:44585
[rosmaster.master][INFO] 2019-06-25 13:17:52,284: -SERVICE [/gazebo/spawn_urdf_model] /gazebo rosrpc://dc5b429f784e:44585
[rosmaster.master][INFO] 2019-06-25 13:17:52,285: -SERVICE [/gazebo/delete_model] /gazebo rosrpc://dc5b429f784e:44585
[rosmaster.master][INFO] 2019-06-25 13:17:52,287: -SERVICE [/gazebo/delete_light] /gazebo rosrpc://dc5b429f784e:44585
[rosmaster.master][INFO] 2019-06-25 13:17:52,288: -SERVICE [/gazebo/get_model_properties] /gazebo rosrpc://dc5b429f784e:44585
[rosmaster.master][INFO] 2019-06-25 13:17:52,288: publisherUpdate[/clock] -> http://dc5b429f784e:43705/ []
[rosmaster.master][INFO] 2019-06-25 13:17:52,289: publisherUpdate[/clock] -> http://dc5b429f784e:43705/ []: sec=0.00, result=[1, '', 0]
[rosmaster.master][INFO] 2019-06-25 13:17:52,290: -SERVICE [/gazebo/get_model_state] /gazebo rosrpc://dc5b429f784e:44585
[rosmaster.master][INFO] 2019-06-25 13:17:52,291: -SERVICE [/gazebo/get_world_properties] /gazebo rosrpc://dc5b429f784e:44585
[rosmaster.master][INFO] 2019-06-25 13:17:52,293: -SERVICE [/gazebo/get_joint_properties] /gazebo rosrpc://dc5b429f784e:44585
[rosmaster.master][INFO] 2019-06-25 13:17:52,295: -SERVICE [/gazebo/get_link_properties] /gazebo rosrpc://dc5b429f784e:44585
[rosmaster.master][INFO] 2019-06-25 13:17:52,296: -SERVICE [/gazebo/get_link_state] /gazebo rosrpc://dc5b429f784e:44585
[rosmaster.master][INFO] 2019-06-25 13:17:52,297: -SERVICE [/gazebo/get_light_properties] /gazebo rosrpc://dc5b429f784e:44585
[rosmaster.master][INFO] 2019-06-25 13:17:52,298: -SERVICE [/gazebo/set_light_properties] /gazebo rosrpc://dc5b429f784e:44585
[rosmaster.master][INFO] 2019-06-25 13:17:52,299: -SERVICE [/gazebo/get_physics_properties] /gazebo rosrpc://dc5b429f784e:44585
[rosmaster.master][INFO] 2019-06-25 13:17:52,301: -SERVICE [/gazebo/set_link_properties] /gazebo rosrpc://dc5b429f784e:44585
[rosmaster.master][INFO] 2019-06-25 13:17:52,302: -SERVICE [/gazebo/set_physics_properties] /gazebo rosrpc://dc5b429f784e:44585
[rosmaster.master][INFO] 2019-06-25 13:17:52,303: -SERVICE [/gazebo/set_model_state] /gazebo rosrpc://dc5b429f784e:44585
[rosmaster.master][INFO] 2019-06-25 13:17:52,304: -SERVICE [/gazebo/set_model_configuration] /gazebo rosrpc://dc5b429f784e:44585
[rosmaster.master][INFO] 2019-06-25 13:17:52,305: -SERVICE [/gazebo/set_joint_properties] /gazebo rosrpc://dc5b429f784e:44585
[rosmaster.master][INFO] 2019-06-25 13:17:52,307: -SERVICE [/gazebo/set_link_state] /gazebo rosrpc://dc5b429f784e:44585
[rosmaster.master][INFO] 2019-06-25 13:17:52,308: -SERVICE [/gazebo/pause_physics] /gazebo rosrpc://dc5b429f784e:44585
[rosmaster.master][INFO] 2019-06-25 13:17:52,309: -SERVICE [/gazebo/unpause_physics] /gazebo rosrpc://dc5b429f784e:44585
[rosmaster.master][INFO] 2019-06-25 13:17:52,311: -SERVICE [/gazebo/apply_body_wrench] /gazebo rosrpc://dc5b429f784e:44585
[rosmaster.master][INFO] 2019-06-25 13:17:52,312: -SERVICE [/gazebo/apply_joint_effort] /gazebo rosrpc://dc5b429f784e:44585
[rosmaster.master][INFO] 2019-06-25 13:17:52,313: -SERVICE [/gazebo/clear_joint_forces] /gazebo rosrpc://dc5b429f784e:44585
[rosmaster.master][INFO] 2019-06-25 13:17:52,315: -SERVICE [/gazebo/clear_body_wrenches] /gazebo rosrpc://dc5b429f784e:44585
[rosmaster.master][INFO] 2019-06-25 13:17:52,316: -SERVICE [/gazebo/reset_simulation] /gazebo rosrpc://dc5b429f784e:44585
[rosmaster.master][INFO] 2019-06-25 13:17:52,318: -SERVICE [/gazebo/reset_world] /gazebo rosrpc://dc5b429f784e:44585
[rosmaster.master][INFO] 2019-06-25 13:17:52,321: -PUB [/gazebo/parameter_descriptions] /gazebo http://dc5b429f784e:43705/
[rosmaster.master][INFO] 2019-06-25 13:17:52,322: -PUB [/gazebo/parameter_updates] /gazebo http://dc5b429f784e:43705/
[rosmaster.master][INFO] 2019-06-25 13:17:52,324: -SERVICE [/gazebo/set_parameters] /gazebo rosrpc://dc5b429f784e:44585
[rosmaster.master][INFO] 2019-06-25 13:18:15,929: +PARAM [/roslaunch/uris/host_dc5b429f784e__43309] by /roslaunch
[rosmaster.master][INFO] 2019-06-25 13:18:15,939: +PARAM [/rosversion] by /roslaunch
[rosmaster.master][INFO] 2019-06-25 13:18:15,939: +PARAM [/use_sim_time] by /roslaunch
[rosmaster.master][INFO] 2019-06-25 13:18:15,939: +PARAM [/rosdistro] by /roslaunch
[rosmaster.master][INFO] 2019-06-25 13:18:15,940: +PARAM [/robot_description] by /roslaunch
[rosmaster.master][INFO] 2019-06-25 13:18:16,876: +PUB [/rosout] /gazebo http://dc5b429f784e:35145/
[rosmaster.master][INFO] 2019-06-25 13:18:16,877: +SERVICE [/gazebo/get_loggers] /gazebo http://dc5b429f784e:35145/
[rosmaster.master][INFO] 2019-06-25 13:18:16,878: +SERVICE [/gazebo/set_logger_level] /gazebo http://dc5b429f784e:35145/
[rosmaster.master][INFO] 2019-06-25 13:18:16,885: +SUB [/clock] /gazebo http://dc5b429f784e:35145/
[rosmaster.master][INFO] 2019-06-25 13:18:17,313: +PUB [/clock] /gazebo http://dc5b429f784e:35145/
[rosmaster.master][INFO] 2019-06-25 13:18:17,314: +SERVICE [/gazebo/spawn_sdf_model] /gazebo http://dc5b429f784e:35145/
[rosmaster.master][INFO] 2019-06-25 13:18:17,316: +SERVICE [/gazebo/spawn_urdf_model] /gazebo http://dc5b429f784e:35145/
[rosmaster.master][INFO] 2019-06-25 13:18:17,318: +SERVICE [/gazebo/delete_model] /gazebo http://dc5b429f784e:35145/
[rosmaster.master][INFO] 2019-06-25 13:18:17,319: +SERVICE [/gazebo/delete_light] /gazebo http://dc5b429f784e:35145/
[rosmaster.master][INFO] 2019-06-25 13:18:17,321: +SERVICE [/gazebo/get_model_properties] /gazebo http://dc5b429f784e:35145/
[rosmaster.master][INFO] 2019-06-25 13:18:17,322: +SERVICE [/gazebo/get_model_state] /gazebo http://dc5b429f784e:35145/
[rosmaster.master][INFO] 2019-06-25 13:18:17,323: +SERVICE [/gazebo/get_world_properties] /gazebo http://dc5b429f784e:35145/
[rosmaster.master][INFO] 2019-06-25 13:18:17,324: +SERVICE [/gazebo/get_joint_properties] /gazebo http://dc5b429f784e:35145/
[rosmaster.master][INFO] 2019-06-25 13:18:17,325: +SERVICE [/gazebo/get_link_properties] /gazebo http://dc5b429f784e:35145/
[rosmaster.master][INFO] 2019-06-25 13:18:17,326: +SERVICE [/gazebo/get_link_state] /gazebo http://dc5b429f784e:35145/
[rosmaster.master][INFO] 2019-06-25 13:18:17,327: +SERVICE [/gazebo/get_light_properties] /gazebo http://dc5b429f784e:35145/
[rosmaster.master][INFO] 2019-06-25 13:18:17,328: +SERVICE [/gazebo/set_light_properties] /gazebo http://dc5b429f784e:35145/
[rosmaster.master][INFO] 2019-06-25 13:18:17,329: +SERVICE [/gazebo/get_physics_properties] /gazebo http://dc5b429f784e:35145/
[rosmaster.master][INFO] 2019-06-25 13:18:17,330: +PUB [/gazebo/link_states] /gazebo http://dc5b429f784e:35145/
[rosmaster.master][INFO] 2019-06-25 13:18:17,331: +PUB [/gazebo/model_states] /gazebo http://dc5b429f784e:35145/
[rosmaster.master][INFO] 2019-06-25 13:18:17,332: +SERVICE [/gazebo/set_link_properties] /gazebo http://dc5b429f784e:35145/
[rosmaster.master][INFO] 2019-06-25 13:18:17,333: +SERVICE [/gazebo/set_physics_properties] /gazebo http://dc5b429f784e:35145/
[rosmaster.master][INFO] 2019-06-25 13:18:17,334: publisherUpdate[/clock] -> http://dc5b429f784e:35145/ ['http://dc5b429f784e:35145/']
[rosmaster.master][INFO] 2019-06-25 13:18:17,335: +SERVICE [/gazebo/set_model_state] /gazebo http://dc5b429f784e:35145/
[rosmaster.master][INFO] 2019-06-25 13:18:17,336: publisherUpdate[/clock] -> http://dc5b429f784e:35145/ ['http://dc5b429f784e:35145/']: sec=0.00, result=[1, '', 0]
[rosmaster.master][INFO] 2019-06-25 13:18:17,337: +SERVICE [/gazebo/set_model_configuration] /gazebo http://dc5b429f784e:35145/
[rosmaster.master][INFO] 2019-06-25 13:18:17,338: +SERVICE [/gazebo/set_joint_properties] /gazebo http://dc5b429f784e:35145/
[rosmaster.master][INFO] 2019-06-25 13:18:17,339: +SERVICE [/gazebo/set_link_state] /gazebo http://dc5b429f784e:35145/
[rosmaster.master][INFO] 2019-06-25 13:18:17,345: +SUB [/gazebo/set_link_state] /gazebo http://dc5b429f784e:35145/
[rosmaster.master][INFO] 2019-06-25 13:18:17,351: +SUB [/gazebo/set_model_state] /gazebo http://dc5b429f784e:35145/
[rosmaster.master][INFO] 2019-06-25 13:18:17,352: +SERVICE [/gazebo/pause_physics] /gazebo http://dc5b429f784e:35145/
[rosmaster.master][INFO] 2019-06-25 13:18:17,353: +SERVICE [/gazebo/unpause_physics] /gazebo http://dc5b429f784e:35145/
[rosmaster.master][INFO] 2019-06-25 13:18:17,354: +SERVICE [/gazebo/apply_body_wrench] /gazebo http://dc5b429f784e:35145/
[rosmaster.master][INFO] 2019-06-25 13:18:17,355: +SERVICE [/gazebo/apply_joint_effort] /gazebo http://dc5b429f784e:35145/
[rosmaster.master][INFO] 2019-06-25 13:18:17,356: +SERVICE [/gazebo/clear_joint_forces] /gazebo http://dc5b429f784e:35145/
[rosmaster.master][INFO] 2019-06-25 13:18:17,357: +SERVICE [/gazebo/clear_body_wrenches] /gazebo http://dc5b429f784e:35145/
[rosmaster.master][INFO] 2019-06-25 13:18:17,358: +SERVICE [/gazebo/reset_simulation] /gazebo http://dc5b429f784e:35145/
[rosmaster.master][INFO] 2019-06-25 13:18:17,359: +SERVICE [/gazebo/reset_world] /gazebo http://dc5b429f784e:35145/
[rosmaster.master][INFO] 2019-06-25 13:18:17,494: +SERVICE [/gazebo/set_parameters] /gazebo http://dc5b429f784e:35145/
[rosmaster.master][INFO] 2019-06-25 13:18:17,496: +PUB [/gazebo/parameter_descriptions] /gazebo http://dc5b429f784e:35145/
[rosmaster.master][INFO] 2019-06-25 13:18:17,497: +PUB [/gazebo/parameter_updates] /gazebo http://dc5b429f784e:35145/
[rosmaster.master][INFO] 2019-06-25 13:18:17,523: +PARAM [/gazebo/time_step] by /gazebo
[rosmaster.master][INFO] 2019-06-25 13:18:17,524: +PARAM [/gazebo/max_update_rate] by /gazebo
[rosmaster.master][INFO] 2019-06-25 13:18:17,525: +PARAM [/gazebo/gravity_x] by /gazebo
[rosmaster.master][INFO] 2019-06-25 13:18:17,526: +PARAM [/gazebo/gravity_y] by /gazebo
[rosmaster.master][INFO] 2019-06-25 13:18:17,527: +PARAM [/gazebo/gravity_z] by /gazebo
[rosmaster.master][INFO] 2019-06-25 13:18:17,528: +PARAM [/gazebo/auto_disable_bodies] by /gazebo
[rosmaster.master][INFO] 2019-06-25 13:18:17,529: +PARAM [/gazebo/sor_pgs_precon_iters] by /gazebo
[rosmaster.master][INFO] 2019-06-25 13:18:17,530: +PARAM [/gazebo/sor_pgs_iters] by /gazebo
[rosmaster.master][INFO] 2019-06-25 13:18:17,532: +PARAM [/gazebo/sor_pgs_w] by /gazebo
[rosmaster.master][INFO] 2019-06-25 13:18:17,533: +PARAM [/gazebo/sor_pgs_rms_error_tol] by /gazebo
[rosmaster.master][INFO] 2019-06-25 13:18:17,534: +PARAM [/gazebo/cfm] by /gazebo
[rosmaster.master][INFO] 2019-06-25 13:18:17,535: +PARAM [/gazebo/erp] by /gazebo
[rosmaster.master][INFO] 2019-06-25 13:18:17,536: +PARAM [/gazebo/contact_surface_layer] by /gazebo
[rosmaster.master][INFO] 2019-06-25 13:18:17,538: +PARAM [/gazebo/contact_max_correcting_vel] by /gazebo
[rosmaster.master][INFO] 2019-06-25 13:18:17,540: +PARAM [/gazebo/max_contacts] by /gazebo
[rosmaster.master][INFO] 2019-06-25 13:18:17,543: +PARAM [/gazebo/time_step] by /gazebo
[rosmaster.master][INFO] 2019-06-25 13:18:17,545: +PARAM [/gazebo/max_update_rate] by /gazebo
[rosmaster.master][INFO] 2019-06-25 13:18:17,546: +PARAM [/gazebo/gravity_x] by /gazebo
[rosmaster.master][INFO] 2019-06-25 13:18:17,548: +PARAM [/gazebo/gravity_y] by /gazebo
[rosmaster.master][INFO] 2019-06-25 13:18:17,550: +PARAM [/gazebo/gravity_z] by /gazebo
[rosmaster.master][INFO] 2019-06-25 13:18:17,551: +PARAM [/gazebo/auto_disable_bodies] by /gazebo
[rosmaster.master][INFO] 2019-06-25 13:18:17,552: +PARAM [/gazebo/sor_pgs_precon_iters] by /gazebo
[rosmaster.master][INFO] 2019-06-25 13:18:17,553: +PARAM [/gazebo/sor_pgs_iters] by /gazebo
[rosmaster.master][INFO] 2019-06-25 13:18:17,555: +PARAM [/gazebo/sor_pgs_w] by /gazebo
[rosmaster.master][INFO] 2019-06-25 13:18:17,555: +PARAM [/gazebo/sor_pgs_rms_error_tol] by /gazebo
[rosmaster.master][INFO] 2019-06-25 13:18:17,557: +PARAM [/gazebo/cfm] by /gazebo
[rosmaster.master][INFO] 2019-06-25 13:18:17,558: +PARAM [/gazebo/erp] by /gazebo
[rosmaster.master][INFO] 2019-06-25 13:18:17,559: +PARAM [/gazebo/contact_surface_layer] by /gazebo
[rosmaster.master][INFO] 2019-06-25 13:18:17,561: +PARAM [/gazebo/contact_max_correcting_vel] by /gazebo
[rosmaster.master][INFO] 2019-06-25 13:18:17,562: +PARAM [/gazebo/max_contacts] by /gazebo
[rosmaster.master][INFO] 2019-06-25 13:18:17,870: +PUB [/rosout] /mybot_spawn http://dc5b429f784e:33247/
[rosmaster.master][INFO] 2019-06-25 13:18:17,876: +SUB [/clock] /mybot_spawn http://dc5b429f784e:33247/
[rosmaster.master][INFO] 2019-06-25 13:18:17,878: +SERVICE [/mybot_spawn/get_loggers] /mybot_spawn http://dc5b429f784e:33247/
[rosmaster.master][INFO] 2019-06-25 13:18:17,879: +SERVICE [/mybot_spawn/set_logger_level] /mybot_spawn http://dc5b429f784e:33247/
[rosmaster.master][INFO] 2019-06-25 13:18:18,212: -SUB [/clock] /mybot_spawn http://dc5b429f784e:33247/
[rosmaster.master][INFO] 2019-06-25 13:18:18,212: -PUB [/rosout] /mybot_spawn http://dc5b429f784e:33247/
[rosmaster.master][INFO] 2019-06-25 13:18:18,213: -SERVICE [/mybot_spawn/set_logger_level] /mybot_spawn rosrpc://dc5b429f784e:37339
[rosmaster.master][INFO] 2019-06-25 13:18:18,213: -SERVICE [/mybot_spawn/get_loggers] /mybot_spawn rosrpc://dc5b429f784e:37339
[rosmaster.master][ERROR] 2019-06-25 13:18:18,226: Traceback (most recent call last):
  File "/opt/ros/kinetic/lib/python2.7/dist-packages/rosmaster/master_api.py", line 177, in validated_f
    code, msg, val = f(*newArgs, **kwds)
  File "/opt/ros/kinetic/lib/python2.7/dist-packages/rosmaster/master_api.py", line 435, in searchParam
    search_key = self.param_server.search_param(caller_id, key)
  File "/opt/ros/kinetic/lib/python2.7/dist-packages/rosmaster/paramserver.py", line 116, in search_param
    raise ValueError("namespace must be global")
ValueError: namespace must be global

[rosmaster.master][INFO] 2019-06-25 13:18:18,227: +PUB [/scan] /gazebo http://dc5b429f784e:35145/
[rosmaster.master][ERROR] 2019-06-25 13:18:18,317: Traceback (most recent call last):
  File "/opt/ros/kinetic/lib/python2.7/dist-packages/rosmaster/master_api.py", line 177, in validated_f
    code, msg, val = f(*newArgs, **kwds)
  File "/opt/ros/kinetic/lib/python2.7/dist-packages/rosmaster/master_api.py", line 435, in searchParam
    search_key = self.param_server.search_param(caller_id, key)
  File "/opt/ros/kinetic/lib/python2.7/dist-packages/rosmaster/paramserver.py", line 116, in search_param
    raise ValueError("namespace must be global")
ValueError: namespace must be global

[rosmaster.master][INFO] 2019-06-25 13:18:18,319: +PUB [/joint_states] /gazebo http://dc5b429f784e:35145/
[rosmaster.master][INFO] 2019-06-25 13:18:18,320: +PUB [/tf] /gazebo http://dc5b429f784e:35145/
[rosmaster.master][INFO] 2019-06-25 13:18:18,326: +SUB [/cmd_vel] /gazebo http://dc5b429f784e:35145/
[rosmaster.master][INFO] 2019-06-25 13:18:18,327: +PUB [/odom] /gazebo http://dc5b429f784e:35145/
[rosmaster.master][INFO] 2019-06-25 13:18:21,230: +PUB [/rosout] /static_transform_publisher_1561468701226646300 http://dc5b429f784e:43029/
[rosmaster.master][INFO] 2019-06-25 13:18:21,231: +SERVICE [/static_transform_publisher_1561468701226646300/get_loggers] /static_transform_publisher_1561468701226646300 http://dc5b429f784e:43029/
[rosmaster.master][INFO] 2019-06-25 13:18:21,233: +SERVICE [/static_transform_publisher_1561468701226646300/set_logger_level] /static_transform_publisher_1561468701226646300 http://dc5b429f784e:43029/
[rosmaster.master][INFO] 2019-06-25 13:18:21,245: +SUB [/clock] /static_transform_publisher_1561468701226646300 http://dc5b429f784e:43029/
[rosmaster.master][INFO] 2019-06-25 13:18:21,247: +PUB [/tf] /static_transform_publisher_1561468701226646300 http://dc5b429f784e:43029/
[rosmaster.master][INFO] 2019-06-25 13:18:23,975: +PUB [/rosout] /static_transform_publisher_1561468703972810800 http://dc5b429f784e:46495/
[rosmaster.master][INFO] 2019-06-25 13:18:23,981: +SERVICE [/static_transform_publisher_1561468703972810800/get_loggers] /static_transform_publisher_1561468703972810800 http://dc5b429f784e:46495/
[rosmaster.master][INFO] 2019-06-25 13:18:23,982: +SERVICE [/static_transform_publisher_1561468703972810800/set_logger_level] /static_transform_publisher_1561468703972810800 http://dc5b429f784e:46495/
[rosmaster.master][INFO] 2019-06-25 13:18:23,992: +SUB [/clock] /static_transform_publisher_1561468703972810800 http://dc5b429f784e:46495/
[rosmaster.master][INFO] 2019-06-25 13:18:23,994: +PUB [/tf] /static_transform_publisher_1561468703972810800 http://dc5b429f784e:46495/
[rosmaster.master][INFO] 2019-06-25 13:18:26,038: +PUB [/rosout] /static_transform_publisher_1561468706031134600 http://dc5b429f784e:43563/
[rosmaster.master][INFO] 2019-06-25 13:18:26,039: +SERVICE [/static_transform_publisher_1561468706031134600/get_loggers] /static_transform_publisher_1561468706031134600 http://dc5b429f784e:43563/
[rosmaster.master][INFO] 2019-06-25 13:18:26,041: +SERVICE [/static_transform_publisher_1561468706031134600/set_logger_level] /static_transform_publisher_1561468706031134600 http://dc5b429f784e:43563/
[rosmaster.master][INFO] 2019-06-25 13:18:26,065: +SUB [/clock] /static_transform_publisher_1561468706031134600 http://dc5b429f784e:43563/
[rosmaster.master][INFO] 2019-06-25 13:18:26,067: +PUB [/tf] /static_transform_publisher_1561468706031134600 http://dc5b429f784e:43563/
[rosmaster.master][INFO] 2019-06-25 13:18:28,094: +PUB [/rosout] /slam_gmapping http://dc5b429f784e:36343/
[rosmaster.master][INFO] 2019-06-25 13:18:28,096: +SERVICE [/slam_gmapping/get_loggers] /slam_gmapping http://dc5b429f784e:36343/
[rosmaster.master][INFO] 2019-06-25 13:18:28,098: +SERVICE [/slam_gmapping/set_logger_level] /slam_gmapping http://dc5b429f784e:36343/
[rosmaster.master][INFO] 2019-06-25 13:18:28,131: +SUB [/clock] /slam_gmapping http://dc5b429f784e:36343/
[rosmaster.master][INFO] 2019-06-25 13:18:28,141: +SUB [/tf] /slam_gmapping http://dc5b429f784e:36343/
[rosmaster.master][INFO] 2019-06-25 13:18:28,148: +SUB [/tf_static] /slam_gmapping http://dc5b429f784e:36343/
[rosmaster.master][INFO] 2019-06-25 13:18:28,150: +PUB [/tf] /slam_gmapping http://dc5b429f784e:36343/
[rosmaster.master][INFO] 2019-06-25 13:18:28,171: publisherUpdate[/tf] -> http://dc5b429f784e:36343/ ['http://dc5b429f784e:35145/', 'http://dc5b429f784e:43029/', 'http://dc5b429f784e:46495/', 'http://dc5b429f784e:43563/', 'http://dc5b429f784e:36343/']
[rosmaster.master][INFO] 2019-06-25 13:18:28,173: publisherUpdate[/tf] -> http://dc5b429f784e:36343/ ['http://dc5b429f784e:35145/', 'http://dc5b429f784e:43029/', 'http://dc5b429f784e:46495/', 'http://dc5b429f784e:43563/', 'http://dc5b429f784e:36343/']: sec=0.00, result=[1, '', 0]
[rosmaster.master][INFO] 2019-06-25 13:18:28,208: +PUB [/slam_gmapping/entropy] /slam_gmapping http://dc5b429f784e:36343/
[rosmaster.master][INFO] 2019-06-25 13:18:28,210: +PUB [/map] /slam_gmapping http://dc5b429f784e:36343/
[rosmaster.master][INFO] 2019-06-25 13:18:28,212: +PUB [/map_metadata] /slam_gmapping http://dc5b429f784e:36343/
[rosmaster.master][INFO] 2019-06-25 13:18:28,214: +SERVICE [/dynamic_map] /slam_gmapping http://dc5b429f784e:36343/
[rosmaster.master][INFO] 2019-06-25 13:18:28,221: +SUB [/scan] /slam_gmapping http://dc5b429f784e:36343/
[rosmaster.master][INFO] 2019-06-25 13:18:41,105: -PUB [/rosout] /slam_gmapping http://dc5b429f784e:36343/
[rosmaster.master][INFO] 2019-06-25 13:18:41,107: -PUB [/tf] /slam_gmapping http://dc5b429f784e:36343/
[rosmaster.master][INFO] 2019-06-25 13:18:41,108: -PUB [/slam_gmapping/entropy] /slam_gmapping http://dc5b429f784e:36343/
[rosmaster.master][INFO] 2019-06-25 13:18:41,109: -PUB [/map] /slam_gmapping http://dc5b429f784e:36343/
[rosmaster.master][INFO] 2019-06-25 13:18:41,110: -PUB [/map_metadata] /slam_gmapping http://dc5b429f784e:36343/
[rosmaster.master][INFO] 2019-06-25 13:18:41,112: -SUB [/clock] /slam_gmapping http://dc5b429f784e:36343/
[rosmaster.master][INFO] 2019-06-25 13:18:41,113: publisherUpdate[/tf] -> http://dc5b429f784e:36343/ ['http://dc5b429f784e:35145/', 'http://dc5b429f784e:43029/', 'http://dc5b429f784e:46495/', 'http://dc5b429f784e:43563/']
[rosmaster.master][INFO] 2019-06-25 13:18:41,115: publisherUpdate[/tf] -> http://dc5b429f784e:36343/ ['http://dc5b429f784e:35145/', 'http://dc5b429f784e:43029/', 'http://dc5b429f784e:46495/', 'http://dc5b429f784e:43563/']: sec=0.00, exception=<Fault -1: 'publisherUpdate: unknown method name'>
[rosmaster.threadpool][ERROR] 2019-06-25 13:18:41,116: Traceback (most recent call last):
  File "/opt/ros/kinetic/lib/python2.7/dist-packages/rosmaster/threadpool.py", line 218, in run
    result = cmd(*args)
  File "/opt/ros/kinetic/lib/python2.7/dist-packages/rosmaster/master_api.py", line 210, in publisher_update_task
    ret = xmlrpcapi(api).publisherUpdate('/master', topic, pub_uris)
  File "/usr/lib/python2.7/xmlrpclib.py", line 1243, in __call__
    return self.__send(self.__name, args)
  File "/usr/lib/python2.7/xmlrpclib.py", line 1602, in __request
    verbose=self.__verbose
  File "/usr/lib/python2.7/xmlrpclib.py", line 1283, in request
    return self.single_request(host, handler, request_body, verbose)
  File "/usr/lib/python2.7/xmlrpclib.py", line 1316, in single_request
    return self.parse_response(response)
  File "/usr/lib/python2.7/xmlrpclib.py", line 1493, in parse_response
    return u.close()
  File "/usr/lib/python2.7/xmlrpclib.py", line 800, in close
    raise Fault(**self._stack[0])
Fault: <Fault -1: 'publisherUpdate: unknown method name'>

[rosmaster.master][INFO] 2019-06-25 13:18:41,116: -SUB [/tf] /slam_gmapping http://dc5b429f784e:36343/
[rosmaster.master][INFO] 2019-06-25 13:18:41,118: -SUB [/tf_static] /slam_gmapping http://dc5b429f784e:36343/
[rosmaster.master][INFO] 2019-06-25 13:18:41,120: -SUB [/scan] /slam_gmapping http://dc5b429f784e:36343/
[rosmaster.master][INFO] 2019-06-25 13:18:41,123: -SERVICE [/slam_gmapping/get_loggers] /slam_gmapping rosrpc://dc5b429f784e:48681
[rosmaster.master][INFO] 2019-06-25 13:18:41,124: -SERVICE [/slam_gmapping/set_logger_level] /slam_gmapping rosrpc://dc5b429f784e:48681
[rosmaster.master][INFO] 2019-06-25 13:18:41,132: -SERVICE [/dynamic_map] /slam_gmapping rosrpc://dc5b429f784e:48681
[rosmaster.master][INFO] 2019-06-25 13:18:47,041: -SUB [/clock] /teleop_twist_keyboard http://dc5b429f784e:37951/
[rosmaster.master][INFO] 2019-06-25 13:18:47,042: -PUB [/rosout] /teleop_twist_keyboard http://dc5b429f784e:37951/
[rosmaster.master][INFO] 2019-06-25 13:18:47,042: -PUB [/cmd_vel] /teleop_twist_keyboard http://dc5b429f784e:37951/
[rosmaster.master][INFO] 2019-06-25 13:18:47,043: -SERVICE [/teleop_twist_keyboard/set_logger_level] /teleop_twist_keyboard rosrpc://dc5b429f784e:42051
[rosmaster.master][INFO] 2019-06-25 13:18:47,043: -SERVICE [/teleop_twist_keyboard/get_loggers] /teleop_twist_keyboard rosrpc://dc5b429f784e:42051
[rosmaster.master][INFO] 2019-06-25 13:18:48,716: -PUB [/rosout] /static_transform_publisher_1561468703972810800 http://dc5b429f784e:46495/
[rosmaster.master][INFO] 2019-06-25 13:18:48,718: -PUB [/tf] /static_transform_publisher_1561468703972810800 http://dc5b429f784e:46495/
[rosmaster.master][INFO] 2019-06-25 13:18:48,719: -SUB [/clock] /static_transform_publisher_1561468703972810800 http://dc5b429f784e:46495/
[rosmaster.master][INFO] 2019-06-25 13:18:48,727: -SERVICE [/static_transform_publisher_1561468703972810800/get_loggers] /static_transform_publisher_1561468703972810800 rosrpc://dc5b429f784e:37943
[rosmaster.master][INFO] 2019-06-25 13:18:48,729: -SERVICE [/static_transform_publisher_1561468703972810800/set_logger_level] /static_transform_publisher_1561468703972810800 rosrpc://dc5b429f784e:37943
[rosmaster.master][INFO] 2019-06-25 13:18:49,316: -PUB [/rosout] /static_transform_publisher_1561468706031134600 http://dc5b429f784e:43563/
[rosmaster.master][INFO] 2019-06-25 13:18:49,318: -PUB [/tf] /static_transform_publisher_1561468706031134600 http://dc5b429f784e:43563/
[rosmaster.master][INFO] 2019-06-25 13:18:49,319: -SUB [/clock] /static_transform_publisher_1561468706031134600 http://dc5b429f784e:43563/
[rosmaster.master][INFO] 2019-06-25 13:18:49,321: -SERVICE [/static_transform_publisher_1561468706031134600/get_loggers] /static_transform_publisher_1561468706031134600 rosrpc://dc5b429f784e:58691
[rosmaster.master][INFO] 2019-06-25 13:18:49,322: -SERVICE [/static_transform_publisher_1561468706031134600/set_logger_level] /static_transform_publisher_1561468706031134600 rosrpc://dc5b429f784e:58691
[rosmaster.master][INFO] 2019-06-25 13:18:50,021: -PUB [/rosout] /static_transform_publisher_1561468701226646300 http://dc5b429f784e:43029/
[rosmaster.master][INFO] 2019-06-25 13:18:50,025: -PUB [/tf] /static_transform_publisher_1561468701226646300 http://dc5b429f784e:43029/
[rosmaster.master][INFO] 2019-06-25 13:18:50,027: -SUB [/clock] /static_transform_publisher_1561468701226646300 http://dc5b429f784e:43029/
[rosmaster.master][INFO] 2019-06-25 13:18:50,029: -SERVICE [/static_transform_publisher_1561468701226646300/get_loggers] /static_transform_publisher_1561468701226646300 rosrpc://dc5b429f784e:59645
[rosmaster.master][INFO] 2019-06-25 13:18:50,030: -SERVICE [/static_transform_publisher_1561468701226646300/set_logger_level] /static_transform_publisher_1561468701226646300 rosrpc://dc5b429f784e:59645
[rosmaster.master][INFO] 2019-06-25 13:18:54,310: +PUB [/rosout] /rostopic_69073_1561468734097 http://dc5b429f784e:45787/
[rosmaster.master][INFO] 2019-06-25 13:18:54,320: +SUB [/clock] /rostopic_69073_1561468734097 http://dc5b429f784e:45787/
[rosmaster.master][INFO] 2019-06-25 13:18:54,326: +SERVICE [/rostopic_69073_1561468734097/get_loggers] /rostopic_69073_1561468734097 http://dc5b429f784e:45787/
[rosmaster.master][INFO] 2019-06-25 13:18:54,329: +SERVICE [/rostopic_69073_1561468734097/set_logger_level] /rostopic_69073_1561468734097 http://dc5b429f784e:45787/
[rosmaster.master][INFO] 2019-06-25 13:18:54,354: +SUB [/tf] /rostopic_69073_1561468734097 http://dc5b429f784e:45787/
[rosmaster.master][INFO] 2019-06-25 13:18:57,278: -SUB [/clock] /rostopic_69073_1561468734097 http://dc5b429f784e:45787/
[rosmaster.master][INFO] 2019-06-25 13:18:57,279: -SUB [/tf] /rostopic_69073_1561468734097 http://dc5b429f784e:45787/
[rosmaster.master][INFO] 2019-06-25 13:18:57,279: -PUB [/rosout] /rostopic_69073_1561468734097 http://dc5b429f784e:45787/
[rosmaster.master][INFO] 2019-06-25 13:18:57,281: -SERVICE [/rostopic_69073_1561468734097/get_loggers] /rostopic_69073_1561468734097 rosrpc://dc5b429f784e:32953
[rosmaster.master][INFO] 2019-06-25 13:18:57,281: -SERVICE [/rostopic_69073_1561468734097/set_logger_level] /rostopic_69073_1561468734097 rosrpc://dc5b429f784e:32953
[rosmaster.master][INFO] 2019-06-25 13:18:58,574: -SUB [/gazebo/set_link_state] /gazebo http://dc5b429f784e:35145/
[rosmaster.master][INFO] 2019-06-25 13:18:58,576: -SUB [/gazebo/set_model_state] /gazebo http://dc5b429f784e:35145/
[rosmaster.master][INFO] 2019-06-25 13:18:58,578: -PUB [/clock] /gazebo http://dc5b429f784e:35145/
[rosmaster.master][INFO] 2019-06-25 13:18:58,580: -PUB [/gazebo/link_states] /gazebo http://dc5b429f784e:35145/
[rosmaster.master][INFO] 2019-06-25 13:18:58,582: -PUB [/gazebo/model_states] /gazebo http://dc5b429f784e:35145/
[rosmaster.master][INFO] 2019-06-25 13:18:58,583: -SERVICE [/gazebo/spawn_sdf_model] /gazebo rosrpc://dc5b429f784e:57547
[rosmaster.master][INFO] 2019-06-25 13:18:58,585: -SERVICE [/gazebo/spawn_urdf_model] /gazebo rosrpc://dc5b429f784e:57547
[rosmaster.master][INFO] 2019-06-25 13:18:58,587: -SERVICE [/gazebo/delete_model] /gazebo rosrpc://dc5b429f784e:57547
[rosmaster.master][INFO] 2019-06-25 13:18:58,588: -SERVICE [/gazebo/delete_light] /gazebo rosrpc://dc5b429f784e:57547
[rosmaster.master][INFO] 2019-06-25 13:18:58,589: -SERVICE [/gazebo/get_model_properties] /gazebo rosrpc://dc5b429f784e:57547
[rosmaster.master][INFO] 2019-06-25 13:18:58,591: -SERVICE [/gazebo/get_model_state] /gazebo rosrpc://dc5b429f784e:57547
[rosmaster.master][INFO] 2019-06-25 13:18:58,592: -SERVICE [/gazebo/get_world_properties] /gazebo rosrpc://dc5b429f784e:57547
[rosmaster.master][INFO] 2019-06-25 13:18:58,593: -SERVICE [/gazebo/get_joint_properties] /gazebo rosrpc://dc5b429f784e:57547
[rosmaster.master][INFO] 2019-06-25 13:18:58,594: -SERVICE [/gazebo/get_link_properties] /gazebo rosrpc://dc5b429f784e:57547
[rosmaster.master][INFO] 2019-06-25 13:18:58,595: -SERVICE [/gazebo/get_link_state] /gazebo rosrpc://dc5b429f784e:57547
[rosmaster.master][INFO] 2019-06-25 13:18:58,596: -SERVICE [/gazebo/get_light_properties] /gazebo rosrpc://dc5b429f784e:57547
[rosmaster.master][INFO] 2019-06-25 13:18:58,597: -SERVICE [/gazebo/set_light_properties] /gazebo rosrpc://dc5b429f784e:57547
[rosmaster.master][INFO] 2019-06-25 13:18:58,598: -SERVICE [/gazebo/get_physics_properties] /gazebo rosrpc://dc5b429f784e:57547
[rosmaster.master][INFO] 2019-06-25 13:18:58,600: -SERVICE [/gazebo/set_link_properties] /gazebo rosrpc://dc5b429f784e:57547
[rosmaster.master][INFO] 2019-06-25 13:18:58,601: -SERVICE [/gazebo/set_physics_properties] /gazebo rosrpc://dc5b429f784e:57547
[rosmaster.master][INFO] 2019-06-25 13:18:58,602: -SERVICE [/gazebo/set_model_state] /gazebo rosrpc://dc5b429f784e:57547
[rosmaster.master][INFO] 2019-06-25 13:18:58,604: -SERVICE [/gazebo/set_model_configuration] /gazebo rosrpc://dc5b429f784e:57547
[rosmaster.master][INFO] 2019-06-25 13:18:58,605: -SERVICE [/gazebo/set_joint_properties] /gazebo rosrpc://dc5b429f784e:57547
[rosmaster.master][INFO] 2019-06-25 13:18:58,606: -SERVICE [/gazebo/set_link_state] /gazebo rosrpc://dc5b429f784e:57547
[rosmaster.master][INFO] 2019-06-25 13:18:58,607: -SERVICE [/gazebo/pause_physics] /gazebo rosrpc://dc5b429f784e:57547
[rosmaster.master][INFO] 2019-06-25 13:18:58,627: publisherUpdate[/clock] -> http://dc5b429f784e:35145/ []
[rosmaster.master][INFO] 2019-06-25 13:18:58,628: publisherUpdate[/clock] -> http://dc5b429f784e:35145/ []: sec=0.00, result=[1, '', 0]
[rosmaster.master][INFO] 2019-06-25 13:18:58,632: -SERVICE [/gazebo/unpause_physics] /gazebo rosrpc://dc5b429f784e:57547
[rosmaster.master][INFO] 2019-06-25 13:18:58,634: -SERVICE [/gazebo/apply_body_wrench] /gazebo rosrpc://dc5b429f784e:57547
[rosmaster.master][INFO] 2019-06-25 13:18:58,635: -SERVICE [/gazebo/apply_joint_effort] /gazebo rosrpc://dc5b429f784e:57547
[rosmaster.master][INFO] 2019-06-25 13:18:58,636: -SERVICE [/gazebo/clear_joint_forces] /gazebo rosrpc://dc5b429f784e:57547
[rosmaster.master][INFO] 2019-06-25 13:18:58,638: -SERVICE [/gazebo/clear_body_wrenches] /gazebo rosrpc://dc5b429f784e:57547
[rosmaster.master][INFO] 2019-06-25 13:18:58,639: -SERVICE [/gazebo/reset_simulation] /gazebo rosrpc://dc5b429f784e:57547
[rosmaster.master][INFO] 2019-06-25 13:18:58,640: -SERVICE [/gazebo/reset_world] /gazebo rosrpc://dc5b429f784e:57547
[rosmaster.master][INFO] 2019-06-25 13:18:58,644: -PUB [/gazebo/parameter_descriptions] /gazebo http://dc5b429f784e:35145/
[rosmaster.master][INFO] 2019-06-25 13:18:58,645: -PUB [/gazebo/parameter_updates] /gazebo http://dc5b429f784e:35145/
[rosmaster.master][INFO] 2019-06-25 13:18:58,647: -SERVICE [/gazebo/set_parameters] /gazebo rosrpc://dc5b429f784e:57547
[rosmaster.master][INFO] 2019-06-25 13:19:02,800: +PUB [/rosout] /rostopic_69160_1561468742649 http://dc5b429f784e:35823/
[rosmaster.master][INFO] 2019-06-25 13:19:02,805: +SUB [/clock] /rostopic_69160_1561468742649 http://dc5b429f784e:35823/
[rosmaster.master][INFO] 2019-06-25 13:19:02,806: +SERVICE [/rostopic_69160_1561468742649/get_loggers] /rostopic_69160_1561468742649 http://dc5b429f784e:35823/
[rosmaster.master][INFO] 2019-06-25 13:19:02,808: +SERVICE [/rostopic_69160_1561468742649/set_logger_level] /rostopic_69160_1561468742649 http://dc5b429f784e:35823/
[rosmaster.master][INFO] 2019-06-25 13:19:02,823: +SUB [/tf] /rostopic_69160_1561468742649 http://dc5b429f784e:35823/
[rosmaster.master][INFO] 2019-06-25 13:19:06,193: -SUB [/clock] /rostopic_69160_1561468742649 http://dc5b429f784e:35823/
[rosmaster.master][INFO] 2019-06-25 13:19:06,194: -SUB [/tf] /rostopic_69160_1561468742649 http://dc5b429f784e:35823/
[rosmaster.master][INFO] 2019-06-25 13:19:06,194: -PUB [/rosout] /rostopic_69160_1561468742649 http://dc5b429f784e:35823/
[rosmaster.master][INFO] 2019-06-25 13:19:06,194: -SERVICE [/rostopic_69160_1561468742649/set_logger_level] /rostopic_69160_1561468742649 rosrpc://dc5b429f784e:33515
[rosmaster.master][INFO] 2019-06-25 13:19:06,194: -SERVICE [/rostopic_69160_1561468742649/get_loggers] /rostopic_69160_1561468742649 rosrpc://dc5b429f784e:33515
[rosmaster.master][INFO] 2019-06-25 13:19:12,990: +PARAM [/roslaunch/uris/host_dc5b429f784e__39005] by /roslaunch
[rosmaster.master][INFO] 2019-06-25 13:19:12,994: +PARAM [/rosversion] by /roslaunch
[rosmaster.master][INFO] 2019-06-25 13:19:12,994: +PARAM [/use_sim_time] by /roslaunch
[rosmaster.master][INFO] 2019-06-25 13:19:12,994: +PARAM [/rosdistro] by /roslaunch
[rosmaster.master][INFO] 2019-06-25 13:19:12,994: +PARAM [/robot_description] by /roslaunch
[rosmaster.master][INFO] 2019-06-25 13:19:13,860: +PUB [/rosout] /gazebo http://dc5b429f784e:46811/
[rosmaster.master][INFO] 2019-06-25 13:19:13,862: +SERVICE [/gazebo/get_loggers] /gazebo http://dc5b429f784e:46811/
[rosmaster.master][INFO] 2019-06-25 13:19:13,863: +SERVICE [/gazebo/set_logger_level] /gazebo http://dc5b429f784e:46811/
[rosmaster.master][INFO] 2019-06-25 13:19:13,870: +SUB [/clock] /gazebo http://dc5b429f784e:46811/
[rosmaster.master][INFO] 2019-06-25 13:19:14,304: +PUB [/clock] /gazebo http://dc5b429f784e:46811/
[rosmaster.master][INFO] 2019-06-25 13:19:14,306: +SERVICE [/gazebo/spawn_sdf_model] /gazebo http://dc5b429f784e:46811/
[rosmaster.master][INFO] 2019-06-25 13:19:14,307: +SERVICE [/gazebo/spawn_urdf_model] /gazebo http://dc5b429f784e:46811/
[rosmaster.master][INFO] 2019-06-25 13:19:14,308: +SERVICE [/gazebo/delete_model] /gazebo http://dc5b429f784e:46811/
[rosmaster.master][INFO] 2019-06-25 13:19:14,309: +SERVICE [/gazebo/delete_light] /gazebo http://dc5b429f784e:46811/
[rosmaster.master][INFO] 2019-06-25 13:19:14,310: +SERVICE [/gazebo/get_model_properties] /gazebo http://dc5b429f784e:46811/
[rosmaster.master][INFO] 2019-06-25 13:19:14,311: +SERVICE [/gazebo/get_model_state] /gazebo http://dc5b429f784e:46811/
[rosmaster.master][INFO] 2019-06-25 13:19:14,312: +SERVICE [/gazebo/get_world_properties] /gazebo http://dc5b429f784e:46811/
[rosmaster.master][INFO] 2019-06-25 13:19:14,313: +SERVICE [/gazebo/get_joint_properties] /gazebo http://dc5b429f784e:46811/
[rosmaster.master][INFO] 2019-06-25 13:19:14,314: +SERVICE [/gazebo/get_link_properties] /gazebo http://dc5b429f784e:46811/
[rosmaster.master][INFO] 2019-06-25 13:19:14,315: +SERVICE [/gazebo/get_link_state] /gazebo http://dc5b429f784e:46811/
[rosmaster.master][INFO] 2019-06-25 13:19:14,316: +SERVICE [/gazebo/get_light_properties] /gazebo http://dc5b429f784e:46811/
[rosmaster.master][INFO] 2019-06-25 13:19:14,317: +SERVICE [/gazebo/set_light_properties] /gazebo http://dc5b429f784e:46811/
[rosmaster.master][INFO] 2019-06-25 13:19:14,318: +SERVICE [/gazebo/get_physics_properties] /gazebo http://dc5b429f784e:46811/
[rosmaster.master][INFO] 2019-06-25 13:19:14,319: +PUB [/gazebo/link_states] /gazebo http://dc5b429f784e:46811/
[rosmaster.master][INFO] 2019-06-25 13:19:14,320: +PUB [/gazebo/model_states] /gazebo http://dc5b429f784e:46811/
[rosmaster.master][INFO] 2019-06-25 13:19:14,321: +SERVICE [/gazebo/set_link_properties] /gazebo http://dc5b429f784e:46811/
[rosmaster.master][INFO] 2019-06-25 13:19:14,322: +SERVICE [/gazebo/set_physics_properties] /gazebo http://dc5b429f784e:46811/
[rosmaster.master][INFO] 2019-06-25 13:19:14,323: +SERVICE [/gazebo/set_model_state] /gazebo http://dc5b429f784e:46811/
[rosmaster.master][INFO] 2019-06-25 13:19:14,324: +SERVICE [/gazebo/set_model_configuration] /gazebo http://dc5b429f784e:46811/
[rosmaster.master][INFO] 2019-06-25 13:19:14,325: +SERVICE [/gazebo/set_joint_properties] /gazebo http://dc5b429f784e:46811/
[rosmaster.master][INFO] 2019-06-25 13:19:14,326: +SERVICE [/gazebo/set_link_state] /gazebo http://dc5b429f784e:46811/
[rosmaster.master][INFO] 2019-06-25 13:19:14,332: +SUB [/gazebo/set_link_state] /gazebo http://dc5b429f784e:46811/
[rosmaster.master][INFO] 2019-06-25 13:19:14,338: +SUB [/gazebo/set_model_state] /gazebo http://dc5b429f784e:46811/
[rosmaster.master][INFO] 2019-06-25 13:19:14,340: +SERVICE [/gazebo/pause_physics] /gazebo http://dc5b429f784e:46811/
[rosmaster.master][INFO] 2019-06-25 13:19:14,341: +SERVICE [/gazebo/unpause_physics] /gazebo http://dc5b429f784e:46811/
[rosmaster.master][INFO] 2019-06-25 13:19:14,342: +SERVICE [/gazebo/apply_body_wrench] /gazebo http://dc5b429f784e:46811/
[rosmaster.master][INFO] 2019-06-25 13:19:14,343: +SERVICE [/gazebo/apply_joint_effort] /gazebo http://dc5b429f784e:46811/
[rosmaster.master][INFO] 2019-06-25 13:19:14,345: +SERVICE [/gazebo/clear_joint_forces] /gazebo http://dc5b429f784e:46811/
[rosmaster.master][INFO] 2019-06-25 13:19:14,346: +SERVICE [/gazebo/clear_body_wrenches] /gazebo http://dc5b429f784e:46811/
[rosmaster.master][INFO] 2019-06-25 13:19:14,347: +SERVICE [/gazebo/reset_simulation] /gazebo http://dc5b429f784e:46811/
[rosmaster.master][INFO] 2019-06-25 13:19:14,348: +SERVICE [/gazebo/reset_world] /gazebo http://dc5b429f784e:46811/
[rosmaster.master][INFO] 2019-06-25 13:19:14,379: publisherUpdate[/clock] -> http://dc5b429f784e:46811/ ['http://dc5b429f784e:46811/']
[rosmaster.master][INFO] 2019-06-25 13:19:14,380: publisherUpdate[/clock] -> http://dc5b429f784e:46811/ ['http://dc5b429f784e:46811/']: sec=0.00, result=[1, '', 0]
[rosmaster.master][INFO] 2019-06-25 13:19:14,495: +SERVICE [/gazebo/set_parameters] /gazebo http://dc5b429f784e:46811/
[rosmaster.master][INFO] 2019-06-25 13:19:14,496: +PUB [/gazebo/parameter_descriptions] /gazebo http://dc5b429f784e:46811/
[rosmaster.master][INFO] 2019-06-25 13:19:14,497: +PUB [/gazebo/parameter_updates] /gazebo http://dc5b429f784e:46811/
[rosmaster.master][INFO] 2019-06-25 13:19:14,514: +PARAM [/gazebo/time_step] by /gazebo
[rosmaster.master][INFO] 2019-06-25 13:19:14,516: +PARAM [/gazebo/max_update_rate] by /gazebo
[rosmaster.master][INFO] 2019-06-25 13:19:14,517: +PARAM [/gazebo/gravity_x] by /gazebo
[rosmaster.master][INFO] 2019-06-25 13:19:14,519: +PARAM [/gazebo/gravity_y] by /gazebo
[rosmaster.master][INFO] 2019-06-25 13:19:14,521: +PARAM [/gazebo/gravity_z] by /gazebo
[rosmaster.master][INFO] 2019-06-25 13:19:14,522: +PARAM [/gazebo/auto_disable_bodies] by /gazebo
[rosmaster.master][INFO] 2019-06-25 13:19:14,524: +PARAM [/gazebo/sor_pgs_precon_iters] by /gazebo
[rosmaster.master][INFO] 2019-06-25 13:19:14,526: +PARAM [/gazebo/sor_pgs_iters] by /gazebo
[rosmaster.master][INFO] 2019-06-25 13:19:14,527: +PARAM [/gazebo/sor_pgs_w] by /gazebo
[rosmaster.master][INFO] 2019-06-25 13:19:14,529: +PARAM [/gazebo/sor_pgs_rms_error_tol] by /gazebo
[rosmaster.master][INFO] 2019-06-25 13:19:14,531: +PARAM [/gazebo/cfm] by /gazebo
[rosmaster.master][INFO] 2019-06-25 13:19:14,532: +PARAM [/gazebo/erp] by /gazebo
[rosmaster.master][INFO] 2019-06-25 13:19:14,534: +PARAM [/gazebo/contact_surface_layer] by /gazebo
[rosmaster.master][INFO] 2019-06-25 13:19:14,536: +PARAM [/gazebo/contact_max_correcting_vel] by /gazebo
[rosmaster.master][INFO] 2019-06-25 13:19:14,538: +PARAM [/gazebo/max_contacts] by /gazebo
[rosmaster.master][INFO] 2019-06-25 13:19:14,542: +PARAM [/gazebo/time_step] by /gazebo
[rosmaster.master][INFO] 2019-06-25 13:19:14,544: +PARAM [/gazebo/max_update_rate] by /gazebo
[rosmaster.master][INFO] 2019-06-25 13:19:14,545: +PARAM [/gazebo/gravity_x] by /gazebo
[rosmaster.master][INFO] 2019-06-25 13:19:14,546: +PARAM [/gazebo/gravity_y] by /gazebo
[rosmaster.master][INFO] 2019-06-25 13:19:14,548: +PARAM [/gazebo/gravity_z] by /gazebo
[rosmaster.master][INFO] 2019-06-25 13:19:14,549: +PARAM [/gazebo/auto_disable_bodies] by /gazebo
[rosmaster.master][INFO] 2019-06-25 13:19:14,551: +PARAM [/gazebo/sor_pgs_precon_iters] by /gazebo
[rosmaster.master][INFO] 2019-06-25 13:19:14,553: +PARAM [/gazebo/sor_pgs_iters] by /gazebo
[rosmaster.master][INFO] 2019-06-25 13:19:14,555: +PARAM [/gazebo/sor_pgs_w] by /gazebo
[rosmaster.master][INFO] 2019-06-25 13:19:14,556: +PARAM [/gazebo/sor_pgs_rms_error_tol] by /gazebo
[rosmaster.master][INFO] 2019-06-25 13:19:14,557: +PARAM [/gazebo/cfm] by /gazebo
[rosmaster.master][INFO] 2019-06-25 13:19:14,559: +PARAM [/gazebo/erp] by /gazebo
[rosmaster.master][INFO] 2019-06-25 13:19:14,560: +PARAM [/gazebo/contact_surface_layer] by /gazebo
[rosmaster.master][INFO] 2019-06-25 13:19:14,562: +PARAM [/gazebo/contact_max_correcting_vel] by /gazebo
[rosmaster.master][INFO] 2019-06-25 13:19:14,563: +PARAM [/gazebo/max_contacts] by /gazebo
[rosmaster.master][INFO] 2019-06-25 13:19:14,865: +PUB [/rosout] /mybot_spawn http://dc5b429f784e:42781/
[rosmaster.master][INFO] 2019-06-25 13:19:14,869: +SUB [/clock] /mybot_spawn http://dc5b429f784e:42781/
[rosmaster.master][INFO] 2019-06-25 13:19:14,871: +SERVICE [/mybot_spawn/get_loggers] /mybot_spawn http://dc5b429f784e:42781/
[rosmaster.master][INFO] 2019-06-25 13:19:14,872: +SERVICE [/mybot_spawn/set_logger_level] /mybot_spawn http://dc5b429f784e:42781/
[rosmaster.master][INFO] 2019-06-25 13:19:15,209: -SUB [/clock] /mybot_spawn http://dc5b429f784e:42781/
[rosmaster.master][INFO] 2019-06-25 13:19:15,210: -PUB [/rosout] /mybot_spawn http://dc5b429f784e:42781/
[rosmaster.master][INFO] 2019-06-25 13:19:15,210: -SERVICE [/mybot_spawn/set_logger_level] /mybot_spawn rosrpc://dc5b429f784e:33655
[rosmaster.master][INFO] 2019-06-25 13:19:15,210: -SERVICE [/mybot_spawn/get_loggers] /mybot_spawn rosrpc://dc5b429f784e:33655
[rosmaster.master][ERROR] 2019-06-25 13:19:15,224: Traceback (most recent call last):
  File "/opt/ros/kinetic/lib/python2.7/dist-packages/rosmaster/master_api.py", line 177, in validated_f
    code, msg, val = f(*newArgs, **kwds)
  File "/opt/ros/kinetic/lib/python2.7/dist-packages/rosmaster/master_api.py", line 435, in searchParam
    search_key = self.param_server.search_param(caller_id, key)
  File "/opt/ros/kinetic/lib/python2.7/dist-packages/rosmaster/paramserver.py", line 116, in search_param
    raise ValueError("namespace must be global")
ValueError: namespace must be global

[rosmaster.master][INFO] 2019-06-25 13:19:15,225: +PUB [/scan] /gazebo http://dc5b429f784e:46811/
[rosmaster.master][ERROR] 2019-06-25 13:19:15,314: Traceback (most recent call last):
  File "/opt/ros/kinetic/lib/python2.7/dist-packages/rosmaster/master_api.py", line 177, in validated_f
    code, msg, val = f(*newArgs, **kwds)
  File "/opt/ros/kinetic/lib/python2.7/dist-packages/rosmaster/master_api.py", line 435, in searchParam
    search_key = self.param_server.search_param(caller_id, key)
  File "/opt/ros/kinetic/lib/python2.7/dist-packages/rosmaster/paramserver.py", line 116, in search_param
    raise ValueError("namespace must be global")
ValueError: namespace must be global

[rosmaster.master][INFO] 2019-06-25 13:19:15,316: +PUB [/joint_states] /gazebo http://dc5b429f784e:46811/
[rosmaster.master][INFO] 2019-06-25 13:19:15,318: +PUB [/tf] /gazebo http://dc5b429f784e:46811/
[rosmaster.master][INFO] 2019-06-25 13:19:15,324: +SUB [/cmd_vel] /gazebo http://dc5b429f784e:46811/
[rosmaster.master][INFO] 2019-06-25 13:19:15,325: +PUB [/odom] /gazebo http://dc5b429f784e:46811/
[rosmaster.master][INFO] 2019-06-25 13:19:20,073: +PUB [/rosout] /static_transform_publisher_1561468760069189300 http://dc5b429f784e:45365/
[rosmaster.master][INFO] 2019-06-25 13:19:20,074: +SERVICE [/static_transform_publisher_1561468760069189300/get_loggers] /static_transform_publisher_1561468760069189300 http://dc5b429f784e:45365/
[rosmaster.master][INFO] 2019-06-25 13:19:20,075: +SERVICE [/static_transform_publisher_1561468760069189300/set_logger_level] /static_transform_publisher_1561468760069189300 http://dc5b429f784e:45365/
[rosmaster.master][INFO] 2019-06-25 13:19:20,085: +SUB [/clock] /static_transform_publisher_1561468760069189300 http://dc5b429f784e:45365/
[rosmaster.master][INFO] 2019-06-25 13:19:20,087: +PUB [/tf] /static_transform_publisher_1561468760069189300 http://dc5b429f784e:45365/
[rosmaster.master][INFO] 2019-06-25 13:19:21,896: +PUB [/rosout] /static_transform_publisher_1561468761892376100 http://dc5b429f784e:36883/
[rosmaster.master][INFO] 2019-06-25 13:19:21,898: +SERVICE [/static_transform_publisher_1561468761892376100/get_loggers] /static_transform_publisher_1561468761892376100 http://dc5b429f784e:36883/
[rosmaster.master][INFO] 2019-06-25 13:19:21,900: +SERVICE [/static_transform_publisher_1561468761892376100/set_logger_level] /static_transform_publisher_1561468761892376100 http://dc5b429f784e:36883/
[rosmaster.master][INFO] 2019-06-25 13:19:21,913: +SUB [/clock] /static_transform_publisher_1561468761892376100 http://dc5b429f784e:36883/
[rosmaster.master][INFO] 2019-06-25 13:19:21,915: +PUB [/tf] /static_transform_publisher_1561468761892376100 http://dc5b429f784e:36883/
[rosmaster.master][INFO] 2019-06-25 13:19:24,355: +PUB [/rosout] /slam_gmapping http://dc5b429f784e:36695/
[rosmaster.master][INFO] 2019-06-25 13:19:24,357: +SERVICE [/slam_gmapping/get_loggers] /slam_gmapping http://dc5b429f784e:36695/
[rosmaster.master][INFO] 2019-06-25 13:19:24,359: +SERVICE [/slam_gmapping/set_logger_level] /slam_gmapping http://dc5b429f784e:36695/
[rosmaster.master][INFO] 2019-06-25 13:19:24,372: +SUB [/clock] /slam_gmapping http://dc5b429f784e:36695/
[rosmaster.master][INFO] 2019-06-25 13:19:24,384: +SUB [/tf] /slam_gmapping http://dc5b429f784e:36695/
[rosmaster.master][INFO] 2019-06-25 13:19:24,392: +SUB [/tf_static] /slam_gmapping http://dc5b429f784e:36695/
[rosmaster.master][INFO] 2019-06-25 13:19:24,394: +PUB [/tf] /slam_gmapping http://dc5b429f784e:36695/
[rosmaster.master][INFO] 2019-06-25 13:19:24,401: publisherUpdate[/tf] -> http://dc5b429f784e:36695/ ['http://dc5b429f784e:46811/', 'http://dc5b429f784e:45365/', 'http://dc5b429f784e:36883/', 'http://dc5b429f784e:36695/']
[rosmaster.master][INFO] 2019-06-25 13:19:24,403: publisherUpdate[/tf] -> http://dc5b429f784e:36695/ ['http://dc5b429f784e:46811/', 'http://dc5b429f784e:45365/', 'http://dc5b429f784e:36883/', 'http://dc5b429f784e:36695/']: sec=0.00, result=[1, '', 0]
[rosmaster.master][INFO] 2019-06-25 13:19:24,455: +PUB [/slam_gmapping/entropy] /slam_gmapping http://dc5b429f784e:36695/
[rosmaster.master][INFO] 2019-06-25 13:19:24,457: +PUB [/map] /slam_gmapping http://dc5b429f784e:36695/
[rosmaster.master][INFO] 2019-06-25 13:19:24,459: +PUB [/map_metadata] /slam_gmapping http://dc5b429f784e:36695/
[rosmaster.master][INFO] 2019-06-25 13:19:24,461: +SERVICE [/dynamic_map] /slam_gmapping http://dc5b429f784e:36695/
[rosmaster.master][INFO] 2019-06-25 13:19:24,479: +SUB [/scan] /slam_gmapping http://dc5b429f784e:36695/
[rosmaster.master][INFO] 2019-06-25 13:19:32,054: +PUB [/rosout] /static_transform_publisher_1561468772049260200 http://dc5b429f784e:38203/
[rosmaster.master][INFO] 2019-06-25 13:19:32,058: +SERVICE [/static_transform_publisher_1561468772049260200/get_loggers] /static_transform_publisher_1561468772049260200 http://dc5b429f784e:38203/
[rosmaster.master][INFO] 2019-06-25 13:19:32,060: +SERVICE [/static_transform_publisher_1561468772049260200/set_logger_level] /static_transform_publisher_1561468772049260200 http://dc5b429f784e:38203/
[rosmaster.master][INFO] 2019-06-25 13:19:32,074: +SUB [/clock] /static_transform_publisher_1561468772049260200 http://dc5b429f784e:38203/
[rosmaster.master][INFO] 2019-06-25 13:19:32,076: +PUB [/tf] /static_transform_publisher_1561468772049260200 http://dc5b429f784e:38203/
[rosmaster.master][INFO] 2019-06-25 13:19:32,120: publisherUpdate[/tf] -> http://dc5b429f784e:36695/ ['http://dc5b429f784e:46811/', 'http://dc5b429f784e:45365/', 'http://dc5b429f784e:36883/', 'http://dc5b429f784e:36695/', 'http://dc5b429f784e:38203/']
[rosmaster.master][INFO] 2019-06-25 13:19:32,122: publisherUpdate[/tf] -> http://dc5b429f784e:36695/ ['http://dc5b429f784e:46811/', 'http://dc5b429f784e:45365/', 'http://dc5b429f784e:36883/', 'http://dc5b429f784e:36695/', 'http://dc5b429f784e:38203/']: sec=0.00, result=[1, '', 0]
[rosmaster.master][INFO] 2019-06-25 13:19:35,531: -PUB [/rosout] /static_transform_publisher_1561468772049260200 http://dc5b429f784e:38203/
[rosmaster.master][INFO] 2019-06-25 13:19:35,534: -PUB [/tf] /static_transform_publisher_1561468772049260200 http://dc5b429f784e:38203/
[rosmaster.master][INFO] 2019-06-25 13:19:35,534: publisherUpdate[/tf] -> http://dc5b429f784e:36695/ ['http://dc5b429f784e:46811/', 'http://dc5b429f784e:45365/', 'http://dc5b429f784e:36883/', 'http://dc5b429f784e:36695/']
[rosmaster.master][INFO] 2019-06-25 13:19:35,536: publisherUpdate[/tf] -> http://dc5b429f784e:36695/ ['http://dc5b429f784e:46811/', 'http://dc5b429f784e:45365/', 'http://dc5b429f784e:36883/', 'http://dc5b429f784e:36695/']: sec=0.00, result=[1, '', 0]
[rosmaster.master][INFO] 2019-06-25 13:19:35,547: -SUB [/clock] /static_transform_publisher_1561468772049260200 http://dc5b429f784e:38203/
[rosmaster.master][INFO] 2019-06-25 13:19:35,549: -SERVICE [/static_transform_publisher_1561468772049260200/get_loggers] /static_transform_publisher_1561468772049260200 rosrpc://dc5b429f784e:60177
[rosmaster.master][INFO] 2019-06-25 13:19:35,553: -SERVICE [/static_transform_publisher_1561468772049260200/set_logger_level] /static_transform_publisher_1561468772049260200 rosrpc://dc5b429f784e:60177
[rosmaster.master][INFO] 2019-06-25 13:19:40,243: -PUB [/rosout] /static_transform_publisher_1561468760069189300 http://dc5b429f784e:45365/
[rosmaster.master][INFO] 2019-06-25 13:19:40,246: -PUB [/tf] /static_transform_publisher_1561468760069189300 http://dc5b429f784e:45365/
[rosmaster.master][INFO] 2019-06-25 13:19:40,251: publisherUpdate[/tf] -> http://dc5b429f784e:36695/ ['http://dc5b429f784e:46811/', 'http://dc5b429f784e:36883/', 'http://dc5b429f784e:36695/']
[rosmaster.master][INFO] 2019-06-25 13:19:40,253: publisherUpdate[/tf] -> http://dc5b429f784e:36695/ ['http://dc5b429f784e:46811/', 'http://dc5b429f784e:36883/', 'http://dc5b429f784e:36695/']: sec=0.00, result=[1, '', 0]
[rosmaster.master][INFO] 2019-06-25 13:19:40,253: -SUB [/clock] /static_transform_publisher_1561468760069189300 http://dc5b429f784e:45365/
[rosmaster.master][INFO] 2019-06-25 13:19:40,255: -SERVICE [/static_transform_publisher_1561468760069189300/get_loggers] /static_transform_publisher_1561468760069189300 rosrpc://dc5b429f784e:41357
[rosmaster.master][INFO] 2019-06-25 13:19:40,257: -SERVICE [/static_transform_publisher_1561468760069189300/set_logger_level] /static_transform_publisher_1561468760069189300 rosrpc://dc5b429f784e:41357
[rosmaster.master][INFO] 2019-06-25 13:19:44,730: +PUB [/rosout] /static_transform_publisher_1561468784711211500 http://dc5b429f784e:34229/
[rosmaster.master][INFO] 2019-06-25 13:19:44,732: +SERVICE [/static_transform_publisher_1561468784711211500/get_loggers] /static_transform_publisher_1561468784711211500 http://dc5b429f784e:34229/
[rosmaster.master][INFO] 2019-06-25 13:19:44,734: +SERVICE [/static_transform_publisher_1561468784711211500/set_logger_level] /static_transform_publisher_1561468784711211500 http://dc5b429f784e:34229/
[rosmaster.master][INFO] 2019-06-25 13:19:44,745: +SUB [/clock] /static_transform_publisher_1561468784711211500 http://dc5b429f784e:34229/
[rosmaster.master][INFO] 2019-06-25 13:19:44,746: +PUB [/tf] /static_transform_publisher_1561468784711211500 http://dc5b429f784e:34229/
[rosmaster.master][INFO] 2019-06-25 13:19:44,748: publisherUpdate[/tf] -> http://dc5b429f784e:36695/ ['http://dc5b429f784e:46811/', 'http://dc5b429f784e:36883/', 'http://dc5b429f784e:36695/', 'http://dc5b429f784e:34229/']
[rosmaster.master][INFO] 2019-06-25 13:19:44,749: publisherUpdate[/tf] -> http://dc5b429f784e:36695/ ['http://dc5b429f784e:46811/', 'http://dc5b429f784e:36883/', 'http://dc5b429f784e:36695/', 'http://dc5b429f784e:34229/']: sec=0.00, result=[1, '', 0]
[rosmaster.master][INFO] 2019-06-25 13:19:47,357: -PUB [/rosout] /slam_gmapping http://dc5b429f784e:36695/
[rosmaster.master][INFO] 2019-06-25 13:19:47,360: -PUB [/tf] /slam_gmapping http://dc5b429f784e:36695/
[rosmaster.master][INFO] 2019-06-25 13:19:47,361: publisherUpdate[/tf] -> http://dc5b429f784e:36695/ ['http://dc5b429f784e:46811/', 'http://dc5b429f784e:36883/', 'http://dc5b429f784e:34229/']
[rosmaster.master][INFO] 2019-06-25 13:19:47,362: -PUB [/slam_gmapping/entropy] /slam_gmapping http://dc5b429f784e:36695/
[rosmaster.master][INFO] 2019-06-25 13:19:47,363: -PUB [/map] /slam_gmapping http://dc5b429f784e:36695/
[rosmaster.master][INFO] 2019-06-25 13:19:47,365: publisherUpdate[/tf] -> http://dc5b429f784e:36695/ ['http://dc5b429f784e:46811/', 'http://dc5b429f784e:36883/', 'http://dc5b429f784e:34229/']: sec=0.00, exception=<Fault -1: 'publisherUpdate: unknown method name'>
[rosmaster.threadpool][ERROR] 2019-06-25 13:19:47,365: Traceback (most recent call last):
  File "/opt/ros/kinetic/lib/python2.7/dist-packages/rosmaster/threadpool.py", line 218, in run
    result = cmd(*args)
  File "/opt/ros/kinetic/lib/python2.7/dist-packages/rosmaster/master_api.py", line 210, in publisher_update_task
    ret = xmlrpcapi(api).publisherUpdate('/master', topic, pub_uris)
  File "/usr/lib/python2.7/xmlrpclib.py", line 1243, in __call__
    return self.__send(self.__name, args)
  File "/usr/lib/python2.7/xmlrpclib.py", line 1602, in __request
    verbose=self.__verbose
  File "/usr/lib/python2.7/xmlrpclib.py", line 1283, in request
    return self.single_request(host, handler, request_body, verbose)
  File "/usr/lib/python2.7/xmlrpclib.py", line 1316, in single_request
    return self.parse_response(response)
  File "/usr/lib/python2.7/xmlrpclib.py", line 1493, in parse_response
    return u.close()
  File "/usr/lib/python2.7/xmlrpclib.py", line 800, in close
    raise Fault(**self._stack[0])
Fault: <Fault -1: 'publisherUpdate: unknown method name'>

[rosmaster.master][INFO] 2019-06-25 13:19:47,366: -PUB [/map_metadata] /slam_gmapping http://dc5b429f784e:36695/
[rosmaster.master][INFO] 2019-06-25 13:19:47,370: -SUB [/clock] /slam_gmapping http://dc5b429f784e:36695/
[rosmaster.master][INFO] 2019-06-25 13:19:47,372: -SUB [/tf] /slam_gmapping http://dc5b429f784e:36695/
[rosmaster.master][INFO] 2019-06-25 13:19:47,374: -SUB [/tf_static] /slam_gmapping http://dc5b429f784e:36695/
[rosmaster.master][INFO] 2019-06-25 13:19:47,376: -SUB [/scan] /slam_gmapping http://dc5b429f784e:36695/
[rosmaster.master][INFO] 2019-06-25 13:19:47,378: -SERVICE [/slam_gmapping/get_loggers] /slam_gmapping rosrpc://dc5b429f784e:41161
[rosmaster.master][INFO] 2019-06-25 13:19:47,379: -SERVICE [/slam_gmapping/set_logger_level] /slam_gmapping rosrpc://dc5b429f784e:41161
[rosmaster.master][INFO] 2019-06-25 13:19:47,381: -SERVICE [/dynamic_map] /slam_gmapping rosrpc://dc5b429f784e:41161
[rosmaster.master][INFO] 2019-06-25 13:19:56,826: +PUB [/rosout] /roswtf_69826_1561468796601 http://dc5b429f784e:42521/
[rosmaster.master][INFO] 2019-06-25 13:19:56,848: +SUB [/clock] /roswtf_69826_1561468796601 http://dc5b429f784e:42521/
[rosmaster.master][INFO] 2019-06-25 13:19:56,851: +SERVICE [/roswtf_69826_1561468796601/get_loggers] /roswtf_69826_1561468796601 http://dc5b429f784e:42521/
[rosmaster.master][INFO] 2019-06-25 13:19:56,854: +SERVICE [/roswtf_69826_1561468796601/set_logger_level] /roswtf_69826_1561468796601 http://dc5b429f784e:42521/
[rosmaster.master][INFO] 2019-06-25 13:20:17,816: -SUB [/clock] /roswtf_69826_1561468796601 http://dc5b429f784e:42521/
[rosmaster.master][INFO] 2019-06-25 13:20:17,817: -PUB [/rosout] /roswtf_69826_1561468796601 http://dc5b429f784e:42521/
[rosmaster.master][INFO] 2019-06-25 13:20:17,817: -SERVICE [/roswtf_69826_1561468796601/set_logger_level] /roswtf_69826_1561468796601 rosrpc://dc5b429f784e:34547
[rosmaster.master][INFO] 2019-06-25 13:20:17,817: -SERVICE [/roswtf_69826_1561468796601/get_loggers] /roswtf_69826_1561468796601 rosrpc://dc5b429f784e:34547
[rosmaster.master][INFO] 2019-06-25 13:20:23,724: -PUB [/rosout] /static_transform_publisher_1561468784711211500 http://dc5b429f784e:34229/
[rosmaster.master][INFO] 2019-06-25 13:20:23,732: -PUB [/tf] /static_transform_publisher_1561468784711211500 http://dc5b429f784e:34229/
[rosmaster.master][INFO] 2019-06-25 13:20:23,734: -SUB [/clock] /static_transform_publisher_1561468784711211500 http://dc5b429f784e:34229/
[rosmaster.master][INFO] 2019-06-25 13:20:23,736: -SERVICE [/static_transform_publisher_1561468784711211500/get_loggers] /static_transform_publisher_1561468784711211500 rosrpc://dc5b429f784e:52827
[rosmaster.master][INFO] 2019-06-25 13:20:23,737: -SERVICE [/static_transform_publisher_1561468784711211500/set_logger_level] /static_transform_publisher_1561468784711211500 rosrpc://dc5b429f784e:52827
[rosmaster.master][INFO] 2019-06-25 13:20:24,813: -PUB [/rosout] /static_transform_publisher_1561468761892376100 http://dc5b429f784e:36883/
[rosmaster.master][INFO] 2019-06-25 13:20:24,815: -PUB [/tf] /static_transform_publisher_1561468761892376100 http://dc5b429f784e:36883/
[rosmaster.master][INFO] 2019-06-25 13:20:24,818: -SUB [/clock] /static_transform_publisher_1561468761892376100 http://dc5b429f784e:36883/
[rosmaster.master][INFO] 2019-06-25 13:20:24,820: -SERVICE [/static_transform_publisher_1561468761892376100/get_loggers] /static_transform_publisher_1561468761892376100 rosrpc://dc5b429f784e:46403
[rosmaster.master][INFO] 2019-06-25 13:20:24,821: -SERVICE [/static_transform_publisher_1561468761892376100/set_logger_level] /static_transform_publisher_1561468761892376100 rosrpc://dc5b429f784e:46403
[rosmaster.master][INFO] 2019-06-25 13:20:26,032: -SUB [/gazebo/set_link_state] /gazebo http://dc5b429f784e:46811/
[rosmaster.master][INFO] 2019-06-25 13:20:26,033: -SUB [/gazebo/set_model_state] /gazebo http://dc5b429f784e:46811/
[rosmaster.master][INFO] 2019-06-25 13:20:26,035: publisherUpdate[/clock] -> http://dc5b429f784e:46811/ []
[rosmaster.master][INFO] 2019-06-25 13:20:26,034: -PUB [/clock] /gazebo http://dc5b429f784e:46811/
[rosmaster.master][INFO] 2019-06-25 13:20:26,036: publisherUpdate[/clock] -> http://dc5b429f784e:46811/ []: sec=0.00, result=[1, '', 0]
[rosmaster.master][INFO] 2019-06-25 13:20:26,038: -PUB [/gazebo/link_states] /gazebo http://dc5b429f784e:46811/
[rosmaster.master][INFO] 2019-06-25 13:20:26,039: -PUB [/gazebo/model_states] /gazebo http://dc5b429f784e:46811/
[rosmaster.master][INFO] 2019-06-25 13:20:26,041: -SERVICE [/gazebo/spawn_sdf_model] /gazebo rosrpc://dc5b429f784e:35033
[rosmaster.master][INFO] 2019-06-25 13:20:26,042: -SERVICE [/gazebo/spawn_urdf_model] /gazebo rosrpc://dc5b429f784e:35033
[rosmaster.master][INFO] 2019-06-25 13:20:26,043: -SERVICE [/gazebo/delete_model] /gazebo rosrpc://dc5b429f784e:35033
[rosmaster.master][INFO] 2019-06-25 13:20:26,044: -SERVICE [/gazebo/delete_light] /gazebo rosrpc://dc5b429f784e:35033
[rosmaster.master][INFO] 2019-06-25 13:20:26,046: -SERVICE [/gazebo/get_model_properties] /gazebo rosrpc://dc5b429f784e:35033
[rosmaster.master][INFO] 2019-06-25 13:20:26,047: -SERVICE [/gazebo/get_model_state] /gazebo rosrpc://dc5b429f784e:35033
[rosmaster.master][INFO] 2019-06-25 13:20:26,048: -SERVICE [/gazebo/get_world_properties] /gazebo rosrpc://dc5b429f784e:35033
[rosmaster.master][INFO] 2019-06-25 13:20:26,049: -SERVICE [/gazebo/get_joint_properties] /gazebo rosrpc://dc5b429f784e:35033
[rosmaster.master][INFO] 2019-06-25 13:20:26,050: -SERVICE [/gazebo/get_link_properties] /gazebo rosrpc://dc5b429f784e:35033
[rosmaster.master][INFO] 2019-06-25 13:20:26,052: -SERVICE [/gazebo/get_link_state] /gazebo rosrpc://dc5b429f784e:35033
[rosmaster.master][INFO] 2019-06-25 13:20:26,053: -SERVICE [/gazebo/get_light_properties] /gazebo rosrpc://dc5b429f784e:35033
[rosmaster.master][INFO] 2019-06-25 13:20:26,054: -SERVICE [/gazebo/set_light_properties] /gazebo rosrpc://dc5b429f784e:35033
[rosmaster.master][INFO] 2019-06-25 13:20:26,055: -SERVICE [/gazebo/get_physics_properties] /gazebo rosrpc://dc5b429f784e:35033
[rosmaster.master][INFO] 2019-06-25 13:20:26,056: -SERVICE [/gazebo/set_link_properties] /gazebo rosrpc://dc5b429f784e:35033
[rosmaster.master][INFO] 2019-06-25 13:20:26,058: -SERVICE [/gazebo/set_physics_properties] /gazebo rosrpc://dc5b429f784e:35033
[rosmaster.master][INFO] 2019-06-25 13:20:26,059: -SERVICE [/gazebo/set_model_state] /gazebo rosrpc://dc5b429f784e:35033
[rosmaster.master][INFO] 2019-06-25 13:20:26,060: -SERVICE [/gazebo/set_model_configuration] /gazebo rosrpc://dc5b429f784e:35033
[rosmaster.master][INFO] 2019-06-25 13:20:26,061: -SERVICE [/gazebo/set_joint_properties] /gazebo rosrpc://dc5b429f784e:35033
[rosmaster.master][INFO] 2019-06-25 13:20:26,062: -SERVICE [/gazebo/set_link_state] /gazebo rosrpc://dc5b429f784e:35033
[rosmaster.master][INFO] 2019-06-25 13:20:26,063: -SERVICE [/gazebo/pause_physics] /gazebo rosrpc://dc5b429f784e:35033
[rosmaster.master][INFO] 2019-06-25 13:20:26,064: -SERVICE [/gazebo/unpause_physics] /gazebo rosrpc://dc5b429f784e:35033
[rosmaster.master][INFO] 2019-06-25 13:20:26,065: -SERVICE [/gazebo/apply_body_wrench] /gazebo rosrpc://dc5b429f784e:35033
[rosmaster.master][INFO] 2019-06-25 13:20:26,066: -SERVICE [/gazebo/apply_joint_effort] /gazebo rosrpc://dc5b429f784e:35033
[rosmaster.master][INFO] 2019-06-25 13:20:26,067: -SERVICE [/gazebo/clear_joint_forces] /gazebo rosrpc://dc5b429f784e:35033
[rosmaster.master][INFO] 2019-06-25 13:20:26,069: -SERVICE [/gazebo/clear_body_wrenches] /gazebo rosrpc://dc5b429f784e:35033
[rosmaster.master][INFO] 2019-06-25 13:20:26,070: -SERVICE [/gazebo/reset_simulation] /gazebo rosrpc://dc5b429f784e:35033
[rosmaster.master][INFO] 2019-06-25 13:20:26,071: -SERVICE [/gazebo/reset_world] /gazebo rosrpc://dc5b429f784e:35033
[rosmaster.master][INFO] 2019-06-25 13:20:26,081: -PUB [/gazebo/parameter_descriptions] /gazebo http://dc5b429f784e:46811/
[rosmaster.master][INFO] 2019-06-25 13:20:26,082: -PUB [/gazebo/parameter_updates] /gazebo http://dc5b429f784e:46811/
[rosmaster.master][INFO] 2019-06-25 13:20:26,083: -SERVICE [/gazebo/set_parameters] /gazebo rosrpc://dc5b429f784e:35033
[rosmaster.main][INFO] 2019-06-25 13:20:31,710: keyboard interrupt, will exit
[rosmaster.main][INFO] 2019-06-25 13:20:31,711: stopping master...
[rospy.core][INFO] 2019-06-25 13:20:31,711: signal_shutdown [atexit]
