[rospy.client][INFO] 2019-07-02 13:27:48,465: init_node, name[/bug], pid[15325]
[xmlrpc][INFO] 2019-07-02 13:27:48,466: XML-RPC server binding to 0.0.0.0:0
[xmlrpc][INFO] 2019-07-02 13:27:48,466: Started XML-RPC server [http://f6566a55c2b3:34453/]
[rospy.impl.masterslave][INFO] 2019-07-02 13:27:48,467: _ready: http://f6566a55c2b3:34453/
[rospy.registration][INFO] 2019-07-02 13:27:48,468: Registering with master node http://localhost:11311
[xmlrpc][INFO] 2019-07-02 13:27:48,468: xml rpc node: starting XML-RPC server
[rospy.init][INFO] 2019-07-02 13:27:48,468: ROS Slave URI: [http://f6566a55c2b3:34453/]
[rospy.init][INFO] 2019-07-02 13:27:48,469: registered with master
[rospy.rosout][INFO] 2019-07-02 13:27:48,469: initializing /rosout core topic
[rospy.rosout][INFO] 2019-07-02 13:27:48,472: connected to core topic /rosout
[rospy.simtime][INFO] 2019-07-02 13:27:48,474: initializing /clock core topic
[rospy.simtime][INFO] 2019-07-02 13:27:48,480: connected to core topic /clock
[rospy.internal][INFO] 2019-07-02 13:27:48,488: topic[/clock] adding connection to [http://f6566a55c2b3:34771/], count 0
[rosout][INFO] 2019-07-02 13:27:48,504: state changed: Go to point
[rospy.internal][INFO] 2019-07-02 13:27:48,509: topic[/odom] adding connection to [http://f6566a55c2b3:34771/], count 0
[rospy.internal][INFO] 2019-07-02 13:27:48,515: topic[/m2wr/laser/scan] adding connection to [http://f6566a55c2b3:34771/], count 0
[rosout][INFO] 2019-07-02 13:28:09,975: state changed: wall following
[rosout][INFO] 2019-07-02 13:28:44,655: state changed: Go to point
[rospy.core][INFO] 2019-07-02 13:28:58,117: signal_shutdown [signal-2]
[rospy.internal][INFO] 2019-07-02 13:28:58,127: topic[/clock] removing connection to http://f6566a55c2b3:34771/
[rospy.internal][INFO] 2019-07-02 13:28:58,129: topic[/m2wr/laser/scan] removing connection to http://f6566a55c2b3:34771/
[rospy.internal][WARNING] 2019-07-02 13:28:58,131: Unknown error initiating TCP/IP socket to f6566a55c2b3:52757 (http://f6566a55c2b3:34771/): Traceback (most recent call last):
  File "/opt/ros/kinetic/lib/python2.7/dist-packages/rospy/impl/tcpros_base.py", line 558, in connect
    self.local_endpoint = self.socket.getsockname()
AttributeError: 'NoneType' object has no attribute 'getsockname'

[rospy.internal][INFO] 2019-07-02 13:28:58,131: topic[/odom] removing connection to http://f6566a55c2b3:34771/
[rospy.impl.masterslave][INFO] 2019-07-02 13:28:58,132: signal-2
[rospy.internal][WARNING] 2019-07-02 13:28:58,132: Unknown error initiating TCP/IP socket to f6566a55c2b3:52757 (http://f6566a55c2b3:34771/): Traceback (most recent call last):
  File "/opt/ros/kinetic/lib/python2.7/dist-packages/rospy/impl/tcpros_base.py", line 558, in connect
    self.local_endpoint = self.socket.getsockname()
AttributeError: 'NoneType' object has no attribute 'getsockname'

[rospy.core][INFO] 2019-07-02 13:28:58,241: signal_shutdown [atexit]
