[rospy.client][INFO] 2019-07-02 13:27:47,859: init_node, name[/go_to_point], pid[15321]
[xmlrpc][INFO] 2019-07-02 13:27:47,872: XML-RPC server binding to 0.0.0.0:0
[xmlrpc][INFO] 2019-07-02 13:27:47,873: Started XML-RPC server [http://f6566a55c2b3:40741/]
[rospy.impl.masterslave][INFO] 2019-07-02 13:27:47,873: _ready: http://f6566a55c2b3:40741/
[rospy.init][INFO] 2019-07-02 13:27:47,874: ROS Slave URI: [http://f6566a55c2b3:40741/]
[xmlrpc][INFO] 2019-07-02 13:27:47,874: xml rpc node: starting XML-RPC server
[rospy.registration][INFO] 2019-07-02 13:27:47,874: Registering with master node http://localhost:11311
[rospy.init][INFO] 2019-07-02 13:27:47,974: registered with master
[rospy.rosout][INFO] 2019-07-02 13:27:47,975: initializing /rosout core topic
[rospy.rosout][INFO] 2019-07-02 13:27:47,983: connected to core topic /rosout
[rospy.simtime][INFO] 2019-07-02 13:27:47,985: initializing /clock core topic
[rospy.simtime][INFO] 2019-07-02 13:27:47,990: connected to core topic /clock
[rospy.internal][INFO] 2019-07-02 13:27:48,047: topic[/odom] adding connection to [http://f6566a55c2b3:34771/], count 0
[rospy.internal][INFO] 2019-07-02 13:27:48,056: topic[/clock] adding connection to [http://f6566a55c2b3:34771/], count 0
[rospy.internal][INFO] 2019-07-02 13:27:48,266: topic[/cmd_vel] adding connection to [/gazebo], count 0
[rosout][INFO] 2019-07-02 13:27:48,510: 1.72536538343
[rosout][INFO] 2019-07-02 13:27:48,512: 1.72536538343
[rosout][INFO] 2019-07-02 13:27:48,562: 1.7253930439
[rosout][INFO] 2019-07-02 13:27:48,623: 1.71828375804
[rosout][INFO] 2019-07-02 13:27:48,681: 1.71034921199
[rosout][INFO] 2019-07-02 13:27:48,735: 1.70137184764
[rosout][INFO] 2019-07-02 13:27:48,806: 1.69352061258
[rosout][INFO] 2019-07-02 13:27:48,861: 1.68530841544
[rosout][INFO] 2019-07-02 13:27:48,915: 1.67741510184
[rosout][INFO] 2019-07-02 13:27:48,967: 1.66914535767
[rosout][INFO] 2019-07-02 13:27:49,017: 1.6607209699
[rosout][INFO] 2019-07-02 13:27:49,073: 1.65211388713
[rosout][INFO] 2019-07-02 13:27:49,131: 1.64335993764
[rosout][INFO] 2019-07-02 13:27:49,184: 1.63428183172
[rosout][INFO] 2019-07-02 13:27:49,242: 1.62589638142
[rosout][INFO] 2019-07-02 13:27:49,290: 1.61734674079
[rosout][INFO] 2019-07-02 13:27:49,343: 1.60836509702
[rosout][INFO] 2019-07-02 13:27:49,397: 1.59827658381
[rosout][INFO] 2019-07-02 13:27:49,453: 1.58827026347
[rosout][INFO] 2019-07-02 13:27:49,512: 1.57810540401
[rosout][INFO] 2019-07-02 13:27:49,563: 1.56745576933
[rosout][INFO] 2019-07-02 13:27:49,636: 1.55671227802
[rosout][INFO] 2019-07-02 13:27:49,698: 1.54614628049
[rosout][INFO] 2019-07-02 13:27:49,747: 1.53571911212
[rosout][INFO] 2019-07-02 13:27:49,804: 1.52541688325
[rosout][INFO] 2019-07-02 13:27:49,853: 1.51524224256
[rosout][INFO] 2019-07-02 13:27:49,909: 1.50517970641
[rosout][INFO] 2019-07-02 13:27:49,965: 1.49558147139
[rosout][INFO] 2019-07-02 13:27:50,018: 1.48790190169
[rosout][INFO] 2019-07-02 13:27:50,070: 1.48040975534
[rosout][INFO] 2019-07-02 13:27:50,134: 1.47297049097
[rosout][INFO] 2019-07-02 13:27:50,187: 1.46516471025
[rosout][INFO] 2019-07-02 13:27:50,243: 1.45626692122
[rosout][INFO] 2019-07-02 13:27:50,296: 1.44741924429
[rosout][INFO] 2019-07-02 13:27:50,352: 1.43851538611
[rosout][INFO] 2019-07-02 13:27:50,400: 1.43090372999
[rosout][INFO] 2019-07-02 13:27:50,451: 1.42351478487
[rosout][INFO] 2019-07-02 13:27:50,514: 1.41521670366
[rosout][INFO] 2019-07-02 13:27:50,577: 1.4073669211
[rosout][INFO] 2019-07-02 13:27:50,637: 1.39967054418
[rosout][INFO] 2019-07-02 13:27:50,685: 1.39100382483
[rosout][INFO] 2019-07-02 13:27:50,737: 1.38252106494
[rosout][INFO] 2019-07-02 13:27:50,792: 1.37399692601
[rosout][INFO] 2019-07-02 13:27:50,846: 1.36565203382
[rosout][INFO] 2019-07-02 13:27:50,904: 1.35726352125
[rosout][INFO] 2019-07-02 13:27:50,981: 1.3490558536
[rosout][INFO] 2019-07-02 13:27:51,020: 1.34080298896
[rosout][INFO] 2019-07-02 13:27:51,075: 1.33272840889
[rosout][INFO] 2019-07-02 13:27:51,127: 1.32459895523
[rosout][INFO] 2019-07-02 13:27:51,183: 1.31663219805
[rosout][INFO] 2019-07-02 13:27:51,233: 1.30861474015
[rosout][INFO] 2019-07-02 13:27:51,294: 1.30119908684
[rosout][INFO] 2019-07-02 13:27:51,344: 1.29458239473
[rosout][INFO] 2019-07-02 13:27:51,417: 1.28782878984
[rosout][INFO] 2019-07-02 13:27:51,457: 1.28112628741
[rosout][INFO] 2019-07-02 13:27:51,515: 1.27426404686
[rosout][INFO] 2019-07-02 13:27:51,563: 1.2677285408
[rosout][INFO] 2019-07-02 13:27:51,656: 1.26109891172
[rosout][INFO] 2019-07-02 13:27:51,711: 1.25469790933
[rosout][INFO] 2019-07-02 13:27:51,767: 1.24851577731
[rosout][INFO] 2019-07-02 13:27:51,825: 1.24256951942
[rosout][INFO] 2019-07-02 13:27:51,873: 1.23633274836
[rosout][INFO] 2019-07-02 13:27:51,935: 1.23006707674
[rosout][INFO] 2019-07-02 13:27:51,982: 1.22373161335
[rosout][INFO] 2019-07-02 13:27:52,031: 1.21735977364
[rosout][INFO] 2019-07-02 13:27:52,096: 1.21153190964
[rosout][INFO] 2019-07-02 13:27:52,144: 1.20572254671
[rosout][INFO] 2019-07-02 13:27:52,221: 1.20006716237
[rosout][INFO] 2019-07-02 13:27:52,277: 1.19443069642
[rosout][INFO] 2019-07-02 13:27:52,326: 1.1889461583
[rosout][INFO] 2019-07-02 13:27:52,377: 1.1832557793
[rosout][INFO] 2019-07-02 13:27:52,431: 1.17745722362
[rosout][INFO] 2019-07-02 13:27:52,489: 1.17164382533
[rosout][INFO] 2019-07-02 13:27:52,539: 1.16597817551
[rosout][INFO] 2019-07-02 13:27:52,606: 1.16018745573
[rosout][INFO] 2019-07-02 13:27:52,664: 1.15481717438
[rosout][INFO] 2019-07-02 13:27:52,727: 1.14958060109
[rosout][INFO] 2019-07-02 13:27:52,802: 1.1442853327
[rosout][INFO] 2019-07-02 13:27:52,855: 1.13882850522
[rosout][INFO] 2019-07-02 13:27:52,906: 1.13340144826
[rosout][INFO] 2019-07-02 13:27:52,962: 1.12786192625
[rosout][INFO] 2019-07-02 13:27:53,023: 1.12211261132
[rosout][INFO] 2019-07-02 13:27:53,081: 1.11663710768
[rosout][INFO] 2019-07-02 13:27:53,132: 1.11152265054
[rosout][INFO] 2019-07-02 13:27:53,182: 1.10583370334
[rosout][INFO] 2019-07-02 13:27:53,253: 1.10028157174
[rosout][INFO] 2019-07-02 13:27:53,296: 1.094807197
[rosout][INFO] 2019-07-02 13:27:53,358: 1.08954334933
[rosout][INFO] 2019-07-02 13:27:53,413: 1.08380432679
[rosout][INFO] 2019-07-02 13:27:53,481: 1.07847426974
[rosout][INFO] 2019-07-02 13:27:53,534: 1.0730502618
[rosout][INFO] 2019-07-02 13:27:53,600: 1.06765744436
[rosout][INFO] 2019-07-02 13:27:53,646: 1.0621614501
[rosout][INFO] 2019-07-02 13:27:53,716: 1.05681994753
[rosout][INFO] 2019-07-02 13:27:53,785: 1.05145280036
[rosout][INFO] 2019-07-02 13:27:53,832: 1.04603507902
[rosout][INFO] 2019-07-02 13:27:53,893: 1.04069472161
[rosout][INFO] 2019-07-02 13:27:53,947: 1.03533879789
[rosout][INFO] 2019-07-02 13:27:54,013: 1.02937127271
[rosout][INFO] 2019-07-02 13:27:54,066: 1.02345512057
[rosout][INFO] 2019-07-02 13:27:54,115: 1.01811230425
[rosout][INFO] 2019-07-02 13:27:54,181: 1.01259054885
[rosout][INFO] 2019-07-02 13:27:54,243: 1.00706300037
[rosout][INFO] 2019-07-02 13:27:54,303: 1.00158786161
[rosout][INFO] 2019-07-02 13:27:54,350: 0.995884483137
[rosout][INFO] 2019-07-02 13:27:54,398: 0.990459259705
[rosout][INFO] 2019-07-02 13:27:54,453: 0.985002721359
[rosout][INFO] 2019-07-02 13:27:54,503: 0.979366037222
[rosout][INFO] 2019-07-02 13:27:54,554: 0.973598496071
[rosout][INFO] 2019-07-02 13:27:54,606: 0.967949860668
[rosout][INFO] 2019-07-02 13:27:54,672: 0.96221906523
[rosout][INFO] 2019-07-02 13:27:54,721: 0.95660591928
[rosout][INFO] 2019-07-02 13:27:54,793: 0.950870241418
[rosout][INFO] 2019-07-02 13:27:54,840: 0.945167090041
[rosout][INFO] 2019-07-02 13:27:54,887: 0.939333467238
[rosout][INFO] 2019-07-02 13:27:54,939: 0.933677434864
[rosout][INFO] 2019-07-02 13:27:55,010: 0.927374812787
[rosout][INFO] 2019-07-02 13:27:55,090: 0.921706512957
[rosout][INFO] 2019-07-02 13:27:55,135: 0.915976077091
[rosout][INFO] 2019-07-02 13:27:55,187: 0.910371564574
[rosout][INFO] 2019-07-02 13:27:55,248: 0.904711456597
[rosout][INFO] 2019-07-02 13:27:55,309: 0.899321115576
[rosout][INFO] 2019-07-02 13:27:55,365: 0.893446773633
[rosout][INFO] 2019-07-02 13:27:55,416: 0.887636492374
[rosout][INFO] 2019-07-02 13:27:55,463: 0.881724454208
[rosout][INFO] 2019-07-02 13:27:55,523: 0.87608254962
[rosout][INFO] 2019-07-02 13:27:55,587: 0.87054219435
[rosout][INFO] 2019-07-02 13:27:55,635: 0.864840988683
[rosout][INFO] 2019-07-02 13:27:55,688: 0.859424929648
[rosout][INFO] 2019-07-02 13:27:55,752: 0.854191036622
[rosout][INFO] 2019-07-02 13:27:55,818: 0.848859868756
[rosout][INFO] 2019-07-02 13:27:55,874: 0.842858870614
[rosout][INFO] 2019-07-02 13:27:55,923: 0.837155869651
[rosout][INFO] 2019-07-02 13:27:55,981: 0.831569534579
[rosout][INFO] 2019-07-02 13:27:56,026: 0.826129809561
[rosout][INFO] 2019-07-02 13:27:56,081: 0.820693505655
[rosout][INFO] 2019-07-02 13:27:56,183: 0.815284584712
[rosout][INFO] 2019-07-02 13:27:56,297: 0.809868951798
[rosout][INFO] 2019-07-02 13:27:56,344: 0.804620455724
[rosout][INFO] 2019-07-02 13:27:56,390: 0.79899065706
[rosout][INFO] 2019-07-02 13:27:56,448: 0.7935313436
[rosout][INFO] 2019-07-02 13:27:56,503: 0.788274473643
[rosout][INFO] 2019-07-02 13:27:56,571: 0.78305000519
[rosout][INFO] 2019-07-02 13:27:56,623: 0.777529448592
[rosout][INFO] 2019-07-02 13:27:56,671: 0.77197706202
[rosout][INFO] 2019-07-02 13:27:56,728: 0.766596606117
[rosout][INFO] 2019-07-02 13:27:56,792: 0.761056147674
[rosout][INFO] 2019-07-02 13:27:56,845: 0.755651558395
[rosout][INFO] 2019-07-02 13:27:56,916: 0.750468857661
[rosout][INFO] 2019-07-02 13:27:56,972: 0.745430984037
[rosout][INFO] 2019-07-02 13:27:57,036: 0.740392492097
[rosout][INFO] 2019-07-02 13:27:57,089: 0.735379019769
[rosout][INFO] 2019-07-02 13:27:57,142: 0.730374833011
[rosout][INFO] 2019-07-02 13:27:57,194: 0.725423928531
[rosout][INFO] 2019-07-02 13:27:57,259: 0.720098467216
[rosout][INFO] 2019-07-02 13:27:57,374: 0.714880236426
[rosout][INFO] 2019-07-02 13:27:57,421: 0.709562407114
[rosout][INFO] 2019-07-02 13:27:57,469: 0.704371506449
[rosout][INFO] 2019-07-02 13:27:57,549: 0.698812210687
[rosout][INFO] 2019-07-02 13:27:57,592: 0.693495944536
[rosout][INFO] 2019-07-02 13:27:57,638: 0.688350014441
[rosout][INFO] 2019-07-02 13:27:57,697: 0.683037214754
[rosout][INFO] 2019-07-02 13:27:57,766: 0.677751924958
[rosout][INFO] 2019-07-02 13:27:57,820: 0.672129461732
[rosout][INFO] 2019-07-02 13:27:57,869: 0.66684961689
[rosout][INFO] 2019-07-02 13:27:57,922: 0.661799734204
[rosout][INFO] 2019-07-02 13:27:57,979: 0.656703444483
[rosout][INFO] 2019-07-02 13:27:58,038: 0.65141899945
[rosout][INFO] 2019-07-02 13:27:58,104: 0.646329886785
[rosout][INFO] 2019-07-02 13:27:58,163: 0.641103075771
[rosout][INFO] 2019-07-02 13:27:58,216: 0.636014782468
[rosout][INFO] 2019-07-02 13:27:58,278: 0.630958610201
[rosout][INFO] 2019-07-02 13:27:58,326: 0.625827328165
[rosout][INFO] 2019-07-02 13:27:58,392: 0.620783528682
[rosout][INFO] 2019-07-02 13:27:58,452: 0.615765939768
[rosout][INFO] 2019-07-02 13:27:58,545: 0.610712324117
[rosout][INFO] 2019-07-02 13:27:58,593: 0.605650393982
[rosout][INFO] 2019-07-02 13:27:58,645: 0.600604284765
[rosout][INFO] 2019-07-02 13:27:58,698: 0.595485391474
[rosout][INFO] 2019-07-02 13:27:58,749: 0.59050109531
[rosout][INFO] 2019-07-02 13:27:58,812: 0.585080364171
[rosout][INFO] 2019-07-02 13:27:58,866: 0.579805696261
[rosout][INFO] 2019-07-02 13:27:58,925: 0.57420917224
[rosout][INFO] 2019-07-02 13:27:58,979: 0.568567779345
[rosout][INFO] 2019-07-02 13:27:59,046: 0.563393977392
[rosout][INFO] 2019-07-02 13:27:59,100: 0.558382681766
[rosout][INFO] 2019-07-02 13:27:59,156: 0.553404175838
[rosout][INFO] 2019-07-02 13:27:59,209: 0.548399258563
[rosout][INFO] 2019-07-02 13:27:59,272: 0.543468627737
[rosout][INFO] 2019-07-02 13:27:59,319: 0.538507257959
[rosout][INFO] 2019-07-02 13:27:59,369: 0.533514606246
[rosout][INFO] 2019-07-02 13:27:59,435: 0.528524022072
[rosout][INFO] 2019-07-02 13:27:59,491: 0.523582334621
[rosout][INFO] 2019-07-02 13:27:59,557: 0.517962508808
[rosout][INFO] 2019-07-02 13:27:59,621: 0.512598256999
[rosout][INFO] 2019-07-02 13:27:59,689: 0.507173320387
[rosout][INFO] 2019-07-02 13:27:59,740: 0.501342965701
[rosout][INFO] 2019-07-02 13:27:59,811: 0.495724236555
[rosout][INFO] 2019-07-02 13:27:59,871: 0.490223910647
[rosout][INFO] 2019-07-02 13:27:59,915: 0.484725758307
[rosout][INFO] 2019-07-02 13:27:59,972: 0.479211109581
[rosout][INFO] 2019-07-02 13:28:00,061: 0.473553431415
[rosout][INFO] 2019-07-02 13:28:00,113: 0.467686615791
[rosout][INFO] 2019-07-02 13:28:00,184: 0.4621511398
[rosout][INFO] 2019-07-02 13:28:00,236: 0.456616865626
[rosout][INFO] 2019-07-02 13:28:00,329: 0.451073484755
[rosout][INFO] 2019-07-02 13:28:00,383: 0.445317639535
[rosout][INFO] 2019-07-02 13:28:00,431: 0.439545496007
[rosout][INFO] 2019-07-02 13:28:00,489: 0.433378583108
[rosout][INFO] 2019-07-02 13:28:00,566: 0.427616529163
[rosout][INFO] 2019-07-02 13:28:00,628: 0.421540138873
[rosout][INFO] 2019-07-02 13:28:00,690: 0.415312221247
[rosout][INFO] 2019-07-02 13:28:00,771: 0.409031694702
[rosout][INFO] 2019-07-02 13:28:00,818: 0.403258133657
[rosout][INFO] 2019-07-02 13:28:00,871: 0.397601604889
[rosout][INFO] 2019-07-02 13:28:00,921: 0.391023725796
[rosout][INFO] 2019-07-02 13:28:00,971: 0.384447574281
[rosout][INFO] 2019-07-02 13:28:01,027: 0.377975317523
[rosout][INFO] 2019-07-02 13:28:01,079: 0.37213619714
[rosout][INFO] 2019-07-02 13:28:01,137: 0.366654301957
[rosout][INFO] 2019-07-02 13:28:01,210: 0.361164212728
[rosout][INFO] 2019-07-02 13:28:01,252: 0.355370706254
[rosout][INFO] 2019-07-02 13:28:01,306: 0.349589936765
[rosout][INFO] 2019-07-02 13:28:01,361: 0.343695983691
[rosout][INFO] 2019-07-02 13:28:01,424: 0.337325259392
[rosout][INFO] 2019-07-02 13:28:01,474: 0.330853406173
[rosout][INFO] 2019-07-02 13:28:01,547: 0.324641292805
[rosout][INFO] 2019-07-02 13:28:01,605: 0.318321456327
[rosout][INFO] 2019-07-02 13:28:01,652: 0.312305260242
[rosout][INFO] 2019-07-02 13:28:01,704: 0.306209263717
[rosout][INFO] 2019-07-02 13:28:01,754: 0.300139404446
[rosout][INFO] 2019-07-02 13:28:01,831: 0.293938043795
[rosout][INFO] 2019-07-02 13:28:01,904: 0.287358717833
[rosout][INFO] 2019-07-02 13:28:01,962: 0.281278641323
[rosout][INFO] 2019-07-02 13:28:02,016: 0.274955898293
[rosout][INFO] 2019-07-02 13:28:02,086: 0.268604681088
[rosout][INFO] 2019-07-02 13:28:02,133: 0.261987099184
[rosout][INFO] 2019-07-02 13:28:02,185: 0.255342110014
[rosout][INFO] 2019-07-02 13:28:02,249: 0.249056976686
[rosout][INFO] 2019-07-02 13:28:02,314: 0.24250640071
[rosout][INFO] 2019-07-02 13:28:02,364: 0.235509230274
[rosout][INFO] 2019-07-02 13:28:02,416: 0.228206932569
[rosout][INFO] 2019-07-02 13:28:02,467: 0.22154393195
[rosout][INFO] 2019-07-02 13:28:02,532: 0.214520600028
[rosout][INFO] 2019-07-02 13:28:02,589: 0.207784993329
[rosout][INFO] 2019-07-02 13:28:02,641: 0.200862090303
[rosout][INFO] 2019-07-02 13:28:02,693: 0.193984772681
[rosout][INFO] 2019-07-02 13:28:02,744: 0.186734820653
[rosout][INFO] 2019-07-02 13:28:02,815: 0.179775612721
[rosout][INFO] 2019-07-02 13:28:02,873: 0.172863867984
[rosout][INFO] 2019-07-02 13:28:02,930: 0.165723760422
[rosout][INFO] 2019-07-02 13:28:03,004: 0.15857275121
[rosout][INFO] 2019-07-02 13:28:03,083: 0.151234425279
[rosout][INFO] 2019-07-02 13:28:03,125: 0.144134625004
[rosout][INFO] 2019-07-02 13:28:03,185: 0.13672242262
[rosout][INFO] 2019-07-02 13:28:03,222: 0.129436097517
[rosout][INFO] 2019-07-02 13:28:03,290: 0.121626749321
[rosout][INFO] 2019-07-02 13:28:03,332: 0.113854198073
[rosout][INFO] 2019-07-02 13:28:03,388: 0.105978676983
[rosout][INFO] 2019-07-02 13:28:03,438: 0.0982342596573
[rosout][INFO] 2019-07-02 13:28:03,491: 0.0904204950662
[rosout][INFO] 2019-07-02 13:28:03,570: 0.0824995796833
[rosout][INFO] 2019-07-02 13:28:03,625: 0.0746669410731
[rosout][INFO] 2019-07-02 13:28:03,682: 0.0666337954085
[rosout][INFO] 2019-07-02 13:28:03,738: 0.0590683364659
[rosout][INFO] 2019-07-02 13:28:03,800: 0.0509345569245
[rosout][INFO] 2019-07-02 13:28:03,857: 0.0432143305569
[rosout][INFO] 2019-07-02 13:28:03,937: 0.0268485829644
[rosout][INFO] 2019-07-02 13:28:46,325: -0.3570692728
[rosout][INFO] 2019-07-02 13:28:46,373: -0.362352794213
[rosout][INFO] 2019-07-02 13:28:46,435: -0.36512623221
[rosout][INFO] 2019-07-02 13:28:46,485: -0.35887951723
[rosout][INFO] 2019-07-02 13:28:46,542: -0.351294859542
[rosout][INFO] 2019-07-02 13:28:46,618: -0.334277527569
[rosout][INFO] 2019-07-02 13:28:46,645: -0.334277527569
[rosout][INFO] 2019-07-02 13:28:46,742: -0.326803546583
[rosout][INFO] 2019-07-02 13:28:46,787: -0.319218955539
[rosout][INFO] 2019-07-02 13:28:46,848: -0.31175694999
[rosout][INFO] 2019-07-02 13:28:46,887: -0.304063730682
[rosout][INFO] 2019-07-02 13:28:46,939: -0.29669835465
[rosout][INFO] 2019-07-02 13:28:46,993: -0.289588208394
[rosout][INFO] 2019-07-02 13:28:47,044: -0.282355027316
[rosout][INFO] 2019-07-02 13:28:47,098: -0.27601695639
[rosout][INFO] 2019-07-02 13:28:47,153: -0.269547926857
[rosout][INFO] 2019-07-02 13:28:47,216: -0.263180180394
[rosout][INFO] 2019-07-02 13:28:47,295: -0.256218168483
[rosout][INFO] 2019-07-02 13:28:47,388: -0.249940301943
[rosout][INFO] 2019-07-02 13:28:47,495: -0.236575677938
[rosout][INFO] 2019-07-02 13:28:47,551: -0.236575677938
[rosout][INFO] 2019-07-02 13:28:47,594: -0.230283369402
[rosout][INFO] 2019-07-02 13:28:47,677: -0.224198262626
[rosout][INFO] 2019-07-02 13:28:47,734: -0.218117701811
[rosout][INFO] 2019-07-02 13:28:47,788: -0.21192856872
[rosout][INFO] 2019-07-02 13:28:47,869: -0.205880099534
[rosout][INFO] 2019-07-02 13:28:47,927: -0.193967039946
[rosout][INFO] 2019-07-02 13:28:47,969: -0.193967039946
[rosout][INFO] 2019-07-02 13:28:48,034: -0.188015940196
[rosout][INFO] 2019-07-02 13:28:48,090: -0.182184432471
[rosout][INFO] 2019-07-02 13:28:48,138: -0.176363303481
[rosout][INFO] 2019-07-02 13:28:48,195: -0.170628194423
[rosout][INFO] 2019-07-02 13:28:48,247: -0.164857102411
[rosout][INFO] 2019-07-02 13:28:48,335: -0.15322793787
[rosout][INFO] 2019-07-02 13:28:48,370: -0.15322793787
[rosout][INFO] 2019-07-02 13:28:48,421: -0.147633498152
[rosout][INFO] 2019-07-02 13:28:48,471: -0.141981056292
[rosout][INFO] 2019-07-02 13:28:48,523: -0.13625221712
[rosout][INFO] 2019-07-02 13:28:48,574: -0.130745878716
[rosout][INFO] 2019-07-02 13:28:48,627: -0.125166644924
[rosout][INFO] 2019-07-02 13:28:48,683: -0.119492047819
[rosout][INFO] 2019-07-02 13:28:48,736: -0.113976857091
[rosout][INFO] 2019-07-02 13:28:48,785: -0.108679435704
[rosout][INFO] 2019-07-02 13:28:48,839: -0.103221438242
[rosout][INFO] 2019-07-02 13:28:48,916: -0.092561065561
[rosout][INFO] 2019-07-02 13:28:48,961: -0.092561065561
[rosout][INFO] 2019-07-02 13:28:49,027: -0.0872440439553
[rosout][INFO] 2019-07-02 13:28:49,091: -0.0820076843547
[rosout][INFO] 2019-07-02 13:28:49,148: -0.0768462005298
[rosout][INFO] 2019-07-02 13:28:49,203: -0.0714837836777
[rosout][INFO] 2019-07-02 13:28:49,260: -0.066323134672
[rosout][INFO] 2019-07-02 13:28:49,332: -0.0607023911668
[rosout][INFO] 2019-07-02 13:28:49,377: -0.0555086781289
[rosout][INFO] 2019-07-02 13:28:49,433: -0.0503354976929
[rosout][INFO] 2019-07-02 13:28:49,492: -0.0450395689067
[rosout][INFO] 2019-07-02 13:28:49,561: -0.0397843900393
[rosout][INFO] 2019-07-02 13:28:49,643: -0.0292433668062
[rosout][INFO] 2019-07-02 13:28:50,430: -0.3592683161
[rosout][INFO] 2019-07-02 13:28:50,484: -0.364753993514
[rosout][INFO] 2019-07-02 13:28:50,554: -0.367679067057
[rosout][INFO] 2019-07-02 13:28:50,602: -0.36067590371
[rosout][INFO] 2019-07-02 13:28:50,659: -0.351875380624
[rosout][INFO] 2019-07-02 13:28:50,710: -0.342531850476
[rosout][INFO] 2019-07-02 13:28:50,766: -0.334093411123
[rosout][INFO] 2019-07-02 13:28:50,818: -0.324925246956
[rosout][INFO] 2019-07-02 13:28:50,882: -0.315652486962
[rosout][INFO] 2019-07-02 13:28:50,940: -0.307355839354
[rosout][INFO] 2019-07-02 13:28:50,991: -0.300116200413
[rosout][INFO] 2019-07-02 13:28:51,045: -0.292739625537
[rosout][INFO] 2019-07-02 13:28:51,097: -0.284305111663
[rosout][INFO] 2019-07-02 13:28:51,161: -0.266743270448
[rosout][INFO] 2019-07-02 13:28:51,217: -0.266743270448
[rosout][INFO] 2019-07-02 13:28:51,278: -0.258066904369
[rosout][INFO] 2019-07-02 13:28:51,328: -0.249453152066
[rosout][INFO] 2019-07-02 13:28:51,393: -0.240861308746
[rosout][INFO] 2019-07-02 13:28:51,437: -0.232231800067
[rosout][INFO] 2019-07-02 13:28:51,497: -0.22356926214
[rosout][INFO] 2019-07-02 13:28:51,545: -0.214875020401
[rosout][INFO] 2019-07-02 13:28:51,603: -0.20615176946
[rosout][INFO] 2019-07-02 13:28:51,654: -0.197401899174
[rosout][INFO] 2019-07-02 13:28:51,715: -0.188627717971
[rosout][INFO] 2019-07-02 13:28:51,772: -0.179829806261
[rosout][INFO] 2019-07-02 13:28:51,820: -0.171417795671
[rosout][INFO] 2019-07-02 13:28:51,871: -0.164268861001
[rosout][INFO] 2019-07-02 13:28:51,938: -0.156463938974
[rosout][INFO] 2019-07-02 13:28:51,982: -0.149366271383
[rosout][INFO] 2019-07-02 13:28:52,036: -0.141905720269
[rosout][INFO] 2019-07-02 13:28:52,095: -0.134937770913
[rosout][INFO] 2019-07-02 13:28:52,150: -0.127467088725
[rosout][INFO] 2019-07-02 13:28:52,201: -0.120376134825
[rosout][INFO] 2019-07-02 13:28:52,256: -0.113503978408
[rosout][INFO] 2019-07-02 13:28:52,319: -0.106837914113
[rosout][INFO] 2019-07-02 13:28:52,381: -0.0998450063775
[rosout][INFO] 2019-07-02 13:28:52,434: -0.0932273314475
[rosout][INFO] 2019-07-02 13:28:52,494: -0.0864224383205
[rosout][INFO] 2019-07-02 13:28:52,546: -0.0797813884056
[rosout][INFO] 2019-07-02 13:28:52,602: -0.073226317411
[rosout][INFO] 2019-07-02 13:28:52,652: -0.0667679071265
[rosout][INFO] 2019-07-02 13:28:52,703: -0.0603447896607
[rosout][INFO] 2019-07-02 13:28:52,754: -0.0539957019173
[rosout][INFO] 2019-07-02 13:28:52,820: -0.0477449510017
[rosout][INFO] 2019-07-02 13:28:52,874: -0.0416090100036
[rosout][INFO] 2019-07-02 13:28:52,930: -0.03519006046
[rosout][INFO] 2019-07-02 13:28:52,979: -0.0289995611733
[rosout][INFO] 2019-07-02 13:28:54,104: -0.355813586662
[rosout][INFO] 2019-07-02 13:28:54,178: -0.360887697591
[rosout][INFO] 2019-07-02 13:28:54,224: -0.364354228204
[rosout][INFO] 2019-07-02 13:28:54,270: -0.357906668188
[rosout][INFO] 2019-07-02 13:28:54,327: -0.34884321622
[rosout][INFO] 2019-07-02 13:28:54,396: -0.339729156021
[rosout][INFO] 2019-07-02 13:28:54,453: -0.330712234851
[rosout][INFO] 2019-07-02 13:28:54,498: -0.321734582719
[rosout][INFO] 2019-07-02 13:28:54,554: -0.312755539042
[rosout][INFO] 2019-07-02 13:28:54,616: -0.303822948501
[rosout][INFO] 2019-07-02 13:28:54,660: -0.294917917552
[rosout][INFO] 2019-07-02 13:28:54,710: -0.2860554739
[rosout][INFO] 2019-07-02 13:28:54,761: -0.27724941334
[rosout][INFO] 2019-07-02 13:28:54,818: -0.268560365523
[rosout][INFO] 2019-07-02 13:28:54,873: -0.260052070875
[rosout][INFO] 2019-07-02 13:28:54,924: -0.251527444739
[rosout][INFO] 2019-07-02 13:28:54,982: -0.243090378199
[rosout][INFO] 2019-07-02 13:28:55,038: -0.234797722124
[rosout][INFO] 2019-07-02 13:28:55,094: -0.226628530722
[rosout][INFO] 2019-07-02 13:28:55,144: -0.218346316406
[rosout][INFO] 2019-07-02 13:28:55,200: -0.210269177944
[rosout][INFO] 2019-07-02 13:28:55,260: -0.203311103516
[rosout][INFO] 2019-07-02 13:28:55,312: -0.196034233858
[rosout][INFO] 2019-07-02 13:28:55,364: -0.189165407111
[rosout][INFO] 2019-07-02 13:28:55,417: -0.18229366703
[rosout][INFO] 2019-07-02 13:28:55,472: -0.17635580219
[rosout][INFO] 2019-07-02 13:28:55,536: -0.169382802298
[rosout][INFO] 2019-07-02 13:28:55,591: -0.163561534277
[rosout][INFO] 2019-07-02 13:28:55,659: -0.156961889194
[rosout][INFO] 2019-07-02 13:28:55,714: -0.152737788613
[rosout][INFO] 2019-07-02 13:28:55,766: -0.148678060075
[rosout][INFO] 2019-07-02 13:28:55,825: -0.144464411585
[rosout][INFO] 2019-07-02 13:28:55,871: -0.140375305914
[rosout][INFO] 2019-07-02 13:28:55,918: -0.136132921169
[rosout][INFO] 2019-07-02 13:28:55,972: -0.132014037917
[rosout][INFO] 2019-07-02 13:28:56,024: -0.127742532506
[rosout][INFO] 2019-07-02 13:28:56,084: -0.123593743191
[rosout][INFO] 2019-07-02 13:28:56,153: -0.119292668785
[rosout][INFO] 2019-07-02 13:28:56,210: -0.115113146619
[rosout][INFO] 2019-07-02 13:28:56,275: -0.110781984604
[rosout][INFO] 2019-07-02 13:28:56,331: -0.106571647891
[rosout][INFO] 2019-07-02 13:28:56,381: -0.102210287015
[rosout][INFO] 2019-07-02 13:28:56,430: -0.0979689548708
[rosout][INFO] 2019-07-02 13:28:56,481: -0.0935783101321
[rosout][INFO] 2019-07-02 13:28:56,532: -0.089308067209
[rosout][INFO] 2019-07-02 13:28:56,584: -0.0848891293256
[rosout][INFO] 2019-07-02 13:28:56,642: -0.0805895247933
[rosout][INFO] 2019-07-02 13:28:56,692: -0.0761416315597
[rosout][INFO] 2019-07-02 13:28:56,754: -0.0718120917892
[rosout][INFO] 2019-07-02 13:28:56,817: -0.0629607048341
[rosout][INFO] 2019-07-02 13:28:56,875: -0.0629607048341
[rosout][INFO] 2019-07-02 13:28:56,923: -0.0584290184629
[rosout][INFO] 2019-07-02 13:28:56,990: -0.0540039296833
[rosout][INFO] 2019-07-02 13:28:57,045: -0.0494373495775
[rosout][INFO] 2019-07-02 13:28:57,101: -0.0449925839427
[rosout][INFO] 2019-07-02 13:28:57,168: -0.0404082718417
[rosout][INFO] 2019-07-02 13:28:57,223: -0.0359460051829
[rosout][INFO] 2019-07-02 13:28:57,275: -0.0313553618199
[rosout][INFO] 2019-07-02 13:28:58,065: -0.385870597054
[rospy.core][INFO] 2019-07-02 13:28:58,122: signal_shutdown [signal-2]
[rospy.internal][INFO] 2019-07-02 13:28:58,134: topic[/cmd_vel] removing connection to /gazebo
[rospy.internal][INFO] 2019-07-02 13:28:58,135: topic[/clock] removing connection to http://f6566a55c2b3:34771/
[rospy.internal][INFO] 2019-07-02 13:28:58,136: topic[/odom] removing connection to http://f6566a55c2b3:34771/
[rospy.impl.masterslave][INFO] 2019-07-02 13:28:58,136: signal-2
[rospy.internal][WARNING] 2019-07-02 13:28:58,137: Unknown error initiating TCP/IP socket to f6566a55c2b3:52757 (http://f6566a55c2b3:34771/): Traceback (most recent call last):
  File "/opt/ros/kinetic/lib/python2.7/dist-packages/rospy/impl/tcpros_base.py", line 558, in connect
    self.local_endpoint = self.socket.getsockname()
AttributeError: 'NoneType' object has no attribute 'getsockname'

[rospy.core][INFO] 2019-07-02 13:28:58,253: signal_shutdown [atexit]
