[rospy.client][INFO] 2019-07-02 13:27:47,293: init_node, name[/wall_follower], pid[15318]
[xmlrpc][INFO] 2019-07-02 13:27:47,293: XML-RPC server binding to 0.0.0.0:0
[rospy.init][INFO] 2019-07-02 13:27:47,294: ROS Slave URI: [http://f6566a55c2b3:42515/]
[xmlrpc][INFO] 2019-07-02 13:27:47,293: Started XML-RPC server [http://f6566a55c2b3:42515/]
[rospy.impl.masterslave][INFO] 2019-07-02 13:27:47,294: _ready: http://f6566a55c2b3:42515/
[xmlrpc][INFO] 2019-07-02 13:27:47,294: xml rpc node: starting XML-RPC server
[rospy.registration][INFO] 2019-07-02 13:27:47,295: Registering with master node http://localhost:11311
[rospy.init][INFO] 2019-07-02 13:27:47,394: registered with master
[rospy.rosout][INFO] 2019-07-02 13:27:47,394: initializing /rosout core topic
[rospy.rosout][INFO] 2019-07-02 13:27:47,403: connected to core topic /rosout
[rospy.simtime][INFO] 2019-07-02 13:27:47,405: initializing /clock core topic
[rospy.simtime][INFO] 2019-07-02 13:27:47,411: connected to core topic /clock
[rospy.internal][INFO] 2019-07-02 13:27:47,423: topic[/clock] adding connection to [http://f6566a55c2b3:34771/], count 0
[rospy.internal][INFO] 2019-07-02 13:27:47,480: topic[/m2wr/laser/scan] adding connection to [http://f6566a55c2b3:34771/], count 0
[rospy.internal][INFO] 2019-07-02 13:27:47,592: topic[/cmd_vel] adding connection to [/gazebo], count 0
[rospy.core][INFO] 2019-07-02 13:28:58,126: signal_shutdown [signal-2]
[rospy.internal][INFO] 2019-07-02 13:28:58,157: topic[/cmd_vel] removing connection to /gazebo
[rospy.internal][INFO] 2019-07-02 13:28:58,157: topic[/clock] removing connection to http://f6566a55c2b3:34771/
[rospy.internal][INFO] 2019-07-02 13:28:58,157: topic[/m2wr/laser/scan] removing connection to http://f6566a55c2b3:34771/
[rospy.impl.masterslave][INFO] 2019-07-02 13:28:58,158: signal-2
[rospy.core][INFO] 2019-07-02 13:28:58,774: signal_shutdown [atexit]
