[rosmaster.main][INFO] 2019-06-26 10:20:46,340: initialization complete, waiting for shutdown
[rosmaster.main][INFO] 2019-06-26 10:20:46,340: Starting ROS Master Node
[xmlrpc][INFO] 2019-06-26 10:20:46,341: XML-RPC server binding to 0.0.0.0:11311
[rosmaster.master][INFO] 2019-06-26 10:20:46,341: Master initialized: port[11311], uri[http://dc5b429f784e:11311/]
[xmlrpc][INFO] 2019-06-26 10:20:46,341: Started XML-RPC server [http://dc5b429f784e:11311/]
[xmlrpc][INFO] 2019-06-26 10:20:46,342: xml rpc node: starting XML-RPC server
[rosmaster.master][INFO] 2019-06-26 10:20:46,395: +PARAM [/run_id] by /roslaunch
[rosmaster.master][INFO] 2019-06-26 10:20:46,397: +PARAM [/roslaunch/uris/host_dc5b429f784e__44859] by /roslaunch
[rosmaster.master][INFO] 2019-06-26 10:20:46,822: +PARAM [/rosversion] by /roslaunch
[rosmaster.master][INFO] 2019-06-26 10:20:46,822: +PARAM [/use_sim_time] by /roslaunch
[rosmaster.master][INFO] 2019-06-26 10:20:46,822: +PARAM [/rosdistro] by /roslaunch
[rosmaster.master][INFO] 2019-06-26 10:20:46,822: +PARAM [/robot_description] by /roslaunch
[rosmaster.master][INFO] 2019-06-26 10:20:46,842: +SERVICE [/rosout/get_loggers] /rosout http://dc5b429f784e:41265/
[rosmaster.master][INFO] 2019-06-26 10:20:46,843: +SERVICE [/rosout/set_logger_level] /rosout http://dc5b429f784e:41265/
[rosmaster.master][INFO] 2019-06-26 10:20:46,850: +SUB [/clock] /rosout http://dc5b429f784e:41265/
[rosmaster.master][INFO] 2019-06-26 10:20:46,851: +PUB [/rosout_agg] /rosout http://dc5b429f784e:41265/
[rosmaster.master][INFO] 2019-06-26 10:20:46,856: +SUB [/rosout] /rosout http://dc5b429f784e:41265/
[rosmaster.master][INFO] 2019-06-26 10:20:47,691: +PUB [/rosout] /gazebo http://dc5b429f784e:42097/
[rosmaster.master][INFO] 2019-06-26 10:20:47,692: +SERVICE [/gazebo/get_loggers] /gazebo http://dc5b429f784e:42097/
[rosmaster.master][INFO] 2019-06-26 10:20:47,693: +SERVICE [/gazebo/set_logger_level] /gazebo http://dc5b429f784e:42097/
[rosmaster.master][INFO] 2019-06-26 10:20:47,700: +SUB [/clock] /gazebo http://dc5b429f784e:42097/
[rosmaster.master][INFO] 2019-06-26 10:20:47,743: publisherUpdate[/rosout] -> http://dc5b429f784e:41265/ ['http://dc5b429f784e:42097/']
[rosmaster.master][INFO] 2019-06-26 10:20:47,745: publisherUpdate[/rosout] -> http://dc5b429f784e:41265/ ['http://dc5b429f784e:42097/']: sec=0.00, result=[1, '', 0]
[rosmaster.master][INFO] 2019-06-26 10:20:48,127: +PUB [/clock] /gazebo http://dc5b429f784e:42097/
[rosmaster.master][INFO] 2019-06-26 10:20:48,129: +SERVICE [/gazebo/spawn_sdf_model] /gazebo http://dc5b429f784e:42097/
[rosmaster.master][INFO] 2019-06-26 10:20:48,130: +SERVICE [/gazebo/spawn_urdf_model] /gazebo http://dc5b429f784e:42097/
[rosmaster.master][INFO] 2019-06-26 10:20:48,131: +SERVICE [/gazebo/delete_model] /gazebo http://dc5b429f784e:42097/
[rosmaster.master][INFO] 2019-06-26 10:20:48,132: +SERVICE [/gazebo/delete_light] /gazebo http://dc5b429f784e:42097/
[rosmaster.master][INFO] 2019-06-26 10:20:48,133: +SERVICE [/gazebo/get_model_properties] /gazebo http://dc5b429f784e:42097/
[rosmaster.master][INFO] 2019-06-26 10:20:48,134: +SERVICE [/gazebo/get_model_state] /gazebo http://dc5b429f784e:42097/
[rosmaster.master][INFO] 2019-06-26 10:20:48,135: +SERVICE [/gazebo/get_world_properties] /gazebo http://dc5b429f784e:42097/
[rosmaster.master][INFO] 2019-06-26 10:20:48,136: +SERVICE [/gazebo/get_joint_properties] /gazebo http://dc5b429f784e:42097/
[rosmaster.master][INFO] 2019-06-26 10:20:48,137: +SERVICE [/gazebo/get_link_properties] /gazebo http://dc5b429f784e:42097/
[rosmaster.master][INFO] 2019-06-26 10:20:48,138: +SERVICE [/gazebo/get_link_state] /gazebo http://dc5b429f784e:42097/
[rosmaster.master][INFO] 2019-06-26 10:20:48,139: +SERVICE [/gazebo/get_light_properties] /gazebo http://dc5b429f784e:42097/
[rosmaster.master][INFO] 2019-06-26 10:20:48,140: +SERVICE [/gazebo/set_light_properties] /gazebo http://dc5b429f784e:42097/
[rosmaster.master][INFO] 2019-06-26 10:20:48,141: +SERVICE [/gazebo/get_physics_properties] /gazebo http://dc5b429f784e:42097/
[rosmaster.master][INFO] 2019-06-26 10:20:48,142: +PUB [/gazebo/link_states] /gazebo http://dc5b429f784e:42097/
[rosmaster.master][INFO] 2019-06-26 10:20:48,143: +PUB [/gazebo/model_states] /gazebo http://dc5b429f784e:42097/
[rosmaster.master][INFO] 2019-06-26 10:20:48,144: +SERVICE [/gazebo/set_link_properties] /gazebo http://dc5b429f784e:42097/
[rosmaster.master][INFO] 2019-06-26 10:20:48,144: publisherUpdate[/clock] -> http://dc5b429f784e:42097/ ['http://dc5b429f784e:42097/']
[rosmaster.master][INFO] 2019-06-26 10:20:48,144: publisherUpdate[/clock] -> http://dc5b429f784e:41265/ ['http://dc5b429f784e:42097/']
[rosmaster.master][INFO] 2019-06-26 10:20:48,147: +SERVICE [/gazebo/set_physics_properties] /gazebo http://dc5b429f784e:42097/
[rosmaster.master][INFO] 2019-06-26 10:20:48,147: publisherUpdate[/clock] -> http://dc5b429f784e:41265/ ['http://dc5b429f784e:42097/']: sec=0.00, result=[1, '', 0]
[rosmaster.master][INFO] 2019-06-26 10:20:48,147: publisherUpdate[/clock] -> http://dc5b429f784e:42097/ ['http://dc5b429f784e:42097/']: sec=0.00, result=[1, '', 0]
[rosmaster.master][INFO] 2019-06-26 10:20:48,148: +SERVICE [/gazebo/set_model_state] /gazebo http://dc5b429f784e:42097/
[rosmaster.master][INFO] 2019-06-26 10:20:48,149: +SERVICE [/gazebo/set_model_configuration] /gazebo http://dc5b429f784e:42097/
[rosmaster.master][INFO] 2019-06-26 10:20:48,151: +SERVICE [/gazebo/set_joint_properties] /gazebo http://dc5b429f784e:42097/
[rosmaster.master][INFO] 2019-06-26 10:20:48,151: +SERVICE [/gazebo/set_link_state] /gazebo http://dc5b429f784e:42097/
[rosmaster.master][INFO] 2019-06-26 10:20:48,158: +SUB [/gazebo/set_link_state] /gazebo http://dc5b429f784e:42097/
[rosmaster.master][INFO] 2019-06-26 10:20:48,162: +SUB [/gazebo/set_model_state] /gazebo http://dc5b429f784e:42097/
[rosmaster.master][INFO] 2019-06-26 10:20:48,163: +SERVICE [/gazebo/pause_physics] /gazebo http://dc5b429f784e:42097/
[rosmaster.master][INFO] 2019-06-26 10:20:48,165: +SERVICE [/gazebo/unpause_physics] /gazebo http://dc5b429f784e:42097/
[rosmaster.master][INFO] 2019-06-26 10:20:48,166: +SERVICE [/gazebo/apply_body_wrench] /gazebo http://dc5b429f784e:42097/
[rosmaster.master][INFO] 2019-06-26 10:20:48,167: +SERVICE [/gazebo/apply_joint_effort] /gazebo http://dc5b429f784e:42097/
[rosmaster.master][INFO] 2019-06-26 10:20:48,168: +SERVICE [/gazebo/clear_joint_forces] /gazebo http://dc5b429f784e:42097/
[rosmaster.master][INFO] 2019-06-26 10:20:48,169: +SERVICE [/gazebo/clear_body_wrenches] /gazebo http://dc5b429f784e:42097/
[rosmaster.master][INFO] 2019-06-26 10:20:48,170: +SERVICE [/gazebo/reset_simulation] /gazebo http://dc5b429f784e:42097/
[rosmaster.master][INFO] 2019-06-26 10:20:48,171: +SERVICE [/gazebo/reset_world] /gazebo http://dc5b429f784e:42097/
[rosmaster.master][INFO] 2019-06-26 10:20:48,308: +SERVICE [/gazebo/set_parameters] /gazebo http://dc5b429f784e:42097/
[rosmaster.master][INFO] 2019-06-26 10:20:48,310: +PUB [/gazebo/parameter_descriptions] /gazebo http://dc5b429f784e:42097/
[rosmaster.master][INFO] 2019-06-26 10:20:48,311: +PUB [/gazebo/parameter_updates] /gazebo http://dc5b429f784e:42097/
[rosmaster.master][INFO] 2019-06-26 10:20:48,333: +PARAM [/gazebo/time_step] by /gazebo
[rosmaster.master][INFO] 2019-06-26 10:20:48,335: +PARAM [/gazebo/max_update_rate] by /gazebo
[rosmaster.master][INFO] 2019-06-26 10:20:48,337: +PARAM [/gazebo/gravity_x] by /gazebo
[rosmaster.master][INFO] 2019-06-26 10:20:48,339: +PARAM [/gazebo/gravity_y] by /gazebo
[rosmaster.master][INFO] 2019-06-26 10:20:48,341: +PARAM [/gazebo/gravity_z] by /gazebo
[rosmaster.master][INFO] 2019-06-26 10:20:48,343: +PARAM [/gazebo/auto_disable_bodies] by /gazebo
[rosmaster.master][INFO] 2019-06-26 10:20:48,347: +PARAM [/gazebo/sor_pgs_precon_iters] by /gazebo
[rosmaster.master][INFO] 2019-06-26 10:20:48,351: +PARAM [/gazebo/sor_pgs_iters] by /gazebo
[rosmaster.master][INFO] 2019-06-26 10:20:48,352: +PARAM [/gazebo/sor_pgs_w] by /gazebo
[rosmaster.master][INFO] 2019-06-26 10:20:48,354: +PARAM [/gazebo/sor_pgs_rms_error_tol] by /gazebo
[rosmaster.master][INFO] 2019-06-26 10:20:48,355: +PARAM [/gazebo/cfm] by /gazebo
[rosmaster.master][INFO] 2019-06-26 10:20:48,356: +PARAM [/gazebo/erp] by /gazebo
[rosmaster.master][INFO] 2019-06-26 10:20:48,357: +PARAM [/gazebo/contact_surface_layer] by /gazebo
[rosmaster.master][INFO] 2019-06-26 10:20:48,359: +PARAM [/gazebo/contact_max_correcting_vel] by /gazebo
[rosmaster.master][INFO] 2019-06-26 10:20:48,361: +PARAM [/gazebo/max_contacts] by /gazebo
[rosmaster.master][INFO] 2019-06-26 10:20:48,365: +PARAM [/gazebo/time_step] by /gazebo
[rosmaster.master][INFO] 2019-06-26 10:20:48,367: +PARAM [/gazebo/max_update_rate] by /gazebo
[rosmaster.master][INFO] 2019-06-26 10:20:48,368: +PARAM [/gazebo/gravity_x] by /gazebo
[rosmaster.master][INFO] 2019-06-26 10:20:48,369: +PARAM [/gazebo/gravity_y] by /gazebo
[rosmaster.master][INFO] 2019-06-26 10:20:48,370: +PARAM [/gazebo/gravity_z] by /gazebo
[rosmaster.master][INFO] 2019-06-26 10:20:48,371: +PARAM [/gazebo/auto_disable_bodies] by /gazebo
[rosmaster.master][INFO] 2019-06-26 10:20:48,372: +PARAM [/gazebo/sor_pgs_precon_iters] by /gazebo
[rosmaster.master][INFO] 2019-06-26 10:20:48,374: +PARAM [/gazebo/sor_pgs_iters] by /gazebo
[rosmaster.master][INFO] 2019-06-26 10:20:48,375: +PARAM [/gazebo/sor_pgs_w] by /gazebo
[rosmaster.master][INFO] 2019-06-26 10:20:48,376: +PARAM [/gazebo/sor_pgs_rms_error_tol] by /gazebo
[rosmaster.master][INFO] 2019-06-26 10:20:48,377: +PARAM [/gazebo/cfm] by /gazebo
[rosmaster.master][INFO] 2019-06-26 10:20:48,379: +PARAM [/gazebo/erp] by /gazebo
[rosmaster.master][INFO] 2019-06-26 10:20:48,379: +PARAM [/gazebo/contact_surface_layer] by /gazebo
[rosmaster.master][INFO] 2019-06-26 10:20:48,381: +PARAM [/gazebo/contact_max_correcting_vel] by /gazebo
[rosmaster.master][INFO] 2019-06-26 10:20:48,382: +PARAM [/gazebo/max_contacts] by /gazebo
[rosmaster.master][INFO] 2019-06-26 10:20:48,709: +PUB [/rosout] /mybot_spawn http://dc5b429f784e:40001/
[rosmaster.master][INFO] 2019-06-26 10:20:48,715: +SUB [/clock] /mybot_spawn http://dc5b429f784e:40001/
[rosmaster.master][INFO] 2019-06-26 10:20:48,718: +SERVICE [/mybot_spawn/get_loggers] /mybot_spawn http://dc5b429f784e:40001/
[rosmaster.master][INFO] 2019-06-26 10:20:48,720: +SERVICE [/mybot_spawn/set_logger_level] /mybot_spawn http://dc5b429f784e:40001/
[rosmaster.master][INFO] 2019-06-26 10:20:48,747: publisherUpdate[/rosout] -> http://dc5b429f784e:41265/ ['http://dc5b429f784e:42097/', 'http://dc5b429f784e:40001/']
[rosmaster.master][INFO] 2019-06-26 10:20:48,748: publisherUpdate[/rosout] -> http://dc5b429f784e:41265/ ['http://dc5b429f784e:42097/', 'http://dc5b429f784e:40001/']: sec=0.00, result=[1, '', 0]
[rosmaster.master][INFO] 2019-06-26 10:20:49,036: -SUB [/clock] /mybot_spawn http://dc5b429f784e:40001/
[rosmaster.master][INFO] 2019-06-26 10:20:49,036: -PUB [/rosout] /mybot_spawn http://dc5b429f784e:40001/
[rosmaster.master][INFO] 2019-06-26 10:20:49,036: -SERVICE [/mybot_spawn/set_logger_level] /mybot_spawn rosrpc://dc5b429f784e:42697
[rosmaster.master][INFO] 2019-06-26 10:20:49,036: -SERVICE [/mybot_spawn/get_loggers] /mybot_spawn rosrpc://dc5b429f784e:42697
[rosmaster.master][ERROR] 2019-06-26 10:20:49,047: Traceback (most recent call last):
  File "/opt/ros/kinetic/lib/python2.7/dist-packages/rosmaster/master_api.py", line 177, in validated_f
    code, msg, val = f(*newArgs, **kwds)
  File "/opt/ros/kinetic/lib/python2.7/dist-packages/rosmaster/master_api.py", line 435, in searchParam
    search_key = self.param_server.search_param(caller_id, key)
  File "/opt/ros/kinetic/lib/python2.7/dist-packages/rosmaster/paramserver.py", line 116, in search_param
    raise ValueError("namespace must be global")
ValueError: namespace must be global

[rosmaster.master][INFO] 2019-06-26 10:20:49,048: +PUB [/m2wr/laser/scan] /gazebo http://dc5b429f784e:42097/
[rosmaster.master][INFO] 2019-06-26 10:20:49,049: publisherUpdate[/rosout] -> http://dc5b429f784e:41265/ ['http://dc5b429f784e:42097/']
[rosmaster.master][INFO] 2019-06-26 10:20:49,050: publisherUpdate[/rosout] -> http://dc5b429f784e:41265/ ['http://dc5b429f784e:42097/']: sec=0.00, result=[1, '', 0]
[rosmaster.master][ERROR] 2019-06-26 10:20:49,139: Traceback (most recent call last):
  File "/opt/ros/kinetic/lib/python2.7/dist-packages/rosmaster/master_api.py", line 177, in validated_f
    code, msg, val = f(*newArgs, **kwds)
  File "/opt/ros/kinetic/lib/python2.7/dist-packages/rosmaster/master_api.py", line 435, in searchParam
    search_key = self.param_server.search_param(caller_id, key)
  File "/opt/ros/kinetic/lib/python2.7/dist-packages/rosmaster/paramserver.py", line 116, in search_param
    raise ValueError("namespace must be global")
ValueError: namespace must be global

[rosmaster.master][INFO] 2019-06-26 10:20:49,140: +PUB [/joint_states] /gazebo http://dc5b429f784e:42097/
[rosmaster.master][INFO] 2019-06-26 10:20:49,142: +PUB [/tf] /gazebo http://dc5b429f784e:42097/
[rosmaster.master][INFO] 2019-06-26 10:20:49,148: +SUB [/cmd_vel] /gazebo http://dc5b429f784e:42097/
[rosmaster.master][INFO] 2019-06-26 10:20:49,149: +PUB [/odom] /gazebo http://dc5b429f784e:42097/
[rosmaster.master][INFO] 2019-06-26 10:22:22,871: +PARAM [/roslaunch/uris/host_dc5b429f784e__42303] by /roslaunch
[rosmaster.master][INFO] 2019-06-26 10:22:22,875: +PARAM [/rosversion] by /roslaunch
[rosmaster.master][INFO] 2019-06-26 10:22:22,875: +PARAM [/des_pos_x] by /roslaunch
[rosmaster.master][INFO] 2019-06-26 10:22:22,875: +PARAM [/rosdistro] by /roslaunch
[rosmaster.master][INFO] 2019-06-26 10:22:22,876: +PARAM [/des_pos_y] by /roslaunch
[rosmaster.master][INFO] 2019-06-26 10:22:26,460: +PUB [/rosout] /go_to_point http://dc5b429f784e:42149/
[rosmaster.master][INFO] 2019-06-26 10:22:26,461: publisherUpdate[/rosout] -> http://dc5b429f784e:41265/ ['http://dc5b429f784e:42097/', 'http://dc5b429f784e:42149/']
[rosmaster.master][INFO] 2019-06-26 10:22:26,463: publisherUpdate[/rosout] -> http://dc5b429f784e:41265/ ['http://dc5b429f784e:42097/', 'http://dc5b429f784e:42149/']: sec=0.00, result=[1, '', 0]
[rosmaster.master][INFO] 2019-06-26 10:22:26,465: +PUB [/rosout] /wall_follower http://dc5b429f784e:32925/
[rosmaster.master][INFO] 2019-06-26 10:22:26,487: +SUB [/clock] /go_to_point http://dc5b429f784e:42149/
[rosmaster.master][INFO] 2019-06-26 10:22:26,490: +SUB [/clock] /wall_follower http://dc5b429f784e:32925/
[rosmaster.master][INFO] 2019-06-26 10:22:26,493: +SERVICE [/go_to_point/get_loggers] /go_to_point http://dc5b429f784e:42149/
[rosmaster.master][INFO] 2019-06-26 10:22:26,496: +SERVICE [/wall_follower/get_loggers] /wall_follower http://dc5b429f784e:32925/
[rosmaster.master][INFO] 2019-06-26 10:22:26,498: +SERVICE [/go_to_point/set_logger_level] /go_to_point http://dc5b429f784e:42149/
[rosmaster.master][INFO] 2019-06-26 10:22:26,499: +SERVICE [/wall_follower/set_logger_level] /wall_follower http://dc5b429f784e:32925/
[rosmaster.master][INFO] 2019-06-26 10:22:26,502: +PUB [/cmd_vel] /wall_follower http://dc5b429f784e:32925/
[rosmaster.master][INFO] 2019-06-26 10:22:26,503: +PUB [/cmd_vel] /go_to_point http://dc5b429f784e:42149/
[rosmaster.master][INFO] 2019-06-26 10:22:26,507: +SUB [/m2wr/laser/scan] /wall_follower http://dc5b429f784e:32925/
[rosmaster.master][INFO] 2019-06-26 10:22:26,511: +SERVICE [/wall_follower_switch] /wall_follower http://dc5b429f784e:32925/
[rosmaster.master][INFO] 2019-06-26 10:22:26,513: +SUB [/odom] /go_to_point http://dc5b429f784e:42149/
[rosmaster.master][INFO] 2019-06-26 10:22:26,515: +SERVICE [/go_to_point_switch] /go_to_point http://dc5b429f784e:42149/
[rosmaster.master][INFO] 2019-06-26 10:22:26,532: publisherUpdate[/rosout] -> http://dc5b429f784e:41265/ ['http://dc5b429f784e:42097/', 'http://dc5b429f784e:42149/', 'http://dc5b429f784e:32925/']
[rosmaster.master][INFO] 2019-06-26 10:22:26,533: publisherUpdate[/rosout] -> http://dc5b429f784e:41265/ ['http://dc5b429f784e:42097/', 'http://dc5b429f784e:42149/', 'http://dc5b429f784e:32925/']: sec=0.00, result=[1, '', 0]
[rosmaster.master][INFO] 2019-06-26 10:22:26,533: publisherUpdate[/cmd_vel] -> http://dc5b429f784e:42097/ ['http://dc5b429f784e:32925/']
[rosmaster.master][INFO] 2019-06-26 10:22:26,534: publisherUpdate[/cmd_vel] -> http://dc5b429f784e:42097/ ['http://dc5b429f784e:32925/']: sec=0.00, result=[1, '', 0]
[rosmaster.master][INFO] 2019-06-26 10:22:26,534: publisherUpdate[/cmd_vel] -> http://dc5b429f784e:42097/ ['http://dc5b429f784e:32925/', 'http://dc5b429f784e:42149/']
[rosmaster.master][INFO] 2019-06-26 10:22:26,535: publisherUpdate[/cmd_vel] -> http://dc5b429f784e:42097/ ['http://dc5b429f784e:32925/', 'http://dc5b429f784e:42149/']: sec=0.00, result=[1, '', 0]
[rosmaster.master][INFO] 2019-06-26 10:22:27,761: +PUB [/rosout] /bug http://dc5b429f784e:41819/
[rosmaster.master][INFO] 2019-06-26 10:22:27,766: publisherUpdate[/rosout] -> http://dc5b429f784e:41265/ ['http://dc5b429f784e:42097/', 'http://dc5b429f784e:42149/', 'http://dc5b429f784e:32925/', 'http://dc5b429f784e:41819/']
[rosmaster.master][INFO] 2019-06-26 10:22:27,767: publisherUpdate[/rosout] -> http://dc5b429f784e:41265/ ['http://dc5b429f784e:42097/', 'http://dc5b429f784e:42149/', 'http://dc5b429f784e:32925/', 'http://dc5b429f784e:41819/']: sec=0.00, result=[1, '', 0]
[rosmaster.master][INFO] 2019-06-26 10:22:27,799: +SUB [/clock] /bug http://dc5b429f784e:41819/
[rosmaster.master][INFO] 2019-06-26 10:22:27,803: +SERVICE [/bug/get_loggers] /bug http://dc5b429f784e:41819/
[rosmaster.master][INFO] 2019-06-26 10:22:27,805: +SERVICE [/bug/set_logger_level] /bug http://dc5b429f784e:41819/
[rosmaster.master][INFO] 2019-06-26 10:22:27,808: +SUB [/m2wr/laser/scan] /bug http://dc5b429f784e:41819/
[rosmaster.master][INFO] 2019-06-26 10:22:27,814: +SUB [/odom] /bug http://dc5b429f784e:41819/
[rosmaster.master][INFO] 2019-06-26 10:24:49,345: -SUB [/clock] /bug http://dc5b429f784e:41819/
[rosmaster.master][INFO] 2019-06-26 10:24:49,346: -SUB [/m2wr/laser/scan] /bug http://dc5b429f784e:41819/
[rosmaster.master][INFO] 2019-06-26 10:24:49,347: -SUB [/odom] /bug http://dc5b429f784e:41819/
[rosmaster.master][INFO] 2019-06-26 10:24:49,347: -PUB [/rosout] /bug http://dc5b429f784e:41819/
[rosmaster.master][INFO] 2019-06-26 10:24:49,347: -SERVICE [/bug/set_logger_level] /bug rosrpc://dc5b429f784e:33271
[rosmaster.master][INFO] 2019-06-26 10:24:49,347: -SERVICE [/bug/get_loggers] /bug rosrpc://dc5b429f784e:33271
[rosmaster.master][INFO] 2019-06-26 10:24:49,351: -SUB [/clock] /wall_follower http://dc5b429f784e:32925/
[rosmaster.master][INFO] 2019-06-26 10:24:49,351: -SUB [/m2wr/laser/scan] /wall_follower http://dc5b429f784e:32925/
[rosmaster.master][INFO] 2019-06-26 10:24:49,351: -PUB [/rosout] /wall_follower http://dc5b429f784e:32925/
[rosmaster.master][INFO] 2019-06-26 10:24:49,352: -PUB [/cmd_vel] /wall_follower http://dc5b429f784e:32925/
[rosmaster.master][INFO] 2019-06-26 10:24:49,352: -SERVICE [/wall_follower/set_logger_level] /wall_follower rosrpc://dc5b429f784e:36747
[rosmaster.master][INFO] 2019-06-26 10:24:49,352: -SERVICE [/wall_follower/get_loggers] /wall_follower rosrpc://dc5b429f784e:36747
[rosmaster.master][INFO] 2019-06-26 10:24:49,352: -SERVICE [/wall_follower_switch] /wall_follower rosrpc://dc5b429f784e:36747
[rosmaster.master][INFO] 2019-06-26 10:24:49,354: -SUB [/clock] /go_to_point http://dc5b429f784e:42149/
[rosmaster.master][INFO] 2019-06-26 10:24:49,354: -SUB [/odom] /go_to_point http://dc5b429f784e:42149/
[rosmaster.master][INFO] 2019-06-26 10:24:49,355: -PUB [/rosout] /go_to_point http://dc5b429f784e:42149/
[rosmaster.master][INFO] 2019-06-26 10:24:49,355: -PUB [/cmd_vel] /go_to_point http://dc5b429f784e:42149/
[rosmaster.master][INFO] 2019-06-26 10:24:49,355: -SERVICE [/go_to_point_switch] /go_to_point rosrpc://dc5b429f784e:36801
[rosmaster.master][INFO] 2019-06-26 10:24:49,355: -SERVICE [/go_to_point/set_logger_level] /go_to_point rosrpc://dc5b429f784e:36801
[rosmaster.master][INFO] 2019-06-26 10:24:49,356: -SERVICE [/go_to_point/get_loggers] /go_to_point rosrpc://dc5b429f784e:36801
[rosmaster.master][INFO] 2019-06-26 10:24:49,373: publisherUpdate[/rosout] -> http://dc5b429f784e:41265/ ['http://dc5b429f784e:42097/', 'http://dc5b429f784e:42149/', 'http://dc5b429f784e:32925/']
[rosmaster.master][INFO] 2019-06-26 10:24:49,374: publisherUpdate[/rosout] -> http://dc5b429f784e:41265/ ['http://dc5b429f784e:42097/', 'http://dc5b429f784e:42149/', 'http://dc5b429f784e:32925/']: sec=0.00, result=[1, '', 0]
[rosmaster.master][INFO] 2019-06-26 10:24:49,375: publisherUpdate[/rosout] -> http://dc5b429f784e:41265/ ['http://dc5b429f784e:42097/', 'http://dc5b429f784e:42149/']
[rosmaster.master][INFO] 2019-06-26 10:24:49,376: publisherUpdate[/rosout] -> http://dc5b429f784e:41265/ ['http://dc5b429f784e:42097/', 'http://dc5b429f784e:42149/']: sec=0.00, result=[1, '', 0]
[rosmaster.master][INFO] 2019-06-26 10:24:49,376: publisherUpdate[/cmd_vel] -> http://dc5b429f784e:42097/ ['http://dc5b429f784e:42149/']
[rosmaster.master][INFO] 2019-06-26 10:24:49,376: publisherUpdate[/cmd_vel] -> http://dc5b429f784e:42097/ ['http://dc5b429f784e:42149/']: sec=0.00, result=[1, '', 0]
[rosmaster.master][INFO] 2019-06-26 10:24:49,377: publisherUpdate[/rosout] -> http://dc5b429f784e:41265/ ['http://dc5b429f784e:42097/']
[rosmaster.master][INFO] 2019-06-26 10:24:49,377: publisherUpdate[/rosout] -> http://dc5b429f784e:41265/ ['http://dc5b429f784e:42097/']: sec=0.00, result=[1, '', 0]
[rosmaster.master][INFO] 2019-06-26 10:24:49,378: publisherUpdate[/cmd_vel] -> http://dc5b429f784e:42097/ []
[rosmaster.master][INFO] 2019-06-26 10:24:49,378: publisherUpdate[/cmd_vel] -> http://dc5b429f784e:42097/ []: sec=0.00, result=[1, '', 0]
[rosmaster.master][INFO] 2019-06-26 10:24:54,788: +PARAM [/roslaunch/uris/host_dc5b429f784e__46259] by /roslaunch
[rosmaster.master][INFO] 2019-06-26 10:24:54,801: +PARAM [/rosversion] by /roslaunch
[rosmaster.master][INFO] 2019-06-26 10:24:54,801: +PARAM [/des_pos_x] by /roslaunch
[rosmaster.master][INFO] 2019-06-26 10:24:54,801: +PARAM [/rosdistro] by /roslaunch
[rosmaster.master][INFO] 2019-06-26 10:24:54,802: +PARAM [/des_pos_y] by /roslaunch
[rosmaster.master][INFO] 2019-06-26 10:24:58,497: +PUB [/rosout] /wall_follower http://dc5b429f784e:33691/
[rosmaster.master][INFO] 2019-06-26 10:24:58,497: publisherUpdate[/rosout] -> http://dc5b429f784e:41265/ ['http://dc5b429f784e:42097/', 'http://dc5b429f784e:33691/']
[rosmaster.master][INFO] 2019-06-26 10:24:58,499: publisherUpdate[/rosout] -> http://dc5b429f784e:41265/ ['http://dc5b429f784e:42097/', 'http://dc5b429f784e:33691/']: sec=0.00, result=[1, '', 0]
[rosmaster.master][INFO] 2019-06-26 10:24:58,514: +PUB [/rosout] /go_to_point http://dc5b429f784e:36149/
[rosmaster.master][INFO] 2019-06-26 10:24:58,516: +SUB [/clock] /wall_follower http://dc5b429f784e:33691/
[rosmaster.master][INFO] 2019-06-26 10:24:58,519: +SERVICE [/wall_follower/get_loggers] /wall_follower http://dc5b429f784e:33691/
[rosmaster.master][INFO] 2019-06-26 10:24:58,523: +SUB [/clock] /go_to_point http://dc5b429f784e:36149/
[rosmaster.master][INFO] 2019-06-26 10:24:58,524: +SERVICE [/wall_follower/set_logger_level] /wall_follower http://dc5b429f784e:33691/
[rosmaster.master][INFO] 2019-06-26 10:24:58,527: +SERVICE [/go_to_point/get_loggers] /go_to_point http://dc5b429f784e:36149/
[rosmaster.master][INFO] 2019-06-26 10:24:58,529: +PUB [/cmd_vel] /wall_follower http://dc5b429f784e:33691/
[rosmaster.master][INFO] 2019-06-26 10:24:58,531: +SERVICE [/go_to_point/set_logger_level] /go_to_point http://dc5b429f784e:36149/
[rosmaster.master][INFO] 2019-06-26 10:24:58,534: +PUB [/rosout] /bug http://dc5b429f784e:45729/
[rosmaster.master][INFO] 2019-06-26 10:24:58,536: +PUB [/cmd_vel] /go_to_point http://dc5b429f784e:36149/
[rosmaster.master][INFO] 2019-06-26 10:24:58,546: +SUB [/m2wr/laser/scan] /wall_follower http://dc5b429f784e:33691/
[rosmaster.master][INFO] 2019-06-26 10:24:58,548: publisherUpdate[/rosout] -> http://dc5b429f784e:41265/ ['http://dc5b429f784e:42097/', 'http://dc5b429f784e:33691/', 'http://dc5b429f784e:36149/']
[rosmaster.master][INFO] 2019-06-26 10:24:58,550: publisherUpdate[/rosout] -> http://dc5b429f784e:41265/ ['http://dc5b429f784e:42097/', 'http://dc5b429f784e:33691/', 'http://dc5b429f784e:36149/']: sec=0.00, result=[1, '', 0]
[rosmaster.master][INFO] 2019-06-26 10:24:58,550: publisherUpdate[/cmd_vel] -> http://dc5b429f784e:42097/ ['http://dc5b429f784e:33691/']
[rosmaster.master][INFO] 2019-06-26 10:24:58,551: publisherUpdate[/rosout] -> http://dc5b429f784e:41265/ ['http://dc5b429f784e:42097/', 'http://dc5b429f784e:33691/', 'http://dc5b429f784e:36149/', 'http://dc5b429f784e:45729/']
[rosmaster.master][INFO] 2019-06-26 10:24:58,556: +SERVICE [/wall_follower_switch] /wall_follower http://dc5b429f784e:33691/
[rosmaster.master][INFO] 2019-06-26 10:24:58,557: publisherUpdate[/cmd_vel] -> http://dc5b429f784e:42097/ ['http://dc5b429f784e:33691/']: sec=0.00, result=[1, '', 0]
[rosmaster.master][INFO] 2019-06-26 10:24:58,560: publisherUpdate[/rosout] -> http://dc5b429f784e:41265/ ['http://dc5b429f784e:42097/', 'http://dc5b429f784e:33691/', 'http://dc5b429f784e:36149/', 'http://dc5b429f784e:45729/']: sec=0.01, result=[1, '', 0]
[rosmaster.master][INFO] 2019-06-26 10:24:58,564: +SUB [/clock] /bug http://dc5b429f784e:45729/
[rosmaster.master][INFO] 2019-06-26 10:24:58,565: publisherUpdate[/cmd_vel] -> http://dc5b429f784e:42097/ ['http://dc5b429f784e:33691/', 'http://dc5b429f784e:36149/']
[rosmaster.master][INFO] 2019-06-26 10:24:58,568: publisherUpdate[/cmd_vel] -> http://dc5b429f784e:42097/ ['http://dc5b429f784e:33691/', 'http://dc5b429f784e:36149/']: sec=0.00, result=[1, '', 0]
[rosmaster.master][INFO] 2019-06-26 10:24:58,568: +SUB [/odom] /go_to_point http://dc5b429f784e:36149/
[rosmaster.master][INFO] 2019-06-26 10:24:58,576: +SERVICE [/bug/get_loggers] /bug http://dc5b429f784e:45729/
[rosmaster.master][INFO] 2019-06-26 10:24:58,587: +SERVICE [/bug/set_logger_level] /bug http://dc5b429f784e:45729/
[rosmaster.master][INFO] 2019-06-26 10:24:58,591: +SUB [/m2wr/laser/scan] /bug http://dc5b429f784e:45729/
[rosmaster.master][INFO] 2019-06-26 10:24:58,594: +SERVICE [/go_to_point_switch] /go_to_point http://dc5b429f784e:36149/
[rosmaster.master][INFO] 2019-06-26 10:24:58,607: +SUB [/odom] /bug http://dc5b429f784e:45729/
[rosmaster.master][INFO] 2019-06-26 10:33:20,331: -SUB [/clock] /go_to_point http://dc5b429f784e:36149/
[rosmaster.master][INFO] 2019-06-26 10:33:20,335: -SUB [/clock] /wall_follower http://dc5b429f784e:33691/
[rosmaster.master][INFO] 2019-06-26 10:33:20,337: -SUB [/odom] /go_to_point http://dc5b429f784e:36149/
[rosmaster.master][INFO] 2019-06-26 10:33:20,338: -SUB [/m2wr/laser/scan] /wall_follower http://dc5b429f784e:33691/
[rosmaster.master][INFO] 2019-06-26 10:33:20,339: -PUB [/rosout] /go_to_point http://dc5b429f784e:36149/
[rosmaster.master][INFO] 2019-06-26 10:33:20,339: -SUB [/clock] /bug http://dc5b429f784e:45729/
[rosmaster.master][INFO] 2019-06-26 10:33:20,339: -PUB [/rosout] /wall_follower http://dc5b429f784e:33691/
[rosmaster.master][INFO] 2019-06-26 10:33:20,340: -PUB [/cmd_vel] /go_to_point http://dc5b429f784e:36149/
[rosmaster.master][INFO] 2019-06-26 10:33:20,340: -SUB [/m2wr/laser/scan] /bug http://dc5b429f784e:45729/
[rosmaster.master][INFO] 2019-06-26 10:33:20,340: publisherUpdate[/rosout] -> http://dc5b429f784e:41265/ ['http://dc5b429f784e:42097/', 'http://dc5b429f784e:33691/', 'http://dc5b429f784e:45729/']
[rosmaster.master][INFO] 2019-06-26 10:33:20,341: -PUB [/cmd_vel] /wall_follower http://dc5b429f784e:33691/
[rosmaster.master][INFO] 2019-06-26 10:33:20,342: publisherUpdate[/cmd_vel] -> http://dc5b429f784e:42097/ ['http://dc5b429f784e:33691/']
[rosmaster.master][INFO] 2019-06-26 10:33:20,343: publisherUpdate[/rosout] -> http://dc5b429f784e:41265/ ['http://dc5b429f784e:42097/', 'http://dc5b429f784e:33691/', 'http://dc5b429f784e:45729/']: sec=0.00, result=[1, '', 0]
[rosmaster.master][INFO] 2019-06-26 10:33:20,343: -SERVICE [/wall_follower/set_logger_level] /wall_follower rosrpc://dc5b429f784e:41819
[rosmaster.master][INFO] 2019-06-26 10:33:20,344: publisherUpdate[/rosout] -> http://dc5b429f784e:41265/ ['http://dc5b429f784e:42097/', 'http://dc5b429f784e:45729/']
[rosmaster.master][INFO] 2019-06-26 10:33:20,345: publisherUpdate[/cmd_vel] -> http://dc5b429f784e:42097/ ['http://dc5b429f784e:33691/']: sec=0.00, result=[1, '', 0]
[rosmaster.master][INFO] 2019-06-26 10:33:20,346: publisherUpdate[/cmd_vel] -> http://dc5b429f784e:42097/ []
[rosmaster.master][INFO] 2019-06-26 10:33:20,345: -SUB [/odom] /bug http://dc5b429f784e:45729/
[rosmaster.master][INFO] 2019-06-26 10:33:20,348: publisherUpdate[/rosout] -> http://dc5b429f784e:41265/ ['http://dc5b429f784e:42097/', 'http://dc5b429f784e:45729/']: sec=0.00, result=[1, '', 0]
[rosmaster.master][INFO] 2019-06-26 10:33:20,348: publisherUpdate[/cmd_vel] -> http://dc5b429f784e:42097/ []: sec=0.00, result=[1, '', 0]
[rosmaster.master][INFO] 2019-06-26 10:33:20,349: -SERVICE [/go_to_point_switch] /go_to_point rosrpc://dc5b429f784e:42277
[rosmaster.master][INFO] 2019-06-26 10:33:20,350: -SERVICE [/wall_follower/get_loggers] /wall_follower rosrpc://dc5b429f784e:41819
[rosmaster.master][INFO] 2019-06-26 10:33:20,350: -PUB [/rosout] /bug http://dc5b429f784e:45729/
[rosmaster.master][INFO] 2019-06-26 10:33:20,351: -SERVICE [/go_to_point/set_logger_level] /go_to_point rosrpc://dc5b429f784e:42277
[rosmaster.master][INFO] 2019-06-26 10:33:20,351: -SERVICE [/wall_follower_switch] /wall_follower rosrpc://dc5b429f784e:41819
[rosmaster.master][INFO] 2019-06-26 10:33:20,352: -SERVICE [/bug/set_logger_level] /bug rosrpc://dc5b429f784e:41707
[rosmaster.master][INFO] 2019-06-26 10:33:20,352: -SERVICE [/bug/get_loggers] /bug rosrpc://dc5b429f784e:41707
[rosmaster.master][INFO] 2019-06-26 10:33:20,354: -SERVICE [/go_to_point/get_loggers] /go_to_point rosrpc://dc5b429f784e:42277
[rosmaster.master][INFO] 2019-06-26 10:33:20,356: publisherUpdate[/rosout] -> http://dc5b429f784e:41265/ ['http://dc5b429f784e:42097/']
[rosmaster.master][INFO] 2019-06-26 10:33:20,357: publisherUpdate[/rosout] -> http://dc5b429f784e:41265/ ['http://dc5b429f784e:42097/']: sec=0.00, result=[1, '', 0]
[rosmaster.master][INFO] 2019-06-26 10:33:21,725: -SUB [/gazebo/set_link_state] /gazebo http://dc5b429f784e:42097/
[rosmaster.master][INFO] 2019-06-26 10:33:21,727: -SUB [/gazebo/set_model_state] /gazebo http://dc5b429f784e:42097/
[rosmaster.master][INFO] 2019-06-26 10:33:21,728: -PUB [/clock] /gazebo http://dc5b429f784e:42097/
[rosmaster.master][INFO] 2019-06-26 10:33:21,730: -PUB [/gazebo/link_states] /gazebo http://dc5b429f784e:42097/
[rosmaster.master][INFO] 2019-06-26 10:33:21,731: -PUB [/gazebo/model_states] /gazebo http://dc5b429f784e:42097/
[rosmaster.master][INFO] 2019-06-26 10:33:21,732: -SERVICE [/gazebo/spawn_sdf_model] /gazebo rosrpc://dc5b429f784e:55537
[rosmaster.master][INFO] 2019-06-26 10:33:21,734: -SERVICE [/gazebo/spawn_urdf_model] /gazebo rosrpc://dc5b429f784e:55537
[rosmaster.master][INFO] 2019-06-26 10:33:21,735: -SERVICE [/gazebo/delete_model] /gazebo rosrpc://dc5b429f784e:55537
[rosmaster.master][INFO] 2019-06-26 10:33:21,736: -SERVICE [/gazebo/delete_light] /gazebo rosrpc://dc5b429f784e:55537
[rosmaster.master][INFO] 2019-06-26 10:33:21,737: -SERVICE [/gazebo/get_model_properties] /gazebo rosrpc://dc5b429f784e:55537
[rosmaster.master][INFO] 2019-06-26 10:33:21,738: -SERVICE [/gazebo/get_model_state] /gazebo rosrpc://dc5b429f784e:55537
[rosmaster.master][INFO] 2019-06-26 10:33:21,739: -SERVICE [/gazebo/get_world_properties] /gazebo rosrpc://dc5b429f784e:55537
[rosmaster.master][INFO] 2019-06-26 10:33:21,740: -SERVICE [/gazebo/get_joint_properties] /gazebo rosrpc://dc5b429f784e:55537
[rosmaster.master][INFO] 2019-06-26 10:33:21,741: -SERVICE [/gazebo/get_link_properties] /gazebo rosrpc://dc5b429f784e:55537
[rosmaster.master][INFO] 2019-06-26 10:33:21,742: -SERVICE [/gazebo/get_link_state] /gazebo rosrpc://dc5b429f784e:55537
[rosmaster.master][INFO] 2019-06-26 10:33:21,743: -SERVICE [/gazebo/get_light_properties] /gazebo rosrpc://dc5b429f784e:55537
[rosmaster.master][INFO] 2019-06-26 10:33:21,745: -SERVICE [/gazebo/set_light_properties] /gazebo rosrpc://dc5b429f784e:55537
[rosmaster.master][INFO] 2019-06-26 10:33:21,746: -SERVICE [/gazebo/get_physics_properties] /gazebo rosrpc://dc5b429f784e:55537
[rosmaster.master][INFO] 2019-06-26 10:33:21,747: -SERVICE [/gazebo/set_link_properties] /gazebo rosrpc://dc5b429f784e:55537
[rosmaster.master][INFO] 2019-06-26 10:33:21,748: -SERVICE [/gazebo/set_physics_properties] /gazebo rosrpc://dc5b429f784e:55537
[rosmaster.master][INFO] 2019-06-26 10:33:21,750: -SERVICE [/gazebo/set_model_state] /gazebo rosrpc://dc5b429f784e:55537
[rosmaster.master][INFO] 2019-06-26 10:33:21,751: -SERVICE [/gazebo/set_model_configuration] /gazebo rosrpc://dc5b429f784e:55537
[rosmaster.master][INFO] 2019-06-26 10:33:21,753: -SERVICE [/gazebo/set_joint_properties] /gazebo rosrpc://dc5b429f784e:55537
[rosmaster.master][INFO] 2019-06-26 10:33:21,753: publisherUpdate[/clock] -> http://dc5b429f784e:42097/ []
[rosmaster.master][INFO] 2019-06-26 10:33:21,753: publisherUpdate[/clock] -> http://dc5b429f784e:41265/ []
[rosmaster.master][INFO] 2019-06-26 10:33:21,756: publisherUpdate[/clock] -> http://dc5b429f784e:42097/ []: sec=0.00, result=[1, '', 0]
[rosmaster.master][INFO] 2019-06-26 10:33:21,756: publisherUpdate[/clock] -> http://dc5b429f784e:41265/ []: sec=0.00, result=[1, '', 0]
[rosmaster.master][INFO] 2019-06-26 10:33:21,757: -SERVICE [/gazebo/set_link_state] /gazebo rosrpc://dc5b429f784e:55537
[rosmaster.master][INFO] 2019-06-26 10:33:21,758: -SERVICE [/gazebo/pause_physics] /gazebo rosrpc://dc5b429f784e:55537
[rosmaster.master][INFO] 2019-06-26 10:33:21,760: -SERVICE [/gazebo/unpause_physics] /gazebo rosrpc://dc5b429f784e:55537
[rosmaster.master][INFO] 2019-06-26 10:33:21,761: -SERVICE [/gazebo/apply_body_wrench] /gazebo rosrpc://dc5b429f784e:55537
[rosmaster.master][INFO] 2019-06-26 10:33:21,762: -SERVICE [/gazebo/apply_joint_effort] /gazebo rosrpc://dc5b429f784e:55537
[rosmaster.master][INFO] 2019-06-26 10:33:21,763: -SERVICE [/gazebo/clear_joint_forces] /gazebo rosrpc://dc5b429f784e:55537
[rosmaster.master][INFO] 2019-06-26 10:33:21,765: -SERVICE [/gazebo/clear_body_wrenches] /gazebo rosrpc://dc5b429f784e:55537
[rosmaster.master][INFO] 2019-06-26 10:33:21,766: -SERVICE [/gazebo/reset_simulation] /gazebo rosrpc://dc5b429f784e:55537
[rosmaster.master][INFO] 2019-06-26 10:33:21,767: -SERVICE [/gazebo/reset_world] /gazebo rosrpc://dc5b429f784e:55537
[rosmaster.master][INFO] 2019-06-26 10:33:21,769: -PUB [/gazebo/parameter_descriptions] /gazebo http://dc5b429f784e:42097/
[rosmaster.master][INFO] 2019-06-26 10:33:21,770: -PUB [/gazebo/parameter_updates] /gazebo http://dc5b429f784e:42097/
[rosmaster.master][INFO] 2019-06-26 10:33:21,771: -SERVICE [/gazebo/set_parameters] /gazebo rosrpc://dc5b429f784e:55537
[rosmaster.master][INFO] 2019-06-26 10:33:36,806: -PUB [/rosout_agg] /rosout http://dc5b429f784e:41265/
[rosmaster.master][INFO] 2019-06-26 10:33:36,808: -SUB [/clock] /rosout http://dc5b429f784e:41265/
[rosmaster.master][INFO] 2019-06-26 10:33:36,809: -SUB [/rosout] /rosout http://dc5b429f784e:41265/
[rosmaster.master][INFO] 2019-06-26 10:33:36,810: -SERVICE [/rosout/get_loggers] /rosout rosrpc://dc5b429f784e:39513
[rosmaster.master][INFO] 2019-06-26 10:33:36,811: -SERVICE [/rosout/set_logger_level] /rosout rosrpc://dc5b429f784e:39513
[rosmaster.main][INFO] 2019-06-26 10:33:36,824: keyboard interrupt, will exit
[rosmaster.main][INFO] 2019-06-26 10:33:36,824: stopping master...
[rospy.core][INFO] 2019-06-26 10:33:36,824: signal_shutdown [atexit]
