[rosmaster.main][INFO] 2019-06-14 10:31:48,973: initialization complete, waiting for shutdown
[rosmaster.main][INFO] 2019-06-14 10:31:48,973: Starting ROS Master Node
[xmlrpc][INFO] 2019-06-14 10:31:48,974: XML-RPC server binding to 0.0.0.0:11311
[xmlrpc][INFO] 2019-06-14 10:31:48,975: Started XML-RPC server [http://dc5b429f784e:11311/]
[xmlrpc][INFO] 2019-06-14 10:31:48,975: xml rpc node: starting XML-RPC server
[rosmaster.master][INFO] 2019-06-14 10:31:48,975: Master initialized: port[11311], uri[http://dc5b429f784e:11311/]
[rosmaster.master][INFO] 2019-06-14 10:31:49,074: +PARAM [/run_id] by /roslaunch
[rosmaster.master][INFO] 2019-06-14 10:31:49,075: +PARAM [/roslaunch/uris/host_dc5b429f784e__40301] by /roslaunch
[rosmaster.master][INFO] 2019-06-14 10:31:49,419: +PARAM [/rosversion] by /roslaunch
[rosmaster.master][INFO] 2019-06-14 10:31:49,419: +PARAM [/use_sim_time] by /roslaunch
[rosmaster.master][INFO] 2019-06-14 10:31:49,419: +PARAM [/rosdistro] by /roslaunch
[rosmaster.master][INFO] 2019-06-14 10:31:49,419: +PARAM [/robot_description] by /roslaunch
[rosmaster.master][INFO] 2019-06-14 10:31:49,432: +SERVICE [/rosout/get_loggers] /rosout http://dc5b429f784e:43205/
[rosmaster.master][INFO] 2019-06-14 10:31:49,433: +SERVICE [/rosout/set_logger_level] /rosout http://dc5b429f784e:43205/
[rosmaster.master][INFO] 2019-06-14 10:31:49,439: +SUB [/clock] /rosout http://dc5b429f784e:43205/
[rosmaster.master][INFO] 2019-06-14 10:31:49,440: +PUB [/rosout_agg] /rosout http://dc5b429f784e:43205/
[rosmaster.master][INFO] 2019-06-14 10:31:49,444: +SUB [/rosout] /rosout http://dc5b429f784e:43205/
[rosmaster.master][INFO] 2019-06-14 10:31:50,150: +PUB [/rosout] /gazebo http://dc5b429f784e:33329/
[rosmaster.master][INFO] 2019-06-14 10:31:50,151: +SERVICE [/gazebo/get_loggers] /gazebo http://dc5b429f784e:33329/
[rosmaster.master][INFO] 2019-06-14 10:31:50,152: +SERVICE [/gazebo/set_logger_level] /gazebo http://dc5b429f784e:33329/
[rosmaster.master][INFO] 2019-06-14 10:31:50,160: +SUB [/clock] /gazebo http://dc5b429f784e:33329/
[rosmaster.master][INFO] 2019-06-14 10:31:50,176: publisherUpdate[/rosout] -> http://dc5b429f784e:43205/ ['http://dc5b429f784e:33329/']
[rosmaster.master][INFO] 2019-06-14 10:31:50,178: publisherUpdate[/rosout] -> http://dc5b429f784e:43205/ ['http://dc5b429f784e:33329/']: sec=0.00, result=[1, '', 0]
[rosmaster.master][INFO] 2019-06-14 10:31:50,491: +PUB [/clock] /gazebo http://dc5b429f784e:33329/
[rosmaster.master][INFO] 2019-06-14 10:31:50,493: +SERVICE [/gazebo/spawn_sdf_model] /gazebo http://dc5b429f784e:33329/
[rosmaster.master][INFO] 2019-06-14 10:31:50,496: +SERVICE [/gazebo/spawn_urdf_model] /gazebo http://dc5b429f784e:33329/
[rosmaster.master][INFO] 2019-06-14 10:31:50,497: +SERVICE [/gazebo/delete_model] /gazebo http://dc5b429f784e:33329/
[rosmaster.master][INFO] 2019-06-14 10:31:50,498: +SERVICE [/gazebo/delete_light] /gazebo http://dc5b429f784e:33329/
[rosmaster.master][INFO] 2019-06-14 10:31:50,499: +SERVICE [/gazebo/get_model_properties] /gazebo http://dc5b429f784e:33329/
[rosmaster.master][INFO] 2019-06-14 10:31:50,500: +SERVICE [/gazebo/get_model_state] /gazebo http://dc5b429f784e:33329/
[rosmaster.master][INFO] 2019-06-14 10:31:50,501: +SERVICE [/gazebo/get_world_properties] /gazebo http://dc5b429f784e:33329/
[rosmaster.master][INFO] 2019-06-14 10:31:50,503: +SERVICE [/gazebo/get_joint_properties] /gazebo http://dc5b429f784e:33329/
[rosmaster.master][INFO] 2019-06-14 10:31:50,504: +SERVICE [/gazebo/get_link_properties] /gazebo http://dc5b429f784e:33329/
[rosmaster.master][INFO] 2019-06-14 10:31:50,505: +SERVICE [/gazebo/get_link_state] /gazebo http://dc5b429f784e:33329/
[rosmaster.master][INFO] 2019-06-14 10:31:50,507: +SERVICE [/gazebo/get_light_properties] /gazebo http://dc5b429f784e:33329/
[rosmaster.master][INFO] 2019-06-14 10:31:50,507: +SERVICE [/gazebo/set_light_properties] /gazebo http://dc5b429f784e:33329/
[rosmaster.master][INFO] 2019-06-14 10:31:50,509: +SERVICE [/gazebo/get_physics_properties] /gazebo http://dc5b429f784e:33329/
[rosmaster.master][INFO] 2019-06-14 10:31:50,510: +PUB [/gazebo/link_states] /gazebo http://dc5b429f784e:33329/
[rosmaster.master][INFO] 2019-06-14 10:31:50,511: +PUB [/gazebo/model_states] /gazebo http://dc5b429f784e:33329/
[rosmaster.master][INFO] 2019-06-14 10:31:50,512: +SERVICE [/gazebo/set_link_properties] /gazebo http://dc5b429f784e:33329/
[rosmaster.master][INFO] 2019-06-14 10:31:50,513: +SERVICE [/gazebo/set_physics_properties] /gazebo http://dc5b429f784e:33329/
[rosmaster.master][INFO] 2019-06-14 10:31:50,514: +SERVICE [/gazebo/set_model_state] /gazebo http://dc5b429f784e:33329/
[rosmaster.master][INFO] 2019-06-14 10:31:50,514: +SERVICE [/gazebo/set_model_configuration] /gazebo http://dc5b429f784e:33329/
[rosmaster.master][INFO] 2019-06-14 10:31:50,515: +SERVICE [/gazebo/set_joint_properties] /gazebo http://dc5b429f784e:33329/
[rosmaster.master][INFO] 2019-06-14 10:31:50,517: +SERVICE [/gazebo/set_link_state] /gazebo http://dc5b429f784e:33329/
[rosmaster.master][INFO] 2019-06-14 10:31:50,522: +SUB [/gazebo/set_link_state] /gazebo http://dc5b429f784e:33329/
[rosmaster.master][INFO] 2019-06-14 10:31:50,528: +SUB [/gazebo/set_model_state] /gazebo http://dc5b429f784e:33329/
[rosmaster.master][INFO] 2019-06-14 10:31:50,529: +SERVICE [/gazebo/pause_physics] /gazebo http://dc5b429f784e:33329/
[rosmaster.master][INFO] 2019-06-14 10:31:50,530: +SERVICE [/gazebo/unpause_physics] /gazebo http://dc5b429f784e:33329/
[rosmaster.master][INFO] 2019-06-14 10:31:50,531: +SERVICE [/gazebo/apply_body_wrench] /gazebo http://dc5b429f784e:33329/
[rosmaster.master][INFO] 2019-06-14 10:31:50,532: +SERVICE [/gazebo/apply_joint_effort] /gazebo http://dc5b429f784e:33329/
[rosmaster.master][INFO] 2019-06-14 10:31:50,533: +SERVICE [/gazebo/clear_joint_forces] /gazebo http://dc5b429f784e:33329/
[rosmaster.master][INFO] 2019-06-14 10:31:50,533: +SERVICE [/gazebo/clear_body_wrenches] /gazebo http://dc5b429f784e:33329/
[rosmaster.master][INFO] 2019-06-14 10:31:50,534: +SERVICE [/gazebo/reset_simulation] /gazebo http://dc5b429f784e:33329/
[rosmaster.master][INFO] 2019-06-14 10:31:50,535: +SERVICE [/gazebo/reset_world] /gazebo http://dc5b429f784e:33329/
[rosmaster.master][INFO] 2019-06-14 10:31:50,568: +PUB [/rosout] /robot_state_publisher http://dc5b429f784e:42355/
[rosmaster.master][INFO] 2019-06-14 10:31:50,570: +SERVICE [/robot_state_publisher/get_loggers] /robot_state_publisher http://dc5b429f784e:42355/
[rosmaster.master][INFO] 2019-06-14 10:31:50,571: +SERVICE [/robot_state_publisher/set_logger_level] /robot_state_publisher http://dc5b429f784e:42355/
[rosmaster.master][INFO] 2019-06-14 10:31:50,577: publisherUpdate[/clock] -> http://dc5b429f784e:43205/ ['http://dc5b429f784e:33329/']
[rosmaster.master][INFO] 2019-06-14 10:31:50,577: publisherUpdate[/clock] -> http://dc5b429f784e:33329/ ['http://dc5b429f784e:33329/']
[rosmaster.master][INFO] 2019-06-14 10:31:50,579: publisherUpdate[/clock] -> http://dc5b429f784e:43205/ ['http://dc5b429f784e:33329/']: sec=0.00, result=[1, '', 0]
[rosmaster.master][INFO] 2019-06-14 10:31:50,580: publisherUpdate[/rosout] -> http://dc5b429f784e:43205/ ['http://dc5b429f784e:33329/', 'http://dc5b429f784e:42355/']
[rosmaster.master][INFO] 2019-06-14 10:31:50,581: publisherUpdate[/clock] -> http://dc5b429f784e:33329/ ['http://dc5b429f784e:33329/']: sec=0.00, result=[1, '', 0]
[rosmaster.master][INFO] 2019-06-14 10:31:50,583: publisherUpdate[/rosout] -> http://dc5b429f784e:43205/ ['http://dc5b429f784e:33329/', 'http://dc5b429f784e:42355/']: sec=0.00, result=[1, '', 0]
[rosmaster.master][INFO] 2019-06-14 10:31:50,585: +SUB [/clock] /robot_state_publisher http://dc5b429f784e:42355/
[rosmaster.master][INFO] 2019-06-14 10:31:50,589: +PUB [/tf] /robot_state_publisher http://dc5b429f784e:42355/
[rosmaster.master][INFO] 2019-06-14 10:31:50,590: +PUB [/tf_static] /robot_state_publisher http://dc5b429f784e:42355/
[rosmaster.master][INFO] 2019-06-14 10:31:50,599: +SUB [/joint_states] /robot_state_publisher http://dc5b429f784e:42355/
[rosmaster.master][INFO] 2019-06-14 10:31:50,733: +PUB [/rosout] /joint_state_publisher http://dc5b429f784e:36549/
[rosmaster.master][INFO] 2019-06-14 10:31:50,740: +SUB [/clock] /joint_state_publisher http://dc5b429f784e:36549/
[rosmaster.master][INFO] 2019-06-14 10:31:50,743: +SERVICE [/joint_state_publisher/get_loggers] /joint_state_publisher http://dc5b429f784e:36549/
[rosmaster.master][INFO] 2019-06-14 10:31:50,745: +SERVICE [/joint_state_publisher/set_logger_level] /joint_state_publisher http://dc5b429f784e:36549/
[rosmaster.master][INFO] 2019-06-14 10:31:50,779: publisherUpdate[/rosout] -> http://dc5b429f784e:43205/ ['http://dc5b429f784e:33329/', 'http://dc5b429f784e:42355/', 'http://dc5b429f784e:36549/']
[rosmaster.master][INFO] 2019-06-14 10:31:50,780: publisherUpdate[/rosout] -> http://dc5b429f784e:43205/ ['http://dc5b429f784e:33329/', 'http://dc5b429f784e:42355/', 'http://dc5b429f784e:36549/']: sec=0.00, result=[1, '', 0]
[rosmaster.master][INFO] 2019-06-14 10:31:50,785: +PUB [/joint_states] /joint_state_publisher http://dc5b429f784e:36549/
[rosmaster.master][INFO] 2019-06-14 10:31:50,880: publisherUpdate[/joint_states] -> http://dc5b429f784e:42355/ ['http://dc5b429f784e:36549/']
[rosmaster.master][INFO] 2019-06-14 10:31:50,881: publisherUpdate[/joint_states] -> http://dc5b429f784e:42355/ ['http://dc5b429f784e:36549/']: sec=0.00, result=[1, '', 0]
[rosmaster.master][INFO] 2019-06-14 10:31:51,245: +PUB [/rosout] /rviz http://dc5b429f784e:38903/
[rosmaster.master][INFO] 2019-06-14 10:31:51,246: +SERVICE [/rviz/get_loggers] /rviz http://dc5b429f784e:38903/
[rosmaster.master][INFO] 2019-06-14 10:31:51,247: +SERVICE [/rviz/set_logger_level] /rviz http://dc5b429f784e:38903/
[rosmaster.master][INFO] 2019-06-14 10:31:51,257: +SUB [/clock] /rviz http://dc5b429f784e:38903/
[rosmaster.master][INFO] 2019-06-14 10:31:51,282: publisherUpdate[/rosout] -> http://dc5b429f784e:43205/ ['http://dc5b429f784e:33329/', 'http://dc5b429f784e:42355/', 'http://dc5b429f784e:36549/', 'http://dc5b429f784e:38903/']
[rosmaster.master][INFO] 2019-06-14 10:31:51,283: publisherUpdate[/rosout] -> http://dc5b429f784e:43205/ ['http://dc5b429f784e:33329/', 'http://dc5b429f784e:42355/', 'http://dc5b429f784e:36549/', 'http://dc5b429f784e:38903/']: sec=0.00, result=[1, '', 0]
[rosmaster.master][INFO] 2019-06-14 10:31:51,439: +SUB [/tf] /rviz http://dc5b429f784e:38903/
[rosmaster.master][INFO] 2019-06-14 10:31:51,444: +SUB [/tf_static] /rviz http://dc5b429f784e:38903/
[rosmaster.master][INFO] 2019-06-14 10:31:51,474: +PUB [/initialpose] /rviz http://dc5b429f784e:38903/
[rosmaster.master][INFO] 2019-06-14 10:31:51,475: +PUB [/goal] /rviz http://dc5b429f784e:38903/
[rosmaster.master][INFO] 2019-06-14 10:31:51,479: -PUB [/goal] /rviz http://dc5b429f784e:38903/
[rosmaster.master][INFO] 2019-06-14 10:31:51,480: -PUB [/initialpose] /rviz http://dc5b429f784e:38903/
[rosmaster.master][INFO] 2019-06-14 10:31:51,483: +PUB [/initialpose] /rviz http://dc5b429f784e:38903/
[rosmaster.master][INFO] 2019-06-14 10:31:51,485: +PUB [/goal] /rviz http://dc5b429f784e:38903/
[rosmaster.master][INFO] 2019-06-14 10:31:51,486: +PUB [/move_base_simple/goal] /rviz http://dc5b429f784e:38903/
[rosmaster.master][INFO] 2019-06-14 10:31:51,487: -PUB [/goal] /rviz http://dc5b429f784e:38903/
[rosmaster.master][INFO] 2019-06-14 10:31:51,489: +PUB [/clicked_point] /rviz http://dc5b429f784e:38903/
[rosmaster.master][INFO] 2019-06-14 10:31:51,517: +SERVICE [/rviz/reload_shaders] /rviz http://dc5b429f784e:38903/
[rosmaster.master][INFO] 2019-06-14 10:31:51,834: +PUB [/rosout] /urdf_spawner http://dc5b429f784e:43895/
[rosmaster.master][INFO] 2019-06-14 10:31:51,838: +SUB [/clock] /urdf_spawner http://dc5b429f784e:43895/
[rosmaster.master][INFO] 2019-06-14 10:31:51,840: +SERVICE [/urdf_spawner/get_loggers] /urdf_spawner http://dc5b429f784e:43895/
[rosmaster.master][INFO] 2019-06-14 10:31:51,842: +SERVICE [/urdf_spawner/set_logger_level] /urdf_spawner http://dc5b429f784e:43895/
[rosmaster.master][INFO] 2019-06-14 10:31:51,884: publisherUpdate[/rosout] -> http://dc5b429f784e:43205/ ['http://dc5b429f784e:33329/', 'http://dc5b429f784e:42355/', 'http://dc5b429f784e:36549/', 'http://dc5b429f784e:38903/', 'http://dc5b429f784e:43895/']
[rosmaster.master][INFO] 2019-06-14 10:31:51,885: publisherUpdate[/rosout] -> http://dc5b429f784e:43205/ ['http://dc5b429f784e:33329/', 'http://dc5b429f784e:42355/', 'http://dc5b429f784e:36549/', 'http://dc5b429f784e:38903/', 'http://dc5b429f784e:43895/']: sec=0.00, result=[1, '', 0]
[rosmaster.master][INFO] 2019-06-14 10:31:51,988: -SUB [/clock] /urdf_spawner http://dc5b429f784e:43895/
[rosmaster.master][INFO] 2019-06-14 10:31:51,988: -PUB [/rosout] /urdf_spawner http://dc5b429f784e:43895/
[rosmaster.master][INFO] 2019-06-14 10:31:51,988: -SERVICE [/urdf_spawner/set_logger_level] /urdf_spawner rosrpc://dc5b429f784e:38771
[rosmaster.master][INFO] 2019-06-14 10:31:51,988: -SERVICE [/urdf_spawner/get_loggers] /urdf_spawner rosrpc://dc5b429f784e:38771
[rosmaster.master][INFO] 2019-06-14 10:31:52,085: publisherUpdate[/rosout] -> http://dc5b429f784e:43205/ ['http://dc5b429f784e:33329/', 'http://dc5b429f784e:42355/', 'http://dc5b429f784e:36549/', 'http://dc5b429f784e:38903/']
[rosmaster.master][INFO] 2019-06-14 10:31:52,086: publisherUpdate[/rosout] -> http://dc5b429f784e:43205/ ['http://dc5b429f784e:33329/', 'http://dc5b429f784e:42355/', 'http://dc5b429f784e:36549/', 'http://dc5b429f784e:38903/']: sec=0.00, result=[1, '', 0]
[rosmaster.master][INFO] 2019-06-14 10:31:52,407: +SERVICE [/robot/camera1/set_camera_info] /gazebo http://dc5b429f784e:33329/
[rosmaster.master][INFO] 2019-06-14 10:31:52,412: +SERVICE [/robot/camera1/set_parameters] /gazebo http://dc5b429f784e:33329/
[rosmaster.master][INFO] 2019-06-14 10:31:52,413: +PUB [/robot/camera1/parameter_descriptions] /gazebo http://dc5b429f784e:33329/
[rosmaster.master][INFO] 2019-06-14 10:31:52,414: +PUB [/robot/camera1/parameter_updates] /gazebo http://dc5b429f784e:33329/
[rosmaster.master][INFO] 2019-06-14 10:31:52,415: +PARAM [/robot/camera1/imager_rate] by /gazebo
[rosmaster.master][INFO] 2019-06-14 10:31:52,416: +PARAM [/robot/camera1/imager_rate] by /gazebo
[rosmaster.master][INFO] 2019-06-14 10:31:52,467: +PUB [/robot/camera1/image_raw/compressedDepth] /gazebo http://dc5b429f784e:33329/
[rosmaster.master][INFO] 2019-06-14 10:31:52,469: +SERVICE [/robot/camera1/image_raw/compressedDepth/set_parameters] /gazebo http://dc5b429f784e:33329/
[rosmaster.master][INFO] 2019-06-14 10:31:52,472: +PUB [/robot/camera1/image_raw/compressedDepth/parameter_descriptions] /gazebo http://dc5b429f784e:33329/
[rosmaster.master][INFO] 2019-06-14 10:31:52,472: +PUB [/tf] /gazebo http://dc5b429f784e:33329/
[rosmaster.master][INFO] 2019-06-14 10:31:52,474: +PUB [/robot/camera1/image_raw/compressedDepth/parameter_updates] /gazebo http://dc5b429f784e:33329/
[rosmaster.master][INFO] 2019-06-14 10:31:52,481: +PARAM [/robot/camera1/image_raw/compressedDepth/depth_max] by /gazebo
[rosmaster.master][INFO] 2019-06-14 10:31:52,483: +PARAM [/robot/camera1/image_raw/compressedDepth/depth_quantization] by /gazebo
[rosmaster.master][INFO] 2019-06-14 10:31:52,484: +SUB [/robot/cmd_vel] /gazebo http://dc5b429f784e:33329/
[rosmaster.master][INFO] 2019-06-14 10:31:52,485: +PARAM [/robot/camera1/image_raw/compressedDepth/png_level] by /gazebo
[rosmaster.master][INFO] 2019-06-14 10:31:52,486: publisherUpdate[/tf] -> http://dc5b429f784e:38903/ ['http://dc5b429f784e:42355/', 'http://dc5b429f784e:33329/']
[rosmaster.master][INFO] 2019-06-14 10:31:52,488: publisherUpdate[/tf] -> http://dc5b429f784e:38903/ ['http://dc5b429f784e:42355/', 'http://dc5b429f784e:33329/']: sec=0.00, result=[1, '', 0]
[rosmaster.master][INFO] 2019-06-14 10:31:52,490: +PUB [/robot/odom] /gazebo http://dc5b429f784e:33329/
[rosmaster.master][INFO] 2019-06-14 10:31:52,492: +PARAM [/robot/camera1/image_raw/compressedDepth/depth_max] by /gazebo
[rosmaster.master][INFO] 2019-06-14 10:31:52,494: +PARAM [/robot/camera1/image_raw/compressedDepth/depth_quantization] by /gazebo
[rosmaster.master][INFO] 2019-06-14 10:31:52,498: +PARAM [/robot/camera1/image_raw/compressedDepth/png_level] by /gazebo
[rosmaster.master][INFO] 2019-06-14 10:31:52,502: +PUB [/robot/camera1/image_raw/compressed] /gazebo http://dc5b429f784e:33329/
[rosmaster.master][INFO] 2019-06-14 10:31:52,503: +SERVICE [/robot/camera1/image_raw/compressed/set_parameters] /gazebo http://dc5b429f784e:33329/
[rosmaster.master][INFO] 2019-06-14 10:31:52,504: +PUB [/robot/camera1/image_raw/compressed/parameter_descriptions] /gazebo http://dc5b429f784e:33329/
[rosmaster.master][INFO] 2019-06-14 10:31:52,505: +PUB [/robot/camera1/image_raw/compressed/parameter_updates] /gazebo http://dc5b429f784e:33329/
[rosmaster.master][INFO] 2019-06-14 10:31:52,509: +PARAM [/robot/camera1/image_raw/compressed/format] by /gazebo
[rosmaster.master][INFO] 2019-06-14 10:31:52,510: +PARAM [/robot/camera1/image_raw/compressed/jpeg_quality] by /gazebo
[rosmaster.master][INFO] 2019-06-14 10:31:52,511: +PARAM [/robot/camera1/image_raw/compressed/png_level] by /gazebo
[rosmaster.master][INFO] 2019-06-14 10:31:52,512: +PARAM [/robot/camera1/image_raw/compressed/format] by /gazebo
[rosmaster.master][INFO] 2019-06-14 10:31:52,513: +PARAM [/robot/camera1/image_raw/compressed/jpeg_quality] by /gazebo
[rosmaster.master][INFO] 2019-06-14 10:31:52,514: +PARAM [/robot/camera1/image_raw/compressed/png_level] by /gazebo
[rosmaster.master][INFO] 2019-06-14 10:31:52,518: +PUB [/robot/camera1/image_raw] /gazebo http://dc5b429f784e:33329/
[rosmaster.master][INFO] 2019-06-14 10:31:52,520: +PUB [/robot/camera1/image_raw/theora] /gazebo http://dc5b429f784e:33329/
[rosmaster.master][INFO] 2019-06-14 10:31:52,521: +SERVICE [/robot/camera1/image_raw/theora/set_parameters] /gazebo http://dc5b429f784e:33329/
[rosmaster.master][INFO] 2019-06-14 10:31:52,522: +PUB [/robot/camera1/image_raw/theora/parameter_descriptions] /gazebo http://dc5b429f784e:33329/
[rosmaster.master][INFO] 2019-06-14 10:31:52,523: +PUB [/robot/camera1/image_raw/theora/parameter_updates] /gazebo http://dc5b429f784e:33329/
[rosmaster.master][INFO] 2019-06-14 10:31:52,527: +PARAM [/robot/camera1/image_raw/theora/optimize_for] by /gazebo
[rosmaster.master][INFO] 2019-06-14 10:31:52,528: +PARAM [/robot/camera1/image_raw/theora/target_bitrate] by /gazebo
[rosmaster.master][INFO] 2019-06-14 10:31:52,529: +PARAM [/robot/camera1/image_raw/theora/quality] by /gazebo
[rosmaster.master][INFO] 2019-06-14 10:31:52,530: +PARAM [/robot/camera1/image_raw/theora/keyframe_frequency] by /gazebo
[rosmaster.master][INFO] 2019-06-14 10:31:52,534: +PARAM [/robot/camera1/image_raw/theora/optimize_for] by /gazebo
[rosmaster.master][INFO] 2019-06-14 10:31:52,537: +PARAM [/robot/camera1/image_raw/theora/target_bitrate] by /gazebo
[rosmaster.master][INFO] 2019-06-14 10:31:52,538: +PARAM [/robot/camera1/image_raw/theora/quality] by /gazebo
[rosmaster.master][INFO] 2019-06-14 10:31:52,540: +PARAM [/robot/camera1/image_raw/theora/keyframe_frequency] by /gazebo
[rosmaster.master][INFO] 2019-06-14 10:31:52,542: +PUB [/robot/camera1/camera_info] /gazebo http://dc5b429f784e:33329/
[rosmaster.master][INFO] 2019-06-14 10:32:24,322: -PUB [/clicked_point] /rviz http://dc5b429f784e:38903/
[rosmaster.master][INFO] 2019-06-14 10:32:24,324: -PUB [/move_base_simple/goal] /rviz http://dc5b429f784e:38903/
[rosmaster.master][INFO] 2019-06-14 10:32:24,325: -PUB [/initialpose] /rviz http://dc5b429f784e:38903/
[rosmaster.master][INFO] 2019-06-14 10:32:24,334: -SUB [/tf_static] /rviz http://dc5b429f784e:38903/
[rosmaster.master][INFO] 2019-06-14 10:32:24,335: -SUB [/tf] /rviz http://dc5b429f784e:38903/
[rosmaster.master][INFO] 2019-06-14 10:32:24,338: -SERVICE [/rviz/reload_shaders] /rviz rosrpc://dc5b429f784e:55751
[rosmaster.master][INFO] 2019-06-14 10:32:24,446: -PUB [/rosout] /rviz http://dc5b429f784e:38903/
[rosmaster.master][INFO] 2019-06-14 10:32:24,447: -SUB [/clock] /rviz http://dc5b429f784e:38903/
[rosmaster.master][INFO] 2019-06-14 10:32:24,448: publisherUpdate[/rosout] -> http://dc5b429f784e:43205/ ['http://dc5b429f784e:33329/', 'http://dc5b429f784e:42355/', 'http://dc5b429f784e:36549/']
[rosmaster.master][INFO] 2019-06-14 10:32:24,449: -SERVICE [/rviz/get_loggers] /rviz rosrpc://dc5b429f784e:55751
[rosmaster.master][INFO] 2019-06-14 10:32:24,449: publisherUpdate[/rosout] -> http://dc5b429f784e:43205/ ['http://dc5b429f784e:33329/', 'http://dc5b429f784e:42355/', 'http://dc5b429f784e:36549/']: sec=0.00, result=[1, '', 0]
[rosmaster.master][INFO] 2019-06-14 10:32:24,450: -SERVICE [/rviz/set_logger_level] /rviz rosrpc://dc5b429f784e:55751
[rosmaster.master][INFO] 2019-06-14 10:32:25,521: -SUB [/clock] /joint_state_publisher http://dc5b429f784e:36549/
[rosmaster.master][INFO] 2019-06-14 10:32:25,521: -PUB [/joint_states] /joint_state_publisher http://dc5b429f784e:36549/
[rosmaster.master][INFO] 2019-06-14 10:32:25,521: -PUB [/rosout] /joint_state_publisher http://dc5b429f784e:36549/
[rosmaster.master][INFO] 2019-06-14 10:32:25,521: -SERVICE [/joint_state_publisher/get_loggers] /joint_state_publisher rosrpc://dc5b429f784e:32905
[rosmaster.master][INFO] 2019-06-14 10:32:25,521: -SERVICE [/joint_state_publisher/set_logger_level] /joint_state_publisher rosrpc://dc5b429f784e:32905
[rosmaster.master][INFO] 2019-06-14 10:32:25,553: publisherUpdate[/joint_states] -> http://dc5b429f784e:42355/ []
[rosmaster.master][INFO] 2019-06-14 10:32:25,554: -PUB [/rosout] /robot_state_publisher http://dc5b429f784e:42355/
[rosmaster.master][INFO] 2019-06-14 10:32:25,555: -PUB [/tf] /robot_state_publisher http://dc5b429f784e:42355/
[rosmaster.master][INFO] 2019-06-14 10:32:25,556: -PUB [/tf_static] /robot_state_publisher http://dc5b429f784e:42355/
[rosmaster.master][INFO] 2019-06-14 10:32:25,556: -SUB [/clock] /robot_state_publisher http://dc5b429f784e:42355/
[rosmaster.master][INFO] 2019-06-14 10:32:25,557: -SUB [/joint_states] /robot_state_publisher http://dc5b429f784e:42355/
[rosmaster.master][INFO] 2019-06-14 10:32:25,558: -SERVICE [/robot_state_publisher/get_loggers] /robot_state_publisher rosrpc://dc5b429f784e:43249
[rosmaster.master][INFO] 2019-06-14 10:32:25,559: -SERVICE [/robot_state_publisher/set_logger_level] /robot_state_publisher rosrpc://dc5b429f784e:43249
[rosmaster.master][INFO] 2019-06-14 10:32:25,564: publisherUpdate[/joint_states] -> http://dc5b429f784e:42355/ []: sec=0.01, exception=[Errno 111] Connection refused
[rosmaster.threadpool][ERROR] 2019-06-14 10:32:25,566: Traceback (most recent call last):
  File "/opt/ros/kinetic/lib/python2.7/dist-packages/rosmaster/threadpool.py", line 218, in run
    result = cmd(*args)
  File "/opt/ros/kinetic/lib/python2.7/dist-packages/rosmaster/master_api.py", line 210, in publisher_update_task
    ret = xmlrpcapi(api).publisherUpdate('/master', topic, pub_uris)
  File "/usr/lib/python2.7/xmlrpclib.py", line 1243, in __call__
    return self.__send(self.__name, args)
  File "/usr/lib/python2.7/xmlrpclib.py", line 1602, in __request
    verbose=self.__verbose
  File "/usr/lib/python2.7/xmlrpclib.py", line 1283, in request
    return self.single_request(host, handler, request_body, verbose)
  File "/usr/lib/python2.7/xmlrpclib.py", line 1311, in single_request
    self.send_content(h, request_body)
  File "/usr/lib/python2.7/xmlrpclib.py", line 1459, in send_content
    connection.endheaders(request_body)
  File "/usr/lib/python2.7/httplib.py", line 1053, in endheaders
    self._send_output(message_body)
  File "/usr/lib/python2.7/httplib.py", line 897, in _send_output
    self.send(msg)
  File "/usr/lib/python2.7/httplib.py", line 859, in send
    self.connect()
  File "/usr/lib/python2.7/httplib.py", line 836, in connect
    self.timeout, self.source_address)
  File "/usr/lib/python2.7/socket.py", line 575, in create_connection
    raise err
error: [Errno 111] Connection refused

[rosmaster.master][INFO] 2019-06-14 10:32:25,566: publisherUpdate[/rosout] -> http://dc5b429f784e:43205/ ['http://dc5b429f784e:33329/', 'http://dc5b429f784e:42355/']
[rosmaster.master][INFO] 2019-06-14 10:32:25,566: publisherUpdate[/rosout] -> http://dc5b429f784e:43205/ ['http://dc5b429f784e:33329/', 'http://dc5b429f784e:42355/']: sec=0.00, result=[1, '', 0]
[rosmaster.master][INFO] 2019-06-14 10:32:25,566: publisherUpdate[/rosout] -> http://dc5b429f784e:43205/ ['http://dc5b429f784e:33329/']
[rosmaster.master][INFO] 2019-06-14 10:32:25,567: publisherUpdate[/rosout] -> http://dc5b429f784e:43205/ ['http://dc5b429f784e:33329/']: sec=0.00, result=[1, '', 0]
[rosmaster.master][INFO] 2019-06-14 10:32:25,714: -SUB [/gazebo/set_link_state] /gazebo http://dc5b429f784e:33329/
[rosmaster.master][INFO] 2019-06-14 10:32:25,715: -SUB [/gazebo/set_model_state] /gazebo http://dc5b429f784e:33329/
[rosmaster.master][INFO] 2019-06-14 10:32:25,717: -PUB [/clock] /gazebo http://dc5b429f784e:33329/
[rosmaster.master][INFO] 2019-06-14 10:32:25,718: -PUB [/gazebo/link_states] /gazebo http://dc5b429f784e:33329/
[rosmaster.master][INFO] 2019-06-14 10:32:25,718: -PUB [/gazebo/model_states] /gazebo http://dc5b429f784e:33329/
[rosmaster.master][INFO] 2019-06-14 10:32:25,719: -SERVICE [/gazebo/spawn_sdf_model] /gazebo rosrpc://dc5b429f784e:59819
[rosmaster.master][INFO] 2019-06-14 10:32:25,720: -SERVICE [/gazebo/spawn_urdf_model] /gazebo rosrpc://dc5b429f784e:59819
[rosmaster.master][INFO] 2019-06-14 10:32:25,721: -SERVICE [/gazebo/delete_model] /gazebo rosrpc://dc5b429f784e:59819
[rosmaster.master][INFO] 2019-06-14 10:32:25,722: -SERVICE [/gazebo/delete_light] /gazebo rosrpc://dc5b429f784e:59819
[rosmaster.master][INFO] 2019-06-14 10:32:25,723: -SERVICE [/gazebo/get_model_properties] /gazebo rosrpc://dc5b429f784e:59819
[rosmaster.master][INFO] 2019-06-14 10:32:25,724: -SERVICE [/gazebo/get_model_state] /gazebo rosrpc://dc5b429f784e:59819
[rosmaster.master][INFO] 2019-06-14 10:32:25,725: -SERVICE [/gazebo/get_world_properties] /gazebo rosrpc://dc5b429f784e:59819
[rosmaster.master][INFO] 2019-06-14 10:32:25,726: -SERVICE [/gazebo/get_joint_properties] /gazebo rosrpc://dc5b429f784e:59819
[rosmaster.master][INFO] 2019-06-14 10:32:25,727: -SERVICE [/gazebo/get_link_properties] /gazebo rosrpc://dc5b429f784e:59819
[rosmaster.master][INFO] 2019-06-14 10:32:25,727: -SERVICE [/gazebo/get_link_state] /gazebo rosrpc://dc5b429f784e:59819
[rosmaster.master][INFO] 2019-06-14 10:32:25,728: -SERVICE [/gazebo/get_light_properties] /gazebo rosrpc://dc5b429f784e:59819
[rosmaster.master][INFO] 2019-06-14 10:32:25,729: -SERVICE [/gazebo/set_light_properties] /gazebo rosrpc://dc5b429f784e:59819
[rosmaster.master][INFO] 2019-06-14 10:32:25,730: -SERVICE [/gazebo/get_physics_properties] /gazebo rosrpc://dc5b429f784e:59819
[rosmaster.master][INFO] 2019-06-14 10:32:25,731: -SERVICE [/gazebo/set_link_properties] /gazebo rosrpc://dc5b429f784e:59819
[rosmaster.master][INFO] 2019-06-14 10:32:25,732: -SERVICE [/gazebo/set_physics_properties] /gazebo rosrpc://dc5b429f784e:59819
[rosmaster.master][INFO] 2019-06-14 10:32:25,732: -SERVICE [/gazebo/set_model_state] /gazebo rosrpc://dc5b429f784e:59819
[rosmaster.master][INFO] 2019-06-14 10:32:25,733: -SERVICE [/gazebo/set_model_configuration] /gazebo rosrpc://dc5b429f784e:59819
[rosmaster.master][INFO] 2019-06-14 10:32:25,734: -SERVICE [/gazebo/set_joint_properties] /gazebo rosrpc://dc5b429f784e:59819
[rosmaster.master][INFO] 2019-06-14 10:32:25,735: -SERVICE [/gazebo/set_link_state] /gazebo rosrpc://dc5b429f784e:59819
[rosmaster.master][INFO] 2019-06-14 10:32:25,736: -SERVICE [/gazebo/pause_physics] /gazebo rosrpc://dc5b429f784e:59819
[rosmaster.master][INFO] 2019-06-14 10:32:25,737: -SERVICE [/gazebo/unpause_physics] /gazebo rosrpc://dc5b429f784e:59819
[rosmaster.master][INFO] 2019-06-14 10:32:25,738: -SERVICE [/gazebo/apply_body_wrench] /gazebo rosrpc://dc5b429f784e:59819
[rosmaster.master][INFO] 2019-06-14 10:32:25,739: -SERVICE [/gazebo/apply_joint_effort] /gazebo rosrpc://dc5b429f784e:59819
[rosmaster.master][INFO] 2019-06-14 10:32:25,740: -SERVICE [/gazebo/clear_joint_forces] /gazebo rosrpc://dc5b429f784e:59819
[rosmaster.master][INFO] 2019-06-14 10:32:25,741: -SERVICE [/gazebo/clear_body_wrenches] /gazebo rosrpc://dc5b429f784e:59819
[rosmaster.master][INFO] 2019-06-14 10:32:25,742: -SERVICE [/gazebo/reset_simulation] /gazebo rosrpc://dc5b429f784e:59819
[rosmaster.master][INFO] 2019-06-14 10:32:25,743: -SERVICE [/gazebo/reset_world] /gazebo rosrpc://dc5b429f784e:59819
[rosmaster.master][INFO] 2019-06-14 10:32:25,767: publisherUpdate[/clock] -> http://dc5b429f784e:43205/ []
[rosmaster.master][INFO] 2019-06-14 10:32:25,769: publisherUpdate[/clock] -> http://dc5b429f784e:33329/ []
[rosmaster.master][INFO] 2019-06-14 10:32:25,771: publisherUpdate[/clock] -> http://dc5b429f784e:43205/ []: sec=0.00, result=[1, '', 0]
[rosmaster.master][INFO] 2019-06-14 10:32:25,772: publisherUpdate[/clock] -> http://dc5b429f784e:33329/ []: sec=0.00, result=[1, '', 0]
[rosmaster.master][INFO] 2019-06-14 10:32:40,729: -PUB [/rosout_agg] /rosout http://dc5b429f784e:43205/
[rosmaster.master][INFO] 2019-06-14 10:32:40,730: -SUB [/clock] /rosout http://dc5b429f784e:43205/
[rosmaster.master][INFO] 2019-06-14 10:32:40,731: -SUB [/rosout] /rosout http://dc5b429f784e:43205/
[rosmaster.master][INFO] 2019-06-14 10:32:40,732: -SERVICE [/rosout/get_loggers] /rosout rosrpc://dc5b429f784e:50043
[rosmaster.master][INFO] 2019-06-14 10:32:40,733: -SERVICE [/rosout/set_logger_level] /rosout rosrpc://dc5b429f784e:50043
[rosmaster.main][INFO] 2019-06-14 10:32:40,814: keyboard interrupt, will exit
[rosmaster.main][INFO] 2019-06-14 10:32:40,815: stopping master...
[rospy.core][INFO] 2019-06-14 10:32:40,815: signal_shutdown [atexit]
