[rospy.client][INFO] 2019-06-25 22:39:45,099: init_node, name[/go_to_point], pid[32819]
[xmlrpc][INFO] 2019-06-25 22:39:45,109: XML-RPC server binding to 0.0.0.0:0
[rospy.init][INFO] 2019-06-25 22:39:45,114: ROS Slave URI: [http://dc5b429f784e:45163/]
[xmlrpc][INFO] 2019-06-25 22:39:45,115: Started XML-RPC server [http://dc5b429f784e:45163/]
[rospy.impl.masterslave][INFO] 2019-06-25 22:39:45,115: _ready: http://dc5b429f784e:45163/
[rospy.registration][INFO] 2019-06-25 22:39:45,116: Registering with master node http://localhost:11311
[xmlrpc][INFO] 2019-06-25 22:39:45,117: xml rpc node: starting XML-RPC server
[rospy.init][INFO] 2019-06-25 22:39:45,215: registered with master
[rospy.rosout][INFO] 2019-06-25 22:39:45,215: initializing /rosout core topic
[rospy.rosout][INFO] 2019-06-25 22:39:45,235: connected to core topic /rosout
[rospy.simtime][INFO] 2019-06-25 22:39:45,257: initializing /clock core topic
[rospy.simtime][INFO] 2019-06-25 22:39:45,271: connected to core topic /clock
[rospy.internal][INFO] 2019-06-25 22:39:45,284: topic[/clock] adding connection to [http://dc5b429f784e:43337/], count 0
[rospy.internal][INFO] 2019-06-25 22:39:45,360: topic[/odom] adding connection to [http://dc5b429f784e:43337/], count 0
[rospy.internal][INFO] 2019-06-25 22:39:45,493: topic[/rosout] adding connection to [/rosout], count 0
[rospy.internal][INFO] 2019-06-25 22:39:45,693: topic[/cmd_vel] adding connection to [/gazebo], count 0
[rosout][INFO] 2019-06-25 22:39:46,730: 1.7047600613
[rosout][INFO] 2019-06-25 22:39:46,732: 1.7047600613
[rosout][INFO] 2019-06-25 22:39:46,781: 1.70475599957
[rosout][INFO] 2019-06-25 22:39:46,836: 1.69762822292
[rosout][INFO] 2019-06-25 22:39:46,889: 1.68979740764
[rosout][INFO] 2019-06-25 22:39:46,942: 1.68139936927
[rosout][INFO] 2019-06-25 22:39:47,002: 1.67310714714
[rosout][INFO] 2019-06-25 22:39:47,056: 1.66481141536
[rosout][INFO] 2019-06-25 22:39:47,112: 1.65658566052
[rosout][INFO] 2019-06-25 22:39:47,167: 1.64852316643
[rosout][INFO] 2019-06-25 22:39:47,221: 1.64018659425
[rosout][INFO] 2019-06-25 22:39:47,278: 1.63057788798
[rosout][INFO] 2019-06-25 22:39:47,354: 1.61966459321
[rosout][INFO] 2019-06-25 22:39:47,407: 1.60875673973
[rosout][INFO] 2019-06-25 22:39:47,477: 1.5978606171
[rosout][INFO] 2019-06-25 22:39:47,529: 1.58739682812
[rosout][INFO] 2019-06-25 22:39:47,607: 1.57781477997
[rosout][INFO] 2019-06-25 22:39:47,651: 1.5681045721
[rosout][INFO] 2019-06-25 22:39:47,703: 1.55845476969
[rosout][INFO] 2019-06-25 22:39:47,771: 1.54868588301
[rosout][INFO] 2019-06-25 22:39:47,817: 1.53903614505
[rosout][INFO] 2019-06-25 22:39:47,877: 1.52931935963
[rosout][INFO] 2019-06-25 22:39:47,934: 1.51972919177
[rosout][INFO] 2019-06-25 22:39:48,029: 1.51007096363
[rosout][INFO] 2019-06-25 22:39:48,058: 1.50054463699
[rosout][INFO] 2019-06-25 22:39:48,117: 1.49095249963
[rosout][INFO] 2019-06-25 22:39:48,170: 1.48150260211
[rosout][INFO] 2019-06-25 22:39:48,223: 1.47206453378
[rosout][INFO] 2019-06-25 22:39:48,301: 1.46286172814
[rosout][INFO] 2019-06-25 22:39:48,355: 1.45370866488
[rosout][INFO] 2019-06-25 22:39:48,408: 1.44476540732
[rosout][INFO] 2019-06-25 22:39:48,470: 1.43583112034
[rosout][INFO] 2019-06-25 22:39:48,541: 1.42704769668
[rosout][INFO] 2019-06-25 22:39:48,592: 1.41819148747
[rosout][INFO] 2019-06-25 22:39:48,667: 1.40949420476
[rosout][INFO] 2019-06-25 22:39:48,742: 1.40075632505
[rosout][INFO] 2019-06-25 22:39:48,789: 1.39219420945
[rosout][INFO] 2019-06-25 22:39:48,857: 1.38359188376
[rosout][INFO] 2019-06-25 22:39:48,914: 1.37516815763
[rosout][INFO] 2019-06-25 22:39:48,965: 1.36670203366
[rosout][INFO] 2019-06-25 22:39:49,026: 1.35841458538
[rosout][INFO] 2019-06-25 22:39:49,089: 1.35008246579
[rosout][INFO] 2019-06-25 22:39:49,140: 1.34192826114
[rosout][INFO] 2019-06-25 22:39:49,195: 1.33372093966
[rosout][INFO] 2019-06-25 22:39:49,254: 1.32567763135
[rosout][INFO] 2019-06-25 22:39:49,309: 1.31759945113
[rosout][INFO] 2019-06-25 22:39:49,377: 1.31002402146
[rosout][INFO] 2019-06-25 22:39:49,431: 1.30309102857
[rosout][INFO] 2019-06-25 22:39:49,487: 1.29694389289
[rosout][INFO] 2019-06-25 22:39:49,543: 1.29059488804
[rosout][INFO] 2019-06-25 22:39:49,593: 1.28362334908
[rosout][INFO] 2019-06-25 22:39:49,644: 1.27669381283
[rosout][INFO] 2019-06-25 22:39:49,717: 1.27011178646
[rosout][INFO] 2019-06-25 22:39:49,765: 1.26350748484
[rosout][INFO] 2019-06-25 22:39:49,816: 1.25717389689
[rosout][INFO] 2019-06-25 22:39:49,877: 1.25095459469
[rosout][INFO] 2019-06-25 22:39:49,933: 1.2447080945
[rosout][INFO] 2019-06-25 22:39:49,987: 1.23852142941
[rosout][INFO] 2019-06-25 22:39:50,045: 1.23219776905
[rosout][INFO] 2019-06-25 22:39:50,114: 1.22631881688
[rosout][INFO] 2019-06-25 22:39:50,166: 1.21998232816
[rosout][INFO] 2019-06-25 22:39:50,218: 1.21425804477
[rosout][INFO] 2019-06-25 22:39:50,269: 1.20849112731
[rosout][INFO] 2019-06-25 22:39:50,323: 1.2020740495
[rosout][INFO] 2019-06-25 22:39:50,381: 1.19535343499
[rosout][INFO] 2019-06-25 22:39:50,440: 1.1897793061
[rosout][INFO] 2019-06-25 22:39:50,492: 1.18411173499
[rosout][INFO] 2019-06-25 22:39:50,546: 1.17747483363
[rosout][INFO] 2019-06-25 22:39:50,600: 1.17116832641
[rosout][INFO] 2019-06-25 22:39:50,657: 1.16559255636
[rosout][INFO] 2019-06-25 22:39:50,710: 1.16017882906
[rosout][INFO] 2019-06-25 22:39:50,779: 1.15481430832
[rosout][INFO] 2019-06-25 22:39:50,836: 1.14881669747
[rosout][INFO] 2019-06-25 22:39:50,898: 1.1427621799
[rosout][INFO] 2019-06-25 22:39:50,953: 1.13709146521
[rosout][INFO] 2019-06-25 22:39:51,012: 1.13144275909
[rosout][INFO] 2019-06-25 22:39:51,073: 1.12572849629
[rosout][INFO] 2019-06-25 22:39:51,134: 1.11999207675
[rosout][INFO] 2019-06-25 22:39:51,186: 1.11396706843
[rosout][INFO] 2019-06-25 22:39:51,245: 1.1081323355
[rosout][INFO] 2019-06-25 22:39:51,321: 1.10240202589
[rosout][INFO] 2019-06-25 22:39:51,367: 1.09697298098
[rosout][INFO] 2019-06-25 22:39:51,437: 1.09151317238
[rosout][INFO] 2019-06-25 22:39:51,512: 1.08571162371
[rosout][INFO] 2019-06-25 22:39:51,570: 1.08024037513
[rosout][INFO] 2019-06-25 22:39:51,659: 1.07476224572
[rosout][INFO] 2019-06-25 22:39:51,699: 1.06861664818
[rosout][INFO] 2019-06-25 22:39:51,772: 1.06297075308
[rosout][INFO] 2019-06-25 22:39:51,835: 1.057452631
[rosout][INFO] 2019-06-25 22:39:51,885: 1.05200535157
[rosout][INFO] 2019-06-25 22:39:51,940: 1.04675711459
[rosout][INFO] 2019-06-25 22:39:52,008: 1.04086766436
[rosout][INFO] 2019-06-25 22:39:52,065: 1.03526274484
[rosout][INFO] 2019-06-25 22:39:52,132: 1.02999313497
[rosout][INFO] 2019-06-25 22:39:52,194: 1.02432674556
[rosout][INFO] 2019-06-25 22:39:52,236: 1.01885358438
[rosout][INFO] 2019-06-25 22:39:52,291: 1.01322133082
[rosout][INFO] 2019-06-25 22:39:52,352: 1.00790584849
[rosout][INFO] 2019-06-25 22:39:52,416: 1.00236974634
[rosout][INFO] 2019-06-25 22:39:52,489: 0.996896292998
[rosout][INFO] 2019-06-25 22:39:52,551: 0.991434645648
[rosout][INFO] 2019-06-25 22:39:52,600: 0.986011497992
[rosout][INFO] 2019-06-25 22:39:52,686: 0.980534050616
[rosout][INFO] 2019-06-25 22:39:52,738: 0.975150458622
[rosout][INFO] 2019-06-25 22:39:52,793: 0.969588876096
[rosout][INFO] 2019-06-25 22:39:52,842: 0.964008512098
[rosout][INFO] 2019-06-25 22:39:52,896: 0.958650427542
[rosout][INFO] 2019-06-25 22:39:52,953: 0.953198135367
[rosout][INFO] 2019-06-25 22:39:53,010: 0.94764831929
[rosout][INFO] 2019-06-25 22:39:53,066: 0.942364817122
[rosout][INFO] 2019-06-25 22:39:53,123: 0.936486537181
[rosout][INFO] 2019-06-25 22:39:53,192: 0.930683969682
[rosout][INFO] 2019-06-25 22:39:53,253: 0.924891923426
[rosout][INFO] 2019-06-25 22:39:53,309: 0.919110517778
[rosout][INFO] 2019-06-25 22:39:53,361: 0.91333970287
[rosout][INFO] 2019-06-25 22:39:53,421: 0.907715071332
[rosout][INFO] 2019-06-25 22:39:53,482: 0.902444552396
[rosout][INFO] 2019-06-25 22:39:53,545: 0.896920452576
[rosout][INFO] 2019-06-25 22:39:53,590: 0.89109170661
[rosout][INFO] 2019-06-25 22:39:53,645: 0.885459468907
[rosout][INFO] 2019-06-25 22:39:53,697: 0.879829928434
[rosout][INFO] 2019-06-25 22:39:53,751: 0.874034495583
[rosout][INFO] 2019-06-25 22:39:53,822: 0.868525665494
[rosout][INFO] 2019-06-25 22:39:53,877: 0.862985324424
[rosout][INFO] 2019-06-25 22:39:53,935: 0.857135649089
[rosout][INFO] 2019-06-25 22:39:53,986: 0.851858599955
[rosout][INFO] 2019-06-25 22:39:54,041: 0.846267992619
[rosout][INFO] 2019-06-25 22:39:54,098: 0.84072277727
[rosout][INFO] 2019-06-25 22:39:54,164: 0.834980957395
[rosout][INFO] 2019-06-25 22:39:54,221: 0.829609815858
[rosout][INFO] 2019-06-25 22:39:54,277: 0.823954651602
[rosout][INFO] 2019-06-25 22:39:54,328: 0.818713163819
[rosout][INFO] 2019-06-25 22:39:54,383: 0.813602213809
[rosout][INFO] 2019-06-25 22:39:54,434: 0.808152870838
[rosout][INFO] 2019-06-25 22:39:54,493: 0.802611681662
[rosout][INFO] 2019-06-25 22:39:54,554: 0.796869153038
[rosout][INFO] 2019-06-25 22:39:54,615: 0.791211218143
[rosout][INFO] 2019-06-25 22:39:54,683: 0.785627330472
[rosout][INFO] 2019-06-25 22:39:54,742: 0.780040072147
[rosout][INFO] 2019-06-25 22:39:54,796: 0.774598829403
[rosout][INFO] 2019-06-25 22:39:54,857: 0.769281498697
[rosout][INFO] 2019-06-25 22:39:54,916: 0.76401159172
[rosout][INFO] 2019-06-25 22:39:54,966: 0.758737918522
[rosout][INFO] 2019-06-25 22:39:55,022: 0.753463426996
[rosout][INFO] 2019-06-25 22:39:55,074: 0.748238858292
[rosout][INFO] 2019-06-25 22:39:55,129: 0.74300410291
[rosout][INFO] 2019-06-25 22:39:55,185: 0.737769618806
[rosout][INFO] 2019-06-25 22:39:55,244: 0.73259022979
[rosout][INFO] 2019-06-25 22:39:55,292: 0.727396078078
[rosout][INFO] 2019-06-25 22:39:55,349: 0.722202976059
[rosout][INFO] 2019-06-25 22:39:55,405: 0.717071878588
[rosout][INFO] 2019-06-25 22:39:55,458: 0.711915405101
[rosout][INFO] 2019-06-25 22:39:55,530: 0.706756893533
[rosout][INFO] 2019-06-25 22:39:55,580: 0.701655706929
[rosout][INFO] 2019-06-25 22:39:55,634: 0.696551996765
[rosout][INFO] 2019-06-25 22:39:55,694: 0.691443922996
[rosout][INFO] 2019-06-25 22:39:55,761: 0.686393129631
[rosout][INFO] 2019-06-25 22:39:55,812: 0.681159934325
[rosout][INFO] 2019-06-25 22:39:55,871: 0.675810998069
[rosout][INFO] 2019-06-25 22:39:55,937: 0.670469470031
[rosout][INFO] 2019-06-25 22:39:55,991: 0.665002277587
[rosout][INFO] 2019-06-25 22:39:56,048: 0.659536505358
[rosout][INFO] 2019-06-25 22:39:56,097: 0.654275916401
[rosout][INFO] 2019-06-25 22:39:56,152: 0.648924955065
[rosout][INFO] 2019-06-25 22:39:56,207: 0.643569638091
[rosout][INFO] 2019-06-25 22:39:56,293: 0.638204684016
[rosout][INFO] 2019-06-25 22:39:56,343: 0.632646304453
[rosout][INFO] 2019-06-25 22:39:56,401: 0.627352926114
[rosout][INFO] 2019-06-25 22:39:56,452: 0.622050646608
[rosout][INFO] 2019-06-25 22:39:56,514: 0.616520398222
[rosout][INFO] 2019-06-25 22:39:56,580: 0.611089672345
[rosout][INFO] 2019-06-25 22:39:56,638: 0.605510014707
[rosout][INFO] 2019-06-25 22:39:56,695: 0.599757193847
[rosout][INFO] 2019-06-25 22:39:56,759: 0.59436287099
[rosout][INFO] 2019-06-25 22:39:56,818: 0.588677133438
[rosout][INFO] 2019-06-25 22:39:56,872: 0.582919937748
[rosout][INFO] 2019-06-25 22:39:56,943: 0.577008005996
[rosout][INFO] 2019-06-25 22:39:56,999: 0.571090344775
[rosout][INFO] 2019-06-25 22:39:57,053: 0.5657823467
[rosout][INFO] 2019-06-25 22:39:57,105: 0.560146577709
[rosout][INFO] 2019-06-25 22:39:57,159: 0.554274018568
[rosout][INFO] 2019-06-25 22:39:57,221: 0.548387348292
[rosout][INFO] 2019-06-25 22:39:57,288: 0.542567356002
[rosout][INFO] 2019-06-25 22:39:57,345: 0.537284618674
[rosout][INFO] 2019-06-25 22:39:57,410: 0.531900976999
[rosout][INFO] 2019-06-25 22:39:57,461: 0.526370768189
[rosout][INFO] 2019-06-25 22:39:57,527: 0.520702070206
[rosout][INFO] 2019-06-25 22:39:57,576: 0.514921051265
[rosout][INFO] 2019-06-25 22:39:57,651: 0.508913159739
[rosout][INFO] 2019-06-25 22:39:57,705: 0.503016402357
[rosout][INFO] 2019-06-25 22:39:57,764: 0.49701691429
[rosout][INFO] 2019-06-25 22:39:57,824: 0.491038376532
[rosout][INFO] 2019-06-25 22:39:57,898: 0.48507080782
[rosout][INFO] 2019-06-25 22:39:57,959: 0.478966120364
[rosout][INFO] 2019-06-25 22:39:58,013: 0.472581345929
[rosout][INFO] 2019-06-25 22:39:58,069: 0.46589101015
[rosout][INFO] 2019-06-25 22:39:58,121: 0.459191255465
[rosout][INFO] 2019-06-25 22:39:58,177: 0.452393401266
[rosout][INFO] 2019-06-25 22:39:58,235: 0.44592111521
[rosout][INFO] 2019-06-25 22:39:58,285: 0.439266294788
[rosout][INFO] 2019-06-25 22:39:58,352: 0.432509906536
[rosout][INFO] 2019-06-25 22:39:58,410: 0.425965299589
[rosout][INFO] 2019-06-25 22:39:58,461: 0.419727489824
[rosout][INFO] 2019-06-25 22:39:58,526: 0.413749585697
[rosout][INFO] 2019-06-25 22:39:58,582: 0.40774896334
[rosout][INFO] 2019-06-25 22:39:58,653: 0.401086697801
[rosout][INFO] 2019-06-25 22:39:58,706: 0.395279618726
[rosout][INFO] 2019-06-25 22:39:58,779: 0.389296647424
[rosout][INFO] 2019-06-25 22:39:58,841: 0.383369205726
[rosout][INFO] 2019-06-25 22:39:58,899: 0.377423450568
[rosout][INFO] 2019-06-25 22:39:58,967: 0.371521970995
[rosout][INFO] 2019-06-25 22:39:59,025: 0.365683891957
[rosout][INFO] 2019-06-25 22:39:59,082: 0.359320865158
[rosout][INFO] 2019-06-25 22:39:59,141: 0.352839178368
[rosout][INFO] 2019-06-25 22:39:59,201: 0.346634230058
[rosout][INFO] 2019-06-25 22:39:59,257: 0.340570468315
[rosout][INFO] 2019-06-25 22:39:59,314: 0.33417504258
[rosout][INFO] 2019-06-25 22:39:59,373: 0.327656531566
[rosout][INFO] 2019-06-25 22:39:59,425: 0.321201412565
[rosout][INFO] 2019-06-25 22:39:59,482: 0.314732631122
[rosout][INFO] 2019-06-25 22:39:59,540: 0.308321210806
[rosout][INFO] 2019-06-25 22:39:59,594: 0.301831078588
[rosout][INFO] 2019-06-25 22:39:59,667: 0.295591925903
[rosout][INFO] 2019-06-25 22:39:59,733: 0.288959930618
[rosout][INFO] 2019-06-25 22:39:59,800: 0.282282175449
[rosout][INFO] 2019-06-25 22:39:59,849: 0.275602581474
[rosout][INFO] 2019-06-25 22:39:59,898: 0.269088041499
[rosout][INFO] 2019-06-25 22:39:59,949: 0.26259033007
[rosout][INFO] 2019-06-25 22:39:59,999: 0.256029195314
[rosout][INFO] 2019-06-25 22:40:00,076: 0.249154072253
[rosout][INFO] 2019-06-25 22:40:00,161: 0.242670242722
[rosout][INFO] 2019-06-25 22:40:00,201: 0.2358225041
[rosout][INFO] 2019-06-25 22:40:00,250: 0.229061483673
[rosout][INFO] 2019-06-25 22:40:00,302: 0.222378196212
[rosout][INFO] 2019-06-25 22:40:00,363: 0.215574548086
[rosout][INFO] 2019-06-25 22:40:00,425: 0.208710594645
[rosout][INFO] 2019-06-25 22:40:00,492: 0.201880646754
[rosout][INFO] 2019-06-25 22:40:00,551: 0.194856099479
[rosout][INFO] 2019-06-25 22:40:00,602: 0.187355689454
[rosout][INFO] 2019-06-25 22:40:00,654: 0.180233597291
[rosout][INFO] 2019-06-25 22:40:00,715: 0.17317753748
[rosout][INFO] 2019-06-25 22:40:00,768: 0.166081037748
[rosout][INFO] 2019-06-25 22:40:00,828: 0.159078679146
[rosout][INFO] 2019-06-25 22:40:00,882: 0.151653396515
[rosout][INFO] 2019-06-25 22:40:00,979: 0.144371925845
[rosout][INFO] 2019-06-25 22:40:01,010: 0.136154325546
[rosout][INFO] 2019-06-25 22:40:01,071: 0.128906745983
[rosout][INFO] 2019-06-25 22:40:01,132: 0.121060774522
[rosout][INFO] 2019-06-25 22:40:01,185: 0.113414594349
[rosout][INFO] 2019-06-25 22:40:01,240: 0.105510243347
[rosout][INFO] 2019-06-25 22:40:01,293: 0.0976057538719
[rosout][INFO] 2019-06-25 22:40:01,353: 0.0896402902106
[rosout][INFO] 2019-06-25 22:40:01,420: 0.081515061213
[rosout][INFO] 2019-06-25 22:40:01,483: 0.0734838461867
[rosout][INFO] 2019-06-25 22:40:01,539: 0.0653560509786
[rosout][INFO] 2019-06-25 22:40:01,601: 0.0572415209848
[rosout][INFO] 2019-06-25 22:40:01,651: 0.0491474802184
[rosout][INFO] 2019-06-25 22:40:01,706: 0.041022844476
[rosout][INFO] 2019-06-25 22:40:01,766: 0.0331848248008
[rospy.core][INFO] 2019-06-25 22:40:13,331: signal_shutdown [signal-2]
[rospy.internal][INFO] 2019-06-25 22:40:13,354: topic[/rosout] removing connection to /rosout
[rospy.internal][INFO] 2019-06-25 22:40:13,354: topic[/cmd_vel] removing connection to /gazebo
[rospy.internal][INFO] 2019-06-25 22:40:13,354: topic[/clock] removing connection to http://dc5b429f784e:43337/
[rospy.topics][ERROR] 2019-06-25 22:40:13,356: Traceback (most recent call last):
  File "/opt/ros/kinetic/lib/python2.7/dist-packages/rospy/topics.py", line 326, in close
    c.close()
  File "/opt/ros/kinetic/lib/python2.7/dist-packages/rospy/impl/tcpros_base.py", line 838, in close
    self.socket.close()
AttributeError: 'NoneType' object has no attribute 'close'

[rospy.internal][INFO] 2019-06-25 22:40:13,356: topic[/odom] removing connection to http://dc5b429f784e:43337/
[rospy.impl.masterslave][INFO] 2019-06-25 22:40:13,357: signal-2
[rospy.internal][WARNING] 2019-06-25 22:40:13,357: Unknown error initiating TCP/IP socket to dc5b429f784e:48915 (http://dc5b429f784e:43337/): Traceback (most recent call last):
  File "/opt/ros/kinetic/lib/python2.7/dist-packages/rospy/impl/tcpros_base.py", line 557, in connect
    self.read_header()
  File "/opt/ros/kinetic/lib/python2.7/dist-packages/rospy/impl/tcpros_base.py", line 650, in read_header
    self._validate_header(read_ros_handshake_header(sock, self.read_buff, self.protocol.buff_size))
AttributeError: 'NoneType' object has no attribute 'buff_size'

[rospy.core][INFO] 2019-06-25 22:40:13,985: signal_shutdown [atexit]
[rospy.client][INFO] 2019-06-25 22:40:47,214: init_node, name[/go_to_point], pid[33043]
[xmlrpc][INFO] 2019-06-25 22:40:47,215: XML-RPC server binding to 0.0.0.0:0
[xmlrpc][INFO] 2019-06-25 22:40:47,216: Started XML-RPC server [http://dc5b429f784e:34559/]
[rospy.impl.masterslave][INFO] 2019-06-25 22:40:47,217: _ready: http://dc5b429f784e:34559/
[rospy.init][INFO] 2019-06-25 22:40:47,217: ROS Slave URI: [http://dc5b429f784e:34559/]
[xmlrpc][INFO] 2019-06-25 22:40:47,219: xml rpc node: starting XML-RPC server
[rospy.registration][INFO] 2019-06-25 22:40:47,220: Registering with master node http://localhost:11311
[rospy.init][INFO] 2019-06-25 22:40:47,319: registered with master
[rospy.rosout][INFO] 2019-06-25 22:40:47,320: initializing /rosout core topic
[rospy.rosout][INFO] 2019-06-25 22:40:47,325: connected to core topic /rosout
[rospy.simtime][INFO] 2019-06-25 22:40:47,349: initializing /clock core topic
[rospy.simtime][INFO] 2019-06-25 22:40:47,356: connected to core topic /clock
[rospy.internal][INFO] 2019-06-25 22:40:47,432: topic[/clock] adding connection to [http://dc5b429f784e:43337/], count 0
[rospy.internal][INFO] 2019-06-25 22:40:47,438: topic[/odom] adding connection to [http://dc5b429f784e:43337/], count 0
[rospy.internal][INFO] 2019-06-25 22:40:47,550: topic[/rosout] adding connection to [/rosout], count 0
[rospy.internal][INFO] 2019-06-25 22:40:47,653: topic[/cmd_vel] adding connection to [/gazebo], count 0
[rosout][INFO] 2019-06-25 22:40:48,463: -0.0125044087632
[rosout][INFO] 2019-06-25 22:41:36,154: -0.358544044135
[rosout][INFO] 2019-06-25 22:41:36,210: -0.363928643192
[rosout][INFO] 2019-06-25 22:41:36,268: -0.366336420552
[rosout][INFO] 2019-06-25 22:41:36,331: -0.35982997817
[rosout][INFO] 2019-06-25 22:41:36,387: -0.350790068109
[rosout][INFO] 2019-06-25 22:41:36,431: -0.341882718907
[rosout][INFO] 2019-06-25 22:41:36,494: -0.333154566606
[rosout][INFO] 2019-06-25 22:41:36,553: -0.324514780047
[rosout][INFO] 2019-06-25 22:41:36,611: -0.315854635501
[rosout][INFO] 2019-06-25 22:41:36,669: -0.307156765967
[rosout][INFO] 2019-06-25 22:41:36,724: -0.298468010497
[rosout][INFO] 2019-06-25 22:41:36,777: -0.289848630655
[rosout][INFO] 2019-06-25 22:41:36,834: -0.281244859971
[rosout][INFO] 2019-06-25 22:41:36,897: -0.272717649599
[rosout][INFO] 2019-06-25 22:41:36,960: -0.264248865667
[rosout][INFO] 2019-06-25 22:41:37,015: -0.25586100417
[rosout][INFO] 2019-06-25 22:41:37,076: -0.247531690705
[rosout][INFO] 2019-06-25 22:41:37,130: -0.239281771286
[rosout][INFO] 2019-06-25 22:41:37,180: -0.231090109983
[rosout][INFO] 2019-06-25 22:41:37,236: -0.222979807484
[rosout][INFO] 2019-06-25 22:41:37,292: -0.214932287583
[rosout][INFO] 2019-06-25 22:41:37,354: -0.206968218612
[rosout][INFO] 2019-06-25 22:41:37,412: -0.199063959621
[rosout][INFO] 2019-06-25 22:41:37,472: -0.191230592545
[rosout][INFO] 2019-06-25 22:41:37,525: -0.183440123901
[rosout][INFO] 2019-06-25 22:41:37,588: -0.175703276929
[rosout][INFO] 2019-06-25 22:41:37,648: -0.168013055358
[rosout][INFO] 2019-06-25 22:41:37,709: -0.160257463049
[rosout][INFO] 2019-06-25 22:41:37,763: -0.152157394075
[rosout][INFO] 2019-06-25 22:41:37,821: -0.144235376984
[rosout][INFO] 2019-06-25 22:41:37,878: -0.136328833535
[rosout][INFO] 2019-06-25 22:41:37,937: -0.128566772299
[rosout][INFO] 2019-06-25 22:41:37,993: -0.121430175874
[rosout][INFO] 2019-06-25 22:41:38,055: -0.115142428237
[rosout][INFO] 2019-06-25 22:41:38,123: -0.107823460221
[rosout][INFO] 2019-06-25 22:41:38,185: -0.10200527394
[rosout][INFO] 2019-06-25 22:41:38,249: -0.0956738643782
[rosout][INFO] 2019-06-25 22:41:38,313: -0.0886741368628
[rosout][INFO] 2019-06-25 22:41:38,371: -0.0821918019567
[rosout][INFO] 2019-06-25 22:41:38,428: -0.0759448621899
[rosout][INFO] 2019-06-25 22:41:38,473: -0.0694332860105
[rosout][INFO] 2019-06-25 22:41:38,526: -0.063023786875
[rosout][INFO] 2019-06-25 22:41:38,587: -0.0568731012061
[rosout][INFO] 2019-06-25 22:41:38,641: -0.0507998787367
[rosout][INFO] 2019-06-25 22:41:38,701: -0.0443755238877
[rosout][INFO] 2019-06-25 22:41:38,751: -0.0383835877512
[rosout][INFO] 2019-06-25 22:41:38,812: -0.0324373758134
[rosout][INFO] 2019-06-25 22:41:40,911: -0.357851388746
[rosout][INFO] 2019-06-25 22:41:40,962: -0.366194420244
[rosout][INFO] 2019-06-25 22:41:41,030: -0.369130352706
[rosout][INFO] 2019-06-25 22:41:41,080: -0.363222016836
[rosout][INFO] 2019-06-25 22:41:41,131: -0.355203766205
[rosout][INFO] 2019-06-25 22:41:41,184: -0.346796073114
[rosout][INFO] 2019-06-25 22:41:41,245: -0.339722478743
[rosout][INFO] 2019-06-25 22:41:41,302: -0.332362517314
[rosout][INFO] 2019-06-25 22:41:41,357: -0.323280720018
[rosout][INFO] 2019-06-25 22:41:41,413: -0.314340932486
[rosout][INFO] 2019-06-25 22:41:41,472: -0.30549718982
[rosout][INFO] 2019-06-25 22:41:41,532: -0.296674824943
[rosout][INFO] 2019-06-25 22:41:41,582: -0.287920364216
[rosout][INFO] 2019-06-25 22:41:41,634: -0.279236647247
[rosout][INFO] 2019-06-25 22:41:41,693: -0.270623460811
[rosout][INFO] 2019-06-25 22:41:41,742: -0.262138201866
[rosout][INFO] 2019-06-25 22:41:41,805: -0.253777401437
[rosout][INFO] 2019-06-25 22:41:41,844: -0.245428820053
[rosout][INFO] 2019-06-25 22:41:41,898: -0.237086659982
[rosout][INFO] 2019-06-25 22:41:41,958: -0.228742177922
[rosout][INFO] 2019-06-25 22:41:42,033: -0.220379426907
[rosout][INFO] 2019-06-25 22:41:42,091: -0.211996350944
[rosout][INFO] 2019-06-25 22:41:42,155: -0.203591825473
[rosout][INFO] 2019-06-25 22:41:42,206: -0.195166122485
[rosout][INFO] 2019-06-25 22:41:42,269: -0.186739420571
[rosout][INFO] 2019-06-25 22:41:42,324: -0.178309758939
[rosout][INFO] 2019-06-25 22:41:42,392: -0.169868444031
[rosout][INFO] 2019-06-25 22:41:42,440: -0.161512658091
[rosout][INFO] 2019-06-25 22:41:42,501: -0.153590839043
[rosout][INFO] 2019-06-25 22:41:42,562: -0.14567836299
[rosout][INFO] 2019-06-25 22:41:42,629: -0.137858546149
[rosout][INFO] 2019-06-25 22:41:42,681: -0.130934369989
[rosout][INFO] 2019-06-25 22:41:42,728: -0.123848297014
[rosout][INFO] 2019-06-25 22:41:42,782: -0.11716413527
[rosout][INFO] 2019-06-25 22:41:42,845: -0.111063612783
[rosout][INFO] 2019-06-25 22:41:42,898: -0.104402540972
[rosout][INFO] 2019-06-25 22:41:42,955: -0.0980857307929
[rosout][INFO] 2019-06-25 22:41:43,005: -0.0922543555986
[rosout][INFO] 2019-06-25 22:41:43,084: -0.0861373674268
[rosout][INFO] 2019-06-25 22:41:43,128: -0.0798787497095
[rosout][INFO] 2019-06-25 22:41:43,183: -0.0733011210088
[rosout][INFO] 2019-06-25 22:41:43,244: -0.0664926004296
[rosout][INFO] 2019-06-25 22:41:43,301: -0.0598586442968
[rosout][INFO] 2019-06-25 22:41:43,353: -0.0533255006036
[rosout][INFO] 2019-06-25 22:41:43,415: -0.0465543777158
[rosout][INFO] 2019-06-25 22:41:43,460: -0.0401901386144
[rosout][INFO] 2019-06-25 22:41:43,512: -0.034151614589
[rosout][INFO] 2019-06-25 22:41:44,318: -0.356344408651
[rosout][INFO] 2019-06-25 22:41:44,371: -0.361648611028
[rosout][INFO] 2019-06-25 22:41:44,420: -0.364908165677
[rosout][INFO] 2019-06-25 22:41:44,479: -0.358487150115
[rosout][INFO] 2019-06-25 22:41:44,527: -0.349995389268
[rosout][INFO] 2019-06-25 22:41:44,599: -0.341942752179
[rosout][INFO] 2019-06-25 22:41:44,652: -0.333625886109
[rosout][INFO] 2019-06-25 22:41:44,710: -0.325284335691
[rosout][INFO] 2019-06-25 22:41:44,765: -0.317128196424
[rosout][INFO] 2019-06-25 22:41:44,826: -0.308925727757
[rosout][INFO] 2019-06-25 22:41:44,880: -0.300914569203
[rosout][INFO] 2019-06-25 22:41:44,927: -0.292859602189
[rosout][INFO] 2019-06-25 22:41:44,983: -0.284996467541
[rosout][INFO] 2019-06-25 22:41:45,035: -0.277081430609
[rosout][INFO] 2019-06-25 22:41:45,096: -0.269349844339
[rosout][INFO] 2019-06-25 22:41:45,146: -0.261556844277
[rosout][INFO] 2019-06-25 22:41:45,209: -0.253933047045
[rosout][INFO] 2019-06-25 22:41:45,273: -0.246229994645
[rosout][INFO] 2019-06-25 22:41:45,327: -0.238705455791
[rosout][INFO] 2019-06-25 22:41:45,392: -0.231199239256
[rosout][INFO] 2019-06-25 22:41:45,440: -0.223292708947
[rosout][INFO] 2019-06-25 22:41:45,492: -0.215010215113
[rosout][INFO] 2019-06-25 22:41:45,549: -0.207239585542
[rosout][INFO] 2019-06-25 22:41:45,605: -0.199900082186
[rosout][INFO] 2019-06-25 22:41:45,655: -0.192487190228
[rosout][INFO] 2019-06-25 22:41:45,713: -0.185333185391
[rosout][INFO] 2019-06-25 22:41:45,767: -0.178450047013
[rosout][INFO] 2019-06-25 22:41:45,830: -0.171349429954
[rosout][INFO] 2019-06-25 22:41:45,881: -0.163773828516
[rosout][INFO] 2019-06-25 22:41:45,951: -0.156829409007
[rosout][INFO] 2019-06-25 22:41:46,001: -0.149575538079
[rosout][INFO] 2019-06-25 22:41:46,052: -0.142585990917
[rosout][INFO] 2019-06-25 22:41:46,105: -0.135669208525
[rosout][INFO] 2019-06-25 22:41:46,163: -0.128712567325
[rosout][INFO] 2019-06-25 22:41:46,219: -0.12221516141
[rosout][INFO] 2019-06-25 22:41:46,273: -0.115492467418
[rosout][INFO] 2019-06-25 22:41:46,342: -0.108842877478
[rosout][INFO] 2019-06-25 22:41:46,396: -0.102205121704
[rosout][INFO] 2019-06-25 22:41:46,460: -0.0955291534135
[rosout][INFO] 2019-06-25 22:41:46,521: -0.0891297085118
[rosout][INFO] 2019-06-25 22:41:46,576: -0.0826200242296
[rosout][INFO] 2019-06-25 22:41:46,631: -0.0763049942733
[rosout][INFO] 2019-06-25 22:41:46,686: -0.0698644559194
[rosout][INFO] 2019-06-25 22:41:46,739: -0.0634811490984
[rosout][INFO] 2019-06-25 22:41:46,793: -0.057173084261
[rosout][INFO] 2019-06-25 22:41:46,846: -0.0510338384915
[rosout][INFO] 2019-06-25 22:41:46,905: -0.0457424061797
[rosout][INFO] 2019-06-25 22:41:46,969: -0.0394878837418
[rosout][INFO] 2019-06-25 22:41:47,026: -0.0335358796741
[rosout][INFO] 2019-06-25 22:41:47,755: -0.363751942099
[rosout][INFO] 2019-06-25 22:41:47,827: -0.369029251247
[rosout][INFO] 2019-06-25 22:41:47,874: -0.372097272552
[rosout][INFO] 2019-06-25 22:41:47,936: -0.366172594955
[rosout][INFO] 2019-06-25 22:41:47,994: -0.359173423807
[rosout][INFO] 2019-06-25 22:41:48,047: -0.352091586979
[rosout][INFO] 2019-06-25 22:41:48,100: -0.345202536394
[rosout][INFO] 2019-06-25 22:41:48,152: -0.338938269136
[rosout][INFO] 2019-06-25 22:41:48,199: -0.332164959292
[rosout][INFO] 2019-06-25 22:41:48,268: -0.325536568693
[rosout][INFO] 2019-06-25 22:41:48,333: -0.319346646552
[rosout][INFO] 2019-06-25 22:41:48,378: -0.313053334749
[rosout][INFO] 2019-06-25 22:41:48,431: -0.306684357774
[rosout][INFO] 2019-06-25 22:41:48,498: -0.299983464301
[rosout][INFO] 2019-06-25 22:41:48,553: -0.293764267492
[rosout][INFO] 2019-06-25 22:41:48,613: -0.287641192614
[rosout][INFO] 2019-06-25 22:41:48,666: -0.281640336286
[rosout][INFO] 2019-06-25 22:41:48,726: -0.275486089649
[rosout][INFO] 2019-06-25 22:41:48,780: -0.269719706196
[rosout][INFO] 2019-06-25 22:41:48,837: -0.263784682149
[rosout][INFO] 2019-06-25 22:41:48,901: -0.25763434335
[rosout][INFO] 2019-06-25 22:41:48,984: -0.251742823404
[rosout][INFO] 2019-06-25 22:41:49,032: -0.246108175685
[rosout][INFO] 2019-06-25 22:41:49,075: -0.239965474859
[rosout][INFO] 2019-06-25 22:41:49,141: -0.234189843028
[rosout][INFO] 2019-06-25 22:41:49,195: -0.227958490622
[rosout][INFO] 2019-06-25 22:41:49,245: -0.222081187864
[rosout][INFO] 2019-06-25 22:41:49,316: -0.216051256791
[rosout][INFO] 2019-06-25 22:41:49,362: -0.209840664229
[rosout][INFO] 2019-06-25 22:41:49,411: -0.204339936391
[rosout][INFO] 2019-06-25 22:41:49,461: -0.198565261842
[rosout][INFO] 2019-06-25 22:41:49,518: -0.193302877005
[rosout][INFO] 2019-06-25 22:41:49,572: -0.187521040838
[rosout][INFO] 2019-06-25 22:41:49,631: -0.182021238852
[rosout][INFO] 2019-06-25 22:41:49,687: -0.17651694693
[rosout][INFO] 2019-06-25 22:41:49,753: -0.170958774875
[rosout][INFO] 2019-06-25 22:41:49,817: -0.16565062682
[rosout][INFO] 2019-06-25 22:41:49,871: -0.159851725505
[rosout][INFO] 2019-06-25 22:41:49,935: -0.154023078828
[rosout][INFO] 2019-06-25 22:41:49,991: -0.148106484675
[rosout][INFO] 2019-06-25 22:41:50,064: -0.142408351703
[rosout][INFO] 2019-06-25 22:41:50,129: -0.136750979421
[rosout][INFO] 2019-06-25 22:41:50,180: -0.130994915365
[rosout][INFO] 2019-06-25 22:41:50,235: -0.125575719563
[rosout][INFO] 2019-06-25 22:41:50,290: -0.119898763949
[rosout][INFO] 2019-06-25 22:41:50,345: -0.11453783837
[rosout][INFO] 2019-06-25 22:41:50,397: -0.109418190059
[rosout][INFO] 2019-06-25 22:41:50,453: -0.104020589159
[rosout][INFO] 2019-06-25 22:41:50,512: -0.098478361568
[rosout][INFO] 2019-06-25 22:41:50,562: -0.0930465628282
[rosout][INFO] 2019-06-25 22:41:50,619: -0.0876575939206
[rosout][INFO] 2019-06-25 22:41:50,671: -0.0822821408919
[rosout][INFO] 2019-06-25 22:41:50,731: -0.0764570288466
[rosout][INFO] 2019-06-25 22:41:50,794: -0.0712169060802
[rosout][INFO] 2019-06-25 22:41:50,853: -0.066216556185
[rosout][INFO] 2019-06-25 22:41:50,900: -0.0606676632413
[rosout][INFO] 2019-06-25 22:41:50,955: -0.0552981026849
[rosout][INFO] 2019-06-25 22:41:51,015: -0.0497491602756
[rosout][INFO] 2019-06-25 22:41:51,078: -0.0444028467558
[rosout][INFO] 2019-06-25 22:41:51,132: -0.039076981835
[rosout][INFO] 2019-06-25 22:41:51,188: -0.0335835480886
[rosout][INFO] 2019-06-25 22:41:51,921: -0.397408569244
[rosout][INFO] 2019-06-25 22:41:51,973: -0.421132388727
[rosout][INFO] 2019-06-25 22:41:52,038: -0.426786330121
[rosout][INFO] 2019-06-25 22:41:52,091: -0.419656770914
[rosout][INFO] 2019-06-25 22:41:52,161: -0.41105226123
[rosout][INFO] 2019-06-25 22:41:52,222: -0.402642778738
[rosout][INFO] 2019-06-25 22:41:52,277: -0.394144108764
[rosout][INFO] 2019-06-25 22:41:52,328: -0.385823079483
[rosout][INFO] 2019-06-25 22:41:52,378: -0.377456346989
[rosout][INFO] 2019-06-25 22:41:52,438: -0.369275907586
[rosout][INFO] 2019-06-25 22:41:52,485: -0.361048186118
[rosout][INFO] 2019-06-25 22:41:52,556: -0.353012059153
[rosout][INFO] 2019-06-25 22:41:52,604: -0.34493101684
[rosout][INFO] 2019-06-25 22:41:52,658: -0.337042431293
[rosout][INFO] 2019-06-25 22:41:52,714: -0.329098240458
[rosout][INFO] 2019-06-25 22:41:52,766: -0.321324722869
[rosout][INFO] 2019-06-25 22:41:52,812: -0.313484910086
[rosout][INFO] 2019-06-25 22:41:52,868: -0.305914336473
[rosout][INFO] 2019-06-25 22:41:52,922: -0.297799115035
[rosout][INFO] 2019-06-25 22:41:52,983: -0.289480477107
[rosout][INFO] 2019-06-25 22:41:53,049: -0.281193637533
[rosout][INFO] 2019-06-25 22:41:53,122: -0.272885505834
[rosout][INFO] 2019-06-25 22:41:53,178: -0.26486204337
[rosout][INFO] 2019-06-25 22:41:53,227: -0.256871034445
[rosout][INFO] 2019-06-25 22:41:53,284: -0.249018789816
[rosout][INFO] 2019-06-25 22:41:53,348: -0.241441133077
[rosout][INFO] 2019-06-25 22:41:53,407: -0.234688624795
[rosout][INFO] 2019-06-25 22:41:53,458: -0.227159412823
[rosout][INFO] 2019-06-25 22:41:53,522: -0.219678558994
[rosout][INFO] 2019-06-25 22:41:53,592: -0.212454610653
[rosout][INFO] 2019-06-25 22:41:53,643: -0.205486197644
[rosout][INFO] 2019-06-25 22:41:53,699: -0.198491107097
[rosout][INFO] 2019-06-25 22:41:53,750: -0.191648346025
[rosout][INFO] 2019-06-25 22:41:53,807: -0.185216727997
[rosout][INFO] 2019-06-25 22:41:53,867: -0.178343715725
[rosout][INFO] 2019-06-25 22:41:53,920: -0.171713683022
[rosout][INFO] 2019-06-25 22:41:53,968: -0.164818567507
[rosout][INFO] 2019-06-25 22:41:54,020: -0.158616622425
[rosout][INFO] 2019-06-25 22:41:54,093: -0.152283896797
[rosout][INFO] 2019-06-25 22:41:54,144: -0.145560248223
[rosout][INFO] 2019-06-25 22:41:54,196: -0.139024233804
[rosout][INFO] 2019-06-25 22:41:54,252: -0.132594312162
[rosout][INFO] 2019-06-25 22:41:54,308: -0.1262163734
[rosout][INFO] 2019-06-25 22:41:54,379: -0.120188815127
[rosout][INFO] 2019-06-25 22:41:54,436: -0.11431182876
[rosout][INFO] 2019-06-25 22:41:54,483: -0.108508082953
[rosout][INFO] 2019-06-25 22:41:54,539: -0.102370234151
[rosout][INFO] 2019-06-25 22:41:54,596: -0.0964972364935
[rosout][INFO] 2019-06-25 22:41:54,644: -0.090479818493
[rosout][INFO] 2019-06-25 22:41:54,703: -0.0847713453983
[rosout][INFO] 2019-06-25 22:41:54,779: -0.0731562545863
[rosout][INFO] 2019-06-25 22:41:54,812: -0.0731562545863
[rosout][INFO] 2019-06-25 22:41:54,870: -0.06757402203
[rosout][INFO] 2019-06-25 22:41:54,920: -0.0621954877392
[rosout][INFO] 2019-06-25 22:41:54,998: -0.0565992594359
[rosout][INFO] 2019-06-25 22:41:55,041: -0.0510785018481
[rosout][INFO] 2019-06-25 22:41:55,100: -0.0454046434145
[rosout][INFO] 2019-06-25 22:41:55,147: -0.0400656064076
[rosout][INFO] 2019-06-25 22:41:55,213: -0.0346941634743
[rosout][INFO] 2019-06-25 22:41:55,994: -0.409284656787
[rosout][INFO] 2019-06-25 22:41:56,045: -0.433719491906
[rosout][INFO] 2019-06-25 22:41:56,098: -0.440293969907
[rosout][INFO] 2019-06-25 22:41:56,159: -0.433667994622
[rosout][INFO] 2019-06-25 22:41:56,223: -0.425320583617
[rosout][INFO] 2019-06-25 22:41:56,283: -0.417085593207
[rosout][INFO] 2019-06-25 22:41:56,343: -0.408775688761
[rosout][INFO] 2019-06-25 22:41:56,395: -0.400637888053
[rosout][INFO] 2019-06-25 22:41:56,457: -0.392385765989
[rosout][INFO] 2019-06-25 22:41:56,514: -0.384307932025
[rosout][INFO] 2019-06-25 22:41:56,568: -0.37618518239
[rosout][INFO] 2019-06-25 22:41:56,623: -0.368255459598
[rosout][INFO] 2019-06-25 22:41:56,689: -0.360273554325
[rosout][INFO] 2019-06-25 22:41:56,738: -0.352464500261
[rosout][INFO] 2019-06-25 22:41:56,814: -0.344589982734
[rosout][INFO] 2019-06-25 22:41:56,861: -0.336894260495
[rosout][INFO] 2019-06-25 22:41:56,913: -0.329294889127
[rosout][INFO] 2019-06-25 22:41:56,964: -0.320896700794
[rosout][INFO] 2019-06-25 22:41:57,018: -0.312624276928
[rosout][INFO] 2019-06-25 22:41:57,071: -0.304390533761
[rosout][INFO] 2019-06-25 22:41:57,124: -0.29615079598
[rosout][INFO] 2019-06-25 22:41:57,167: -0.287888264282
[rosout][INFO] 2019-06-25 22:41:57,236: -0.279619204156
[rosout][INFO] 2019-06-25 22:41:57,289: -0.271373185665
[rosout][INFO] 2019-06-25 22:41:57,344: -0.263107548095
[rosout][INFO] 2019-06-25 22:41:57,403: -0.254839694935
[rosout][INFO] 2019-06-25 22:41:57,470: -0.246954991207
[rosout][INFO] 2019-06-25 22:41:57,521: -0.23910617345
[rosout][INFO] 2019-06-25 22:41:57,583: -0.231275542791
[rosout][INFO] 2019-06-25 22:41:57,630: -0.223839307187
[rosout][INFO] 2019-06-25 22:41:57,681: -0.21651330649
[rosout][INFO] 2019-06-25 22:41:57,732: -0.209265899202
[rosout][INFO] 2019-06-25 22:41:57,788: -0.202263257254
[rosout][INFO] 2019-06-25 22:41:57,848: -0.194855647712
[rosout][INFO] 2019-06-25 22:41:57,913: -0.187760238308
[rosout][INFO] 2019-06-25 22:41:57,966: -0.180747820649
[rosout][INFO] 2019-06-25 22:41:58,026: -0.173869739137
[rosout][INFO] 2019-06-25 22:41:58,102: -0.166965654832
[rosout][INFO] 2019-06-25 22:41:58,188: -0.16014148866
[rosout][INFO] 2019-06-25 22:41:58,240: -0.153436072674
[rosout][INFO] 2019-06-25 22:41:58,326: -0.146977194864
[rosout][INFO] 2019-06-25 22:41:58,383: -0.140692476225
[rosout][INFO] 2019-06-25 22:41:58,437: -0.134361718591
[rosout][INFO] 2019-06-25 22:41:58,489: -0.128030342981
[rosout][INFO] 2019-06-25 22:41:58,558: -0.12234204915
[rosout][INFO] 2019-06-25 22:41:58,611: -0.116492259022
[rosout][INFO] 2019-06-25 22:41:58,663: -0.110319832076
[rosout][INFO] 2019-06-25 22:41:58,717: -0.104969073967
[rosout][INFO] 2019-06-25 22:41:58,780: -0.0989245563396
[rosout][INFO] 2019-06-25 22:41:58,826: -0.093013107387
[rosout][INFO] 2019-06-25 22:41:58,893: -0.0873992621701
[rosout][INFO] 2019-06-25 22:41:58,944: -0.0817822165126
[rosout][INFO] 2019-06-25 22:41:59,000: -0.0767044274443
[rosout][INFO] 2019-06-25 22:41:59,065: -0.0712461318265
[rosout][INFO] 2019-06-25 22:41:59,119: -0.0663082360331
[rosout][INFO] 2019-06-25 22:41:59,180: -0.0609374856809
[rosout][INFO] 2019-06-25 22:41:59,238: -0.0557994880025
[rosout][INFO] 2019-06-25 22:41:59,291: -0.0505592155431
[rosout][INFO] 2019-06-25 22:41:59,344: -0.045526728771
[rosout][INFO] 2019-06-25 22:41:59,393: -0.0404256786986
[rosout][INFO] 2019-06-25 22:41:59,449: -0.035379531045
[rosout][INFO] 2019-06-25 22:41:59,504: -0.0302477404239
[rosout][INFO] 2019-06-25 22:42:01,366: -0.400200065663
[rosout][INFO] 2019-06-25 22:42:01,427: -0.407612155265
[rosout][INFO] 2019-06-25 22:42:01,480: -0.41250840702
[rosout][INFO] 2019-06-25 22:42:01,537: -0.406720663195
[rosout][INFO] 2019-06-25 22:42:01,587: -0.400444091493
[rosout][INFO] 2019-06-25 22:42:01,673: -0.39367065737
[rosout][INFO] 2019-06-25 22:42:01,721: -0.387290927733
[rosout][INFO] 2019-06-25 22:42:01,774: -0.380996541212
[rosout][INFO] 2019-06-25 22:42:01,839: -0.375146951243
[rosout][INFO] 2019-06-25 22:42:01,891: -0.36931759279
[rosout][INFO] 2019-06-25 22:42:01,945: -0.363214229527
[rosout][INFO] 2019-06-25 22:42:02,018: -0.357592204489
[rosout][INFO] 2019-06-25 22:42:02,072: -0.35129448421
[rosout][INFO] 2019-06-25 22:42:02,137: -0.345350880113
[rosout][INFO] 2019-06-25 22:42:02,200: -0.339218119374
[rosout][INFO] 2019-06-25 22:42:02,259: -0.333777649903
[rosout][INFO] 2019-06-25 22:42:02,314: -0.328111285634
[rosout][INFO] 2019-06-25 22:42:02,380: -0.321737328292
[rosout][INFO] 2019-06-25 22:42:02,444: -0.315926624421
[rosout][INFO] 2019-06-25 22:42:02,498: -0.310294768278
[rosout][INFO] 2019-06-25 22:42:02,568: -0.30469712549
[rosout][INFO] 2019-06-25 22:42:02,613: -0.299251090916
[rosout][INFO] 2019-06-25 22:42:02,674: -0.293136439047
[rosout][INFO] 2019-06-25 22:42:02,728: -0.287768208757
[rosout][INFO] 2019-06-25 22:42:02,785: -0.281821652631
[rosout][INFO] 2019-06-25 22:42:02,846: -0.27641209183
[rosout][INFO] 2019-06-25 22:42:02,908: -0.271293170308
[rosout][INFO] 2019-06-25 22:42:02,972: -0.266144569826
[rosout][INFO] 2019-06-25 22:42:03,045: -0.26088489556
[rosout][INFO] 2019-06-25 22:42:03,117: -0.255624777537
[rosout][INFO] 2019-06-25 22:42:03,154: -0.250030209329
[rosout][INFO] 2019-06-25 22:42:03,219: -0.244509274963
[rosout][INFO] 2019-06-25 22:42:03,276: -0.239170275107
[rosout][INFO] 2019-06-25 22:42:03,338: -0.233892209073
[rosout][INFO] 2019-06-25 22:42:03,392: -0.228257716286
[rosout][INFO] 2019-06-25 22:42:03,459: -0.222786992113
[rosout][INFO] 2019-06-25 22:42:03,518: -0.217232855295
[rosout][INFO] 2019-06-25 22:42:03,568: -0.211554181004
[rosout][INFO] 2019-06-25 22:42:03,624: -0.205876114506
[rosout][INFO] 2019-06-25 22:42:03,672: -0.20026330624
[rosout][INFO] 2019-06-25 22:42:03,731: -0.194559392473
[rosout][INFO] 2019-06-25 22:42:03,799: -0.188834211747
[rosout][INFO] 2019-06-25 22:42:03,861: -0.183429956022
[rosout][INFO] 2019-06-25 22:42:03,910: -0.177378732984
[rosout][INFO] 2019-06-25 22:42:03,959: -0.171905597282
[rosout][INFO] 2019-06-25 22:42:04,021: -0.166465563896
[rosout][INFO] 2019-06-25 22:42:04,075: -0.160994771103
[rosout][INFO] 2019-06-25 22:42:04,139: -0.155835826085
[rosout][INFO] 2019-06-25 22:42:04,200: -0.150623050617
[rosout][INFO] 2019-06-25 22:42:04,261: -0.144530532986
[rosout][INFO] 2019-06-25 22:42:04,308: -0.138902028677
[rosout][INFO] 2019-06-25 22:42:04,365: -0.133279054995
[rosout][INFO] 2019-06-25 22:42:04,428: -0.127535513098
[rosout][INFO] 2019-06-25 22:42:04,490: -0.122014274731
[rosout][INFO] 2019-06-25 22:42:04,543: -0.11596868946
[rosout][INFO] 2019-06-25 22:42:04,609: -0.109355000728
[rosout][INFO] 2019-06-25 22:42:04,673: -0.102721026594
[rosout][INFO] 2019-06-25 22:42:04,746: -0.0960355528775
[rosout][INFO] 2019-06-25 22:42:04,808: -0.0893632074009
[rosout][INFO] 2019-06-25 22:42:04,901: -0.082662194348
[rosout][INFO] 2019-06-25 22:42:04,945: -0.0759135616221
[rosout][INFO] 2019-06-25 22:42:05,013: -0.0691994826259
[rosout][INFO] 2019-06-25 22:42:05,065: -0.0628513715622
[rosout][INFO] 2019-06-25 22:42:05,114: -0.0567263887704
[rosout][INFO] 2019-06-25 22:42:05,166: -0.0510724508641
[rosout][INFO] 2019-06-25 22:42:05,224: -0.0455456103944
[rosout][INFO] 2019-06-25 22:42:05,278: -0.0396787170051
[rosout][INFO] 2019-06-25 22:42:05,328: -0.0344628650952
[rosout][INFO] 2019-06-25 22:42:05,918: -0.394049778403
[rosout][INFO] 2019-06-25 22:42:05,965: -0.433399114991
[rosout][INFO] 2019-06-25 22:42:06,033: -0.446445335279
[rosout][INFO] 2019-06-25 22:42:06,077: -0.439094311566
[rosout][INFO] 2019-06-25 22:42:06,132: -0.430159015977
[rosout][INFO] 2019-06-25 22:42:06,186: -0.42138599081
[rosout][INFO] 2019-06-25 22:42:06,240: -0.41267782695
[rosout][INFO] 2019-06-25 22:42:06,312: -0.403957556924
[rosout][INFO] 2019-06-25 22:42:06,363: -0.395247025357
[rosout][INFO] 2019-06-25 22:42:06,419: -0.386521354754
[rosout][INFO] 2019-06-25 22:42:06,474: -0.377770725674
[rosout][INFO] 2019-06-25 22:42:06,526: -0.369004645066
[rosout][INFO] 2019-06-25 22:42:06,593: -0.360225047853
[rosout][INFO] 2019-06-25 22:42:06,657: -0.352319180936
[rosout][INFO] 2019-06-25 22:42:06,710: -0.344779399531
[rosout][INFO] 2019-06-25 22:42:06,767: -0.337095767016
[rosout][INFO] 2019-06-25 22:42:06,826: -0.32955156744
[rosout][INFO] 2019-06-25 22:42:06,886: -0.322490638924
[rosout][INFO] 2019-06-25 22:42:06,938: -0.315153262091
[rosout][INFO] 2019-06-25 22:42:07,004: -0.30824748949
[rosout][INFO] 2019-06-25 22:42:07,057: -0.301543883527
[rosout][INFO] 2019-06-25 22:42:07,116: -0.295434224629
[rosout][INFO] 2019-06-25 22:42:07,175: -0.288607462986
[rosout][INFO] 2019-06-25 22:42:07,232: -0.281826407243
[rosout][INFO] 2019-06-25 22:42:07,307: -0.275026770587
[rosout][INFO] 2019-06-25 22:42:07,350: -0.267898705824
[rosout][INFO] 2019-06-25 22:42:07,413: -0.261182271481
[rosout][INFO] 2019-06-25 22:42:07,467: -0.254846956318
[rosout][INFO] 2019-06-25 22:42:07,534: -0.248238716701
[rosout][INFO] 2019-06-25 22:42:07,582: -0.241922739307
[rosout][INFO] 2019-06-25 22:42:07,632: -0.235437749893
[rosout][INFO] 2019-06-25 22:42:07,684: -0.229567183668
[rosout][INFO] 2019-06-25 22:42:07,738: -0.223077614643
[rosout][INFO] 2019-06-25 22:42:07,797: -0.21660659043
[rosout][INFO] 2019-06-25 22:42:07,856: -0.210497668873
[rosout][INFO] 2019-06-25 22:42:07,914: -0.204625345319
[rosout][INFO] 2019-06-25 22:42:07,977: -0.198686416473
[rosout][INFO] 2019-06-25 22:42:08,029: -0.192799284042
[rosout][INFO] 2019-06-25 22:42:08,128: -0.186967171053
[rosout][INFO] 2019-06-25 22:42:08,184: -0.181204700498
[rosout][INFO] 2019-06-25 22:42:08,248: -0.175678907133
[rosout][INFO] 2019-06-25 22:42:08,316: -0.170182022784
[rosout][INFO] 2019-06-25 22:42:08,417: -0.164788223076
[rosout][INFO] 2019-06-25 22:42:08,475: -0.159622599975
[rosout][INFO] 2019-06-25 22:42:08,595: -0.154453586298
[rosout][INFO] 2019-06-25 22:42:08,668: -0.149163473343
[rosout][INFO] 2019-06-25 22:42:08,721: -0.143688590809
[rosout][INFO] 2019-06-25 22:42:08,789: -0.138554458781
[rosout][INFO] 2019-06-25 22:42:08,831: -0.133485065166
[rosout][INFO] 2019-06-25 22:42:08,897: -0.126884489184
[rosout][INFO] 2019-06-25 22:42:08,950: -0.120206030745
[rosout][INFO] 2019-06-25 22:42:09,008: -0.113478600528
[rosout][INFO] 2019-06-25 22:42:09,066: -0.106766586513
[rosout][INFO] 2019-06-25 22:42:09,117: -0.100029930107
[rosout][INFO] 2019-06-25 22:42:09,178: -0.0934344551088
[rosout][INFO] 2019-06-25 22:42:09,251: -0.088010804193
[rosout][INFO] 2019-06-25 22:42:09,297: -0.0827339481597
[rosout][INFO] 2019-06-25 22:42:09,353: -0.0771188326003
[rosout][INFO] 2019-06-25 22:42:09,414: -0.071816094432
[rosout][INFO] 2019-06-25 22:42:09,487: -0.0663248321558
[rosout][INFO] 2019-06-25 22:42:09,567: -0.0612406197566
[rosout][INFO] 2019-06-25 22:42:09,617: -0.0561776732348
[rosout][INFO] 2019-06-25 22:42:09,692: -0.0507818004009
[rosout][INFO] 2019-06-25 22:42:09,748: -0.0455019754614
[rosout][INFO] 2019-06-25 22:42:09,803: -0.039992997583
[rosout][INFO] 2019-06-25 22:42:09,854: -0.0348818538077
[rosout][INFO] 2019-06-25 22:42:10,408: -0.397780769814
[rosout][INFO] 2019-06-25 22:42:10,471: -0.441936246823
[rosout][INFO] 2019-06-25 22:42:10,531: -0.457961763259
[rosout][INFO] 2019-06-25 22:42:10,616: -0.450890942265
[rosout][INFO] 2019-06-25 22:42:10,705: -0.442901926858
[rosout][INFO] 2019-06-25 22:42:10,745: -0.43468736597
[rosout][INFO] 2019-06-25 22:42:10,806: -0.427253670678
[rosout][INFO] 2019-06-25 22:42:10,868: -0.419056651572
[rosout][INFO] 2019-06-25 22:42:10,920: -0.411115531536
[rosout][INFO] 2019-06-25 22:42:10,979: -0.403232301348
[rosout][INFO] 2019-06-25 22:42:11,033: -0.395471832839
[rosout][INFO] 2019-06-25 22:42:11,092: -0.38895135335
[rosout][INFO] 2019-06-25 22:42:11,142: -0.381748976021
[rosout][INFO] 2019-06-25 22:42:11,199: -0.374174452842
[rosout][INFO] 2019-06-25 22:42:11,261: -0.367155677661
[rosout][INFO] 2019-06-25 22:42:11,331: -0.363032611741
[rosout][INFO] 2019-06-25 22:42:11,409: -0.358945094528
[rosout][INFO] 2019-06-25 22:42:11,464: -0.354822923158
[rosout][INFO] 2019-06-25 22:42:11,533: -0.350712976204
[rosout][INFO] 2019-06-25 22:42:11,588: -0.346565410224
[rosout][INFO] 2019-06-25 22:42:11,640: -0.342432495932
[rosout][INFO] 2019-06-25 22:42:11,700: -0.338264641561
[rosout][INFO] 2019-06-25 22:42:11,769: -0.33410910652
[rosout][INFO] 2019-06-25 22:42:11,832: -0.329916533736
[rosout][INFO] 2019-06-25 22:42:11,897: -0.325738080983
[rosout][INFO] 2019-06-25 22:42:11,954: -0.321524427946
[rosout][INFO] 2019-06-25 22:42:12,014: -0.317323146058
[rosout][INFO] 2019-06-25 22:42:12,076: -0.313085443649
[rosout][INFO] 2019-06-25 22:42:12,136: -0.30886109652
[rosout][INFO] 2019-06-25 22:42:12,194: -0.304601219411
[rosout][INFO] 2019-06-25 22:42:12,260: -0.300353278855
[rosout][INFO] 2019-06-25 22:42:12,316: -0.296070026095
[rosout][INFO] 2019-06-25 22:42:12,374: -0.291798260488
[rosout][INFO] 2019-06-25 22:42:12,430: -0.287489027833
[rosout][INFO] 2019-06-25 22:42:12,486: -0.283190736469
[rosout][INFO] 2019-06-25 22:42:12,541: -0.278854724664
[rosout][INFO] 2019-06-25 22:42:12,602: -0.274529694027
[rosout][INFO] 2019-06-25 22:42:12,672: -0.265799731861
[rosout][INFO] 2019-06-25 22:42:12,727: -0.265799731861
[rosout][INFO] 2019-06-25 22:42:12,789: -0.261386750844
[rosout][INFO] 2019-06-25 22:42:12,852: -0.256977900723
[rosout][INFO] 2019-06-25 22:42:12,923: -0.252535538965
[rosout][INFO] 2019-06-25 22:42:12,961: -0.248110734129
[rosout][INFO] 2019-06-25 22:42:13,038: -0.243187301782
[rosout][INFO] 2019-06-25 22:42:13,106: -0.23719085526
[rosout][INFO] 2019-06-25 22:42:13,157: -0.231203835971
[rosout][INFO] 2019-06-25 22:42:13,208: -0.225357511688
[rosout][INFO] 2019-06-25 22:42:13,263: -0.21959469456
[rosout][INFO] 2019-06-25 22:42:13,318: -0.213785820869
[rosout][INFO] 2019-06-25 22:42:13,375: -0.208099592615
[rosout][INFO] 2019-06-25 22:42:13,430: -0.202926314453
[rosout][INFO] 2019-06-25 22:42:13,503: -0.192759563849
[rosout][INFO] 2019-06-25 22:42:13,547: -0.192759563849
[rosout][INFO] 2019-06-25 22:42:13,609: -0.187401384507
[rosout][INFO] 2019-06-25 22:42:13,655: -0.182305926779
[rosout][INFO] 2019-06-25 22:42:13,718: -0.177230171142
[rosout][INFO] 2019-06-25 22:42:13,770: -0.172051199429
[rosout][INFO] 2019-06-25 22:42:13,845: -0.166861975296
[rosout][INFO] 2019-06-25 22:42:13,889: -0.161596988899
[rosout][INFO] 2019-06-25 22:42:13,946: -0.156274782067
[rosout][INFO] 2019-06-25 22:42:13,997: -0.151159478784
[rosout][INFO] 2019-06-25 22:42:14,049: -0.145973797543
[rosout][INFO] 2019-06-25 22:42:14,102: -0.140792553311
[rosout][INFO] 2019-06-25 22:42:14,160: -0.135846137565
[rosout][INFO] 2019-06-25 22:42:14,231: -0.130765592447
[rosout][INFO] 2019-06-25 22:42:14,292: -0.125448932006
[rosout][INFO] 2019-06-25 22:42:14,344: -0.120185631169
[rosout][INFO] 2019-06-25 22:42:14,398: -0.114863011947
[rosout][INFO] 2019-06-25 22:42:14,454: -0.10995411429
[rosout][INFO] 2019-06-25 22:42:14,508: -0.104789154325
[rosout][INFO] 2019-06-25 22:42:14,565: -0.0993526095964
[rosout][INFO] 2019-06-25 22:42:14,617: -0.0939306999897
[rosout][INFO] 2019-06-25 22:42:14,673: -0.0887954761208
[rosout][INFO] 2019-06-25 22:42:14,721: -0.0837537733791
[rosout][INFO] 2019-06-25 22:42:14,774: -0.0780805406502
[rosout][INFO] 2019-06-25 22:42:14,839: -0.0724319327168
[rosout][INFO] 2019-06-25 22:42:14,897: -0.0670646475677
[rosout][INFO] 2019-06-25 22:42:14,980: -0.0619649210219
[rosout][INFO] 2019-06-25 22:42:15,034: -0.0568396249393
[rosout][INFO] 2019-06-25 22:42:15,084: -0.0516784398521
[rosout][INFO] 2019-06-25 22:42:15,137: -0.046223578007
[rosout][INFO] 2019-06-25 22:42:15,217: -0.0408004181654
[rosout][INFO] 2019-06-25 22:42:15,275: -0.0351076132091
[rosout][INFO] 2019-06-25 22:42:15,325: -0.03003723527
[rosout][INFO] 2019-06-25 22:42:16,971: -0.401492832032
[rosout][INFO] 2019-06-25 22:42:17,031: -0.452816093629
[rosout][INFO] 2019-06-25 22:42:17,083: -0.474856254486
[rosout][INFO] 2019-06-25 22:42:17,139: -0.468931941718
[rosout][INFO] 2019-06-25 22:42:17,199: -0.46335319103
[rosout][INFO] 2019-06-25 22:42:17,266: -0.457262952434
[rosout][INFO] 2019-06-25 22:42:17,313: -0.451437070986
[rosout][INFO] 2019-06-25 22:42:17,381: -0.444814407967
[rosout][INFO] 2019-06-25 22:42:17,460: -0.438172748699
[rosout][INFO] 2019-06-25 22:42:17,510: -0.431667949145
[rosout][INFO] 2019-06-25 22:42:17,562: -0.425128581711
[rosout][INFO] 2019-06-25 22:42:17,614: -0.419002203565
[rosout][INFO] 2019-06-25 22:42:17,674: -0.413009454077
[rosout][INFO] 2019-06-25 22:42:17,728: -0.406893203608
[rosout][INFO] 2019-06-25 22:42:17,780: -0.400612128675
[rosout][INFO] 2019-06-25 22:42:17,836: -0.394337910132
[rosout][INFO] 2019-06-25 22:42:17,889: -0.388227898108
[rosout][INFO] 2019-06-25 22:42:17,942: -0.38241362065
[rosout][INFO] 2019-06-25 22:42:17,994: -0.377349995017
[rosout][INFO] 2019-06-25 22:42:18,051: -0.371332995018
[rosout][INFO] 2019-06-25 22:42:18,108: -0.365205169743
[rosout][INFO] 2019-06-25 22:42:18,163: -0.360227416215
[rosout][INFO] 2019-06-25 22:42:18,219: -0.354347288609
[rosout][INFO] 2019-06-25 22:42:18,271: -0.348828717478
[rosout][INFO] 2019-06-25 22:42:18,323: -0.343769146509
[rosout][INFO] 2019-06-25 22:42:18,411: -0.337781961474
[rosout][INFO] 2019-06-25 22:42:18,467: -0.33181993205
[rosout][INFO] 2019-06-25 22:42:18,517: -0.326816882207
[rosout][INFO] 2019-06-25 22:42:18,568: -0.321737085161
[rosout][INFO] 2019-06-25 22:42:18,627: -0.316706724134
[rosout][INFO] 2019-06-25 22:42:18,679: -0.31156437396
[rosout][INFO] 2019-06-25 22:42:18,733: -0.306669556227
[rosout][INFO] 2019-06-25 22:42:18,785: -0.302058431062
[rosout][INFO] 2019-06-25 22:42:18,838: -0.297173477731
[rosout][INFO] 2019-06-25 22:42:18,891: -0.292214633701
[rosout][INFO] 2019-06-25 22:42:18,949: -0.287091911471
[rosout][INFO] 2019-06-25 22:42:19,011: -0.28221577251
[rosout][INFO] 2019-06-25 22:42:19,060: -0.277002708794
[rosout][INFO] 2019-06-25 22:42:19,123: -0.271884040255
[rosout][INFO] 2019-06-25 22:42:19,172: -0.266711041274
[rosout][INFO] 2019-06-25 22:42:19,228: -0.261493640267
[rosout][INFO] 2019-06-25 22:42:19,290: -0.25661514545
[rosout][INFO] 2019-06-25 22:42:19,339: -0.25170484604
[rosout][INFO] 2019-06-25 22:42:19,395: -0.246351332395
[rosout][INFO] 2019-06-25 22:42:19,451: -0.241201876025
[rosout][INFO] 2019-06-25 22:42:19,504: -0.236206563383
[rosout][INFO] 2019-06-25 22:42:19,563: -0.231356104433
[rosout][INFO] 2019-06-25 22:42:19,626: -0.226477262949
[rosout][INFO] 2019-06-25 22:42:19,691: -0.22122641216
[rosout][INFO] 2019-06-25 22:42:19,741: -0.216146443671
[rosout][INFO] 2019-06-25 22:42:19,802: -0.211102188619
[rosout][INFO] 2019-06-25 22:42:19,868: -0.206051469657
[rosout][INFO] 2019-06-25 22:42:19,914: -0.200988404589
[rosout][INFO] 2019-06-25 22:42:19,962: -0.195912761907
[rosout][INFO] 2019-06-25 22:42:20,011: -0.190824380101
[rosout][INFO] 2019-06-25 22:42:20,066: -0.185722980158
[rosout][INFO] 2019-06-25 22:42:20,120: -0.180608376339
[rosout][INFO] 2019-06-25 22:42:20,175: -0.17548030999
[rosout][INFO] 2019-06-25 22:42:20,225: -0.170338537282
[rosout][INFO] 2019-06-25 22:42:20,279: -0.165182726709
[rosout][INFO] 2019-06-25 22:42:20,338: -0.160012561828
[rosout][INFO] 2019-06-25 22:42:20,394: -0.154827630622
[rosout][INFO] 2019-06-25 22:42:20,454: -0.149718467652
[rosout][INFO] 2019-06-25 22:42:20,506: -0.144678644353
[rosout][INFO] 2019-06-25 22:42:20,570: -0.139856828294
[rosout][INFO] 2019-06-25 22:42:20,636: -0.134830215171
[rosout][INFO] 2019-06-25 22:42:20,691: -0.129831882427
[rosout][INFO] 2019-06-25 22:42:20,743: -0.125072571594
[rosout][INFO] 2019-06-25 22:42:20,801: -0.12033811649
[rosout][INFO] 2019-06-25 22:42:20,859: -0.115573746193
[rosout][INFO] 2019-06-25 22:42:20,915: -0.110581582434
[rosout][INFO] 2019-06-25 22:42:20,976: -0.105665937565
[rosout][INFO] 2019-06-25 22:42:21,032: -0.100687648023
[rosout][INFO] 2019-06-25 22:42:21,090: -0.0958395018854
[rosout][INFO] 2019-06-25 22:42:21,142: -0.0908201842854
[rosout][INFO] 2019-06-25 22:42:21,204: -0.0859206456936
[rosout][INFO] 2019-06-25 22:42:21,258: -0.0808668528821
[rosout][INFO] 2019-06-25 22:42:21,309: -0.0760648667928
[rosout][INFO] 2019-06-25 22:42:21,370: -0.0710937168207
[rosout][INFO] 2019-06-25 22:42:21,422: -0.0660821862172
[rosout][INFO] 2019-06-25 22:42:21,477: -0.061233300261
[rosout][INFO] 2019-06-25 22:42:21,564: -0.050528935049
[rosout][INFO] 2019-06-25 22:42:21,610: -0.050528935049
[rosout][INFO] 2019-06-25 22:42:21,668: -0.0455637533233
[rosout][INFO] 2019-06-25 22:42:21,710: -0.0406414306465
[rosout][INFO] 2019-06-25 22:42:21,784: -0.0356237235182
[rosout][INFO] 2019-06-25 22:42:21,840: -0.0305472008528
[rosout][INFO] 2019-06-25 22:42:23,634: 0.4135790187
[rosout][INFO] 2019-06-25 22:42:23,686: 0.475129994476
[rosout][INFO] 2019-06-25 22:42:23,737: 0.510851514583
[rosout][INFO] 2019-06-25 22:42:23,794: 0.505919721963
[rosout][INFO] 2019-06-25 22:42:23,852: 0.501047308451
[rosout][INFO] 2019-06-25 22:42:23,913: 0.496293236845
[rosout][INFO] 2019-06-25 22:42:23,971: 0.49157905812
[rosout][INFO] 2019-06-25 22:42:24,028: 0.486903130339
[rosout][INFO] 2019-06-25 22:42:24,082: 0.481738183291
[rosout][INFO] 2019-06-25 22:42:24,151: 0.47661997029
[rosout][INFO] 2019-06-25 22:42:24,208: 0.47158331017
[rosout][INFO] 2019-06-25 22:42:24,266: 0.466561347987
[rosout][INFO] 2019-06-25 22:42:24,331: 0.461594633191
[rosout][INFO] 2019-06-25 22:42:24,387: 0.456394444695
[rosout][INFO] 2019-06-25 22:42:24,444: 0.451407965632
[rosout][INFO] 2019-06-25 22:42:24,496: 0.446144978848
[rosout][INFO] 2019-06-25 22:42:24,554: 0.441769567718
[rosout][INFO] 2019-06-25 22:42:24,619: 0.437103686801
[rosout][INFO] 2019-06-25 22:42:24,673: 0.432309546901
[rosout][INFO] 2019-06-25 22:42:24,731: 0.427316020041
[rosout][INFO] 2019-06-25 22:42:24,785: 0.422463884198
[rosout][INFO] 2019-06-25 22:42:24,851: 0.417656824188
[rosout][INFO] 2019-06-25 22:42:24,909: 0.412901574646
[rosout][INFO] 2019-06-25 22:42:24,965: 0.408807426458
[rosout][INFO] 2019-06-25 22:42:25,019: 0.404460281635
[rosout][INFO] 2019-06-25 22:42:25,084: 0.400293494422
[rosout][INFO] 2019-06-25 22:42:25,140: 0.396328423952
[rosout][INFO] 2019-06-25 22:42:25,193: 0.392210595594
[rosout][INFO] 2019-06-25 22:42:25,252: 0.388332103535
[rosout][INFO] 2019-06-25 22:42:25,304: 0.38438324612
[rosout][INFO] 2019-06-25 22:42:25,359: 0.379956462784
[rosout][INFO] 2019-06-25 22:42:25,413: 0.375645370627
[rosout][INFO] 2019-06-25 22:42:25,470: 0.371518419541
[rosout][INFO] 2019-06-25 22:42:25,520: 0.367382723761
[rosout][INFO] 2019-06-25 22:42:25,581: 0.36328208947
[rosout][INFO] 2019-06-25 22:42:25,627: 0.359057333298
[rosout][INFO] 2019-06-25 22:42:25,684: 0.354868279045
[rosout][INFO] 2019-06-25 22:42:25,735: 0.350516036236
[rosout][INFO] 2019-06-25 22:42:25,792: 0.346448480308
[rosout][INFO] 2019-06-25 22:42:25,842: 0.342398457062
[rosout][INFO] 2019-06-25 22:42:25,921: 0.334664431363
[rosout][INFO] 2019-06-25 22:42:25,956: 0.334664431363
[rosout][INFO] 2019-06-25 22:42:26,018: 0.330485480493
[rosout][INFO] 2019-06-25 22:42:26,073: 0.326579320704
[rosout][INFO] 2019-06-25 22:42:26,129: 0.32270326205
[rosout][INFO] 2019-06-25 22:42:26,188: 0.31829056421
[rosout][INFO] 2019-06-25 22:42:26,232: 0.314184001042
[rosout][INFO] 2019-06-25 22:42:26,297: 0.310186496322
[rosout][INFO] 2019-06-25 22:42:26,351: 0.306075530916
[rosout][INFO] 2019-06-25 22:42:26,405: 0.301776514012
[rosout][INFO] 2019-06-25 22:42:26,470: 0.297315503228
[rosout][INFO] 2019-06-25 22:42:26,533: 0.293364439423
[rosout][INFO] 2019-06-25 22:42:26,588: 0.289172817156
[rosout][INFO] 2019-06-25 22:42:26,642: 0.284827678163
[rosout][INFO] 2019-06-25 22:42:26,694: 0.280554113053
[rosout][INFO] 2019-06-25 22:42:26,748: 0.276654341433
[rosout][INFO] 2019-06-25 22:42:26,809: 0.272670745471
[rosout][INFO] 2019-06-25 22:42:26,863: 0.268584678065
[rosout][INFO] 2019-06-25 22:42:26,924: 0.264346203808
[rosout][INFO] 2019-06-25 22:42:26,974: 0.260461332236
[rosout][INFO] 2019-06-25 22:42:27,028: 0.256468349174
[rosout][INFO] 2019-06-25 22:42:27,092: 0.251962531667
[rosout][INFO] 2019-06-25 22:42:27,158: 0.247673947838
[rosout][INFO] 2019-06-25 22:42:27,212: 0.24316781502
[rosout][INFO] 2019-06-25 22:42:27,272: 0.238649799641
[rosout][INFO] 2019-06-25 22:42:27,321: 0.234454201441
[rosout][INFO] 2019-06-25 22:42:27,377: 0.230406911983
[rosout][INFO] 2019-06-25 22:42:27,437: 0.22650537923
[rosout][INFO] 2019-06-25 22:42:27,493: 0.222184884716
[rosout][INFO] 2019-06-25 22:42:27,569: 0.217954636972
[rosout][INFO] 2019-06-25 22:42:27,609: 0.213628644873
[rosout][INFO] 2019-06-25 22:42:27,662: 0.209669545359
[rosout][INFO] 2019-06-25 22:42:27,713: 0.20578794907
[rosout][INFO] 2019-06-25 22:42:27,768: 0.201441525286
[rosout][INFO] 2019-06-25 22:42:27,829: 0.197369305295
[rosout][INFO] 2019-06-25 22:42:27,883: 0.193379069366
[rosout][INFO] 2019-06-25 22:42:27,935: 0.189329039107
[rosout][INFO] 2019-06-25 22:42:27,988: 0.184795011415
[rosout][INFO] 2019-06-25 22:42:28,039: 0.180843714802
[rosout][INFO] 2019-06-25 22:42:28,092: 0.176638028603
[rosout][INFO] 2019-06-25 22:42:28,148: 0.172256325048
[rosout][INFO] 2019-06-25 22:42:28,200: 0.167851805055
[rosout][INFO] 2019-06-25 22:42:28,256: 0.163569885505
[rosout][INFO] 2019-06-25 22:42:28,319: 0.159288061558
[rosout][INFO] 2019-06-25 22:42:28,372: 0.155132464889
[rosout][INFO] 2019-06-25 22:42:28,428: 0.150941194327
[rosout][INFO] 2019-06-25 22:42:28,478: 0.146631898116
[rosout][INFO] 2019-06-25 22:42:28,534: 0.142356383888
[rosout][INFO] 2019-06-25 22:42:28,590: 0.138302337028
[rosout][INFO] 2019-06-25 22:42:28,650: 0.133967283898
[rosout][INFO] 2019-06-25 22:42:28,702: 0.129611952916
[rosout][INFO] 2019-06-25 22:42:28,762: 0.125437560431
[rosout][INFO] 2019-06-25 22:42:28,815: 0.120828604466
[rosout][INFO] 2019-06-25 22:42:28,869: 0.116468470443
[rosout][INFO] 2019-06-25 22:42:28,920: 0.111830436511
[rosout][INFO] 2019-06-25 22:42:28,976: 0.107471130061
[rosout][INFO] 2019-06-25 22:42:29,033: 0.102640034841
[rosout][INFO] 2019-06-25 22:42:29,104: 0.0979611641546
[rosout][INFO] 2019-06-25 22:42:29,145: 0.0936335926169
[rosout][INFO] 2019-06-25 22:42:29,203: 0.0890760685755
[rosout][INFO] 2019-06-25 22:42:29,247: 0.084263349249
[rosout][INFO] 2019-06-25 22:42:29,305: 0.0798312529815
[rosout][INFO] 2019-06-25 22:42:29,354: 0.0754006895433
[rosout][INFO] 2019-06-25 22:42:29,407: 0.0713247588275
[rosout][INFO] 2019-06-25 22:42:29,460: 0.0668922968704
[rosout][INFO] 2019-06-25 22:42:29,513: 0.062240935923
[rosout][INFO] 2019-06-25 22:42:29,575: 0.0576042328913
[rosout][INFO] 2019-06-25 22:42:29,626: 0.0531464623371
[rosout][INFO] 2019-06-25 22:42:29,695: 0.0485802214649
[rosout][INFO] 2019-06-25 22:42:29,746: 0.0436259488374
[rosout][INFO] 2019-06-25 22:42:29,794: 0.0391596088106
[rosout][INFO] 2019-06-25 22:42:29,846: 0.0342700589344
[rospy.core][INFO] 2019-06-25 22:42:31,682: signal_shutdown [signal-2]
[rospy.internal][INFO] 2019-06-25 22:42:31,689: topic[/rosout] removing connection to /rosout
[rospy.internal][INFO] 2019-06-25 22:42:31,690: topic[/cmd_vel] removing connection to /gazebo
[rospy.internal][INFO] 2019-06-25 22:42:31,691: topic[/clock] removing connection to http://dc5b429f784e:43337/
[rospy.internal][INFO] 2019-06-25 22:42:31,691: topic[/odom] removing connection to http://dc5b429f784e:43337/
[rospy.impl.masterslave][INFO] 2019-06-25 22:42:31,692: signal-2
[rospy.internal][WARNING] 2019-06-25 22:42:31,725: Unknown error initiating TCP/IP socket to dc5b429f784e:48915 (http://dc5b429f784e:43337/): Traceback (most recent call last):
  File "/opt/ros/kinetic/lib/python2.7/dist-packages/rospy/impl/tcpros_base.py", line 558, in connect
    self.local_endpoint = self.socket.getsockname()
AttributeError: 'NoneType' object has no attribute 'getsockname'

[rospy.core][INFO] 2019-06-25 22:42:31,810: signal_shutdown [atexit]
