[rospy.client][INFO] 2019-06-25 22:15:56,893: init_node, name[/mybot_spawn], pid[24367]
[xmlrpc][INFO] 2019-06-25 22:15:56,894: XML-RPC server binding to 0.0.0.0:0
[xmlrpc][INFO] 2019-06-25 22:15:56,895: Started XML-RPC server [http://dc5b429f784e:33693/]
[rospy.init][INFO] 2019-06-25 22:15:56,895: ROS Slave URI: [http://dc5b429f784e:33693/]
[rospy.impl.masterslave][INFO] 2019-06-25 22:15:56,896: _ready: http://dc5b429f784e:33693/
[xmlrpc][INFO] 2019-06-25 22:15:56,897: xml rpc node: starting XML-RPC server
[rospy.registration][INFO] 2019-06-25 22:15:56,898: Registering with master node http://localhost:11311
[rospy.init][INFO] 2019-06-25 22:15:56,997: registered with master
[rospy.rosout][INFO] 2019-06-25 22:15:56,997: initializing /rosout core topic
[rospy.rosout][INFO] 2019-06-25 22:15:57,001: connected to core topic /rosout
[rospy.simtime][INFO] 2019-06-25 22:15:57,004: initializing /clock core topic
[rospy.simtime][INFO] 2019-06-25 22:15:57,010: connected to core topic /clock
[rospy.internal][INFO] 2019-06-25 22:15:57,017: topic[/clock] adding connection to [http://dc5b429f784e:38817/], count 0
[rosout][INFO] 2019-06-25 22:15:57,019: Loading model XML from ros parameter
[rosout][INFO] 2019-06-25 22:15:57,026: Waiting for service /gazebo/spawn_urdf_model
[rosout][INFO] 2019-06-25 22:15:57,031: Calling service /gazebo/spawn_urdf_model
[rospy.internal][INFO] 2019-06-25 22:15:57,248: topic[/rosout] adding connection to [/rosout], count 0
[rosout][INFO] 2019-06-25 22:15:57,401: Spawn status: SpawnModel: Successfully spawned entity
[rospy.core][INFO] 2019-06-25 22:15:57,402: signal_shutdown [atexit]
[rospy.internal][INFO] 2019-06-25 22:15:57,407: topic[/rosout] removing connection to /rosout
[rospy.internal][INFO] 2019-06-25 22:15:57,407: topic[/clock] removing connection to http://dc5b429f784e:38817/
[rospy.impl.masterslave][INFO] 2019-06-25 22:15:57,408: atexit
[rospy.internal][WARNING] 2019-06-25 22:15:57,409: Unknown error initiating TCP/IP socket to dc5b429f784e:39527 (http://dc5b429f784e:38817/): Traceback (most recent call last):
  File "/opt/ros/kinetic/lib/python2.7/dist-packages/rospy/impl/tcpros_base.py", line 558, in connect
    self.local_endpoint = self.socket.getsockname()
AttributeError: 'NoneType' object has no attribute 'getsockname'

[rospy.client][INFO] 2019-06-25 22:17:05,247: init_node, name[/mybot_spawn], pid[24898]
[xmlrpc][INFO] 2019-06-25 22:17:05,248: XML-RPC server binding to 0.0.0.0:0
[xmlrpc][INFO] 2019-06-25 22:17:05,249: Started XML-RPC server [http://dc5b429f784e:40863/]
[rospy.init][INFO] 2019-06-25 22:17:05,249: ROS Slave URI: [http://dc5b429f784e:40863/]
[rospy.impl.masterslave][INFO] 2019-06-25 22:17:05,250: _ready: http://dc5b429f784e:40863/
[xmlrpc][INFO] 2019-06-25 22:17:05,251: xml rpc node: starting XML-RPC server
[rospy.registration][INFO] 2019-06-25 22:17:05,252: Registering with master node http://localhost:11311
[rospy.core][INFO] 2019-06-25 22:17:05,282: signal_shutdown [signal-2]
[rospy.init][INFO] 2019-06-25 22:17:05,902: registered with master
[rospy.core][WARNING] 2019-06-25 22:17:05,903: add_shutdown_hook called after shutdown
[rospy.impl.masterslave][INFO] 2019-06-25 22:17:05,903: already shutdown
[rospy.client][WARNING] 2019-06-25 22:17:05,903: aborting node initialization as shutdown has been triggered
[rospy.core][INFO] 2019-06-25 22:17:05,905: signal_shutdown [atexit]
[rospy.client][INFO] 2019-06-25 22:17:19,518: init_node, name[/mybot_spawn], pid[25023]
[xmlrpc][INFO] 2019-06-25 22:17:19,519: XML-RPC server binding to 0.0.0.0:0
[xmlrpc][INFO] 2019-06-25 22:17:19,520: Started XML-RPC server [http://dc5b429f784e:43971/]
[rospy.impl.masterslave][INFO] 2019-06-25 22:17:19,520: _ready: http://dc5b429f784e:43971/
[xmlrpc][INFO] 2019-06-25 22:17:19,522: xml rpc node: starting XML-RPC server
[rospy.init][INFO] 2019-06-25 22:17:19,522: ROS Slave URI: [http://dc5b429f784e:43971/]
[rospy.registration][INFO] 2019-06-25 22:17:19,524: Registering with master node http://localhost:11311
[rospy.init][INFO] 2019-06-25 22:17:19,624: registered with master
[rospy.rosout][INFO] 2019-06-25 22:17:19,625: initializing /rosout core topic
[rospy.rosout][INFO] 2019-06-25 22:17:19,629: connected to core topic /rosout
[rospy.simtime][INFO] 2019-06-25 22:17:19,632: initializing /clock core topic
[rospy.simtime][INFO] 2019-06-25 22:17:19,637: connected to core topic /clock
[rospy.internal][INFO] 2019-06-25 22:17:19,644: topic[/clock] adding connection to [http://dc5b429f784e:36377/], count 0
[rosout][INFO] 2019-06-25 22:17:19,651: Loading model XML from ros parameter
[rosout][INFO] 2019-06-25 22:17:19,659: Waiting for service /gazebo/spawn_urdf_model
[rosout][INFO] 2019-06-25 22:17:19,663: Calling service /gazebo/spawn_urdf_model
[rospy.internal][INFO] 2019-06-25 22:17:19,873: topic[/rosout] adding connection to [/rosout], count 0
[rosout][INFO] 2019-06-25 22:17:20,106: Spawn status: SpawnModel: Successfully spawned entity
[rospy.core][INFO] 2019-06-25 22:17:20,107: signal_shutdown [atexit]
[rospy.internal][INFO] 2019-06-25 22:17:20,113: topic[/rosout] removing connection to /rosout
[rospy.internal][INFO] 2019-06-25 22:17:20,113: topic[/clock] removing connection to http://dc5b429f784e:36377/
[rospy.impl.masterslave][INFO] 2019-06-25 22:17:20,113: atexit
[rospy.client][INFO] 2019-06-25 22:18:36,504: init_node, name[/mybot_spawn], pid[25648]
[xmlrpc][INFO] 2019-06-25 22:18:36,505: XML-RPC server binding to 0.0.0.0:0
[xmlrpc][INFO] 2019-06-25 22:18:36,506: Started XML-RPC server [http://dc5b429f784e:45781/]
[rospy.init][INFO] 2019-06-25 22:18:36,506: ROS Slave URI: [http://dc5b429f784e:45781/]
[rospy.impl.masterslave][INFO] 2019-06-25 22:18:36,508: _ready: http://dc5b429f784e:45781/
[xmlrpc][INFO] 2019-06-25 22:18:36,511: xml rpc node: starting XML-RPC server
[rospy.registration][INFO] 2019-06-25 22:18:36,513: Registering with master node http://localhost:11311
[rospy.init][INFO] 2019-06-25 22:18:36,608: registered with master
[rospy.rosout][INFO] 2019-06-25 22:18:36,609: initializing /rosout core topic
[rospy.rosout][INFO] 2019-06-25 22:18:36,616: connected to core topic /rosout
[rospy.simtime][INFO] 2019-06-25 22:18:36,619: initializing /clock core topic
[rospy.simtime][INFO] 2019-06-25 22:18:36,626: connected to core topic /clock
[rospy.internal][INFO] 2019-06-25 22:18:36,631: topic[/clock] adding connection to [http://dc5b429f784e:42613/], count 0
[rosout][INFO] 2019-06-25 22:18:36,640: Loading model XML from ros parameter
[rosout][INFO] 2019-06-25 22:18:36,648: Waiting for service /gazebo/spawn_urdf_model
[rosout][INFO] 2019-06-25 22:18:36,653: Calling service /gazebo/spawn_urdf_model
[rospy.internal][INFO] 2019-06-25 22:18:36,822: topic[/rosout] adding connection to [/rosout], count 0
[rosout][INFO] 2019-06-25 22:18:37,011: Spawn status: SpawnModel: Successfully spawned entity
[rospy.core][INFO] 2019-06-25 22:18:37,012: signal_shutdown [atexit]
[rospy.internal][INFO] 2019-06-25 22:18:37,019: topic[/rosout] removing connection to /rosout
[rospy.internal][INFO] 2019-06-25 22:18:37,019: topic[/clock] removing connection to http://dc5b429f784e:42613/
[rospy.impl.masterslave][INFO] 2019-06-25 22:18:37,019: atexit
[rospy.client][INFO] 2019-06-25 22:20:47,951: init_node, name[/mybot_spawn], pid[26304]
[xmlrpc][INFO] 2019-06-25 22:20:47,951: XML-RPC server binding to 0.0.0.0:0
[xmlrpc][INFO] 2019-06-25 22:20:47,952: Started XML-RPC server [http://dc5b429f784e:40513/]
[rospy.impl.masterslave][INFO] 2019-06-25 22:20:47,952: _ready: http://dc5b429f784e:40513/
[rospy.init][INFO] 2019-06-25 22:20:47,952: ROS Slave URI: [http://dc5b429f784e:40513/]
[xmlrpc][INFO] 2019-06-25 22:20:47,954: xml rpc node: starting XML-RPC server
[rospy.registration][INFO] 2019-06-25 22:20:47,955: Registering with master node http://localhost:11311
[rospy.init][INFO] 2019-06-25 22:20:48,053: registered with master
[rospy.rosout][INFO] 2019-06-25 22:20:48,053: initializing /rosout core topic
[rospy.rosout][INFO] 2019-06-25 22:20:48,056: connected to core topic /rosout
[rospy.simtime][INFO] 2019-06-25 22:20:48,058: initializing /clock core topic
[rospy.simtime][INFO] 2019-06-25 22:20:48,061: connected to core topic /clock
[rosout][INFO] 2019-06-25 22:20:48,065: Loading model XML from ros parameter
[rosout][INFO] 2019-06-25 22:20:48,067: Waiting for service /gazebo/spawn_urdf_model
[rosout][INFO] 2019-06-25 22:20:48,069: Calling service /gazebo/spawn_urdf_model
[rospy.internal][INFO] 2019-06-25 22:20:48,071: topic[/clock] adding connection to [http://dc5b429f784e:41057/], count 0
[rospy.internal][INFO] 2019-06-25 22:20:48,283: topic[/rosout] adding connection to [/rosout], count 0
[rosout][INFO] 2019-06-25 22:20:48,450: Spawn status: SpawnModel: Successfully spawned entity
[rospy.core][INFO] 2019-06-25 22:20:48,451: signal_shutdown [atexit]
[rospy.internal][INFO] 2019-06-25 22:20:48,454: topic[/rosout] removing connection to /rosout
[rospy.internal][INFO] 2019-06-25 22:20:48,454: topic[/clock] removing connection to http://dc5b429f784e:41057/
[rospy.impl.masterslave][INFO] 2019-06-25 22:20:48,455: atexit
[rospy.client][INFO] 2019-06-25 22:21:57,416: init_node, name[/mybot_spawn], pid[26850]
[xmlrpc][INFO] 2019-06-25 22:21:57,417: XML-RPC server binding to 0.0.0.0:0
[xmlrpc][INFO] 2019-06-25 22:21:57,418: Started XML-RPC server [http://dc5b429f784e:33159/]
[rospy.init][INFO] 2019-06-25 22:21:57,418: ROS Slave URI: [http://dc5b429f784e:33159/]
[rospy.impl.masterslave][INFO] 2019-06-25 22:21:57,418: _ready: http://dc5b429f784e:33159/
[xmlrpc][INFO] 2019-06-25 22:21:57,420: xml rpc node: starting XML-RPC server
[rospy.registration][INFO] 2019-06-25 22:21:57,421: Registering with master node http://localhost:11311
[rospy.init][INFO] 2019-06-25 22:21:57,519: registered with master
[rospy.rosout][INFO] 2019-06-25 22:21:57,519: initializing /rosout core topic
[rospy.rosout][INFO] 2019-06-25 22:21:57,523: connected to core topic /rosout
[rospy.simtime][INFO] 2019-06-25 22:21:57,525: initializing /clock core topic
[rospy.simtime][INFO] 2019-06-25 22:21:57,530: connected to core topic /clock
[rosout][INFO] 2019-06-25 22:21:57,536: Loading model XML from ros parameter
[rospy.internal][INFO] 2019-06-25 22:21:57,540: topic[/clock] adding connection to [http://dc5b429f784e:40577/], count 0
[rosout][INFO] 2019-06-25 22:21:57,545: Waiting for service /gazebo/spawn_urdf_model
[rosout][INFO] 2019-06-25 22:21:57,548: Calling service /gazebo/spawn_urdf_model
[rospy.internal][INFO] 2019-06-25 22:21:57,761: topic[/rosout] adding connection to [/rosout], count 0
[rosout][INFO] 2019-06-25 22:21:57,907: Spawn status: SpawnModel: Successfully spawned entity
[rospy.core][INFO] 2019-06-25 22:21:57,908: signal_shutdown [atexit]
[rospy.internal][INFO] 2019-06-25 22:21:57,914: topic[/rosout] removing connection to /rosout
[rospy.internal][INFO] 2019-06-25 22:21:57,915: topic[/clock] removing connection to http://dc5b429f784e:40577/
[rospy.impl.masterslave][INFO] 2019-06-25 22:21:57,915: atexit
[rospy.client][INFO] 2019-06-25 22:25:13,329: init_node, name[/mybot_spawn], pid[27704]
[xmlrpc][INFO] 2019-06-25 22:25:13,330: XML-RPC server binding to 0.0.0.0:0
[xmlrpc][INFO] 2019-06-25 22:25:13,330: Started XML-RPC server [http://dc5b429f784e:34687/]
[rospy.init][INFO] 2019-06-25 22:25:13,331: ROS Slave URI: [http://dc5b429f784e:34687/]
[rospy.impl.masterslave][INFO] 2019-06-25 22:25:13,331: _ready: http://dc5b429f784e:34687/
[rospy.registration][INFO] 2019-06-25 22:25:13,332: Registering with master node http://localhost:11311
[xmlrpc][INFO] 2019-06-25 22:25:13,332: xml rpc node: starting XML-RPC server
[rospy.init][INFO] 2019-06-25 22:25:13,431: registered with master
[rospy.rosout][INFO] 2019-06-25 22:25:13,432: initializing /rosout core topic
[rospy.rosout][INFO] 2019-06-25 22:25:13,435: connected to core topic /rosout
[rospy.simtime][INFO] 2019-06-25 22:25:13,437: initializing /clock core topic
[rospy.simtime][INFO] 2019-06-25 22:25:13,441: connected to core topic /clock
[rosout][INFO] 2019-06-25 22:25:13,446: Loading model XML from ros parameter
[rosout][INFO] 2019-06-25 22:25:13,450: Waiting for service /gazebo/spawn_urdf_model
[rospy.internal][INFO] 2019-06-25 22:25:13,667: topic[/rosout] adding connection to [/rosout], count 0
[rospy.core][INFO] 2019-06-25 22:25:14,184: signal_shutdown [signal-2]
[rospy.internal][INFO] 2019-06-25 22:25:14,187: topic[/rosout] removing connection to /rosout
[rospy.impl.masterslave][INFO] 2019-06-25 22:25:14,188: signal-2
[rospy.core][INFO] 2019-06-25 22:25:14,320: signal_shutdown [atexit]
[rospy.client][INFO] 2019-06-25 22:25:24,855: init_node, name[/mybot_spawn], pid[27844]
[xmlrpc][INFO] 2019-06-25 22:25:24,856: XML-RPC server binding to 0.0.0.0:0
[xmlrpc][INFO] 2019-06-25 22:25:24,857: Started XML-RPC server [http://dc5b429f784e:46737/]
[rospy.impl.masterslave][INFO] 2019-06-25 22:25:24,858: _ready: http://dc5b429f784e:46737/
[xmlrpc][INFO] 2019-06-25 22:25:24,858: xml rpc node: starting XML-RPC server
[rospy.init][INFO] 2019-06-25 22:25:24,858: ROS Slave URI: [http://dc5b429f784e:46737/]
[rospy.registration][INFO] 2019-06-25 22:25:24,861: Registering with master node http://localhost:11311
[rospy.init][INFO] 2019-06-25 22:25:24,962: registered with master
[rospy.rosout][INFO] 2019-06-25 22:25:24,962: initializing /rosout core topic
[rospy.rosout][INFO] 2019-06-25 22:25:24,968: connected to core topic /rosout
[rospy.simtime][INFO] 2019-06-25 22:25:24,971: initializing /clock core topic
[rospy.simtime][INFO] 2019-06-25 22:25:24,978: connected to core topic /clock
[rosout][INFO] 2019-06-25 22:25:24,986: Loading model XML from ros parameter
[rosout][INFO] 2019-06-25 22:25:24,992: Waiting for service /gazebo/spawn_urdf_model
[rosout][INFO] 2019-06-25 22:25:24,997: Calling service /gazebo/spawn_urdf_model
[rospy.internal][INFO] 2019-06-25 22:25:25,029: topic[/clock] adding connection to [http://dc5b429f784e:39293/], count 0
[rospy.internal][INFO] 2019-06-25 22:25:25,206: topic[/rosout] adding connection to [/rosout], count 0
[rosout][INFO] 2019-06-25 22:25:25,478: Spawn status: SpawnModel: Successfully spawned entity
[rospy.core][INFO] 2019-06-25 22:25:25,479: signal_shutdown [atexit]
[rospy.internal][INFO] 2019-06-25 22:25:25,484: topic[/rosout] removing connection to /rosout
[rospy.internal][INFO] 2019-06-25 22:25:25,485: topic[/clock] removing connection to http://dc5b429f784e:39293/
[rospy.impl.masterslave][INFO] 2019-06-25 22:25:25,485: atexit
[rospy.client][INFO] 2019-06-25 22:26:36,184: init_node, name[/mybot_spawn], pid[28369]
[xmlrpc][INFO] 2019-06-25 22:26:36,185: XML-RPC server binding to 0.0.0.0:0
[xmlrpc][INFO] 2019-06-25 22:26:36,186: Started XML-RPC server [http://dc5b429f784e:35231/]
[rospy.impl.masterslave][INFO] 2019-06-25 22:26:36,186: _ready: http://dc5b429f784e:35231/
[rospy.init][INFO] 2019-06-25 22:26:36,187: ROS Slave URI: [http://dc5b429f784e:35231/]
[xmlrpc][INFO] 2019-06-25 22:26:36,188: xml rpc node: starting XML-RPC server
[rospy.registration][INFO] 2019-06-25 22:26:36,189: Registering with master node http://localhost:11311
[rospy.init][INFO] 2019-06-25 22:26:36,288: registered with master
[rospy.rosout][INFO] 2019-06-25 22:26:36,289: initializing /rosout core topic
[rospy.rosout][INFO] 2019-06-25 22:26:36,292: connected to core topic /rosout
[rospy.simtime][INFO] 2019-06-25 22:26:36,295: initializing /clock core topic
[rospy.simtime][INFO] 2019-06-25 22:26:36,299: connected to core topic /clock
[rospy.internal][INFO] 2019-06-25 22:26:36,307: topic[/clock] adding connection to [http://dc5b429f784e:39405/], count 0
[rosout][INFO] 2019-06-25 22:26:36,309: Loading model XML from ros parameter
[rosout][INFO] 2019-06-25 22:26:36,315: Waiting for service /gazebo/spawn_urdf_model
[rosout][INFO] 2019-06-25 22:26:36,317: Calling service /gazebo/spawn_urdf_model
[rospy.internal][INFO] 2019-06-25 22:26:36,506: topic[/rosout] adding connection to [/rosout], count 0
[rosout][INFO] 2019-06-25 22:26:36,638: Spawn status: SpawnModel: Successfully spawned entity
[rospy.core][INFO] 2019-06-25 22:26:36,639: signal_shutdown [atexit]
[rospy.internal][INFO] 2019-06-25 22:26:36,644: topic[/rosout] removing connection to /rosout
[rospy.internal][INFO] 2019-06-25 22:26:36,645: topic[/clock] removing connection to http://dc5b429f784e:39405/
[rospy.impl.masterslave][INFO] 2019-06-25 22:26:36,646: atexit
[rospy.client][INFO] 2019-06-25 22:30:46,318: init_node, name[/mybot_spawn], pid[29212]
[xmlrpc][INFO] 2019-06-25 22:30:46,322: XML-RPC server binding to 0.0.0.0:0
[xmlrpc][INFO] 2019-06-25 22:30:46,325: Started XML-RPC server [http://dc5b429f784e:34579/]
[rospy.impl.masterslave][INFO] 2019-06-25 22:30:46,326: _ready: http://dc5b429f784e:34579/
[rospy.init][INFO] 2019-06-25 22:30:46,327: ROS Slave URI: [http://dc5b429f784e:34579/]
[xmlrpc][INFO] 2019-06-25 22:30:46,328: xml rpc node: starting XML-RPC server
[rospy.registration][INFO] 2019-06-25 22:30:46,328: Registering with master node http://localhost:11311
[rospy.init][INFO] 2019-06-25 22:30:46,427: registered with master
[rospy.rosout][INFO] 2019-06-25 22:30:46,428: initializing /rosout core topic
[rospy.rosout][INFO] 2019-06-25 22:30:46,431: connected to core topic /rosout
[rospy.simtime][INFO] 2019-06-25 22:30:46,435: initializing /clock core topic
[rospy.simtime][INFO] 2019-06-25 22:30:46,441: connected to core topic /clock
[rospy.internal][INFO] 2019-06-25 22:30:46,448: topic[/clock] adding connection to [http://dc5b429f784e:38543/], count 0
[rosout][INFO] 2019-06-25 22:30:46,449: Loading model XML from ros parameter
[rosout][INFO] 2019-06-25 22:30:46,457: Waiting for service /gazebo/spawn_urdf_model
[rosout][INFO] 2019-06-25 22:30:46,461: Calling service /gazebo/spawn_urdf_model
[rospy.internal][INFO] 2019-06-25 22:30:46,675: topic[/rosout] adding connection to [/rosout], count 0
[rosout][INFO] 2019-06-25 22:30:46,952: Spawn status: SpawnModel: Successfully spawned entity
[rospy.core][INFO] 2019-06-25 22:30:46,953: signal_shutdown [atexit]
[rospy.internal][INFO] 2019-06-25 22:30:46,957: topic[/rosout] removing connection to /rosout
[rospy.internal][INFO] 2019-06-25 22:30:46,958: topic[/clock] removing connection to http://dc5b429f784e:38543/
[rospy.impl.masterslave][INFO] 2019-06-25 22:30:46,958: atexit
[rospy.client][INFO] 2019-06-25 22:32:15,012: init_node, name[/mybot_spawn], pid[29807]
[xmlrpc][INFO] 2019-06-25 22:32:15,012: XML-RPC server binding to 0.0.0.0:0
[xmlrpc][INFO] 2019-06-25 22:32:15,013: Started XML-RPC server [http://dc5b429f784e:34637/]
[rospy.impl.masterslave][INFO] 2019-06-25 22:32:15,014: _ready: http://dc5b429f784e:34637/
[rospy.init][INFO] 2019-06-25 22:32:15,015: ROS Slave URI: [http://dc5b429f784e:34637/]
[xmlrpc][INFO] 2019-06-25 22:32:15,017: xml rpc node: starting XML-RPC server
[rospy.registration][INFO] 2019-06-25 22:32:15,018: Registering with master node http://localhost:11311
[rospy.init][INFO] 2019-06-25 22:32:15,116: registered with master
[rospy.rosout][INFO] 2019-06-25 22:32:15,117: initializing /rosout core topic
[rospy.rosout][INFO] 2019-06-25 22:32:15,120: connected to core topic /rosout
[rospy.simtime][INFO] 2019-06-25 22:32:15,124: initializing /clock core topic
[rospy.simtime][INFO] 2019-06-25 22:32:15,129: connected to core topic /clock
[rospy.internal][INFO] 2019-06-25 22:32:15,138: topic[/clock] adding connection to [http://dc5b429f784e:33987/], count 0
[rosout][INFO] 2019-06-25 22:32:15,139: Loading model XML from ros parameter
[rosout][INFO] 2019-06-25 22:32:15,151: Waiting for service /gazebo/spawn_urdf_model
[rosout][INFO] 2019-06-25 22:32:15,156: Calling service /gazebo/spawn_urdf_model
[rospy.internal][INFO] 2019-06-25 22:32:15,338: topic[/rosout] adding connection to [/rosout], count 0
[rosout][INFO] 2019-06-25 22:32:15,643: Spawn status: SpawnModel: Successfully spawned entity
[rospy.core][INFO] 2019-06-25 22:32:15,644: signal_shutdown [atexit]
[rospy.internal][INFO] 2019-06-25 22:32:15,650: topic[/rosout] removing connection to /rosout
[rospy.internal][INFO] 2019-06-25 22:32:15,650: topic[/clock] removing connection to http://dc5b429f784e:33987/
[rospy.impl.masterslave][INFO] 2019-06-25 22:32:15,650: atexit
[rospy.client][INFO] 2019-06-25 22:35:32,549: init_node, name[/mybot_spawn], pid[30892]
[xmlrpc][INFO] 2019-06-25 22:35:32,550: XML-RPC server binding to 0.0.0.0:0
[xmlrpc][INFO] 2019-06-25 22:35:32,551: Started XML-RPC server [http://dc5b429f784e:41899/]
[rospy.impl.masterslave][INFO] 2019-06-25 22:35:32,551: _ready: http://dc5b429f784e:41899/
[rospy.init][INFO] 2019-06-25 22:35:32,551: ROS Slave URI: [http://dc5b429f784e:41899/]
[xmlrpc][INFO] 2019-06-25 22:35:32,553: xml rpc node: starting XML-RPC server
[rospy.registration][INFO] 2019-06-25 22:35:32,554: Registering with master node http://localhost:11311
[rospy.init][INFO] 2019-06-25 22:35:32,653: registered with master
[rospy.rosout][INFO] 2019-06-25 22:35:32,654: initializing /rosout core topic
[rospy.rosout][INFO] 2019-06-25 22:35:32,663: connected to core topic /rosout
[rospy.simtime][INFO] 2019-06-25 22:35:32,666: initializing /clock core topic
[rospy.simtime][INFO] 2019-06-25 22:35:32,675: connected to core topic /clock
[rosout][INFO] 2019-06-25 22:35:32,683: Loading model XML from ros parameter
[rosout][INFO] 2019-06-25 22:35:32,688: Waiting for service /gazebo/spawn_urdf_model
[rosout][INFO] 2019-06-25 22:35:32,692: Calling service /gazebo/spawn_urdf_model
[rospy.internal][INFO] 2019-06-25 22:35:32,722: topic[/clock] adding connection to [http://dc5b429f784e:38525/], count 0
[rospy.internal][INFO] 2019-06-25 22:35:32,907: topic[/rosout] adding connection to [/rosout], count 0
[rosout][INFO] 2019-06-25 22:35:33,105: Spawn status: SpawnModel: Successfully spawned entity
[rospy.core][INFO] 2019-06-25 22:35:33,106: signal_shutdown [atexit]
[rospy.internal][INFO] 2019-06-25 22:35:33,111: topic[/rosout] removing connection to /rosout
[rospy.internal][INFO] 2019-06-25 22:35:33,111: topic[/clock] removing connection to http://dc5b429f784e:38525/
[rospy.impl.masterslave][INFO] 2019-06-25 22:35:33,111: atexit
[rospy.client][INFO] 2019-06-25 22:37:21,547: init_node, name[/mybot_spawn], pid[31579]
[xmlrpc][INFO] 2019-06-25 22:37:21,548: XML-RPC server binding to 0.0.0.0:0
[xmlrpc][INFO] 2019-06-25 22:37:21,549: Started XML-RPC server [http://dc5b429f784e:45965/]
[rospy.init][INFO] 2019-06-25 22:37:21,550: ROS Slave URI: [http://dc5b429f784e:45965/]
[rospy.impl.masterslave][INFO] 2019-06-25 22:37:21,550: _ready: http://dc5b429f784e:45965/
[xmlrpc][INFO] 2019-06-25 22:37:21,551: xml rpc node: starting XML-RPC server
[rospy.registration][INFO] 2019-06-25 22:37:21,553: Registering with master node http://localhost:11311
[rospy.init][INFO] 2019-06-25 22:37:21,651: registered with master
[rospy.rosout][INFO] 2019-06-25 22:37:21,651: initializing /rosout core topic
[rospy.rosout][INFO] 2019-06-25 22:37:21,654: connected to core topic /rosout
[rospy.simtime][INFO] 2019-06-25 22:37:21,656: initializing /clock core topic
[rospy.simtime][INFO] 2019-06-25 22:37:21,661: connected to core topic /clock
[rosout][INFO] 2019-06-25 22:37:21,666: Loading model XML from ros parameter
[rosout][INFO] 2019-06-25 22:37:21,672: Waiting for service /gazebo/spawn_urdf_model
[rospy.internal][INFO] 2019-06-25 22:37:21,675: topic[/clock] adding connection to [http://dc5b429f784e:35135/], count 0
[rosout][INFO] 2019-06-25 22:37:21,677: Calling service /gazebo/spawn_urdf_model
[rospy.internal][INFO] 2019-06-25 22:37:21,881: topic[/rosout] adding connection to [/rosout], count 0
[rosout][INFO] 2019-06-25 22:37:22,076: Spawn status: SpawnModel: Successfully spawned entity
[rospy.core][INFO] 2019-06-25 22:37:22,077: signal_shutdown [atexit]
[rospy.internal][INFO] 2019-06-25 22:37:22,081: topic[/rosout] removing connection to /rosout
[rospy.internal][INFO] 2019-06-25 22:37:22,082: topic[/clock] removing connection to http://dc5b429f784e:35135/
[rospy.impl.masterslave][INFO] 2019-06-25 22:37:22,082: atexit
[rospy.client][INFO] 2019-06-25 22:38:42,898: init_node, name[/mybot_spawn], pid[32310]
[xmlrpc][INFO] 2019-06-25 22:38:42,898: XML-RPC server binding to 0.0.0.0:0
[xmlrpc][INFO] 2019-06-25 22:38:42,899: Started XML-RPC server [http://dc5b429f784e:37837/]
[rospy.init][INFO] 2019-06-25 22:38:42,900: ROS Slave URI: [http://dc5b429f784e:37837/]
[rospy.impl.masterslave][INFO] 2019-06-25 22:38:42,900: _ready: http://dc5b429f784e:37837/
[xmlrpc][INFO] 2019-06-25 22:38:42,902: xml rpc node: starting XML-RPC server
[rospy.registration][INFO] 2019-06-25 22:38:42,903: Registering with master node http://localhost:11311
[rospy.init][INFO] 2019-06-25 22:38:43,001: registered with master
[rospy.rosout][INFO] 2019-06-25 22:38:43,001: initializing /rosout core topic
[rospy.rosout][INFO] 2019-06-25 22:38:43,005: connected to core topic /rosout
[rospy.simtime][INFO] 2019-06-25 22:38:43,008: initializing /clock core topic
[rospy.simtime][INFO] 2019-06-25 22:38:43,016: connected to core topic /clock
[rospy.internal][INFO] 2019-06-25 22:38:43,023: topic[/clock] adding connection to [http://dc5b429f784e:43337/], count 0
[rosout][INFO] 2019-06-25 22:38:43,033: Loading model XML from ros parameter
[rosout][INFO] 2019-06-25 22:38:43,038: Waiting for service /gazebo/spawn_urdf_model
[rosout][INFO] 2019-06-25 22:38:43,041: Calling service /gazebo/spawn_urdf_model
[rospy.internal][INFO] 2019-06-25 22:38:43,235: topic[/rosout] adding connection to [/rosout], count 0
[rosout][INFO] 2019-06-25 22:38:43,563: Spawn status: SpawnModel: Successfully spawned entity
[rospy.core][INFO] 2019-06-25 22:38:43,564: signal_shutdown [atexit]
[rospy.internal][INFO] 2019-06-25 22:38:43,569: topic[/rosout] removing connection to /rosout
[rospy.internal][INFO] 2019-06-25 22:38:43,570: topic[/clock] removing connection to http://dc5b429f784e:43337/
[rospy.impl.masterslave][INFO] 2019-06-25 22:38:43,570: atexit
