[rosmaster.main][INFO] 2019-07-02 15:13:06,896: initialization complete, waiting for shutdown
[rosmaster.main][INFO] 2019-07-02 15:13:06,896: Starting ROS Master Node
[xmlrpc][INFO] 2019-07-02 15:13:06,897: XML-RPC server binding to 0.0.0.0:11311
[xmlrpc][INFO] 2019-07-02 15:13:06,897: Started XML-RPC server [http://19e4fa0d2d8b:11311/]
[xmlrpc][INFO] 2019-07-02 15:13:06,898: xml rpc node: starting XML-RPC server
[rosmaster.master][INFO] 2019-07-02 15:13:06,898: Master initialized: port[11311], uri[http://19e4fa0d2d8b:11311/]
[rosmaster.master][INFO] 2019-07-02 15:13:06,989: +PARAM [/run_id] by /roslaunch
[rosmaster.master][INFO] 2019-07-02 15:13:06,991: +PARAM [/roslaunch/uris/host_19e4fa0d2d8b__34159] by /roslaunch
[rosmaster.master][INFO] 2019-07-02 15:13:07,371: +PARAM [/rosversion] by /roslaunch
[rosmaster.master][INFO] 2019-07-02 15:13:07,371: +PARAM [/use_sim_time] by /roslaunch
[rosmaster.master][INFO] 2019-07-02 15:13:07,371: +PARAM [/rosdistro] by /roslaunch
[rosmaster.master][INFO] 2019-07-02 15:13:07,371: +PARAM [/robot_description] by /roslaunch
[rosmaster.master][INFO] 2019-07-02 15:13:07,379: +SERVICE [/rosout/get_loggers] /rosout http://19e4fa0d2d8b:37321/
[rosmaster.master][INFO] 2019-07-02 15:13:07,381: +SERVICE [/rosout/set_logger_level] /rosout http://19e4fa0d2d8b:37321/
[rosmaster.master][INFO] 2019-07-02 15:13:07,389: +SUB [/clock] /rosout http://19e4fa0d2d8b:37321/
[rosmaster.master][INFO] 2019-07-02 15:13:07,391: +PUB [/rosout_agg] /rosout http://19e4fa0d2d8b:37321/
[rosmaster.master][INFO] 2019-07-02 15:13:07,397: +SUB [/rosout] /rosout http://19e4fa0d2d8b:37321/
[rosmaster.master][INFO] 2019-07-02 15:13:07,975: +PUB [/rosout] /gazebo http://19e4fa0d2d8b:41317/
[rosmaster.master][INFO] 2019-07-02 15:13:07,977: +SERVICE [/gazebo/get_loggers] /gazebo http://19e4fa0d2d8b:41317/
[rosmaster.master][INFO] 2019-07-02 15:13:07,978: +SERVICE [/gazebo/set_logger_level] /gazebo http://19e4fa0d2d8b:41317/
[rosmaster.master][INFO] 2019-07-02 15:13:07,985: +SUB [/clock] /gazebo http://19e4fa0d2d8b:41317/
[rosmaster.master][INFO] 2019-07-02 15:13:07,998: publisherUpdate[/rosout] -> http://19e4fa0d2d8b:37321/ ['http://19e4fa0d2d8b:41317/']
[rosmaster.master][INFO] 2019-07-02 15:13:08,000: publisherUpdate[/rosout] -> http://19e4fa0d2d8b:37321/ ['http://19e4fa0d2d8b:41317/']: sec=0.00, result=[1, '', 0]
[rosmaster.master][INFO] 2019-07-02 15:13:08,284: +PUB [/rosout] /gazebo_gui http://19e4fa0d2d8b:46415/
[rosmaster.master][INFO] 2019-07-02 15:13:08,286: +SERVICE [/gazebo_gui/get_loggers] /gazebo_gui http://19e4fa0d2d8b:46415/
[rosmaster.master][INFO] 2019-07-02 15:13:08,287: +SERVICE [/gazebo_gui/set_logger_level] /gazebo_gui http://19e4fa0d2d8b:46415/
[rosmaster.master][INFO] 2019-07-02 15:13:08,294: +SUB [/clock] /gazebo_gui http://19e4fa0d2d8b:46415/
[rosmaster.master][INFO] 2019-07-02 15:13:08,299: publisherUpdate[/rosout] -> http://19e4fa0d2d8b:37321/ ['http://19e4fa0d2d8b:41317/', 'http://19e4fa0d2d8b:46415/']
[rosmaster.master][INFO] 2019-07-02 15:13:08,300: publisherUpdate[/rosout] -> http://19e4fa0d2d8b:37321/ ['http://19e4fa0d2d8b:41317/', 'http://19e4fa0d2d8b:46415/']: sec=0.00, result=[1, '', 0]
[rosmaster.master][INFO] 2019-07-02 15:13:08,499: +PUB [/clock] /gazebo http://19e4fa0d2d8b:41317/
[rosmaster.master][INFO] 2019-07-02 15:13:08,500: publisherUpdate[/clock] -> http://19e4fa0d2d8b:37321/ ['http://19e4fa0d2d8b:41317/']
[rosmaster.master][INFO] 2019-07-02 15:13:08,501: +SERVICE [/gazebo/spawn_sdf_model] /gazebo http://19e4fa0d2d8b:41317/
[rosmaster.master][INFO] 2019-07-02 15:13:08,501: publisherUpdate[/clock] -> http://19e4fa0d2d8b:41317/ ['http://19e4fa0d2d8b:41317/']
[rosmaster.master][INFO] 2019-07-02 15:13:08,502: publisherUpdate[/clock] -> http://19e4fa0d2d8b:46415/ ['http://19e4fa0d2d8b:41317/']
[rosmaster.master][INFO] 2019-07-02 15:13:08,504: publisherUpdate[/clock] -> http://19e4fa0d2d8b:37321/ ['http://19e4fa0d2d8b:41317/']: sec=0.00, result=[1, '', 0]
[rosmaster.master][INFO] 2019-07-02 15:13:08,504: publisherUpdate[/clock] -> http://19e4fa0d2d8b:41317/ ['http://19e4fa0d2d8b:41317/']: sec=0.00, result=[1, '', 0]
[rosmaster.master][INFO] 2019-07-02 15:13:08,505: +SERVICE [/gazebo/spawn_urdf_model] /gazebo http://19e4fa0d2d8b:41317/
[rosmaster.master][INFO] 2019-07-02 15:13:08,505: publisherUpdate[/clock] -> http://19e4fa0d2d8b:46415/ ['http://19e4fa0d2d8b:41317/']: sec=0.00, result=[1, '', 0]
[rosmaster.master][INFO] 2019-07-02 15:13:08,507: +SERVICE [/gazebo/delete_model] /gazebo http://19e4fa0d2d8b:41317/
[rosmaster.master][INFO] 2019-07-02 15:13:08,508: +SERVICE [/gazebo/delete_light] /gazebo http://19e4fa0d2d8b:41317/
[rosmaster.master][INFO] 2019-07-02 15:13:08,509: +SERVICE [/gazebo/get_model_properties] /gazebo http://19e4fa0d2d8b:41317/
[rosmaster.master][INFO] 2019-07-02 15:13:08,511: +SERVICE [/gazebo/get_model_state] /gazebo http://19e4fa0d2d8b:41317/
[rosmaster.master][INFO] 2019-07-02 15:13:08,512: +SERVICE [/gazebo/get_world_properties] /gazebo http://19e4fa0d2d8b:41317/
[rosmaster.master][INFO] 2019-07-02 15:13:08,513: +SERVICE [/gazebo/get_joint_properties] /gazebo http://19e4fa0d2d8b:41317/
[rosmaster.master][INFO] 2019-07-02 15:13:08,514: +SERVICE [/gazebo/get_link_properties] /gazebo http://19e4fa0d2d8b:41317/
[rosmaster.master][INFO] 2019-07-02 15:13:08,515: +SERVICE [/gazebo/get_link_state] /gazebo http://19e4fa0d2d8b:41317/
[rosmaster.master][INFO] 2019-07-02 15:13:08,516: +SERVICE [/gazebo/get_light_properties] /gazebo http://19e4fa0d2d8b:41317/
[rosmaster.master][INFO] 2019-07-02 15:13:08,517: +SERVICE [/gazebo/set_light_properties] /gazebo http://19e4fa0d2d8b:41317/
[rosmaster.master][INFO] 2019-07-02 15:13:08,518: +SERVICE [/gazebo/get_physics_properties] /gazebo http://19e4fa0d2d8b:41317/
[rosmaster.master][INFO] 2019-07-02 15:13:08,520: +PUB [/gazebo/link_states] /gazebo http://19e4fa0d2d8b:41317/
[rosmaster.master][INFO] 2019-07-02 15:13:08,521: +PUB [/gazebo/model_states] /gazebo http://19e4fa0d2d8b:41317/
[rosmaster.master][INFO] 2019-07-02 15:13:08,522: +SERVICE [/gazebo/set_link_properties] /gazebo http://19e4fa0d2d8b:41317/
[rosmaster.master][INFO] 2019-07-02 15:13:08,523: +SERVICE [/gazebo/set_physics_properties] /gazebo http://19e4fa0d2d8b:41317/
[rosmaster.master][INFO] 2019-07-02 15:13:08,524: +SERVICE [/gazebo/set_model_state] /gazebo http://19e4fa0d2d8b:41317/
[rosmaster.master][INFO] 2019-07-02 15:13:08,526: +SERVICE [/gazebo/set_model_configuration] /gazebo http://19e4fa0d2d8b:41317/
[rosmaster.master][INFO] 2019-07-02 15:13:08,529: +SERVICE [/gazebo/set_joint_properties] /gazebo http://19e4fa0d2d8b:41317/
[rosmaster.master][INFO] 2019-07-02 15:13:08,530: +SERVICE [/gazebo/set_link_state] /gazebo http://19e4fa0d2d8b:41317/
[rosmaster.master][INFO] 2019-07-02 15:13:08,539: +SUB [/gazebo/set_link_state] /gazebo http://19e4fa0d2d8b:41317/
[rosmaster.master][INFO] 2019-07-02 15:13:08,546: +SUB [/gazebo/set_model_state] /gazebo http://19e4fa0d2d8b:41317/
[rosmaster.master][INFO] 2019-07-02 15:13:08,547: +SERVICE [/gazebo/pause_physics] /gazebo http://19e4fa0d2d8b:41317/
[rosmaster.master][INFO] 2019-07-02 15:13:08,549: +SERVICE [/gazebo/unpause_physics] /gazebo http://19e4fa0d2d8b:41317/
[rosmaster.master][INFO] 2019-07-02 15:13:08,551: +SERVICE [/gazebo/apply_body_wrench] /gazebo http://19e4fa0d2d8b:41317/
[rosmaster.master][INFO] 2019-07-02 15:13:08,552: +SERVICE [/gazebo/apply_joint_effort] /gazebo http://19e4fa0d2d8b:41317/
[rosmaster.master][INFO] 2019-07-02 15:13:08,553: +SERVICE [/gazebo/clear_joint_forces] /gazebo http://19e4fa0d2d8b:41317/
[rosmaster.master][INFO] 2019-07-02 15:13:08,555: +SERVICE [/gazebo/clear_body_wrenches] /gazebo http://19e4fa0d2d8b:41317/
[rosmaster.master][INFO] 2019-07-02 15:13:08,557: +SERVICE [/gazebo/reset_simulation] /gazebo http://19e4fa0d2d8b:41317/
[rosmaster.master][INFO] 2019-07-02 15:13:08,558: +SERVICE [/gazebo/reset_world] /gazebo http://19e4fa0d2d8b:41317/
[rosmaster.master][INFO] 2019-07-02 15:13:09,037: +PUB [/rosout] /urdf_spawner http://19e4fa0d2d8b:34307/
[rosmaster.master][INFO] 2019-07-02 15:13:09,043: +SUB [/clock] /urdf_spawner http://19e4fa0d2d8b:34307/
[rosmaster.master][INFO] 2019-07-02 15:13:09,045: +SERVICE [/urdf_spawner/get_loggers] /urdf_spawner http://19e4fa0d2d8b:34307/
[rosmaster.master][INFO] 2019-07-02 15:13:09,047: +SERVICE [/urdf_spawner/set_logger_level] /urdf_spawner http://19e4fa0d2d8b:34307/
[rosmaster.master][INFO] 2019-07-02 15:13:09,106: publisherUpdate[/rosout] -> http://19e4fa0d2d8b:37321/ ['http://19e4fa0d2d8b:41317/', 'http://19e4fa0d2d8b:46415/', 'http://19e4fa0d2d8b:34307/']
[rosmaster.master][INFO] 2019-07-02 15:13:09,107: publisherUpdate[/rosout] -> http://19e4fa0d2d8b:37321/ ['http://19e4fa0d2d8b:41317/', 'http://19e4fa0d2d8b:46415/', 'http://19e4fa0d2d8b:34307/']: sec=0.00, result=[1, '', 0]
[rosmaster.master][INFO] 2019-07-02 15:13:09,391: -SUB [/clock] /urdf_spawner http://19e4fa0d2d8b:34307/
[rosmaster.master][INFO] 2019-07-02 15:13:09,391: -PUB [/rosout] /urdf_spawner http://19e4fa0d2d8b:34307/
[rosmaster.master][INFO] 2019-07-02 15:13:09,391: -SERVICE [/urdf_spawner/set_logger_level] /urdf_spawner rosrpc://19e4fa0d2d8b:42311
[rosmaster.master][INFO] 2019-07-02 15:13:09,391: -SERVICE [/urdf_spawner/get_loggers] /urdf_spawner rosrpc://19e4fa0d2d8b:42311
[rosmaster.master][ERROR] 2019-07-02 15:13:09,396: Traceback (most recent call last):
  File "/opt/ros/kinetic/lib/python2.7/dist-packages/rosmaster/master_api.py", line 177, in validated_f
    code, msg, val = f(*newArgs, **kwds)
  File "/opt/ros/kinetic/lib/python2.7/dist-packages/rosmaster/master_api.py", line 435, in searchParam
    search_key = self.param_server.search_param(caller_id, key)
  File "/opt/ros/kinetic/lib/python2.7/dist-packages/rosmaster/paramserver.py", line 116, in search_param
    raise ValueError("namespace must be global")
ValueError: namespace must be global

[rosmaster.master][INFO] 2019-07-02 15:13:09,398: +PUB [/p3dx/laser/scan] /gazebo http://19e4fa0d2d8b:41317/
[rosmaster.master][INFO] 2019-07-02 15:13:09,407: publisherUpdate[/rosout] -> http://19e4fa0d2d8b:37321/ ['http://19e4fa0d2d8b:41317/', 'http://19e4fa0d2d8b:46415/']
[rosmaster.master][INFO] 2019-07-02 15:13:09,408: publisherUpdate[/rosout] -> http://19e4fa0d2d8b:37321/ ['http://19e4fa0d2d8b:41317/', 'http://19e4fa0d2d8b:46415/']: sec=0.00, result=[1, '', 0]
[rosmaster.master][INFO] 2019-07-02 15:13:09,618: +SERVICE [/p3dx/controller_manager/list_controllers] /gazebo http://19e4fa0d2d8b:41317/
[rosmaster.master][INFO] 2019-07-02 15:13:09,619: +SERVICE [/p3dx/controller_manager/list_controller_types] /gazebo http://19e4fa0d2d8b:41317/
[rosmaster.master][INFO] 2019-07-02 15:13:09,620: +SERVICE [/p3dx/controller_manager/load_controller] /gazebo http://19e4fa0d2d8b:41317/
[rosmaster.master][INFO] 2019-07-02 15:13:09,621: +SERVICE [/p3dx/controller_manager/unload_controller] /gazebo http://19e4fa0d2d8b:41317/
[rosmaster.master][INFO] 2019-07-02 15:13:09,622: +SERVICE [/p3dx/controller_manager/switch_controller] /gazebo http://19e4fa0d2d8b:41317/
[rosmaster.master][INFO] 2019-07-02 15:13:09,623: +SERVICE [/p3dx/controller_manager/reload_controller_libraries] /gazebo http://19e4fa0d2d8b:41317/
[rosmaster.master][ERROR] 2019-07-02 15:13:09,629: Traceback (most recent call last):
  File "/opt/ros/kinetic/lib/python2.7/dist-packages/rosmaster/master_api.py", line 177, in validated_f
    code, msg, val = f(*newArgs, **kwds)
  File "/opt/ros/kinetic/lib/python2.7/dist-packages/rosmaster/master_api.py", line 435, in searchParam
    search_key = self.param_server.search_param(caller_id, key)
  File "/opt/ros/kinetic/lib/python2.7/dist-packages/rosmaster/paramserver.py", line 116, in search_param
    raise ValueError("namespace must be global")
ValueError: namespace must be global

[rosmaster.master][INFO] 2019-07-02 15:13:09,631: +PUB [/tf] /gazebo http://19e4fa0d2d8b:41317/
[rosmaster.master][INFO] 2019-07-02 15:13:09,636: +SUB [/cmd_vel] /gazebo http://19e4fa0d2d8b:41317/
[rosmaster.master][INFO] 2019-07-02 15:13:09,637: +PUB [/odom] /gazebo http://19e4fa0d2d8b:41317/
[rosmaster.master][INFO] 2019-07-02 15:13:09,642: +PUB [/p3dx/base_pose_ground_truth] /gazebo http://19e4fa0d2d8b:41317/
[rosmaster.master][INFO] 2019-07-02 15:13:46,539: -SUB [/gazebo/set_link_state] /gazebo http://19e4fa0d2d8b:41317/
[rosmaster.master][INFO] 2019-07-02 15:13:46,540: -SUB [/gazebo/set_model_state] /gazebo http://19e4fa0d2d8b:41317/
[rosmaster.master][INFO] 2019-07-02 15:13:46,541: -PUB [/clock] /gazebo http://19e4fa0d2d8b:41317/
[rosmaster.master][INFO] 2019-07-02 15:13:46,543: -PUB [/gazebo/link_states] /gazebo http://19e4fa0d2d8b:41317/
[rosmaster.master][INFO] 2019-07-02 15:13:46,544: -PUB [/gazebo/model_states] /gazebo http://19e4fa0d2d8b:41317/
[rosmaster.master][INFO] 2019-07-02 15:13:46,545: -SERVICE [/gazebo/spawn_sdf_model] /gazebo rosrpc://19e4fa0d2d8b:36851
[rosmaster.master][INFO] 2019-07-02 15:13:46,546: -SERVICE [/gazebo/spawn_urdf_model] /gazebo rosrpc://19e4fa0d2d8b:36851
[rosmaster.master][INFO] 2019-07-02 15:13:46,547: -SERVICE [/gazebo/delete_model] /gazebo rosrpc://19e4fa0d2d8b:36851
[rosmaster.master][INFO] 2019-07-02 15:13:46,548: -SERVICE [/gazebo/delete_light] /gazebo rosrpc://19e4fa0d2d8b:36851
[rosmaster.master][INFO] 2019-07-02 15:13:46,550: -SERVICE [/gazebo/get_model_properties] /gazebo rosrpc://19e4fa0d2d8b:36851
[rosmaster.master][INFO] 2019-07-02 15:13:46,550: -SERVICE [/gazebo/get_model_state] /gazebo rosrpc://19e4fa0d2d8b:36851
[rosmaster.master][INFO] 2019-07-02 15:13:46,551: -SERVICE [/gazebo/get_world_properties] /gazebo rosrpc://19e4fa0d2d8b:36851
[rosmaster.master][INFO] 2019-07-02 15:13:46,552: -SERVICE [/gazebo/get_joint_properties] /gazebo rosrpc://19e4fa0d2d8b:36851
[rosmaster.master][INFO] 2019-07-02 15:13:46,553: -SERVICE [/gazebo/get_link_properties] /gazebo rosrpc://19e4fa0d2d8b:36851
[rosmaster.master][INFO] 2019-07-02 15:13:46,555: -SERVICE [/gazebo/get_link_state] /gazebo rosrpc://19e4fa0d2d8b:36851
[rosmaster.master][INFO] 2019-07-02 15:13:46,555: -SERVICE [/gazebo/get_light_properties] /gazebo rosrpc://19e4fa0d2d8b:36851
[rosmaster.master][INFO] 2019-07-02 15:13:46,557: -SERVICE [/gazebo/set_light_properties] /gazebo rosrpc://19e4fa0d2d8b:36851
[rosmaster.master][INFO] 2019-07-02 15:13:46,558: -SERVICE [/gazebo/get_physics_properties] /gazebo rosrpc://19e4fa0d2d8b:36851
[rosmaster.master][INFO] 2019-07-02 15:13:46,559: -SERVICE [/gazebo/set_link_properties] /gazebo rosrpc://19e4fa0d2d8b:36851
[rosmaster.master][INFO] 2019-07-02 15:13:46,560: -SERVICE [/gazebo/set_physics_properties] /gazebo rosrpc://19e4fa0d2d8b:36851
[rosmaster.master][INFO] 2019-07-02 15:13:46,561: -SERVICE [/gazebo/set_model_state] /gazebo rosrpc://19e4fa0d2d8b:36851
[rosmaster.master][INFO] 2019-07-02 15:13:46,562: -SERVICE [/gazebo/set_model_configuration] /gazebo rosrpc://19e4fa0d2d8b:36851
[rosmaster.master][INFO] 2019-07-02 15:13:46,563: -SERVICE [/gazebo/set_joint_properties] /gazebo rosrpc://19e4fa0d2d8b:36851
[rosmaster.master][INFO] 2019-07-02 15:13:46,564: -SERVICE [/gazebo/set_link_state] /gazebo rosrpc://19e4fa0d2d8b:36851
[rosmaster.master][INFO] 2019-07-02 15:13:46,565: -SERVICE [/gazebo/pause_physics] /gazebo rosrpc://19e4fa0d2d8b:36851
[rosmaster.master][INFO] 2019-07-02 15:13:46,566: -SERVICE [/gazebo/unpause_physics] /gazebo rosrpc://19e4fa0d2d8b:36851
[rosmaster.master][INFO] 2019-07-02 15:13:46,567: -SERVICE [/gazebo/apply_body_wrench] /gazebo rosrpc://19e4fa0d2d8b:36851
[rosmaster.master][INFO] 2019-07-02 15:13:46,568: -SERVICE [/gazebo/apply_joint_effort] /gazebo rosrpc://19e4fa0d2d8b:36851
[rosmaster.master][INFO] 2019-07-02 15:13:46,569: -SERVICE [/gazebo/clear_joint_forces] /gazebo rosrpc://19e4fa0d2d8b:36851
[rosmaster.master][INFO] 2019-07-02 15:13:46,570: -SERVICE [/gazebo/clear_body_wrenches] /gazebo rosrpc://19e4fa0d2d8b:36851
[rosmaster.master][INFO] 2019-07-02 15:13:46,571: -SERVICE [/gazebo/reset_simulation] /gazebo rosrpc://19e4fa0d2d8b:36851
[rosmaster.master][INFO] 2019-07-02 15:13:46,572: -SERVICE [/gazebo/reset_world] /gazebo rosrpc://19e4fa0d2d8b:36851
[rosmaster.master][INFO] 2019-07-02 15:13:46,576: publisherUpdate[/clock] -> http://19e4fa0d2d8b:37321/ []
[rosmaster.master][INFO] 2019-07-02 15:13:46,577: publisherUpdate[/clock] -> http://19e4fa0d2d8b:37321/ []: sec=0.00, result=[1, '', 0]
[rosmaster.master][INFO] 2019-07-02 15:13:46,577: publisherUpdate[/clock] -> http://19e4fa0d2d8b:41317/ []
[rosmaster.master][INFO] 2019-07-02 15:13:46,577: publisherUpdate[/clock] -> http://19e4fa0d2d8b:41317/ []: sec=0.00, result=[1, '', 0]
[rosmaster.master][INFO] 2019-07-02 15:13:46,577: publisherUpdate[/clock] -> http://19e4fa0d2d8b:46415/ []
[rosmaster.master][INFO] 2019-07-02 15:13:46,578: publisherUpdate[/clock] -> http://19e4fa0d2d8b:46415/ []: sec=0.00, exception=[Errno 111] Connection refused
[rosmaster.threadpool][ERROR] 2019-07-02 15:13:46,578: Traceback (most recent call last):
  File "/opt/ros/kinetic/lib/python2.7/dist-packages/rosmaster/threadpool.py", line 218, in run
    result = cmd(*args)
  File "/opt/ros/kinetic/lib/python2.7/dist-packages/rosmaster/master_api.py", line 210, in publisher_update_task
    ret = xmlrpcapi(api).publisherUpdate('/master', topic, pub_uris)
  File "/usr/lib/python2.7/xmlrpclib.py", line 1243, in __call__
    return self.__send(self.__name, args)
  File "/usr/lib/python2.7/xmlrpclib.py", line 1602, in __request
    verbose=self.__verbose
  File "/usr/lib/python2.7/xmlrpclib.py", line 1283, in request
    return self.single_request(host, handler, request_body, verbose)
  File "/usr/lib/python2.7/xmlrpclib.py", line 1311, in single_request
    self.send_content(h, request_body)
  File "/usr/lib/python2.7/xmlrpclib.py", line 1459, in send_content
    connection.endheaders(request_body)
  File "/usr/lib/python2.7/httplib.py", line 1053, in endheaders
    self._send_output(message_body)
  File "/usr/lib/python2.7/httplib.py", line 897, in _send_output
    self.send(msg)
  File "/usr/lib/python2.7/httplib.py", line 859, in send
    self.connect()
  File "/usr/lib/python2.7/httplib.py", line 836, in connect
    self.timeout, self.source_address)
  File "/usr/lib/python2.7/socket.py", line 575, in create_connection
    raise err
error: [Errno 111] Connection refused

[rosmaster.master][INFO] 2019-07-02 15:14:01,831: -PUB [/rosout_agg] /rosout http://19e4fa0d2d8b:37321/
[rosmaster.master][INFO] 2019-07-02 15:14:01,832: -SUB [/clock] /rosout http://19e4fa0d2d8b:37321/
[rosmaster.master][INFO] 2019-07-02 15:14:01,833: -SUB [/rosout] /rosout http://19e4fa0d2d8b:37321/
[rosmaster.master][INFO] 2019-07-02 15:14:01,834: -SERVICE [/rosout/get_loggers] /rosout rosrpc://19e4fa0d2d8b:35987
[rosmaster.master][INFO] 2019-07-02 15:14:01,835: -SERVICE [/rosout/set_logger_level] /rosout rosrpc://19e4fa0d2d8b:35987
[rosmaster.main][INFO] 2019-07-02 15:14:01,940: keyboard interrupt, will exit
[rosmaster.main][INFO] 2019-07-02 15:14:01,940: stopping master...
[rospy.core][INFO] 2019-07-02 15:14:01,940: signal_shutdown [atexit]
