[rospy.client][INFO] 2019-07-02 15:13:08,933: init_node, name[/urdf_spawner], pid[329]
[xmlrpc][INFO] 2019-07-02 15:13:08,934: XML-RPC server binding to 0.0.0.0:0
[xmlrpc][INFO] 2019-07-02 15:13:08,934: Started XML-RPC server [http://19e4fa0d2d8b:34307/]
[rospy.impl.masterslave][INFO] 2019-07-02 15:13:08,934: _ready: http://19e4fa0d2d8b:34307/
[rospy.init][INFO] 2019-07-02 15:13:08,935: ROS Slave URI: [http://19e4fa0d2d8b:34307/]
[xmlrpc][INFO] 2019-07-02 15:13:08,935: xml rpc node: starting XML-RPC server
[rospy.registration][INFO] 2019-07-02 15:13:08,936: Registering with master node http://localhost:11311
[rospy.init][INFO] 2019-07-02 15:13:09,035: registered with master
[rospy.rosout][INFO] 2019-07-02 15:13:09,035: initializing /rosout core topic
[rospy.rosout][INFO] 2019-07-02 15:13:09,038: connected to core topic /rosout
[rospy.simtime][INFO] 2019-07-02 15:13:09,040: initializing /clock core topic
[rospy.simtime][INFO] 2019-07-02 15:13:09,044: connected to core topic /clock
[rosout][INFO] 2019-07-02 15:13:09,048: Loading model XML from ros parameter
[rospy.internal][INFO] 2019-07-02 15:13:09,057: topic[/clock] adding connection to [http://19e4fa0d2d8b:41317/], count 0
[rosout][INFO] 2019-07-02 15:13:09,056: Waiting for service /gazebo/spawn_urdf_model
[rosout][INFO] 2019-07-02 15:13:09,061: Calling service /gazebo/spawn_urdf_model
[rospy.internal][INFO] 2019-07-02 15:13:09,308: topic[/rosout] adding connection to [/rosout], count 0
[rosout][INFO] 2019-07-02 15:13:09,388: Spawn status: SpawnModel: Successfully spawned entity
[rospy.core][INFO] 2019-07-02 15:13:09,388: signal_shutdown [atexit]
[rospy.internal][INFO] 2019-07-02 15:13:09,392: topic[/rosout] removing connection to /rosout
[rospy.internal][INFO] 2019-07-02 15:13:09,393: topic[/clock] removing connection to http://19e4fa0d2d8b:41317/
[rospy.impl.masterslave][INFO] 2019-07-02 15:13:09,393: atexit
[rospy.internal][WARNING] 2019-07-02 15:13:09,394: Unknown error initiating TCP/IP socket to 19e4fa0d2d8b:36851 (http://19e4fa0d2d8b:41317/): Traceback (most recent call last):
  File "/opt/ros/kinetic/lib/python2.7/dist-packages/rospy/impl/tcpros_base.py", line 558, in connect
    self.local_endpoint = self.socket.getsockname()
AttributeError: 'NoneType' object has no attribute 'getsockname'

