[rosmaster.main][INFO] 2019-06-30 21:02:09,193: initialization complete, waiting for shutdown
[rosmaster.main][INFO] 2019-06-30 21:02:09,193: Starting ROS Master Node
[xmlrpc][INFO] 2019-06-30 21:02:09,194: XML-RPC server binding to 0.0.0.0:11311
[xmlrpc][INFO] 2019-06-30 21:02:09,194: Started XML-RPC server [http://dc5b429f784e:11311/]
[xmlrpc][INFO] 2019-06-30 21:02:09,194: xml rpc node: starting XML-RPC server
[rosmaster.master][INFO] 2019-06-30 21:02:09,194: Master initialized: port[11311], uri[http://dc5b429f784e:11311/]
[rosmaster.master][INFO] 2019-06-30 21:02:09,233: +PARAM [/run_id] by /roslaunch
[rosmaster.master][INFO] 2019-06-30 21:02:09,234: +PARAM [/roslaunch/uris/host_dc5b429f784e__40231] by /roslaunch
[rosmaster.master][INFO] 2019-06-30 21:02:09,666: +PARAM [/use_sim_time] by /roslaunch
[rosmaster.master][INFO] 2019-06-30 21:02:09,666: +PARAM [/m2wr/joint2_position_controller/pid/i] by /roslaunch
[rosmaster.master][INFO] 2019-06-30 21:02:09,667: +PARAM [/m2wr/joint3_position_controller/type] by /roslaunch
[rosmaster.master][INFO] 2019-06-30 21:02:09,667: +PARAM [/m2wr/rgrip_position_controller/type] by /roslaunch
[rosmaster.master][INFO] 2019-06-30 21:02:09,667: +PARAM [/m2wr/rgrip_position_controller/joint] by /roslaunch
[rosmaster.master][INFO] 2019-06-30 21:02:09,667: +PARAM [/m2wr/lgrip_position_controller/type] by /roslaunch
[rosmaster.master][INFO] 2019-06-30 21:02:09,667: +PARAM [/m2wr/joint1_position_controller/joint] by /roslaunch
[rosmaster.master][INFO] 2019-06-30 21:02:09,667: +PARAM [/m2wr/joint1_position_controller/pid/i] by /roslaunch
[rosmaster.master][INFO] 2019-06-30 21:02:09,667: +PARAM [/m2wr/joint2_position_controller/joint] by /roslaunch
[rosmaster.master][INFO] 2019-06-30 21:02:09,667: +PARAM [/m2wr/joint2_position_controller/pid/p] by /roslaunch
[rosmaster.master][INFO] 2019-06-30 21:02:09,667: +PARAM [/m2wr/joint3_position_controller/pid/d] by /roslaunch
[rosmaster.master][INFO] 2019-06-30 21:02:09,667: +PARAM [/m2wr/joint3_position_controller/joint] by /roslaunch
[rosmaster.master][INFO] 2019-06-30 21:02:09,667: +PARAM [/m2wr/rgrip_position_controller/pid/i] by /roslaunch
[rosmaster.master][INFO] 2019-06-30 21:02:09,668: +PARAM [/m2wr/joint1_position_controller/pid/d] by /roslaunch
[rosmaster.master][INFO] 2019-06-30 21:02:09,668: +PARAM [/rosdistro] by /roslaunch
[rosmaster.master][INFO] 2019-06-30 21:02:09,668: +PARAM [/robot_description] by /roslaunch
[rosmaster.master][INFO] 2019-06-30 21:02:09,668: +PARAM [/m2wr/rgrip_position_controller/pid/d] by /roslaunch
[rosmaster.master][INFO] 2019-06-30 21:02:09,668: +PARAM [/rosversion] by /roslaunch
[rosmaster.master][INFO] 2019-06-30 21:02:09,668: +PARAM [/m2wr/joint4_position_controller/joint] by /roslaunch
[rosmaster.master][INFO] 2019-06-30 21:02:09,668: +PARAM [/m2wr/joint1_position_controller/pid/p] by /roslaunch
[rosmaster.master][INFO] 2019-06-30 21:02:09,668: +PARAM [/m2wr/rgrip_position_controller/pid/p] by /roslaunch
[rosmaster.master][INFO] 2019-06-30 21:02:09,668: +PARAM [/m2wr/joint1_position_controller/type] by /roslaunch
[rosmaster.master][INFO] 2019-06-30 21:02:09,668: +PARAM [/m2wr/joint4_position_controller/pid/i] by /roslaunch
[rosmaster.master][INFO] 2019-06-30 21:02:09,668: +PARAM [/m2wr/joint4_position_controller/pid/d] by /roslaunch
[rosmaster.master][INFO] 2019-06-30 21:02:09,669: +PARAM [/m2wr/joint2_position_controller/pid/d] by /roslaunch
[rosmaster.master][INFO] 2019-06-30 21:02:09,669: +PARAM [/m2wr/joint3_position_controller/pid/p] by /roslaunch
[rosmaster.master][INFO] 2019-06-30 21:02:09,669: +PARAM [/m2wr/lgrip_position_controller/joint] by /roslaunch
[rosmaster.master][INFO] 2019-06-30 21:02:09,669: +PARAM [/m2wr/lgrip_position_controller/pid/p] by /roslaunch
[rosmaster.master][INFO] 2019-06-30 21:02:09,669: +PARAM [/m2wr/joint4_position_controller/pid/p] by /roslaunch
[rosmaster.master][INFO] 2019-06-30 21:02:09,669: +PARAM [/m2wr/lgrip_position_controller/pid/i] by /roslaunch
[rosmaster.master][INFO] 2019-06-30 21:02:09,669: +PARAM [/m2wr/joint_state_controller/publish_rate] by /roslaunch
[rosmaster.master][INFO] 2019-06-30 21:02:09,669: +PARAM [/m2wr/joint_state_controller/type] by /roslaunch
[rosmaster.master][INFO] 2019-06-30 21:02:09,669: +PARAM [/m2wr/joint2_position_controller/type] by /roslaunch
[rosmaster.master][INFO] 2019-06-30 21:02:09,669: +PARAM [/m2wr/joint4_position_controller/type] by /roslaunch
[rosmaster.master][INFO] 2019-06-30 21:02:09,669: +PARAM [/m2wr/joint3_position_controller/pid/i] by /roslaunch
[rosmaster.master][INFO] 2019-06-30 21:02:09,670: +PARAM [/m2wr/lgrip_position_controller/pid/d] by /roslaunch
[rosmaster.master][INFO] 2019-06-30 21:02:09,729: +SERVICE [/rosout/get_loggers] /rosout http://dc5b429f784e:43169/
[rosmaster.master][INFO] 2019-06-30 21:02:09,730: +SERVICE [/rosout/set_logger_level] /rosout http://dc5b429f784e:43169/
[rosmaster.master][INFO] 2019-06-30 21:02:09,737: +SUB [/clock] /rosout http://dc5b429f784e:43169/
[rosmaster.master][INFO] 2019-06-30 21:02:09,738: +PUB [/rosout_agg] /rosout http://dc5b429f784e:43169/
[rosmaster.master][INFO] 2019-06-30 21:02:09,744: +SUB [/rosout] /rosout http://dc5b429f784e:43169/
[rosmaster.master][INFO] 2019-06-30 21:02:10,888: +PUB [/rosout] /gazebo http://dc5b429f784e:34667/
[rosmaster.master][INFO] 2019-06-30 21:02:10,889: +SERVICE [/gazebo/get_loggers] /gazebo http://dc5b429f784e:34667/
[rosmaster.master][INFO] 2019-06-30 21:02:10,891: +SERVICE [/gazebo/set_logger_level] /gazebo http://dc5b429f784e:34667/
[rosmaster.master][INFO] 2019-06-30 21:02:10,896: publisherUpdate[/rosout] -> http://dc5b429f784e:43169/ ['http://dc5b429f784e:34667/']
[rosmaster.master][INFO] 2019-06-30 21:02:10,900: publisherUpdate[/rosout] -> http://dc5b429f784e:43169/ ['http://dc5b429f784e:34667/']: sec=0.00, result=[1, '', 0]
[rosmaster.master][INFO] 2019-06-30 21:02:10,902: +SUB [/clock] /gazebo http://dc5b429f784e:34667/
[rosmaster.master][INFO] 2019-06-30 21:02:10,918: +PUB [/rosout] /gazebo_gui http://dc5b429f784e:36357/
[rosmaster.master][INFO] 2019-06-30 21:02:10,930: +SERVICE [/gazebo_gui/get_loggers] /gazebo_gui http://dc5b429f784e:36357/
[rosmaster.master][INFO] 2019-06-30 21:02:10,932: +SERVICE [/gazebo_gui/set_logger_level] /gazebo_gui http://dc5b429f784e:36357/
[rosmaster.master][INFO] 2019-06-30 21:02:10,945: +SUB [/clock] /gazebo_gui http://dc5b429f784e:36357/
[rosmaster.master][INFO] 2019-06-30 21:02:10,997: publisherUpdate[/rosout] -> http://dc5b429f784e:43169/ ['http://dc5b429f784e:34667/', 'http://dc5b429f784e:36357/']
[rosmaster.master][INFO] 2019-06-30 21:02:10,998: publisherUpdate[/rosout] -> http://dc5b429f784e:43169/ ['http://dc5b429f784e:34667/', 'http://dc5b429f784e:36357/']: sec=0.00, result=[1, '', 0]
[rosmaster.master][INFO] 2019-06-30 21:02:11,227: +PUB [/rosout] /robot_state_publisher http://dc5b429f784e:34449/
[rosmaster.master][INFO] 2019-06-30 21:02:11,229: +SERVICE [/robot_state_publisher/get_loggers] /robot_state_publisher http://dc5b429f784e:34449/
[rosmaster.master][INFO] 2019-06-30 21:02:11,230: +SERVICE [/robot_state_publisher/set_logger_level] /robot_state_publisher http://dc5b429f784e:34449/
[rosmaster.master][INFO] 2019-06-30 21:02:11,238: +SUB [/clock] /robot_state_publisher http://dc5b429f784e:34449/
[rosmaster.master][INFO] 2019-06-30 21:02:11,243: +PUB [/tf] /robot_state_publisher http://dc5b429f784e:34449/
[rosmaster.master][INFO] 2019-06-30 21:02:11,244: +PUB [/tf_static] /robot_state_publisher http://dc5b429f784e:34449/
[rosmaster.master][INFO] 2019-06-30 21:02:11,256: +SUB [/m2wr/joint_states] /robot_state_publisher http://dc5b429f784e:34449/
[rosmaster.master][INFO] 2019-06-30 21:02:11,298: publisherUpdate[/rosout] -> http://dc5b429f784e:43169/ ['http://dc5b429f784e:34667/', 'http://dc5b429f784e:36357/', 'http://dc5b429f784e:34449/']
[rosmaster.master][INFO] 2019-06-30 21:02:11,299: publisherUpdate[/rosout] -> http://dc5b429f784e:43169/ ['http://dc5b429f784e:34667/', 'http://dc5b429f784e:36357/', 'http://dc5b429f784e:34449/']: sec=0.00, result=[1, '', 0]
[rosmaster.master][INFO] 2019-06-30 21:02:11,307: +PUB [/rosout] /controller_spawner http://dc5b429f784e:34075/
[rosmaster.master][INFO] 2019-06-30 21:02:11,311: +SUB [/clock] /controller_spawner http://dc5b429f784e:34075/
[rosmaster.master][INFO] 2019-06-30 21:02:11,313: +SERVICE [/controller_spawner/get_loggers] /controller_spawner http://dc5b429f784e:34075/
[rosmaster.master][INFO] 2019-06-30 21:02:11,315: +SERVICE [/controller_spawner/set_logger_level] /controller_spawner http://dc5b429f784e:34075/
[rosmaster.master][INFO] 2019-06-30 21:02:11,374: +PUB [/clock] /gazebo http://dc5b429f784e:34667/
[rosmaster.master][INFO] 2019-06-30 21:02:11,376: +SERVICE [/gazebo/spawn_sdf_model] /gazebo http://dc5b429f784e:34667/
[rosmaster.master][INFO] 2019-06-30 21:02:11,377: +SERVICE [/gazebo/spawn_urdf_model] /gazebo http://dc5b429f784e:34667/
[rosmaster.master][INFO] 2019-06-30 21:02:11,378: +SERVICE [/gazebo/delete_model] /gazebo http://dc5b429f784e:34667/
[rosmaster.master][INFO] 2019-06-30 21:02:11,379: +SERVICE [/gazebo/delete_light] /gazebo http://dc5b429f784e:34667/
[rosmaster.master][INFO] 2019-06-30 21:02:11,381: +SERVICE [/gazebo/get_model_properties] /gazebo http://dc5b429f784e:34667/
[rosmaster.master][INFO] 2019-06-30 21:02:11,383: +SERVICE [/gazebo/get_model_state] /gazebo http://dc5b429f784e:34667/
[rosmaster.master][INFO] 2019-06-30 21:02:11,384: +SERVICE [/gazebo/get_world_properties] /gazebo http://dc5b429f784e:34667/
[rosmaster.master][INFO] 2019-06-30 21:02:11,385: +SERVICE [/gazebo/get_joint_properties] /gazebo http://dc5b429f784e:34667/
[rosmaster.master][INFO] 2019-06-30 21:02:11,386: +SERVICE [/gazebo/get_link_properties] /gazebo http://dc5b429f784e:34667/
[rosmaster.master][INFO] 2019-06-30 21:02:11,387: +SERVICE [/gazebo/get_link_state] /gazebo http://dc5b429f784e:34667/
[rosmaster.master][INFO] 2019-06-30 21:02:11,390: +SERVICE [/gazebo/get_light_properties] /gazebo http://dc5b429f784e:34667/
[rosmaster.master][INFO] 2019-06-30 21:02:11,392: +SERVICE [/gazebo/set_light_properties] /gazebo http://dc5b429f784e:34667/
[rosmaster.master][INFO] 2019-06-30 21:02:11,393: +SERVICE [/gazebo/get_physics_properties] /gazebo http://dc5b429f784e:34667/
[rosmaster.master][INFO] 2019-06-30 21:02:11,394: +PUB [/gazebo/link_states] /gazebo http://dc5b429f784e:34667/
[rosmaster.master][INFO] 2019-06-30 21:02:11,395: +PUB [/gazebo/model_states] /gazebo http://dc5b429f784e:34667/
[rosmaster.master][INFO] 2019-06-30 21:02:11,396: +SERVICE [/gazebo/set_link_properties] /gazebo http://dc5b429f784e:34667/
[rosmaster.master][INFO] 2019-06-30 21:02:11,397: +SERVICE [/gazebo/set_physics_properties] /gazebo http://dc5b429f784e:34667/
[rosmaster.master][INFO] 2019-06-30 21:02:11,398: +SERVICE [/gazebo/set_model_state] /gazebo http://dc5b429f784e:34667/
[rosmaster.master][INFO] 2019-06-30 21:02:11,399: publisherUpdate[/rosout] -> http://dc5b429f784e:43169/ ['http://dc5b429f784e:34667/', 'http://dc5b429f784e:36357/', 'http://dc5b429f784e:34449/', 'http://dc5b429f784e:34075/']
[rosmaster.master][INFO] 2019-06-30 21:02:11,399: publisherUpdate[/clock] -> http://dc5b429f784e:34667/ ['http://dc5b429f784e:34667/']
[rosmaster.master][INFO] 2019-06-30 21:02:11,401: +SERVICE [/gazebo/set_model_configuration] /gazebo http://dc5b429f784e:34667/
[rosmaster.master][INFO] 2019-06-30 21:02:11,400: publisherUpdate[/rosout] -> http://dc5b429f784e:43169/ ['http://dc5b429f784e:34667/', 'http://dc5b429f784e:36357/', 'http://dc5b429f784e:34449/', 'http://dc5b429f784e:34075/']: sec=0.00, result=[1, '', 0]
[rosmaster.master][INFO] 2019-06-30 21:02:11,402: publisherUpdate[/clock] -> http://dc5b429f784e:43169/ ['http://dc5b429f784e:34667/']
[rosmaster.master][INFO] 2019-06-30 21:02:11,402: publisherUpdate[/clock] -> http://dc5b429f784e:34667/ ['http://dc5b429f784e:34667/']: sec=0.00, result=[1, '', 0]
[rosmaster.master][INFO] 2019-06-30 21:02:11,401: publisherUpdate[/clock] -> http://dc5b429f784e:36357/ ['http://dc5b429f784e:34667/']
[rosmaster.master][INFO] 2019-06-30 21:02:11,404: publisherUpdate[/clock] -> http://dc5b429f784e:34449/ ['http://dc5b429f784e:34667/']
[rosmaster.master][INFO] 2019-06-30 21:02:11,404: publisherUpdate[/clock] -> http://dc5b429f784e:43169/ ['http://dc5b429f784e:34667/']: sec=0.00, result=[1, '', 0]
[rosmaster.master][INFO] 2019-06-30 21:02:11,404: +SERVICE [/gazebo/set_joint_properties] /gazebo http://dc5b429f784e:34667/
[rosmaster.master][INFO] 2019-06-30 21:02:11,406: publisherUpdate[/clock] -> http://dc5b429f784e:34075/ ['http://dc5b429f784e:34667/']
[rosmaster.master][INFO] 2019-06-30 21:02:11,407: publisherUpdate[/clock] -> http://dc5b429f784e:36357/ ['http://dc5b429f784e:34667/']: sec=0.00, result=[1, '', 0]
[rosmaster.master][INFO] 2019-06-30 21:02:11,408: publisherUpdate[/clock] -> http://dc5b429f784e:34449/ ['http://dc5b429f784e:34667/']: sec=0.00, result=[1, '', 0]
[rosmaster.master][INFO] 2019-06-30 21:02:11,408: +SERVICE [/gazebo/set_link_state] /gazebo http://dc5b429f784e:34667/
[rosmaster.master][INFO] 2019-06-30 21:02:11,409: publisherUpdate[/clock] -> http://dc5b429f784e:34075/ ['http://dc5b429f784e:34667/']: sec=0.00, result=[1, '', 0]
[rosmaster.master][INFO] 2019-06-30 21:02:11,415: +SUB [/gazebo/set_link_state] /gazebo http://dc5b429f784e:34667/
[rosmaster.master][INFO] 2019-06-30 21:02:11,420: +SUB [/gazebo/set_model_state] /gazebo http://dc5b429f784e:34667/
[rosmaster.master][INFO] 2019-06-30 21:02:11,421: +SERVICE [/gazebo/pause_physics] /gazebo http://dc5b429f784e:34667/
[rosmaster.master][INFO] 2019-06-30 21:02:11,422: +SERVICE [/gazebo/unpause_physics] /gazebo http://dc5b429f784e:34667/
[rosmaster.master][INFO] 2019-06-30 21:02:11,422: +SERVICE [/gazebo/apply_body_wrench] /gazebo http://dc5b429f784e:34667/
[rosmaster.master][INFO] 2019-06-30 21:02:11,423: +SERVICE [/gazebo/apply_joint_effort] /gazebo http://dc5b429f784e:34667/
[rosmaster.master][INFO] 2019-06-30 21:02:11,425: +SERVICE [/gazebo/clear_joint_forces] /gazebo http://dc5b429f784e:34667/
[rosmaster.master][INFO] 2019-06-30 21:02:11,426: +SERVICE [/gazebo/clear_body_wrenches] /gazebo http://dc5b429f784e:34667/
[rosmaster.master][INFO] 2019-06-30 21:02:11,427: +SERVICE [/gazebo/reset_simulation] /gazebo http://dc5b429f784e:34667/
[rosmaster.master][INFO] 2019-06-30 21:02:11,428: +SERVICE [/gazebo/reset_world] /gazebo http://dc5b429f784e:34667/
[rosmaster.master][INFO] 2019-06-30 21:02:11,873: +PUB [/rosout] /mybot_spawn http://dc5b429f784e:37257/
[rosmaster.master][INFO] 2019-06-30 21:02:11,877: +SUB [/clock] /mybot_spawn http://dc5b429f784e:37257/
[rosmaster.master][INFO] 2019-06-30 21:02:11,880: +SERVICE [/mybot_spawn/get_loggers] /mybot_spawn http://dc5b429f784e:37257/
[rosmaster.master][INFO] 2019-06-30 21:02:11,882: +SERVICE [/mybot_spawn/set_logger_level] /mybot_spawn http://dc5b429f784e:37257/
[rosmaster.master][INFO] 2019-06-30 21:02:11,908: publisherUpdate[/rosout] -> http://dc5b429f784e:43169/ ['http://dc5b429f784e:34667/', 'http://dc5b429f784e:36357/', 'http://dc5b429f784e:34449/', 'http://dc5b429f784e:34075/', 'http://dc5b429f784e:37257/']
[rosmaster.master][INFO] 2019-06-30 21:02:11,909: publisherUpdate[/rosout] -> http://dc5b429f784e:43169/ ['http://dc5b429f784e:34667/', 'http://dc5b429f784e:36357/', 'http://dc5b429f784e:34449/', 'http://dc5b429f784e:34075/', 'http://dc5b429f784e:37257/']: sec=0.00, result=[1, '', 0]
[rosmaster.master][INFO] 2019-06-30 21:02:12,197: -SUB [/clock] /mybot_spawn http://dc5b429f784e:37257/
[rosmaster.master][INFO] 2019-06-30 21:02:12,197: -PUB [/rosout] /mybot_spawn http://dc5b429f784e:37257/
[rosmaster.master][INFO] 2019-06-30 21:02:12,197: -SERVICE [/mybot_spawn/set_logger_level] /mybot_spawn rosrpc://dc5b429f784e:38409
[rosmaster.master][INFO] 2019-06-30 21:02:12,197: -SERVICE [/mybot_spawn/get_loggers] /mybot_spawn rosrpc://dc5b429f784e:38409
[rosmaster.master][ERROR] 2019-06-30 21:02:12,206: Traceback (most recent call last):
  File "/opt/ros/kinetic/lib/python2.7/dist-packages/rosmaster/master_api.py", line 177, in validated_f
    code, msg, val = f(*newArgs, **kwds)
  File "/opt/ros/kinetic/lib/python2.7/dist-packages/rosmaster/master_api.py", line 435, in searchParam
    search_key = self.param_server.search_param(caller_id, key)
  File "/opt/ros/kinetic/lib/python2.7/dist-packages/rosmaster/paramserver.py", line 116, in search_param
    raise ValueError("namespace must be global")
ValueError: namespace must be global

[rosmaster.master][INFO] 2019-06-30 21:02:12,208: +PUB [/m2wr/laser/scan] /gazebo http://dc5b429f784e:34667/
[rosmaster.master][INFO] 2019-06-30 21:02:12,210: publisherUpdate[/rosout] -> http://dc5b429f784e:43169/ ['http://dc5b429f784e:34667/', 'http://dc5b429f784e:36357/', 'http://dc5b429f784e:34449/', 'http://dc5b429f784e:34075/']
[rosmaster.master][INFO] 2019-06-30 21:02:12,211: publisherUpdate[/rosout] -> http://dc5b429f784e:43169/ ['http://dc5b429f784e:34667/', 'http://dc5b429f784e:36357/', 'http://dc5b429f784e:34449/', 'http://dc5b429f784e:34075/']: sec=0.00, result=[1, '', 0]
[rosmaster.master][ERROR] 2019-06-30 21:02:12,306: Traceback (most recent call last):
  File "/opt/ros/kinetic/lib/python2.7/dist-packages/rosmaster/master_api.py", line 177, in validated_f
    code, msg, val = f(*newArgs, **kwds)
  File "/opt/ros/kinetic/lib/python2.7/dist-packages/rosmaster/master_api.py", line 435, in searchParam
    search_key = self.param_server.search_param(caller_id, key)
  File "/opt/ros/kinetic/lib/python2.7/dist-packages/rosmaster/paramserver.py", line 116, in search_param
    raise ValueError("namespace must be global")
ValueError: namespace must be global

[rosmaster.master][INFO] 2019-06-30 21:02:12,308: +PUB [/joint_states] /gazebo http://dc5b429f784e:34667/
[rosmaster.master][INFO] 2019-06-30 21:02:12,310: +PUB [/tf] /gazebo http://dc5b429f784e:34667/
[rosmaster.master][INFO] 2019-06-30 21:02:12,316: +SUB [/cmd_vel] /gazebo http://dc5b429f784e:34667/
[rosmaster.master][INFO] 2019-06-30 21:02:12,317: +PUB [/odom] /gazebo http://dc5b429f784e:34667/
[rosmaster.master][INFO] 2019-06-30 21:02:41,339: -SUB [/clock] /controller_spawner http://dc5b429f784e:34075/
[rosmaster.master][INFO] 2019-06-30 21:02:41,340: -PUB [/rosout] /controller_spawner http://dc5b429f784e:34075/
[rosmaster.master][INFO] 2019-06-30 21:02:41,340: -SERVICE [/controller_spawner/set_logger_level] /controller_spawner rosrpc://dc5b429f784e:44893
[rosmaster.master][INFO] 2019-06-30 21:02:41,340: -SERVICE [/controller_spawner/get_loggers] /controller_spawner rosrpc://dc5b429f784e:44893
[rosmaster.master][INFO] 2019-06-30 21:02:41,359: publisherUpdate[/rosout] -> http://dc5b429f784e:43169/ ['http://dc5b429f784e:34667/', 'http://dc5b429f784e:36357/', 'http://dc5b429f784e:34449/']
[rosmaster.master][INFO] 2019-06-30 21:02:41,360: publisherUpdate[/rosout] -> http://dc5b429f784e:43169/ ['http://dc5b429f784e:34667/', 'http://dc5b429f784e:36357/', 'http://dc5b429f784e:34449/']: sec=0.00, result=[1, '', 0]
[rosmaster.master][INFO] 2019-06-30 21:02:43,749: -SUB [/gazebo/set_link_state] /gazebo http://dc5b429f784e:34667/
[rosmaster.master][INFO] 2019-06-30 21:02:43,751: -SUB [/gazebo/set_model_state] /gazebo http://dc5b429f784e:34667/
[rosmaster.master][INFO] 2019-06-30 21:02:43,752: -PUB [/clock] /gazebo http://dc5b429f784e:34667/
[rosmaster.master][INFO] 2019-06-30 21:02:43,753: -PUB [/gazebo/link_states] /gazebo http://dc5b429f784e:34667/
[rosmaster.master][INFO] 2019-06-30 21:02:43,754: -PUB [/gazebo/model_states] /gazebo http://dc5b429f784e:34667/
[rosmaster.master][INFO] 2019-06-30 21:02:43,755: -SERVICE [/gazebo/spawn_sdf_model] /gazebo rosrpc://dc5b429f784e:47867
[rosmaster.master][INFO] 2019-06-30 21:02:43,757: -SERVICE [/gazebo/spawn_urdf_model] /gazebo rosrpc://dc5b429f784e:47867
[rosmaster.master][INFO] 2019-06-30 21:02:43,758: -PUB [/rosout] /robot_state_publisher http://dc5b429f784e:34449/
[rosmaster.master][INFO] 2019-06-30 21:02:43,759: -SERVICE [/gazebo/delete_model] /gazebo rosrpc://dc5b429f784e:47867
[rosmaster.master][INFO] 2019-06-30 21:02:43,760: -PUB [/tf] /robot_state_publisher http://dc5b429f784e:34449/
[rosmaster.master][INFO] 2019-06-30 21:02:43,762: -SERVICE [/gazebo/delete_light] /gazebo rosrpc://dc5b429f784e:47867
[rosmaster.master][INFO] 2019-06-30 21:02:43,763: -PUB [/tf_static] /robot_state_publisher http://dc5b429f784e:34449/
[rosmaster.master][INFO] 2019-06-30 21:02:43,765: publisherUpdate[/clock] -> http://dc5b429f784e:43169/ []
[rosmaster.master][INFO] 2019-06-30 21:02:43,765: -SERVICE [/gazebo/get_model_properties] /gazebo rosrpc://dc5b429f784e:47867
[rosmaster.master][INFO] 2019-06-30 21:02:43,768: publisherUpdate[/clock] -> http://dc5b429f784e:43169/ []: sec=0.00, result=[1, '', 0]
[rosmaster.master][INFO] 2019-06-30 21:02:43,768: -SUB [/clock] /robot_state_publisher http://dc5b429f784e:34449/
[rosmaster.master][INFO] 2019-06-30 21:02:43,768: publisherUpdate[/clock] -> http://dc5b429f784e:34667/ []
[rosmaster.master][INFO] 2019-06-30 21:02:43,769: -SERVICE [/gazebo/get_model_state] /gazebo rosrpc://dc5b429f784e:47867
[rosmaster.master][INFO] 2019-06-30 21:02:43,771: publisherUpdate[/clock] -> http://dc5b429f784e:34667/ []: sec=0.00, result=[1, '', 0]
[rosmaster.master][INFO] 2019-06-30 21:02:43,771: -SUB [/m2wr/joint_states] /robot_state_publisher http://dc5b429f784e:34449/
[rosmaster.master][INFO] 2019-06-30 21:02:43,772: publisherUpdate[/clock] -> http://dc5b429f784e:36357/ []
[rosmaster.master][INFO] 2019-06-30 21:02:43,774: -SERVICE [/gazebo/get_world_properties] /gazebo rosrpc://dc5b429f784e:47867
[rosmaster.master][INFO] 2019-06-30 21:02:43,775: publisherUpdate[/clock] -> http://dc5b429f784e:36357/ []: sec=0.00, result=[1, '', 0]
[rosmaster.master][INFO] 2019-06-30 21:02:43,776: publisherUpdate[/clock] -> http://dc5b429f784e:34449/ []
[rosmaster.master][INFO] 2019-06-30 21:02:43,777: -SERVICE [/robot_state_publisher/get_loggers] /robot_state_publisher rosrpc://dc5b429f784e:52707
[rosmaster.master][INFO] 2019-06-30 21:02:43,778: publisherUpdate[/clock] -> http://dc5b429f784e:34449/ []: sec=0.00, exception=<Fault -1: 'publisherUpdate: unknown method name'>
[rosmaster.master][INFO] 2019-06-30 21:02:43,779: -SERVICE [/gazebo/get_joint_properties] /gazebo rosrpc://dc5b429f784e:47867
[rosmaster.master][INFO] 2019-06-30 21:02:43,781: -SERVICE [/robot_state_publisher/set_logger_level] /robot_state_publisher rosrpc://dc5b429f784e:52707
[rosmaster.master][INFO] 2019-06-30 21:02:43,782: publisherUpdate[/rosout] -> http://dc5b429f784e:43169/ ['http://dc5b429f784e:34667/', 'http://dc5b429f784e:36357/']
[rosmaster.threadpool][ERROR] 2019-06-30 21:02:43,783: Traceback (most recent call last):
  File "/opt/ros/kinetic/lib/python2.7/dist-packages/rosmaster/threadpool.py", line 218, in run
    result = cmd(*args)
  File "/opt/ros/kinetic/lib/python2.7/dist-packages/rosmaster/master_api.py", line 210, in publisher_update_task
    ret = xmlrpcapi(api).publisherUpdate('/master', topic, pub_uris)
  File "/usr/lib/python2.7/xmlrpclib.py", line 1243, in __call__
    return self.__send(self.__name, args)
  File "/usr/lib/python2.7/xmlrpclib.py", line 1602, in __request
    verbose=self.__verbose
  File "/usr/lib/python2.7/xmlrpclib.py", line 1283, in request
    return self.single_request(host, handler, request_body, verbose)
  File "/usr/lib/python2.7/xmlrpclib.py", line 1316, in single_request
    return self.parse_response(response)
  File "/usr/lib/python2.7/xmlrpclib.py", line 1493, in parse_response
    return u.close()
  File "/usr/lib/python2.7/xmlrpclib.py", line 800, in close
    raise Fault(**self._stack[0])
Fault: <Fault -1: 'publisherUpdate: unknown method name'>

[rosmaster.master][INFO] 2019-06-30 21:02:43,784: -SERVICE [/gazebo/get_link_properties] /gazebo rosrpc://dc5b429f784e:47867
[rosmaster.master][INFO] 2019-06-30 21:02:43,785: publisherUpdate[/rosout] -> http://dc5b429f784e:43169/ ['http://dc5b429f784e:34667/', 'http://dc5b429f784e:36357/']: sec=0.00, result=[1, '', 0]
[rosmaster.master][INFO] 2019-06-30 21:02:43,786: -SERVICE [/gazebo/get_link_state] /gazebo rosrpc://dc5b429f784e:47867
[rosmaster.master][INFO] 2019-06-30 21:02:43,787: -SERVICE [/gazebo/get_light_properties] /gazebo rosrpc://dc5b429f784e:47867
[rosmaster.master][INFO] 2019-06-30 21:02:43,788: -SERVICE [/gazebo/set_light_properties] /gazebo rosrpc://dc5b429f784e:47867
[rosmaster.master][INFO] 2019-06-30 21:02:43,790: -SERVICE [/gazebo/get_physics_properties] /gazebo rosrpc://dc5b429f784e:47867
[rosmaster.master][INFO] 2019-06-30 21:02:43,791: -SERVICE [/gazebo/set_link_properties] /gazebo rosrpc://dc5b429f784e:47867
[rosmaster.master][INFO] 2019-06-30 21:02:43,792: -SERVICE [/gazebo/set_physics_properties] /gazebo rosrpc://dc5b429f784e:47867
[rosmaster.master][INFO] 2019-06-30 21:02:43,793: -SERVICE [/gazebo/set_model_state] /gazebo rosrpc://dc5b429f784e:47867
[rosmaster.master][INFO] 2019-06-30 21:02:43,795: -SERVICE [/gazebo/set_model_configuration] /gazebo rosrpc://dc5b429f784e:47867
[rosmaster.master][INFO] 2019-06-30 21:02:43,796: -SERVICE [/gazebo/set_joint_properties] /gazebo rosrpc://dc5b429f784e:47867
[rosmaster.master][INFO] 2019-06-30 21:02:43,797: -SERVICE [/gazebo/set_link_state] /gazebo rosrpc://dc5b429f784e:47867
[rosmaster.master][INFO] 2019-06-30 21:02:43,798: -SERVICE [/gazebo/pause_physics] /gazebo rosrpc://dc5b429f784e:47867
[rosmaster.master][INFO] 2019-06-30 21:02:43,799: -SERVICE [/gazebo/unpause_physics] /gazebo rosrpc://dc5b429f784e:47867
[rosmaster.master][INFO] 2019-06-30 21:02:43,800: -SERVICE [/gazebo/apply_body_wrench] /gazebo rosrpc://dc5b429f784e:47867
[rosmaster.master][INFO] 2019-06-30 21:02:43,801: -SERVICE [/gazebo/apply_joint_effort] /gazebo rosrpc://dc5b429f784e:47867
[rosmaster.master][INFO] 2019-06-30 21:02:43,802: -SERVICE [/gazebo/clear_joint_forces] /gazebo rosrpc://dc5b429f784e:47867
[rosmaster.master][INFO] 2019-06-30 21:02:43,803: -SERVICE [/gazebo/clear_body_wrenches] /gazebo rosrpc://dc5b429f784e:47867
[rosmaster.master][INFO] 2019-06-30 21:02:43,811: -SERVICE [/gazebo/reset_simulation] /gazebo rosrpc://dc5b429f784e:47867
[rosmaster.master][INFO] 2019-06-30 21:02:43,812: -SERVICE [/gazebo/reset_world] /gazebo rosrpc://dc5b429f784e:47867
[rosmaster.master][INFO] 2019-06-30 21:03:08,256: -PUB [/rosout_agg] /rosout http://dc5b429f784e:43169/
[rosmaster.master][INFO] 2019-06-30 21:03:08,257: -SUB [/clock] /rosout http://dc5b429f784e:43169/
[rosmaster.master][INFO] 2019-06-30 21:03:08,258: -SUB [/rosout] /rosout http://dc5b429f784e:43169/
[rosmaster.master][INFO] 2019-06-30 21:03:08,259: -SERVICE [/rosout/get_loggers] /rosout rosrpc://dc5b429f784e:46077
[rosmaster.master][INFO] 2019-06-30 21:03:08,260: -SERVICE [/rosout/set_logger_level] /rosout rosrpc://dc5b429f784e:46077
[rosmaster.main][INFO] 2019-06-30 21:03:08,277: keyboard interrupt, will exit
[rosmaster.main][INFO] 2019-06-30 21:03:08,277: stopping master...
[rospy.core][INFO] 2019-06-30 21:03:08,277: signal_shutdown [atexit]
