[rospy.client][INFO] 2019-06-30 21:02:11,767: init_node, name[/mybot_spawn], pid[449]
[xmlrpc][INFO] 2019-06-30 21:02:11,768: XML-RPC server binding to 0.0.0.0:0
[xmlrpc][INFO] 2019-06-30 21:02:11,768: Started XML-RPC server [http://dc5b429f784e:37257/]
[rospy.init][INFO] 2019-06-30 21:02:11,768: ROS Slave URI: [http://dc5b429f784e:37257/]
[rospy.impl.masterslave][INFO] 2019-06-30 21:02:11,769: _ready: http://dc5b429f784e:37257/
[xmlrpc][INFO] 2019-06-30 21:02:11,769: xml rpc node: starting XML-RPC server
[rospy.registration][INFO] 2019-06-30 21:02:11,770: Registering with master node http://localhost:11311
[rospy.init][INFO] 2019-06-30 21:02:11,872: registered with master
[rospy.rosout][INFO] 2019-06-30 21:02:11,872: initializing /rosout core topic
[rospy.rosout][INFO] 2019-06-30 21:02:11,874: connected to core topic /rosout
[rospy.simtime][INFO] 2019-06-30 21:02:11,875: initializing /clock core topic
[rospy.simtime][INFO] 2019-06-30 21:02:11,878: connected to core topic /clock
[rosout][INFO] 2019-06-30 21:02:11,883: Loading model XML from ros parameter
[rospy.internal][INFO] 2019-06-30 21:02:11,888: topic[/clock] adding connection to [http://dc5b429f784e:34667/], count 0
[rosout][INFO] 2019-06-30 21:02:11,892: Waiting for service /gazebo/spawn_urdf_model
[rosout][INFO] 2019-06-30 21:02:11,896: Calling service /gazebo/spawn_urdf_model
[rospy.internal][INFO] 2019-06-30 21:02:12,111: topic[/rosout] adding connection to [/rosout], count 0
[rosout][INFO] 2019-06-30 21:02:12,195: Spawn status: SpawnModel: Successfully spawned entity
[rospy.core][INFO] 2019-06-30 21:02:12,195: signal_shutdown [atexit]
[rospy.internal][INFO] 2019-06-30 21:02:12,198: topic[/rosout] removing connection to /rosout
[rospy.internal][INFO] 2019-06-30 21:02:12,198: topic[/clock] removing connection to http://dc5b429f784e:34667/
[rospy.impl.masterslave][INFO] 2019-06-30 21:02:12,198: atexit
