[rosmaster.main][INFO] 2019-06-25 13:20:39,624: initialization complete, waiting for shutdown
[rosmaster.main][INFO] 2019-06-25 13:20:39,625: Starting ROS Master Node
[xmlrpc][INFO] 2019-06-25 13:20:39,626: XML-RPC server binding to 0.0.0.0:11311
[xmlrpc][INFO] 2019-06-25 13:20:39,626: Started XML-RPC server [http://dc5b429f784e:11311/]
[xmlrpc][INFO] 2019-06-25 13:20:39,626: xml rpc node: starting XML-RPC server
[rosmaster.master][INFO] 2019-06-25 13:20:39,626: Master initialized: port[11311], uri[http://dc5b429f784e:11311/]
[rosmaster.master][INFO] 2019-06-25 13:20:39,643: +PARAM [/run_id] by /roslaunch
[rosmaster.master][INFO] 2019-06-25 13:20:39,644: +PARAM [/roslaunch/uris/host_dc5b429f784e__43767] by /roslaunch
[rosmaster.master][INFO] 2019-06-25 13:20:40,004: +PARAM [/rosversion] by /roslaunch
[rosmaster.master][INFO] 2019-06-25 13:20:40,004: +PARAM [/rosdistro] by /roslaunch
[rosmaster.master][INFO] 2019-06-25 13:20:40,022: +SERVICE [/rosout/get_loggers] /rosout http://dc5b429f784e:40729/
[rosmaster.master][INFO] 2019-06-25 13:20:40,024: +SERVICE [/rosout/set_logger_level] /rosout http://dc5b429f784e:40729/
[rosmaster.master][INFO] 2019-06-25 13:20:40,026: +PUB [/rosout_agg] /rosout http://dc5b429f784e:40729/
[rosmaster.master][INFO] 2019-06-25 13:20:40,031: +SUB [/rosout] /rosout http://dc5b429f784e:40729/
[rosmaster.master][INFO] 2019-06-25 13:20:55,967: +PARAM [/roslaunch/uris/host_dc5b429f784e__44235] by /roslaunch
[rosmaster.master][INFO] 2019-06-25 13:20:55,970: +PARAM [/rosversion] by /roslaunch
[rosmaster.master][INFO] 2019-06-25 13:20:55,970: +PARAM [/use_sim_time] by /roslaunch
[rosmaster.master][INFO] 2019-06-25 13:20:55,970: +PARAM [/rosdistro] by /roslaunch
[rosmaster.master][INFO] 2019-06-25 13:20:55,970: +PARAM [/robot_description] by /roslaunch
[rosmaster.master][INFO] 2019-06-25 13:20:56,792: +PUB [/rosout] /gazebo http://dc5b429f784e:35387/
[rosmaster.master][INFO] 2019-06-25 13:20:56,793: +SERVICE [/gazebo/get_loggers] /gazebo http://dc5b429f784e:35387/
[rosmaster.master][INFO] 2019-06-25 13:20:56,794: +SERVICE [/gazebo/set_logger_level] /gazebo http://dc5b429f784e:35387/
[rosmaster.master][INFO] 2019-06-25 13:20:56,802: +SUB [/clock] /gazebo http://dc5b429f784e:35387/
[rosmaster.master][INFO] 2019-06-25 13:20:56,880: publisherUpdate[/rosout] -> http://dc5b429f784e:40729/ ['http://dc5b429f784e:35387/']
[rosmaster.master][INFO] 2019-06-25 13:20:56,881: publisherUpdate[/rosout] -> http://dc5b429f784e:40729/ ['http://dc5b429f784e:35387/']: sec=0.00, result=[1, '', 0]
[rosmaster.master][INFO] 2019-06-25 13:20:57,297: +PUB [/clock] /gazebo http://dc5b429f784e:35387/
[rosmaster.master][INFO] 2019-06-25 13:20:57,299: +SERVICE [/gazebo/spawn_sdf_model] /gazebo http://dc5b429f784e:35387/
[rosmaster.master][INFO] 2019-06-25 13:20:57,300: +SERVICE [/gazebo/spawn_urdf_model] /gazebo http://dc5b429f784e:35387/
[rosmaster.master][INFO] 2019-06-25 13:20:57,301: +SERVICE [/gazebo/delete_model] /gazebo http://dc5b429f784e:35387/
[rosmaster.master][INFO] 2019-06-25 13:20:57,302: +SERVICE [/gazebo/delete_light] /gazebo http://dc5b429f784e:35387/
[rosmaster.master][INFO] 2019-06-25 13:20:57,303: +SERVICE [/gazebo/get_model_properties] /gazebo http://dc5b429f784e:35387/
[rosmaster.master][INFO] 2019-06-25 13:20:57,304: +SERVICE [/gazebo/get_model_state] /gazebo http://dc5b429f784e:35387/
[rosmaster.master][INFO] 2019-06-25 13:20:57,305: +SERVICE [/gazebo/get_world_properties] /gazebo http://dc5b429f784e:35387/
[rosmaster.master][INFO] 2019-06-25 13:20:57,306: +SERVICE [/gazebo/get_joint_properties] /gazebo http://dc5b429f784e:35387/
[rosmaster.master][INFO] 2019-06-25 13:20:57,307: +SERVICE [/gazebo/get_link_properties] /gazebo http://dc5b429f784e:35387/
[rosmaster.master][INFO] 2019-06-25 13:20:57,308: +SERVICE [/gazebo/get_link_state] /gazebo http://dc5b429f784e:35387/
[rosmaster.master][INFO] 2019-06-25 13:20:57,309: +SERVICE [/gazebo/get_light_properties] /gazebo http://dc5b429f784e:35387/
[rosmaster.master][INFO] 2019-06-25 13:20:57,309: +SERVICE [/gazebo/set_light_properties] /gazebo http://dc5b429f784e:35387/
[rosmaster.master][INFO] 2019-06-25 13:20:57,310: +SERVICE [/gazebo/get_physics_properties] /gazebo http://dc5b429f784e:35387/
[rosmaster.master][INFO] 2019-06-25 13:20:57,311: +PUB [/gazebo/link_states] /gazebo http://dc5b429f784e:35387/
[rosmaster.master][INFO] 2019-06-25 13:20:57,312: +PUB [/gazebo/model_states] /gazebo http://dc5b429f784e:35387/
[rosmaster.master][INFO] 2019-06-25 13:20:57,313: +SERVICE [/gazebo/set_link_properties] /gazebo http://dc5b429f784e:35387/
[rosmaster.master][INFO] 2019-06-25 13:20:57,314: +SERVICE [/gazebo/set_physics_properties] /gazebo http://dc5b429f784e:35387/
[rosmaster.master][INFO] 2019-06-25 13:20:57,315: +SERVICE [/gazebo/set_model_state] /gazebo http://dc5b429f784e:35387/
[rosmaster.master][INFO] 2019-06-25 13:20:57,316: +SERVICE [/gazebo/set_model_configuration] /gazebo http://dc5b429f784e:35387/
[rosmaster.master][INFO] 2019-06-25 13:20:57,317: +SERVICE [/gazebo/set_joint_properties] /gazebo http://dc5b429f784e:35387/
[rosmaster.master][INFO] 2019-06-25 13:20:57,318: +SERVICE [/gazebo/set_link_state] /gazebo http://dc5b429f784e:35387/
[rosmaster.master][INFO] 2019-06-25 13:20:57,322: +SUB [/gazebo/set_link_state] /gazebo http://dc5b429f784e:35387/
[rosmaster.master][INFO] 2019-06-25 13:20:57,327: +SUB [/gazebo/set_model_state] /gazebo http://dc5b429f784e:35387/
[rosmaster.master][INFO] 2019-06-25 13:20:57,328: +SERVICE [/gazebo/pause_physics] /gazebo http://dc5b429f784e:35387/
[rosmaster.master][INFO] 2019-06-25 13:20:57,329: +SERVICE [/gazebo/unpause_physics] /gazebo http://dc5b429f784e:35387/
[rosmaster.master][INFO] 2019-06-25 13:20:57,330: +SERVICE [/gazebo/apply_body_wrench] /gazebo http://dc5b429f784e:35387/
[rosmaster.master][INFO] 2019-06-25 13:20:57,331: +SERVICE [/gazebo/apply_joint_effort] /gazebo http://dc5b429f784e:35387/
[rosmaster.master][INFO] 2019-06-25 13:20:57,332: +SERVICE [/gazebo/clear_joint_forces] /gazebo http://dc5b429f784e:35387/
[rosmaster.master][INFO] 2019-06-25 13:20:57,333: +SERVICE [/gazebo/clear_body_wrenches] /gazebo http://dc5b429f784e:35387/
[rosmaster.master][INFO] 2019-06-25 13:20:57,334: +SERVICE [/gazebo/reset_simulation] /gazebo http://dc5b429f784e:35387/
[rosmaster.master][INFO] 2019-06-25 13:20:57,335: +SERVICE [/gazebo/reset_world] /gazebo http://dc5b429f784e:35387/
[rosmaster.master][INFO] 2019-06-25 13:20:57,382: publisherUpdate[/clock] -> http://dc5b429f784e:35387/ ['http://dc5b429f784e:35387/']
[rosmaster.master][INFO] 2019-06-25 13:20:57,383: publisherUpdate[/clock] -> http://dc5b429f784e:35387/ ['http://dc5b429f784e:35387/']: sec=0.00, result=[1, '', 0]
[rosmaster.master][INFO] 2019-06-25 13:20:57,488: +SERVICE [/gazebo/set_parameters] /gazebo http://dc5b429f784e:35387/
[rosmaster.master][INFO] 2019-06-25 13:20:57,489: +PUB [/gazebo/parameter_descriptions] /gazebo http://dc5b429f784e:35387/
[rosmaster.master][INFO] 2019-06-25 13:20:57,490: +PUB [/gazebo/parameter_updates] /gazebo http://dc5b429f784e:35387/
[rosmaster.master][INFO] 2019-06-25 13:20:57,506: +PARAM [/gazebo/time_step] by /gazebo
[rosmaster.master][INFO] 2019-06-25 13:20:57,508: +PARAM [/gazebo/max_update_rate] by /gazebo
[rosmaster.master][INFO] 2019-06-25 13:20:57,509: +PARAM [/gazebo/gravity_x] by /gazebo
[rosmaster.master][INFO] 2019-06-25 13:20:57,510: +PARAM [/gazebo/gravity_y] by /gazebo
[rosmaster.master][INFO] 2019-06-25 13:20:57,511: +PARAM [/gazebo/gravity_z] by /gazebo
[rosmaster.master][INFO] 2019-06-25 13:20:57,513: +PARAM [/gazebo/auto_disable_bodies] by /gazebo
[rosmaster.master][INFO] 2019-06-25 13:20:57,514: +PARAM [/gazebo/sor_pgs_precon_iters] by /gazebo
[rosmaster.master][INFO] 2019-06-25 13:20:57,516: +PARAM [/gazebo/sor_pgs_iters] by /gazebo
[rosmaster.master][INFO] 2019-06-25 13:20:57,517: +PARAM [/gazebo/sor_pgs_w] by /gazebo
[rosmaster.master][INFO] 2019-06-25 13:20:57,518: +PARAM [/gazebo/sor_pgs_rms_error_tol] by /gazebo
[rosmaster.master][INFO] 2019-06-25 13:20:57,520: +PARAM [/gazebo/cfm] by /gazebo
[rosmaster.master][INFO] 2019-06-25 13:20:57,521: +PARAM [/gazebo/erp] by /gazebo
[rosmaster.master][INFO] 2019-06-25 13:20:57,522: +PARAM [/gazebo/contact_surface_layer] by /gazebo
[rosmaster.master][INFO] 2019-06-25 13:20:57,524: +PARAM [/gazebo/contact_max_correcting_vel] by /gazebo
[rosmaster.master][INFO] 2019-06-25 13:20:57,525: +PARAM [/gazebo/max_contacts] by /gazebo
[rosmaster.master][INFO] 2019-06-25 13:20:57,530: +PARAM [/gazebo/time_step] by /gazebo
[rosmaster.master][INFO] 2019-06-25 13:20:57,531: +PARAM [/gazebo/max_update_rate] by /gazebo
[rosmaster.master][INFO] 2019-06-25 13:20:57,533: +PARAM [/gazebo/gravity_x] by /gazebo
[rosmaster.master][INFO] 2019-06-25 13:20:57,534: +PARAM [/gazebo/gravity_y] by /gazebo
[rosmaster.master][INFO] 2019-06-25 13:20:57,536: +PARAM [/gazebo/gravity_z] by /gazebo
[rosmaster.master][INFO] 2019-06-25 13:20:57,537: +PARAM [/gazebo/auto_disable_bodies] by /gazebo
[rosmaster.master][INFO] 2019-06-25 13:20:57,538: +PARAM [/gazebo/sor_pgs_precon_iters] by /gazebo
[rosmaster.master][INFO] 2019-06-25 13:20:57,540: +PARAM [/gazebo/sor_pgs_iters] by /gazebo
[rosmaster.master][INFO] 2019-06-25 13:20:57,541: +PARAM [/gazebo/sor_pgs_w] by /gazebo
[rosmaster.master][INFO] 2019-06-25 13:20:57,543: +PARAM [/gazebo/sor_pgs_rms_error_tol] by /gazebo
[rosmaster.master][INFO] 2019-06-25 13:20:57,544: +PARAM [/gazebo/cfm] by /gazebo
[rosmaster.master][INFO] 2019-06-25 13:20:57,545: +PARAM [/gazebo/erp] by /gazebo
[rosmaster.master][INFO] 2019-06-25 13:20:57,546: +PARAM [/gazebo/contact_surface_layer] by /gazebo
[rosmaster.master][INFO] 2019-06-25 13:20:57,548: +PARAM [/gazebo/contact_max_correcting_vel] by /gazebo
[rosmaster.master][INFO] 2019-06-25 13:20:57,549: +PARAM [/gazebo/max_contacts] by /gazebo
[rosmaster.master][INFO] 2019-06-25 13:20:57,903: +PUB [/rosout] /mybot_spawn http://dc5b429f784e:32827/
[rosmaster.master][INFO] 2019-06-25 13:20:57,908: +SUB [/clock] /mybot_spawn http://dc5b429f784e:32827/
[rosmaster.master][INFO] 2019-06-25 13:20:57,910: +SERVICE [/mybot_spawn/get_loggers] /mybot_spawn http://dc5b429f784e:32827/
[rosmaster.master][INFO] 2019-06-25 13:20:57,912: +SERVICE [/mybot_spawn/set_logger_level] /mybot_spawn http://dc5b429f784e:32827/
[rosmaster.master][INFO] 2019-06-25 13:20:57,985: publisherUpdate[/rosout] -> http://dc5b429f784e:40729/ ['http://dc5b429f784e:35387/', 'http://dc5b429f784e:32827/']
[rosmaster.master][INFO] 2019-06-25 13:20:57,985: publisherUpdate[/rosout] -> http://dc5b429f784e:40729/ ['http://dc5b429f784e:35387/', 'http://dc5b429f784e:32827/']: sec=0.00, result=[1, '', 0]
[rosmaster.master][INFO] 2019-06-25 13:20:58,234: -SUB [/clock] /mybot_spawn http://dc5b429f784e:32827/
[rosmaster.master][INFO] 2019-06-25 13:20:58,234: -PUB [/rosout] /mybot_spawn http://dc5b429f784e:32827/
[rosmaster.master][INFO] 2019-06-25 13:20:58,234: -SERVICE [/mybot_spawn/set_logger_level] /mybot_spawn rosrpc://dc5b429f784e:45857
[rosmaster.master][INFO] 2019-06-25 13:20:58,235: -SERVICE [/mybot_spawn/get_loggers] /mybot_spawn rosrpc://dc5b429f784e:45857
[rosmaster.master][ERROR] 2019-06-25 13:20:58,243: Traceback (most recent call last):
  File "/opt/ros/kinetic/lib/python2.7/dist-packages/rosmaster/master_api.py", line 177, in validated_f
    code, msg, val = f(*newArgs, **kwds)
  File "/opt/ros/kinetic/lib/python2.7/dist-packages/rosmaster/master_api.py", line 435, in searchParam
    search_key = self.param_server.search_param(caller_id, key)
  File "/opt/ros/kinetic/lib/python2.7/dist-packages/rosmaster/paramserver.py", line 116, in search_param
    raise ValueError("namespace must be global")
ValueError: namespace must be global

[rosmaster.master][INFO] 2019-06-25 13:20:58,244: +PUB [/scan] /gazebo http://dc5b429f784e:35387/
[rosmaster.master][INFO] 2019-06-25 13:20:58,286: publisherUpdate[/rosout] -> http://dc5b429f784e:40729/ ['http://dc5b429f784e:35387/']
[rosmaster.master][INFO] 2019-06-25 13:20:58,287: publisherUpdate[/rosout] -> http://dc5b429f784e:40729/ ['http://dc5b429f784e:35387/']: sec=0.00, result=[1, '', 0]
[rosmaster.master][ERROR] 2019-06-25 13:20:58,338: Traceback (most recent call last):
  File "/opt/ros/kinetic/lib/python2.7/dist-packages/rosmaster/master_api.py", line 177, in validated_f
    code, msg, val = f(*newArgs, **kwds)
  File "/opt/ros/kinetic/lib/python2.7/dist-packages/rosmaster/master_api.py", line 435, in searchParam
    search_key = self.param_server.search_param(caller_id, key)
  File "/opt/ros/kinetic/lib/python2.7/dist-packages/rosmaster/paramserver.py", line 116, in search_param
    raise ValueError("namespace must be global")
ValueError: namespace must be global

[rosmaster.master][INFO] 2019-06-25 13:20:58,340: +PUB [/joint_states] /gazebo http://dc5b429f784e:35387/
[rosmaster.master][INFO] 2019-06-25 13:20:58,341: +PUB [/tf] /gazebo http://dc5b429f784e:35387/
[rosmaster.master][INFO] 2019-06-25 13:20:58,348: +SUB [/cmd_vel] /gazebo http://dc5b429f784e:35387/
[rosmaster.master][INFO] 2019-06-25 13:20:58,349: +PUB [/odom] /gazebo http://dc5b429f784e:35387/
[rosmaster.master][INFO] 2019-06-25 13:21:24,252: +PUB [/rosout] /static_transform_publisher_1561468884241830600 http://dc5b429f784e:36767/
[rosmaster.master][INFO] 2019-06-25 13:21:24,255: +SERVICE [/static_transform_publisher_1561468884241830600/get_loggers] /static_transform_publisher_1561468884241830600 http://dc5b429f784e:36767/
[rosmaster.master][INFO] 2019-06-25 13:21:24,258: +SERVICE [/static_transform_publisher_1561468884241830600/set_logger_level] /static_transform_publisher_1561468884241830600 http://dc5b429f784e:36767/
[rosmaster.master][INFO] 2019-06-25 13:21:24,274: +SUB [/clock] /static_transform_publisher_1561468884241830600 http://dc5b429f784e:36767/
[rosmaster.master][INFO] 2019-06-25 13:21:24,276: +PUB [/tf] /static_transform_publisher_1561468884241830600 http://dc5b429f784e:36767/
[rosmaster.master][INFO] 2019-06-25 13:21:24,335: publisherUpdate[/rosout] -> http://dc5b429f784e:40729/ ['http://dc5b429f784e:35387/', 'http://dc5b429f784e:36767/']
[rosmaster.master][INFO] 2019-06-25 13:21:24,336: publisherUpdate[/rosout] -> http://dc5b429f784e:40729/ ['http://dc5b429f784e:35387/', 'http://dc5b429f784e:36767/']: sec=0.00, result=[1, '', 0]
[rosmaster.master][INFO] 2019-06-25 13:21:33,396: +PUB [/rosout] /static_transform_publisher_1561468893387862700 http://dc5b429f784e:42993/
[rosmaster.master][INFO] 2019-06-25 13:21:33,399: +SERVICE [/static_transform_publisher_1561468893387862700/get_loggers] /static_transform_publisher_1561468893387862700 http://dc5b429f784e:42993/
[rosmaster.master][INFO] 2019-06-25 13:21:33,402: +SERVICE [/static_transform_publisher_1561468893387862700/set_logger_level] /static_transform_publisher_1561468893387862700 http://dc5b429f784e:42993/
[rosmaster.master][INFO] 2019-06-25 13:21:33,412: +SUB [/clock] /static_transform_publisher_1561468893387862700 http://dc5b429f784e:42993/
[rosmaster.master][INFO] 2019-06-25 13:21:33,415: +PUB [/tf] /static_transform_publisher_1561468893387862700 http://dc5b429f784e:42993/
[rosmaster.master][INFO] 2019-06-25 13:21:33,459: publisherUpdate[/rosout] -> http://dc5b429f784e:40729/ ['http://dc5b429f784e:35387/', 'http://dc5b429f784e:36767/', 'http://dc5b429f784e:42993/']
[rosmaster.master][INFO] 2019-06-25 13:21:33,461: publisherUpdate[/rosout] -> http://dc5b429f784e:40729/ ['http://dc5b429f784e:35387/', 'http://dc5b429f784e:36767/', 'http://dc5b429f784e:42993/']: sec=0.00, result=[1, '', 0]
[rosmaster.master][INFO] 2019-06-25 13:21:37,974: +PUB [/rosout] /static_transform_publisher_1561468897971188300 http://dc5b429f784e:39469/
[rosmaster.master][INFO] 2019-06-25 13:21:37,978: +SERVICE [/static_transform_publisher_1561468897971188300/get_loggers] /static_transform_publisher_1561468897971188300 http://dc5b429f784e:39469/
[rosmaster.master][INFO] 2019-06-25 13:21:37,981: +SERVICE [/static_transform_publisher_1561468897971188300/set_logger_level] /static_transform_publisher_1561468897971188300 http://dc5b429f784e:39469/
[rosmaster.master][INFO] 2019-06-25 13:21:38,004: +SUB [/clock] /static_transform_publisher_1561468897971188300 http://dc5b429f784e:39469/
[rosmaster.master][INFO] 2019-06-25 13:21:38,007: +PUB [/tf] /static_transform_publisher_1561468897971188300 http://dc5b429f784e:39469/
[rosmaster.master][INFO] 2019-06-25 13:21:38,070: publisherUpdate[/rosout] -> http://dc5b429f784e:40729/ ['http://dc5b429f784e:35387/', 'http://dc5b429f784e:36767/', 'http://dc5b429f784e:42993/', 'http://dc5b429f784e:39469/']
[rosmaster.master][INFO] 2019-06-25 13:21:38,072: publisherUpdate[/rosout] -> http://dc5b429f784e:40729/ ['http://dc5b429f784e:35387/', 'http://dc5b429f784e:36767/', 'http://dc5b429f784e:42993/', 'http://dc5b429f784e:39469/']: sec=0.00, result=[1, '', 0]
[rosmaster.master][INFO] 2019-06-25 13:21:41,829: +PUB [/rosout] /slam_gmapping http://dc5b429f784e:44017/
[rosmaster.master][INFO] 2019-06-25 13:21:41,832: +SERVICE [/slam_gmapping/get_loggers] /slam_gmapping http://dc5b429f784e:44017/
[rosmaster.master][INFO] 2019-06-25 13:21:41,834: +SERVICE [/slam_gmapping/set_logger_level] /slam_gmapping http://dc5b429f784e:44017/
[rosmaster.master][INFO] 2019-06-25 13:21:41,845: +SUB [/clock] /slam_gmapping http://dc5b429f784e:44017/
[rosmaster.master][INFO] 2019-06-25 13:21:41,856: +SUB [/tf] /slam_gmapping http://dc5b429f784e:44017/
[rosmaster.master][INFO] 2019-06-25 13:21:41,876: +SUB [/tf_static] /slam_gmapping http://dc5b429f784e:44017/
[rosmaster.master][INFO] 2019-06-25 13:21:41,878: publisherUpdate[/rosout] -> http://dc5b429f784e:40729/ ['http://dc5b429f784e:35387/', 'http://dc5b429f784e:36767/', 'http://dc5b429f784e:42993/', 'http://dc5b429f784e:39469/', 'http://dc5b429f784e:44017/']
[rosmaster.master][INFO] 2019-06-25 13:21:41,879: publisherUpdate[/rosout] -> http://dc5b429f784e:40729/ ['http://dc5b429f784e:35387/', 'http://dc5b429f784e:36767/', 'http://dc5b429f784e:42993/', 'http://dc5b429f784e:39469/', 'http://dc5b429f784e:44017/']: sec=0.00, result=[1, '', 0]
[rosmaster.master][INFO] 2019-06-25 13:21:41,881: +PUB [/tf] /slam_gmapping http://dc5b429f784e:44017/
[rosmaster.master][INFO] 2019-06-25 13:21:41,958: +PUB [/slam_gmapping/entropy] /slam_gmapping http://dc5b429f784e:44017/
[rosmaster.master][INFO] 2019-06-25 13:21:41,964: +PUB [/map] /slam_gmapping http://dc5b429f784e:44017/
[rosmaster.master][INFO] 2019-06-25 13:21:41,966: +PUB [/map_metadata] /slam_gmapping http://dc5b429f784e:44017/
[rosmaster.master][INFO] 2019-06-25 13:21:41,968: +SERVICE [/dynamic_map] /slam_gmapping http://dc5b429f784e:44017/
[rosmaster.master][INFO] 2019-06-25 13:21:41,978: publisherUpdate[/tf] -> http://dc5b429f784e:44017/ ['http://dc5b429f784e:35387/', 'http://dc5b429f784e:36767/', 'http://dc5b429f784e:42993/', 'http://dc5b429f784e:39469/', 'http://dc5b429f784e:44017/']
[rosmaster.master][INFO] 2019-06-25 13:21:41,985: +SUB [/scan] /slam_gmapping http://dc5b429f784e:44017/
[rosmaster.master][INFO] 2019-06-25 13:21:41,986: publisherUpdate[/tf] -> http://dc5b429f784e:44017/ ['http://dc5b429f784e:35387/', 'http://dc5b429f784e:36767/', 'http://dc5b429f784e:42993/', 'http://dc5b429f784e:39469/', 'http://dc5b429f784e:44017/']: sec=0.01, result=[1, '', 0]
[rosmaster.master][INFO] 2019-06-25 13:21:47,700: -PUB [/rosout] /slam_gmapping http://dc5b429f784e:44017/
[rosmaster.master][INFO] 2019-06-25 13:21:47,702: -PUB [/tf] /slam_gmapping http://dc5b429f784e:44017/
[rosmaster.master][INFO] 2019-06-25 13:21:47,704: -PUB [/slam_gmapping/entropy] /slam_gmapping http://dc5b429f784e:44017/
[rosmaster.master][INFO] 2019-06-25 13:21:47,705: -PUB [/map] /slam_gmapping http://dc5b429f784e:44017/
[rosmaster.master][INFO] 2019-06-25 13:21:47,706: -PUB [/map_metadata] /slam_gmapping http://dc5b429f784e:44017/
[rosmaster.master][INFO] 2019-06-25 13:21:47,708: -SUB [/clock] /slam_gmapping http://dc5b429f784e:44017/
[rosmaster.master][INFO] 2019-06-25 13:21:47,709: -SUB [/tf] /slam_gmapping http://dc5b429f784e:44017/
[rosmaster.master][INFO] 2019-06-25 13:21:47,712: -SUB [/tf_static] /slam_gmapping http://dc5b429f784e:44017/
[rosmaster.master][INFO] 2019-06-25 13:21:47,714: -SUB [/scan] /slam_gmapping http://dc5b429f784e:44017/
[rosmaster.master][INFO] 2019-06-25 13:21:47,720: -SERVICE [/slam_gmapping/get_loggers] /slam_gmapping rosrpc://dc5b429f784e:51275
[rosmaster.master][INFO] 2019-06-25 13:21:47,723: -SERVICE [/slam_gmapping/set_logger_level] /slam_gmapping rosrpc://dc5b429f784e:51275
[rosmaster.master][INFO] 2019-06-25 13:21:47,725: -SERVICE [/dynamic_map] /slam_gmapping rosrpc://dc5b429f784e:51275
[rosmaster.master][INFO] 2019-06-25 13:21:47,792: publisherUpdate[/tf] -> http://dc5b429f784e:44017/ ['http://dc5b429f784e:35387/', 'http://dc5b429f784e:36767/', 'http://dc5b429f784e:42993/', 'http://dc5b429f784e:39469/']
[rosmaster.master][INFO] 2019-06-25 13:21:47,792: publisherUpdate[/rosout] -> http://dc5b429f784e:40729/ ['http://dc5b429f784e:35387/', 'http://dc5b429f784e:36767/', 'http://dc5b429f784e:42993/', 'http://dc5b429f784e:39469/']
[rosmaster.master][INFO] 2019-06-25 13:21:47,793: publisherUpdate[/tf] -> http://dc5b429f784e:44017/ ['http://dc5b429f784e:35387/', 'http://dc5b429f784e:36767/', 'http://dc5b429f784e:42993/', 'http://dc5b429f784e:39469/']: sec=0.00, exception=<Fault -1: 'publisherUpdate: unknown method name'>
[rosmaster.threadpool][ERROR] 2019-06-25 13:21:47,794: Traceback (most recent call last):
  File "/opt/ros/kinetic/lib/python2.7/dist-packages/rosmaster/threadpool.py", line 218, in run
    result = cmd(*args)
  File "/opt/ros/kinetic/lib/python2.7/dist-packages/rosmaster/master_api.py", line 210, in publisher_update_task
    ret = xmlrpcapi(api).publisherUpdate('/master', topic, pub_uris)
  File "/usr/lib/python2.7/xmlrpclib.py", line 1243, in __call__
    return self.__send(self.__name, args)
  File "/usr/lib/python2.7/xmlrpclib.py", line 1602, in __request
    verbose=self.__verbose
  File "/usr/lib/python2.7/xmlrpclib.py", line 1283, in request
    return self.single_request(host, handler, request_body, verbose)
  File "/usr/lib/python2.7/xmlrpclib.py", line 1316, in single_request
    return self.parse_response(response)
  File "/usr/lib/python2.7/xmlrpclib.py", line 1493, in parse_response
    return u.close()
  File "/usr/lib/python2.7/xmlrpclib.py", line 800, in close
    raise Fault(**self._stack[0])
Fault: <Fault -1: 'publisherUpdate: unknown method name'>

[rosmaster.master][INFO] 2019-06-25 13:21:47,795: publisherUpdate[/rosout] -> http://dc5b429f784e:40729/ ['http://dc5b429f784e:35387/', 'http://dc5b429f784e:36767/', 'http://dc5b429f784e:42993/', 'http://dc5b429f784e:39469/']: sec=0.00, result=[1, '', 0]
[rosmaster.master][INFO] 2019-06-25 13:22:36,061: +PUB [/rosout] /rostopic_71094_1561468955822 http://dc5b429f784e:44995/
[rosmaster.master][INFO] 2019-06-25 13:22:36,080: +SUB [/clock] /rostopic_71094_1561468955822 http://dc5b429f784e:44995/
[rosmaster.master][INFO] 2019-06-25 13:22:36,084: +SERVICE [/rostopic_71094_1561468955822/get_loggers] /rostopic_71094_1561468955822 http://dc5b429f784e:44995/
[rosmaster.master][INFO] 2019-06-25 13:22:36,086: +SERVICE [/rostopic_71094_1561468955822/set_logger_level] /rostopic_71094_1561468955822 http://dc5b429f784e:44995/
[rosmaster.master][INFO] 2019-06-25 13:22:36,090: publisherUpdate[/rosout] -> http://dc5b429f784e:40729/ ['http://dc5b429f784e:35387/', 'http://dc5b429f784e:36767/', 'http://dc5b429f784e:42993/', 'http://dc5b429f784e:39469/', 'http://dc5b429f784e:44995/']
[rosmaster.master][INFO] 2019-06-25 13:22:36,092: publisherUpdate[/rosout] -> http://dc5b429f784e:40729/ ['http://dc5b429f784e:35387/', 'http://dc5b429f784e:36767/', 'http://dc5b429f784e:42993/', 'http://dc5b429f784e:39469/', 'http://dc5b429f784e:44995/']: sec=0.00, result=[1, '', 0]
[rosmaster.master][INFO] 2019-06-25 13:22:36,116: +SUB [/scan] /rostopic_71094_1561468955822 http://dc5b429f784e:44995/
[rosmaster.master][INFO] 2019-06-25 13:22:36,990: -SUB [/clock] /rostopic_71094_1561468955822 http://dc5b429f784e:44995/
[rosmaster.master][INFO] 2019-06-25 13:22:36,991: -SUB [/scan] /rostopic_71094_1561468955822 http://dc5b429f784e:44995/
[rosmaster.master][INFO] 2019-06-25 13:22:36,991: -PUB [/rosout] /rostopic_71094_1561468955822 http://dc5b429f784e:44995/
[rosmaster.master][INFO] 2019-06-25 13:22:36,992: -SERVICE [/rostopic_71094_1561468955822/set_logger_level] /rostopic_71094_1561468955822 rosrpc://dc5b429f784e:39709
[rosmaster.master][INFO] 2019-06-25 13:22:36,992: -SERVICE [/rostopic_71094_1561468955822/get_loggers] /rostopic_71094_1561468955822 rosrpc://dc5b429f784e:39709
[rosmaster.master][INFO] 2019-06-25 13:22:36,994: publisherUpdate[/rosout] -> http://dc5b429f784e:40729/ ['http://dc5b429f784e:35387/', 'http://dc5b429f784e:36767/', 'http://dc5b429f784e:42993/', 'http://dc5b429f784e:39469/']
[rosmaster.master][INFO] 2019-06-25 13:22:36,995: publisherUpdate[/rosout] -> http://dc5b429f784e:40729/ ['http://dc5b429f784e:35387/', 'http://dc5b429f784e:36767/', 'http://dc5b429f784e:42993/', 'http://dc5b429f784e:39469/']: sec=0.00, result=[1, '', 0]
[rosmaster.master][INFO] 2019-06-25 13:22:40,853: +PUB [/rosout] /rostopic_71119_1561468960646 http://dc5b429f784e:39275/
[rosmaster.master][INFO] 2019-06-25 13:22:40,861: +SUB [/clock] /rostopic_71119_1561468960646 http://dc5b429f784e:39275/
[rosmaster.master][INFO] 2019-06-25 13:22:40,866: +SERVICE [/rostopic_71119_1561468960646/get_loggers] /rostopic_71119_1561468960646 http://dc5b429f784e:39275/
[rosmaster.master][INFO] 2019-06-25 13:22:40,870: +SERVICE [/rostopic_71119_1561468960646/set_logger_level] /rostopic_71119_1561468960646 http://dc5b429f784e:39275/
[rosmaster.master][INFO] 2019-06-25 13:22:40,902: publisherUpdate[/rosout] -> http://dc5b429f784e:40729/ ['http://dc5b429f784e:35387/', 'http://dc5b429f784e:36767/', 'http://dc5b429f784e:42993/', 'http://dc5b429f784e:39469/', 'http://dc5b429f784e:39275/']
[rosmaster.master][INFO] 2019-06-25 13:22:40,903: +SUB [/tf] /rostopic_71119_1561468960646 http://dc5b429f784e:39275/
[rosmaster.master][INFO] 2019-06-25 13:22:40,905: publisherUpdate[/rosout] -> http://dc5b429f784e:40729/ ['http://dc5b429f784e:35387/', 'http://dc5b429f784e:36767/', 'http://dc5b429f784e:42993/', 'http://dc5b429f784e:39469/', 'http://dc5b429f784e:39275/']: sec=0.00, result=[1, '', 0]
[rosmaster.master][INFO] 2019-06-25 13:22:44,062: -SUB [/clock] /rostopic_71119_1561468960646 http://dc5b429f784e:39275/
[rosmaster.master][INFO] 2019-06-25 13:22:44,062: -SUB [/tf] /rostopic_71119_1561468960646 http://dc5b429f784e:39275/
[rosmaster.master][INFO] 2019-06-25 13:22:44,062: -PUB [/rosout] /rostopic_71119_1561468960646 http://dc5b429f784e:39275/
[rosmaster.master][INFO] 2019-06-25 13:22:44,063: -SERVICE [/rostopic_71119_1561468960646/set_logger_level] /rostopic_71119_1561468960646 rosrpc://dc5b429f784e:35655
[rosmaster.master][INFO] 2019-06-25 13:22:44,063: -SERVICE [/rostopic_71119_1561468960646/get_loggers] /rostopic_71119_1561468960646 rosrpc://dc5b429f784e:35655
[rosmaster.master][INFO] 2019-06-25 13:22:44,110: publisherUpdate[/rosout] -> http://dc5b429f784e:40729/ ['http://dc5b429f784e:35387/', 'http://dc5b429f784e:36767/', 'http://dc5b429f784e:42993/', 'http://dc5b429f784e:39469/']
[rosmaster.master][INFO] 2019-06-25 13:22:44,111: publisherUpdate[/rosout] -> http://dc5b429f784e:40729/ ['http://dc5b429f784e:35387/', 'http://dc5b429f784e:36767/', 'http://dc5b429f784e:42993/', 'http://dc5b429f784e:39469/']: sec=0.00, result=[1, '', 0]
[rosmaster.master][INFO] 2019-06-25 13:23:17,349: -SUB [/gazebo/set_link_state] /gazebo http://dc5b429f784e:35387/
[rosmaster.master][INFO] 2019-06-25 13:23:17,350: -SUB [/gazebo/set_model_state] /gazebo http://dc5b429f784e:35387/
[rosmaster.master][INFO] 2019-06-25 13:23:17,352: -PUB [/clock] /gazebo http://dc5b429f784e:35387/
[rosmaster.master][INFO] 2019-06-25 13:23:17,353: -PUB [/gazebo/link_states] /gazebo http://dc5b429f784e:35387/
[rosmaster.master][INFO] 2019-06-25 13:23:17,354: -PUB [/gazebo/model_states] /gazebo http://dc5b429f784e:35387/
[rosmaster.master][INFO] 2019-06-25 13:23:17,355: -SERVICE [/gazebo/spawn_sdf_model] /gazebo rosrpc://dc5b429f784e:52421
[rosmaster.master][INFO] 2019-06-25 13:23:17,357: -SERVICE [/gazebo/spawn_urdf_model] /gazebo rosrpc://dc5b429f784e:52421
[rosmaster.master][INFO] 2019-06-25 13:23:17,358: -SERVICE [/gazebo/delete_model] /gazebo rosrpc://dc5b429f784e:52421
[rosmaster.master][INFO] 2019-06-25 13:23:17,359: -SERVICE [/gazebo/delete_light] /gazebo rosrpc://dc5b429f784e:52421
[rosmaster.master][INFO] 2019-06-25 13:23:17,360: -SERVICE [/gazebo/get_model_properties] /gazebo rosrpc://dc5b429f784e:52421
[rosmaster.master][INFO] 2019-06-25 13:23:17,361: -SERVICE [/gazebo/get_model_state] /gazebo rosrpc://dc5b429f784e:52421
[rosmaster.master][INFO] 2019-06-25 13:23:17,362: -SERVICE [/gazebo/get_world_properties] /gazebo rosrpc://dc5b429f784e:52421
[rosmaster.master][INFO] 2019-06-25 13:23:17,364: -SERVICE [/gazebo/get_joint_properties] /gazebo rosrpc://dc5b429f784e:52421
[rosmaster.master][INFO] 2019-06-25 13:23:17,365: -SERVICE [/gazebo/get_link_properties] /gazebo rosrpc://dc5b429f784e:52421
[rosmaster.master][INFO] 2019-06-25 13:23:17,366: -SERVICE [/gazebo/get_link_state] /gazebo rosrpc://dc5b429f784e:52421
[rosmaster.master][INFO] 2019-06-25 13:23:17,367: -SERVICE [/gazebo/get_light_properties] /gazebo rosrpc://dc5b429f784e:52421
[rosmaster.master][INFO] 2019-06-25 13:23:17,368: -SERVICE [/gazebo/set_light_properties] /gazebo rosrpc://dc5b429f784e:52421
[rosmaster.master][INFO] 2019-06-25 13:23:17,369: -SERVICE [/gazebo/get_physics_properties] /gazebo rosrpc://dc5b429f784e:52421
[rosmaster.master][INFO] 2019-06-25 13:23:17,370: -SERVICE [/gazebo/set_link_properties] /gazebo rosrpc://dc5b429f784e:52421
[rosmaster.master][INFO] 2019-06-25 13:23:17,371: -SERVICE [/gazebo/set_physics_properties] /gazebo rosrpc://dc5b429f784e:52421
[rosmaster.master][INFO] 2019-06-25 13:23:17,372: -SERVICE [/gazebo/set_model_state] /gazebo rosrpc://dc5b429f784e:52421
[rosmaster.master][INFO] 2019-06-25 13:23:17,374: -SERVICE [/gazebo/set_model_configuration] /gazebo rosrpc://dc5b429f784e:52421
[rosmaster.master][INFO] 2019-06-25 13:23:17,375: -SERVICE [/gazebo/set_joint_properties] /gazebo rosrpc://dc5b429f784e:52421
[rosmaster.master][INFO] 2019-06-25 13:23:17,376: -SERVICE [/gazebo/set_link_state] /gazebo rosrpc://dc5b429f784e:52421
[rosmaster.master][INFO] 2019-06-25 13:23:17,378: -SERVICE [/gazebo/pause_physics] /gazebo rosrpc://dc5b429f784e:52421
[rosmaster.master][INFO] 2019-06-25 13:23:17,379: -SERVICE [/gazebo/unpause_physics] /gazebo rosrpc://dc5b429f784e:52421
[rosmaster.master][INFO] 2019-06-25 13:23:17,380: -SERVICE [/gazebo/apply_body_wrench] /gazebo rosrpc://dc5b429f784e:52421
[rosmaster.master][INFO] 2019-06-25 13:23:17,381: -SERVICE [/gazebo/apply_joint_effort] /gazebo rosrpc://dc5b429f784e:52421
[rosmaster.master][INFO] 2019-06-25 13:23:17,382: -SERVICE [/gazebo/clear_joint_forces] /gazebo rosrpc://dc5b429f784e:52421
[rosmaster.master][INFO] 2019-06-25 13:23:17,383: -SERVICE [/gazebo/clear_body_wrenches] /gazebo rosrpc://dc5b429f784e:52421
[rosmaster.master][INFO] 2019-06-25 13:23:17,385: -SERVICE [/gazebo/reset_simulation] /gazebo rosrpc://dc5b429f784e:52421
[rosmaster.master][INFO] 2019-06-25 13:23:17,386: -SERVICE [/gazebo/reset_world] /gazebo rosrpc://dc5b429f784e:52421
[rosmaster.master][INFO] 2019-06-25 13:23:17,388: -PUB [/gazebo/parameter_descriptions] /gazebo http://dc5b429f784e:35387/
[rosmaster.master][INFO] 2019-06-25 13:23:17,389: -PUB [/gazebo/parameter_updates] /gazebo http://dc5b429f784e:35387/
[rosmaster.master][INFO] 2019-06-25 13:23:17,390: -SERVICE [/gazebo/set_parameters] /gazebo rosrpc://dc5b429f784e:52421
[rosmaster.master][INFO] 2019-06-25 13:23:17,392: publisherUpdate[/clock] -> http://dc5b429f784e:35387/ []
[rosmaster.master][INFO] 2019-06-25 13:23:17,393: publisherUpdate[/clock] -> http://dc5b429f784e:35387/ []: sec=0.00, result=[1, '', 0]
[rosmaster.master][INFO] 2019-06-25 13:23:17,393: publisherUpdate[/clock] -> http://dc5b429f784e:36767/ []
[rosmaster.master][INFO] 2019-06-25 13:23:17,394: publisherUpdate[/clock] -> http://dc5b429f784e:36767/ []: sec=0.00, result=[1, '', 0]
[rosmaster.master][INFO] 2019-06-25 13:23:17,394: publisherUpdate[/clock] -> http://dc5b429f784e:42993/ []
[rosmaster.master][INFO] 2019-06-25 13:23:17,395: publisherUpdate[/clock] -> http://dc5b429f784e:42993/ []: sec=0.00, result=[1, '', 0]
[rosmaster.master][INFO] 2019-06-25 13:23:17,395: publisherUpdate[/clock] -> http://dc5b429f784e:39469/ []
[rosmaster.master][INFO] 2019-06-25 13:23:17,396: publisherUpdate[/clock] -> http://dc5b429f784e:39469/ []: sec=0.00, result=[1, '', 0]
[rosmaster.master][INFO] 2019-06-25 13:23:20,881: -PUB [/rosout_agg] /rosout http://dc5b429f784e:40729/
[rosmaster.master][INFO] 2019-06-25 13:23:20,882: -SUB [/rosout] /rosout http://dc5b429f784e:40729/
[rosmaster.master][INFO] 2019-06-25 13:23:20,883: -SERVICE [/rosout/get_loggers] /rosout rosrpc://dc5b429f784e:48299
[rosmaster.master][INFO] 2019-06-25 13:23:20,884: -SERVICE [/rosout/set_logger_level] /rosout rosrpc://dc5b429f784e:48299
[rosmaster.main][INFO] 2019-06-25 13:23:20,990: keyboard interrupt, will exit
[rosmaster.main][INFO] 2019-06-25 13:23:20,990: stopping master...
[rospy.core][INFO] 2019-06-25 13:23:20,990: signal_shutdown [atexit]
