[rosmaster.main][INFO] 2019-06-29 14:13:52,411: initialization complete, waiting for shutdown
[rosmaster.main][INFO] 2019-06-29 14:13:52,411: Starting ROS Master Node
[xmlrpc][INFO] 2019-06-29 14:13:52,412: XML-RPC server binding to 0.0.0.0:11311
[xmlrpc][INFO] 2019-06-29 14:13:52,413: Started XML-RPC server [http://dc5b429f784e:11311/]
[xmlrpc][INFO] 2019-06-29 14:13:52,413: xml rpc node: starting XML-RPC server
[rosmaster.master][INFO] 2019-06-29 14:13:52,413: Master initialized: port[11311], uri[http://dc5b429f784e:11311/]
[rosmaster.master][INFO] 2019-06-29 14:13:52,494: +PARAM [/run_id] by /roslaunch
[rosmaster.master][INFO] 2019-06-29 14:13:52,496: +PARAM [/roslaunch/uris/host_dc5b429f784e__36319] by /roslaunch
[rosmaster.master][INFO] 2019-06-29 14:13:52,915: +PARAM [/use_sim_time] by /roslaunch
[rosmaster.master][INFO] 2019-06-29 14:13:52,915: +PARAM [/m2wr/joint2_position_controller/pid/i] by /roslaunch
[rosmaster.master][INFO] 2019-06-29 14:13:52,915: +PARAM [/m2wr/joint3_position_controller/type] by /roslaunch
[rosmaster.master][INFO] 2019-06-29 14:13:52,915: +PARAM [/m2wr/rgrip_position_controller/type] by /roslaunch
[rosmaster.master][INFO] 2019-06-29 14:13:52,915: +PARAM [/m2wr/rgrip_position_controller/joint] by /roslaunch
[rosmaster.master][INFO] 2019-06-29 14:13:52,915: +PARAM [/m2wr/lgrip_position_controller/type] by /roslaunch
[rosmaster.master][INFO] 2019-06-29 14:13:52,915: +PARAM [/m2wr/joint1_position_controller/joint] by /roslaunch
[rosmaster.master][INFO] 2019-06-29 14:13:52,915: +PARAM [/m2wr/joint1_position_controller/pid/i] by /roslaunch
[rosmaster.master][INFO] 2019-06-29 14:13:52,915: +PARAM [/m2wr/joint2_position_controller/joint] by /roslaunch
[rosmaster.master][INFO] 2019-06-29 14:13:52,916: +PARAM [/m2wr/joint2_position_controller/pid/p] by /roslaunch
[rosmaster.master][INFO] 2019-06-29 14:13:52,916: +PARAM [/m2wr/joint3_position_controller/pid/d] by /roslaunch
[rosmaster.master][INFO] 2019-06-29 14:13:52,916: +PARAM [/m2wr/joint3_position_controller/joint] by /roslaunch
[rosmaster.master][INFO] 2019-06-29 14:13:52,916: +PARAM [/m2wr/rgrip_position_controller/pid/i] by /roslaunch
[rosmaster.master][INFO] 2019-06-29 14:13:52,916: +PARAM [/m2wr/joint1_position_controller/pid/d] by /roslaunch
[rosmaster.master][INFO] 2019-06-29 14:13:52,916: +PARAM [/rosdistro] by /roslaunch
[rosmaster.master][INFO] 2019-06-29 14:13:52,916: +PARAM [/robot_description] by /roslaunch
[rosmaster.master][INFO] 2019-06-29 14:13:52,916: +PARAM [/m2wr/rgrip_position_controller/pid/d] by /roslaunch
[rosmaster.master][INFO] 2019-06-29 14:13:52,916: +PARAM [/rosversion] by /roslaunch
[rosmaster.master][INFO] 2019-06-29 14:13:52,916: +PARAM [/m2wr/joint4_position_controller/joint] by /roslaunch
[rosmaster.master][INFO] 2019-06-29 14:13:52,916: +PARAM [/m2wr/joint1_position_controller/pid/p] by /roslaunch
[rosmaster.master][INFO] 2019-06-29 14:13:52,916: +PARAM [/m2wr/rgrip_position_controller/pid/p] by /roslaunch
[rosmaster.master][INFO] 2019-06-29 14:13:52,916: +PARAM [/m2wr/joint1_position_controller/type] by /roslaunch
[rosmaster.master][INFO] 2019-06-29 14:13:52,917: +PARAM [/m2wr/joint4_position_controller/pid/i] by /roslaunch
[rosmaster.master][INFO] 2019-06-29 14:13:52,917: +PARAM [/m2wr/joint4_position_controller/pid/d] by /roslaunch
[rosmaster.master][INFO] 2019-06-29 14:13:52,917: +PARAM [/m2wr/joint2_position_controller/pid/d] by /roslaunch
[rosmaster.master][INFO] 2019-06-29 14:13:52,917: +PARAM [/m2wr/joint3_position_controller/pid/p] by /roslaunch
[rosmaster.master][INFO] 2019-06-29 14:13:52,917: +PARAM [/m2wr/lgrip_position_controller/joint] by /roslaunch
[rosmaster.master][INFO] 2019-06-29 14:13:52,917: +PARAM [/m2wr/lgrip_position_controller/pid/p] by /roslaunch
[rosmaster.master][INFO] 2019-06-29 14:13:52,917: +PARAM [/m2wr/joint4_position_controller/pid/p] by /roslaunch
[rosmaster.master][INFO] 2019-06-29 14:13:52,917: +PARAM [/m2wr/lgrip_position_controller/pid/i] by /roslaunch
[rosmaster.master][INFO] 2019-06-29 14:13:52,917: +PARAM [/m2wr/joint_state_controller/publish_rate] by /roslaunch
[rosmaster.master][INFO] 2019-06-29 14:13:52,917: +PARAM [/m2wr/joint_state_controller/type] by /roslaunch
[rosmaster.master][INFO] 2019-06-29 14:13:52,917: +PARAM [/m2wr/joint2_position_controller/type] by /roslaunch
[rosmaster.master][INFO] 2019-06-29 14:13:52,917: +PARAM [/m2wr/joint4_position_controller/type] by /roslaunch
[rosmaster.master][INFO] 2019-06-29 14:13:52,918: +PARAM [/m2wr/joint3_position_controller/pid/i] by /roslaunch
[rosmaster.master][INFO] 2019-06-29 14:13:52,918: +PARAM [/m2wr/lgrip_position_controller/pid/d] by /roslaunch
[rosmaster.master][INFO] 2019-06-29 14:13:52,926: +SERVICE [/rosout/get_loggers] /rosout http://dc5b429f784e:39553/
[rosmaster.master][INFO] 2019-06-29 14:13:52,927: +SERVICE [/rosout/set_logger_level] /rosout http://dc5b429f784e:39553/
[rosmaster.master][INFO] 2019-06-29 14:13:52,941: +SUB [/clock] /rosout http://dc5b429f784e:39553/
[rosmaster.master][INFO] 2019-06-29 14:13:52,942: +PUB [/rosout_agg] /rosout http://dc5b429f784e:39553/
[rosmaster.master][INFO] 2019-06-29 14:13:52,948: +SUB [/rosout] /rosout http://dc5b429f784e:39553/
[rosmaster.master][INFO] 2019-06-29 14:13:53,746: +PUB [/rosout] /gazebo http://dc5b429f784e:34125/
[rosmaster.master][INFO] 2019-06-29 14:13:53,747: +SERVICE [/gazebo/get_loggers] /gazebo http://dc5b429f784e:34125/
[rosmaster.master][INFO] 2019-06-29 14:13:53,748: +SERVICE [/gazebo/set_logger_level] /gazebo http://dc5b429f784e:34125/
[rosmaster.master][INFO] 2019-06-29 14:13:53,755: +SUB [/clock] /gazebo http://dc5b429f784e:34125/
[rosmaster.master][INFO] 2019-06-29 14:13:53,815: publisherUpdate[/rosout] -> http://dc5b429f784e:39553/ ['http://dc5b429f784e:34125/']
[rosmaster.master][INFO] 2019-06-29 14:13:53,817: publisherUpdate[/rosout] -> http://dc5b429f784e:39553/ ['http://dc5b429f784e:34125/']: sec=0.00, result=[1, '', 0]
[rosmaster.master][INFO] 2019-06-29 14:13:53,953: +PUB [/rosout] /gazebo_gui http://dc5b429f784e:37851/
[rosmaster.master][INFO] 2019-06-29 14:13:53,954: +SERVICE [/gazebo_gui/get_loggers] /gazebo_gui http://dc5b429f784e:37851/
[rosmaster.master][INFO] 2019-06-29 14:13:53,956: +SERVICE [/gazebo_gui/set_logger_level] /gazebo_gui http://dc5b429f784e:37851/
[rosmaster.master][INFO] 2019-06-29 14:13:53,963: +SUB [/clock] /gazebo_gui http://dc5b429f784e:37851/
[rosmaster.master][INFO] 2019-06-29 14:13:54,015: publisherUpdate[/rosout] -> http://dc5b429f784e:39553/ ['http://dc5b429f784e:34125/', 'http://dc5b429f784e:37851/']
[rosmaster.master][INFO] 2019-06-29 14:13:54,016: publisherUpdate[/rosout] -> http://dc5b429f784e:39553/ ['http://dc5b429f784e:34125/', 'http://dc5b429f784e:37851/']: sec=0.00, result=[1, '', 0]
[rosmaster.master][INFO] 2019-06-29 14:13:54,150: +PUB [/clock] /gazebo http://dc5b429f784e:34125/
[rosmaster.master][INFO] 2019-06-29 14:13:54,152: +SERVICE [/gazebo/spawn_sdf_model] /gazebo http://dc5b429f784e:34125/
[rosmaster.master][INFO] 2019-06-29 14:13:54,154: +SERVICE [/gazebo/spawn_urdf_model] /gazebo http://dc5b429f784e:34125/
[rosmaster.master][INFO] 2019-06-29 14:13:54,155: +SERVICE [/gazebo/delete_model] /gazebo http://dc5b429f784e:34125/
[rosmaster.master][INFO] 2019-06-29 14:13:54,156: +SERVICE [/gazebo/delete_light] /gazebo http://dc5b429f784e:34125/
[rosmaster.master][INFO] 2019-06-29 14:13:54,157: +SERVICE [/gazebo/get_model_properties] /gazebo http://dc5b429f784e:34125/
[rosmaster.master][INFO] 2019-06-29 14:13:54,158: +SERVICE [/gazebo/get_model_state] /gazebo http://dc5b429f784e:34125/
[rosmaster.master][INFO] 2019-06-29 14:13:54,161: +SERVICE [/gazebo/get_world_properties] /gazebo http://dc5b429f784e:34125/
[rosmaster.master][INFO] 2019-06-29 14:13:54,162: +SERVICE [/gazebo/get_joint_properties] /gazebo http://dc5b429f784e:34125/
[rosmaster.master][INFO] 2019-06-29 14:13:54,162: +SERVICE [/gazebo/get_link_properties] /gazebo http://dc5b429f784e:34125/
[rosmaster.master][INFO] 2019-06-29 14:13:54,163: +SERVICE [/gazebo/get_link_state] /gazebo http://dc5b429f784e:34125/
[rosmaster.master][INFO] 2019-06-29 14:13:54,164: +SERVICE [/gazebo/get_light_properties] /gazebo http://dc5b429f784e:34125/
[rosmaster.master][INFO] 2019-06-29 14:13:54,165: +SERVICE [/gazebo/set_light_properties] /gazebo http://dc5b429f784e:34125/
[rosmaster.master][INFO] 2019-06-29 14:13:54,167: +SERVICE [/gazebo/get_physics_properties] /gazebo http://dc5b429f784e:34125/
[rosmaster.master][INFO] 2019-06-29 14:13:54,170: +PUB [/gazebo/link_states] /gazebo http://dc5b429f784e:34125/
[rosmaster.master][INFO] 2019-06-29 14:13:54,171: +PUB [/gazebo/model_states] /gazebo http://dc5b429f784e:34125/
[rosmaster.master][INFO] 2019-06-29 14:13:54,172: +SERVICE [/gazebo/set_link_properties] /gazebo http://dc5b429f784e:34125/
[rosmaster.master][INFO] 2019-06-29 14:13:54,173: +SERVICE [/gazebo/set_physics_properties] /gazebo http://dc5b429f784e:34125/
[rosmaster.master][INFO] 2019-06-29 14:13:54,174: +SERVICE [/gazebo/set_model_state] /gazebo http://dc5b429f784e:34125/
[rosmaster.master][INFO] 2019-06-29 14:13:54,176: +SERVICE [/gazebo/set_model_configuration] /gazebo http://dc5b429f784e:34125/
[rosmaster.master][INFO] 2019-06-29 14:13:54,177: +SERVICE [/gazebo/set_joint_properties] /gazebo http://dc5b429f784e:34125/
[rosmaster.master][INFO] 2019-06-29 14:13:54,178: +SERVICE [/gazebo/set_link_state] /gazebo http://dc5b429f784e:34125/
[rosmaster.master][INFO] 2019-06-29 14:13:54,183: +SUB [/gazebo/set_link_state] /gazebo http://dc5b429f784e:34125/
[rosmaster.master][INFO] 2019-06-29 14:13:54,191: +SUB [/gazebo/set_model_state] /gazebo http://dc5b429f784e:34125/
[rosmaster.master][INFO] 2019-06-29 14:13:54,192: +SERVICE [/gazebo/pause_physics] /gazebo http://dc5b429f784e:34125/
[rosmaster.master][INFO] 2019-06-29 14:13:54,193: +SERVICE [/gazebo/unpause_physics] /gazebo http://dc5b429f784e:34125/
[rosmaster.master][INFO] 2019-06-29 14:13:54,194: +SERVICE [/gazebo/apply_body_wrench] /gazebo http://dc5b429f784e:34125/
[rosmaster.master][INFO] 2019-06-29 14:13:54,196: +SERVICE [/gazebo/apply_joint_effort] /gazebo http://dc5b429f784e:34125/
[rosmaster.master][INFO] 2019-06-29 14:13:54,197: +SERVICE [/gazebo/clear_joint_forces] /gazebo http://dc5b429f784e:34125/
[rosmaster.master][INFO] 2019-06-29 14:13:54,198: +SERVICE [/gazebo/clear_body_wrenches] /gazebo http://dc5b429f784e:34125/
[rosmaster.master][INFO] 2019-06-29 14:13:54,199: +SERVICE [/gazebo/reset_simulation] /gazebo http://dc5b429f784e:34125/
[rosmaster.master][INFO] 2019-06-29 14:13:54,200: +SERVICE [/gazebo/reset_world] /gazebo http://dc5b429f784e:34125/
[rosmaster.master][INFO] 2019-06-29 14:13:54,217: publisherUpdate[/clock] -> http://dc5b429f784e:39553/ ['http://dc5b429f784e:34125/']
[rosmaster.master][INFO] 2019-06-29 14:13:54,217: publisherUpdate[/clock] -> http://dc5b429f784e:34125/ ['http://dc5b429f784e:34125/']
[rosmaster.master][INFO] 2019-06-29 14:13:54,218: publisherUpdate[/clock] -> http://dc5b429f784e:39553/ ['http://dc5b429f784e:34125/']: sec=0.00, result=[1, '', 0]
[rosmaster.master][INFO] 2019-06-29 14:13:54,218: publisherUpdate[/clock] -> http://dc5b429f784e:37851/ ['http://dc5b429f784e:34125/']
[rosmaster.master][INFO] 2019-06-29 14:13:54,219: publisherUpdate[/clock] -> http://dc5b429f784e:34125/ ['http://dc5b429f784e:34125/']: sec=0.00, result=[1, '', 0]
[rosmaster.master][INFO] 2019-06-29 14:13:54,220: publisherUpdate[/clock] -> http://dc5b429f784e:37851/ ['http://dc5b429f784e:34125/']: sec=0.00, result=[1, '', 0]
[rosmaster.master][INFO] 2019-06-29 14:13:54,409: +PUB [/rosout] /robot_state_publisher http://dc5b429f784e:45573/
[rosmaster.master][INFO] 2019-06-29 14:13:54,410: +SERVICE [/robot_state_publisher/get_loggers] /robot_state_publisher http://dc5b429f784e:45573/
[rosmaster.master][INFO] 2019-06-29 14:13:54,411: +SERVICE [/robot_state_publisher/set_logger_level] /robot_state_publisher http://dc5b429f784e:45573/
[rosmaster.master][INFO] 2019-06-29 14:13:54,419: publisherUpdate[/rosout] -> http://dc5b429f784e:39553/ ['http://dc5b429f784e:34125/', 'http://dc5b429f784e:37851/', 'http://dc5b429f784e:45573/']
[rosmaster.master][INFO] 2019-06-29 14:13:54,420: publisherUpdate[/rosout] -> http://dc5b429f784e:39553/ ['http://dc5b429f784e:34125/', 'http://dc5b429f784e:37851/', 'http://dc5b429f784e:45573/']: sec=0.00, result=[1, '', 0]
[rosmaster.master][INFO] 2019-06-29 14:13:54,421: +SUB [/clock] /robot_state_publisher http://dc5b429f784e:45573/
[rosmaster.master][INFO] 2019-06-29 14:13:54,426: +PUB [/tf] /robot_state_publisher http://dc5b429f784e:45573/
[rosmaster.master][INFO] 2019-06-29 14:13:54,428: +PUB [/tf_static] /robot_state_publisher http://dc5b429f784e:45573/
[rosmaster.master][INFO] 2019-06-29 14:13:54,438: +SUB [/joint_states] /robot_state_publisher http://dc5b429f784e:45573/
[rosmaster.master][INFO] 2019-06-29 14:13:54,474: +PUB [/rosout] /controller_spawner http://dc5b429f784e:42379/
[rosmaster.master][INFO] 2019-06-29 14:13:54,480: +SUB [/clock] /controller_spawner http://dc5b429f784e:42379/
[rosmaster.master][INFO] 2019-06-29 14:13:54,482: +SERVICE [/controller_spawner/get_loggers] /controller_spawner http://dc5b429f784e:42379/
[rosmaster.master][INFO] 2019-06-29 14:13:54,484: +SERVICE [/controller_spawner/set_logger_level] /controller_spawner http://dc5b429f784e:42379/
[rosmaster.master][INFO] 2019-06-29 14:13:54,520: publisherUpdate[/rosout] -> http://dc5b429f784e:39553/ ['http://dc5b429f784e:34125/', 'http://dc5b429f784e:37851/', 'http://dc5b429f784e:45573/', 'http://dc5b429f784e:42379/']
[rosmaster.master][INFO] 2019-06-29 14:13:54,521: publisherUpdate[/rosout] -> http://dc5b429f784e:39553/ ['http://dc5b429f784e:34125/', 'http://dc5b429f784e:37851/', 'http://dc5b429f784e:45573/', 'http://dc5b429f784e:42379/']: sec=0.00, result=[1, '', 0]
[rosmaster.master][INFO] 2019-06-29 14:13:54,900: +PUB [/rosout] /mybot_spawn http://dc5b429f784e:42333/
[rosmaster.master][INFO] 2019-06-29 14:13:54,904: +SUB [/clock] /mybot_spawn http://dc5b429f784e:42333/
[rosmaster.master][INFO] 2019-06-29 14:13:54,906: +SERVICE [/mybot_spawn/get_loggers] /mybot_spawn http://dc5b429f784e:42333/
[rosmaster.master][INFO] 2019-06-29 14:13:54,907: +SERVICE [/mybot_spawn/set_logger_level] /mybot_spawn http://dc5b429f784e:42333/
[rosmaster.master][INFO] 2019-06-29 14:13:54,921: publisherUpdate[/rosout] -> http://dc5b429f784e:39553/ ['http://dc5b429f784e:34125/', 'http://dc5b429f784e:37851/', 'http://dc5b429f784e:45573/', 'http://dc5b429f784e:42379/', 'http://dc5b429f784e:42333/']
[rosmaster.master][INFO] 2019-06-29 14:13:54,922: publisherUpdate[/rosout] -> http://dc5b429f784e:39553/ ['http://dc5b429f784e:34125/', 'http://dc5b429f784e:37851/', 'http://dc5b429f784e:45573/', 'http://dc5b429f784e:42379/', 'http://dc5b429f784e:42333/']: sec=0.00, result=[1, '', 0]
[rosmaster.master][INFO] 2019-06-29 14:13:55,162: -SUB [/clock] /mybot_spawn http://dc5b429f784e:42333/
[rosmaster.master][INFO] 2019-06-29 14:13:55,162: -PUB [/rosout] /mybot_spawn http://dc5b429f784e:42333/
[rosmaster.master][INFO] 2019-06-29 14:13:55,162: -SERVICE [/mybot_spawn/set_logger_level] /mybot_spawn rosrpc://dc5b429f784e:36137
[rosmaster.master][INFO] 2019-06-29 14:13:55,162: -SERVICE [/mybot_spawn/get_loggers] /mybot_spawn rosrpc://dc5b429f784e:36137
[rosmaster.master][ERROR] 2019-06-29 14:13:55,166: Traceback (most recent call last):
  File "/opt/ros/kinetic/lib/python2.7/dist-packages/rosmaster/master_api.py", line 177, in validated_f
    code, msg, val = f(*newArgs, **kwds)
  File "/opt/ros/kinetic/lib/python2.7/dist-packages/rosmaster/master_api.py", line 435, in searchParam
    search_key = self.param_server.search_param(caller_id, key)
  File "/opt/ros/kinetic/lib/python2.7/dist-packages/rosmaster/paramserver.py", line 116, in search_param
    raise ValueError("namespace must be global")
ValueError: namespace must be global

[rosmaster.master][INFO] 2019-06-29 14:13:55,168: +PUB [/m2wr/laser/scan] /gazebo http://dc5b429f784e:34125/
[rosmaster.master][INFO] 2019-06-29 14:13:55,222: publisherUpdate[/rosout] -> http://dc5b429f784e:39553/ ['http://dc5b429f784e:34125/', 'http://dc5b429f784e:37851/', 'http://dc5b429f784e:45573/', 'http://dc5b429f784e:42379/']
[rosmaster.master][INFO] 2019-06-29 14:13:55,223: publisherUpdate[/rosout] -> http://dc5b429f784e:39553/ ['http://dc5b429f784e:34125/', 'http://dc5b429f784e:37851/', 'http://dc5b429f784e:45573/', 'http://dc5b429f784e:42379/']: sec=0.00, result=[1, '', 0]
[rosmaster.master][ERROR] 2019-06-29 14:13:55,271: Traceback (most recent call last):
  File "/opt/ros/kinetic/lib/python2.7/dist-packages/rosmaster/master_api.py", line 177, in validated_f
    code, msg, val = f(*newArgs, **kwds)
  File "/opt/ros/kinetic/lib/python2.7/dist-packages/rosmaster/master_api.py", line 435, in searchParam
    search_key = self.param_server.search_param(caller_id, key)
  File "/opt/ros/kinetic/lib/python2.7/dist-packages/rosmaster/paramserver.py", line 116, in search_param
    raise ValueError("namespace must be global")
ValueError: namespace must be global

[rosmaster.master][INFO] 2019-06-29 14:13:55,273: +PUB [/joint_states] /gazebo http://dc5b429f784e:34125/
[rosmaster.master][INFO] 2019-06-29 14:13:55,274: +PUB [/tf] /gazebo http://dc5b429f784e:34125/
[rosmaster.master][INFO] 2019-06-29 14:13:55,279: +SUB [/cmd_vel] /gazebo http://dc5b429f784e:34125/
[rosmaster.master][INFO] 2019-06-29 14:13:55,281: +PUB [/odom] /gazebo http://dc5b429f784e:34125/
[rosmaster.master][INFO] 2019-06-29 14:13:55,323: publisherUpdate[/joint_states] -> http://dc5b429f784e:45573/ ['http://dc5b429f784e:34125/']
[rosmaster.master][INFO] 2019-06-29 14:13:55,324: publisherUpdate[/joint_states] -> http://dc5b429f784e:45573/ ['http://dc5b429f784e:34125/']: sec=0.00, result=[1, '', 0]
[rosmaster.master][INFO] 2019-06-29 14:13:55,438: +SERVICE [/m2wr/controller_manager/list_controllers] /gazebo http://dc5b429f784e:34125/
[rosmaster.master][INFO] 2019-06-29 14:13:55,440: +SERVICE [/m2wr/controller_manager/list_controller_types] /gazebo http://dc5b429f784e:34125/
[rosmaster.master][INFO] 2019-06-29 14:13:55,441: +SERVICE [/m2wr/controller_manager/load_controller] /gazebo http://dc5b429f784e:34125/
[rosmaster.master][INFO] 2019-06-29 14:13:55,443: +SERVICE [/m2wr/controller_manager/unload_controller] /gazebo http://dc5b429f784e:34125/
[rosmaster.master][INFO] 2019-06-29 14:13:55,444: +SERVICE [/m2wr/controller_manager/switch_controller] /gazebo http://dc5b429f784e:34125/
[rosmaster.master][INFO] 2019-06-29 14:13:55,445: +SERVICE [/m2wr/controller_manager/reload_controller_libraries] /gazebo http://dc5b429f784e:34125/
[rosmaster.master][INFO] 2019-06-29 14:13:55,707: +PUB [/m2wr/joint_states] /gazebo http://dc5b429f784e:34125/
[rosmaster.master][INFO] 2019-06-29 14:14:52,429: +SERVICE [/gazebo/set_parameters] /gazebo http://dc5b429f784e:34125/
[rosmaster.master][INFO] 2019-06-29 14:14:52,432: +SERVICE [/gazebo_gui/set_parameters] /gazebo_gui http://dc5b429f784e:37851/
[rosmaster.master][INFO] 2019-06-29 14:14:52,433: +PUB [/gazebo/parameter_descriptions] /gazebo http://dc5b429f784e:34125/
[rosmaster.master][INFO] 2019-06-29 14:14:52,436: +PUB [/gazebo_gui/parameter_descriptions] /gazebo_gui http://dc5b429f784e:37851/
[rosmaster.master][INFO] 2019-06-29 14:14:52,437: +PUB [/gazebo/parameter_updates] /gazebo http://dc5b429f784e:34125/
[rosmaster.master][INFO] 2019-06-29 14:14:52,440: +PUB [/gazebo_gui/parameter_updates] /gazebo_gui http://dc5b429f784e:37851/
[rosmaster.master][INFO] 2019-06-29 14:14:52,522: +PARAM [/gazebo/time_step] by /gazebo
[rosmaster.master][INFO] 2019-06-29 14:14:52,525: +PARAM [/gazebo/max_update_rate] by /gazebo
[rosmaster.master][INFO] 2019-06-29 14:14:52,526: +PARAM [/gazebo_gui/time_step] by /gazebo_gui
[rosmaster.master][INFO] 2019-06-29 14:14:52,529: +PARAM [/gazebo/gravity_x] by /gazebo
[rosmaster.master][INFO] 2019-06-29 14:14:52,530: +PARAM [/gazebo_gui/max_update_rate] by /gazebo_gui
[rosmaster.master][INFO] 2019-06-29 14:14:52,532: +PARAM [/gazebo/gravity_y] by /gazebo
[rosmaster.master][INFO] 2019-06-29 14:14:52,534: +PARAM [/gazebo/gravity_z] by /gazebo
[rosmaster.master][INFO] 2019-06-29 14:14:52,536: +PARAM [/gazebo_gui/gravity_x] by /gazebo_gui
[rosmaster.master][INFO] 2019-06-29 14:14:52,539: +PARAM [/gazebo/auto_disable_bodies] by /gazebo
[rosmaster.master][INFO] 2019-06-29 14:14:52,541: +PARAM [/gazebo_gui/gravity_y] by /gazebo_gui
[rosmaster.master][INFO] 2019-06-29 14:14:52,543: +PARAM [/gazebo_gui/gravity_z] by /gazebo_gui
[rosmaster.master][INFO] 2019-06-29 14:14:52,545: +PARAM [/gazebo/sor_pgs_precon_iters] by /gazebo
[rosmaster.master][INFO] 2019-06-29 14:14:52,546: +PARAM [/gazebo_gui/auto_disable_bodies] by /gazebo_gui
[rosmaster.master][INFO] 2019-06-29 14:14:52,548: +PARAM [/gazebo/sor_pgs_iters] by /gazebo
[rosmaster.master][INFO] 2019-06-29 14:14:52,558: +PARAM [/gazebo_gui/sor_pgs_precon_iters] by /gazebo_gui
[rosmaster.master][INFO] 2019-06-29 14:14:52,558: +PARAM [/gazebo/sor_pgs_w] by /gazebo
[rosmaster.master][INFO] 2019-06-29 14:14:52,561: +PARAM [/gazebo_gui/sor_pgs_iters] by /gazebo_gui
[rosmaster.master][INFO] 2019-06-29 14:14:52,562: +PARAM [/gazebo/sor_pgs_rms_error_tol] by /gazebo
[rosmaster.master][INFO] 2019-06-29 14:14:52,564: +PARAM [/gazebo_gui/sor_pgs_w] by /gazebo_gui
[rosmaster.master][INFO] 2019-06-29 14:14:52,566: +PARAM [/gazebo/cfm] by /gazebo
[rosmaster.master][INFO] 2019-06-29 14:14:52,568: +PARAM [/gazebo_gui/sor_pgs_rms_error_tol] by /gazebo_gui
[rosmaster.master][INFO] 2019-06-29 14:14:52,588: +PARAM [/gazebo/erp] by /gazebo
[rosmaster.master][INFO] 2019-06-29 14:14:52,590: +PARAM [/gazebo_gui/cfm] by /gazebo_gui
[rosmaster.master][INFO] 2019-06-29 14:14:52,592: +PARAM [/gazebo/contact_surface_layer] by /gazebo
[rosmaster.master][INFO] 2019-06-29 14:14:52,594: +PARAM [/gazebo_gui/erp] by /gazebo_gui
[rosmaster.master][INFO] 2019-06-29 14:14:52,596: +PARAM [/gazebo/contact_max_correcting_vel] by /gazebo
[rosmaster.master][INFO] 2019-06-29 14:14:52,598: +PARAM [/gazebo_gui/contact_surface_layer] by /gazebo_gui
[rosmaster.master][INFO] 2019-06-29 14:14:52,600: +PARAM [/gazebo/max_contacts] by /gazebo
[rosmaster.master][INFO] 2019-06-29 14:14:52,603: +PARAM [/gazebo_gui/contact_max_correcting_vel] by /gazebo_gui
[rosmaster.master][INFO] 2019-06-29 14:14:52,606: +PARAM [/gazebo_gui/max_contacts] by /gazebo_gui
[rosmaster.master][INFO] 2019-06-29 14:14:52,609: +PARAM [/gazebo/time_step] by /gazebo
[rosmaster.master][INFO] 2019-06-29 14:14:52,611: +PARAM [/gazebo_gui/time_step] by /gazebo_gui
[rosmaster.master][INFO] 2019-06-29 14:14:52,613: +PARAM [/gazebo/max_update_rate] by /gazebo
[rosmaster.master][INFO] 2019-06-29 14:14:52,616: +PARAM [/gazebo/gravity_x] by /gazebo
[rosmaster.master][INFO] 2019-06-29 14:14:52,617: +PARAM [/gazebo_gui/max_update_rate] by /gazebo_gui
[rosmaster.master][INFO] 2019-06-29 14:14:52,619: +PARAM [/gazebo/gravity_y] by /gazebo
[rosmaster.master][INFO] 2019-06-29 14:14:52,622: +PARAM [/gazebo_gui/gravity_x] by /gazebo_gui
[rosmaster.master][INFO] 2019-06-29 14:14:52,624: +PARAM [/gazebo/gravity_z] by /gazebo
[rosmaster.master][INFO] 2019-06-29 14:14:52,626: +PARAM [/gazebo_gui/gravity_y] by /gazebo_gui
[rosmaster.master][INFO] 2019-06-29 14:14:52,628: +PARAM [/gazebo_gui/gravity_z] by /gazebo_gui
[rosmaster.master][INFO] 2019-06-29 14:14:52,629: +PARAM [/gazebo/auto_disable_bodies] by /gazebo
[rosmaster.master][INFO] 2019-06-29 14:14:52,631: +PARAM [/gazebo_gui/auto_disable_bodies] by /gazebo_gui
[rosmaster.master][INFO] 2019-06-29 14:14:52,632: +PARAM [/gazebo/sor_pgs_precon_iters] by /gazebo
[rosmaster.master][INFO] 2019-06-29 14:14:52,634: +PARAM [/gazebo_gui/sor_pgs_precon_iters] by /gazebo_gui
[rosmaster.master][INFO] 2019-06-29 14:14:52,635: +PARAM [/gazebo_gui/sor_pgs_iters] by /gazebo_gui
[rosmaster.master][INFO] 2019-06-29 14:14:52,637: +PARAM [/gazebo_gui/sor_pgs_w] by /gazebo_gui
[rosmaster.master][INFO] 2019-06-29 14:14:52,638: +PARAM [/gazebo_gui/sor_pgs_rms_error_tol] by /gazebo_gui
[rosmaster.master][INFO] 2019-06-29 14:14:52,639: +PARAM [/gazebo/sor_pgs_iters] by /gazebo
[rosmaster.master][INFO] 2019-06-29 14:14:52,641: +PARAM [/gazebo_gui/cfm] by /gazebo_gui
[rosmaster.master][INFO] 2019-06-29 14:14:52,649: +PARAM [/gazebo/sor_pgs_w] by /gazebo
[rosmaster.master][INFO] 2019-06-29 14:14:52,652: +PARAM [/gazebo_gui/erp] by /gazebo_gui
[rosmaster.master][INFO] 2019-06-29 14:14:52,653: +PARAM [/gazebo/sor_pgs_rms_error_tol] by /gazebo
[rosmaster.master][INFO] 2019-06-29 14:14:52,656: +PARAM [/gazebo/cfm] by /gazebo
[rosmaster.master][INFO] 2019-06-29 14:14:52,657: +PARAM [/gazebo_gui/contact_surface_layer] by /gazebo_gui
[rosmaster.master][INFO] 2019-06-29 14:14:52,659: +PARAM [/gazebo_gui/contact_max_correcting_vel] by /gazebo_gui
[rosmaster.master][INFO] 2019-06-29 14:14:52,660: +PARAM [/gazebo/erp] by /gazebo
[rosmaster.master][INFO] 2019-06-29 14:14:52,663: +PARAM [/gazebo/contact_surface_layer] by /gazebo
[rosmaster.master][INFO] 2019-06-29 14:14:52,665: +PARAM [/gazebo_gui/max_contacts] by /gazebo_gui
[rosmaster.master][INFO] 2019-06-29 14:14:52,666: +PARAM [/gazebo/contact_max_correcting_vel] by /gazebo
[rosmaster.master][INFO] 2019-06-29 14:14:52,668: +PARAM [/gazebo/max_contacts] by /gazebo
