[rospy.client][INFO] 2019-06-29 14:01:18,243: init_node, name[/rosservice_57312_1561816878050], pid[57312]
[xmlrpc][INFO] 2019-06-29 14:01:18,244: XML-RPC server binding to 0.0.0.0:0
[xmlrpc][INFO] 2019-06-29 14:01:18,246: Started XML-RPC server [http://dc5b429f784e:32815/]
[rospy.impl.masterslave][INFO] 2019-06-29 14:01:18,246: _ready: http://dc5b429f784e:32815/
[xmlrpc][INFO] 2019-06-29 14:01:18,246: xml rpc node: starting XML-RPC server
[rospy.registration][INFO] 2019-06-29 14:01:18,247: Registering with master node http://localhost:11311
[rospy.init][INFO] 2019-06-29 14:01:18,247: ROS Slave URI: [http://dc5b429f784e:32815/]
[rospy.init][INFO] 2019-06-29 14:01:18,248: registered with master
[rospy.rosout][INFO] 2019-06-29 14:01:18,248: initializing /rosout core topic
[rospy.rosout][INFO] 2019-06-29 14:01:18,252: connected to core topic /rosout
[rospy.simtime][INFO] 2019-06-29 14:01:18,254: initializing /clock core topic
[rospy.simtime][INFO] 2019-06-29 14:01:18,258: connected to core topic /clock
[rospy.internal][INFO] 2019-06-29 14:01:18,269: topic[/clock] adding connection to [http://dc5b429f784e:35419/], count 0
[rospy.core][INFO] 2019-06-29 14:01:18,272: signal_shutdown [atexit]
[rospy.internal][INFO] 2019-06-29 14:01:18,278: topic[/clock] removing connection to http://dc5b429f784e:35419/
[rospy.impl.masterslave][INFO] 2019-06-29 14:01:18,278: atexit
[rospy.internal][ERROR] 2019-06-29 14:01:18,281: Traceback (most recent call last):
  File "/opt/ros/kinetic/lib/python2.7/dist-packages/rospy/impl/tcpros_base.py", line 729, in receive_once
    self.stat_bytes += recv_buff(sock, b, p.buff_size)
  File "/opt/ros/kinetic/lib/python2.7/dist-packages/rospy/impl/tcpros_base.py", line 103, in recv_buff
    d = sock.recv(buff_size)
error: [Errno 104] Connection reset by peer

