[rospy.client][INFO] 2019-06-25 14:42:33,460: init_node, name[/rostopic_89069_1561473753262], pid[89069]
[xmlrpc][INFO] 2019-06-25 14:42:33,462: XML-RPC server binding to 0.0.0.0:0
[xmlrpc][INFO] 2019-06-25 14:42:33,463: Started XML-RPC server [http://dc5b429f784e:41985/]
[rospy.init][INFO] 2019-06-25 14:42:33,463: ROS Slave URI: [http://dc5b429f784e:41985/]
[rospy.impl.masterslave][INFO] 2019-06-25 14:42:33,463: _ready: http://dc5b429f784e:41985/
[xmlrpc][INFO] 2019-06-25 14:42:33,464: xml rpc node: starting XML-RPC server
[rospy.registration][INFO] 2019-06-25 14:42:33,465: Registering with master node http://localhost:11311
[rospy.init][INFO] 2019-06-25 14:42:33,564: registered with master
[rospy.rosout][INFO] 2019-06-25 14:42:33,564: initializing /rosout core topic
[rospy.rosout][INFO] 2019-06-25 14:42:33,567: connected to core topic /rosout
[rospy.simtime][INFO] 2019-06-25 14:42:33,582: initializing /clock core topic
[rospy.simtime][INFO] 2019-06-25 14:42:33,592: connected to core topic /clock
[rospy.internal][INFO] 2019-06-25 14:42:33,663: topic[/clock] adding connection to [http://dc5b429f784e:45593/], count 0
[rospy.internal][INFO] 2019-06-25 14:42:33,696: topic[/odom] adding connection to [http://dc5b429f784e:45593/], count 0
[rospy.internal][INFO] 2019-06-25 14:42:33,828: topic[/rosout] adding connection to [/rosout], count 0
[rospy.core][INFO] 2019-06-25 14:42:38,780: signal_shutdown [signal-2]
[rospy.internal][INFO] 2019-06-25 14:42:38,786: topic[/rosout] removing connection to /rosout
[rospy.internal][INFO] 2019-06-25 14:42:38,786: topic[/clock] removing connection to http://dc5b429f784e:45593/
[rospy.internal][INFO] 2019-06-25 14:42:38,786: topic[/odom] removing connection to http://dc5b429f784e:45593/
[rospy.internal][ERROR] 2019-06-25 14:42:38,787: Traceback (most recent call last):
  File "/opt/ros/kinetic/lib/python2.7/dist-packages/rospy/impl/tcpros_base.py", line 729, in receive_once
    self.stat_bytes += recv_buff(sock, b, p.buff_size)
  File "/opt/ros/kinetic/lib/python2.7/dist-packages/rospy/impl/tcpros_base.py", line 103, in recv_buff
    d = sock.recv(buff_size)
error: [Errno 104] Connection reset by peer

[rospy.impl.masterslave][INFO] 2019-06-25 14:42:38,787: signal-2
[rospy.core][INFO] 2019-06-25 14:42:38,921: signal_shutdown [atexit]
