[rospy.client][INFO] 2019-06-25 10:19:57,399: init_node, name[/rostopic_37522_1561457997282], pid[37522]
[xmlrpc][INFO] 2019-06-25 10:19:57,400: XML-RPC server binding to 0.0.0.0:0
[xmlrpc][INFO] 2019-06-25 10:19:57,401: Started XML-RPC server [http://dc5b429f784e:32865/]
[rospy.init][INFO] 2019-06-25 10:19:57,401: ROS Slave URI: [http://dc5b429f784e:32865/]
[rospy.impl.masterslave][INFO] 2019-06-25 10:19:57,401: _ready: http://dc5b429f784e:32865/
[xmlrpc][INFO] 2019-06-25 10:19:57,402: xml rpc node: starting XML-RPC server
[rospy.registration][INFO] 2019-06-25 10:19:57,403: Registering with master node http://localhost:11311
[rospy.init][INFO] 2019-06-25 10:19:57,502: registered with master
[rospy.rosout][INFO] 2019-06-25 10:19:57,502: initializing /rosout core topic
[rospy.rosout][INFO] 2019-06-25 10:19:57,505: connected to core topic /rosout
[rospy.simtime][INFO] 2019-06-25 10:19:57,507: initializing /clock core topic
[rospy.simtime][INFO] 2019-06-25 10:19:57,515: connected to core topic /clock
[rospy.internal][INFO] 2019-06-25 10:19:57,522: topic[/clock] adding connection to [http://dc5b429f784e:37181/], count 0
[rospy.internal][INFO] 2019-06-25 10:19:57,558: topic[/cmd_vel] adding connection to [http://dc5b429f784e:36069/], count 0
[rospy.internal][INFO] 2019-06-25 10:19:57,561: topic[/cmd_vel] adding connection to [http://dc5b429f784e:41817/], count 1
[rospy.internal][INFO] 2019-06-25 10:19:57,778: topic[/rosout] adding connection to [/rosout], count 0
[rospy.core][INFO] 2019-06-25 10:20:02,992: signal_shutdown [signal-2]
[rospy.internal][INFO] 2019-06-25 10:20:03,008: topic[/rosout] removing connection to /rosout
[rospy.internal][INFO] 2019-06-25 10:20:03,009: topic[/clock] removing connection to http://dc5b429f784e:37181/
[rospy.internal][INFO] 2019-06-25 10:20:03,009: topic[/cmd_vel] removing connection to http://dc5b429f784e:36069/
[rospy.internal][INFO] 2019-06-25 10:20:03,010: topic[/cmd_vel] removing connection to http://dc5b429f784e:41817/
[rospy.impl.masterslave][INFO] 2019-06-25 10:20:03,010: signal-2
[rospy.internal][ERROR] 2019-06-25 10:20:03,011: Traceback (most recent call last):
  File "/opt/ros/kinetic/lib/python2.7/dist-packages/rospy/impl/tcpros_base.py", line 729, in receive_once
    self.stat_bytes += recv_buff(sock, b, p.buff_size)
  File "/opt/ros/kinetic/lib/python2.7/dist-packages/rospy/impl/tcpros_base.py", line 103, in recv_buff
    d = sock.recv(buff_size)
error: [Errno 104] Connection reset by peer

[rospy.core][INFO] 2019-06-25 10:20:03,126: signal_shutdown [atexit]
