[rospy.client][INFO] 2019-06-25 09:19:46,056: init_node, name[/rostopic_23339_1561454385961], pid[23339]
[xmlrpc][INFO] 2019-06-25 09:19:46,056: XML-RPC server binding to 0.0.0.0:0
[xmlrpc][INFO] 2019-06-25 09:19:46,057: Started XML-RPC server [http://dc5b429f784e:46569/]
[rospy.impl.masterslave][INFO] 2019-06-25 09:19:46,058: _ready: http://dc5b429f784e:46569/
[rospy.init][INFO] 2019-06-25 09:19:46,058: ROS Slave URI: [http://dc5b429f784e:46569/]
[xmlrpc][INFO] 2019-06-25 09:19:46,059: xml rpc node: starting XML-RPC server
[rospy.registration][INFO] 2019-06-25 09:19:46,059: Registering with master node http://localhost:11311
[rospy.init][INFO] 2019-06-25 09:19:46,160: registered with master
[rospy.rosout][INFO] 2019-06-25 09:19:46,160: initializing /rosout core topic
[rospy.rosout][INFO] 2019-06-25 09:19:46,170: connected to core topic /rosout
[rospy.simtime][INFO] 2019-06-25 09:19:46,176: initializing /clock core topic
[rospy.simtime][INFO] 2019-06-25 09:19:46,180: connected to core topic /clock
[rospy.internal][INFO] 2019-06-25 09:19:46,227: topic[/odom] adding connection to [http://dc5b429f784e:37477/], count 0
[rospy.internal][INFO] 2019-06-25 09:19:46,228: topic[/clock] adding connection to [http://dc5b429f784e:37477/], count 0
[rospy.internal][INFO] 2019-06-25 09:19:46,394: topic[/rosout] adding connection to [/rosout], count 0
[rospy.core][INFO] 2019-06-25 09:19:47,181: signal_shutdown [signal-2]
[rospy.internal][INFO] 2019-06-25 09:19:47,186: topic[/rosout] removing connection to /rosout
[rospy.internal][INFO] 2019-06-25 09:19:47,186: topic[/clock] removing connection to http://dc5b429f784e:37477/
[rospy.internal][INFO] 2019-06-25 09:19:47,187: topic[/odom] removing connection to http://dc5b429f784e:37477/
[rospy.impl.masterslave][INFO] 2019-06-25 09:19:47,187: signal-2
[rospy.core][INFO] 2019-06-25 09:19:47,295: signal_shutdown [atexit]
