[rospy.client][INFO] 2019-06-25 07:05:24,163: init_node, name[/rostopic_3681_1561446324109], pid[3681]
[xmlrpc][INFO] 2019-06-25 07:05:24,163: XML-RPC server binding to 0.0.0.0:0
[rospy.init][INFO] 2019-06-25 07:05:24,164: ROS Slave URI: [http://dc5b429f784e:42161/]
[xmlrpc][INFO] 2019-06-25 07:05:24,164: Started XML-RPC server [http://dc5b429f784e:42161/]
[rospy.impl.masterslave][INFO] 2019-06-25 07:05:24,164: _ready: http://dc5b429f784e:42161/
[xmlrpc][INFO] 2019-06-25 07:05:24,165: xml rpc node: starting XML-RPC server
[rospy.registration][INFO] 2019-06-25 07:05:24,165: Registering with master node http://localhost:11311
[rospy.init][INFO] 2019-06-25 07:05:24,265: registered with master
[rospy.rosout][INFO] 2019-06-25 07:05:24,265: initializing /rosout core topic
[rospy.rosout][INFO] 2019-06-25 07:05:24,269: connected to core topic /rosout
[rospy.simtime][INFO] 2019-06-25 07:05:24,281: initializing /clock core topic
[rospy.simtime][INFO] 2019-06-25 07:05:24,285: connected to core topic /clock
[rospy.internal][INFO] 2019-06-25 07:05:24,338: topic[/odom] adding connection to [http://dc5b429f784e:43259/], count 0
[rospy.internal][INFO] 2019-06-25 07:05:24,340: topic[/clock] adding connection to [http://dc5b429f784e:43259/], count 0
[rospy.internal][INFO] 2019-06-25 07:05:24,561: topic[/rosout] adding connection to [/rosout], count 0
[rospy.core][INFO] 2019-06-25 07:05:26,016: signal_shutdown [signal-2]
[rospy.internal][INFO] 2019-06-25 07:05:26,030: topic[/rosout] removing connection to /rosout
[rospy.internal][INFO] 2019-06-25 07:05:26,031: topic[/clock] removing connection to http://dc5b429f784e:43259/
[rospy.internal][INFO] 2019-06-25 07:05:26,031: topic[/odom] removing connection to http://dc5b429f784e:43259/
[rospy.impl.masterslave][INFO] 2019-06-25 07:05:26,031: signal-2
[rospy.core][INFO] 2019-06-25 07:05:26,163: signal_shutdown [atexit]
