[rospy.client][INFO] 2019-06-25 12:24:41,732: init_node, name[/rostopic_55645_1561465481631], pid[55645]
[xmlrpc][INFO] 2019-06-25 12:24:41,739: XML-RPC server binding to 0.0.0.0:0
[xmlrpc][INFO] 2019-06-25 12:24:41,741: Started XML-RPC server [http://dc5b429f784e:39435/]
[rospy.init][INFO] 2019-06-25 12:24:41,741: ROS Slave URI: [http://dc5b429f784e:39435/]
[rospy.impl.masterslave][INFO] 2019-06-25 12:24:41,741: _ready: http://dc5b429f784e:39435/
[rospy.registration][INFO] 2019-06-25 12:24:41,743: Registering with master node http://localhost:11311
[xmlrpc][INFO] 2019-06-25 12:24:41,744: xml rpc node: starting XML-RPC server
[rospy.init][INFO] 2019-06-25 12:24:41,843: registered with master
[rospy.rosout][INFO] 2019-06-25 12:24:41,843: initializing /rosout core topic
[rospy.rosout][INFO] 2019-06-25 12:24:41,846: connected to core topic /rosout
[rospy.simtime][INFO] 2019-06-25 12:24:41,849: initializing /clock core topic
[rospy.simtime][INFO] 2019-06-25 12:24:41,853: connected to core topic /clock
[rospy.internal][INFO] 2019-06-25 12:24:41,860: topic[/clock] adding connection to [http://dc5b429f784e:44643/], count 0
[rospy.internal][INFO] 2019-06-25 12:24:41,942: topic[/map] adding connection to [http://dc5b429f784e:35841/], count 0
[rospy.internal][INFO] 2019-06-25 12:24:42,088: topic[/rosout] adding connection to [/rosout], count 0
[rospy.core][INFO] 2019-06-25 12:24:44,537: signal_shutdown [signal-2]
[rospy.internal][INFO] 2019-06-25 12:24:44,543: topic[/rosout] removing connection to /rosout
[rospy.internal][INFO] 2019-06-25 12:24:44,543: topic[/clock] removing connection to http://dc5b429f784e:44643/
[rospy.internal][INFO] 2019-06-25 12:24:44,544: topic[/map] removing connection to http://dc5b429f784e:35841/
[rospy.impl.masterslave][INFO] 2019-06-25 12:24:44,545: signal-2
[rospy.internal][WARNING] 2019-06-25 12:24:44,546: Unknown error initiating TCP/IP socket to dc5b429f784e:35963 (http://dc5b429f784e:35841/): Traceback (most recent call last):
  File "/opt/ros/kinetic/lib/python2.7/dist-packages/rospy/impl/tcpros_base.py", line 558, in connect
    self.local_endpoint = self.socket.getsockname()
AttributeError: 'NoneType' object has no attribute 'getsockname'

[rospy.core][INFO] 2019-06-25 12:24:44,661: signal_shutdown [atexit]
