[rospy.client][INFO] 2019-06-14 10:30:22,618: init_node, name[/rostopic_22004_1560508222520], pid[22004]
[xmlrpc][INFO] 2019-06-14 10:30:22,618: XML-RPC server binding to 0.0.0.0:0
[xmlrpc][INFO] 2019-06-14 10:30:22,619: Started XML-RPC server [http://dc5b429f784e:36375/]
[rospy.init][INFO] 2019-06-14 10:30:22,619: ROS Slave URI: [http://dc5b429f784e:36375/]
[rospy.impl.masterslave][INFO] 2019-06-14 10:30:22,619: _ready: http://dc5b429f784e:36375/
[rospy.registration][INFO] 2019-06-14 10:30:22,620: Registering with master node http://localhost:11311
[xmlrpc][INFO] 2019-06-14 10:30:22,621: xml rpc node: starting XML-RPC server
[rospy.init][INFO] 2019-06-14 10:30:22,720: registered with master
[rospy.rosout][INFO] 2019-06-14 10:30:22,720: initializing /rosout core topic
[rospy.rosout][INFO] 2019-06-14 10:30:22,726: connected to core topic /rosout
[rospy.simtime][INFO] 2019-06-14 10:30:22,730: initializing /clock core topic
[rospy.simtime][INFO] 2019-06-14 10:30:22,736: connected to core topic /clock
[rospy.internal][INFO] 2019-06-14 10:30:22,760: topic[/clock] adding connection to [http://dc5b429f784e:36897/], count 0
[rospy.internal][INFO] 2019-06-14 10:30:22,777: topic[/tf] adding connection to [http://dc5b429f784e:36897/], count 0
[rospy.internal][INFO] 2019-06-14 10:30:22,780: topic[/tf] adding connection to [http://dc5b429f784e:34369/], count 1
[rospy.internal][INFO] 2019-06-14 10:30:22,965: topic[/rosout] adding connection to [/rosout], count 0
[rospy.core][INFO] 2019-06-14 10:30:25,838: signal_shutdown [signal-2]
[rospy.internal][INFO] 2019-06-14 10:30:25,844: topic[/rosout] removing connection to /rosout
[rospy.internal][INFO] 2019-06-14 10:30:25,844: topic[/clock] removing connection to http://dc5b429f784e:36897/
[rospy.internal][INFO] 2019-06-14 10:30:25,845: topic[/tf] removing connection to http://dc5b429f784e:36897/
[rospy.internal][WARNING] 2019-06-14 10:30:25,846: Unknown error initiating TCP/IP socket to dc5b429f784e:48733 (http://dc5b429f784e:36897/): Traceback (most recent call last):
  File "/opt/ros/kinetic/lib/python2.7/dist-packages/rospy/impl/tcpros_base.py", line 558, in connect
    self.local_endpoint = self.socket.getsockname()
AttributeError: 'NoneType' object has no attribute 'getsockname'

[rospy.internal][INFO] 2019-06-14 10:30:25,847: topic[/tf] removing connection to http://dc5b429f784e:34369/
[rospy.impl.masterslave][INFO] 2019-06-14 10:30:25,847: signal-2
[rospy.core][INFO] 2019-06-14 10:30:26,491: signal_shutdown [signal-2]
[rospy.core][INFO] 2019-06-14 10:30:26,491: signal_shutdown [atexit]
