[rospy.client][INFO] 2019-06-25 08:40:25,246: init_node, name[/rostopic_19013_1561452025152], pid[19013]
[xmlrpc][INFO] 2019-06-25 08:40:25,246: XML-RPC server binding to 0.0.0.0:0
[xmlrpc][INFO] 2019-06-25 08:40:25,247: Started XML-RPC server [http://dc5b429f784e:39903/]
[rospy.impl.masterslave][INFO] 2019-06-25 08:40:25,247: _ready: http://dc5b429f784e:39903/
[rospy.init][INFO] 2019-06-25 08:40:25,248: ROS Slave URI: [http://dc5b429f784e:39903/]
[xmlrpc][INFO] 2019-06-25 08:40:25,248: xml rpc node: starting XML-RPC server
[rospy.registration][INFO] 2019-06-25 08:40:25,249: Registering with master node http://localhost:11311
[rospy.init][INFO] 2019-06-25 08:40:25,349: registered with master
[rospy.rosout][INFO] 2019-06-25 08:40:25,350: initializing /rosout core topic
[rospy.rosout][INFO] 2019-06-25 08:40:25,353: connected to core topic /rosout
[rospy.simtime][INFO] 2019-06-25 08:40:25,355: initializing /clock core topic
[rospy.simtime][INFO] 2019-06-25 08:40:25,369: connected to core topic /clock
[rospy.internal][INFO] 2019-06-25 08:40:25,428: topic[/clock] adding connection to [http://dc5b429f784e:33567/], count 0
[rospy.internal][INFO] 2019-06-25 08:40:25,429: topic[/odom] adding connection to [http://dc5b429f784e:33567/], count 0
[rospy.internal][INFO] 2019-06-25 08:40:25,562: topic[/rosout] adding connection to [/rosout], count 0
[rospy.core][INFO] 2019-06-25 08:40:28,008: signal_shutdown [signal-2]
[rospy.internal][INFO] 2019-06-25 08:40:28,019: topic[/rosout] removing connection to /rosout
[rospy.internal][INFO] 2019-06-25 08:40:28,020: topic[/clock] removing connection to http://dc5b429f784e:33567/
[rospy.internal][INFO] 2019-06-25 08:40:28,021: topic[/odom] removing connection to http://dc5b429f784e:33567/
[rospy.impl.masterslave][INFO] 2019-06-25 08:40:28,021: signal-2
[rospy.internal][ERROR] 2019-06-25 08:40:28,022: Traceback (most recent call last):
  File "/opt/ros/kinetic/lib/python2.7/dist-packages/rospy/impl/tcpros_base.py", line 729, in receive_once
    self.stat_bytes += recv_buff(sock, b, p.buff_size)
  File "/opt/ros/kinetic/lib/python2.7/dist-packages/rospy/impl/tcpros_base.py", line 103, in recv_buff
    d = sock.recv(buff_size)
error: [Errno 104] Connection reset by peer

[rospy.core][INFO] 2019-06-25 08:40:28,153: signal_shutdown [atexit]
