[rospy.client][INFO] 2019-06-25 09:46:47,258: init_node, name[/rostopic_30285_1561456007134], pid[30285]
[xmlrpc][INFO] 2019-06-25 09:46:47,258: XML-RPC server binding to 0.0.0.0:0
[xmlrpc][INFO] 2019-06-25 09:46:47,259: Started XML-RPC server [http://dc5b429f784e:39983/]
[rospy.init][INFO] 2019-06-25 09:46:47,259: ROS Slave URI: [http://dc5b429f784e:39983/]
[rospy.impl.masterslave][INFO] 2019-06-25 09:46:47,260: _ready: http://dc5b429f784e:39983/
[rospy.registration][INFO] 2019-06-25 09:46:47,261: Registering with master node http://localhost:11311
[xmlrpc][INFO] 2019-06-25 09:46:47,261: xml rpc node: starting XML-RPC server
[rospy.init][INFO] 2019-06-25 09:46:47,360: registered with master
[rospy.rosout][INFO] 2019-06-25 09:46:47,361: initializing /rosout core topic
[rospy.rosout][INFO] 2019-06-25 09:46:47,364: connected to core topic /rosout
[rospy.simtime][INFO] 2019-06-25 09:46:47,367: initializing /clock core topic
[rospy.simtime][INFO] 2019-06-25 09:46:47,371: connected to core topic /clock
[rospy.internal][INFO] 2019-06-25 09:46:47,378: topic[/clock] adding connection to [http://dc5b429f784e:36449/], count 0
[rospy.internal][INFO] 2019-06-25 09:46:47,456: topic[/odom] adding connection to [http://dc5b429f784e:36449/], count 0
[rospy.internal][INFO] 2019-06-25 09:46:47,614: topic[/rosout] adding connection to [/rosout], count 0
[rospy.core][INFO] 2019-06-25 09:46:48,985: signal_shutdown [signal-2]
[rospy.internal][INFO] 2019-06-25 09:46:48,993: topic[/rosout] removing connection to /rosout
[rospy.internal][INFO] 2019-06-25 09:46:48,995: topic[/clock] removing connection to http://dc5b429f784e:36449/
[rospy.internal][INFO] 2019-06-25 09:46:48,998: topic[/odom] removing connection to http://dc5b429f784e:36449/
[rospy.impl.masterslave][INFO] 2019-06-25 09:46:48,998: signal-2
[rospy.internal][WARNING] 2019-06-25 09:46:49,002: Unknown error initiating TCP/IP socket to dc5b429f784e:55083 (http://dc5b429f784e:36449/): Traceback (most recent call last):
  File "/opt/ros/kinetic/lib/python2.7/dist-packages/rospy/impl/tcpros_base.py", line 558, in connect
    self.local_endpoint = self.socket.getsockname()
AttributeError: 'NoneType' object has no attribute 'getsockname'

[rospy.core][INFO] 2019-06-25 09:46:49,611: signal_shutdown [signal-2]
[rospy.core][INFO] 2019-06-25 09:46:49,611: signal_shutdown [atexit]
