[rospy.client][INFO] 2019-06-14 14:55:49,447: init_node, name[/rostopic_3735_1560524149370], pid[3735]
[xmlrpc][INFO] 2019-06-14 14:55:49,447: XML-RPC server binding to 0.0.0.0:0
[xmlrpc][INFO] 2019-06-14 14:55:49,448: Started XML-RPC server [http://dc5b429f784e:37313/]
[rospy.init][INFO] 2019-06-14 14:55:49,448: ROS Slave URI: [http://dc5b429f784e:37313/]
[rospy.impl.masterslave][INFO] 2019-06-14 14:55:49,448: _ready: http://dc5b429f784e:37313/
[rospy.registration][INFO] 2019-06-14 14:55:49,450: Registering with master node http://localhost:11311
[xmlrpc][INFO] 2019-06-14 14:55:49,450: xml rpc node: starting XML-RPC server
[rospy.init][INFO] 2019-06-14 14:55:49,549: registered with master
[rospy.rosout][INFO] 2019-06-14 14:55:49,549: initializing /rosout core topic
[rospy.rosout][INFO] 2019-06-14 14:55:49,551: connected to core topic /rosout
[rospy.simtime][INFO] 2019-06-14 14:55:49,553: initializing /clock core topic
[rospy.simtime][INFO] 2019-06-14 14:55:49,560: connected to core topic /clock
[rospy.internal][INFO] 2019-06-14 14:55:49,567: topic[/clock] adding connection to [http://dc5b429f784e:36639/], count 0
[rospy.internal][INFO] 2019-06-14 14:55:49,649: topic[/laserscan] adding connection to [http://dc5b429f784e:36639/], count 0
[rospy.internal][INFO] 2019-06-14 14:55:49,799: topic[/rosout] adding connection to [/rosout], count 0
[rospy.core][INFO] 2019-06-14 14:58:04,017: signal_shutdown [signal-2]
[rospy.internal][INFO] 2019-06-14 14:58:04,039: topic[/rosout] removing connection to /rosout
[rospy.internal][INFO] 2019-06-14 14:58:04,040: topic[/clock] removing connection to http://dc5b429f784e:36639/
[rospy.internal][INFO] 2019-06-14 14:58:04,040: topic[/laserscan] removing connection to http://dc5b429f784e:36639/
[rospy.impl.masterslave][INFO] 2019-06-14 14:58:04,041: signal-2
[rospy.internal][WARNING] 2019-06-14 14:58:04,042: Unknown error initiating TCP/IP socket to dc5b429f784e:54819 (http://dc5b429f784e:36639/): Traceback (most recent call last):
  File "/opt/ros/kinetic/lib/python2.7/dist-packages/rospy/impl/tcpros_base.py", line 558, in connect
    self.local_endpoint = self.socket.getsockname()
AttributeError: 'NoneType' object has no attribute 'getsockname'

[rospy.core][INFO] 2019-06-14 14:58:04,677: signal_shutdown [signal-2]
[rospy.core][INFO] 2019-06-14 14:58:04,678: signal_shutdown [atexit]
