[rospy.client][INFO] 2019-06-29 14:08:30,588: init_node, name[/rostopic_60025_1561817310367], pid[60025]
[xmlrpc][INFO] 2019-06-29 14:08:30,591: XML-RPC server binding to 0.0.0.0:0
[xmlrpc][INFO] 2019-06-29 14:08:30,592: Started XML-RPC server [http://dc5b429f784e:45223/]
[rospy.impl.masterslave][INFO] 2019-06-29 14:08:30,592: _ready: http://dc5b429f784e:45223/
[xmlrpc][INFO] 2019-06-29 14:08:30,593: xml rpc node: starting XML-RPC server
[rospy.registration][INFO] 2019-06-29 14:08:30,593: Registering with master node http://localhost:11311
[rospy.init][INFO] 2019-06-29 14:08:30,596: ROS Slave URI: [http://dc5b429f784e:45223/]
[rospy.init][INFO] 2019-06-29 14:08:30,596: registered with master
[rospy.rosout][INFO] 2019-06-29 14:08:30,597: initializing /rosout core topic
[rospy.rosout][INFO] 2019-06-29 14:08:30,600: connected to core topic /rosout
[rospy.simtime][INFO] 2019-06-29 14:08:30,603: initializing /clock core topic
[rospy.simtime][INFO] 2019-06-29 14:08:30,626: connected to core topic /clock
[rospy.internal][INFO] 2019-06-29 14:08:30,665: topic[/clock] adding connection to [http://dc5b429f784e:35837/], count 0
[rospy.internal][INFO] 2019-06-29 14:08:30,666: topic[/m2wr/joint_states] adding connection to [http://dc5b429f784e:35837/], count 0
[rospy.internal][INFO] 2019-06-29 14:08:30,883: topic[/rosout] adding connection to [/rosout], count 0
[rospy.core][INFO] 2019-06-29 14:08:48,844: signal_shutdown [signal-2]
[rospy.internal][INFO] 2019-06-29 14:08:48,852: topic[/rosout] removing connection to /rosout
[rospy.internal][INFO] 2019-06-29 14:08:48,852: topic[/clock] removing connection to http://dc5b429f784e:35837/
[rospy.internal][INFO] 2019-06-29 14:08:48,854: topic[/m2wr/joint_states] removing connection to http://dc5b429f784e:35837/
[rospy.impl.masterslave][INFO] 2019-06-29 14:08:48,854: signal-2
