[rospy.client][INFO] 2019-06-25 09:13:17,555: init_node, name[/rostopic_22755_1561453997447], pid[22755]
[xmlrpc][INFO] 2019-06-25 09:13:17,556: XML-RPC server binding to 0.0.0.0:0
[xmlrpc][INFO] 2019-06-25 09:13:17,557: Started XML-RPC server [http://dc5b429f784e:37081/]
[rospy.impl.masterslave][INFO] 2019-06-25 09:13:17,557: _ready: http://dc5b429f784e:37081/
[rospy.init][INFO] 2019-06-25 09:13:17,558: ROS Slave URI: [http://dc5b429f784e:37081/]
[xmlrpc][INFO] 2019-06-25 09:13:17,559: xml rpc node: starting XML-RPC server
[rospy.registration][INFO] 2019-06-25 09:13:17,559: Registering with master node http://localhost:11311
[rospy.init][INFO] 2019-06-25 09:13:17,659: registered with master
[rospy.rosout][INFO] 2019-06-25 09:13:17,659: initializing /rosout core topic
[rospy.rosout][INFO] 2019-06-25 09:13:17,671: connected to core topic /rosout
[rospy.simtime][INFO] 2019-06-25 09:13:17,682: initializing /clock core topic
[rospy.simtime][INFO] 2019-06-25 09:13:17,698: connected to core topic /clock
[rospy.internal][INFO] 2019-06-25 09:13:17,735: topic[/clock] adding connection to [http://dc5b429f784e:46849/], count 0
[rospy.internal][INFO] 2019-06-25 09:13:17,740: topic[/cmd_vel] adding connection to [http://dc5b429f784e:42639/], count 0
[rospy.internal][INFO] 2019-06-25 09:13:17,892: topic[/rosout] adding connection to [/rosout], count 0
[rospy.core][INFO] 2019-06-25 09:13:28,894: signal_shutdown [signal-2]
[rospy.internal][INFO] 2019-06-25 09:13:28,901: topic[/rosout] removing connection to /rosout
[rospy.internal][INFO] 2019-06-25 09:13:28,901: topic[/clock] removing connection to http://dc5b429f784e:46849/
[rospy.internal][INFO] 2019-06-25 09:13:28,901: topic[/cmd_vel] removing connection to http://dc5b429f784e:42639/
[rospy.impl.masterslave][INFO] 2019-06-25 09:13:28,902: signal-2
[rospy.internal][ERROR] 2019-06-25 09:13:28,903: Traceback (most recent call last):
  File "/opt/ros/kinetic/lib/python2.7/dist-packages/rospy/impl/tcpros_base.py", line 729, in receive_once
    self.stat_bytes += recv_buff(sock, b, p.buff_size)
  File "/opt/ros/kinetic/lib/python2.7/dist-packages/rospy/impl/tcpros_base.py", line 103, in recv_buff
    d = sock.recv(buff_size)
error: [Errno 104] Connection reset by peer

[rospy.core][INFO] 2019-06-25 09:13:29,010: signal_shutdown [atexit]
