[rospy.client][INFO] 2019-06-25 15:09:24,340: init_node, name[/rostopic_3729_1561475364284], pid[3729]
[xmlrpc][INFO] 2019-06-25 15:09:24,340: XML-RPC server binding to 0.0.0.0:0
[xmlrpc][INFO] 2019-06-25 15:09:24,341: Started XML-RPC server [http://dc5b429f784e:43073/]
[rospy.init][INFO] 2019-06-25 15:09:24,341: ROS Slave URI: [http://dc5b429f784e:43073/]
[rospy.impl.masterslave][INFO] 2019-06-25 15:09:24,341: _ready: http://dc5b429f784e:43073/
[rospy.registration][INFO] 2019-06-25 15:09:24,342: Registering with master node http://localhost:11311
[xmlrpc][INFO] 2019-06-25 15:09:24,342: xml rpc node: starting XML-RPC server
[rospy.init][INFO] 2019-06-25 15:09:24,442: registered with master
[rospy.rosout][INFO] 2019-06-25 15:09:24,443: initializing /rosout core topic
[rospy.rosout][INFO] 2019-06-25 15:09:24,450: connected to core topic /rosout
[rospy.simtime][INFO] 2019-06-25 15:09:24,455: initializing /clock core topic
[rospy.simtime][INFO] 2019-06-25 15:09:24,461: connected to core topic /clock
[rospy.internal][INFO] 2019-06-25 15:09:24,511: topic[/base_controller/command] adding connection to [http://dc5b429f784e:45053/], count 0
[rospy.internal][INFO] 2019-06-25 15:09:24,674: topic[/rosout] adding connection to [/rosout], count 0
[rospy.core][INFO] 2019-06-25 15:09:28,637: signal_shutdown [signal-2]
[rospy.internal][INFO] 2019-06-25 15:09:28,640: topic[/rosout] removing connection to /rosout
[rospy.internal][INFO] 2019-06-25 15:09:28,641: topic[/base_controller/command] removing connection to http://dc5b429f784e:45053/
[rospy.impl.masterslave][INFO] 2019-06-25 15:09:28,641: signal-2
[rospy.core][INFO] 2019-06-25 15:09:28,800: signal_shutdown [signal-2]
[rospy.core][INFO] 2019-06-25 15:09:28,800: signal_shutdown [atexit]
