[rospy.client][INFO] 2019-06-25 20:42:57,089: init_node, name[/rostopic_1936_1561495376924], pid[1936]
[xmlrpc][INFO] 2019-06-25 20:42:57,090: XML-RPC server binding to 0.0.0.0:0
[xmlrpc][INFO] 2019-06-25 20:42:57,090: Started XML-RPC server [http://dc5b429f784e:36505/]
[rospy.impl.masterslave][INFO] 2019-06-25 20:42:57,091: _ready: http://dc5b429f784e:36505/
[rospy.init][INFO] 2019-06-25 20:42:57,090: ROS Slave URI: [http://dc5b429f784e:36505/]
[rospy.registration][INFO] 2019-06-25 20:42:57,091: Registering with master node http://localhost:11311
[xmlrpc][INFO] 2019-06-25 20:42:57,092: xml rpc node: starting XML-RPC server
[rospy.init][INFO] 2019-06-25 20:42:57,191: registered with master
[rospy.rosout][INFO] 2019-06-25 20:42:57,192: initializing /rosout core topic
[rospy.rosout][INFO] 2019-06-25 20:42:57,197: connected to core topic /rosout
[rospy.simtime][INFO] 2019-06-25 20:42:57,199: initializing /clock core topic
[rospy.simtime][INFO] 2019-06-25 20:42:57,203: connected to core topic /clock
[rospy.internal][INFO] 2019-06-25 20:42:57,220: topic[/clock] adding connection to [http://dc5b429f784e:46213/], count 0
[rospy.internal][INFO] 2019-06-25 20:42:57,259: topic[/p3dx/laser/scan] adding connection to [http://dc5b429f784e:46213/], count 0
[rospy.internal][INFO] 2019-06-25 20:42:57,477: topic[/rosout] adding connection to [/rosout], count 0
[rospy.core][INFO] 2019-06-25 20:42:58,733: signal_shutdown [signal-2]
[rospy.internal][INFO] 2019-06-25 20:42:58,741: topic[/rosout] removing connection to /rosout
[rospy.internal][INFO] 2019-06-25 20:42:58,741: topic[/clock] removing connection to http://dc5b429f784e:46213/
[rospy.internal][INFO] 2019-06-25 20:42:58,741: topic[/p3dx/laser/scan] removing connection to http://dc5b429f784e:46213/
[rospy.impl.masterslave][INFO] 2019-06-25 20:42:58,741: signal-2
[rospy.internal][ERROR] 2019-06-25 20:42:58,744: Traceback (most recent call last):
  File "/opt/ros/kinetic/lib/python2.7/dist-packages/rospy/impl/tcpros_base.py", line 729, in receive_once
    self.stat_bytes += recv_buff(sock, b, p.buff_size)
  File "/opt/ros/kinetic/lib/python2.7/dist-packages/rospy/impl/tcpros_base.py", line 103, in recv_buff
    d = sock.recv(buff_size)
error: [Errno 104] Connection reset by peer

[rospy.core][INFO] 2019-06-25 20:42:58,873: signal_shutdown [atexit]
