[rospy.client][INFO] 2019-06-25 14:04:17,165: init_node, name[/rostopic_80141_1561471457056], pid[80141]
[xmlrpc][INFO] 2019-06-25 14:04:17,166: XML-RPC server binding to 0.0.0.0:0
[xmlrpc][INFO] 2019-06-25 14:04:17,167: Started XML-RPC server [http://dc5b429f784e:35201/]
[rospy.impl.masterslave][INFO] 2019-06-25 14:04:17,167: _ready: http://dc5b429f784e:35201/
[rospy.init][INFO] 2019-06-25 14:04:17,167: ROS Slave URI: [http://dc5b429f784e:35201/]
[xmlrpc][INFO] 2019-06-25 14:04:17,168: xml rpc node: starting XML-RPC server
[rospy.registration][INFO] 2019-06-25 14:04:17,168: Registering with master node http://localhost:11311
[rospy.init][INFO] 2019-06-25 14:04:17,269: registered with master
[rospy.rosout][INFO] 2019-06-25 14:04:17,269: initializing /rosout core topic
[rospy.rosout][INFO] 2019-06-25 14:04:17,277: connected to core topic /rosout
[rospy.simtime][INFO] 2019-06-25 14:04:17,280: initializing /clock core topic
[rospy.simtime][INFO] 2019-06-25 14:04:17,292: connected to core topic /clock
[rospy.internal][INFO] 2019-06-25 14:04:17,348: topic[/clock] adding connection to [http://dc5b429f784e:38637/], count 0
[rospy.internal][INFO] 2019-06-25 14:04:17,365: topic[/tf] adding connection to [http://dc5b429f784e:38637/], count 0
[rospy.internal][INFO] 2019-06-25 14:04:17,369: topic[/tf] adding connection to [http://dc5b429f784e:37231/], count 1
[rospy.internal][INFO] 2019-06-25 14:04:17,371: topic[/tf] adding connection to [http://dc5b429f784e:40485/], count 2
[rospy.internal][INFO] 2019-06-25 14:04:17,551: topic[/rosout] adding connection to [/rosout], count 0
[rospy.core][INFO] 2019-06-25 14:04:18,655: signal_shutdown [signal-2]
[rospy.internal][INFO] 2019-06-25 14:04:18,661: topic[/rosout] removing connection to /rosout
[rospy.internal][INFO] 2019-06-25 14:04:18,661: topic[/clock] removing connection to http://dc5b429f784e:38637/
[rospy.internal][INFO] 2019-06-25 14:04:18,662: topic[/tf] removing connection to http://dc5b429f784e:38637/
[rospy.internal][INFO] 2019-06-25 14:04:18,663: topic[/tf] removing connection to http://dc5b429f784e:37231/
[rospy.internal][INFO] 2019-06-25 14:04:18,664: topic[/tf] removing connection to http://dc5b429f784e:40485/
[rospy.impl.masterslave][INFO] 2019-06-25 14:04:18,664: signal-2
[rospy.internal][ERROR] 2019-06-25 14:04:18,664: Traceback (most recent call last):
  File "/opt/ros/kinetic/lib/python2.7/dist-packages/rospy/impl/tcpros_base.py", line 729, in receive_once
    self.stat_bytes += recv_buff(sock, b, p.buff_size)
  File "/opt/ros/kinetic/lib/python2.7/dist-packages/rospy/impl/tcpros_base.py", line 103, in recv_buff
    d = sock.recv(buff_size)
error: [Errno 104] Connection reset by peer

[rospy.core][INFO] 2019-06-25 14:04:18,796: signal_shutdown [atexit]
