[rospy.client][INFO] 2019-06-25 13:19:56,721: init_node, name[/roswtf_69826_1561468796601], pid[69826]
[xmlrpc][INFO] 2019-06-25 13:19:56,722: XML-RPC server binding to 0.0.0.0:0
[xmlrpc][INFO] 2019-06-25 13:19:56,723: Started XML-RPC server [http://dc5b429f784e:42521/]
[rospy.init][INFO] 2019-06-25 13:19:56,723: ROS Slave URI: [http://dc5b429f784e:42521/]
[rospy.impl.masterslave][INFO] 2019-06-25 13:19:56,724: _ready: http://dc5b429f784e:42521/
[rospy.registration][INFO] 2019-06-25 13:19:56,724: Registering with master node http://localhost:11311
[xmlrpc][INFO] 2019-06-25 13:19:56,725: xml rpc node: starting XML-RPC server
[rospy.init][INFO] 2019-06-25 13:19:56,824: registered with master
[rospy.rosout][INFO] 2019-06-25 13:19:56,824: initializing /rosout core topic
[rospy.rosout][INFO] 2019-06-25 13:19:56,827: connected to core topic /rosout
[rospy.simtime][INFO] 2019-06-25 13:19:56,842: initializing /clock core topic
[rospy.simtime][INFO] 2019-06-25 13:19:56,849: connected to core topic /clock
[rospy.internal][INFO] 2019-06-25 13:19:56,892: topic[/clock] adding connection to [http://dc5b429f784e:46811/], count 0
[rospy.core][INFO] 2019-06-25 13:20:17,809: signal_shutdown [signal-2]
[rospy.internal][INFO] 2019-06-25 13:20:17,819: topic[/clock] removing connection to http://dc5b429f784e:46811/
[rospy.impl.masterslave][INFO] 2019-06-25 13:20:17,819: signal-2
[rospy.internal][ERROR] 2019-06-25 13:20:17,820: Traceback (most recent call last):
  File "/opt/ros/kinetic/lib/python2.7/dist-packages/rospy/impl/tcpros_base.py", line 729, in receive_once
    self.stat_bytes += recv_buff(sock, b, p.buff_size)
  File "/opt/ros/kinetic/lib/python2.7/dist-packages/rospy/impl/tcpros_base.py", line 103, in recv_buff
    d = sock.recv(buff_size)
error: [Errno 104] Connection reset by peer

[rospy.core][INFO] 2019-06-25 13:20:18,649: signal_shutdown [signal-2]
[rospy.core][INFO] 2019-06-25 13:20:18,837: signal_shutdown [signal-2]
[rospy.core][INFO] 2019-06-25 13:20:18,991: signal_shutdown [signal-2]
