[rospy.client][INFO] 2019-06-25 12:39:01,520: init_node, name[/roswtf_58502_1561466341356], pid[58502]
[xmlrpc][INFO] 2019-06-25 12:39:01,521: XML-RPC server binding to 0.0.0.0:0
[xmlrpc][INFO] 2019-06-25 12:39:01,521: Started XML-RPC server [http://dc5b429f784e:40691/]
[rospy.impl.masterslave][INFO] 2019-06-25 12:39:01,522: _ready: http://dc5b429f784e:40691/
[xmlrpc][INFO] 2019-06-25 12:39:01,523: xml rpc node: starting XML-RPC server
[rospy.registration][INFO] 2019-06-25 12:39:01,523: Registering with master node http://localhost:11311
[rospy.init][INFO] 2019-06-25 12:39:01,537: ROS Slave URI: [http://dc5b429f784e:40691/]
[rospy.init][INFO] 2019-06-25 12:39:01,537: registered with master
[rospy.rosout][INFO] 2019-06-25 12:39:01,537: initializing /rosout core topic
[rospy.rosout][INFO] 2019-06-25 12:39:01,551: connected to core topic /rosout
[rospy.simtime][INFO] 2019-06-25 12:39:01,562: initializing /clock core topic
[rospy.simtime][INFO] 2019-06-25 12:39:01,578: connected to core topic /clock
[rospy.internal][INFO] 2019-06-25 12:39:01,611: topic[/clock] adding connection to [http://dc5b429f784e:46453/], count 0
[rospy.internal][INFO] 2019-06-25 12:39:01,688: topic[/tf] adding connection to [http://dc5b429f784e:38723/], count 0
[rospy.internal][INFO] 2019-06-25 12:39:01,693: topic[/tf] adding connection to [http://dc5b429f784e:46453/], count 1
[rospy.internal][INFO] 2019-06-25 12:39:01,708: topic[/tf] adding connection to [http://dc5b429f784e:41059/], count 2
[rospy.internal][INFO] 2019-06-25 12:39:01,799: topic[/rosout] adding connection to [/rosout], count 0
[rospy.internal][INFO] 2019-06-25 12:39:02,675: topic impl's ref count is zero, deleting topic /tf...
[rospy.internal][INFO] 2019-06-25 12:39:02,676: topic[/tf] removing connection to http://dc5b429f784e:38723/
[rospy.internal][INFO] 2019-06-25 12:39:02,676: topic[/tf] removing connection to http://dc5b429f784e:46453/
[rospy.internal][INFO] 2019-06-25 12:39:02,677: topic[/tf] removing connection to http://dc5b429f784e:41059/
[rospy.internal][WARNING] 2019-06-25 12:39:02,679: Unknown error initiating TCP/IP socket to dc5b429f784e:58925 (http://dc5b429f784e:41059/): Traceback (most recent call last):
  File "/opt/ros/kinetic/lib/python2.7/dist-packages/rospy/impl/tcpros_base.py", line 557, in connect
    self.read_header()
  File "/opt/ros/kinetic/lib/python2.7/dist-packages/rospy/impl/tcpros_base.py", line 650, in read_header
    self._validate_header(read_ros_handshake_header(sock, self.read_buff, self.protocol.buff_size))
AttributeError: 'NoneType' object has no attribute 'buff_size'

[rospy.topics][ERROR] 2019-06-25 12:39:02,680: Traceback (most recent call last):
  File "/opt/ros/kinetic/lib/python2.7/dist-packages/rospy/topics.py", line 326, in close
    c.close()
  File "/opt/ros/kinetic/lib/python2.7/dist-packages/rospy/impl/tcpros_base.py", line 838, in close
    self.socket.close()
AttributeError: 'NoneType' object has no attribute 'close'

[rospy.core][INFO] 2019-06-25 12:39:02,687: signal_shutdown [atexit]
[rospy.internal][INFO] 2019-06-25 12:39:02,695: topic[/rosout] removing connection to /rosout
[rospy.internal][INFO] 2019-06-25 12:39:02,696: topic[/clock] removing connection to http://dc5b429f784e:46453/
[rospy.impl.masterslave][INFO] 2019-06-25 12:39:02,697: atexit
