[rospy.client][INFO] 2019-06-25 13:51:05,403: init_node, name[/roswtf_75936_1561470665286], pid[75936]
[xmlrpc][INFO] 2019-06-25 13:51:05,404: XML-RPC server binding to 0.0.0.0:0
[rospy.init][INFO] 2019-06-25 13:51:05,405: ROS Slave URI: [http://dc5b429f784e:37581/]
[xmlrpc][INFO] 2019-06-25 13:51:05,405: Started XML-RPC server [http://dc5b429f784e:37581/]
[rospy.impl.masterslave][INFO] 2019-06-25 13:51:05,405: _ready: http://dc5b429f784e:37581/
[xmlrpc][INFO] 2019-06-25 13:51:05,406: xml rpc node: starting XML-RPC server
[rospy.registration][INFO] 2019-06-25 13:51:05,406: Registering with master node http://localhost:11311
[rospy.init][INFO] 2019-06-25 13:51:05,505: registered with master
[rospy.rosout][INFO] 2019-06-25 13:51:05,506: initializing /rosout core topic
[rospy.rosout][INFO] 2019-06-25 13:51:05,508: connected to core topic /rosout
[rospy.simtime][INFO] 2019-06-25 13:51:05,511: initializing /clock core topic
[rospy.simtime][INFO] 2019-06-25 13:51:05,517: connected to core topic /clock
[rospy.internal][INFO] 2019-06-25 13:51:05,526: topic[/clock] adding connection to [http://dc5b429f784e:43795/], count 0
[rospy.internal][INFO] 2019-06-25 13:51:05,560: topic[/tf] adding connection to [http://dc5b429f784e:43795/], count 0
[rospy.internal][INFO] 2019-06-25 13:51:05,564: topic[/tf] adding connection to [http://dc5b429f784e:40513/], count 1
[rospy.internal][INFO] 2019-06-25 13:51:05,565: topic[/tf] adding connection to [http://dc5b429f784e:33979/], count 1
[rospy.internal][INFO] 2019-06-25 13:51:05,739: topic[/rosout] adding connection to [/rosout], count 0
[rospy.internal][INFO] 2019-06-25 13:51:06,541: topic impl's ref count is zero, deleting topic /tf...
[rospy.internal][INFO] 2019-06-25 13:51:06,541: topic[/tf] removing connection to http://dc5b429f784e:43795/
[rospy.internal][INFO] 2019-06-25 13:51:06,542: topic[/tf] removing connection to http://dc5b429f784e:40513/
[rospy.internal][INFO] 2019-06-25 13:51:06,542: topic[/tf] removing connection to http://dc5b429f784e:33979/
[rospy.core][INFO] 2019-06-25 13:51:06,565: signal_shutdown [atexit]
[rospy.internal][INFO] 2019-06-25 13:51:06,574: topic[/rosout] removing connection to /rosout
[rospy.internal][INFO] 2019-06-25 13:51:06,574: topic[/clock] removing connection to http://dc5b429f784e:43795/
[rospy.impl.masterslave][INFO] 2019-06-25 13:51:06,575: atexit
[rospy.internal][WARNING] 2019-06-25 13:51:06,577: Unknown error initiating TCP/IP socket to dc5b429f784e:55353 (http://dc5b429f784e:43795/): Traceback (most recent call last):
  File "/opt/ros/kinetic/lib/python2.7/dist-packages/rospy/impl/tcpros_base.py", line 557, in connect
    self.read_header()
  File "/opt/ros/kinetic/lib/python2.7/dist-packages/rospy/impl/tcpros_base.py", line 650, in read_header
    self._validate_header(read_ros_handshake_header(sock, self.read_buff, self.protocol.buff_size))
AttributeError: 'NoneType' object has no attribute 'buff_size'

