[rospy.client][INFO] 2019-06-25 12:49:09,260: init_node, name[/view_frames_60751_1561466949139], pid[60751]
[xmlrpc][INFO] 2019-06-25 12:49:09,261: XML-RPC server binding to 0.0.0.0:0
[rospy.init][INFO] 2019-06-25 12:49:09,262: ROS Slave URI: [http://dc5b429f784e:38841/]
[xmlrpc][INFO] 2019-06-25 12:49:09,262: Started XML-RPC server [http://dc5b429f784e:38841/]
[rospy.impl.masterslave][INFO] 2019-06-25 12:49:09,263: _ready: http://dc5b429f784e:38841/
[xmlrpc][INFO] 2019-06-25 12:49:09,263: xml rpc node: starting XML-RPC server
[rospy.registration][INFO] 2019-06-25 12:49:09,265: Registering with master node http://localhost:11311
[rospy.init][INFO] 2019-06-25 12:49:09,363: registered with master
[rospy.rosout][INFO] 2019-06-25 12:49:09,363: initializing /rosout core topic
[rospy.rosout][INFO] 2019-06-25 12:49:09,369: connected to core topic /rosout
[rospy.simtime][INFO] 2019-06-25 12:49:09,371: initializing /clock core topic
[rospy.simtime][INFO] 2019-06-25 12:49:09,394: connected to core topic /clock
[rospy.internal][INFO] 2019-06-25 12:49:09,435: topic[/tf] adding connection to [http://dc5b429f784e:36045/], count 0
[rospy.internal][INFO] 2019-06-25 12:49:09,440: topic[/clock] adding connection to [http://dc5b429f784e:36045/], count 0
[rospy.internal][INFO] 2019-06-25 12:49:09,449: topic[/tf] adding connection to [http://dc5b429f784e:46319/], count 1
[rospy.internal][INFO] 2019-06-25 12:49:09,451: topic[/tf] adding connection to [http://dc5b429f784e:32895/], count 2
[rospy.internal][INFO] 2019-06-25 12:49:09,632: topic[/rosout] adding connection to [/rosout], count 0
[rospy.core][INFO] 2019-06-25 12:49:14,531: signal_shutdown [atexit]
[rospy.internal][INFO] 2019-06-25 12:49:14,538: topic[/rosout] removing connection to /rosout
[rospy.internal][INFO] 2019-06-25 12:49:14,539: topic[/clock] removing connection to http://dc5b429f784e:36045/
[rospy.internal][INFO] 2019-06-25 12:49:14,540: topic[/tf] removing connection to http://dc5b429f784e:36045/
[rospy.internal][INFO] 2019-06-25 12:49:14,540: topic[/tf] removing connection to http://dc5b429f784e:46319/
[rospy.internal][INFO] 2019-06-25 12:49:14,541: topic[/tf] removing connection to http://dc5b429f784e:32895/
[rospy.impl.masterslave][INFO] 2019-06-25 12:49:14,542: atexit
