[rospy.client][INFO] 2019-06-25 13:32:29,326: init_node, name[/view_frames_72681_1561469549160], pid[72681]
[xmlrpc][INFO] 2019-06-25 13:32:29,327: XML-RPC server binding to 0.0.0.0:0
[rospy.init][INFO] 2019-06-25 13:32:29,327: ROS Slave URI: [http://dc5b429f784e:41893/]
[xmlrpc][INFO] 2019-06-25 13:32:29,327: Started XML-RPC server [http://dc5b429f784e:41893/]
[rospy.impl.masterslave][INFO] 2019-06-25 13:32:29,328: _ready: http://dc5b429f784e:41893/
[xmlrpc][INFO] 2019-06-25 13:32:29,329: xml rpc node: starting XML-RPC server
[rospy.registration][INFO] 2019-06-25 13:32:29,331: Registering with master node http://localhost:11311
[rospy.init][INFO] 2019-06-25 13:32:29,428: registered with master
[rospy.rosout][INFO] 2019-06-25 13:32:29,428: initializing /rosout core topic
[rospy.rosout][INFO] 2019-06-25 13:32:29,432: connected to core topic /rosout
[rospy.simtime][INFO] 2019-06-25 13:32:29,439: initializing /clock core topic
[rospy.simtime][INFO] 2019-06-25 13:32:29,445: connected to core topic /clock
[rospy.internal][INFO] 2019-06-25 13:32:29,449: topic[/clock] adding connection to [http://dc5b429f784e:39511/], count 0
[rospy.internal][INFO] 2019-06-25 13:32:29,485: topic[/tf] adding connection to [http://dc5b429f784e:38229/], count 0
[rospy.internal][INFO] 2019-06-25 13:32:29,485: topic[/tf] adding connection to [http://dc5b429f784e:39511/], count 1
[rospy.internal][INFO] 2019-06-25 13:32:29,487: topic[/tf] adding connection to [http://dc5b429f784e:36259/], count 1
[rospy.internal][INFO] 2019-06-25 13:32:29,492: topic[/tf] adding connection to [http://dc5b429f784e:46007/], count 3
[rospy.internal][INFO] 2019-06-25 13:32:29,641: topic[/rosout] adding connection to [/rosout], count 0
[rospy.core][INFO] 2019-06-25 13:32:34,568: signal_shutdown [atexit]
[rospy.internal][INFO] 2019-06-25 13:32:34,583: topic[/rosout] removing connection to /rosout
[rospy.internal][INFO] 2019-06-25 13:32:34,583: topic[/clock] removing connection to http://dc5b429f784e:39511/
[rospy.internal][INFO] 2019-06-25 13:32:34,584: topic[/tf] removing connection to http://dc5b429f784e:38229/
[rospy.internal][INFO] 2019-06-25 13:32:34,585: topic[/tf] removing connection to http://dc5b429f784e:39511/
[rospy.internal][INFO] 2019-06-25 13:32:34,585: topic[/tf] removing connection to http://dc5b429f784e:36259/
[rospy.internal][INFO] 2019-06-25 13:32:34,586: topic[/tf] removing connection to http://dc5b429f784e:46007/
[rospy.internal][WARNING] 2019-06-25 13:32:34,587: Unknown error initiating TCP/IP socket to dc5b429f784e:41267 (http://dc5b429f784e:46007/): Traceback (most recent call last):
  File "/opt/ros/kinetic/lib/python2.7/dist-packages/rospy/impl/tcpros_base.py", line 557, in connect
    self.read_header()
  File "/opt/ros/kinetic/lib/python2.7/dist-packages/rospy/impl/tcpros_base.py", line 650, in read_header
    self._validate_header(read_ros_handshake_header(sock, self.read_buff, self.protocol.buff_size))
AttributeError: 'NoneType' object has no attribute 'buff_size'

[rospy.topics][ERROR] 2019-06-25 13:32:34,587: Traceback (most recent call last):
  File "/opt/ros/kinetic/lib/python2.7/dist-packages/rospy/topics.py", line 326, in close
    c.close()
  File "/opt/ros/kinetic/lib/python2.7/dist-packages/rospy/impl/tcpros_base.py", line 838, in close
    self.socket.close()
AttributeError: 'NoneType' object has no attribute 'close'

[rospy.impl.masterslave][INFO] 2019-06-25 13:32:34,588: atexit
