[rospy.client][INFO] 2019-06-25 12:31:16,150: init_node, name[/view_frames_58194_1561465876044], pid[58194]
[xmlrpc][INFO] 2019-06-25 12:31:16,151: XML-RPC server binding to 0.0.0.0:0
[xmlrpc][INFO] 2019-06-25 12:31:16,152: Started XML-RPC server [http://dc5b429f784e:37179/]
[rospy.init][INFO] 2019-06-25 12:31:16,152: ROS Slave URI: [http://dc5b429f784e:37179/]
[rospy.impl.masterslave][INFO] 2019-06-25 12:31:16,153: _ready: http://dc5b429f784e:37179/
[xmlrpc][INFO] 2019-06-25 12:31:16,155: xml rpc node: starting XML-RPC server
[rospy.registration][INFO] 2019-06-25 12:31:16,156: Registering with master node http://localhost:11311
[rospy.init][INFO] 2019-06-25 12:31:16,254: registered with master
[rospy.rosout][INFO] 2019-06-25 12:31:16,254: initializing /rosout core topic
[rospy.rosout][INFO] 2019-06-25 12:31:16,259: connected to core topic /rosout
[rospy.simtime][INFO] 2019-06-25 12:31:16,262: initializing /clock core topic
[rospy.simtime][INFO] 2019-06-25 12:31:16,275: connected to core topic /clock
[rospy.internal][INFO] 2019-06-25 12:31:16,325: topic[/tf] adding connection to [http://dc5b429f784e:46453/], count 0
[rospy.internal][INFO] 2019-06-25 12:31:16,328: topic[/tf_static] adding connection to [http://dc5b429f784e:38723/], count 0
[rospy.internal][INFO] 2019-06-25 12:31:16,332: topic[/tf] adding connection to [http://dc5b429f784e:38723/], count 1
[rospy.internal][INFO] 2019-06-25 12:31:16,333: topic[/clock] adding connection to [http://dc5b429f784e:46453/], count 0
[rospy.internal][INFO] 2019-06-25 12:31:16,334: topic[/tf] adding connection to [http://dc5b429f784e:34201/], count 1
[rospy.internal][INFO] 2019-06-25 12:31:16,523: topic[/rosout] adding connection to [/rosout], count 0
[rospy.core][INFO] 2019-06-25 12:31:21,404: signal_shutdown [atexit]
[rospy.internal][INFO] 2019-06-25 12:31:21,424: topic[/rosout] removing connection to /rosout
[rospy.internal][INFO] 2019-06-25 12:31:21,425: topic[/tf_static] removing connection to http://dc5b429f784e:38723/
[rospy.internal][INFO] 2019-06-25 12:31:21,433: topic[/clock] removing connection to http://dc5b429f784e:46453/
[rospy.internal][INFO] 2019-06-25 12:31:21,434: topic[/tf] removing connection to http://dc5b429f784e:46453/
[rospy.internal][WARNING] 2019-06-25 12:31:21,436: Unknown error initiating TCP/IP socket to dc5b429f784e:54509 (http://dc5b429f784e:46453/): Traceback (most recent call last):
  File "/opt/ros/kinetic/lib/python2.7/dist-packages/rospy/impl/tcpros_base.py", line 558, in connect
    self.local_endpoint = self.socket.getsockname()
AttributeError: 'NoneType' object has no attribute 'getsockname'

[rospy.internal][INFO] 2019-06-25 12:31:21,438: topic[/tf] removing connection to http://dc5b429f784e:38723/
[rospy.internal][INFO] 2019-06-25 12:31:21,438: topic[/tf] removing connection to http://dc5b429f784e:34201/
[rospy.impl.masterslave][INFO] 2019-06-25 12:31:21,439: atexit
