[rospy.client][INFO] 2019-06-25 13:01:35,581: init_node, name[/view_frames_64041_1561467695447], pid[64041]
[xmlrpc][INFO] 2019-06-25 13:01:35,581: XML-RPC server binding to 0.0.0.0:0
[xmlrpc][INFO] 2019-06-25 13:01:35,582: Started XML-RPC server [http://dc5b429f784e:33231/]
[rospy.impl.masterslave][INFO] 2019-06-25 13:01:35,583: _ready: http://dc5b429f784e:33231/
[rospy.init][INFO] 2019-06-25 13:01:35,584: ROS Slave URI: [http://dc5b429f784e:33231/]
[xmlrpc][INFO] 2019-06-25 13:01:35,584: xml rpc node: starting XML-RPC server
[rospy.registration][INFO] 2019-06-25 13:01:35,586: Registering with master node http://localhost:11311
[rospy.init][INFO] 2019-06-25 13:01:35,685: registered with master
[rospy.rosout][INFO] 2019-06-25 13:01:35,686: initializing /rosout core topic
[rospy.rosout][INFO] 2019-06-25 13:01:35,696: connected to core topic /rosout
[rospy.simtime][INFO] 2019-06-25 13:01:35,699: initializing /clock core topic
[rospy.simtime][INFO] 2019-06-25 13:01:35,703: connected to core topic /clock
[rospy.internal][INFO] 2019-06-25 13:01:35,757: topic[/tf] adding connection to [http://dc5b429f784e:38027/], count 0
[rospy.internal][INFO] 2019-06-25 13:01:35,761: topic[/tf] adding connection to [http://dc5b429f784e:42079/], count 1
[rospy.internal][INFO] 2019-06-25 13:01:35,763: topic[/clock] adding connection to [http://dc5b429f784e:38027/], count 0
[rospy.internal][INFO] 2019-06-25 13:01:35,910: topic[/rosout] adding connection to [/rosout], count 0
[rospy.core][INFO] 2019-06-25 13:01:40,829: signal_shutdown [atexit]
[rospy.internal][INFO] 2019-06-25 13:01:40,842: topic[/rosout] removing connection to /rosout
[rospy.internal][INFO] 2019-06-25 13:01:40,843: topic[/clock] removing connection to http://dc5b429f784e:38027/
[rospy.internal][INFO] 2019-06-25 13:01:40,843: topic[/tf] removing connection to http://dc5b429f784e:38027/
[rospy.internal][INFO] 2019-06-25 13:01:40,844: topic[/tf] removing connection to http://dc5b429f784e:42079/
[rospy.impl.masterslave][INFO] 2019-06-25 13:01:40,845: atexit
