[rospy.client][INFO] 2019-06-25 12:46:32,872: init_node, name[/view_frames_60378_1561466792764], pid[60378]
[xmlrpc][INFO] 2019-06-25 12:46:32,872: XML-RPC server binding to 0.0.0.0:0
[xmlrpc][INFO] 2019-06-25 12:46:32,873: Started XML-RPC server [http://dc5b429f784e:36089/]
[rospy.impl.masterslave][INFO] 2019-06-25 12:46:32,874: _ready: http://dc5b429f784e:36089/
[rospy.init][INFO] 2019-06-25 12:46:32,874: ROS Slave URI: [http://dc5b429f784e:36089/]
[xmlrpc][INFO] 2019-06-25 12:46:32,876: xml rpc node: starting XML-RPC server
[rospy.registration][INFO] 2019-06-25 12:46:32,876: Registering with master node http://localhost:11311
[rospy.init][INFO] 2019-06-25 12:46:32,976: registered with master
[rospy.rosout][INFO] 2019-06-25 12:46:32,976: initializing /rosout core topic
[rospy.rosout][INFO] 2019-06-25 12:46:32,981: connected to core topic /rosout
[rospy.simtime][INFO] 2019-06-25 12:46:32,983: initializing /clock core topic
[rospy.simtime][INFO] 2019-06-25 12:46:32,988: connected to core topic /clock
[rospy.internal][INFO] 2019-06-25 12:46:33,001: topic[/clock] adding connection to [http://dc5b429f784e:36045/], count 0
[rospy.internal][INFO] 2019-06-25 12:46:33,025: topic[/tf] adding connection to [http://dc5b429f784e:36045/], count 0
[rospy.internal][INFO] 2019-06-25 12:46:33,027: topic[/tf] adding connection to [http://dc5b429f784e:35375/], count 1
[rospy.internal][INFO] 2019-06-25 12:46:33,207: topic[/rosout] adding connection to [/rosout], count 0
[rospy.core][INFO] 2019-06-25 12:46:38,128: signal_shutdown [atexit]
[rospy.internal][INFO] 2019-06-25 12:46:38,139: topic[/rosout] removing connection to /rosout
[rospy.internal][INFO] 2019-06-25 12:46:38,139: topic[/clock] removing connection to http://dc5b429f784e:36045/
[rospy.internal][INFO] 2019-06-25 12:46:38,140: topic[/tf] removing connection to http://dc5b429f784e:36045/
[rospy.internal][INFO] 2019-06-25 12:46:38,141: topic[/tf] removing connection to http://dc5b429f784e:35375/
[rospy.internal][WARNING] 2019-06-25 12:46:38,142: Unknown error initiating TCP/IP socket to dc5b429f784e:41619 (http://dc5b429f784e:35375/): Traceback (most recent call last):
  File "/opt/ros/kinetic/lib/python2.7/dist-packages/rospy/impl/tcpros_base.py", line 558, in connect
    self.local_endpoint = self.socket.getsockname()
AttributeError: 'NoneType' object has no attribute 'getsockname'

[rospy.impl.masterslave][INFO] 2019-06-25 12:46:38,142: atexit
