[rospy.client][INFO] 2019-06-25 21:45:37,855: init_node, name[/view_frames_14028_1561499137613], pid[14028]
[xmlrpc][INFO] 2019-06-25 21:45:37,873: XML-RPC server binding to 0.0.0.0:0
[xmlrpc][INFO] 2019-06-25 21:45:37,874: Started XML-RPC server [http://dc5b429f784e:34303/]
[rospy.impl.masterslave][INFO] 2019-06-25 21:45:37,875: _ready: http://dc5b429f784e:34303/
[rospy.init][INFO] 2019-06-25 21:45:37,875: ROS Slave URI: [http://dc5b429f784e:34303/]
[xmlrpc][INFO] 2019-06-25 21:45:37,875: xml rpc node: starting XML-RPC server
[rospy.registration][INFO] 2019-06-25 21:45:37,876: Registering with master node http://localhost:11311
[rospy.init][INFO] 2019-06-25 21:45:37,976: registered with master
[rospy.rosout][INFO] 2019-06-25 21:45:37,978: initializing /rosout core topic
[rospy.rosout][INFO] 2019-06-25 21:45:37,995: connected to core topic /rosout
[rospy.simtime][INFO] 2019-06-25 21:45:37,999: initializing /clock core topic
[rospy.simtime][INFO] 2019-06-25 21:45:38,048: connected to core topic /clock
[rospy.internal][INFO] 2019-06-25 21:45:38,084: topic[/clock] adding connection to [http://dc5b429f784e:39015/], count 0
[rospy.internal][INFO] 2019-06-25 21:45:38,096: topic[/tf] adding connection to [http://dc5b429f784e:37169/], count 0
[rospy.internal][INFO] 2019-06-25 21:45:38,102: topic[/tf] adding connection to [http://dc5b429f784e:39015/], count 1
[rospy.internal][INFO] 2019-06-25 21:45:38,115: topic[/tf_static] adding connection to [http://dc5b429f784e:37169/], count 0
[rospy.internal][INFO] 2019-06-25 21:45:38,134: topic[/tf] adding connection to [http://dc5b429f784e:46059/], count 2
[rospy.internal][INFO] 2019-06-25 21:45:38,263: topic[/rosout] adding connection to [/rosout], count 0
[rospy.core][INFO] 2019-06-25 21:45:43,236: signal_shutdown [atexit]
[rospy.internal][INFO] 2019-06-25 21:45:43,259: topic[/rosout] removing connection to /rosout
[rospy.internal][INFO] 2019-06-25 21:45:43,277: topic[/tf_static] removing connection to http://dc5b429f784e:37169/
[rospy.internal][INFO] 2019-06-25 21:45:43,278: topic[/clock] removing connection to http://dc5b429f784e:39015/
[rospy.internal][INFO] 2019-06-25 21:45:43,278: topic[/tf] removing connection to http://dc5b429f784e:37169/
[rospy.internal][INFO] 2019-06-25 21:45:43,279: topic[/tf] removing connection to http://dc5b429f784e:39015/
[rospy.internal][WARNING] 2019-06-25 21:45:43,279: Unknown error initiating TCP/IP socket to dc5b429f784e:37869 (http://dc5b429f784e:37169/): Traceback (most recent call last):
  File "/opt/ros/kinetic/lib/python2.7/dist-packages/rospy/impl/tcpros_base.py", line 558, in connect
    self.local_endpoint = self.socket.getsockname()
AttributeError: 'NoneType' object has no attribute 'getsockname'

[rospy.internal][INFO] 2019-06-25 21:45:43,280: topic[/tf] removing connection to http://dc5b429f784e:46059/
[rospy.internal][WARNING] 2019-06-25 21:45:43,280: Unknown error initiating TCP/IP socket to dc5b429f784e:51345 (http://dc5b429f784e:46059/): Traceback (most recent call last):
  File "/opt/ros/kinetic/lib/python2.7/dist-packages/rospy/impl/tcpros_base.py", line 558, in connect
    self.local_endpoint = self.socket.getsockname()
AttributeError: 'NoneType' object has no attribute 'getsockname'

[rospy.impl.masterslave][INFO] 2019-06-25 21:45:43,281: atexit
