[rosmaster.main][INFO] 2019-06-26 09:16:44,783: initialization complete, waiting for shutdown
[rosmaster.main][INFO] 2019-06-26 09:16:44,783: Starting ROS Master Node
[xmlrpc][INFO] 2019-06-26 09:16:44,784: XML-RPC server binding to 0.0.0.0:11311
[xmlrpc][INFO] 2019-06-26 09:16:44,785: Started XML-RPC server [http://dc5b429f784e:11311/]
[xmlrpc][INFO] 2019-06-26 09:16:44,785: xml rpc node: starting XML-RPC server
[rosmaster.master][INFO] 2019-06-26 09:16:44,785: Master initialized: port[11311], uri[http://dc5b429f784e:11311/]
[rosmaster.master][INFO] 2019-06-26 09:16:44,831: +PARAM [/run_id] by /roslaunch
[rosmaster.master][INFO] 2019-06-26 09:16:44,833: +PARAM [/roslaunch/uris/host_dc5b429f784e__34853] by /roslaunch
[rosmaster.master][INFO] 2019-06-26 09:16:45,242: +PARAM [/rosversion] by /roslaunch
[rosmaster.master][INFO] 2019-06-26 09:16:45,242: +PARAM [/use_sim_time] by /roslaunch
[rosmaster.master][INFO] 2019-06-26 09:16:45,242: +PARAM [/rosdistro] by /roslaunch
[rosmaster.master][INFO] 2019-06-26 09:16:45,243: +PARAM [/robot_description] by /roslaunch
[rosmaster.master][INFO] 2019-06-26 09:16:45,260: +SERVICE [/rosout/get_loggers] /rosout http://dc5b429f784e:39945/
[rosmaster.master][INFO] 2019-06-26 09:16:45,261: +SERVICE [/rosout/set_logger_level] /rosout http://dc5b429f784e:39945/
[rosmaster.master][INFO] 2019-06-26 09:16:45,267: +SUB [/clock] /rosout http://dc5b429f784e:39945/
[rosmaster.master][INFO] 2019-06-26 09:16:45,268: +PUB [/rosout_agg] /rosout http://dc5b429f784e:39945/
[rosmaster.master][INFO] 2019-06-26 09:16:45,273: +SUB [/rosout] /rosout http://dc5b429f784e:39945/
[rosmaster.master][INFO] 2019-06-26 09:16:46,074: +PUB [/rosout] /gazebo http://dc5b429f784e:38345/
[rosmaster.master][INFO] 2019-06-26 09:16:46,075: +SERVICE [/gazebo/get_loggers] /gazebo http://dc5b429f784e:38345/
[rosmaster.master][INFO] 2019-06-26 09:16:46,076: +SERVICE [/gazebo/set_logger_level] /gazebo http://dc5b429f784e:38345/
[rosmaster.master][INFO] 2019-06-26 09:16:46,083: +SUB [/clock] /gazebo http://dc5b429f784e:38345/
[rosmaster.master][INFO] 2019-06-26 09:16:46,086: publisherUpdate[/rosout] -> http://dc5b429f784e:39945/ ['http://dc5b429f784e:38345/']
[rosmaster.master][INFO] 2019-06-26 09:16:46,089: publisherUpdate[/rosout] -> http://dc5b429f784e:39945/ ['http://dc5b429f784e:38345/']: sec=0.00, result=[1, '', 0]
[rosmaster.master][INFO] 2019-06-26 09:16:46,474: +PUB [/clock] /gazebo http://dc5b429f784e:38345/
[rosmaster.master][INFO] 2019-06-26 09:16:46,476: +SERVICE [/gazebo/spawn_sdf_model] /gazebo http://dc5b429f784e:38345/
[rosmaster.master][INFO] 2019-06-26 09:16:46,480: +SERVICE [/gazebo/spawn_urdf_model] /gazebo http://dc5b429f784e:38345/
[rosmaster.master][INFO] 2019-06-26 09:16:46,481: +SERVICE [/gazebo/delete_model] /gazebo http://dc5b429f784e:38345/
[rosmaster.master][INFO] 2019-06-26 09:16:46,484: +SERVICE [/gazebo/delete_light] /gazebo http://dc5b429f784e:38345/
[rosmaster.master][INFO] 2019-06-26 09:16:46,486: +SERVICE [/gazebo/get_model_properties] /gazebo http://dc5b429f784e:38345/
[rosmaster.master][INFO] 2019-06-26 09:16:46,487: +SERVICE [/gazebo/get_model_state] /gazebo http://dc5b429f784e:38345/
[rosmaster.master][INFO] 2019-06-26 09:16:46,488: publisherUpdate[/clock] -> http://dc5b429f784e:38345/ ['http://dc5b429f784e:38345/']
[rosmaster.master][INFO] 2019-06-26 09:16:46,487: publisherUpdate[/clock] -> http://dc5b429f784e:39945/ ['http://dc5b429f784e:38345/']
[rosmaster.master][INFO] 2019-06-26 09:16:46,489: +SERVICE [/gazebo/get_world_properties] /gazebo http://dc5b429f784e:38345/
[rosmaster.master][INFO] 2019-06-26 09:16:46,491: publisherUpdate[/clock] -> http://dc5b429f784e:39945/ ['http://dc5b429f784e:38345/']: sec=0.00, result=[1, '', 0]
[rosmaster.master][INFO] 2019-06-26 09:16:46,492: publisherUpdate[/clock] -> http://dc5b429f784e:38345/ ['http://dc5b429f784e:38345/']: sec=0.00, result=[1, '', 0]
[rosmaster.master][INFO] 2019-06-26 09:16:46,493: +SERVICE [/gazebo/get_joint_properties] /gazebo http://dc5b429f784e:38345/
[rosmaster.master][INFO] 2019-06-26 09:16:46,494: +SERVICE [/gazebo/get_link_properties] /gazebo http://dc5b429f784e:38345/
[rosmaster.master][INFO] 2019-06-26 09:16:46,495: +SERVICE [/gazebo/get_link_state] /gazebo http://dc5b429f784e:38345/
[rosmaster.master][INFO] 2019-06-26 09:16:46,497: +SERVICE [/gazebo/get_light_properties] /gazebo http://dc5b429f784e:38345/
[rosmaster.master][INFO] 2019-06-26 09:16:46,498: +SERVICE [/gazebo/set_light_properties] /gazebo http://dc5b429f784e:38345/
[rosmaster.master][INFO] 2019-06-26 09:16:46,499: +SERVICE [/gazebo/get_physics_properties] /gazebo http://dc5b429f784e:38345/
[rosmaster.master][INFO] 2019-06-26 09:16:46,500: +PUB [/gazebo/link_states] /gazebo http://dc5b429f784e:38345/
[rosmaster.master][INFO] 2019-06-26 09:16:46,501: +PUB [/gazebo/model_states] /gazebo http://dc5b429f784e:38345/
[rosmaster.master][INFO] 2019-06-26 09:16:46,502: +SERVICE [/gazebo/set_link_properties] /gazebo http://dc5b429f784e:38345/
[rosmaster.master][INFO] 2019-06-26 09:16:46,506: +SERVICE [/gazebo/set_physics_properties] /gazebo http://dc5b429f784e:38345/
[rosmaster.master][INFO] 2019-06-26 09:16:46,507: +SERVICE [/gazebo/set_model_state] /gazebo http://dc5b429f784e:38345/
[rosmaster.master][INFO] 2019-06-26 09:16:46,509: +SERVICE [/gazebo/set_model_configuration] /gazebo http://dc5b429f784e:38345/
[rosmaster.master][INFO] 2019-06-26 09:16:46,510: +SERVICE [/gazebo/set_joint_properties] /gazebo http://dc5b429f784e:38345/
[rosmaster.master][INFO] 2019-06-26 09:16:46,511: +SERVICE [/gazebo/set_link_state] /gazebo http://dc5b429f784e:38345/
[rosmaster.master][INFO] 2019-06-26 09:16:46,518: +SUB [/gazebo/set_link_state] /gazebo http://dc5b429f784e:38345/
[rosmaster.master][INFO] 2019-06-26 09:16:46,527: +SUB [/gazebo/set_model_state] /gazebo http://dc5b429f784e:38345/
[rosmaster.master][INFO] 2019-06-26 09:16:46,528: +SERVICE [/gazebo/pause_physics] /gazebo http://dc5b429f784e:38345/
[rosmaster.master][INFO] 2019-06-26 09:16:46,529: +SERVICE [/gazebo/unpause_physics] /gazebo http://dc5b429f784e:38345/
[rosmaster.master][INFO] 2019-06-26 09:16:46,530: +SERVICE [/gazebo/apply_body_wrench] /gazebo http://dc5b429f784e:38345/
[rosmaster.master][INFO] 2019-06-26 09:16:46,532: +SERVICE [/gazebo/apply_joint_effort] /gazebo http://dc5b429f784e:38345/
[rosmaster.master][INFO] 2019-06-26 09:16:46,533: +SERVICE [/gazebo/clear_joint_forces] /gazebo http://dc5b429f784e:38345/
[rosmaster.master][INFO] 2019-06-26 09:16:46,534: +SERVICE [/gazebo/clear_body_wrenches] /gazebo http://dc5b429f784e:38345/
[rosmaster.master][INFO] 2019-06-26 09:16:46,535: +SERVICE [/gazebo/reset_simulation] /gazebo http://dc5b429f784e:38345/
[rosmaster.master][INFO] 2019-06-26 09:16:46,536: +SERVICE [/gazebo/reset_world] /gazebo http://dc5b429f784e:38345/
[rosmaster.master][INFO] 2019-06-26 09:16:46,617: +SERVICE [/gazebo/set_parameters] /gazebo http://dc5b429f784e:38345/
[rosmaster.master][INFO] 2019-06-26 09:16:46,618: +PUB [/gazebo/parameter_descriptions] /gazebo http://dc5b429f784e:38345/
[rosmaster.master][INFO] 2019-06-26 09:16:46,619: +PUB [/gazebo/parameter_updates] /gazebo http://dc5b429f784e:38345/
[rosmaster.master][INFO] 2019-06-26 09:16:46,680: +PARAM [/gazebo/time_step] by /gazebo
[rosmaster.master][INFO] 2019-06-26 09:16:46,682: +PARAM [/gazebo/max_update_rate] by /gazebo
[rosmaster.master][INFO] 2019-06-26 09:16:46,683: +PARAM [/gazebo/gravity_x] by /gazebo
[rosmaster.master][INFO] 2019-06-26 09:16:46,685: +PARAM [/gazebo/gravity_y] by /gazebo
[rosmaster.master][INFO] 2019-06-26 09:16:46,687: +PARAM [/gazebo/gravity_z] by /gazebo
[rosmaster.master][INFO] 2019-06-26 09:16:46,688: +PARAM [/gazebo/auto_disable_bodies] by /gazebo
[rosmaster.master][INFO] 2019-06-26 09:16:46,689: +PARAM [/gazebo/sor_pgs_precon_iters] by /gazebo
[rosmaster.master][INFO] 2019-06-26 09:16:46,690: +PARAM [/gazebo/sor_pgs_iters] by /gazebo
[rosmaster.master][INFO] 2019-06-26 09:16:46,691: +PARAM [/gazebo/sor_pgs_w] by /gazebo
[rosmaster.master][INFO] 2019-06-26 09:16:46,693: +PARAM [/gazebo/sor_pgs_rms_error_tol] by /gazebo
[rosmaster.master][INFO] 2019-06-26 09:16:46,694: +PARAM [/gazebo/cfm] by /gazebo
[rosmaster.master][INFO] 2019-06-26 09:16:46,695: +PARAM [/gazebo/erp] by /gazebo
[rosmaster.master][INFO] 2019-06-26 09:16:46,697: +PARAM [/gazebo/contact_surface_layer] by /gazebo
[rosmaster.master][INFO] 2019-06-26 09:16:46,698: +PARAM [/gazebo/contact_max_correcting_vel] by /gazebo
[rosmaster.master][INFO] 2019-06-26 09:16:46,699: +PARAM [/gazebo/max_contacts] by /gazebo
[rosmaster.master][INFO] 2019-06-26 09:16:46,703: +PARAM [/gazebo/time_step] by /gazebo
[rosmaster.master][INFO] 2019-06-26 09:16:46,705: +PARAM [/gazebo/max_update_rate] by /gazebo
[rosmaster.master][INFO] 2019-06-26 09:16:46,706: +PARAM [/gazebo/gravity_x] by /gazebo
[rosmaster.master][INFO] 2019-06-26 09:16:46,707: +PARAM [/gazebo/gravity_y] by /gazebo
[rosmaster.master][INFO] 2019-06-26 09:16:46,708: +PARAM [/gazebo/gravity_z] by /gazebo
[rosmaster.master][INFO] 2019-06-26 09:16:46,709: +PARAM [/gazebo/auto_disable_bodies] by /gazebo
[rosmaster.master][INFO] 2019-06-26 09:16:46,710: +PARAM [/gazebo/sor_pgs_precon_iters] by /gazebo
[rosmaster.master][INFO] 2019-06-26 09:16:46,711: +PARAM [/gazebo/sor_pgs_iters] by /gazebo
[rosmaster.master][INFO] 2019-06-26 09:16:46,712: +PARAM [/gazebo/sor_pgs_w] by /gazebo
[rosmaster.master][INFO] 2019-06-26 09:16:46,714: +PARAM [/gazebo/sor_pgs_rms_error_tol] by /gazebo
[rosmaster.master][INFO] 2019-06-26 09:16:46,715: +PARAM [/gazebo/cfm] by /gazebo
[rosmaster.master][INFO] 2019-06-26 09:16:46,716: +PARAM [/gazebo/erp] by /gazebo
[rosmaster.master][INFO] 2019-06-26 09:16:46,718: +PARAM [/gazebo/contact_surface_layer] by /gazebo
[rosmaster.master][INFO] 2019-06-26 09:16:46,719: +PARAM [/gazebo/contact_max_correcting_vel] by /gazebo
[rosmaster.master][INFO] 2019-06-26 09:16:46,720: +PARAM [/gazebo/max_contacts] by /gazebo
[rosmaster.master][INFO] 2019-06-26 09:16:47,319: +PUB [/rosout] /mybot_spawn http://dc5b429f784e:44101/
[rosmaster.master][INFO] 2019-06-26 09:16:47,323: +SUB [/clock] /mybot_spawn http://dc5b429f784e:44101/
[rosmaster.master][INFO] 2019-06-26 09:16:47,325: +SERVICE [/mybot_spawn/get_loggers] /mybot_spawn http://dc5b429f784e:44101/
[rosmaster.master][INFO] 2019-06-26 09:16:47,327: +SERVICE [/mybot_spawn/set_logger_level] /mybot_spawn http://dc5b429f784e:44101/
[rosmaster.master][INFO] 2019-06-26 09:16:47,391: publisherUpdate[/rosout] -> http://dc5b429f784e:39945/ ['http://dc5b429f784e:38345/', 'http://dc5b429f784e:44101/']
[rosmaster.master][INFO] 2019-06-26 09:16:47,392: publisherUpdate[/rosout] -> http://dc5b429f784e:39945/ ['http://dc5b429f784e:38345/', 'http://dc5b429f784e:44101/']: sec=0.00, result=[1, '', 0]
[rosmaster.master][INFO] 2019-06-26 09:16:47,575: -SUB [/clock] /mybot_spawn http://dc5b429f784e:44101/
[rosmaster.master][INFO] 2019-06-26 09:16:47,576: -PUB [/rosout] /mybot_spawn http://dc5b429f784e:44101/
[rosmaster.master][INFO] 2019-06-26 09:16:47,576: -SERVICE [/mybot_spawn/set_logger_level] /mybot_spawn rosrpc://dc5b429f784e:42951
[rosmaster.master][INFO] 2019-06-26 09:16:47,576: -SERVICE [/mybot_spawn/get_loggers] /mybot_spawn rosrpc://dc5b429f784e:42951
[rosmaster.master][ERROR] 2019-06-26 09:16:47,588: Traceback (most recent call last):
  File "/opt/ros/kinetic/lib/python2.7/dist-packages/rosmaster/master_api.py", line 177, in validated_f
    code, msg, val = f(*newArgs, **kwds)
  File "/opt/ros/kinetic/lib/python2.7/dist-packages/rosmaster/master_api.py", line 435, in searchParam
    search_key = self.param_server.search_param(caller_id, key)
  File "/opt/ros/kinetic/lib/python2.7/dist-packages/rosmaster/paramserver.py", line 116, in search_param
    raise ValueError("namespace must be global")
ValueError: namespace must be global

[rosmaster.master][INFO] 2019-06-26 09:16:47,589: +PUB [/m2wr/laser/scan] /gazebo http://dc5b429f784e:38345/
[rosmaster.master][INFO] 2019-06-26 09:16:47,593: publisherUpdate[/rosout] -> http://dc5b429f784e:39945/ ['http://dc5b429f784e:38345/']
[rosmaster.master][INFO] 2019-06-26 09:16:47,594: publisherUpdate[/rosout] -> http://dc5b429f784e:39945/ ['http://dc5b429f784e:38345/']: sec=0.00, result=[1, '', 0]
[rosmaster.master][ERROR] 2019-06-26 09:16:47,679: Traceback (most recent call last):
  File "/opt/ros/kinetic/lib/python2.7/dist-packages/rosmaster/master_api.py", line 177, in validated_f
    code, msg, val = f(*newArgs, **kwds)
  File "/opt/ros/kinetic/lib/python2.7/dist-packages/rosmaster/master_api.py", line 435, in searchParam
    search_key = self.param_server.search_param(caller_id, key)
  File "/opt/ros/kinetic/lib/python2.7/dist-packages/rosmaster/paramserver.py", line 116, in search_param
    raise ValueError("namespace must be global")
ValueError: namespace must be global

[rosmaster.master][INFO] 2019-06-26 09:16:47,681: +PUB [/joint_states] /gazebo http://dc5b429f784e:38345/
[rosmaster.master][INFO] 2019-06-26 09:16:47,682: +PUB [/tf] /gazebo http://dc5b429f784e:38345/
[rosmaster.master][INFO] 2019-06-26 09:16:47,687: +SUB [/cmd_vel] /gazebo http://dc5b429f784e:38345/
[rosmaster.master][INFO] 2019-06-26 09:16:47,688: +PUB [/odom] /gazebo http://dc5b429f784e:38345/
[rosmaster.master][INFO] 2019-06-26 09:22:26,399: +PUB [/cmd_vel] /teleop_twist_keyboard http://dc5b429f784e:34871/
[rosmaster.master][INFO] 2019-06-26 09:22:26,429: publisherUpdate[/cmd_vel] -> http://dc5b429f784e:38345/ ['http://dc5b429f784e:34871/']
[rosmaster.master][INFO] 2019-06-26 09:22:26,431: publisherUpdate[/cmd_vel] -> http://dc5b429f784e:38345/ ['http://dc5b429f784e:34871/']: sec=0.00, result=[1, '', 0]
[rosmaster.master][INFO] 2019-06-26 09:22:26,492: +PUB [/rosout] /teleop_twist_keyboard http://dc5b429f784e:34871/
[rosmaster.master][INFO] 2019-06-26 09:22:26,497: publisherUpdate[/rosout] -> http://dc5b429f784e:39945/ ['http://dc5b429f784e:38345/', 'http://dc5b429f784e:34871/']
[rosmaster.master][INFO] 2019-06-26 09:22:26,498: publisherUpdate[/rosout] -> http://dc5b429f784e:39945/ ['http://dc5b429f784e:38345/', 'http://dc5b429f784e:34871/']: sec=0.00, result=[1, '', 0]
[rosmaster.master][INFO] 2019-06-26 09:22:26,500: +SUB [/clock] /teleop_twist_keyboard http://dc5b429f784e:34871/
[rosmaster.master][INFO] 2019-06-26 09:22:26,504: +SERVICE [/teleop_twist_keyboard/get_loggers] /teleop_twist_keyboard http://dc5b429f784e:34871/
[rosmaster.master][INFO] 2019-06-26 09:22:26,506: +SERVICE [/teleop_twist_keyboard/set_logger_level] /teleop_twist_keyboard http://dc5b429f784e:34871/
[rosmaster.master][INFO] 2019-06-26 09:22:33,057: +PUB [/rosout] /reading_laser http://dc5b429f784e:39591/
[rosmaster.master][INFO] 2019-06-26 09:22:33,066: +SUB [/clock] /reading_laser http://dc5b429f784e:39591/
[rosmaster.master][INFO] 2019-06-26 09:22:33,071: +SERVICE [/reading_laser/get_loggers] /reading_laser http://dc5b429f784e:39591/
[rosmaster.master][INFO] 2019-06-26 09:22:33,079: +SERVICE [/reading_laser/set_logger_level] /reading_laser http://dc5b429f784e:39591/
[rosmaster.master][INFO] 2019-06-26 09:22:33,082: publisherUpdate[/rosout] -> http://dc5b429f784e:39945/ ['http://dc5b429f784e:38345/', 'http://dc5b429f784e:34871/', 'http://dc5b429f784e:39591/']
[rosmaster.master][INFO] 2019-06-26 09:22:33,083: publisherUpdate[/rosout] -> http://dc5b429f784e:39945/ ['http://dc5b429f784e:38345/', 'http://dc5b429f784e:34871/', 'http://dc5b429f784e:39591/']: sec=0.00, result=[1, '', 0]
[rosmaster.master][INFO] 2019-06-26 09:22:33,094: +SUB [/m2wr/laser/scan] /reading_laser http://dc5b429f784e:39591/
[rosmaster.master][INFO] 2019-06-26 09:23:18,467: -SUB [/clock] /reading_laser http://dc5b429f784e:39591/
[rosmaster.master][INFO] 2019-06-26 09:23:18,467: -SUB [/m2wr/laser/scan] /reading_laser http://dc5b429f784e:39591/
[rosmaster.master][INFO] 2019-06-26 09:23:18,467: -PUB [/rosout] /reading_laser http://dc5b429f784e:39591/
[rosmaster.master][INFO] 2019-06-26 09:23:18,468: -SERVICE [/reading_laser/get_loggers] /reading_laser rosrpc://dc5b429f784e:36517
[rosmaster.master][INFO] 2019-06-26 09:23:18,468: -SERVICE [/reading_laser/set_logger_level] /reading_laser rosrpc://dc5b429f784e:36517
[rosmaster.master][INFO] 2019-06-26 09:23:18,470: publisherUpdate[/rosout] -> http://dc5b429f784e:39945/ ['http://dc5b429f784e:38345/', 'http://dc5b429f784e:34871/']
[rosmaster.master][INFO] 2019-06-26 09:23:18,471: publisherUpdate[/rosout] -> http://dc5b429f784e:39945/ ['http://dc5b429f784e:38345/', 'http://dc5b429f784e:34871/']: sec=0.00, result=[1, '', 0]
[rosmaster.master][INFO] 2019-06-26 09:50:12,274: +PUB [/rosout] /reading_laser http://dc5b429f784e:36651/
[rosmaster.master][INFO] 2019-06-26 09:50:12,278: publisherUpdate[/rosout] -> http://dc5b429f784e:39945/ ['http://dc5b429f784e:38345/', 'http://dc5b429f784e:34871/', 'http://dc5b429f784e:36651/']
[rosmaster.master][INFO] 2019-06-26 09:50:12,281: publisherUpdate[/rosout] -> http://dc5b429f784e:39945/ ['http://dc5b429f784e:38345/', 'http://dc5b429f784e:34871/', 'http://dc5b429f784e:36651/']: sec=0.00, result=[1, '', 0]
[rosmaster.master][INFO] 2019-06-26 09:50:12,284: +SUB [/clock] /reading_laser http://dc5b429f784e:36651/
[rosmaster.master][INFO] 2019-06-26 09:50:12,288: +SERVICE [/reading_laser/get_loggers] /reading_laser http://dc5b429f784e:36651/
[rosmaster.master][INFO] 2019-06-26 09:50:12,291: +SERVICE [/reading_laser/set_logger_level] /reading_laser http://dc5b429f784e:36651/
[rosmaster.master][INFO] 2019-06-26 09:50:12,293: +PUB [/cmd_vel] /reading_laser http://dc5b429f784e:36651/
[rosmaster.master][INFO] 2019-06-26 09:50:12,299: +SUB [/m2wr/laser/scan] /reading_laser http://dc5b429f784e:36651/
[rosmaster.master][INFO] 2019-06-26 09:50:12,314: publisherUpdate[/cmd_vel] -> http://dc5b429f784e:38345/ ['http://dc5b429f784e:34871/', 'http://dc5b429f784e:36651/']
[rosmaster.master][INFO] 2019-06-26 09:50:12,315: publisherUpdate[/cmd_vel] -> http://dc5b429f784e:38345/ ['http://dc5b429f784e:34871/', 'http://dc5b429f784e:36651/']: sec=0.00, result=[1, '', 0]
[rosmaster.master][INFO] 2019-06-26 09:51:27,000: -SUB [/clock] /reading_laser http://dc5b429f784e:36651/
[rosmaster.master][INFO] 2019-06-26 09:51:27,000: -SUB [/m2wr/laser/scan] /reading_laser http://dc5b429f784e:36651/
[rosmaster.master][INFO] 2019-06-26 09:51:27,001: -PUB [/rosout] /reading_laser http://dc5b429f784e:36651/
[rosmaster.master][INFO] 2019-06-26 09:51:27,001: -PUB [/cmd_vel] /reading_laser http://dc5b429f784e:36651/
[rosmaster.master][INFO] 2019-06-26 09:51:27,001: -SERVICE [/reading_laser/get_loggers] /reading_laser rosrpc://dc5b429f784e:44755
[rosmaster.master][INFO] 2019-06-26 09:51:27,001: -SERVICE [/reading_laser/set_logger_level] /reading_laser rosrpc://dc5b429f784e:44755
[rosmaster.master][INFO] 2019-06-26 09:51:27,025: publisherUpdate[/rosout] -> http://dc5b429f784e:39945/ ['http://dc5b429f784e:38345/', 'http://dc5b429f784e:34871/']
[rosmaster.master][INFO] 2019-06-26 09:51:27,027: publisherUpdate[/rosout] -> http://dc5b429f784e:39945/ ['http://dc5b429f784e:38345/', 'http://dc5b429f784e:34871/']: sec=0.00, result=[1, '', 0]
[rosmaster.master][INFO] 2019-06-26 09:51:27,027: publisherUpdate[/cmd_vel] -> http://dc5b429f784e:38345/ ['http://dc5b429f784e:34871/']
[rosmaster.master][INFO] 2019-06-26 09:51:27,028: publisherUpdate[/cmd_vel] -> http://dc5b429f784e:38345/ ['http://dc5b429f784e:34871/']: sec=0.00, result=[1, '', 0]
[rosmaster.master][INFO] 2019-06-26 09:51:31,696: -SUB [/gazebo/set_link_state] /gazebo http://dc5b429f784e:38345/
[rosmaster.master][INFO] 2019-06-26 09:51:31,698: -SUB [/gazebo/set_model_state] /gazebo http://dc5b429f784e:38345/
[rosmaster.master][INFO] 2019-06-26 09:51:31,700: -PUB [/clock] /gazebo http://dc5b429f784e:38345/
[rosmaster.master][INFO] 2019-06-26 09:51:31,703: -PUB [/gazebo/link_states] /gazebo http://dc5b429f784e:38345/
[rosmaster.master][INFO] 2019-06-26 09:51:31,704: -PUB [/gazebo/model_states] /gazebo http://dc5b429f784e:38345/
[rosmaster.master][INFO] 2019-06-26 09:51:31,706: -SERVICE [/gazebo/spawn_sdf_model] /gazebo rosrpc://dc5b429f784e:49917
[rosmaster.master][INFO] 2019-06-26 09:51:31,707: -SERVICE [/gazebo/spawn_urdf_model] /gazebo rosrpc://dc5b429f784e:49917
[rosmaster.master][INFO] 2019-06-26 09:51:31,709: -SERVICE [/gazebo/delete_model] /gazebo rosrpc://dc5b429f784e:49917
[rosmaster.master][INFO] 2019-06-26 09:51:31,710: -SERVICE [/gazebo/delete_light] /gazebo rosrpc://dc5b429f784e:49917
[rosmaster.master][INFO] 2019-06-26 09:51:31,711: -SERVICE [/gazebo/get_model_properties] /gazebo rosrpc://dc5b429f784e:49917
[rosmaster.master][INFO] 2019-06-26 09:51:31,713: -SERVICE [/gazebo/get_model_state] /gazebo rosrpc://dc5b429f784e:49917
[rosmaster.master][INFO] 2019-06-26 09:51:31,714: -SERVICE [/gazebo/get_world_properties] /gazebo rosrpc://dc5b429f784e:49917
[rosmaster.master][INFO] 2019-06-26 09:51:31,716: -SERVICE [/gazebo/get_joint_properties] /gazebo rosrpc://dc5b429f784e:49917
[rosmaster.master][INFO] 2019-06-26 09:51:31,717: -SERVICE [/gazebo/get_link_properties] /gazebo rosrpc://dc5b429f784e:49917
[rosmaster.master][INFO] 2019-06-26 09:51:31,719: -SERVICE [/gazebo/get_link_state] /gazebo rosrpc://dc5b429f784e:49917
[rosmaster.master][INFO] 2019-06-26 09:51:31,720: -SERVICE [/gazebo/get_light_properties] /gazebo rosrpc://dc5b429f784e:49917
[rosmaster.master][INFO] 2019-06-26 09:51:31,722: -SERVICE [/gazebo/set_light_properties] /gazebo rosrpc://dc5b429f784e:49917
[rosmaster.master][INFO] 2019-06-26 09:51:31,723: -SERVICE [/gazebo/get_physics_properties] /gazebo rosrpc://dc5b429f784e:49917
[rosmaster.master][INFO] 2019-06-26 09:51:31,724: -SERVICE [/gazebo/set_link_properties] /gazebo rosrpc://dc5b429f784e:49917
[rosmaster.master][INFO] 2019-06-26 09:51:31,726: -SERVICE [/gazebo/set_physics_properties] /gazebo rosrpc://dc5b429f784e:49917
[rosmaster.master][INFO] 2019-06-26 09:51:31,728: -SERVICE [/gazebo/set_model_state] /gazebo rosrpc://dc5b429f784e:49917
[rosmaster.master][INFO] 2019-06-26 09:51:31,729: -SERVICE [/gazebo/set_model_configuration] /gazebo rosrpc://dc5b429f784e:49917
[rosmaster.master][INFO] 2019-06-26 09:51:31,731: -SERVICE [/gazebo/set_joint_properties] /gazebo rosrpc://dc5b429f784e:49917
[rosmaster.master][INFO] 2019-06-26 09:51:31,733: -SERVICE [/gazebo/set_link_state] /gazebo rosrpc://dc5b429f784e:49917
[rosmaster.master][INFO] 2019-06-26 09:51:31,734: -SERVICE [/gazebo/pause_physics] /gazebo rosrpc://dc5b429f784e:49917
[rosmaster.master][INFO] 2019-06-26 09:51:31,736: publisherUpdate[/clock] -> http://dc5b429f784e:39945/ []
[rosmaster.master][INFO] 2019-06-26 09:51:31,737: -SERVICE [/gazebo/unpause_physics] /gazebo rosrpc://dc5b429f784e:49917
[rosmaster.master][INFO] 2019-06-26 09:51:31,738: publisherUpdate[/clock] -> http://dc5b429f784e:39945/ []: sec=0.00, result=[1, '', 0]
[rosmaster.master][INFO] 2019-06-26 09:51:31,739: publisherUpdate[/clock] -> http://dc5b429f784e:38345/ []
[rosmaster.master][INFO] 2019-06-26 09:51:31,740: -SERVICE [/gazebo/apply_body_wrench] /gazebo rosrpc://dc5b429f784e:49917
[rosmaster.master][INFO] 2019-06-26 09:51:31,742: publisherUpdate[/clock] -> http://dc5b429f784e:38345/ []: sec=0.00, result=[1, '', 0]
[rosmaster.master][INFO] 2019-06-26 09:51:31,743: publisherUpdate[/clock] -> http://dc5b429f784e:34871/ []
[rosmaster.master][INFO] 2019-06-26 09:51:31,745: -SERVICE [/gazebo/apply_joint_effort] /gazebo rosrpc://dc5b429f784e:49917
[rosmaster.master][INFO] 2019-06-26 09:51:31,747: -SERVICE [/gazebo/clear_joint_forces] /gazebo rosrpc://dc5b429f784e:49917
[rosmaster.master][INFO] 2019-06-26 09:51:31,748: publisherUpdate[/clock] -> http://dc5b429f784e:34871/ []: sec=0.00, result=[1, '', 0]
[rosmaster.master][INFO] 2019-06-26 09:51:31,749: -SERVICE [/gazebo/clear_body_wrenches] /gazebo rosrpc://dc5b429f784e:49917
[rosmaster.master][INFO] 2019-06-26 09:51:31,750: -SERVICE [/gazebo/reset_simulation] /gazebo rosrpc://dc5b429f784e:49917
[rosmaster.master][INFO] 2019-06-26 09:51:31,751: -SERVICE [/gazebo/reset_world] /gazebo rosrpc://dc5b429f784e:49917
[rosmaster.master][INFO] 2019-06-26 09:51:31,754: -PUB [/gazebo/parameter_descriptions] /gazebo http://dc5b429f784e:38345/
[rosmaster.master][INFO] 2019-06-26 09:51:31,755: -PUB [/gazebo/parameter_updates] /gazebo http://dc5b429f784e:38345/
[rosmaster.master][INFO] 2019-06-26 09:51:31,756: -SERVICE [/gazebo/set_parameters] /gazebo rosrpc://dc5b429f784e:49917
[rosmaster.master][INFO] 2019-06-26 09:51:46,689: -PUB [/rosout_agg] /rosout http://dc5b429f784e:39945/
[rosmaster.master][INFO] 2019-06-26 09:51:46,690: -SUB [/clock] /rosout http://dc5b429f784e:39945/
[rosmaster.master][INFO] 2019-06-26 09:51:46,691: -SUB [/rosout] /rosout http://dc5b429f784e:39945/
[rosmaster.master][INFO] 2019-06-26 09:51:46,692: -SERVICE [/rosout/get_loggers] /rosout rosrpc://dc5b429f784e:47809
[rosmaster.master][INFO] 2019-06-26 09:51:46,694: -SERVICE [/rosout/set_logger_level] /rosout rosrpc://dc5b429f784e:47809
[rosmaster.main][INFO] 2019-06-26 09:51:46,752: keyboard interrupt, will exit
[rosmaster.main][INFO] 2019-06-26 09:51:46,752: stopping master...
[rospy.core][INFO] 2019-06-26 09:51:46,752: signal_shutdown [atexit]
