[rospy.client][INFO] 2019-06-29 13:56:39,401: init_node, name[/mybot_spawn], pid[54977]
[xmlrpc][INFO] 2019-06-29 13:56:39,401: XML-RPC server binding to 0.0.0.0:0
[xmlrpc][INFO] 2019-06-29 13:56:39,402: Started XML-RPC server [http://dc5b429f784e:35729/]
[rospy.impl.masterslave][INFO] 2019-06-29 13:56:39,402: _ready: http://dc5b429f784e:35729/
[rospy.init][INFO] 2019-06-29 13:56:39,402: ROS Slave URI: [http://dc5b429f784e:35729/]
[xmlrpc][INFO] 2019-06-29 13:56:39,402: xml rpc node: starting XML-RPC server
[rospy.registration][INFO] 2019-06-29 13:56:39,403: Registering with master node http://localhost:11311
[rospy.init][INFO] 2019-06-29 13:56:39,503: registered with master
[rospy.rosout][INFO] 2019-06-29 13:56:39,503: initializing /rosout core topic
[rospy.rosout][INFO] 2019-06-29 13:56:39,506: connected to core topic /rosout
[rospy.simtime][INFO] 2019-06-29 13:56:39,508: initializing /clock core topic
[rospy.simtime][INFO] 2019-06-29 13:56:39,513: connected to core topic /clock
[rosout][INFO] 2019-06-29 13:56:39,517: Loading model XML from ros parameter
[rospy.internal][INFO] 2019-06-29 13:56:39,521: topic[/clock] adding connection to [http://dc5b429f784e:43571/], count 0
[rosout][INFO] 2019-06-29 13:56:39,527: Waiting for service /gazebo/spawn_urdf_model
[rosout][INFO] 2019-06-29 13:56:39,529: Calling service /gazebo/spawn_urdf_model
[rospy.internal][INFO] 2019-06-29 13:56:39,714: topic[/rosout] adding connection to [/rosout], count 0
[rosout][INFO] 2019-06-29 13:56:40,062: Spawn status: SpawnModel: Successfully spawned entity
[rospy.core][INFO] 2019-06-29 13:56:40,062: signal_shutdown [atexit]
[rospy.internal][INFO] 2019-06-29 13:56:40,066: topic[/rosout] removing connection to /rosout
[rospy.internal][INFO] 2019-06-29 13:56:40,066: topic[/clock] removing connection to http://dc5b429f784e:43571/
[rospy.impl.masterslave][INFO] 2019-06-29 13:56:40,067: atexit
