[rospy.client][INFO] 2019-06-28 14:09:15,982: init_node, name[/mybot_spawn], pid[6401]
[xmlrpc][INFO] 2019-06-28 14:09:15,982: XML-RPC server binding to 0.0.0.0:0
[xmlrpc][INFO] 2019-06-28 14:09:15,983: Started XML-RPC server [http://dc5b429f784e:35521/]
[rospy.init][INFO] 2019-06-28 14:09:15,983: ROS Slave URI: [http://dc5b429f784e:35521/]
[rospy.impl.masterslave][INFO] 2019-06-28 14:09:15,984: _ready: http://dc5b429f784e:35521/
[xmlrpc][INFO] 2019-06-28 14:09:15,985: xml rpc node: starting XML-RPC server
[rospy.registration][INFO] 2019-06-28 14:09:15,986: Registering with master node http://localhost:11311
[rospy.init][INFO] 2019-06-28 14:09:16,084: registered with master
[rospy.rosout][INFO] 2019-06-28 14:09:16,084: initializing /rosout core topic
[rospy.rosout][INFO] 2019-06-28 14:09:16,088: connected to core topic /rosout
[rospy.simtime][INFO] 2019-06-28 14:09:16,090: initializing /clock core topic
[rospy.simtime][INFO] 2019-06-28 14:09:16,093: connected to core topic /clock
[rosout][INFO] 2019-06-28 14:09:16,097: Loading model XML from ros parameter
[rosout][INFO] 2019-06-28 14:09:16,105: Waiting for service /gazebo/spawn_urdf_model
[rospy.internal][INFO] 2019-06-28 14:09:16,106: topic[/clock] adding connection to [http://dc5b429f784e:42415/], count 0
[rosout][INFO] 2019-06-28 14:09:16,109: Calling service /gazebo/spawn_urdf_model
[rospy.internal][INFO] 2019-06-28 14:09:16,351: topic[/rosout] adding connection to [/rosout], count 0
[rosout][INFO] 2019-06-28 14:09:16,623: Spawn status: SpawnModel: Successfully spawned entity
[rospy.core][INFO] 2019-06-28 14:09:16,624: signal_shutdown [atexit]
[rospy.internal][INFO] 2019-06-28 14:09:16,629: topic[/rosout] removing connection to /rosout
[rospy.internal][INFO] 2019-06-28 14:09:16,629: topic[/clock] removing connection to http://dc5b429f784e:42415/
[rospy.impl.masterslave][INFO] 2019-06-28 14:09:16,630: atexit
[rospy.client][INFO] 2019-06-28 14:10:03,487: init_node, name[/mybot_spawn], pid[6773]
[xmlrpc][INFO] 2019-06-28 14:10:03,487: XML-RPC server binding to 0.0.0.0:0
[xmlrpc][INFO] 2019-06-28 14:10:03,488: Started XML-RPC server [http://dc5b429f784e:45075/]
[rospy.init][INFO] 2019-06-28 14:10:03,488: ROS Slave URI: [http://dc5b429f784e:45075/]
[rospy.impl.masterslave][INFO] 2019-06-28 14:10:03,488: _ready: http://dc5b429f784e:45075/
[xmlrpc][INFO] 2019-06-28 14:10:03,489: xml rpc node: starting XML-RPC server
[rospy.registration][INFO] 2019-06-28 14:10:03,489: Registering with master node http://localhost:11311
[rospy.init][INFO] 2019-06-28 14:10:03,588: registered with master
[rospy.rosout][INFO] 2019-06-28 14:10:03,589: initializing /rosout core topic
[rospy.rosout][INFO] 2019-06-28 14:10:03,591: connected to core topic /rosout
[rospy.simtime][INFO] 2019-06-28 14:10:03,593: initializing /clock core topic
[rospy.simtime][INFO] 2019-06-28 14:10:03,596: connected to core topic /clock
[rosout][INFO] 2019-06-28 14:10:03,599: Loading model XML from ros parameter
[rosout][INFO] 2019-06-28 14:10:03,602: Waiting for service /gazebo/spawn_urdf_model
[rospy.internal][INFO] 2019-06-28 14:10:03,605: topic[/clock] adding connection to [http://dc5b429f784e:44309/], count 0
[rosout][INFO] 2019-06-28 14:10:03,606: Calling service /gazebo/spawn_urdf_model
[rospy.internal][INFO] 2019-06-28 14:10:03,810: topic[/rosout] adding connection to [/rosout], count 0
[rosout][INFO] 2019-06-28 14:10:03,944: Spawn status: SpawnModel: Successfully spawned entity
[rospy.core][INFO] 2019-06-28 14:10:03,945: signal_shutdown [atexit]
[rospy.internal][INFO] 2019-06-28 14:10:03,948: topic[/rosout] removing connection to /rosout
[rospy.internal][INFO] 2019-06-28 14:10:03,948: topic[/clock] removing connection to http://dc5b429f784e:44309/
[rospy.impl.masterslave][INFO] 2019-06-28 14:10:03,948: atexit
[rospy.client][INFO] 2019-06-28 14:11:29,399: init_node, name[/mybot_spawn], pid[7351]
[xmlrpc][INFO] 2019-06-28 14:11:29,399: XML-RPC server binding to 0.0.0.0:0
[xmlrpc][INFO] 2019-06-28 14:11:29,400: Started XML-RPC server [http://dc5b429f784e:44369/]
[rospy.impl.masterslave][INFO] 2019-06-28 14:11:29,400: _ready: http://dc5b429f784e:44369/
[rospy.init][INFO] 2019-06-28 14:11:29,401: ROS Slave URI: [http://dc5b429f784e:44369/]
[xmlrpc][INFO] 2019-06-28 14:11:29,401: xml rpc node: starting XML-RPC server
[rospy.registration][INFO] 2019-06-28 14:11:29,402: Registering with master node http://localhost:11311
[rospy.init][INFO] 2019-06-28 14:11:29,501: registered with master
[rospy.rosout][INFO] 2019-06-28 14:11:29,502: initializing /rosout core topic
[rospy.rosout][INFO] 2019-06-28 14:11:29,505: connected to core topic /rosout
[rospy.simtime][INFO] 2019-06-28 14:11:29,508: initializing /clock core topic
[rospy.simtime][INFO] 2019-06-28 14:11:29,512: connected to core topic /clock
[rosout][INFO] 2019-06-28 14:11:29,517: Loading model XML from ros parameter
[rosout][INFO] 2019-06-28 14:11:29,520: Waiting for service /gazebo/spawn_urdf_model
[rospy.internal][INFO] 2019-06-28 14:11:29,709: topic[/rosout] adding connection to [/rosout], count 0
[rospy.core][INFO] 2019-06-28 14:11:30,399: signal_shutdown [signal-2]
[rospy.internal][INFO] 2019-06-28 14:11:30,401: topic[/rosout] removing connection to /rosout
[rospy.impl.masterslave][INFO] 2019-06-28 14:11:30,402: signal-2
[rospy.core][INFO] 2019-06-28 14:11:30,567: signal_shutdown [atexit]
[rospy.client][INFO] 2019-06-28 14:11:35,846: init_node, name[/mybot_spawn], pid[7494]
[xmlrpc][INFO] 2019-06-28 14:11:35,846: XML-RPC server binding to 0.0.0.0:0
[xmlrpc][INFO] 2019-06-28 14:11:35,847: Started XML-RPC server [http://dc5b429f784e:34573/]
[rospy.init][INFO] 2019-06-28 14:11:35,847: ROS Slave URI: [http://dc5b429f784e:34573/]
[rospy.impl.masterslave][INFO] 2019-06-28 14:11:35,847: _ready: http://dc5b429f784e:34573/
[xmlrpc][INFO] 2019-06-28 14:11:35,848: xml rpc node: starting XML-RPC server
[rospy.registration][INFO] 2019-06-28 14:11:35,848: Registering with master node http://localhost:11311
[rospy.init][INFO] 2019-06-28 14:11:35,948: registered with master
[rospy.rosout][INFO] 2019-06-28 14:11:35,948: initializing /rosout core topic
[rospy.rosout][INFO] 2019-06-28 14:11:35,953: connected to core topic /rosout
[rospy.simtime][INFO] 2019-06-28 14:11:35,956: initializing /clock core topic
[rospy.simtime][INFO] 2019-06-28 14:11:35,960: connected to core topic /clock
[rosout][INFO] 2019-06-28 14:11:35,964: Loading model XML from ros parameter
[rospy.internal][INFO] 2019-06-28 14:11:35,966: topic[/clock] adding connection to [http://dc5b429f784e:41463/], count 0
[rosout][INFO] 2019-06-28 14:11:35,970: Waiting for service /gazebo/spawn_urdf_model
[rosout][INFO] 2019-06-28 14:11:35,972: Calling service /gazebo/spawn_urdf_model
[rospy.internal][INFO] 2019-06-28 14:11:36,204: topic[/rosout] adding connection to [/rosout], count 0
[rosout][INFO] 2019-06-28 14:11:36,347: Spawn status: SpawnModel: Successfully spawned entity
[rospy.core][INFO] 2019-06-28 14:11:36,347: signal_shutdown [atexit]
[rospy.internal][INFO] 2019-06-28 14:11:36,351: topic[/rosout] removing connection to /rosout
[rospy.internal][INFO] 2019-06-28 14:11:36,351: topic[/clock] removing connection to http://dc5b429f784e:41463/
[rospy.impl.masterslave][INFO] 2019-06-28 14:11:36,351: atexit
[rospy.client][INFO] 2019-06-28 14:12:10,442: init_node, name[/mybot_spawn], pid[7979]
[xmlrpc][INFO] 2019-06-28 14:12:10,442: XML-RPC server binding to 0.0.0.0:0
[xmlrpc][INFO] 2019-06-28 14:12:10,443: Started XML-RPC server [http://dc5b429f784e:45463/]
[rospy.impl.masterslave][INFO] 2019-06-28 14:12:10,443: _ready: http://dc5b429f784e:45463/
[xmlrpc][INFO] 2019-06-28 14:12:10,444: xml rpc node: starting XML-RPC server
[rospy.init][INFO] 2019-06-28 14:12:10,444: ROS Slave URI: [http://dc5b429f784e:45463/]
[rospy.registration][INFO] 2019-06-28 14:12:10,445: Registering with master node http://localhost:11311
[rospy.init][INFO] 2019-06-28 14:12:10,545: registered with master
[rospy.rosout][INFO] 2019-06-28 14:12:10,546: initializing /rosout core topic
[rospy.rosout][INFO] 2019-06-28 14:12:10,549: connected to core topic /rosout
[rospy.simtime][INFO] 2019-06-28 14:12:10,550: initializing /clock core topic
[rospy.simtime][INFO] 2019-06-28 14:12:10,553: connected to core topic /clock
[rosout][INFO] 2019-06-28 14:12:10,557: Loading model XML from ros parameter
[rosout][INFO] 2019-06-28 14:12:10,561: Waiting for service /gazebo/spawn_urdf_model
[rospy.internal][INFO] 2019-06-28 14:12:10,772: topic[/rosout] adding connection to [/rosout], count 0
[rospy.core][INFO] 2019-06-28 14:12:10,976: signal_shutdown [signal-2]
[rospy.internal][INFO] 2019-06-28 14:12:10,979: topic[/rosout] removing connection to /rosout
[rospy.impl.masterslave][INFO] 2019-06-28 14:12:10,979: signal-2
[rospy.core][INFO] 2019-06-28 14:12:11,144: signal_shutdown [atexit]
[rospy.client][INFO] 2019-06-28 14:12:16,416: init_node, name[/mybot_spawn], pid[8119]
[xmlrpc][INFO] 2019-06-28 14:12:16,416: XML-RPC server binding to 0.0.0.0:0
[rospy.init][INFO] 2019-06-28 14:12:16,417: ROS Slave URI: [http://dc5b429f784e:40431/]
[xmlrpc][INFO] 2019-06-28 14:12:16,417: Started XML-RPC server [http://dc5b429f784e:40431/]
[rospy.impl.masterslave][INFO] 2019-06-28 14:12:16,417: _ready: http://dc5b429f784e:40431/
[xmlrpc][INFO] 2019-06-28 14:12:16,418: xml rpc node: starting XML-RPC server
[rospy.registration][INFO] 2019-06-28 14:12:16,419: Registering with master node http://localhost:11311
[rospy.init][INFO] 2019-06-28 14:12:16,518: registered with master
[rospy.rosout][INFO] 2019-06-28 14:12:16,518: initializing /rosout core topic
[rospy.rosout][INFO] 2019-06-28 14:12:16,521: connected to core topic /rosout
[rospy.simtime][INFO] 2019-06-28 14:12:16,523: initializing /clock core topic
[rospy.simtime][INFO] 2019-06-28 14:12:16,526: connected to core topic /clock
[rosout][INFO] 2019-06-28 14:12:16,532: Loading model XML from ros parameter
[rospy.internal][INFO] 2019-06-28 14:12:16,536: topic[/clock] adding connection to [http://dc5b429f784e:38131/], count 0
[rosout][INFO] 2019-06-28 14:12:16,538: Waiting for service /gazebo/spawn_urdf_model
[rosout][INFO] 2019-06-28 14:12:16,540: Calling service /gazebo/spawn_urdf_model
[rospy.internal][INFO] 2019-06-28 14:12:16,730: topic[/rosout] adding connection to [/rosout], count 0
[rosout][INFO] 2019-06-28 14:12:16,905: Spawn status: SpawnModel: Successfully spawned entity
[rospy.core][INFO] 2019-06-28 14:12:16,906: signal_shutdown [atexit]
[rospy.internal][INFO] 2019-06-28 14:12:16,910: topic[/rosout] removing connection to /rosout
[rospy.internal][INFO] 2019-06-28 14:12:16,910: topic[/clock] removing connection to http://dc5b429f784e:38131/
[rospy.impl.masterslave][INFO] 2019-06-28 14:12:16,911: atexit
[rospy.client][INFO] 2019-06-28 14:12:37,697: init_node, name[/mybot_spawn], pid[8483]
[xmlrpc][INFO] 2019-06-28 14:12:37,698: XML-RPC server binding to 0.0.0.0:0
[xmlrpc][INFO] 2019-06-28 14:12:37,698: Started XML-RPC server [http://dc5b429f784e:37449/]
[rospy.init][INFO] 2019-06-28 14:12:37,699: ROS Slave URI: [http://dc5b429f784e:37449/]
[rospy.impl.masterslave][INFO] 2019-06-28 14:12:37,699: _ready: http://dc5b429f784e:37449/
[rospy.registration][INFO] 2019-06-28 14:12:37,700: Registering with master node http://localhost:11311
[xmlrpc][INFO] 2019-06-28 14:12:37,701: xml rpc node: starting XML-RPC server
[rospy.init][INFO] 2019-06-28 14:12:37,799: registered with master
[rospy.rosout][INFO] 2019-06-28 14:12:37,800: initializing /rosout core topic
[rospy.rosout][INFO] 2019-06-28 14:12:37,802: connected to core topic /rosout
[rospy.simtime][INFO] 2019-06-28 14:12:37,804: initializing /clock core topic
[rospy.simtime][INFO] 2019-06-28 14:12:37,806: connected to core topic /clock
[rosout][INFO] 2019-06-28 14:12:37,809: Loading model XML from ros parameter
[rosout][INFO] 2019-06-28 14:12:37,812: Waiting for service /gazebo/spawn_urdf_model
[rosout][INFO] 2019-06-28 14:12:37,814: Calling service /gazebo/spawn_urdf_model
[rospy.internal][INFO] 2019-06-28 14:12:37,816: topic[/clock] adding connection to [http://dc5b429f784e:46435/], count 0
[rospy.internal][INFO] 2019-06-28 14:12:38,041: topic[/rosout] adding connection to [/rosout], count 0
[rosout][INFO] 2019-06-28 14:12:38,082: Spawn status: SpawnModel: Successfully spawned entity
[rospy.core][INFO] 2019-06-28 14:12:38,082: signal_shutdown [atexit]
[rospy.internal][INFO] 2019-06-28 14:12:38,087: topic[/rosout] removing connection to /rosout
[rospy.internal][INFO] 2019-06-28 14:12:38,087: topic[/clock] removing connection to http://dc5b429f784e:46435/
[rospy.impl.masterslave][INFO] 2019-06-28 14:12:38,088: atexit
