[rosmaster.main][INFO] 2019-06-26 08:54:01,749: initialization complete, waiting for shutdown
[rosmaster.main][INFO] 2019-06-26 08:54:01,749: Starting ROS Master Node
[xmlrpc][INFO] 2019-06-26 08:54:01,751: XML-RPC server binding to 0.0.0.0:11311
[xmlrpc][INFO] 2019-06-26 08:54:01,751: Started XML-RPC server [http://dc5b429f784e:11311/]
[xmlrpc][INFO] 2019-06-26 08:54:01,752: xml rpc node: starting XML-RPC server
[rosmaster.master][INFO] 2019-06-26 08:54:01,752: Master initialized: port[11311], uri[http://dc5b429f784e:11311/]
[rosmaster.master][INFO] 2019-06-26 08:54:01,764: +PARAM [/run_id] by /roslaunch
[rosmaster.master][INFO] 2019-06-26 08:54:01,767: +PARAM [/roslaunch/uris/host_dc5b429f784e__44209] by /roslaunch
[rosmaster.master][INFO] 2019-06-26 08:54:02,445: +PARAM [/rosversion] by /roslaunch
[rosmaster.master][INFO] 2019-06-26 08:54:02,445: +PARAM [/joint_state_publisher/use_gui] by /roslaunch
[rosmaster.master][INFO] 2019-06-26 08:54:02,445: +PARAM [/rosdistro] by /roslaunch
[rosmaster.master][INFO] 2019-06-26 08:54:02,446: +PARAM [/robot_description] by /roslaunch
[rosmaster.master][INFO] 2019-06-26 08:54:02,472: +SERVICE [/rosout/get_loggers] /rosout http://dc5b429f784e:45827/
[rosmaster.master][INFO] 2019-06-26 08:54:02,473: +SERVICE [/rosout/set_logger_level] /rosout http://dc5b429f784e:45827/
[rosmaster.master][INFO] 2019-06-26 08:54:02,476: +PUB [/rosout_agg] /rosout http://dc5b429f784e:45827/
[rosmaster.master][INFO] 2019-06-26 08:54:02,483: +SUB [/rosout] /rosout http://dc5b429f784e:45827/
[rosmaster.master][INFO] 2019-06-26 08:54:03,339: +PUB [/rosout] /robot_state_publisher http://dc5b429f784e:36017/
[rosmaster.master][INFO] 2019-06-26 08:54:03,341: +SERVICE [/robot_state_publisher/get_loggers] /robot_state_publisher http://dc5b429f784e:36017/
[rosmaster.master][INFO] 2019-06-26 08:54:03,344: +SERVICE [/robot_state_publisher/set_logger_level] /robot_state_publisher http://dc5b429f784e:36017/
[rosmaster.master][INFO] 2019-06-26 08:54:03,353: publisherUpdate[/rosout] -> http://dc5b429f784e:45827/ ['http://dc5b429f784e:36017/']
[rosmaster.master][INFO] 2019-06-26 08:54:03,356: publisherUpdate[/rosout] -> http://dc5b429f784e:45827/ ['http://dc5b429f784e:36017/']: sec=0.00, result=[1, '', 0]
[rosmaster.master][INFO] 2019-06-26 08:54:03,387: +PUB [/tf] /robot_state_publisher http://dc5b429f784e:36017/
[rosmaster.master][INFO] 2019-06-26 08:54:03,389: +PUB [/tf_static] /robot_state_publisher http://dc5b429f784e:36017/
[rosmaster.master][INFO] 2019-06-26 08:54:03,405: +SUB [/joint_states] /robot_state_publisher http://dc5b429f784e:36017/
[rosmaster.master][INFO] 2019-06-26 08:54:03,822: +PUB [/rosout] /joint_state_publisher http://dc5b429f784e:46391/
[rosmaster.master][INFO] 2019-06-26 08:54:03,827: +SERVICE [/joint_state_publisher/get_loggers] /joint_state_publisher http://dc5b429f784e:46391/
[rosmaster.master][INFO] 2019-06-26 08:54:03,830: +SERVICE [/joint_state_publisher/set_logger_level] /joint_state_publisher http://dc5b429f784e:46391/
[rosmaster.master][INFO] 2019-06-26 08:54:03,854: publisherUpdate[/rosout] -> http://dc5b429f784e:45827/ ['http://dc5b429f784e:36017/', 'http://dc5b429f784e:46391/']
[rosmaster.master][INFO] 2019-06-26 08:54:03,856: publisherUpdate[/rosout] -> http://dc5b429f784e:45827/ ['http://dc5b429f784e:36017/', 'http://dc5b429f784e:46391/']: sec=0.00, result=[1, '', 0]
[rosmaster.master][INFO] 2019-06-26 08:54:03,902: +PUB [/joint_states] /joint_state_publisher http://dc5b429f784e:46391/
[rosmaster.master][INFO] 2019-06-26 08:54:03,930: +PUB [/rosout] /rviz http://dc5b429f784e:41829/
[rosmaster.master][INFO] 2019-06-26 08:54:03,942: +SERVICE [/rviz/get_loggers] /rviz http://dc5b429f784e:41829/
[rosmaster.master][INFO] 2019-06-26 08:54:03,945: +SERVICE [/rviz/set_logger_level] /rviz http://dc5b429f784e:41829/
[rosmaster.master][INFO] 2019-06-26 08:54:03,955: publisherUpdate[/joint_states] -> http://dc5b429f784e:36017/ ['http://dc5b429f784e:46391/']
[rosmaster.master][INFO] 2019-06-26 08:54:03,956: publisherUpdate[/joint_states] -> http://dc5b429f784e:36017/ ['http://dc5b429f784e:46391/']: sec=0.00, result=[1, '', 0]
[rosmaster.master][INFO] 2019-06-26 08:54:03,957: publisherUpdate[/rosout] -> http://dc5b429f784e:45827/ ['http://dc5b429f784e:36017/', 'http://dc5b429f784e:46391/', 'http://dc5b429f784e:41829/']
[rosmaster.master][INFO] 2019-06-26 08:54:03,958: publisherUpdate[/rosout] -> http://dc5b429f784e:45827/ ['http://dc5b429f784e:36017/', 'http://dc5b429f784e:46391/', 'http://dc5b429f784e:41829/']: sec=0.00, result=[1, '', 0]
[rosmaster.master][INFO] 2019-06-26 08:54:04,283: +SUB [/tf] /rviz http://dc5b429f784e:41829/
[rosmaster.master][INFO] 2019-06-26 08:54:04,292: +SUB [/tf_static] /rviz http://dc5b429f784e:41829/
[rosmaster.master][INFO] 2019-06-26 08:54:04,351: +PUB [/initialpose] /rviz http://dc5b429f784e:41829/
[rosmaster.master][INFO] 2019-06-26 08:54:04,353: +PUB [/goal] /rviz http://dc5b429f784e:41829/
[rosmaster.master][INFO] 2019-06-26 08:54:04,359: -PUB [/goal] /rviz http://dc5b429f784e:41829/
[rosmaster.master][INFO] 2019-06-26 08:54:04,362: -PUB [/initialpose] /rviz http://dc5b429f784e:41829/
[rosmaster.master][INFO] 2019-06-26 08:54:04,367: +PUB [/initialpose] /rviz http://dc5b429f784e:41829/
[rosmaster.master][INFO] 2019-06-26 08:54:04,368: +PUB [/goal] /rviz http://dc5b429f784e:41829/
[rosmaster.master][INFO] 2019-06-26 08:54:04,370: +PUB [/move_base_simple/goal] /rviz http://dc5b429f784e:41829/
[rosmaster.master][INFO] 2019-06-26 08:54:04,372: -PUB [/goal] /rviz http://dc5b429f784e:41829/
[rosmaster.master][INFO] 2019-06-26 08:54:04,374: +PUB [/clicked_point] /rviz http://dc5b429f784e:41829/
[rosmaster.master][INFO] 2019-06-26 08:54:04,416: +SERVICE [/rviz/reload_shaders] /rviz http://dc5b429f784e:41829/
[rosmaster.master][INFO] 2019-06-26 08:55:50,063: -SUB [/gazebo/set_link_state] /gazebo http://dc5b429f784e:37067/
[rosmaster.master][INFO] 2019-06-26 08:55:50,064: -SUB [/gazebo/set_model_state] /gazebo http://dc5b429f784e:37067/
[rosmaster.master][INFO] 2019-06-26 08:55:50,065: -PUB [/clock] /gazebo http://dc5b429f784e:37067/
[rosmaster.master][INFO] 2019-06-26 08:55:50,067: -PUB [/gazebo/link_states] /gazebo http://dc5b429f784e:37067/
[rosmaster.master][INFO] 2019-06-26 08:55:50,068: -PUB [/gazebo/model_states] /gazebo http://dc5b429f784e:37067/
[rosmaster.master][INFO] 2019-06-26 08:55:50,069: -SERVICE [/gazebo/spawn_sdf_model] /gazebo rosrpc://dc5b429f784e:41937
[rosmaster.master][INFO] 2019-06-26 08:55:50,070: -SERVICE [/gazebo/spawn_urdf_model] /gazebo rosrpc://dc5b429f784e:41937
[rosmaster.master][INFO] 2019-06-26 08:55:50,072: -SERVICE [/gazebo/delete_model] /gazebo rosrpc://dc5b429f784e:41937
[rosmaster.master][INFO] 2019-06-26 08:55:50,073: -SERVICE [/gazebo/delete_light] /gazebo rosrpc://dc5b429f784e:41937
[rosmaster.master][INFO] 2019-06-26 08:55:50,074: -SERVICE [/gazebo/get_model_properties] /gazebo rosrpc://dc5b429f784e:41937
[rosmaster.master][INFO] 2019-06-26 08:55:50,076: -SERVICE [/gazebo/get_model_state] /gazebo rosrpc://dc5b429f784e:41937
[rosmaster.master][INFO] 2019-06-26 08:55:50,077: -SERVICE [/gazebo/get_world_properties] /gazebo rosrpc://dc5b429f784e:41937
[rosmaster.master][INFO] 2019-06-26 08:55:50,079: -SERVICE [/gazebo/get_joint_properties] /gazebo rosrpc://dc5b429f784e:41937
[rosmaster.master][INFO] 2019-06-26 08:55:50,081: -SERVICE [/gazebo/get_link_properties] /gazebo rosrpc://dc5b429f784e:41937
[rosmaster.master][INFO] 2019-06-26 08:55:50,083: -SERVICE [/gazebo/get_link_state] /gazebo rosrpc://dc5b429f784e:41937
[rosmaster.master][INFO] 2019-06-26 08:55:50,085: -SERVICE [/gazebo/get_light_properties] /gazebo rosrpc://dc5b429f784e:41937
[rosmaster.master][INFO] 2019-06-26 08:55:50,086: -SERVICE [/gazebo/set_light_properties] /gazebo rosrpc://dc5b429f784e:41937
[rosmaster.master][INFO] 2019-06-26 08:55:50,088: -SERVICE [/gazebo/get_physics_properties] /gazebo rosrpc://dc5b429f784e:41937
[rosmaster.master][INFO] 2019-06-26 08:55:50,089: -SERVICE [/gazebo/set_link_properties] /gazebo rosrpc://dc5b429f784e:41937
[rosmaster.master][INFO] 2019-06-26 08:55:50,091: -SERVICE [/gazebo/set_physics_properties] /gazebo rosrpc://dc5b429f784e:41937
[rosmaster.master][INFO] 2019-06-26 08:55:50,092: -SERVICE [/gazebo/set_model_state] /gazebo rosrpc://dc5b429f784e:41937
[rosmaster.master][INFO] 2019-06-26 08:55:50,093: -SERVICE [/gazebo/set_model_configuration] /gazebo rosrpc://dc5b429f784e:41937
[rosmaster.master][INFO] 2019-06-26 08:55:50,095: -SERVICE [/gazebo/set_joint_properties] /gazebo rosrpc://dc5b429f784e:41937
[rosmaster.master][INFO] 2019-06-26 08:55:50,097: -SERVICE [/gazebo/set_link_state] /gazebo rosrpc://dc5b429f784e:41937
[rosmaster.master][INFO] 2019-06-26 08:55:50,098: -SERVICE [/gazebo/pause_physics] /gazebo rosrpc://dc5b429f784e:41937
[rosmaster.master][INFO] 2019-06-26 08:55:50,100: -SERVICE [/gazebo/unpause_physics] /gazebo rosrpc://dc5b429f784e:41937
[rosmaster.master][INFO] 2019-06-26 08:55:50,101: -SERVICE [/gazebo/apply_body_wrench] /gazebo rosrpc://dc5b429f784e:41937
[rosmaster.master][INFO] 2019-06-26 08:55:50,103: -SERVICE [/gazebo/apply_joint_effort] /gazebo rosrpc://dc5b429f784e:41937
[rosmaster.master][INFO] 2019-06-26 08:55:50,104: -SERVICE [/gazebo/clear_joint_forces] /gazebo rosrpc://dc5b429f784e:41937
[rosmaster.master][INFO] 2019-06-26 08:55:50,105: -SERVICE [/gazebo/clear_body_wrenches] /gazebo rosrpc://dc5b429f784e:41937
[rosmaster.master][INFO] 2019-06-26 08:55:50,107: -SERVICE [/gazebo/reset_simulation] /gazebo rosrpc://dc5b429f784e:41937
[rosmaster.master][INFO] 2019-06-26 08:55:50,108: -SERVICE [/gazebo/reset_world] /gazebo rosrpc://dc5b429f784e:41937
[rosmaster.master][INFO] 2019-06-26 08:55:50,111: -PUB [/gazebo/parameter_descriptions] /gazebo http://dc5b429f784e:37067/
[rosmaster.master][INFO] 2019-06-26 08:55:50,112: -PUB [/gazebo/parameter_updates] /gazebo http://dc5b429f784e:37067/
[rosmaster.master][INFO] 2019-06-26 08:55:50,114: -SERVICE [/gazebo/set_parameters] /gazebo rosrpc://dc5b429f784e:41937
[rosmaster.master][INFO] 2019-06-26 08:56:05,631: -PUB [/joint_states] /gazebo http://dc5b429f784e:37067/
[rosmaster.master][INFO] 2019-06-26 08:56:13,163: +PARAM [/roslaunch/uris/host_dc5b429f784e__33191] by /roslaunch
[rosmaster.master][INFO] 2019-06-26 08:56:13,166: +PARAM [/rosversion] by /roslaunch
[rosmaster.master][INFO] 2019-06-26 08:56:13,166: +PARAM [/use_sim_time] by /roslaunch
[rosmaster.master][INFO] 2019-06-26 08:56:13,166: +PARAM [/rosdistro] by /roslaunch
[rosmaster.master][INFO] 2019-06-26 08:56:13,166: +PARAM [/robot_description] by /roslaunch
[rosmaster.master][INFO] 2019-06-26 08:56:14,201: +PUB [/rosout] /gazebo http://dc5b429f784e:45645/
[rosmaster.master][INFO] 2019-06-26 08:56:14,202: +SERVICE [/gazebo/get_loggers] /gazebo http://dc5b429f784e:45645/
[rosmaster.master][INFO] 2019-06-26 08:56:14,203: +SERVICE [/gazebo/set_logger_level] /gazebo http://dc5b429f784e:45645/
[rosmaster.master][INFO] 2019-06-26 08:56:14,210: +SUB [/clock] /gazebo http://dc5b429f784e:45645/
[rosmaster.master][INFO] 2019-06-26 08:56:14,227: publisherUpdate[/rosout] -> http://dc5b429f784e:45827/ ['http://dc5b429f784e:36017/', 'http://dc5b429f784e:46391/', 'http://dc5b429f784e:41829/', 'http://dc5b429f784e:45645/']
[rosmaster.master][INFO] 2019-06-26 08:56:14,228: publisherUpdate[/rosout] -> http://dc5b429f784e:45827/ ['http://dc5b429f784e:36017/', 'http://dc5b429f784e:46391/', 'http://dc5b429f784e:41829/', 'http://dc5b429f784e:45645/']: sec=0.00, result=[1, '', 0]
[rosmaster.master][INFO] 2019-06-26 08:56:14,496: +PUB [/clock] /gazebo http://dc5b429f784e:45645/
[rosmaster.master][INFO] 2019-06-26 08:56:14,497: +SERVICE [/gazebo/spawn_sdf_model] /gazebo http://dc5b429f784e:45645/
[rosmaster.master][INFO] 2019-06-26 08:56:14,498: +SERVICE [/gazebo/spawn_urdf_model] /gazebo http://dc5b429f784e:45645/
[rosmaster.master][INFO] 2019-06-26 08:56:14,499: +SERVICE [/gazebo/delete_model] /gazebo http://dc5b429f784e:45645/
[rosmaster.master][INFO] 2019-06-26 08:56:14,501: +SERVICE [/gazebo/delete_light] /gazebo http://dc5b429f784e:45645/
[rosmaster.master][INFO] 2019-06-26 08:56:14,501: +SERVICE [/gazebo/get_model_properties] /gazebo http://dc5b429f784e:45645/
[rosmaster.master][INFO] 2019-06-26 08:56:14,503: +SERVICE [/gazebo/get_model_state] /gazebo http://dc5b429f784e:45645/
[rosmaster.master][INFO] 2019-06-26 08:56:14,504: +SERVICE [/gazebo/get_world_properties] /gazebo http://dc5b429f784e:45645/
[rosmaster.master][INFO] 2019-06-26 08:56:14,505: +SERVICE [/gazebo/get_joint_properties] /gazebo http://dc5b429f784e:45645/
[rosmaster.master][INFO] 2019-06-26 08:56:14,507: +SERVICE [/gazebo/get_link_properties] /gazebo http://dc5b429f784e:45645/
[rosmaster.master][INFO] 2019-06-26 08:56:14,508: +SERVICE [/gazebo/get_link_state] /gazebo http://dc5b429f784e:45645/
[rosmaster.master][INFO] 2019-06-26 08:56:14,509: +SERVICE [/gazebo/get_light_properties] /gazebo http://dc5b429f784e:45645/
[rosmaster.master][INFO] 2019-06-26 08:56:14,511: +SERVICE [/gazebo/set_light_properties] /gazebo http://dc5b429f784e:45645/
[rosmaster.master][INFO] 2019-06-26 08:56:14,512: +SERVICE [/gazebo/get_physics_properties] /gazebo http://dc5b429f784e:45645/
[rosmaster.master][INFO] 2019-06-26 08:56:14,513: +PUB [/gazebo/link_states] /gazebo http://dc5b429f784e:45645/
[rosmaster.master][INFO] 2019-06-26 08:56:14,514: +PUB [/gazebo/model_states] /gazebo http://dc5b429f784e:45645/
[rosmaster.master][INFO] 2019-06-26 08:56:14,516: +SERVICE [/gazebo/set_link_properties] /gazebo http://dc5b429f784e:45645/
[rosmaster.master][INFO] 2019-06-26 08:56:14,517: +SERVICE [/gazebo/set_physics_properties] /gazebo http://dc5b429f784e:45645/
[rosmaster.master][INFO] 2019-06-26 08:56:14,518: +SERVICE [/gazebo/set_model_state] /gazebo http://dc5b429f784e:45645/
[rosmaster.master][INFO] 2019-06-26 08:56:14,519: +SERVICE [/gazebo/set_model_configuration] /gazebo http://dc5b429f784e:45645/
[rosmaster.master][INFO] 2019-06-26 08:56:14,520: +SERVICE [/gazebo/set_joint_properties] /gazebo http://dc5b429f784e:45645/
[rosmaster.master][INFO] 2019-06-26 08:56:14,521: +SERVICE [/gazebo/set_link_state] /gazebo http://dc5b429f784e:45645/
[rosmaster.master][INFO] 2019-06-26 08:56:14,526: +SUB [/gazebo/set_link_state] /gazebo http://dc5b429f784e:45645/
[rosmaster.master][INFO] 2019-06-26 08:56:14,529: publisherUpdate[/clock] -> http://dc5b429f784e:45645/ ['http://dc5b429f784e:45645/']
[rosmaster.master][INFO] 2019-06-26 08:56:14,532: +SUB [/gazebo/set_model_state] /gazebo http://dc5b429f784e:45645/
[rosmaster.master][INFO] 2019-06-26 08:56:14,533: +SERVICE [/gazebo/pause_physics] /gazebo http://dc5b429f784e:45645/
[rosmaster.master][INFO] 2019-06-26 08:56:14,533: publisherUpdate[/clock] -> http://dc5b429f784e:45645/ ['http://dc5b429f784e:45645/']: sec=0.00, result=[1, '', 0]
[rosmaster.master][INFO] 2019-06-26 08:56:14,534: +SERVICE [/gazebo/unpause_physics] /gazebo http://dc5b429f784e:45645/
[rosmaster.master][INFO] 2019-06-26 08:56:14,535: +SERVICE [/gazebo/apply_body_wrench] /gazebo http://dc5b429f784e:45645/
[rosmaster.master][INFO] 2019-06-26 08:56:14,536: +SERVICE [/gazebo/apply_joint_effort] /gazebo http://dc5b429f784e:45645/
[rosmaster.master][INFO] 2019-06-26 08:56:14,537: +SERVICE [/gazebo/clear_joint_forces] /gazebo http://dc5b429f784e:45645/
[rosmaster.master][INFO] 2019-06-26 08:56:14,538: +SERVICE [/gazebo/clear_body_wrenches] /gazebo http://dc5b429f784e:45645/
[rosmaster.master][INFO] 2019-06-26 08:56:14,539: +SERVICE [/gazebo/reset_simulation] /gazebo http://dc5b429f784e:45645/
[rosmaster.master][INFO] 2019-06-26 08:56:14,540: +SERVICE [/gazebo/reset_world] /gazebo http://dc5b429f784e:45645/
[rosmaster.master][INFO] 2019-06-26 08:56:14,572: +SERVICE [/gazebo/set_parameters] /gazebo http://dc5b429f784e:45645/
[rosmaster.master][INFO] 2019-06-26 08:56:14,573: +PUB [/gazebo/parameter_descriptions] /gazebo http://dc5b429f784e:45645/
[rosmaster.master][INFO] 2019-06-26 08:56:14,575: +PUB [/gazebo/parameter_updates] /gazebo http://dc5b429f784e:45645/
[rosmaster.master][INFO] 2019-06-26 08:56:14,589: +PARAM [/gazebo/time_step] by /gazebo
[rosmaster.master][INFO] 2019-06-26 08:56:14,590: +PARAM [/gazebo/max_update_rate] by /gazebo
[rosmaster.master][INFO] 2019-06-26 08:56:14,591: +PARAM [/gazebo/gravity_x] by /gazebo
[rosmaster.master][INFO] 2019-06-26 08:56:14,592: +PARAM [/gazebo/gravity_y] by /gazebo
[rosmaster.master][INFO] 2019-06-26 08:56:14,593: +PARAM [/gazebo/gravity_z] by /gazebo
[rosmaster.master][INFO] 2019-06-26 08:56:14,594: +PARAM [/gazebo/auto_disable_bodies] by /gazebo
[rosmaster.master][INFO] 2019-06-26 08:56:14,595: +PARAM [/gazebo/sor_pgs_precon_iters] by /gazebo
[rosmaster.master][INFO] 2019-06-26 08:56:14,596: +PARAM [/gazebo/sor_pgs_iters] by /gazebo
[rosmaster.master][INFO] 2019-06-26 08:56:14,597: +PARAM [/gazebo/sor_pgs_w] by /gazebo
[rosmaster.master][INFO] 2019-06-26 08:56:14,598: +PARAM [/gazebo/sor_pgs_rms_error_tol] by /gazebo
[rosmaster.master][INFO] 2019-06-26 08:56:14,599: +PARAM [/gazebo/cfm] by /gazebo
[rosmaster.master][INFO] 2019-06-26 08:56:14,600: +PARAM [/gazebo/erp] by /gazebo
[rosmaster.master][INFO] 2019-06-26 08:56:14,601: +PARAM [/gazebo/contact_surface_layer] by /gazebo
[rosmaster.master][INFO] 2019-06-26 08:56:14,602: +PARAM [/gazebo/contact_max_correcting_vel] by /gazebo
[rosmaster.master][INFO] 2019-06-26 08:56:14,603: +PARAM [/gazebo/max_contacts] by /gazebo
[rosmaster.master][INFO] 2019-06-26 08:56:14,606: +PARAM [/gazebo/time_step] by /gazebo
[rosmaster.master][INFO] 2019-06-26 08:56:14,607: +PARAM [/gazebo/max_update_rate] by /gazebo
[rosmaster.master][INFO] 2019-06-26 08:56:14,608: +PARAM [/gazebo/gravity_x] by /gazebo
[rosmaster.master][INFO] 2019-06-26 08:56:14,609: +PARAM [/gazebo/gravity_y] by /gazebo
[rosmaster.master][INFO] 2019-06-26 08:56:14,610: +PARAM [/gazebo/gravity_z] by /gazebo
[rosmaster.master][INFO] 2019-06-26 08:56:14,611: +PARAM [/gazebo/auto_disable_bodies] by /gazebo
[rosmaster.master][INFO] 2019-06-26 08:56:14,612: +PARAM [/gazebo/sor_pgs_precon_iters] by /gazebo
[rosmaster.master][INFO] 2019-06-26 08:56:14,613: +PARAM [/gazebo/sor_pgs_iters] by /gazebo
[rosmaster.master][INFO] 2019-06-26 08:56:14,614: +PARAM [/gazebo/sor_pgs_w] by /gazebo
[rosmaster.master][INFO] 2019-06-26 08:56:14,615: +PARAM [/gazebo/sor_pgs_rms_error_tol] by /gazebo
[rosmaster.master][INFO] 2019-06-26 08:56:14,616: +PARAM [/gazebo/cfm] by /gazebo
[rosmaster.master][INFO] 2019-06-26 08:56:14,617: +PARAM [/gazebo/erp] by /gazebo
[rosmaster.master][INFO] 2019-06-26 08:56:14,618: +PARAM [/gazebo/contact_surface_layer] by /gazebo
[rosmaster.master][INFO] 2019-06-26 08:56:14,619: +PARAM [/gazebo/contact_max_correcting_vel] by /gazebo
[rosmaster.master][INFO] 2019-06-26 08:56:14,620: +PARAM [/gazebo/max_contacts] by /gazebo
[rosmaster.master][INFO] 2019-06-26 08:56:15,139: +PUB [/rosout] /mybot_spawn http://dc5b429f784e:40081/
[rosmaster.master][INFO] 2019-06-26 08:56:15,143: +SUB [/clock] /mybot_spawn http://dc5b429f784e:40081/
[rosmaster.master][INFO] 2019-06-26 08:56:15,144: publisherUpdate[/rosout] -> http://dc5b429f784e:45827/ ['http://dc5b429f784e:36017/', 'http://dc5b429f784e:46391/', 'http://dc5b429f784e:41829/', 'http://dc5b429f784e:45645/', 'http://dc5b429f784e:40081/']
[rosmaster.master][INFO] 2019-06-26 08:56:15,144: publisherUpdate[/rosout] -> http://dc5b429f784e:45827/ ['http://dc5b429f784e:36017/', 'http://dc5b429f784e:46391/', 'http://dc5b429f784e:41829/', 'http://dc5b429f784e:45645/', 'http://dc5b429f784e:40081/']: sec=0.00, result=[1, '', 0]
[rosmaster.master][INFO] 2019-06-26 08:56:15,145: +SERVICE [/mybot_spawn/get_loggers] /mybot_spawn http://dc5b429f784e:40081/
[rosmaster.master][INFO] 2019-06-26 08:56:15,146: +SERVICE [/mybot_spawn/set_logger_level] /mybot_spawn http://dc5b429f784e:40081/
[rosmaster.master][INFO] 2019-06-26 08:56:15,466: -SUB [/clock] /mybot_spawn http://dc5b429f784e:40081/
[rosmaster.master][INFO] 2019-06-26 08:56:15,466: -PUB [/rosout] /mybot_spawn http://dc5b429f784e:40081/
[rosmaster.master][INFO] 2019-06-26 08:56:15,467: -SERVICE [/mybot_spawn/set_logger_level] /mybot_spawn rosrpc://dc5b429f784e:35619
[rosmaster.master][INFO] 2019-06-26 08:56:15,467: -SERVICE [/mybot_spawn/get_loggers] /mybot_spawn rosrpc://dc5b429f784e:35619
[rosmaster.master][ERROR] 2019-06-26 08:56:15,478: Traceback (most recent call last):
  File "/opt/ros/kinetic/lib/python2.7/dist-packages/rosmaster/master_api.py", line 177, in validated_f
    code, msg, val = f(*newArgs, **kwds)
  File "/opt/ros/kinetic/lib/python2.7/dist-packages/rosmaster/master_api.py", line 435, in searchParam
    search_key = self.param_server.search_param(caller_id, key)
  File "/opt/ros/kinetic/lib/python2.7/dist-packages/rosmaster/paramserver.py", line 116, in search_param
    raise ValueError("namespace must be global")
ValueError: namespace must be global

[rosmaster.master][INFO] 2019-06-26 08:56:15,479: +PUB [/m2wr/laser/scan] /gazebo http://dc5b429f784e:45645/
[rosmaster.master][INFO] 2019-06-26 08:56:15,536: publisherUpdate[/rosout] -> http://dc5b429f784e:45827/ ['http://dc5b429f784e:36017/', 'http://dc5b429f784e:46391/', 'http://dc5b429f784e:41829/', 'http://dc5b429f784e:45645/']
[rosmaster.master][INFO] 2019-06-26 08:56:15,536: publisherUpdate[/rosout] -> http://dc5b429f784e:45827/ ['http://dc5b429f784e:36017/', 'http://dc5b429f784e:46391/', 'http://dc5b429f784e:41829/', 'http://dc5b429f784e:45645/']: sec=0.00, result=[1, '', 0]
[rosmaster.master][ERROR] 2019-06-26 08:56:15,570: Traceback (most recent call last):
  File "/opt/ros/kinetic/lib/python2.7/dist-packages/rosmaster/master_api.py", line 177, in validated_f
    code, msg, val = f(*newArgs, **kwds)
  File "/opt/ros/kinetic/lib/python2.7/dist-packages/rosmaster/master_api.py", line 435, in searchParam
    search_key = self.param_server.search_param(caller_id, key)
  File "/opt/ros/kinetic/lib/python2.7/dist-packages/rosmaster/paramserver.py", line 116, in search_param
    raise ValueError("namespace must be global")
ValueError: namespace must be global

[rosmaster.master][INFO] 2019-06-26 08:56:15,571: +PUB [/joint_states] /gazebo http://dc5b429f784e:45645/
[rosmaster.master][INFO] 2019-06-26 08:56:15,572: +PUB [/tf] /gazebo http://dc5b429f784e:45645/
[rosmaster.master][INFO] 2019-06-26 08:56:15,578: +SUB [/cmd_vel] /gazebo http://dc5b429f784e:45645/
[rosmaster.master][INFO] 2019-06-26 08:56:15,579: +PUB [/odom] /gazebo http://dc5b429f784e:45645/
[rosmaster.master][INFO] 2019-06-26 08:56:15,637: publisherUpdate[/joint_states] -> http://dc5b429f784e:36017/ ['http://dc5b429f784e:46391/', 'http://dc5b429f784e:45645/']
[rosmaster.master][INFO] 2019-06-26 08:56:15,638: publisherUpdate[/joint_states] -> http://dc5b429f784e:36017/ ['http://dc5b429f784e:46391/', 'http://dc5b429f784e:45645/']: sec=0.00, result=[1, '', 0]
[rosmaster.master][INFO] 2019-06-26 08:56:15,638: publisherUpdate[/tf] -> http://dc5b429f784e:41829/ ['http://dc5b429f784e:36017/', 'http://dc5b429f784e:45645/']
[rosmaster.master][INFO] 2019-06-26 08:56:15,639: publisherUpdate[/tf] -> http://dc5b429f784e:41829/ ['http://dc5b429f784e:36017/', 'http://dc5b429f784e:45645/']: sec=0.00, result=[1, '', 0]
[rosmaster.master][INFO] 2019-06-26 08:56:59,303: +SUB [/m2wr/laser/scan] /rviz http://dc5b429f784e:41829/
[rosmaster.master][INFO] 2019-06-26 09:08:21,795: +PUB [/rosout] /teleop_turtle http://dc5b429f784e:41255/
[rosmaster.master][INFO] 2019-06-26 09:08:21,797: +SERVICE [/teleop_turtle/get_loggers] /teleop_turtle http://dc5b429f784e:41255/
[rosmaster.master][INFO] 2019-06-26 09:08:21,806: +SERVICE [/teleop_turtle/set_logger_level] /teleop_turtle http://dc5b429f784e:41255/
[rosmaster.master][INFO] 2019-06-26 09:08:21,825: +SUB [/clock] /teleop_turtle http://dc5b429f784e:41255/
[rosmaster.master][INFO] 2019-06-26 09:08:21,829: +PUB [/cdm_vel] /teleop_turtle http://dc5b429f784e:41255/
[rosmaster.master][INFO] 2019-06-26 09:08:21,834: publisherUpdate[/rosout] -> http://dc5b429f784e:45827/ ['http://dc5b429f784e:36017/', 'http://dc5b429f784e:46391/', 'http://dc5b429f784e:41829/', 'http://dc5b429f784e:45645/', 'http://dc5b429f784e:41255/']
[rosmaster.master][INFO] 2019-06-26 09:08:21,835: publisherUpdate[/rosout] -> http://dc5b429f784e:45827/ ['http://dc5b429f784e:36017/', 'http://dc5b429f784e:46391/', 'http://dc5b429f784e:41829/', 'http://dc5b429f784e:45645/', 'http://dc5b429f784e:41255/']: sec=0.00, result=[1, '', 0]
[rosmaster.master][INFO] 2019-06-26 09:08:42,768: -SUB [/gazebo/set_link_state] /gazebo http://dc5b429f784e:45645/
[rosmaster.master][INFO] 2019-06-26 09:08:42,769: -SUB [/gazebo/set_model_state] /gazebo http://dc5b429f784e:45645/
[rosmaster.master][INFO] 2019-06-26 09:08:42,771: -PUB [/clock] /gazebo http://dc5b429f784e:45645/
[rosmaster.master][INFO] 2019-06-26 09:08:42,772: -PUB [/gazebo/link_states] /gazebo http://dc5b429f784e:45645/
[rosmaster.master][INFO] 2019-06-26 09:08:42,773: -PUB [/gazebo/model_states] /gazebo http://dc5b429f784e:45645/
[rosmaster.master][INFO] 2019-06-26 09:08:42,775: -SERVICE [/gazebo/spawn_sdf_model] /gazebo rosrpc://dc5b429f784e:44761
[rosmaster.master][INFO] 2019-06-26 09:08:42,776: -SERVICE [/gazebo/spawn_urdf_model] /gazebo rosrpc://dc5b429f784e:44761
[rosmaster.master][INFO] 2019-06-26 09:08:42,776: publisherUpdate[/clock] -> http://dc5b429f784e:45645/ []
[rosmaster.master][INFO] 2019-06-26 09:08:42,777: publisherUpdate[/clock] -> http://dc5b429f784e:45645/ []: sec=0.00, result=[1, '', 0]
[rosmaster.master][INFO] 2019-06-26 09:08:42,778: publisherUpdate[/clock] -> http://dc5b429f784e:41255/ []
[rosmaster.master][INFO] 2019-06-26 09:08:42,779: -SERVICE [/gazebo/delete_model] /gazebo rosrpc://dc5b429f784e:44761
[rosmaster.master][INFO] 2019-06-26 09:08:42,781: publisherUpdate[/clock] -> http://dc5b429f784e:41255/ []: sec=0.00, result=[1, '', 0]
[rosmaster.master][INFO] 2019-06-26 09:08:42,781: -SERVICE [/gazebo/delete_light] /gazebo rosrpc://dc5b429f784e:44761
[rosmaster.master][INFO] 2019-06-26 09:08:42,786: -SERVICE [/gazebo/get_model_properties] /gazebo rosrpc://dc5b429f784e:44761
[rosmaster.master][INFO] 2019-06-26 09:08:42,787: -SERVICE [/gazebo/get_model_state] /gazebo rosrpc://dc5b429f784e:44761
[rosmaster.master][INFO] 2019-06-26 09:08:42,789: -SERVICE [/gazebo/get_world_properties] /gazebo rosrpc://dc5b429f784e:44761
[rosmaster.master][INFO] 2019-06-26 09:08:42,790: -SERVICE [/gazebo/get_joint_properties] /gazebo rosrpc://dc5b429f784e:44761
[rosmaster.master][INFO] 2019-06-26 09:08:42,791: -SERVICE [/gazebo/get_link_properties] /gazebo rosrpc://dc5b429f784e:44761
[rosmaster.master][INFO] 2019-06-26 09:08:42,792: -SERVICE [/gazebo/get_link_state] /gazebo rosrpc://dc5b429f784e:44761
[rosmaster.master][INFO] 2019-06-26 09:08:42,794: -SERVICE [/gazebo/get_light_properties] /gazebo rosrpc://dc5b429f784e:44761
[rosmaster.master][INFO] 2019-06-26 09:08:42,795: -SERVICE [/gazebo/set_light_properties] /gazebo rosrpc://dc5b429f784e:44761
[rosmaster.master][INFO] 2019-06-26 09:08:42,796: -SERVICE [/gazebo/get_physics_properties] /gazebo rosrpc://dc5b429f784e:44761
[rosmaster.master][INFO] 2019-06-26 09:08:42,798: -SERVICE [/gazebo/set_link_properties] /gazebo rosrpc://dc5b429f784e:44761
[rosmaster.master][INFO] 2019-06-26 09:08:42,799: -SERVICE [/gazebo/set_physics_properties] /gazebo rosrpc://dc5b429f784e:44761
[rosmaster.master][INFO] 2019-06-26 09:08:42,800: -SERVICE [/gazebo/set_model_state] /gazebo rosrpc://dc5b429f784e:44761
[rosmaster.master][INFO] 2019-06-26 09:08:42,802: -SERVICE [/gazebo/set_model_configuration] /gazebo rosrpc://dc5b429f784e:44761
[rosmaster.master][INFO] 2019-06-26 09:08:42,803: -SERVICE [/gazebo/set_joint_properties] /gazebo rosrpc://dc5b429f784e:44761
[rosmaster.master][INFO] 2019-06-26 09:08:42,805: -SERVICE [/gazebo/set_link_state] /gazebo rosrpc://dc5b429f784e:44761
[rosmaster.master][INFO] 2019-06-26 09:08:42,806: -SERVICE [/gazebo/pause_physics] /gazebo rosrpc://dc5b429f784e:44761
[rosmaster.master][INFO] 2019-06-26 09:08:42,807: -SERVICE [/gazebo/unpause_physics] /gazebo rosrpc://dc5b429f784e:44761
[rosmaster.master][INFO] 2019-06-26 09:08:42,808: -SERVICE [/gazebo/apply_body_wrench] /gazebo rosrpc://dc5b429f784e:44761
[rosmaster.master][INFO] 2019-06-26 09:08:42,810: -SERVICE [/gazebo/apply_joint_effort] /gazebo rosrpc://dc5b429f784e:44761
[rosmaster.master][INFO] 2019-06-26 09:08:42,811: -SERVICE [/gazebo/clear_joint_forces] /gazebo rosrpc://dc5b429f784e:44761
[rosmaster.master][INFO] 2019-06-26 09:08:42,812: -SERVICE [/gazebo/clear_body_wrenches] /gazebo rosrpc://dc5b429f784e:44761
[rosmaster.master][INFO] 2019-06-26 09:08:42,814: -SERVICE [/gazebo/reset_simulation] /gazebo rosrpc://dc5b429f784e:44761
[rosmaster.master][INFO] 2019-06-26 09:08:42,815: -SERVICE [/gazebo/reset_world] /gazebo rosrpc://dc5b429f784e:44761
[rosmaster.master][INFO] 2019-06-26 09:08:42,818: -PUB [/gazebo/parameter_descriptions] /gazebo http://dc5b429f784e:45645/
[rosmaster.master][INFO] 2019-06-26 09:08:42,819: -PUB [/gazebo/parameter_updates] /gazebo http://dc5b429f784e:45645/
[rosmaster.master][INFO] 2019-06-26 09:08:42,821: -SERVICE [/gazebo/set_parameters] /gazebo rosrpc://dc5b429f784e:44761
[rosmaster.master][INFO] 2019-06-26 09:08:46,489: -PUB [/rosout] /teleop_turtle http://dc5b429f784e:41255/
[rosmaster.master][INFO] 2019-06-26 09:08:46,490: publisherUpdate[/rosout] -> http://dc5b429f784e:45827/ ['http://dc5b429f784e:36017/', 'http://dc5b429f784e:46391/', 'http://dc5b429f784e:41829/', 'http://dc5b429f784e:45645/']
[rosmaster.master][INFO] 2019-06-26 09:08:46,490: publisherUpdate[/rosout] -> http://dc5b429f784e:45827/ ['http://dc5b429f784e:36017/', 'http://dc5b429f784e:46391/', 'http://dc5b429f784e:41829/', 'http://dc5b429f784e:45645/']: sec=0.00, result=[1, '', 0]
[rosmaster.master][INFO] 2019-06-26 09:08:46,491: -PUB [/cdm_vel] /teleop_turtle http://dc5b429f784e:41255/
[rosmaster.master][INFO] 2019-06-26 09:08:46,493: -SUB [/clock] /teleop_turtle http://dc5b429f784e:41255/
[rosmaster.master][INFO] 2019-06-26 09:08:46,494: -SERVICE [/teleop_turtle/get_loggers] /teleop_turtle rosrpc://dc5b429f784e:43119
[rosmaster.master][INFO] 2019-06-26 09:08:46,495: -SERVICE [/teleop_turtle/set_logger_level] /teleop_turtle rosrpc://dc5b429f784e:43119
[rosmaster.master][INFO] 2019-06-26 09:09:02,755: +PARAM [/roslaunch/uris/host_dc5b429f784e__33759] by /roslaunch
[rosmaster.master][INFO] 2019-06-26 09:09:02,759: +PARAM [/rosversion] by /roslaunch
[rosmaster.master][INFO] 2019-06-26 09:09:02,759: +PARAM [/use_sim_time] by /roslaunch
[rosmaster.master][INFO] 2019-06-26 09:09:02,759: +PARAM [/rosdistro] by /roslaunch
[rosmaster.master][INFO] 2019-06-26 09:09:02,759: +PARAM [/robot_description] by /roslaunch
[rosmaster.master][INFO] 2019-06-26 09:09:03,898: +PUB [/rosout] /gazebo http://dc5b429f784e:42633/
[rosmaster.master][INFO] 2019-06-26 09:09:03,899: +SERVICE [/gazebo/get_loggers] /gazebo http://dc5b429f784e:42633/
[rosmaster.master][INFO] 2019-06-26 09:09:03,900: +SERVICE [/gazebo/set_logger_level] /gazebo http://dc5b429f784e:42633/
[rosmaster.master][INFO] 2019-06-26 09:09:03,902: publisherUpdate[/rosout] -> http://dc5b429f784e:45827/ ['http://dc5b429f784e:36017/', 'http://dc5b429f784e:46391/', 'http://dc5b429f784e:41829/', 'http://dc5b429f784e:42633/']
[rosmaster.master][INFO] 2019-06-26 09:09:03,903: publisherUpdate[/rosout] -> http://dc5b429f784e:45827/ ['http://dc5b429f784e:36017/', 'http://dc5b429f784e:46391/', 'http://dc5b429f784e:41829/', 'http://dc5b429f784e:42633/']: sec=0.00, result=[1, '', 0]
[rosmaster.master][INFO] 2019-06-26 09:09:03,909: +SUB [/clock] /gazebo http://dc5b429f784e:42633/
[rosmaster.master][INFO] 2019-06-26 09:09:04,195: +PUB [/clock] /gazebo http://dc5b429f784e:42633/
[rosmaster.master][INFO] 2019-06-26 09:09:04,196: +SERVICE [/gazebo/spawn_sdf_model] /gazebo http://dc5b429f784e:42633/
[rosmaster.master][INFO] 2019-06-26 09:09:04,198: +SERVICE [/gazebo/spawn_urdf_model] /gazebo http://dc5b429f784e:42633/
[rosmaster.master][INFO] 2019-06-26 09:09:04,200: +SERVICE [/gazebo/delete_model] /gazebo http://dc5b429f784e:42633/
[rosmaster.master][INFO] 2019-06-26 09:09:04,202: +SERVICE [/gazebo/delete_light] /gazebo http://dc5b429f784e:42633/
[rosmaster.master][INFO] 2019-06-26 09:09:04,203: +SERVICE [/gazebo/get_model_properties] /gazebo http://dc5b429f784e:42633/
[rosmaster.master][INFO] 2019-06-26 09:09:04,204: +SERVICE [/gazebo/get_model_state] /gazebo http://dc5b429f784e:42633/
[rosmaster.master][INFO] 2019-06-26 09:09:04,204: publisherUpdate[/clock] -> http://dc5b429f784e:42633/ ['http://dc5b429f784e:42633/']
[rosmaster.master][INFO] 2019-06-26 09:09:04,206: +SERVICE [/gazebo/get_world_properties] /gazebo http://dc5b429f784e:42633/
[rosmaster.master][INFO] 2019-06-26 09:09:04,206: publisherUpdate[/clock] -> http://dc5b429f784e:42633/ ['http://dc5b429f784e:42633/']: sec=0.00, result=[1, '', 0]
[rosmaster.master][INFO] 2019-06-26 09:09:04,208: +SERVICE [/gazebo/get_joint_properties] /gazebo http://dc5b429f784e:42633/
[rosmaster.master][INFO] 2019-06-26 09:09:04,209: +SERVICE [/gazebo/get_link_properties] /gazebo http://dc5b429f784e:42633/
[rosmaster.master][INFO] 2019-06-26 09:09:04,210: +SERVICE [/gazebo/get_link_state] /gazebo http://dc5b429f784e:42633/
[rosmaster.master][INFO] 2019-06-26 09:09:04,211: +SERVICE [/gazebo/get_light_properties] /gazebo http://dc5b429f784e:42633/
[rosmaster.master][INFO] 2019-06-26 09:09:04,212: +SERVICE [/gazebo/set_light_properties] /gazebo http://dc5b429f784e:42633/
[rosmaster.master][INFO] 2019-06-26 09:09:04,213: +SERVICE [/gazebo/get_physics_properties] /gazebo http://dc5b429f784e:42633/
[rosmaster.master][INFO] 2019-06-26 09:09:04,214: +PUB [/gazebo/link_states] /gazebo http://dc5b429f784e:42633/
[rosmaster.master][INFO] 2019-06-26 09:09:04,215: +PUB [/gazebo/model_states] /gazebo http://dc5b429f784e:42633/
[rosmaster.master][INFO] 2019-06-26 09:09:04,216: +SERVICE [/gazebo/set_link_properties] /gazebo http://dc5b429f784e:42633/
[rosmaster.master][INFO] 2019-06-26 09:09:04,217: +SERVICE [/gazebo/set_physics_properties] /gazebo http://dc5b429f784e:42633/
[rosmaster.master][INFO] 2019-06-26 09:09:04,218: +SERVICE [/gazebo/set_model_state] /gazebo http://dc5b429f784e:42633/
[rosmaster.master][INFO] 2019-06-26 09:09:04,219: +SERVICE [/gazebo/set_model_configuration] /gazebo http://dc5b429f784e:42633/
[rosmaster.master][INFO] 2019-06-26 09:09:04,220: +SERVICE [/gazebo/set_joint_properties] /gazebo http://dc5b429f784e:42633/
[rosmaster.master][INFO] 2019-06-26 09:09:04,221: +SERVICE [/gazebo/set_link_state] /gazebo http://dc5b429f784e:42633/
[rosmaster.master][INFO] 2019-06-26 09:09:04,227: +SUB [/gazebo/set_link_state] /gazebo http://dc5b429f784e:42633/
[rosmaster.master][INFO] 2019-06-26 09:09:04,233: +SUB [/gazebo/set_model_state] /gazebo http://dc5b429f784e:42633/
[rosmaster.master][INFO] 2019-06-26 09:09:04,234: +SERVICE [/gazebo/pause_physics] /gazebo http://dc5b429f784e:42633/
[rosmaster.master][INFO] 2019-06-26 09:09:04,235: +SERVICE [/gazebo/unpause_physics] /gazebo http://dc5b429f784e:42633/
[rosmaster.master][INFO] 2019-06-26 09:09:04,236: +SERVICE [/gazebo/apply_body_wrench] /gazebo http://dc5b429f784e:42633/
[rosmaster.master][INFO] 2019-06-26 09:09:04,237: +SERVICE [/gazebo/apply_joint_effort] /gazebo http://dc5b429f784e:42633/
[rosmaster.master][INFO] 2019-06-26 09:09:04,238: +SERVICE [/gazebo/clear_joint_forces] /gazebo http://dc5b429f784e:42633/
[rosmaster.master][INFO] 2019-06-26 09:09:04,239: +SERVICE [/gazebo/clear_body_wrenches] /gazebo http://dc5b429f784e:42633/
[rosmaster.master][INFO] 2019-06-26 09:09:04,240: +SERVICE [/gazebo/reset_simulation] /gazebo http://dc5b429f784e:42633/
[rosmaster.master][INFO] 2019-06-26 09:09:04,241: +SERVICE [/gazebo/reset_world] /gazebo http://dc5b429f784e:42633/
[rosmaster.master][INFO] 2019-06-26 09:09:04,274: +SERVICE [/gazebo/set_parameters] /gazebo http://dc5b429f784e:42633/
[rosmaster.master][INFO] 2019-06-26 09:09:04,275: +PUB [/gazebo/parameter_descriptions] /gazebo http://dc5b429f784e:42633/
[rosmaster.master][INFO] 2019-06-26 09:09:04,277: +PUB [/gazebo/parameter_updates] /gazebo http://dc5b429f784e:42633/
[rosmaster.master][INFO] 2019-06-26 09:09:04,296: +PARAM [/gazebo/time_step] by /gazebo
[rosmaster.master][INFO] 2019-06-26 09:09:04,297: +PARAM [/gazebo/max_update_rate] by /gazebo
[rosmaster.master][INFO] 2019-06-26 09:09:04,298: +PARAM [/gazebo/gravity_x] by /gazebo
[rosmaster.master][INFO] 2019-06-26 09:09:04,299: +PARAM [/gazebo/gravity_y] by /gazebo
[rosmaster.master][INFO] 2019-06-26 09:09:04,300: +PARAM [/gazebo/gravity_z] by /gazebo
[rosmaster.master][INFO] 2019-06-26 09:09:04,301: +PARAM [/gazebo/auto_disable_bodies] by /gazebo
[rosmaster.master][INFO] 2019-06-26 09:09:04,302: +PARAM [/gazebo/sor_pgs_precon_iters] by /gazebo
[rosmaster.master][INFO] 2019-06-26 09:09:04,304: +PARAM [/gazebo/sor_pgs_iters] by /gazebo
[rosmaster.master][INFO] 2019-06-26 09:09:04,305: +PARAM [/gazebo/sor_pgs_w] by /gazebo
[rosmaster.master][INFO] 2019-06-26 09:09:04,306: +PARAM [/gazebo/sor_pgs_rms_error_tol] by /gazebo
[rosmaster.master][INFO] 2019-06-26 09:09:04,307: +PARAM [/gazebo/cfm] by /gazebo
[rosmaster.master][INFO] 2019-06-26 09:09:04,309: +PARAM [/gazebo/erp] by /gazebo
[rosmaster.master][INFO] 2019-06-26 09:09:04,310: +PARAM [/gazebo/contact_surface_layer] by /gazebo
[rosmaster.master][INFO] 2019-06-26 09:09:04,311: +PARAM [/gazebo/contact_max_correcting_vel] by /gazebo
[rosmaster.master][INFO] 2019-06-26 09:09:04,312: +PARAM [/gazebo/max_contacts] by /gazebo
[rosmaster.master][INFO] 2019-06-26 09:09:04,315: +PARAM [/gazebo/time_step] by /gazebo
[rosmaster.master][INFO] 2019-06-26 09:09:04,316: +PARAM [/gazebo/max_update_rate] by /gazebo
[rosmaster.master][INFO] 2019-06-26 09:09:04,317: +PARAM [/gazebo/gravity_x] by /gazebo
[rosmaster.master][INFO] 2019-06-26 09:09:04,318: +PARAM [/gazebo/gravity_y] by /gazebo
[rosmaster.master][INFO] 2019-06-26 09:09:04,319: +PARAM [/gazebo/gravity_z] by /gazebo
[rosmaster.master][INFO] 2019-06-26 09:09:04,320: +PARAM [/gazebo/auto_disable_bodies] by /gazebo
[rosmaster.master][INFO] 2019-06-26 09:09:04,321: +PARAM [/gazebo/sor_pgs_precon_iters] by /gazebo
[rosmaster.master][INFO] 2019-06-26 09:09:04,322: +PARAM [/gazebo/sor_pgs_iters] by /gazebo
[rosmaster.master][INFO] 2019-06-26 09:09:04,323: +PARAM [/gazebo/sor_pgs_w] by /gazebo
[rosmaster.master][INFO] 2019-06-26 09:09:04,324: +PARAM [/gazebo/sor_pgs_rms_error_tol] by /gazebo
[rosmaster.master][INFO] 2019-06-26 09:09:04,325: +PARAM [/gazebo/cfm] by /gazebo
[rosmaster.master][INFO] 2019-06-26 09:09:04,326: +PARAM [/gazebo/erp] by /gazebo
[rosmaster.master][INFO] 2019-06-26 09:09:04,328: +PARAM [/gazebo/contact_surface_layer] by /gazebo
[rosmaster.master][INFO] 2019-06-26 09:09:04,329: +PARAM [/gazebo/contact_max_correcting_vel] by /gazebo
[rosmaster.master][INFO] 2019-06-26 09:09:04,330: +PARAM [/gazebo/max_contacts] by /gazebo
[rosmaster.master][INFO] 2019-06-26 09:09:04,897: +PUB [/rosout] /mybot_spawn http://dc5b429f784e:43985/
[rosmaster.master][INFO] 2019-06-26 09:09:04,902: +SUB [/clock] /mybot_spawn http://dc5b429f784e:43985/
[rosmaster.master][INFO] 2019-06-26 09:09:04,904: +SERVICE [/mybot_spawn/get_loggers] /mybot_spawn http://dc5b429f784e:43985/
[rosmaster.master][INFO] 2019-06-26 09:09:04,906: +SERVICE [/mybot_spawn/set_logger_level] /mybot_spawn http://dc5b429f784e:43985/
[rosmaster.master][INFO] 2019-06-26 09:09:04,908: publisherUpdate[/rosout] -> http://dc5b429f784e:45827/ ['http://dc5b429f784e:36017/', 'http://dc5b429f784e:46391/', 'http://dc5b429f784e:41829/', 'http://dc5b429f784e:42633/', 'http://dc5b429f784e:43985/']
[rosmaster.master][INFO] 2019-06-26 09:09:04,909: publisherUpdate[/rosout] -> http://dc5b429f784e:45827/ ['http://dc5b429f784e:36017/', 'http://dc5b429f784e:46391/', 'http://dc5b429f784e:41829/', 'http://dc5b429f784e:42633/', 'http://dc5b429f784e:43985/']: sec=0.00, result=[1, '', 0]
[rosmaster.master][INFO] 2019-06-26 09:09:05,185: -SUB [/clock] /mybot_spawn http://dc5b429f784e:43985/
[rosmaster.master][INFO] 2019-06-26 09:09:05,185: -PUB [/rosout] /mybot_spawn http://dc5b429f784e:43985/
[rosmaster.master][INFO] 2019-06-26 09:09:05,185: -SERVICE [/mybot_spawn/set_logger_level] /mybot_spawn rosrpc://dc5b429f784e:40019
[rosmaster.master][INFO] 2019-06-26 09:09:05,185: -SERVICE [/mybot_spawn/get_loggers] /mybot_spawn rosrpc://dc5b429f784e:40019
[rosmaster.master][ERROR] 2019-06-26 09:09:05,196: Traceback (most recent call last):
  File "/opt/ros/kinetic/lib/python2.7/dist-packages/rosmaster/master_api.py", line 177, in validated_f
    code, msg, val = f(*newArgs, **kwds)
  File "/opt/ros/kinetic/lib/python2.7/dist-packages/rosmaster/master_api.py", line 435, in searchParam
    search_key = self.param_server.search_param(caller_id, key)
  File "/opt/ros/kinetic/lib/python2.7/dist-packages/rosmaster/paramserver.py", line 116, in search_param
    raise ValueError("namespace must be global")
ValueError: namespace must be global

[rosmaster.master][INFO] 2019-06-26 09:09:05,198: +PUB [/m2wr/laser/scan] /gazebo http://dc5b429f784e:42633/
[rosmaster.master][INFO] 2019-06-26 09:09:05,210: publisherUpdate[/rosout] -> http://dc5b429f784e:45827/ ['http://dc5b429f784e:36017/', 'http://dc5b429f784e:46391/', 'http://dc5b429f784e:41829/', 'http://dc5b429f784e:42633/']
[rosmaster.master][INFO] 2019-06-26 09:09:05,210: publisherUpdate[/rosout] -> http://dc5b429f784e:45827/ ['http://dc5b429f784e:36017/', 'http://dc5b429f784e:46391/', 'http://dc5b429f784e:41829/', 'http://dc5b429f784e:42633/']: sec=0.00, result=[1, '', 0]
[rosmaster.master][INFO] 2019-06-26 09:09:05,210: publisherUpdate[/m2wr/laser/scan] -> http://dc5b429f784e:41829/ ['http://dc5b429f784e:42633/']
[rosmaster.master][INFO] 2019-06-26 09:09:05,211: publisherUpdate[/m2wr/laser/scan] -> http://dc5b429f784e:41829/ ['http://dc5b429f784e:42633/']: sec=0.00, result=[1, '', 0]
[rosmaster.master][ERROR] 2019-06-26 09:09:05,291: Traceback (most recent call last):
  File "/opt/ros/kinetic/lib/python2.7/dist-packages/rosmaster/master_api.py", line 177, in validated_f
    code, msg, val = f(*newArgs, **kwds)
  File "/opt/ros/kinetic/lib/python2.7/dist-packages/rosmaster/master_api.py", line 435, in searchParam
    search_key = self.param_server.search_param(caller_id, key)
  File "/opt/ros/kinetic/lib/python2.7/dist-packages/rosmaster/paramserver.py", line 116, in search_param
    raise ValueError("namespace must be global")
ValueError: namespace must be global

[rosmaster.master][INFO] 2019-06-26 09:09:05,293: +PUB [/joint_states] /gazebo http://dc5b429f784e:42633/
[rosmaster.master][INFO] 2019-06-26 09:09:05,294: +PUB [/tf] /gazebo http://dc5b429f784e:42633/
[rosmaster.master][INFO] 2019-06-26 09:09:05,300: +SUB [/cmd_vel] /gazebo http://dc5b429f784e:42633/
[rosmaster.master][INFO] 2019-06-26 09:09:05,301: +PUB [/odom] /gazebo http://dc5b429f784e:42633/
[rosmaster.master][INFO] 2019-06-26 09:09:05,317: publisherUpdate[/joint_states] -> http://dc5b429f784e:36017/ ['http://dc5b429f784e:46391/', 'http://dc5b429f784e:42633/']
[rosmaster.master][INFO] 2019-06-26 09:09:05,318: publisherUpdate[/joint_states] -> http://dc5b429f784e:36017/ ['http://dc5b429f784e:46391/', 'http://dc5b429f784e:42633/']: sec=0.00, result=[1, '', 0]
[rosmaster.master][INFO] 2019-06-26 09:09:05,318: publisherUpdate[/tf] -> http://dc5b429f784e:41829/ ['http://dc5b429f784e:36017/', 'http://dc5b429f784e:42633/']
[rosmaster.master][INFO] 2019-06-26 09:09:05,319: publisherUpdate[/tf] -> http://dc5b429f784e:41829/ ['http://dc5b429f784e:36017/', 'http://dc5b429f784e:42633/']: sec=0.00, result=[1, '', 0]
[rosmaster.master][INFO] 2019-06-26 09:09:20,111: +PUB [/cmd_vel] /teleop_twist_keyboard http://dc5b429f784e:45167/
[rosmaster.master][INFO] 2019-06-26 09:09:20,147: publisherUpdate[/cmd_vel] -> http://dc5b429f784e:42633/ ['http://dc5b429f784e:45167/']
[rosmaster.master][INFO] 2019-06-26 09:09:20,149: publisherUpdate[/cmd_vel] -> http://dc5b429f784e:42633/ ['http://dc5b429f784e:45167/']: sec=0.00, result=[1, '', 0]
[rosmaster.master][INFO] 2019-06-26 09:09:20,210: +PUB [/rosout] /teleop_twist_keyboard http://dc5b429f784e:45167/
[rosmaster.master][INFO] 2019-06-26 09:09:20,217: +SUB [/clock] /teleop_twist_keyboard http://dc5b429f784e:45167/
[rosmaster.master][INFO] 2019-06-26 09:09:20,220: +SERVICE [/teleop_twist_keyboard/get_loggers] /teleop_twist_keyboard http://dc5b429f784e:45167/
[rosmaster.master][INFO] 2019-06-26 09:09:20,222: +SERVICE [/teleop_twist_keyboard/set_logger_level] /teleop_twist_keyboard http://dc5b429f784e:45167/
[rosmaster.master][INFO] 2019-06-26 09:09:20,249: publisherUpdate[/rosout] -> http://dc5b429f784e:45827/ ['http://dc5b429f784e:36017/', 'http://dc5b429f784e:46391/', 'http://dc5b429f784e:41829/', 'http://dc5b429f784e:42633/', 'http://dc5b429f784e:45167/']
[rosmaster.master][INFO] 2019-06-26 09:09:20,251: publisherUpdate[/rosout] -> http://dc5b429f784e:45827/ ['http://dc5b429f784e:36017/', 'http://dc5b429f784e:46391/', 'http://dc5b429f784e:41829/', 'http://dc5b429f784e:42633/', 'http://dc5b429f784e:45167/']: sec=0.00, result=[1, '', 0]
[rosmaster.master][INFO] 2019-06-26 09:09:35,111: -SUB [/clock] /teleop_twist_keyboard http://dc5b429f784e:45167/
[rosmaster.master][INFO] 2019-06-26 09:09:35,112: -PUB [/rosout] /teleop_twist_keyboard http://dc5b429f784e:45167/
[rosmaster.master][INFO] 2019-06-26 09:09:35,112: -PUB [/cmd_vel] /teleop_twist_keyboard http://dc5b429f784e:45167/
[rosmaster.master][INFO] 2019-06-26 09:09:35,112: -SERVICE [/teleop_twist_keyboard/set_logger_level] /teleop_twist_keyboard rosrpc://dc5b429f784e:45081
[rosmaster.master][INFO] 2019-06-26 09:09:35,113: -SERVICE [/teleop_twist_keyboard/get_loggers] /teleop_twist_keyboard rosrpc://dc5b429f784e:45081
[rosmaster.master][INFO] 2019-06-26 09:09:35,124: publisherUpdate[/rosout] -> http://dc5b429f784e:45827/ ['http://dc5b429f784e:36017/', 'http://dc5b429f784e:46391/', 'http://dc5b429f784e:41829/', 'http://dc5b429f784e:42633/']
[rosmaster.master][INFO] 2019-06-26 09:09:35,125: publisherUpdate[/rosout] -> http://dc5b429f784e:45827/ ['http://dc5b429f784e:36017/', 'http://dc5b429f784e:46391/', 'http://dc5b429f784e:41829/', 'http://dc5b429f784e:42633/']: sec=0.00, result=[1, '', 0]
[rosmaster.master][INFO] 2019-06-26 09:09:35,125: publisherUpdate[/cmd_vel] -> http://dc5b429f784e:42633/ []
[rosmaster.master][INFO] 2019-06-26 09:09:35,126: publisherUpdate[/cmd_vel] -> http://dc5b429f784e:42633/ []: sec=0.00, result=[1, '', 0]
[rosmaster.master][INFO] 2019-06-26 09:10:03,815: +PUB [/cmd_vel] /teleop_twist_keyboard http://dc5b429f784e:41153/
[rosmaster.master][INFO] 2019-06-26 09:10:03,843: publisherUpdate[/cmd_vel] -> http://dc5b429f784e:42633/ ['http://dc5b429f784e:41153/']
[rosmaster.master][INFO] 2019-06-26 09:10:03,845: publisherUpdate[/cmd_vel] -> http://dc5b429f784e:42633/ ['http://dc5b429f784e:41153/']: sec=0.00, result=[1, '', 0]
[rosmaster.master][INFO] 2019-06-26 09:10:03,912: +PUB [/rosout] /teleop_twist_keyboard http://dc5b429f784e:41153/
[rosmaster.master][INFO] 2019-06-26 09:10:03,924: +SUB [/clock] /teleop_twist_keyboard http://dc5b429f784e:41153/
[rosmaster.master][INFO] 2019-06-26 09:10:03,929: +SERVICE [/teleop_twist_keyboard/get_loggers] /teleop_twist_keyboard http://dc5b429f784e:41153/
[rosmaster.master][INFO] 2019-06-26 09:10:03,931: +SERVICE [/teleop_twist_keyboard/set_logger_level] /teleop_twist_keyboard http://dc5b429f784e:41153/
[rosmaster.master][INFO] 2019-06-26 09:10:03,947: publisherUpdate[/rosout] -> http://dc5b429f784e:45827/ ['http://dc5b429f784e:36017/', 'http://dc5b429f784e:46391/', 'http://dc5b429f784e:41829/', 'http://dc5b429f784e:42633/', 'http://dc5b429f784e:41153/']
[rosmaster.master][INFO] 2019-06-26 09:10:03,948: publisherUpdate[/rosout] -> http://dc5b429f784e:45827/ ['http://dc5b429f784e:36017/', 'http://dc5b429f784e:46391/', 'http://dc5b429f784e:41829/', 'http://dc5b429f784e:42633/', 'http://dc5b429f784e:41153/']: sec=0.00, result=[1, '', 0]
[rosmaster.master][INFO] 2019-06-26 09:11:20,185: -SUB [/clock] /teleop_twist_keyboard http://dc5b429f784e:41153/
[rosmaster.master][INFO] 2019-06-26 09:11:20,185: -PUB [/rosout] /teleop_twist_keyboard http://dc5b429f784e:41153/
[rosmaster.master][INFO] 2019-06-26 09:11:20,185: -PUB [/cmd_vel] /teleop_twist_keyboard http://dc5b429f784e:41153/
[rosmaster.master][INFO] 2019-06-26 09:11:20,185: -SERVICE [/teleop_twist_keyboard/set_logger_level] /teleop_twist_keyboard rosrpc://dc5b429f784e:45835
[rosmaster.master][INFO] 2019-06-26 09:11:20,186: -SERVICE [/teleop_twist_keyboard/get_loggers] /teleop_twist_keyboard rosrpc://dc5b429f784e:45835
[rosmaster.master][INFO] 2019-06-26 09:11:20,197: publisherUpdate[/rosout] -> http://dc5b429f784e:45827/ ['http://dc5b429f784e:36017/', 'http://dc5b429f784e:46391/', 'http://dc5b429f784e:41829/', 'http://dc5b429f784e:42633/']
[rosmaster.master][INFO] 2019-06-26 09:11:20,198: publisherUpdate[/rosout] -> http://dc5b429f784e:45827/ ['http://dc5b429f784e:36017/', 'http://dc5b429f784e:46391/', 'http://dc5b429f784e:41829/', 'http://dc5b429f784e:42633/']: sec=0.00, result=[1, '', 0]
[rosmaster.master][INFO] 2019-06-26 09:11:20,198: publisherUpdate[/cmd_vel] -> http://dc5b429f784e:42633/ []
[rosmaster.master][INFO] 2019-06-26 09:11:20,199: publisherUpdate[/cmd_vel] -> http://dc5b429f784e:42633/ []: sec=0.00, result=[1, '', 0]
[rosmaster.master][INFO] 2019-06-26 09:16:21,267: -SUB [/gazebo/set_link_state] /gazebo http://dc5b429f784e:42633/
[rosmaster.master][INFO] 2019-06-26 09:16:21,268: -SUB [/gazebo/set_model_state] /gazebo http://dc5b429f784e:42633/
[rosmaster.master][INFO] 2019-06-26 09:16:21,269: -PUB [/clock] /gazebo http://dc5b429f784e:42633/
[rosmaster.master][INFO] 2019-06-26 09:16:21,270: -PUB [/gazebo/link_states] /gazebo http://dc5b429f784e:42633/
[rosmaster.master][INFO] 2019-06-26 09:16:21,271: -PUB [/gazebo/model_states] /gazebo http://dc5b429f784e:42633/
[rosmaster.master][INFO] 2019-06-26 09:16:21,272: -SERVICE [/gazebo/spawn_sdf_model] /gazebo rosrpc://dc5b429f784e:48563
[rosmaster.master][INFO] 2019-06-26 09:16:21,273: -SERVICE [/gazebo/spawn_urdf_model] /gazebo rosrpc://dc5b429f784e:48563
[rosmaster.master][INFO] 2019-06-26 09:16:21,275: -SERVICE [/gazebo/delete_model] /gazebo rosrpc://dc5b429f784e:48563
[rosmaster.master][INFO] 2019-06-26 09:16:21,275: publisherUpdate[/clock] -> http://dc5b429f784e:42633/ []
[rosmaster.master][INFO] 2019-06-26 09:16:21,276: publisherUpdate[/clock] -> http://dc5b429f784e:42633/ []: sec=0.00, result=[1, '', 0]
[rosmaster.master][INFO] 2019-06-26 09:16:21,276: -SERVICE [/gazebo/delete_light] /gazebo rosrpc://dc5b429f784e:48563
[rosmaster.master][INFO] 2019-06-26 09:16:21,277: -SERVICE [/gazebo/get_model_properties] /gazebo rosrpc://dc5b429f784e:48563
[rosmaster.master][INFO] 2019-06-26 09:16:21,278: -SERVICE [/gazebo/get_model_state] /gazebo rosrpc://dc5b429f784e:48563
[rosmaster.master][INFO] 2019-06-26 09:16:21,280: -SERVICE [/gazebo/get_world_properties] /gazebo rosrpc://dc5b429f784e:48563
[rosmaster.master][INFO] 2019-06-26 09:16:21,280: -SERVICE [/gazebo/get_joint_properties] /gazebo rosrpc://dc5b429f784e:48563
[rosmaster.master][INFO] 2019-06-26 09:16:21,281: -SERVICE [/gazebo/get_link_properties] /gazebo rosrpc://dc5b429f784e:48563
[rosmaster.master][INFO] 2019-06-26 09:16:21,290: -SERVICE [/gazebo/get_link_state] /gazebo rosrpc://dc5b429f784e:48563
[rosmaster.master][INFO] 2019-06-26 09:16:21,292: -SERVICE [/gazebo/get_light_properties] /gazebo rosrpc://dc5b429f784e:48563
[rosmaster.master][INFO] 2019-06-26 09:16:21,293: -SERVICE [/gazebo/set_light_properties] /gazebo rosrpc://dc5b429f784e:48563
[rosmaster.master][INFO] 2019-06-26 09:16:21,294: -SERVICE [/gazebo/get_physics_properties] /gazebo rosrpc://dc5b429f784e:48563
[rosmaster.master][INFO] 2019-06-26 09:16:21,295: -SERVICE [/gazebo/set_link_properties] /gazebo rosrpc://dc5b429f784e:48563
[rosmaster.master][INFO] 2019-06-26 09:16:21,296: -SERVICE [/gazebo/set_physics_properties] /gazebo rosrpc://dc5b429f784e:48563
[rosmaster.master][INFO] 2019-06-26 09:16:21,297: -SERVICE [/gazebo/set_model_state] /gazebo rosrpc://dc5b429f784e:48563
[rosmaster.master][INFO] 2019-06-26 09:16:21,298: -SERVICE [/gazebo/set_model_configuration] /gazebo rosrpc://dc5b429f784e:48563
[rosmaster.master][INFO] 2019-06-26 09:16:21,299: -SERVICE [/gazebo/set_joint_properties] /gazebo rosrpc://dc5b429f784e:48563
[rosmaster.master][INFO] 2019-06-26 09:16:21,299: -SERVICE [/gazebo/set_link_state] /gazebo rosrpc://dc5b429f784e:48563
[rosmaster.master][INFO] 2019-06-26 09:16:21,300: -SERVICE [/gazebo/pause_physics] /gazebo rosrpc://dc5b429f784e:48563
[rosmaster.master][INFO] 2019-06-26 09:16:21,301: -SERVICE [/gazebo/unpause_physics] /gazebo rosrpc://dc5b429f784e:48563
[rosmaster.master][INFO] 2019-06-26 09:16:21,302: -SERVICE [/gazebo/apply_body_wrench] /gazebo rosrpc://dc5b429f784e:48563
[rosmaster.master][INFO] 2019-06-26 09:16:21,303: -SERVICE [/gazebo/apply_joint_effort] /gazebo rosrpc://dc5b429f784e:48563
[rosmaster.master][INFO] 2019-06-26 09:16:21,304: -SERVICE [/gazebo/clear_joint_forces] /gazebo rosrpc://dc5b429f784e:48563
[rosmaster.master][INFO] 2019-06-26 09:16:21,306: -SERVICE [/gazebo/clear_body_wrenches] /gazebo rosrpc://dc5b429f784e:48563
[rosmaster.master][INFO] 2019-06-26 09:16:21,307: -SERVICE [/gazebo/reset_simulation] /gazebo rosrpc://dc5b429f784e:48563
[rosmaster.master][INFO] 2019-06-26 09:16:21,308: -SERVICE [/gazebo/reset_world] /gazebo rosrpc://dc5b429f784e:48563
[rosmaster.master][INFO] 2019-06-26 09:16:21,310: -PUB [/gazebo/parameter_descriptions] /gazebo http://dc5b429f784e:42633/
[rosmaster.master][INFO] 2019-06-26 09:16:21,311: -PUB [/gazebo/parameter_updates] /gazebo http://dc5b429f784e:42633/
[rosmaster.master][INFO] 2019-06-26 09:16:21,312: -SERVICE [/gazebo/set_parameters] /gazebo rosrpc://dc5b429f784e:48563
[rosmaster.master][INFO] 2019-06-26 09:16:21,898: -PUB [/joint_states] /joint_state_publisher http://dc5b429f784e:46391/
[rosmaster.master][INFO] 2019-06-26 09:16:21,898: -PUB [/rosout] /joint_state_publisher http://dc5b429f784e:46391/
[rosmaster.master][INFO] 2019-06-26 09:16:21,898: -SERVICE [/joint_state_publisher/get_loggers] /joint_state_publisher rosrpc://dc5b429f784e:39619
[rosmaster.master][INFO] 2019-06-26 09:16:21,899: -SERVICE [/joint_state_publisher/set_logger_level] /joint_state_publisher rosrpc://dc5b429f784e:39619
[rosmaster.master][INFO] 2019-06-26 09:16:21,977: publisherUpdate[/joint_states] -> http://dc5b429f784e:36017/ ['http://dc5b429f784e:42633/']
[rosmaster.master][INFO] 2019-06-26 09:16:21,978: publisherUpdate[/joint_states] -> http://dc5b429f784e:36017/ ['http://dc5b429f784e:42633/']: sec=0.00, result=[0, 'Unknown Error', 0]
[rosmaster.master][INFO] 2019-06-26 09:16:21,978: publisherUpdate[/rosout] -> http://dc5b429f784e:45827/ ['http://dc5b429f784e:36017/', 'http://dc5b429f784e:41829/', 'http://dc5b429f784e:42633/']
[rosmaster.master][INFO] 2019-06-26 09:16:21,979: publisherUpdate[/rosout] -> http://dc5b429f784e:45827/ ['http://dc5b429f784e:36017/', 'http://dc5b429f784e:41829/', 'http://dc5b429f784e:42633/']: sec=0.00, result=[1, '', 0]
[rosmaster.master][INFO] 2019-06-26 09:16:21,980: -PUB [/rosout] /robot_state_publisher http://dc5b429f784e:36017/
[rosmaster.master][INFO] 2019-06-26 09:16:21,981: -PUB [/tf] /robot_state_publisher http://dc5b429f784e:36017/
[rosmaster.master][INFO] 2019-06-26 09:16:21,982: publisherUpdate[/rosout] -> http://dc5b429f784e:45827/ ['http://dc5b429f784e:41829/', 'http://dc5b429f784e:42633/']
[rosmaster.master][INFO] 2019-06-26 09:16:21,982: publisherUpdate[/rosout] -> http://dc5b429f784e:45827/ ['http://dc5b429f784e:41829/', 'http://dc5b429f784e:42633/']: sec=0.00, result=[1, '', 0]
[rosmaster.master][INFO] 2019-06-26 09:16:21,983: publisherUpdate[/tf] -> http://dc5b429f784e:41829/ ['http://dc5b429f784e:42633/']
[rosmaster.master][INFO] 2019-06-26 09:16:21,983: publisherUpdate[/tf] -> http://dc5b429f784e:41829/ ['http://dc5b429f784e:42633/']: sec=0.00, result=[0, 'Unknown Error', 0]
[rosmaster.master][INFO] 2019-06-26 09:16:21,984: -PUB [/tf_static] /robot_state_publisher http://dc5b429f784e:36017/
[rosmaster.master][INFO] 2019-06-26 09:16:21,985: -SUB [/joint_states] /robot_state_publisher http://dc5b429f784e:36017/
[rosmaster.master][INFO] 2019-06-26 09:16:21,986: -SERVICE [/robot_state_publisher/get_loggers] /robot_state_publisher rosrpc://dc5b429f784e:45595
[rosmaster.master][INFO] 2019-06-26 09:16:21,987: -SERVICE [/robot_state_publisher/set_logger_level] /robot_state_publisher rosrpc://dc5b429f784e:45595
[rosmaster.master][INFO] 2019-06-26 09:16:21,992: publisherUpdate[/tf_static] -> http://dc5b429f784e:41829/ []
[rosmaster.master][INFO] 2019-06-26 09:16:21,995: publisherUpdate[/tf_static] -> http://dc5b429f784e:41829/ []: sec=0.00, result=[0, 'Unknown Error', 0]
[rosmaster.master][INFO] 2019-06-26 09:16:22,095: -PUB [/rosout] /rviz http://dc5b429f784e:41829/
[rosmaster.master][INFO] 2019-06-26 09:16:22,096: publisherUpdate[/rosout] -> http://dc5b429f784e:45827/ ['http://dc5b429f784e:42633/']
[rosmaster.master][INFO] 2019-06-26 09:16:22,097: publisherUpdate[/rosout] -> http://dc5b429f784e:45827/ ['http://dc5b429f784e:42633/']: sec=0.00, result=[1, '', 0]
[rosmaster.master][INFO] 2019-06-26 09:16:22,097: -PUB [/initialpose] /rviz http://dc5b429f784e:41829/
[rosmaster.master][INFO] 2019-06-26 09:16:22,098: -PUB [/move_base_simple/goal] /rviz http://dc5b429f784e:41829/
[rosmaster.master][INFO] 2019-06-26 09:16:22,099: -PUB [/clicked_point] /rviz http://dc5b429f784e:41829/
[rosmaster.master][INFO] 2019-06-26 09:16:22,100: -SUB [/tf] /rviz http://dc5b429f784e:41829/
[rosmaster.master][INFO] 2019-06-26 09:16:22,101: -SUB [/tf_static] /rviz http://dc5b429f784e:41829/
[rosmaster.master][INFO] 2019-06-26 09:16:22,102: -SUB [/m2wr/laser/scan] /rviz http://dc5b429f784e:41829/
[rosmaster.master][INFO] 2019-06-26 09:16:22,103: -SERVICE [/rviz/get_loggers] /rviz rosrpc://dc5b429f784e:59575
[rosmaster.master][INFO] 2019-06-26 09:16:22,104: -SERVICE [/rviz/set_logger_level] /rviz rosrpc://dc5b429f784e:59575
[rosmaster.master][INFO] 2019-06-26 09:16:22,105: -SERVICE [/rviz/reload_shaders] /rviz rosrpc://dc5b429f784e:59575
[rosmaster.master][INFO] 2019-06-26 09:16:22,598: -PUB [/rosout_agg] /rosout http://dc5b429f784e:45827/
[rosmaster.master][INFO] 2019-06-26 09:16:22,599: -SUB [/rosout] /rosout http://dc5b429f784e:45827/
[rosmaster.master][INFO] 2019-06-26 09:16:22,600: -SERVICE [/rosout/get_loggers] /rosout rosrpc://dc5b429f784e:60159
[rosmaster.master][INFO] 2019-06-26 09:16:22,601: -SERVICE [/rosout/set_logger_level] /rosout rosrpc://dc5b429f784e:60159
[rosmaster.main][INFO] 2019-06-26 09:16:22,699: keyboard interrupt, will exit
[rosmaster.main][INFO] 2019-06-26 09:16:22,699: stopping master...
[rospy.core][INFO] 2019-06-26 09:16:22,700: signal_shutdown [atexit]
