[rospy.client][INFO] 2019-06-26 08:56:15,035: init_node, name[/mybot_spawn], pid[1346]
[xmlrpc][INFO] 2019-06-26 08:56:15,036: XML-RPC server binding to 0.0.0.0:0
[rospy.init][INFO] 2019-06-26 08:56:15,036: ROS Slave URI: [http://dc5b429f784e:40081/]
[xmlrpc][INFO] 2019-06-26 08:56:15,036: Started XML-RPC server [http://dc5b429f784e:40081/]
[rospy.impl.masterslave][INFO] 2019-06-26 08:56:15,037: _ready: http://dc5b429f784e:40081/
[xmlrpc][INFO] 2019-06-26 08:56:15,037: xml rpc node: starting XML-RPC server
[rospy.registration][INFO] 2019-06-26 08:56:15,038: Registering with master node http://localhost:11311
[rospy.init][INFO] 2019-06-26 08:56:15,137: registered with master
[rospy.rosout][INFO] 2019-06-26 08:56:15,137: initializing /rosout core topic
[rospy.rosout][INFO] 2019-06-26 08:56:15,140: connected to core topic /rosout
[rospy.simtime][INFO] 2019-06-26 08:56:15,141: initializing /clock core topic
[rospy.simtime][INFO] 2019-06-26 08:56:15,143: connected to core topic /clock
[rosout][INFO] 2019-06-26 08:56:15,147: Loading model XML from ros parameter
[rosout][INFO] 2019-06-26 08:56:15,149: Waiting for service /gazebo/spawn_urdf_model
[rosout][INFO] 2019-06-26 08:56:15,151: Calling service /gazebo/spawn_urdf_model
[rospy.internal][INFO] 2019-06-26 08:56:15,160: topic[/clock] adding connection to [http://dc5b429f784e:45645/], count 0
[rospy.internal][INFO] 2019-06-26 08:56:15,346: topic[/rosout] adding connection to [/rosout], count 0
[rosout][INFO] 2019-06-26 08:56:15,464: Spawn status: SpawnModel: Successfully spawned entity
[rospy.core][INFO] 2019-06-26 08:56:15,464: signal_shutdown [atexit]
[rospy.internal][INFO] 2019-06-26 08:56:15,467: topic[/rosout] removing connection to /rosout
[rospy.internal][INFO] 2019-06-26 08:56:15,468: topic[/clock] removing connection to http://dc5b429f784e:45645/
[rospy.impl.masterslave][INFO] 2019-06-26 08:56:15,468: atexit
[rospy.client][INFO] 2019-06-26 09:09:04,791: init_node, name[/mybot_spawn], pid[2055]
[xmlrpc][INFO] 2019-06-26 09:09:04,791: XML-RPC server binding to 0.0.0.0:0
[xmlrpc][INFO] 2019-06-26 09:09:04,792: Started XML-RPC server [http://dc5b429f784e:43985/]
[rospy.impl.masterslave][INFO] 2019-06-26 09:09:04,792: _ready: http://dc5b429f784e:43985/
[xmlrpc][INFO] 2019-06-26 09:09:04,792: xml rpc node: starting XML-RPC server
[rospy.init][INFO] 2019-06-26 09:09:04,792: ROS Slave URI: [http://dc5b429f784e:43985/]
[rospy.registration][INFO] 2019-06-26 09:09:04,793: Registering with master node http://localhost:11311
[rospy.init][INFO] 2019-06-26 09:09:04,894: registered with master
[rospy.rosout][INFO] 2019-06-26 09:09:04,894: initializing /rosout core topic
[rospy.rosout][INFO] 2019-06-26 09:09:04,898: connected to core topic /rosout
[rospy.simtime][INFO] 2019-06-26 09:09:04,899: initializing /clock core topic
[rospy.simtime][INFO] 2019-06-26 09:09:04,903: connected to core topic /clock
[rosout][INFO] 2019-06-26 09:09:04,906: Loading model XML from ros parameter
[rospy.internal][INFO] 2019-06-26 09:09:04,910: topic[/clock] adding connection to [http://dc5b429f784e:42633/], count 0
[rosout][INFO] 2019-06-26 09:09:04,913: Waiting for service /gazebo/spawn_urdf_model
[rosout][INFO] 2019-06-26 09:09:04,916: Calling service /gazebo/spawn_urdf_model
[rospy.internal][INFO] 2019-06-26 09:09:05,111: topic[/rosout] adding connection to [/rosout], count 0
[rosout][INFO] 2019-06-26 09:09:05,182: Spawn status: SpawnModel: Successfully spawned entity
[rospy.core][INFO] 2019-06-26 09:09:05,183: signal_shutdown [atexit]
[rospy.internal][INFO] 2019-06-26 09:09:05,186: topic[/rosout] removing connection to /rosout
[rospy.internal][INFO] 2019-06-26 09:09:05,186: topic[/clock] removing connection to http://dc5b429f784e:42633/
[rospy.impl.masterslave][INFO] 2019-06-26 09:09:05,187: atexit
