[rospy.client][INFO] 2019-06-29 13:50:05,204: init_node, name[/mybot_spawn], pid[52084]
[xmlrpc][INFO] 2019-06-29 13:50:05,204: XML-RPC server binding to 0.0.0.0:0
[xmlrpc][INFO] 2019-06-29 13:50:05,205: Started XML-RPC server [http://dc5b429f784e:35803/]
[rospy.init][INFO] 2019-06-29 13:50:05,206: ROS Slave URI: [http://dc5b429f784e:35803/]
[rospy.impl.masterslave][INFO] 2019-06-29 13:50:05,205: _ready: http://dc5b429f784e:35803/
[xmlrpc][INFO] 2019-06-29 13:50:05,208: xml rpc node: starting XML-RPC server
[rospy.registration][INFO] 2019-06-29 13:50:05,209: Registering with master node http://localhost:11311
[rospy.init][INFO] 2019-06-29 13:50:05,306: registered with master
[rospy.rosout][INFO] 2019-06-29 13:50:05,306: initializing /rosout core topic
[rospy.rosout][INFO] 2019-06-29 13:50:05,310: connected to core topic /rosout
[rospy.simtime][INFO] 2019-06-29 13:50:05,312: initializing /clock core topic
[rospy.simtime][INFO] 2019-06-29 13:50:05,316: connected to core topic /clock
[rosout][INFO] 2019-06-29 13:50:05,321: Loading model XML from ros parameter
[rosout][INFO] 2019-06-29 13:50:05,327: Waiting for service /gazebo/spawn_urdf_model
[rospy.internal][INFO] 2019-06-29 13:50:05,330: topic[/clock] adding connection to [http://dc5b429f784e:44991/], count 0
[rosout][INFO] 2019-06-29 13:50:05,330: Calling service /gazebo/spawn_urdf_model
[rospy.internal][INFO] 2019-06-29 13:50:05,477: topic[/rosout] adding connection to [/rosout], count 0
[rosout][INFO] 2019-06-29 13:50:05,688: Spawn status: SpawnModel: Successfully spawned entity
[rospy.core][INFO] 2019-06-29 13:50:05,688: signal_shutdown [atexit]
[rospy.internal][INFO] 2019-06-29 13:50:05,692: topic[/rosout] removing connection to /rosout
[rospy.internal][INFO] 2019-06-29 13:50:05,693: topic[/clock] removing connection to http://dc5b429f784e:44991/
[rospy.internal][WARNING] 2019-06-29 13:50:05,694: Unknown error initiating TCP/IP socket to dc5b429f784e:40965 (http://dc5b429f784e:44991/): Traceback (most recent call last):
  File "/opt/ros/kinetic/lib/python2.7/dist-packages/rospy/impl/tcpros_base.py", line 557, in connect
    self.read_header()
  File "/opt/ros/kinetic/lib/python2.7/dist-packages/rospy/impl/tcpros_base.py", line 650, in read_header
    self._validate_header(read_ros_handshake_header(sock, self.read_buff, self.protocol.buff_size))
AttributeError: 'NoneType' object has no attribute 'buff_size'

[rospy.impl.masterslave][INFO] 2019-06-29 13:50:05,693: atexit
