[rosmaster.main][INFO] 2019-06-28 14:42:36,117: initialization complete, waiting for shutdown
[rosmaster.main][INFO] 2019-06-28 14:42:36,117: Starting ROS Master Node
[xmlrpc][INFO] 2019-06-28 14:42:36,118: XML-RPC server binding to 0.0.0.0:11311
[xmlrpc][INFO] 2019-06-28 14:42:36,118: Started XML-RPC server [http://dc5b429f784e:11311/]
[rosmaster.master][INFO] 2019-06-28 14:42:36,118: Master initialized: port[11311], uri[http://dc5b429f784e:11311/]
[xmlrpc][INFO] 2019-06-28 14:42:36,118: xml rpc node: starting XML-RPC server
[rosmaster.master][INFO] 2019-06-28 14:42:36,206: +PARAM [/run_id] by /roslaunch
[rosmaster.master][INFO] 2019-06-28 14:42:36,207: +PARAM [/roslaunch/uris/host_dc5b429f784e__46415] by /roslaunch
[rosmaster.master][INFO] 2019-06-28 14:42:36,625: +PARAM [/rosversion] by /roslaunch
[rosmaster.master][INFO] 2019-06-28 14:42:36,625: +PARAM [/joint_state_publisher/use_gui] by /roslaunch
[rosmaster.master][INFO] 2019-06-28 14:42:36,625: +PARAM [/rosdistro] by /roslaunch
[rosmaster.master][INFO] 2019-06-28 14:42:36,625: +PARAM [/robot_description] by /roslaunch
[rosmaster.master][INFO] 2019-06-28 14:42:36,637: +SERVICE [/rosout/get_loggers] /rosout http://dc5b429f784e:45131/
[rosmaster.master][INFO] 2019-06-28 14:42:36,638: +SERVICE [/rosout/set_logger_level] /rosout http://dc5b429f784e:45131/
[rosmaster.master][INFO] 2019-06-28 14:42:36,640: +PUB [/rosout_agg] /rosout http://dc5b429f784e:45131/
[rosmaster.master][INFO] 2019-06-28 14:42:36,646: +SUB [/rosout] /rosout http://dc5b429f784e:45131/
[rosmaster.master][INFO] 2019-06-28 14:42:37,193: +PUB [/rosout] /robot_state_publisher http://dc5b429f784e:46381/
[rosmaster.master][INFO] 2019-06-28 14:42:37,194: +SERVICE [/robot_state_publisher/get_loggers] /robot_state_publisher http://dc5b429f784e:46381/
[rosmaster.master][INFO] 2019-06-28 14:42:37,196: +SERVICE [/robot_state_publisher/set_logger_level] /robot_state_publisher http://dc5b429f784e:46381/
[rosmaster.master][INFO] 2019-06-28 14:42:37,201: +PUB [/tf] /robot_state_publisher http://dc5b429f784e:46381/
[rosmaster.master][INFO] 2019-06-28 14:42:37,203: +PUB [/tf_static] /robot_state_publisher http://dc5b429f784e:46381/
[rosmaster.master][INFO] 2019-06-28 14:42:37,214: +SUB [/joint_states] /robot_state_publisher http://dc5b429f784e:46381/
[rosmaster.master][INFO] 2019-06-28 14:42:37,219: publisherUpdate[/rosout] -> http://dc5b429f784e:45131/ ['http://dc5b429f784e:46381/']
[rosmaster.master][INFO] 2019-06-28 14:42:37,221: publisherUpdate[/rosout] -> http://dc5b429f784e:45131/ ['http://dc5b429f784e:46381/']: sec=0.00, result=[1, '', 0]
[rosmaster.master][INFO] 2019-06-28 14:42:37,458: +PUB [/rosout] /joint_state_publisher http://dc5b429f784e:41963/
[rosmaster.master][INFO] 2019-06-28 14:42:37,462: +SERVICE [/joint_state_publisher/get_loggers] /joint_state_publisher http://dc5b429f784e:41963/
[rosmaster.master][INFO] 2019-06-28 14:42:37,463: +SERVICE [/joint_state_publisher/set_logger_level] /joint_state_publisher http://dc5b429f784e:41963/
[rosmaster.master][INFO] 2019-06-28 14:42:37,520: publisherUpdate[/rosout] -> http://dc5b429f784e:45131/ ['http://dc5b429f784e:46381/', 'http://dc5b429f784e:41963/']
[rosmaster.master][INFO] 2019-06-28 14:42:37,521: publisherUpdate[/rosout] -> http://dc5b429f784e:45131/ ['http://dc5b429f784e:46381/', 'http://dc5b429f784e:41963/']: sec=0.00, result=[1, '', 0]
[rosmaster.master][INFO] 2019-06-28 14:42:37,547: +PUB [/rosout] /rviz http://dc5b429f784e:40529/
[rosmaster.master][INFO] 2019-06-28 14:42:37,548: +SERVICE [/rviz/get_loggers] /rviz http://dc5b429f784e:40529/
[rosmaster.master][INFO] 2019-06-28 14:42:37,549: +SERVICE [/rviz/set_logger_level] /rviz http://dc5b429f784e:40529/
[rosmaster.master][INFO] 2019-06-28 14:42:37,567: +PUB [/joint_states] /joint_state_publisher http://dc5b429f784e:41963/
[rosmaster.master][INFO] 2019-06-28 14:42:37,621: publisherUpdate[/rosout] -> http://dc5b429f784e:45131/ ['http://dc5b429f784e:46381/', 'http://dc5b429f784e:41963/', 'http://dc5b429f784e:40529/']
[rosmaster.master][INFO] 2019-06-28 14:42:37,621: publisherUpdate[/joint_states] -> http://dc5b429f784e:46381/ ['http://dc5b429f784e:41963/']
[rosmaster.master][INFO] 2019-06-28 14:42:37,622: publisherUpdate[/rosout] -> http://dc5b429f784e:45131/ ['http://dc5b429f784e:46381/', 'http://dc5b429f784e:41963/', 'http://dc5b429f784e:40529/']: sec=0.00, result=[1, '', 0]
[rosmaster.master][INFO] 2019-06-28 14:42:37,623: publisherUpdate[/joint_states] -> http://dc5b429f784e:46381/ ['http://dc5b429f784e:41963/']: sec=0.00, result=[1, '', 0]
[rosmaster.master][INFO] 2019-06-28 14:42:37,773: +SUB [/tf] /rviz http://dc5b429f784e:40529/
[rosmaster.master][INFO] 2019-06-28 14:42:37,778: +SUB [/tf_static] /rviz http://dc5b429f784e:40529/
[rosmaster.master][INFO] 2019-06-28 14:42:37,808: +PUB [/initialpose] /rviz http://dc5b429f784e:40529/
[rosmaster.master][INFO] 2019-06-28 14:42:37,810: +PUB [/goal] /rviz http://dc5b429f784e:40529/
[rosmaster.master][INFO] 2019-06-28 14:42:37,813: -PUB [/goal] /rviz http://dc5b429f784e:40529/
[rosmaster.master][INFO] 2019-06-28 14:42:37,814: -PUB [/initialpose] /rviz http://dc5b429f784e:40529/
[rosmaster.master][INFO] 2019-06-28 14:42:37,817: +PUB [/initialpose] /rviz http://dc5b429f784e:40529/
[rosmaster.master][INFO] 2019-06-28 14:42:37,818: +PUB [/goal] /rviz http://dc5b429f784e:40529/
[rosmaster.master][INFO] 2019-06-28 14:42:37,819: +PUB [/move_base_simple/goal] /rviz http://dc5b429f784e:40529/
[rosmaster.master][INFO] 2019-06-28 14:42:37,820: -PUB [/goal] /rviz http://dc5b429f784e:40529/
[rosmaster.master][INFO] 2019-06-28 14:42:37,822: +PUB [/clicked_point] /rviz http://dc5b429f784e:40529/
[rosmaster.master][INFO] 2019-06-28 14:42:37,849: +SERVICE [/rviz/reload_shaders] /rviz http://dc5b429f784e:40529/
[rosmaster.master][INFO] 2019-06-28 14:43:00,878: +PARAM [/roslaunch/uris/host_dc5b429f784e__43021] by /roslaunch
[rosmaster.master][INFO] 2019-06-28 14:43:00,882: +PARAM [/rosversion] by /roslaunch
[rosmaster.master][INFO] 2019-06-28 14:43:00,882: +PARAM [/use_sim_time] by /roslaunch
[rosmaster.master][INFO] 2019-06-28 14:43:00,882: +PARAM [/rosdistro] by /roslaunch
[rosmaster.master][INFO] 2019-06-28 14:43:00,882: +PARAM [/robot_description] by /roslaunch
[rosmaster.master][INFO] 2019-06-28 14:43:02,019: +PUB [/rosout] /gazebo http://dc5b429f784e:33879/
[rosmaster.master][INFO] 2019-06-28 14:43:02,021: +SERVICE [/gazebo/get_loggers] /gazebo http://dc5b429f784e:33879/
[rosmaster.master][INFO] 2019-06-28 14:43:02,021: +SERVICE [/gazebo/set_logger_level] /gazebo http://dc5b429f784e:33879/
[rosmaster.master][INFO] 2019-06-28 14:43:02,029: +SUB [/clock] /gazebo http://dc5b429f784e:33879/
[rosmaster.master][INFO] 2019-06-28 14:43:02,073: publisherUpdate[/rosout] -> http://dc5b429f784e:45131/ ['http://dc5b429f784e:46381/', 'http://dc5b429f784e:41963/', 'http://dc5b429f784e:40529/', 'http://dc5b429f784e:33879/']
[rosmaster.master][INFO] 2019-06-28 14:43:02,074: publisherUpdate[/rosout] -> http://dc5b429f784e:45131/ ['http://dc5b429f784e:46381/', 'http://dc5b429f784e:41963/', 'http://dc5b429f784e:40529/', 'http://dc5b429f784e:33879/']: sec=0.00, result=[1, '', 0]
[rosmaster.master][INFO] 2019-06-28 14:43:02,328: +PUB [/clock] /gazebo http://dc5b429f784e:33879/
[rosmaster.master][INFO] 2019-06-28 14:43:02,330: +SERVICE [/gazebo/spawn_sdf_model] /gazebo http://dc5b429f784e:33879/
[rosmaster.master][INFO] 2019-06-28 14:43:02,331: +SERVICE [/gazebo/spawn_urdf_model] /gazebo http://dc5b429f784e:33879/
[rosmaster.master][INFO] 2019-06-28 14:43:02,332: +SERVICE [/gazebo/delete_model] /gazebo http://dc5b429f784e:33879/
[rosmaster.master][INFO] 2019-06-28 14:43:02,333: +SERVICE [/gazebo/delete_light] /gazebo http://dc5b429f784e:33879/
[rosmaster.master][INFO] 2019-06-28 14:43:02,334: +SERVICE [/gazebo/get_model_properties] /gazebo http://dc5b429f784e:33879/
[rosmaster.master][INFO] 2019-06-28 14:43:02,335: +SERVICE [/gazebo/get_model_state] /gazebo http://dc5b429f784e:33879/
[rosmaster.master][INFO] 2019-06-28 14:43:02,336: +SERVICE [/gazebo/get_world_properties] /gazebo http://dc5b429f784e:33879/
[rosmaster.master][INFO] 2019-06-28 14:43:02,337: +SERVICE [/gazebo/get_joint_properties] /gazebo http://dc5b429f784e:33879/
[rosmaster.master][INFO] 2019-06-28 14:43:02,338: +SERVICE [/gazebo/get_link_properties] /gazebo http://dc5b429f784e:33879/
[rosmaster.master][INFO] 2019-06-28 14:43:02,339: +SERVICE [/gazebo/get_link_state] /gazebo http://dc5b429f784e:33879/
[rosmaster.master][INFO] 2019-06-28 14:43:02,341: +SERVICE [/gazebo/get_light_properties] /gazebo http://dc5b429f784e:33879/
[rosmaster.master][INFO] 2019-06-28 14:43:02,342: +SERVICE [/gazebo/set_light_properties] /gazebo http://dc5b429f784e:33879/
[rosmaster.master][INFO] 2019-06-28 14:43:02,343: +SERVICE [/gazebo/get_physics_properties] /gazebo http://dc5b429f784e:33879/
[rosmaster.master][INFO] 2019-06-28 14:43:02,344: +PUB [/gazebo/link_states] /gazebo http://dc5b429f784e:33879/
[rosmaster.master][INFO] 2019-06-28 14:43:02,345: +PUB [/gazebo/model_states] /gazebo http://dc5b429f784e:33879/
[rosmaster.master][INFO] 2019-06-28 14:43:02,346: +SERVICE [/gazebo/set_link_properties] /gazebo http://dc5b429f784e:33879/
[rosmaster.master][INFO] 2019-06-28 14:43:02,348: +SERVICE [/gazebo/set_physics_properties] /gazebo http://dc5b429f784e:33879/
[rosmaster.master][INFO] 2019-06-28 14:43:02,349: +SERVICE [/gazebo/set_model_state] /gazebo http://dc5b429f784e:33879/
[rosmaster.master][INFO] 2019-06-28 14:43:02,350: +SERVICE [/gazebo/set_model_configuration] /gazebo http://dc5b429f784e:33879/
[rosmaster.master][INFO] 2019-06-28 14:43:02,351: +SERVICE [/gazebo/set_joint_properties] /gazebo http://dc5b429f784e:33879/
[rosmaster.master][INFO] 2019-06-28 14:43:02,353: +SERVICE [/gazebo/set_link_state] /gazebo http://dc5b429f784e:33879/
[rosmaster.master][INFO] 2019-06-28 14:43:02,358: +SUB [/gazebo/set_link_state] /gazebo http://dc5b429f784e:33879/
[rosmaster.master][INFO] 2019-06-28 14:43:02,363: +SUB [/gazebo/set_model_state] /gazebo http://dc5b429f784e:33879/
[rosmaster.master][INFO] 2019-06-28 14:43:02,364: +SERVICE [/gazebo/pause_physics] /gazebo http://dc5b429f784e:33879/
[rosmaster.master][INFO] 2019-06-28 14:43:02,365: +SERVICE [/gazebo/unpause_physics] /gazebo http://dc5b429f784e:33879/
[rosmaster.master][INFO] 2019-06-28 14:43:02,366: +SERVICE [/gazebo/apply_body_wrench] /gazebo http://dc5b429f784e:33879/
[rosmaster.master][INFO] 2019-06-28 14:43:02,367: +SERVICE [/gazebo/apply_joint_effort] /gazebo http://dc5b429f784e:33879/
[rosmaster.master][INFO] 2019-06-28 14:43:02,368: +SERVICE [/gazebo/clear_joint_forces] /gazebo http://dc5b429f784e:33879/
[rosmaster.master][INFO] 2019-06-28 14:43:02,369: +SERVICE [/gazebo/clear_body_wrenches] /gazebo http://dc5b429f784e:33879/
[rosmaster.master][INFO] 2019-06-28 14:43:02,370: +SERVICE [/gazebo/reset_simulation] /gazebo http://dc5b429f784e:33879/
[rosmaster.master][INFO] 2019-06-28 14:43:02,371: +SERVICE [/gazebo/reset_world] /gazebo http://dc5b429f784e:33879/
[rosmaster.master][INFO] 2019-06-28 14:43:02,374: publisherUpdate[/clock] -> http://dc5b429f784e:33879/ ['http://dc5b429f784e:33879/']
[rosmaster.master][INFO] 2019-06-28 14:43:02,375: publisherUpdate[/clock] -> http://dc5b429f784e:33879/ ['http://dc5b429f784e:33879/']: sec=0.00, result=[1, '', 0]
[rosmaster.master][INFO] 2019-06-28 14:43:02,866: +PUB [/rosout] /mybot_spawn http://dc5b429f784e:32893/
[rosmaster.master][INFO] 2019-06-28 14:43:02,870: +SUB [/clock] /mybot_spawn http://dc5b429f784e:32893/
[rosmaster.master][INFO] 2019-06-28 14:43:02,872: +SERVICE [/mybot_spawn/get_loggers] /mybot_spawn http://dc5b429f784e:32893/
[rosmaster.master][INFO] 2019-06-28 14:43:02,873: +SERVICE [/mybot_spawn/set_logger_level] /mybot_spawn http://dc5b429f784e:32893/
[rosmaster.master][INFO] 2019-06-28 14:43:02,876: publisherUpdate[/rosout] -> http://dc5b429f784e:45131/ ['http://dc5b429f784e:46381/', 'http://dc5b429f784e:41963/', 'http://dc5b429f784e:40529/', 'http://dc5b429f784e:33879/', 'http://dc5b429f784e:32893/']
[rosmaster.master][INFO] 2019-06-28 14:43:02,877: publisherUpdate[/rosout] -> http://dc5b429f784e:45131/ ['http://dc5b429f784e:46381/', 'http://dc5b429f784e:41963/', 'http://dc5b429f784e:40529/', 'http://dc5b429f784e:33879/', 'http://dc5b429f784e:32893/']: sec=0.00, result=[1, '', 0]
[rosmaster.master][INFO] 2019-06-28 14:43:03,114: -SUB [/clock] /mybot_spawn http://dc5b429f784e:32893/
[rosmaster.master][INFO] 2019-06-28 14:43:03,114: -PUB [/rosout] /mybot_spawn http://dc5b429f784e:32893/
[rosmaster.master][INFO] 2019-06-28 14:43:03,114: -SERVICE [/mybot_spawn/set_logger_level] /mybot_spawn rosrpc://dc5b429f784e:38327
[rosmaster.master][INFO] 2019-06-28 14:43:03,114: -SERVICE [/mybot_spawn/get_loggers] /mybot_spawn rosrpc://dc5b429f784e:38327
[rosmaster.master][ERROR] 2019-06-28 14:43:03,126: Traceback (most recent call last):
  File "/opt/ros/kinetic/lib/python2.7/dist-packages/rosmaster/master_api.py", line 177, in validated_f
    code, msg, val = f(*newArgs, **kwds)
  File "/opt/ros/kinetic/lib/python2.7/dist-packages/rosmaster/master_api.py", line 435, in searchParam
    search_key = self.param_server.search_param(caller_id, key)
  File "/opt/ros/kinetic/lib/python2.7/dist-packages/rosmaster/paramserver.py", line 116, in search_param
    raise ValueError("namespace must be global")
ValueError: namespace must be global

[rosmaster.master][INFO] 2019-06-28 14:43:03,127: +PUB [/m2wr/laser/scan] /gazebo http://dc5b429f784e:33879/
[rosmaster.master][INFO] 2019-06-28 14:43:03,177: publisherUpdate[/rosout] -> http://dc5b429f784e:45131/ ['http://dc5b429f784e:46381/', 'http://dc5b429f784e:41963/', 'http://dc5b429f784e:40529/', 'http://dc5b429f784e:33879/']
[rosmaster.master][INFO] 2019-06-28 14:43:03,177: publisherUpdate[/rosout] -> http://dc5b429f784e:45131/ ['http://dc5b429f784e:46381/', 'http://dc5b429f784e:41963/', 'http://dc5b429f784e:40529/', 'http://dc5b429f784e:33879/']: sec=0.00, result=[1, '', 0]
[rosmaster.master][ERROR] 2019-06-28 14:43:03,218: Traceback (most recent call last):
  File "/opt/ros/kinetic/lib/python2.7/dist-packages/rosmaster/master_api.py", line 177, in validated_f
    code, msg, val = f(*newArgs, **kwds)
  File "/opt/ros/kinetic/lib/python2.7/dist-packages/rosmaster/master_api.py", line 435, in searchParam
    search_key = self.param_server.search_param(caller_id, key)
  File "/opt/ros/kinetic/lib/python2.7/dist-packages/rosmaster/paramserver.py", line 116, in search_param
    raise ValueError("namespace must be global")
ValueError: namespace must be global

[rosmaster.master][INFO] 2019-06-28 14:43:03,219: +PUB [/joint_states] /gazebo http://dc5b429f784e:33879/
[rosmaster.master][INFO] 2019-06-28 14:43:03,221: +PUB [/tf] /gazebo http://dc5b429f784e:33879/
[rosmaster.master][INFO] 2019-06-28 14:43:03,226: +SUB [/cmd_vel] /gazebo http://dc5b429f784e:33879/
[rosmaster.master][INFO] 2019-06-28 14:43:03,228: +PUB [/odom] /gazebo http://dc5b429f784e:33879/
[rosmaster.master][INFO] 2019-06-28 14:43:03,278: publisherUpdate[/joint_states] -> http://dc5b429f784e:46381/ ['http://dc5b429f784e:41963/', 'http://dc5b429f784e:33879/']
[rosmaster.master][INFO] 2019-06-28 14:43:03,279: publisherUpdate[/tf] -> http://dc5b429f784e:40529/ ['http://dc5b429f784e:46381/', 'http://dc5b429f784e:33879/']
[rosmaster.master][INFO] 2019-06-28 14:43:03,279: publisherUpdate[/joint_states] -> http://dc5b429f784e:46381/ ['http://dc5b429f784e:41963/', 'http://dc5b429f784e:33879/']: sec=0.00, result=[1, '', 0]
[rosmaster.master][INFO] 2019-06-28 14:43:03,279: publisherUpdate[/tf] -> http://dc5b429f784e:40529/ ['http://dc5b429f784e:46381/', 'http://dc5b429f784e:33879/']: sec=0.00, result=[1, '', 0]
[rosmaster.master][INFO] 2019-06-28 14:43:11,649: +SERVICE [/gazebo/set_parameters] /gazebo http://dc5b429f784e:33879/
[rosmaster.master][INFO] 2019-06-28 14:43:11,650: +PUB [/gazebo/parameter_descriptions] /gazebo http://dc5b429f784e:33879/
[rosmaster.master][INFO] 2019-06-28 14:43:11,651: +PUB [/gazebo/parameter_updates] /gazebo http://dc5b429f784e:33879/
[rosmaster.master][INFO] 2019-06-28 14:43:11,665: +PARAM [/gazebo/time_step] by /gazebo
[rosmaster.master][INFO] 2019-06-28 14:43:11,666: +PARAM [/gazebo/max_update_rate] by /gazebo
[rosmaster.master][INFO] 2019-06-28 14:43:11,667: +PARAM [/gazebo/gravity_x] by /gazebo
[rosmaster.master][INFO] 2019-06-28 14:43:11,668: +PARAM [/gazebo/gravity_y] by /gazebo
[rosmaster.master][INFO] 2019-06-28 14:43:11,669: +PARAM [/gazebo/gravity_z] by /gazebo
[rosmaster.master][INFO] 2019-06-28 14:43:11,670: +PARAM [/gazebo/auto_disable_bodies] by /gazebo
[rosmaster.master][INFO] 2019-06-28 14:43:11,671: +PARAM [/gazebo/sor_pgs_precon_iters] by /gazebo
[rosmaster.master][INFO] 2019-06-28 14:43:11,672: +PARAM [/gazebo/sor_pgs_iters] by /gazebo
[rosmaster.master][INFO] 2019-06-28 14:43:11,674: +PARAM [/gazebo/sor_pgs_w] by /gazebo
[rosmaster.master][INFO] 2019-06-28 14:43:11,675: +PARAM [/gazebo/sor_pgs_rms_error_tol] by /gazebo
[rosmaster.master][INFO] 2019-06-28 14:43:11,676: +PARAM [/gazebo/cfm] by /gazebo
[rosmaster.master][INFO] 2019-06-28 14:43:11,677: +PARAM [/gazebo/erp] by /gazebo
[rosmaster.master][INFO] 2019-06-28 14:43:11,678: +PARAM [/gazebo/contact_surface_layer] by /gazebo
[rosmaster.master][INFO] 2019-06-28 14:43:11,679: +PARAM [/gazebo/contact_max_correcting_vel] by /gazebo
[rosmaster.master][INFO] 2019-06-28 14:43:11,680: +PARAM [/gazebo/max_contacts] by /gazebo
[rosmaster.master][INFO] 2019-06-28 14:43:11,689: +PARAM [/gazebo/time_step] by /gazebo
[rosmaster.master][INFO] 2019-06-28 14:43:11,690: +PARAM [/gazebo/max_update_rate] by /gazebo
[rosmaster.master][INFO] 2019-06-28 14:43:11,692: +PARAM [/gazebo/gravity_x] by /gazebo
[rosmaster.master][INFO] 2019-06-28 14:43:11,693: +PARAM [/gazebo/gravity_y] by /gazebo
[rosmaster.master][INFO] 2019-06-28 14:43:11,694: +PARAM [/gazebo/gravity_z] by /gazebo
[rosmaster.master][INFO] 2019-06-28 14:43:11,704: +PARAM [/gazebo/auto_disable_bodies] by /gazebo
[rosmaster.master][INFO] 2019-06-28 14:43:11,705: +PARAM [/gazebo/sor_pgs_precon_iters] by /gazebo
[rosmaster.master][INFO] 2019-06-28 14:43:11,707: +PARAM [/gazebo/sor_pgs_iters] by /gazebo
[rosmaster.master][INFO] 2019-06-28 14:43:11,708: +PARAM [/gazebo/sor_pgs_w] by /gazebo
[rosmaster.master][INFO] 2019-06-28 14:43:11,709: +PARAM [/gazebo/sor_pgs_rms_error_tol] by /gazebo
[rosmaster.master][INFO] 2019-06-28 14:43:11,711: +PARAM [/gazebo/cfm] by /gazebo
[rosmaster.master][INFO] 2019-06-28 14:43:11,712: +PARAM [/gazebo/erp] by /gazebo
[rosmaster.master][INFO] 2019-06-28 14:43:11,713: +PARAM [/gazebo/contact_surface_layer] by /gazebo
[rosmaster.master][INFO] 2019-06-28 14:43:11,714: +PARAM [/gazebo/contact_max_correcting_vel] by /gazebo
[rosmaster.master][INFO] 2019-06-28 14:43:11,715: +PARAM [/gazebo/max_contacts] by /gazebo
[rosmaster.master][INFO] 2019-06-28 14:45:00,052: +SUB [/m2wr/laser/scan] /rviz http://dc5b429f784e:40529/
[rosmaster.master][INFO] 2019-06-28 14:53:11,373: -SUB [/m2wr/laser/scan] /rviz http://dc5b429f784e:40529/
[rosmaster.master][INFO] 2019-06-28 14:53:11,377: -PUB [/clicked_point] /rviz http://dc5b429f784e:40529/
[rosmaster.master][INFO] 2019-06-28 14:53:11,380: -PUB [/move_base_simple/goal] /rviz http://dc5b429f784e:40529/
[rosmaster.master][INFO] 2019-06-28 14:53:11,382: -PUB [/initialpose] /rviz http://dc5b429f784e:40529/
[rosmaster.master][INFO] 2019-06-28 14:53:11,391: -SUB [/tf_static] /rviz http://dc5b429f784e:40529/
[rosmaster.master][INFO] 2019-06-28 14:53:11,393: -SUB [/tf] /rviz http://dc5b429f784e:40529/
[rosmaster.master][INFO] 2019-06-28 14:53:11,398: -SERVICE [/rviz/reload_shaders] /rviz rosrpc://dc5b429f784e:58617
[rosmaster.master][INFO] 2019-06-28 14:53:11,555: -PUB [/rosout] /rviz http://dc5b429f784e:40529/
[rosmaster.master][INFO] 2019-06-28 14:53:11,557: -SERVICE [/rviz/get_loggers] /rviz rosrpc://dc5b429f784e:58617
[rosmaster.master][INFO] 2019-06-28 14:53:11,558: -SERVICE [/rviz/set_logger_level] /rviz rosrpc://dc5b429f784e:58617
[rosmaster.master][INFO] 2019-06-28 14:53:11,560: publisherUpdate[/rosout] -> http://dc5b429f784e:45131/ ['http://dc5b429f784e:46381/', 'http://dc5b429f784e:41963/', 'http://dc5b429f784e:33879/']
[rosmaster.master][INFO] 2019-06-28 14:53:11,561: publisherUpdate[/rosout] -> http://dc5b429f784e:45131/ ['http://dc5b429f784e:46381/', 'http://dc5b429f784e:41963/', 'http://dc5b429f784e:33879/']: sec=0.00, result=[1, '', 0]
[rosmaster.master][INFO] 2019-06-28 14:53:16,172: -PUB [/rosout] /robot_state_publisher http://dc5b429f784e:46381/
[rosmaster.master][INFO] 2019-06-28 14:53:16,174: -PUB [/tf] /robot_state_publisher http://dc5b429f784e:46381/
[rosmaster.master][INFO] 2019-06-28 14:53:16,175: -PUB [/tf_static] /robot_state_publisher http://dc5b429f784e:46381/
[rosmaster.master][INFO] 2019-06-28 14:53:16,176: -SUB [/joint_states] /robot_state_publisher http://dc5b429f784e:46381/
[rosmaster.master][INFO] 2019-06-28 14:53:16,177: -SERVICE [/robot_state_publisher/get_loggers] /robot_state_publisher rosrpc://dc5b429f784e:56415
[rosmaster.master][INFO] 2019-06-28 14:53:16,178: -SERVICE [/robot_state_publisher/set_logger_level] /robot_state_publisher rosrpc://dc5b429f784e:56415
[rosmaster.master][INFO] 2019-06-28 14:53:16,190: publisherUpdate[/rosout] -> http://dc5b429f784e:45131/ ['http://dc5b429f784e:41963/', 'http://dc5b429f784e:33879/']
[rosmaster.master][INFO] 2019-06-28 14:53:16,191: publisherUpdate[/rosout] -> http://dc5b429f784e:45131/ ['http://dc5b429f784e:41963/', 'http://dc5b429f784e:33879/']: sec=0.00, result=[1, '', 0]
[rosmaster.master][INFO] 2019-06-28 14:53:16,392: -PUB [/rosout_agg] /rosout http://dc5b429f784e:45131/
[rosmaster.master][INFO] 2019-06-28 14:53:16,394: -SUB [/rosout] /rosout http://dc5b429f784e:45131/
[rosmaster.master][INFO] 2019-06-28 14:53:16,394: -SERVICE [/rosout/get_loggers] /rosout rosrpc://dc5b429f784e:40887
[rosmaster.master][INFO] 2019-06-28 14:53:16,395: -SERVICE [/rosout/set_logger_level] /rosout rosrpc://dc5b429f784e:40887
[rosmaster.main][INFO] 2019-06-28 14:53:16,407: keyboard interrupt, will exit
[rosmaster.main][INFO] 2019-06-28 14:53:16,407: stopping master...
[rospy.core][INFO] 2019-06-28 14:53:16,407: signal_shutdown [atexit]
