[rospy.client][INFO] 2019-06-25 15:05:05,860: init_node, name[/default_controllers_spawner], pid[97543]
[xmlrpc][INFO] 2019-06-25 15:05:05,861: XML-RPC server binding to 0.0.0.0:0
[xmlrpc][INFO] 2019-06-25 15:05:05,862: Started XML-RPC server [http://dc5b429f784e:39733/]
[rospy.impl.masterslave][INFO] 2019-06-25 15:05:05,862: _ready: http://dc5b429f784e:39733/
[rospy.init][INFO] 2019-06-25 15:05:05,863: ROS Slave URI: [http://dc5b429f784e:39733/]
[xmlrpc][INFO] 2019-06-25 15:05:05,870: xml rpc node: starting XML-RPC server
[rospy.registration][INFO] 2019-06-25 15:05:05,875: Registering with master node http://localhost:11311
[rospy.init][INFO] 2019-06-25 15:05:05,970: registered with master
[rospy.rosout][INFO] 2019-06-25 15:05:05,970: initializing /rosout core topic
[rospy.rosout][INFO] 2019-06-25 15:05:05,988: connected to core topic /rosout
[rospy.simtime][INFO] 2019-06-25 15:05:05,990: initializing /clock core topic
[rospy.simtime][INFO] 2019-06-25 15:05:05,995: connected to core topic /clock
[rospy.internal][INFO] 2019-06-25 15:05:06,112: topic[/rosout] adding connection to [/rosout], count 0
[rospy.core][INFO] 2019-06-25 15:07:27,122: signal_shutdown [signal-2]
[rospy.internal][INFO] 2019-06-25 15:07:27,127: topic[/rosout] removing connection to /rosout
[rospy.impl.masterslave][INFO] 2019-06-25 15:07:27,128: signal-2
[rospy.core][INFO] 2019-06-25 15:07:27,743: signal_shutdown [atexit]
[rospy.client][INFO] 2019-06-25 15:07:50,665: init_node, name[/default_controllers_spawner], pid[2154]
[xmlrpc][INFO] 2019-06-25 15:07:50,666: XML-RPC server binding to 0.0.0.0:0
[xmlrpc][INFO] 2019-06-25 15:07:50,666: Started XML-RPC server [http://dc5b429f784e:35319/]
[rospy.init][INFO] 2019-06-25 15:07:50,667: ROS Slave URI: [http://dc5b429f784e:35319/]
[rospy.impl.masterslave][INFO] 2019-06-25 15:07:50,667: _ready: http://dc5b429f784e:35319/
[xmlrpc][INFO] 2019-06-25 15:07:50,669: xml rpc node: starting XML-RPC server
[rospy.registration][INFO] 2019-06-25 15:07:50,670: Registering with master node http://localhost:11311
[rospy.init][INFO] 2019-06-25 15:07:50,768: registered with master
[rospy.rosout][INFO] 2019-06-25 15:07:50,768: initializing /rosout core topic
[rospy.rosout][INFO] 2019-06-25 15:07:50,772: connected to core topic /rosout
[rospy.simtime][INFO] 2019-06-25 15:07:50,775: initializing /clock core topic
[rospy.simtime][INFO] 2019-06-25 15:07:50,780: connected to core topic /clock
[rospy.internal][INFO] 2019-06-25 15:07:51,040: topic[/rosout] adding connection to [/rosout], count 0
[rospy.core][INFO] 2019-06-25 15:09:12,101: signal_shutdown [signal-2]
[rospy.internal][INFO] 2019-06-25 15:09:12,113: topic[/rosout] removing connection to /rosout
[rospy.impl.masterslave][INFO] 2019-06-25 15:09:12,113: signal-2
[rospy.core][INFO] 2019-06-25 15:09:12,246: signal_shutdown [atexit]
[rospy.client][INFO] 2019-06-25 15:10:59,343: init_node, name[/default_controllers_spawner], pid[7286]
[xmlrpc][INFO] 2019-06-25 15:10:59,346: XML-RPC server binding to 0.0.0.0:0
[rospy.init][INFO] 2019-06-25 15:10:59,347: ROS Slave URI: [http://dc5b429f784e:38319/]
[xmlrpc][INFO] 2019-06-25 15:10:59,347: Started XML-RPC server [http://dc5b429f784e:38319/]
[rospy.impl.masterslave][INFO] 2019-06-25 15:10:59,348: _ready: http://dc5b429f784e:38319/
[xmlrpc][INFO] 2019-06-25 15:10:59,348: xml rpc node: starting XML-RPC server
[rospy.registration][INFO] 2019-06-25 15:10:59,350: Registering with master node http://localhost:11311
[rospy.init][INFO] 2019-06-25 15:10:59,451: registered with master
[rospy.rosout][INFO] 2019-06-25 15:10:59,452: initializing /rosout core topic
[rospy.rosout][INFO] 2019-06-25 15:10:59,458: connected to core topic /rosout
[rospy.simtime][INFO] 2019-06-25 15:10:59,461: initializing /clock core topic
[rospy.simtime][INFO] 2019-06-25 15:10:59,477: connected to core topic /clock
[rospy.internal][INFO] 2019-06-25 15:10:59,754: topic[/rosout] adding connection to [/rosout], count 0
[rospy.core][INFO] 2019-06-25 15:11:38,839: signal_shutdown [signal-2]
[rospy.internal][INFO] 2019-06-25 15:11:38,844: topic[/rosout] removing connection to /rosout
[rospy.impl.masterslave][INFO] 2019-06-25 15:11:38,844: signal-2
[rospy.core][INFO] 2019-06-25 15:11:38,977: signal_shutdown [atexit]
[rospy.client][INFO] 2019-06-25 15:14:36,191: init_node, name[/default_controllers_spawner], pid[14264]
[xmlrpc][INFO] 2019-06-25 15:14:36,193: XML-RPC server binding to 0.0.0.0:0
[xmlrpc][INFO] 2019-06-25 15:14:36,194: Started XML-RPC server [http://dc5b429f784e:42397/]
[rospy.impl.masterslave][INFO] 2019-06-25 15:14:36,194: _ready: http://dc5b429f784e:42397/
[xmlrpc][INFO] 2019-06-25 15:14:36,194: xml rpc node: starting XML-RPC server
[rospy.registration][INFO] 2019-06-25 15:14:36,195: Registering with master node http://localhost:11311
[rospy.init][INFO] 2019-06-25 15:14:36,198: ROS Slave URI: [http://dc5b429f784e:42397/]
[rospy.init][INFO] 2019-06-25 15:14:36,198: registered with master
[rospy.rosout][INFO] 2019-06-25 15:14:36,199: initializing /rosout core topic
[rospy.rosout][INFO] 2019-06-25 15:14:36,203: connected to core topic /rosout
[rospy.simtime][INFO] 2019-06-25 15:14:36,205: initializing /clock core topic
[rospy.simtime][INFO] 2019-06-25 15:14:36,208: connected to core topic /clock
[rospy.internal][INFO] 2019-06-25 15:14:36,425: topic[/rosout] adding connection to [/rosout], count 0
[rospy.core][INFO] 2019-06-25 15:14:53,399: signal_shutdown [signal-2]
[rospy.internal][INFO] 2019-06-25 15:14:53,404: topic[/rosout] removing connection to /rosout
[rospy.impl.masterslave][INFO] 2019-06-25 15:14:53,404: signal-2
[rospy.core][INFO] 2019-06-25 15:14:53,569: signal_shutdown [atexit]
