[rospy.client][INFO] 2019-06-25 14:48:51,388: init_node, name[/mybot_spawn], pid[91079]
[xmlrpc][INFO] 2019-06-25 14:48:51,388: XML-RPC server binding to 0.0.0.0:0
[xmlrpc][INFO] 2019-06-25 14:48:51,389: Started XML-RPC server [http://dc5b429f784e:38089/]
[rospy.init][INFO] 2019-06-25 14:48:51,389: ROS Slave URI: [http://dc5b429f784e:38089/]
[rospy.impl.masterslave][INFO] 2019-06-25 14:48:51,389: _ready: http://dc5b429f784e:38089/
[xmlrpc][INFO] 2019-06-25 14:48:51,390: xml rpc node: starting XML-RPC server
[rospy.registration][INFO] 2019-06-25 14:48:51,390: Registering with master node http://localhost:11311
[rospy.init][INFO] 2019-06-25 14:48:51,489: registered with master
[rospy.rosout][INFO] 2019-06-25 14:48:51,490: initializing /rosout core topic
[rospy.rosout][INFO] 2019-06-25 14:48:51,493: connected to core topic /rosout
[rospy.simtime][INFO] 2019-06-25 14:48:51,495: initializing /clock core topic
[rospy.simtime][INFO] 2019-06-25 14:48:51,499: connected to core topic /clock
[rosout][INFO] 2019-06-25 14:48:51,502: Loading model XML from ros parameter
[rosout][INFO] 2019-06-25 14:48:51,507: Waiting for service /gazebo/spawn_urdf_model
[rospy.internal][INFO] 2019-06-25 14:48:51,508: topic[/clock] adding connection to [http://dc5b429f784e:36385/], count 0
[rosout][INFO] 2019-06-25 14:48:51,510: Calling service /gazebo/spawn_urdf_model
[rospy.internal][INFO] 2019-06-25 14:48:51,707: topic[/rosout] adding connection to [/rosout], count 0
[rosout][INFO] 2019-06-25 14:48:51,849: Spawn status: SpawnModel: Successfully spawned entity
[rospy.core][INFO] 2019-06-25 14:48:51,849: signal_shutdown [atexit]
[rospy.internal][INFO] 2019-06-25 14:48:51,853: topic[/rosout] removing connection to /rosout
[rospy.internal][INFO] 2019-06-25 14:48:51,854: topic[/clock] removing connection to http://dc5b429f784e:36385/
[rospy.impl.masterslave][INFO] 2019-06-25 14:48:51,854: atexit
