[rospy.client][INFO] 2019-06-25 14:54:24,193: init_node, name[/mybot_spawn], pid[91969]
[xmlrpc][INFO] 2019-06-25 14:54:24,193: XML-RPC server binding to 0.0.0.0:0
[rospy.init][INFO] 2019-06-25 14:54:24,194: ROS Slave URI: [http://dc5b429f784e:43615/]
[xmlrpc][INFO] 2019-06-25 14:54:24,194: Started XML-RPC server [http://dc5b429f784e:43615/]
[rospy.impl.masterslave][INFO] 2019-06-25 14:54:24,194: _ready: http://dc5b429f784e:43615/
[xmlrpc][INFO] 2019-06-25 14:54:24,195: xml rpc node: starting XML-RPC server
[rospy.registration][INFO] 2019-06-25 14:54:24,195: Registering with master node http://localhost:11311
[rospy.init][INFO] 2019-06-25 14:54:24,295: registered with master
[rospy.rosout][INFO] 2019-06-25 14:54:24,295: initializing /rosout core topic
[rospy.rosout][INFO] 2019-06-25 14:54:24,298: connected to core topic /rosout
[rospy.simtime][INFO] 2019-06-25 14:54:24,299: initializing /clock core topic
[rospy.simtime][INFO] 2019-06-25 14:54:24,301: connected to core topic /clock
[rosout][INFO] 2019-06-25 14:54:24,305: Loading model XML from ros parameter
[rosout][INFO] 2019-06-25 14:54:24,307: Waiting for service /gazebo/spawn_urdf_model
[rospy.internal][INFO] 2019-06-25 14:54:24,517: topic[/rosout] adding connection to [/rosout], count 0
[rospy.core][INFO] 2019-06-25 14:54:25,115: signal_shutdown [signal-2]
[rospy.internal][INFO] 2019-06-25 14:54:25,120: topic[/rosout] removing connection to /rosout
[rospy.impl.masterslave][INFO] 2019-06-25 14:54:25,120: signal-2
[rospy.core][INFO] 2019-06-25 14:54:25,229: signal_shutdown [atexit]
[rospy.client][INFO] 2019-06-25 14:54:33,839: init_node, name[/mybot_spawn], pid[92108]
[xmlrpc][INFO] 2019-06-25 14:54:33,839: XML-RPC server binding to 0.0.0.0:0
[xmlrpc][INFO] 2019-06-25 14:54:33,839: Started XML-RPC server [http://dc5b429f784e:40229/]
[rospy.init][INFO] 2019-06-25 14:54:33,840: ROS Slave URI: [http://dc5b429f784e:40229/]
[rospy.impl.masterslave][INFO] 2019-06-25 14:54:33,840: _ready: http://dc5b429f784e:40229/
[rospy.registration][INFO] 2019-06-25 14:54:33,841: Registering with master node http://localhost:11311
[xmlrpc][INFO] 2019-06-25 14:54:33,841: xml rpc node: starting XML-RPC server
[rospy.init][INFO] 2019-06-25 14:54:33,941: registered with master
[rospy.rosout][INFO] 2019-06-25 14:54:33,941: initializing /rosout core topic
[rospy.rosout][INFO] 2019-06-25 14:54:33,944: connected to core topic /rosout
[rospy.simtime][INFO] 2019-06-25 14:54:33,945: initializing /clock core topic
[rospy.simtime][INFO] 2019-06-25 14:54:33,948: connected to core topic /clock
[rosout][INFO] 2019-06-25 14:54:33,963: Loading model XML from ros parameter
[rospy.internal][INFO] 2019-06-25 14:54:33,964: topic[/clock] adding connection to [http://dc5b429f784e:33363/], count 0
[rosout][INFO] 2019-06-25 14:54:33,966: Waiting for service /gazebo/spawn_urdf_model
[rosout][INFO] 2019-06-25 14:54:33,969: Calling service /gazebo/spawn_urdf_model
[rospy.internal][INFO] 2019-06-25 14:54:34,150: topic[/rosout] adding connection to [/rosout], count 0
[rosout][INFO] 2019-06-25 14:54:34,313: Spawn status: SpawnModel: Successfully spawned entity
[rospy.core][INFO] 2019-06-25 14:54:34,314: signal_shutdown [atexit]
[rospy.internal][INFO] 2019-06-25 14:54:34,317: topic[/rosout] removing connection to /rosout
[rospy.internal][INFO] 2019-06-25 14:54:34,317: topic[/clock] removing connection to http://dc5b429f784e:33363/
[rospy.impl.masterslave][INFO] 2019-06-25 14:54:34,318: atexit
