[rosmaster.main][INFO] 2019-06-30 14:26:07,629: initialization complete, waiting for shutdown
[rosmaster.main][INFO] 2019-06-30 14:26:07,629: Starting ROS Master Node
[xmlrpc][INFO] 2019-06-30 14:26:07,630: XML-RPC server binding to 0.0.0.0:11311
[xmlrpc][INFO] 2019-06-30 14:26:07,630: Started XML-RPC server [http://dc5b429f784e:11311/]
[xmlrpc][INFO] 2019-06-30 14:26:07,630: xml rpc node: starting XML-RPC server
[rosmaster.master][INFO] 2019-06-30 14:26:07,630: Master initialized: port[11311], uri[http://dc5b429f784e:11311/]
[rosmaster.master][INFO] 2019-06-30 14:26:07,706: +PARAM [/run_id] by /roslaunch
[rosmaster.master][INFO] 2019-06-30 14:26:07,708: +PARAM [/roslaunch/uris/host_dc5b429f784e__38385] by /roslaunch
[rosmaster.master][INFO] 2019-06-30 14:26:08,139: +PARAM [/rosversion] by /roslaunch
[rosmaster.master][INFO] 2019-06-30 14:26:08,139: +PARAM [/use_sim_time] by /roslaunch
[rosmaster.master][INFO] 2019-06-30 14:26:08,139: +PARAM [/rosdistro] by /roslaunch
[rosmaster.master][INFO] 2019-06-30 14:26:08,139: +PARAM [/robot_description] by /roslaunch
[rosmaster.master][INFO] 2019-06-30 14:26:08,155: +SERVICE [/rosout/get_loggers] /rosout http://dc5b429f784e:38185/
[rosmaster.master][INFO] 2019-06-30 14:26:08,157: +SERVICE [/rosout/set_logger_level] /rosout http://dc5b429f784e:38185/
[rosmaster.master][INFO] 2019-06-30 14:26:08,164: +SUB [/clock] /rosout http://dc5b429f784e:38185/
[rosmaster.master][INFO] 2019-06-30 14:26:08,165: +PUB [/rosout_agg] /rosout http://dc5b429f784e:38185/
[rosmaster.master][INFO] 2019-06-30 14:26:08,170: +SUB [/rosout] /rosout http://dc5b429f784e:38185/
[rosmaster.master][INFO] 2019-06-30 14:26:09,003: +PUB [/rosout] /gazebo http://dc5b429f784e:38437/
[rosmaster.master][INFO] 2019-06-30 14:26:09,005: +SERVICE [/gazebo/get_loggers] /gazebo http://dc5b429f784e:38437/
[rosmaster.master][INFO] 2019-06-30 14:26:09,006: +SERVICE [/gazebo/set_logger_level] /gazebo http://dc5b429f784e:38437/
[rosmaster.master][INFO] 2019-06-30 14:26:09,014: +SUB [/clock] /gazebo http://dc5b429f784e:38437/
[rosmaster.master][INFO] 2019-06-30 14:26:09,032: publisherUpdate[/rosout] -> http://dc5b429f784e:38185/ ['http://dc5b429f784e:38437/']
[rosmaster.master][INFO] 2019-06-30 14:26:09,033: publisherUpdate[/rosout] -> http://dc5b429f784e:38185/ ['http://dc5b429f784e:38437/']: sec=0.00, result=[1, '', 0]
[rosmaster.master][INFO] 2019-06-30 14:26:09,240: +PUB [/rosout] /gazebo_gui http://dc5b429f784e:44901/
[rosmaster.master][INFO] 2019-06-30 14:26:09,241: +SERVICE [/gazebo_gui/get_loggers] /gazebo_gui http://dc5b429f784e:44901/
[rosmaster.master][INFO] 2019-06-30 14:26:09,242: +SERVICE [/gazebo_gui/set_logger_level] /gazebo_gui http://dc5b429f784e:44901/
[rosmaster.master][INFO] 2019-06-30 14:26:09,248: +SUB [/clock] /gazebo_gui http://dc5b429f784e:44901/
[rosmaster.master][INFO] 2019-06-30 14:26:09,259: publisherUpdate[/rosout] -> http://dc5b429f784e:38185/ ['http://dc5b429f784e:38437/', 'http://dc5b429f784e:44901/']
[rosmaster.master][INFO] 2019-06-30 14:26:09,260: publisherUpdate[/rosout] -> http://dc5b429f784e:38185/ ['http://dc5b429f784e:38437/', 'http://dc5b429f784e:44901/']: sec=0.00, result=[1, '', 0]
[rosmaster.master][INFO] 2019-06-30 14:26:09,324: +PUB [/clock] /gazebo http://dc5b429f784e:38437/
[rosmaster.master][INFO] 2019-06-30 14:26:09,326: +SERVICE [/gazebo/spawn_sdf_model] /gazebo http://dc5b429f784e:38437/
[rosmaster.master][INFO] 2019-06-30 14:26:09,328: +SERVICE [/gazebo/spawn_urdf_model] /gazebo http://dc5b429f784e:38437/
[rosmaster.master][INFO] 2019-06-30 14:26:09,329: +SERVICE [/gazebo/delete_model] /gazebo http://dc5b429f784e:38437/
[rosmaster.master][INFO] 2019-06-30 14:26:09,330: +SERVICE [/gazebo/delete_light] /gazebo http://dc5b429f784e:38437/
[rosmaster.master][INFO] 2019-06-30 14:26:09,332: +SERVICE [/gazebo/get_model_properties] /gazebo http://dc5b429f784e:38437/
[rosmaster.master][INFO] 2019-06-30 14:26:09,332: publisherUpdate[/clock] -> http://dc5b429f784e:38185/ ['http://dc5b429f784e:38437/']
[rosmaster.master][INFO] 2019-06-30 14:26:09,333: publisherUpdate[/clock] -> http://dc5b429f784e:38185/ ['http://dc5b429f784e:38437/']: sec=0.00, result=[1, '', 0]
[rosmaster.master][INFO] 2019-06-30 14:26:09,334: publisherUpdate[/clock] -> http://dc5b429f784e:38437/ ['http://dc5b429f784e:38437/']
[rosmaster.master][INFO] 2019-06-30 14:26:09,334: publisherUpdate[/clock] -> http://dc5b429f784e:44901/ ['http://dc5b429f784e:38437/']
[rosmaster.master][INFO] 2019-06-30 14:26:09,335: +SERVICE [/gazebo/get_model_state] /gazebo http://dc5b429f784e:38437/
[rosmaster.master][INFO] 2019-06-30 14:26:09,337: publisherUpdate[/clock] -> http://dc5b429f784e:38437/ ['http://dc5b429f784e:38437/']: sec=0.00, result=[1, '', 0]
[rosmaster.master][INFO] 2019-06-30 14:26:09,339: +SERVICE [/gazebo/get_world_properties] /gazebo http://dc5b429f784e:38437/
[rosmaster.master][INFO] 2019-06-30 14:26:09,340: publisherUpdate[/clock] -> http://dc5b429f784e:44901/ ['http://dc5b429f784e:38437/']: sec=0.00, result=[1, '', 0]
[rosmaster.master][INFO] 2019-06-30 14:26:09,341: +SERVICE [/gazebo/get_joint_properties] /gazebo http://dc5b429f784e:38437/
[rosmaster.master][INFO] 2019-06-30 14:26:09,342: +SERVICE [/gazebo/get_link_properties] /gazebo http://dc5b429f784e:38437/
[rosmaster.master][INFO] 2019-06-30 14:26:09,343: +SERVICE [/gazebo/get_link_state] /gazebo http://dc5b429f784e:38437/
[rosmaster.master][INFO] 2019-06-30 14:26:09,344: +SERVICE [/gazebo/get_light_properties] /gazebo http://dc5b429f784e:38437/
[rosmaster.master][INFO] 2019-06-30 14:26:09,345: +SERVICE [/gazebo/set_light_properties] /gazebo http://dc5b429f784e:38437/
[rosmaster.master][INFO] 2019-06-30 14:26:09,346: +SERVICE [/gazebo/get_physics_properties] /gazebo http://dc5b429f784e:38437/
[rosmaster.master][INFO] 2019-06-30 14:26:09,348: +PUB [/gazebo/link_states] /gazebo http://dc5b429f784e:38437/
[rosmaster.master][INFO] 2019-06-30 14:26:09,349: +PUB [/gazebo/model_states] /gazebo http://dc5b429f784e:38437/
[rosmaster.master][INFO] 2019-06-30 14:26:09,350: +SERVICE [/gazebo/set_link_properties] /gazebo http://dc5b429f784e:38437/
[rosmaster.master][INFO] 2019-06-30 14:26:09,351: +SERVICE [/gazebo/set_physics_properties] /gazebo http://dc5b429f784e:38437/
[rosmaster.master][INFO] 2019-06-30 14:26:09,352: +SERVICE [/gazebo/set_model_state] /gazebo http://dc5b429f784e:38437/
[rosmaster.master][INFO] 2019-06-30 14:26:09,353: +SERVICE [/gazebo/set_model_configuration] /gazebo http://dc5b429f784e:38437/
[rosmaster.master][INFO] 2019-06-30 14:26:09,354: +SERVICE [/gazebo/set_joint_properties] /gazebo http://dc5b429f784e:38437/
[rosmaster.master][INFO] 2019-06-30 14:26:09,355: +SERVICE [/gazebo/set_link_state] /gazebo http://dc5b429f784e:38437/
[rosmaster.master][INFO] 2019-06-30 14:26:09,361: +SUB [/gazebo/set_link_state] /gazebo http://dc5b429f784e:38437/
[rosmaster.master][INFO] 2019-06-30 14:26:09,366: +SUB [/gazebo/set_model_state] /gazebo http://dc5b429f784e:38437/
[rosmaster.master][INFO] 2019-06-30 14:26:09,367: +SERVICE [/gazebo/pause_physics] /gazebo http://dc5b429f784e:38437/
[rosmaster.master][INFO] 2019-06-30 14:26:09,369: +SERVICE [/gazebo/unpause_physics] /gazebo http://dc5b429f784e:38437/
[rosmaster.master][INFO] 2019-06-30 14:26:09,369: +SERVICE [/gazebo/apply_body_wrench] /gazebo http://dc5b429f784e:38437/
[rosmaster.master][INFO] 2019-06-30 14:26:09,370: +SERVICE [/gazebo/apply_joint_effort] /gazebo http://dc5b429f784e:38437/
[rosmaster.master][INFO] 2019-06-30 14:26:09,371: +SERVICE [/gazebo/clear_joint_forces] /gazebo http://dc5b429f784e:38437/
[rosmaster.master][INFO] 2019-06-30 14:26:09,373: +SERVICE [/gazebo/clear_body_wrenches] /gazebo http://dc5b429f784e:38437/
[rosmaster.master][INFO] 2019-06-30 14:26:09,373: +SERVICE [/gazebo/reset_simulation] /gazebo http://dc5b429f784e:38437/
[rosmaster.master][INFO] 2019-06-30 14:26:09,374: +SERVICE [/gazebo/reset_world] /gazebo http://dc5b429f784e:38437/
[rosmaster.master][INFO] 2019-06-30 14:26:10,036: +PUB [/rosout] /mybot_spawn http://dc5b429f784e:44339/
[rosmaster.master][INFO] 2019-06-30 14:26:10,039: publisherUpdate[/rosout] -> http://dc5b429f784e:38185/ ['http://dc5b429f784e:38437/', 'http://dc5b429f784e:44901/', 'http://dc5b429f784e:44339/']
[rosmaster.master][INFO] 2019-06-30 14:26:10,040: publisherUpdate[/rosout] -> http://dc5b429f784e:38185/ ['http://dc5b429f784e:38437/', 'http://dc5b429f784e:44901/', 'http://dc5b429f784e:44339/']: sec=0.00, result=[1, '', 0]
[rosmaster.master][INFO] 2019-06-30 14:26:10,041: +SUB [/clock] /mybot_spawn http://dc5b429f784e:44339/
[rosmaster.master][INFO] 2019-06-30 14:26:10,043: +SERVICE [/mybot_spawn/get_loggers] /mybot_spawn http://dc5b429f784e:44339/
[rosmaster.master][INFO] 2019-06-30 14:26:10,045: +SERVICE [/mybot_spawn/set_logger_level] /mybot_spawn http://dc5b429f784e:44339/
[rosmaster.master][INFO] 2019-06-30 14:26:10,325: -SUB [/clock] /mybot_spawn http://dc5b429f784e:44339/
[rosmaster.master][INFO] 2019-06-30 14:26:10,325: -PUB [/rosout] /mybot_spawn http://dc5b429f784e:44339/
[rosmaster.master][INFO] 2019-06-30 14:26:10,325: -SERVICE [/mybot_spawn/set_logger_level] /mybot_spawn rosrpc://dc5b429f784e:34219
[rosmaster.master][INFO] 2019-06-30 14:26:10,325: -SERVICE [/mybot_spawn/get_loggers] /mybot_spawn rosrpc://dc5b429f784e:34219
[rosmaster.master][ERROR] 2019-06-30 14:26:10,334: Traceback (most recent call last):
  File "/opt/ros/kinetic/lib/python2.7/dist-packages/rosmaster/master_api.py", line 177, in validated_f
    code, msg, val = f(*newArgs, **kwds)
  File "/opt/ros/kinetic/lib/python2.7/dist-packages/rosmaster/master_api.py", line 435, in searchParam
    search_key = self.param_server.search_param(caller_id, key)
  File "/opt/ros/kinetic/lib/python2.7/dist-packages/rosmaster/paramserver.py", line 116, in search_param
    raise ValueError("namespace must be global")
ValueError: namespace must be global

[rosmaster.master][INFO] 2019-06-30 14:26:10,335: +PUB [/m2wr/laser/scan] /gazebo http://dc5b429f784e:38437/
[rosmaster.master][INFO] 2019-06-30 14:26:10,341: publisherUpdate[/rosout] -> http://dc5b429f784e:38185/ ['http://dc5b429f784e:38437/', 'http://dc5b429f784e:44901/']
[rosmaster.master][INFO] 2019-06-30 14:26:10,342: publisherUpdate[/rosout] -> http://dc5b429f784e:38185/ ['http://dc5b429f784e:38437/', 'http://dc5b429f784e:44901/']: sec=0.00, result=[1, '', 0]
[rosmaster.master][ERROR] 2019-06-30 14:26:10,430: Traceback (most recent call last):
  File "/opt/ros/kinetic/lib/python2.7/dist-packages/rosmaster/master_api.py", line 177, in validated_f
    code, msg, val = f(*newArgs, **kwds)
  File "/opt/ros/kinetic/lib/python2.7/dist-packages/rosmaster/master_api.py", line 435, in searchParam
    search_key = self.param_server.search_param(caller_id, key)
  File "/opt/ros/kinetic/lib/python2.7/dist-packages/rosmaster/paramserver.py", line 116, in search_param
    raise ValueError("namespace must be global")
ValueError: namespace must be global

[rosmaster.master][INFO] 2019-06-30 14:26:10,432: +PUB [/joint_states] /gazebo http://dc5b429f784e:38437/
[rosmaster.master][INFO] 2019-06-30 14:26:10,433: +PUB [/tf] /gazebo http://dc5b429f784e:38437/
[rosmaster.master][INFO] 2019-06-30 14:26:10,439: +SUB [/cmd_vel] /gazebo http://dc5b429f784e:38437/
[rosmaster.master][INFO] 2019-06-30 14:26:10,441: +PUB [/odom] /gazebo http://dc5b429f784e:38437/
[rosmaster.master][INFO] 2019-06-30 14:26:12,998: +SERVICE [/gazebo/set_parameters] /gazebo http://dc5b429f784e:38437/
[rosmaster.master][INFO] 2019-06-30 14:26:12,999: +SERVICE [/gazebo_gui/set_parameters] /gazebo_gui http://dc5b429f784e:44901/
[rosmaster.master][INFO] 2019-06-30 14:26:13,001: +PUB [/gazebo/parameter_descriptions] /gazebo http://dc5b429f784e:38437/
[rosmaster.master][INFO] 2019-06-30 14:26:13,002: +PUB [/gazebo_gui/parameter_descriptions] /gazebo_gui http://dc5b429f784e:44901/
[rosmaster.master][INFO] 2019-06-30 14:26:13,004: +PUB [/gazebo_gui/parameter_updates] /gazebo_gui http://dc5b429f784e:44901/
[rosmaster.master][INFO] 2019-06-30 14:26:13,016: +PARAM [/gazebo_gui/time_step] by /gazebo_gui
[rosmaster.master][INFO] 2019-06-30 14:26:13,017: +PARAM [/gazebo_gui/max_update_rate] by /gazebo_gui
[rosmaster.master][INFO] 2019-06-30 14:26:13,018: +PARAM [/gazebo_gui/gravity_x] by /gazebo_gui
[rosmaster.master][INFO] 2019-06-30 14:26:13,019: +PARAM [/gazebo_gui/gravity_y] by /gazebo_gui
[rosmaster.master][INFO] 2019-06-30 14:26:13,019: +PARAM [/gazebo_gui/gravity_z] by /gazebo_gui
[rosmaster.master][INFO] 2019-06-30 14:26:13,021: +PARAM [/gazebo_gui/auto_disable_bodies] by /gazebo_gui
[rosmaster.master][INFO] 2019-06-30 14:26:13,022: +PARAM [/gazebo_gui/sor_pgs_precon_iters] by /gazebo_gui
[rosmaster.master][INFO] 2019-06-30 14:26:13,023: +PARAM [/gazebo_gui/sor_pgs_iters] by /gazebo_gui
[rosmaster.master][INFO] 2019-06-30 14:26:13,024: +PARAM [/gazebo_gui/sor_pgs_w] by /gazebo_gui
[rosmaster.master][INFO] 2019-06-30 14:26:13,025: +PARAM [/gazebo_gui/sor_pgs_rms_error_tol] by /gazebo_gui
[rosmaster.master][INFO] 2019-06-30 14:26:13,026: +PARAM [/gazebo_gui/cfm] by /gazebo_gui
[rosmaster.master][INFO] 2019-06-30 14:26:13,027: +PARAM [/gazebo_gui/erp] by /gazebo_gui
[rosmaster.master][INFO] 2019-06-30 14:26:13,028: +PARAM [/gazebo_gui/contact_surface_layer] by /gazebo_gui
[rosmaster.master][INFO] 2019-06-30 14:26:13,029: +PARAM [/gazebo_gui/contact_max_correcting_vel] by /gazebo_gui
[rosmaster.master][INFO] 2019-06-30 14:26:13,030: +PARAM [/gazebo_gui/max_contacts] by /gazebo_gui
[rosmaster.master][INFO] 2019-06-30 14:26:13,036: +PUB [/gazebo/parameter_updates] /gazebo http://dc5b429f784e:38437/
[rosmaster.master][INFO] 2019-06-30 14:26:13,048: +PARAM [/gazebo_gui/time_step] by /gazebo_gui
[rosmaster.master][INFO] 2019-06-30 14:26:13,052: +PARAM [/gazebo_gui/max_update_rate] by /gazebo_gui
[rosmaster.master][INFO] 2019-06-30 14:26:13,056: +PARAM [/gazebo_gui/gravity_x] by /gazebo_gui
[rosmaster.master][INFO] 2019-06-30 14:26:13,059: +PARAM [/gazebo_gui/gravity_y] by /gazebo_gui
[rosmaster.master][INFO] 2019-06-30 14:26:13,062: +PARAM [/gazebo_gui/gravity_z] by /gazebo_gui
[rosmaster.master][INFO] 2019-06-30 14:26:13,073: +PARAM [/gazebo_gui/auto_disable_bodies] by /gazebo_gui
[rosmaster.master][INFO] 2019-06-30 14:26:13,076: +PARAM [/gazebo_gui/sor_pgs_precon_iters] by /gazebo_gui
[rosmaster.master][INFO] 2019-06-30 14:26:13,079: +PARAM [/gazebo_gui/sor_pgs_iters] by /gazebo_gui
[rosmaster.master][INFO] 2019-06-30 14:26:13,081: +PARAM [/gazebo_gui/sor_pgs_w] by /gazebo_gui
[rosmaster.master][INFO] 2019-06-30 14:26:13,083: +PARAM [/gazebo_gui/sor_pgs_rms_error_tol] by /gazebo_gui
[rosmaster.master][INFO] 2019-06-30 14:26:13,085: +PARAM [/gazebo_gui/cfm] by /gazebo_gui
[rosmaster.master][INFO] 2019-06-30 14:26:13,088: +PARAM [/gazebo_gui/erp] by /gazebo_gui
[rosmaster.master][INFO] 2019-06-30 14:26:13,091: +PARAM [/gazebo_gui/contact_surface_layer] by /gazebo_gui
[rosmaster.master][INFO] 2019-06-30 14:26:13,092: +PARAM [/gazebo/time_step] by /gazebo
[rosmaster.master][INFO] 2019-06-30 14:26:13,093: +PARAM [/gazebo_gui/contact_max_correcting_vel] by /gazebo_gui
[rosmaster.master][INFO] 2019-06-30 14:26:13,095: +PARAM [/gazebo_gui/max_contacts] by /gazebo_gui
[rosmaster.master][INFO] 2019-06-30 14:26:13,096: +PARAM [/gazebo/max_update_rate] by /gazebo
[rosmaster.master][INFO] 2019-06-30 14:26:13,097: +PARAM [/gazebo/gravity_x] by /gazebo
[rosmaster.master][INFO] 2019-06-30 14:26:13,099: +PARAM [/gazebo/gravity_y] by /gazebo
[rosmaster.master][INFO] 2019-06-30 14:26:13,103: +PARAM [/gazebo/gravity_z] by /gazebo
[rosmaster.master][INFO] 2019-06-30 14:26:13,106: +PARAM [/gazebo/auto_disable_bodies] by /gazebo
[rosmaster.master][INFO] 2019-06-30 14:26:13,108: +PARAM [/gazebo/sor_pgs_precon_iters] by /gazebo
[rosmaster.master][INFO] 2019-06-30 14:26:13,110: +PARAM [/gazebo/sor_pgs_iters] by /gazebo
[rosmaster.master][INFO] 2019-06-30 14:26:13,112: +PARAM [/gazebo/sor_pgs_w] by /gazebo
[rosmaster.master][INFO] 2019-06-30 14:26:13,126: +PARAM [/gazebo/sor_pgs_rms_error_tol] by /gazebo
[rosmaster.master][INFO] 2019-06-30 14:26:13,128: +PARAM [/gazebo/cfm] by /gazebo
[rosmaster.master][INFO] 2019-06-30 14:26:13,129: +PARAM [/gazebo/erp] by /gazebo
[rosmaster.master][INFO] 2019-06-30 14:26:13,130: +PARAM [/gazebo/contact_surface_layer] by /gazebo
[rosmaster.master][INFO] 2019-06-30 14:26:13,132: +PARAM [/gazebo/contact_max_correcting_vel] by /gazebo
[rosmaster.master][INFO] 2019-06-30 14:26:13,133: +PARAM [/gazebo/max_contacts] by /gazebo
[rosmaster.master][INFO] 2019-06-30 14:26:13,136: +PARAM [/gazebo/time_step] by /gazebo
[rosmaster.master][INFO] 2019-06-30 14:26:13,136: +PARAM [/gazebo/max_update_rate] by /gazebo
[rosmaster.master][INFO] 2019-06-30 14:26:13,137: +PARAM [/gazebo/gravity_x] by /gazebo
[rosmaster.master][INFO] 2019-06-30 14:26:13,138: +PARAM [/gazebo/gravity_y] by /gazebo
[rosmaster.master][INFO] 2019-06-30 14:26:13,139: +PARAM [/gazebo/gravity_z] by /gazebo
[rosmaster.master][INFO] 2019-06-30 14:26:13,140: +PARAM [/gazebo/auto_disable_bodies] by /gazebo
[rosmaster.master][INFO] 2019-06-30 14:26:13,141: +PARAM [/gazebo/sor_pgs_precon_iters] by /gazebo
[rosmaster.master][INFO] 2019-06-30 14:26:13,142: +PARAM [/gazebo/sor_pgs_iters] by /gazebo
[rosmaster.master][INFO] 2019-06-30 14:26:13,143: +PARAM [/gazebo/sor_pgs_w] by /gazebo
[rosmaster.master][INFO] 2019-06-30 14:26:13,145: +PARAM [/gazebo/sor_pgs_rms_error_tol] by /gazebo
[rosmaster.master][INFO] 2019-06-30 14:26:13,149: +PARAM [/gazebo/cfm] by /gazebo
[rosmaster.master][INFO] 2019-06-30 14:26:13,151: +PARAM [/gazebo/erp] by /gazebo
[rosmaster.master][INFO] 2019-06-30 14:26:13,152: +PARAM [/gazebo/contact_surface_layer] by /gazebo
[rosmaster.master][INFO] 2019-06-30 14:26:13,154: +PARAM [/gazebo/contact_max_correcting_vel] by /gazebo
[rosmaster.master][INFO] 2019-06-30 14:26:13,156: +PARAM [/gazebo/max_contacts] by /gazebo
[rosmaster.master][INFO] 2019-06-30 14:26:51,704: -PUB [/gazebo_gui/parameter_descriptions] /gazebo_gui http://dc5b429f784e:44901/
[rosmaster.master][INFO] 2019-06-30 14:26:51,705: -PUB [/gazebo_gui/parameter_updates] /gazebo_gui http://dc5b429f784e:44901/
[rosmaster.master][INFO] 2019-06-30 14:26:51,706: -SERVICE [/gazebo_gui/set_parameters] /gazebo_gui rosrpc://dc5b429f784e:43723
[rosmaster.master][INFO] 2019-06-30 14:26:51,799: -PUB [/rosout] /gazebo_gui http://dc5b429f784e:44901/
[rosmaster.master][INFO] 2019-06-30 14:26:51,800: -SUB [/clock] /gazebo_gui http://dc5b429f784e:44901/
[rosmaster.master][INFO] 2019-06-30 14:26:51,802: -SERVICE [/gazebo_gui/get_loggers] /gazebo_gui rosrpc://dc5b429f784e:43723
[rosmaster.master][INFO] 2019-06-30 14:26:51,803: -SERVICE [/gazebo_gui/set_logger_level] /gazebo_gui rosrpc://dc5b429f784e:43723
[rosmaster.master][INFO] 2019-06-30 14:26:51,817: publisherUpdate[/rosout] -> http://dc5b429f784e:38185/ ['http://dc5b429f784e:38437/']
[rosmaster.master][INFO] 2019-06-30 14:26:51,818: publisherUpdate[/rosout] -> http://dc5b429f784e:38185/ ['http://dc5b429f784e:38437/']: sec=0.00, result=[1, '', 0]
[rosmaster.master][INFO] 2019-06-30 14:26:53,380: -SUB [/gazebo/set_link_state] /gazebo http://dc5b429f784e:38437/
[rosmaster.master][INFO] 2019-06-30 14:26:53,382: -SUB [/gazebo/set_model_state] /gazebo http://dc5b429f784e:38437/
[rosmaster.master][INFO] 2019-06-30 14:26:53,383: -PUB [/clock] /gazebo http://dc5b429f784e:38437/
[rosmaster.master][INFO] 2019-06-30 14:26:53,384: -PUB [/gazebo/link_states] /gazebo http://dc5b429f784e:38437/
[rosmaster.master][INFO] 2019-06-30 14:26:53,385: -PUB [/gazebo/model_states] /gazebo http://dc5b429f784e:38437/
[rosmaster.master][INFO] 2019-06-30 14:26:53,386: -SERVICE [/gazebo/spawn_sdf_model] /gazebo rosrpc://dc5b429f784e:50177
[rosmaster.master][INFO] 2019-06-30 14:26:53,387: -SERVICE [/gazebo/spawn_urdf_model] /gazebo rosrpc://dc5b429f784e:50177
[rosmaster.master][INFO] 2019-06-30 14:26:53,388: -SERVICE [/gazebo/delete_model] /gazebo rosrpc://dc5b429f784e:50177
[rosmaster.master][INFO] 2019-06-30 14:26:53,389: -SERVICE [/gazebo/delete_light] /gazebo rosrpc://dc5b429f784e:50177
[rosmaster.master][INFO] 2019-06-30 14:26:53,390: -SERVICE [/gazebo/get_model_properties] /gazebo rosrpc://dc5b429f784e:50177
[rosmaster.master][INFO] 2019-06-30 14:26:53,391: -SERVICE [/gazebo/get_model_state] /gazebo rosrpc://dc5b429f784e:50177
[rosmaster.master][INFO] 2019-06-30 14:26:53,392: -SERVICE [/gazebo/get_world_properties] /gazebo rosrpc://dc5b429f784e:50177
[rosmaster.master][INFO] 2019-06-30 14:26:53,393: -SERVICE [/gazebo/get_joint_properties] /gazebo rosrpc://dc5b429f784e:50177
[rosmaster.master][INFO] 2019-06-30 14:26:53,394: -SERVICE [/gazebo/get_link_properties] /gazebo rosrpc://dc5b429f784e:50177
[rosmaster.master][INFO] 2019-06-30 14:26:53,395: -SERVICE [/gazebo/get_link_state] /gazebo rosrpc://dc5b429f784e:50177
[rosmaster.master][INFO] 2019-06-30 14:26:53,397: -SERVICE [/gazebo/get_light_properties] /gazebo rosrpc://dc5b429f784e:50177
[rosmaster.master][INFO] 2019-06-30 14:26:53,398: -SERVICE [/gazebo/set_light_properties] /gazebo rosrpc://dc5b429f784e:50177
[rosmaster.master][INFO] 2019-06-30 14:26:53,399: -SERVICE [/gazebo/get_physics_properties] /gazebo rosrpc://dc5b429f784e:50177
[rosmaster.master][INFO] 2019-06-30 14:26:53,401: -SERVICE [/gazebo/set_link_properties] /gazebo rosrpc://dc5b429f784e:50177
[rosmaster.master][INFO] 2019-06-30 14:26:53,402: -SERVICE [/gazebo/set_physics_properties] /gazebo rosrpc://dc5b429f784e:50177
[rosmaster.master][INFO] 2019-06-30 14:26:53,403: -SERVICE [/gazebo/set_model_state] /gazebo rosrpc://dc5b429f784e:50177
[rosmaster.master][INFO] 2019-06-30 14:26:53,403: -SERVICE [/gazebo/set_model_configuration] /gazebo rosrpc://dc5b429f784e:50177
[rosmaster.master][INFO] 2019-06-30 14:26:53,404: -SERVICE [/gazebo/set_joint_properties] /gazebo rosrpc://dc5b429f784e:50177
[rosmaster.master][INFO] 2019-06-30 14:26:53,406: -SERVICE [/gazebo/set_link_state] /gazebo rosrpc://dc5b429f784e:50177
[rosmaster.master][INFO] 2019-06-30 14:26:53,407: -SERVICE [/gazebo/pause_physics] /gazebo rosrpc://dc5b429f784e:50177
[rosmaster.master][INFO] 2019-06-30 14:26:53,408: -SERVICE [/gazebo/unpause_physics] /gazebo rosrpc://dc5b429f784e:50177
[rosmaster.master][INFO] 2019-06-30 14:26:53,409: -SERVICE [/gazebo/apply_body_wrench] /gazebo rosrpc://dc5b429f784e:50177
[rosmaster.master][INFO] 2019-06-30 14:26:53,410: -SERVICE [/gazebo/apply_joint_effort] /gazebo rosrpc://dc5b429f784e:50177
[rosmaster.master][INFO] 2019-06-30 14:26:53,411: -SERVICE [/gazebo/clear_joint_forces] /gazebo rosrpc://dc5b429f784e:50177
[rosmaster.master][INFO] 2019-06-30 14:26:53,413: -SERVICE [/gazebo/clear_body_wrenches] /gazebo rosrpc://dc5b429f784e:50177
[rosmaster.master][INFO] 2019-06-30 14:26:53,414: -SERVICE [/gazebo/reset_simulation] /gazebo rosrpc://dc5b429f784e:50177
[rosmaster.master][INFO] 2019-06-30 14:26:53,415: -SERVICE [/gazebo/reset_world] /gazebo rosrpc://dc5b429f784e:50177
[rosmaster.master][INFO] 2019-06-30 14:26:53,416: -PUB [/gazebo/parameter_descriptions] /gazebo http://dc5b429f784e:38437/
[rosmaster.master][INFO] 2019-06-30 14:26:53,417: -PUB [/gazebo/parameter_updates] /gazebo http://dc5b429f784e:38437/
[rosmaster.master][INFO] 2019-06-30 14:26:53,419: -SERVICE [/gazebo/set_parameters] /gazebo rosrpc://dc5b429f784e:50177
[rosmaster.master][INFO] 2019-06-30 14:26:53,421: publisherUpdate[/clock] -> http://dc5b429f784e:38185/ []
[rosmaster.master][INFO] 2019-06-30 14:26:53,422: publisherUpdate[/clock] -> http://dc5b429f784e:38185/ []: sec=0.00, result=[1, '', 0]
[rosmaster.master][INFO] 2019-06-30 14:26:53,422: publisherUpdate[/clock] -> http://dc5b429f784e:38437/ []
[rosmaster.master][INFO] 2019-06-30 14:26:53,422: publisherUpdate[/clock] -> http://dc5b429f784e:38437/ []: sec=0.00, result=[1, '', 0]
[rosmaster.master][INFO] 2019-06-30 14:27:13,916: -PUB [/joint_states] /gazebo http://dc5b429f784e:38437/
[rosmaster.master][INFO] 2019-06-30 14:27:13,917: -PUB [/tf] /gazebo http://dc5b429f784e:38437/
[rosmaster.master][INFO] 2019-06-30 14:29:48,985: +PARAM [/roslaunch/uris/host_dc5b429f784e__35891] by /roslaunch
[rosmaster.master][INFO] 2019-06-30 14:29:48,991: +PARAM [/rosversion] by /roslaunch
[rosmaster.master][INFO] 2019-06-30 14:29:48,991: +PARAM [/joint_state_publisher/use_gui] by /roslaunch
[rosmaster.master][INFO] 2019-06-30 14:29:48,991: +PARAM [/rosdistro] by /roslaunch
[rosmaster.master][INFO] 2019-06-30 14:29:48,991: +PARAM [/robot_description] by /roslaunch
[rosmaster.master][INFO] 2019-06-30 14:29:49,737: +PUB [/rosout] /robot_state_publisher http://dc5b429f784e:37677/
[rosmaster.master][INFO] 2019-06-30 14:29:49,739: +SERVICE [/robot_state_publisher/get_loggers] /robot_state_publisher http://dc5b429f784e:37677/
[rosmaster.master][INFO] 2019-06-30 14:29:49,740: +SERVICE [/robot_state_publisher/set_logger_level] /robot_state_publisher http://dc5b429f784e:37677/
[rosmaster.master][INFO] 2019-06-30 14:29:49,747: +SUB [/clock] /robot_state_publisher http://dc5b429f784e:37677/
[rosmaster.master][INFO] 2019-06-30 14:29:49,799: publisherUpdate[/rosout] -> http://dc5b429f784e:38185/ ['http://dc5b429f784e:38437/', 'http://dc5b429f784e:37677/']
[rosmaster.master][INFO] 2019-06-30 14:29:49,800: publisherUpdate[/rosout] -> http://dc5b429f784e:38185/ ['http://dc5b429f784e:38437/', 'http://dc5b429f784e:37677/']: sec=0.00, result=[1, '', 0]
[rosmaster.master][INFO] 2019-06-30 14:29:49,867: +PUB [/rosout] /joint_state_publisher http://dc5b429f784e:35147/
[rosmaster.master][INFO] 2019-06-30 14:29:49,871: +SUB [/clock] /joint_state_publisher http://dc5b429f784e:35147/
[rosmaster.master][INFO] 2019-06-30 14:29:49,873: +SERVICE [/joint_state_publisher/get_loggers] /joint_state_publisher http://dc5b429f784e:35147/
[rosmaster.master][INFO] 2019-06-30 14:29:49,874: +SERVICE [/joint_state_publisher/set_logger_level] /joint_state_publisher http://dc5b429f784e:35147/
[rosmaster.master][INFO] 2019-06-30 14:29:49,900: publisherUpdate[/rosout] -> http://dc5b429f784e:38185/ ['http://dc5b429f784e:38437/', 'http://dc5b429f784e:37677/', 'http://dc5b429f784e:35147/']
[rosmaster.master][INFO] 2019-06-30 14:29:49,901: -PUB [/rosout] /robot_state_publisher http://dc5b429f784e:37677/
[rosmaster.master][INFO] 2019-06-30 14:29:49,902: publisherUpdate[/rosout] -> http://dc5b429f784e:38185/ ['http://dc5b429f784e:38437/', 'http://dc5b429f784e:37677/', 'http://dc5b429f784e:35147/']: sec=0.00, result=[1, '', 0]
[rosmaster.master][INFO] 2019-06-30 14:29:49,902: publisherUpdate[/rosout] -> http://dc5b429f784e:38185/ ['http://dc5b429f784e:38437/', 'http://dc5b429f784e:35147/']
[rosmaster.master][INFO] 2019-06-30 14:29:49,903: publisherUpdate[/rosout] -> http://dc5b429f784e:38185/ ['http://dc5b429f784e:38437/', 'http://dc5b429f784e:35147/']: sec=0.00, result=[1, '', 0]
[rosmaster.master][INFO] 2019-06-30 14:29:49,904: -SUB [/clock] /robot_state_publisher http://dc5b429f784e:37677/
[rosmaster.master][INFO] 2019-06-30 14:29:49,906: -SERVICE [/robot_state_publisher/get_loggers] /robot_state_publisher rosrpc://dc5b429f784e:47643
[rosmaster.master][INFO] 2019-06-30 14:29:49,908: -SERVICE [/robot_state_publisher/set_logger_level] /robot_state_publisher rosrpc://dc5b429f784e:47643
[rosmaster.master][INFO] 2019-06-30 14:29:49,977: +PUB [/joint_states] /joint_state_publisher http://dc5b429f784e:35147/
[rosmaster.master][INFO] 2019-06-30 14:29:50,060: +PUB [/rosout] /rviz http://dc5b429f784e:34701/
[rosmaster.master][INFO] 2019-06-30 14:29:50,061: +SERVICE [/rviz/get_loggers] /rviz http://dc5b429f784e:34701/
[rosmaster.master][INFO] 2019-06-30 14:29:50,062: +SERVICE [/rviz/set_logger_level] /rviz http://dc5b429f784e:34701/
[rosmaster.master][INFO] 2019-06-30 14:29:50,070: +SUB [/clock] /rviz http://dc5b429f784e:34701/
[rosmaster.master][INFO] 2019-06-30 14:29:50,103: publisherUpdate[/rosout] -> http://dc5b429f784e:38185/ ['http://dc5b429f784e:38437/', 'http://dc5b429f784e:35147/', 'http://dc5b429f784e:34701/']
[rosmaster.master][INFO] 2019-06-30 14:29:50,104: publisherUpdate[/rosout] -> http://dc5b429f784e:38185/ ['http://dc5b429f784e:38437/', 'http://dc5b429f784e:35147/', 'http://dc5b429f784e:34701/']: sec=0.00, result=[1, '', 0]
[rosmaster.master][INFO] 2019-06-30 14:29:50,241: +SUB [/tf] /rviz http://dc5b429f784e:34701/
[rosmaster.master][INFO] 2019-06-30 14:29:50,246: +SUB [/tf_static] /rviz http://dc5b429f784e:34701/
[rosmaster.master][INFO] 2019-06-30 14:29:50,276: +PUB [/initialpose] /rviz http://dc5b429f784e:34701/
[rosmaster.master][INFO] 2019-06-30 14:29:50,278: +PUB [/goal] /rviz http://dc5b429f784e:34701/
[rosmaster.master][INFO] 2019-06-30 14:29:50,282: -PUB [/goal] /rviz http://dc5b429f784e:34701/
[rosmaster.master][INFO] 2019-06-30 14:29:50,283: -PUB [/initialpose] /rviz http://dc5b429f784e:34701/
[rosmaster.master][INFO] 2019-06-30 14:29:50,287: +PUB [/initialpose] /rviz http://dc5b429f784e:34701/
[rosmaster.master][INFO] 2019-06-30 14:29:50,288: +PUB [/goal] /rviz http://dc5b429f784e:34701/
[rosmaster.master][INFO] 2019-06-30 14:29:50,289: +PUB [/move_base_simple/goal] /rviz http://dc5b429f784e:34701/
[rosmaster.master][INFO] 2019-06-30 14:29:50,290: -PUB [/goal] /rviz http://dc5b429f784e:34701/
[rosmaster.master][INFO] 2019-06-30 14:29:50,291: +PUB [/clicked_point] /rviz http://dc5b429f784e:34701/
[rosmaster.master][INFO] 2019-06-30 14:29:50,320: +SERVICE [/rviz/reload_shaders] /rviz http://dc5b429f784e:34701/
[rosmaster.master][INFO] 2019-06-30 14:30:26,501: -PUB [/rosout] /rviz http://dc5b429f784e:34701/
[rosmaster.master][INFO] 2019-06-30 14:30:26,503: -PUB [/initialpose] /rviz http://dc5b429f784e:34701/
[rosmaster.master][INFO] 2019-06-30 14:30:26,504: -PUB [/move_base_simple/goal] /rviz http://dc5b429f784e:34701/
[rosmaster.master][INFO] 2019-06-30 14:30:26,505: -PUB [/clicked_point] /rviz http://dc5b429f784e:34701/
[rosmaster.master][INFO] 2019-06-30 14:30:26,506: -SUB [/clock] /rviz http://dc5b429f784e:34701/
[rosmaster.master][INFO] 2019-06-30 14:30:26,507: -SUB [/tf] /rviz http://dc5b429f784e:34701/
[rosmaster.master][INFO] 2019-06-30 14:30:26,508: -SUB [/tf_static] /rviz http://dc5b429f784e:34701/
[rosmaster.master][INFO] 2019-06-30 14:30:26,509: -SERVICE [/rviz/get_loggers] /rviz rosrpc://dc5b429f784e:37915
[rosmaster.master][INFO] 2019-06-30 14:30:26,510: -SERVICE [/rviz/set_logger_level] /rviz rosrpc://dc5b429f784e:37915
[rosmaster.master][INFO] 2019-06-30 14:30:26,510: -SERVICE [/rviz/reload_shaders] /rviz rosrpc://dc5b429f784e:37915
[rosmaster.master][INFO] 2019-06-30 14:30:26,519: publisherUpdate[/rosout] -> http://dc5b429f784e:38185/ ['http://dc5b429f784e:38437/', 'http://dc5b429f784e:35147/']
[rosmaster.master][INFO] 2019-06-30 14:30:26,520: publisherUpdate[/rosout] -> http://dc5b429f784e:38185/ ['http://dc5b429f784e:38437/', 'http://dc5b429f784e:35147/']: sec=0.00, result=[1, '', 0]
[rosmaster.master][INFO] 2019-06-30 14:30:29,433: -PUB [/rosout_agg] /rosout http://dc5b429f784e:38185/
[rosmaster.master][INFO] 2019-06-30 14:30:29,435: -SUB [/clock] /rosout http://dc5b429f784e:38185/
[rosmaster.master][INFO] 2019-06-30 14:30:29,436: -SUB [/rosout] /rosout http://dc5b429f784e:38185/
[rosmaster.master][INFO] 2019-06-30 14:30:29,437: -SERVICE [/rosout/get_loggers] /rosout rosrpc://dc5b429f784e:36031
[rosmaster.master][INFO] 2019-06-30 14:30:29,438: -SERVICE [/rosout/set_logger_level] /rosout rosrpc://dc5b429f784e:36031
[rosmaster.main][INFO] 2019-06-30 14:30:29,452: keyboard interrupt, will exit
[rosmaster.main][INFO] 2019-06-30 14:30:29,452: stopping master...
[rospy.core][INFO] 2019-06-30 14:30:29,453: signal_shutdown [atexit]
