[rospy.client][INFO] 2019-06-29 13:53:04,356: init_node, name[/mybot_spawn], pid[53749]
[xmlrpc][INFO] 2019-06-29 13:53:04,356: XML-RPC server binding to 0.0.0.0:0
[xmlrpc][INFO] 2019-06-29 13:53:04,356: Started XML-RPC server [http://dc5b429f784e:33355/]
[rospy.impl.masterslave][INFO] 2019-06-29 13:53:04,357: _ready: http://dc5b429f784e:33355/
[rospy.init][INFO] 2019-06-29 13:53:04,357: ROS Slave URI: [http://dc5b429f784e:33355/]
[xmlrpc][INFO] 2019-06-29 13:53:04,357: xml rpc node: starting XML-RPC server
[rospy.registration][INFO] 2019-06-29 13:53:04,358: Registering with master node http://localhost:11311
[rospy.init][INFO] 2019-06-29 13:53:04,458: registered with master
[rospy.rosout][INFO] 2019-06-29 13:53:04,458: initializing /rosout core topic
[rospy.rosout][INFO] 2019-06-29 13:53:04,461: connected to core topic /rosout
[rospy.simtime][INFO] 2019-06-29 13:53:04,462: initializing /clock core topic
[rospy.simtime][INFO] 2019-06-29 13:53:04,465: connected to core topic /clock
[rosout][INFO] 2019-06-29 13:53:04,468: Loading model XML from ros parameter
[rosout][INFO] 2019-06-29 13:53:04,472: Waiting for service /gazebo/spawn_urdf_model
[rospy.internal][INFO] 2019-06-29 13:53:04,575: topic[/rosout] adding connection to [/rosout], count 0
[rospy.core][INFO] 2019-06-29 13:53:05,241: signal_shutdown [signal-2]
[rospy.internal][INFO] 2019-06-29 13:53:05,244: topic[/rosout] removing connection to /rosout
[rospy.impl.masterslave][INFO] 2019-06-29 13:53:05,244: signal-2
[rospy.core][INFO] 2019-06-29 13:53:05,345: signal_shutdown [atexit]
[rospy.client][INFO] 2019-06-29 13:53:13,779: init_node, name[/mybot_spawn], pid[54017]
[xmlrpc][INFO] 2019-06-29 13:53:13,780: XML-RPC server binding to 0.0.0.0:0
[rospy.init][INFO] 2019-06-29 13:53:13,781: ROS Slave URI: [http://dc5b429f784e:44733/]
[xmlrpc][INFO] 2019-06-29 13:53:13,780: Started XML-RPC server [http://dc5b429f784e:44733/]
[rospy.impl.masterslave][INFO] 2019-06-29 13:53:13,789: _ready: http://dc5b429f784e:44733/
[xmlrpc][INFO] 2019-06-29 13:53:13,790: xml rpc node: starting XML-RPC server
[rospy.registration][INFO] 2019-06-29 13:53:13,790: Registering with master node http://localhost:11311
[rospy.init][INFO] 2019-06-29 13:53:13,881: registered with master
[rospy.rosout][INFO] 2019-06-29 13:53:13,881: initializing /rosout core topic
[rospy.rosout][INFO] 2019-06-29 13:53:13,884: connected to core topic /rosout
[rospy.simtime][INFO] 2019-06-29 13:53:13,885: initializing /clock core topic
[rospy.simtime][INFO] 2019-06-29 13:53:13,888: connected to core topic /clock
[rosout][INFO] 2019-06-29 13:53:13,892: Loading model XML from ros parameter
[rosout][INFO] 2019-06-29 13:53:13,896: Waiting for service /gazebo/spawn_urdf_model
[rosout][INFO] 2019-06-29 13:53:13,898: Calling service /gazebo/spawn_urdf_model
[rospy.internal][INFO] 2019-06-29 13:53:13,905: topic[/clock] adding connection to [http://dc5b429f784e:46377/], count 0
[rospy.internal][INFO] 2019-06-29 13:53:14,113: topic[/rosout] adding connection to [/rosout], count 0
[rosout][INFO] 2019-06-29 13:53:14,261: Spawn status: SpawnModel: Successfully spawned entity
[rospy.core][INFO] 2019-06-29 13:53:14,262: signal_shutdown [atexit]
[rospy.internal][INFO] 2019-06-29 13:53:14,265: topic[/rosout] removing connection to /rosout
[rospy.internal][INFO] 2019-06-29 13:53:14,266: topic[/clock] removing connection to http://dc5b429f784e:46377/
[rospy.impl.masterslave][INFO] 2019-06-29 13:53:14,266: atexit
