[rospy.client][INFO] 2019-06-29 13:51:54,891: init_node, name[/mybot_spawn], pid[52980]
[xmlrpc][INFO] 2019-06-29 13:51:54,892: XML-RPC server binding to 0.0.0.0:0
[xmlrpc][INFO] 2019-06-29 13:51:54,892: Started XML-RPC server [http://dc5b429f784e:33979/]
[rospy.impl.masterslave][INFO] 2019-06-29 13:51:54,893: _ready: http://dc5b429f784e:33979/
[rospy.init][INFO] 2019-06-29 13:51:54,893: ROS Slave URI: [http://dc5b429f784e:33979/]
[xmlrpc][INFO] 2019-06-29 13:51:54,894: xml rpc node: starting XML-RPC server
[rospy.registration][INFO] 2019-06-29 13:51:54,895: Registering with master node http://localhost:11311
[rospy.init][INFO] 2019-06-29 13:51:54,994: registered with master
[rospy.rosout][INFO] 2019-06-29 13:51:54,994: initializing /rosout core topic
[rospy.rosout][INFO] 2019-06-29 13:51:54,996: connected to core topic /rosout
[rospy.simtime][INFO] 2019-06-29 13:51:54,997: initializing /clock core topic
[rospy.simtime][INFO] 2019-06-29 13:51:55,000: connected to core topic /clock
[rosout][INFO] 2019-06-29 13:51:55,003: Loading model XML from ros parameter
[rosout][INFO] 2019-06-29 13:51:55,008: Waiting for service /gazebo/spawn_urdf_model
[rospy.internal][INFO] 2019-06-29 13:51:55,011: topic[/clock] adding connection to [http://dc5b429f784e:40177/], count 0
[rosout][INFO] 2019-06-29 13:51:55,010: Calling service /gazebo/spawn_urdf_model
[rospy.internal][INFO] 2019-06-29 13:51:55,282: topic[/rosout] adding connection to [/rosout], count 0
[rosout][INFO] 2019-06-29 13:51:55,549: Spawn status: SpawnModel: Successfully spawned entity
[rospy.core][INFO] 2019-06-29 13:51:55,549: signal_shutdown [atexit]
[rospy.internal][INFO] 2019-06-29 13:51:55,561: topic[/rosout] removing connection to /rosout
[rospy.internal][INFO] 2019-06-29 13:51:55,561: topic[/clock] removing connection to http://dc5b429f784e:40177/
[rospy.impl.masterslave][INFO] 2019-06-29 13:51:55,561: atexit
