[rospy.client][INFO] 2019-06-29 15:34:41,753: init_node, name[/mybot_spawn], pid[2511]
[xmlrpc][INFO] 2019-06-29 15:34:41,754: XML-RPC server binding to 0.0.0.0:0
[rospy.init][INFO] 2019-06-29 15:34:41,754: ROS Slave URI: [http://dc5b429f784e:46865/]
[xmlrpc][INFO] 2019-06-29 15:34:41,754: Started XML-RPC server [http://dc5b429f784e:46865/]
[rospy.impl.masterslave][INFO] 2019-06-29 15:34:41,755: _ready: http://dc5b429f784e:46865/
[xmlrpc][INFO] 2019-06-29 15:34:41,755: xml rpc node: starting XML-RPC server
[rospy.registration][INFO] 2019-06-29 15:34:41,756: Registering with master node http://localhost:11311
[rospy.init][INFO] 2019-06-29 15:34:41,855: registered with master
[rospy.rosout][INFO] 2019-06-29 15:34:41,855: initializing /rosout core topic
[rospy.rosout][INFO] 2019-06-29 15:34:41,857: connected to core topic /rosout
[rospy.simtime][INFO] 2019-06-29 15:34:41,859: initializing /clock core topic
[rospy.simtime][INFO] 2019-06-29 15:34:41,861: connected to core topic /clock
[rosout][INFO] 2019-06-29 15:34:41,865: Loading model XML from ros parameter
[rosout][INFO] 2019-06-29 15:34:41,869: Waiting for service /gazebo/spawn_urdf_model
[rosout][INFO] 2019-06-29 15:34:41,872: Calling service /gazebo/spawn_urdf_model
[rospy.internal][INFO] 2019-06-29 15:34:41,872: topic[/clock] adding connection to [http://dc5b429f784e:33381/], count 0
[rospy.internal][INFO] 2019-06-29 15:34:42,099: topic[/rosout] adding connection to [/rosout], count 0
[rosout][INFO] 2019-06-29 15:34:42,336: Spawn status: SpawnModel: Successfully spawned entity
[rospy.core][INFO] 2019-06-29 15:34:42,337: signal_shutdown [atexit]
[rospy.internal][INFO] 2019-06-29 15:34:42,340: topic[/rosout] removing connection to /rosout
[rospy.internal][INFO] 2019-06-29 15:34:42,340: topic[/clock] removing connection to http://dc5b429f784e:33381/
[rospy.impl.masterslave][INFO] 2019-06-29 15:34:42,341: atexit
