[rospy.client][INFO] 2020-07-02 13:37:14,807: init_node, name[/robot2/urdf_spawner], pid[5708]
[xmlrpc][INFO] 2020-07-02 13:37:14,808: XML-RPC server binding to 0.0.0.0:0
[rospy.init][INFO] 2020-07-02 13:37:14,808: ROS Slave URI: [http://177b797fd17c:38077/]
[xmlrpc][INFO] 2020-07-02 13:37:14,808: Started XML-RPC server [http://177b797fd17c:38077/]
[rospy.impl.masterslave][INFO] 2020-07-02 13:37:14,809: _ready: http://177b797fd17c:38077/
[xmlrpc][INFO] 2020-07-02 13:37:14,810: xml rpc node: starting XML-RPC server
[rospy.registration][INFO] 2020-07-02 13:37:14,810: Registering with master node http://localhost:11311
[rospy.init][INFO] 2020-07-02 13:37:14,909: registered with master
[rospy.rosout][INFO] 2020-07-02 13:37:14,909: initializing /rosout core topic
[rospy.rosout][INFO] 2020-07-02 13:37:14,912: connected to core topic /rosout
[rospy.simtime][INFO] 2020-07-02 13:37:14,913: initializing /clock core topic
[rospy.simtime][INFO] 2020-07-02 13:37:14,916: connected to core topic /clock
[rosout][INFO] 2020-07-02 13:37:14,919: Loading model XML from ros parameter
[rosout][INFO] 2020-07-02 13:37:14,923: Waiting for service /gazebo/spawn_urdf_model
[rosout][INFO] 2020-07-02 13:37:14,924: Calling service /gazebo/spawn_urdf_model
[rospy.internal][INFO] 2020-07-02 13:37:14,926: topic[/clock] adding connection to [http://177b797fd17c:36801/], count 0
[rospy.internal][INFO] 2020-07-02 13:37:15,134: topic[/rosout] adding connection to [/rosout], count 0
[rosout][INFO] 2020-07-02 13:37:15,234: Spawn status: SpawnModel: Successfully spawned entity
[rospy.core][INFO] 2020-07-02 13:37:15,234: signal_shutdown [atexit]
[rospy.internal][INFO] 2020-07-02 13:37:15,243: topic[/rosout] removing connection to /rosout
[rospy.internal][INFO] 2020-07-02 13:37:15,243: topic[/clock] removing connection to http://177b797fd17c:36801/
[rospy.internal][WARNING] 2020-07-02 13:37:15,244: Unknown error initiating TCP/IP socket to 177b797fd17c:50059 (http://177b797fd17c:36801/): Traceback (most recent call last):
  File "/opt/ros/kinetic/lib/python2.7/dist-packages/rospy/impl/tcpros_base.py", line 557, in connect
    self.read_header()
  File "/opt/ros/kinetic/lib/python2.7/dist-packages/rospy/impl/tcpros_base.py", line 650, in read_header
    self._validate_header(read_ros_handshake_header(sock, self.read_buff, self.protocol.buff_size))
AttributeError: 'NoneType' object has no attribute 'buff_size'

[rospy.topics][ERROR] 2020-07-02 13:37:15,245: Traceback (most recent call last):
  File "/opt/ros/kinetic/lib/python2.7/dist-packages/rospy/topics.py", line 326, in close
    c.close()
  File "/opt/ros/kinetic/lib/python2.7/dist-packages/rospy/impl/tcpros_base.py", line 838, in close
    self.socket.close()
AttributeError: 'NoneType' object has no attribute 'close'

[rospy.impl.masterslave][INFO] 2020-07-02 13:37:15,245: atexit
[rospy.client][INFO] 2020-07-02 13:37:16,821: init_node, name[/robot2/urdf_spawner], pid[5838]
[xmlrpc][INFO] 2020-07-02 13:37:16,821: XML-RPC server binding to 0.0.0.0:0
[rospy.init][INFO] 2020-07-02 13:37:16,821: ROS Slave URI: [http://177b797fd17c:40593/]
[xmlrpc][INFO] 2020-07-02 13:37:16,821: Started XML-RPC server [http://177b797fd17c:40593/]
[rospy.impl.masterslave][INFO] 2020-07-02 13:37:16,822: _ready: http://177b797fd17c:40593/
[xmlrpc][INFO] 2020-07-02 13:37:16,825: xml rpc node: starting XML-RPC server
[rospy.registration][INFO] 2020-07-02 13:37:16,826: Registering with master node http://localhost:11311
[rospy.init][INFO] 2020-07-02 13:37:16,922: registered with master
[rospy.rosout][INFO] 2020-07-02 13:37:16,922: initializing /rosout core topic
[rospy.rosout][INFO] 2020-07-02 13:37:16,930: connected to core topic /rosout
[rospy.simtime][INFO] 2020-07-02 13:37:16,931: initializing /clock core topic
[rospy.simtime][INFO] 2020-07-02 13:37:16,934: connected to core topic /clock
[rospy.internal][INFO] 2020-07-02 13:37:16,946: topic[/clock] adding connection to [http://177b797fd17c:36801/], count 0
[rosout][INFO] 2020-07-02 13:37:16,956: Loading model XML from ros parameter
[rosout][INFO] 2020-07-02 13:37:16,965: Waiting for service /gazebo/spawn_urdf_model
[rosout][INFO] 2020-07-02 13:37:16,967: Calling service /gazebo/spawn_urdf_model
[rosout][INFO] 2020-07-02 13:37:16,971: Spawn status: SpawnModel: Failure - entity already exists.
[rospy.core][INFO] 2020-07-02 13:37:17,037: signal_shutdown [atexit]
[rospy.internal][INFO] 2020-07-02 13:37:17,040: topic[/clock] removing connection to http://177b797fd17c:36801/
[rospy.impl.masterslave][INFO] 2020-07-02 13:37:17,040: atexit
[rospy.client][INFO] 2020-07-02 13:37:18,660: init_node, name[/robot2/urdf_spawner], pid[5868]
[xmlrpc][INFO] 2020-07-02 13:37:18,666: XML-RPC server binding to 0.0.0.0:0
[xmlrpc][INFO] 2020-07-02 13:37:18,667: Started XML-RPC server [http://177b797fd17c:34419/]
[rospy.init][INFO] 2020-07-02 13:37:18,667: ROS Slave URI: [http://177b797fd17c:34419/]
[rospy.impl.masterslave][INFO] 2020-07-02 13:37:18,667: _ready: http://177b797fd17c:34419/
[xmlrpc][INFO] 2020-07-02 13:37:18,668: xml rpc node: starting XML-RPC server
[rospy.registration][INFO] 2020-07-02 13:37:18,669: Registering with master node http://localhost:11311
[rospy.init][INFO] 2020-07-02 13:37:18,768: registered with master
[rospy.rosout][INFO] 2020-07-02 13:37:18,768: initializing /rosout core topic
[rospy.rosout][INFO] 2020-07-02 13:37:18,778: connected to core topic /rosout
[rospy.simtime][INFO] 2020-07-02 13:37:18,786: initializing /clock core topic
[rospy.simtime][INFO] 2020-07-02 13:37:18,794: connected to core topic /clock
[rosout][INFO] 2020-07-02 13:37:18,797: Loading model XML from ros parameter
[rosout][INFO] 2020-07-02 13:37:18,801: Waiting for service /gazebo/spawn_urdf_model
[rosout][INFO] 2020-07-02 13:37:18,803: Calling service /gazebo/spawn_urdf_model
[rosout][INFO] 2020-07-02 13:37:18,808: Spawn status: SpawnModel: Failure - entity already exists.
[rospy.core][INFO] 2020-07-02 13:37:18,815: signal_shutdown [atexit]
[rospy.impl.masterslave][INFO] 2020-07-02 13:37:18,820: atexit
[rospy.client][INFO] 2020-07-02 13:37:20,523: init_node, name[/robot2/urdf_spawner], pid[5886]
[xmlrpc][INFO] 2020-07-02 13:37:20,535: XML-RPC server binding to 0.0.0.0:0
[xmlrpc][INFO] 2020-07-02 13:37:20,537: Started XML-RPC server [http://177b797fd17c:33581/]
[rospy.impl.masterslave][INFO] 2020-07-02 13:37:20,537: _ready: http://177b797fd17c:33581/
[rospy.init][INFO] 2020-07-02 13:37:20,537: ROS Slave URI: [http://177b797fd17c:33581/]
[xmlrpc][INFO] 2020-07-02 13:37:20,539: xml rpc node: starting XML-RPC server
[rospy.registration][INFO] 2020-07-02 13:37:20,540: Registering with master node http://localhost:11311
[rospy.init][INFO] 2020-07-02 13:37:20,638: registered with master
[rospy.rosout][INFO] 2020-07-02 13:37:20,639: initializing /rosout core topic
[rospy.rosout][INFO] 2020-07-02 13:37:20,650: connected to core topic /rosout
[rospy.simtime][INFO] 2020-07-02 13:37:20,664: initializing /clock core topic
[rospy.simtime][INFO] 2020-07-02 13:37:20,669: connected to core topic /clock
[rosout][INFO] 2020-07-02 13:37:20,673: Loading model XML from ros parameter
[rosout][INFO] 2020-07-02 13:37:20,678: Waiting for service /gazebo/spawn_urdf_model
[rosout][INFO] 2020-07-02 13:37:20,679: Calling service /gazebo/spawn_urdf_model
[rosout][INFO] 2020-07-02 13:37:20,687: Spawn status: SpawnModel: Failure - entity already exists.
[rospy.core][INFO] 2020-07-02 13:37:20,688: signal_shutdown [atexit]
[rospy.impl.masterslave][INFO] 2020-07-02 13:37:20,693: atexit
[rospy.client][INFO] 2020-07-02 13:37:22,388: init_node, name[/robot2/urdf_spawner], pid[5905]
[xmlrpc][INFO] 2020-07-02 13:37:22,389: XML-RPC server binding to 0.0.0.0:0
[rospy.init][INFO] 2020-07-02 13:37:22,389: ROS Slave URI: [http://177b797fd17c:36181/]
[xmlrpc][INFO] 2020-07-02 13:37:22,389: Started XML-RPC server [http://177b797fd17c:36181/]
[rospy.impl.masterslave][INFO] 2020-07-02 13:37:22,389: _ready: http://177b797fd17c:36181/
[xmlrpc][INFO] 2020-07-02 13:37:22,390: xml rpc node: starting XML-RPC server
[rospy.registration][INFO] 2020-07-02 13:37:22,392: Registering with master node http://localhost:11311
[rospy.init][INFO] 2020-07-02 13:37:22,489: registered with master
[rospy.rosout][INFO] 2020-07-02 13:37:22,490: initializing /rosout core topic
[rospy.rosout][INFO] 2020-07-02 13:37:22,492: connected to core topic /rosout
[rospy.simtime][INFO] 2020-07-02 13:37:22,494: initializing /clock core topic
[rospy.simtime][INFO] 2020-07-02 13:37:22,497: connected to core topic /clock
[rosout][INFO] 2020-07-02 13:37:22,501: Loading model XML from ros parameter
[rosout][INFO] 2020-07-02 13:37:22,517: Waiting for service /gazebo/spawn_urdf_model
[rospy.internal][INFO] 2020-07-02 13:37:22,519: topic[/clock] adding connection to [http://177b797fd17c:36801/], count 0
[rosout][INFO] 2020-07-02 13:37:22,521: Calling service /gazebo/spawn_urdf_model
[rosout][INFO] 2020-07-02 13:37:22,545: Spawn status: SpawnModel: Failure - entity already exists.
[rospy.core][INFO] 2020-07-02 13:37:22,545: signal_shutdown [atexit]
[rospy.internal][INFO] 2020-07-02 13:37:22,554: topic[/clock] removing connection to http://177b797fd17c:36801/
[rospy.impl.masterslave][INFO] 2020-07-02 13:37:22,554: atexit
[rospy.client][INFO] 2020-07-02 13:37:24,775: init_node, name[/robot2/urdf_spawner], pid[5935]
[xmlrpc][INFO] 2020-07-02 13:37:24,776: XML-RPC server binding to 0.0.0.0:0
[rospy.init][INFO] 2020-07-02 13:37:24,776: ROS Slave URI: [http://177b797fd17c:38293/]
[xmlrpc][INFO] 2020-07-02 13:37:24,776: Started XML-RPC server [http://177b797fd17c:38293/]
[rospy.impl.masterslave][INFO] 2020-07-02 13:37:24,776: _ready: http://177b797fd17c:38293/
[xmlrpc][INFO] 2020-07-02 13:37:24,777: xml rpc node: starting XML-RPC server
[rospy.registration][INFO] 2020-07-02 13:37:24,777: Registering with master node http://localhost:11311
[rospy.init][INFO] 2020-07-02 13:37:24,876: registered with master
[rospy.rosout][INFO] 2020-07-02 13:37:24,877: initializing /rosout core topic
[rospy.rosout][INFO] 2020-07-02 13:37:24,882: connected to core topic /rosout
[rospy.simtime][INFO] 2020-07-02 13:37:24,886: initializing /clock core topic
[rospy.simtime][INFO] 2020-07-02 13:37:24,898: connected to core topic /clock
[rosout][INFO] 2020-07-02 13:37:24,918: Loading model XML from ros parameter
[rosout][INFO] 2020-07-02 13:37:24,922: Waiting for service /gazebo/spawn_urdf_model
[rosout][INFO] 2020-07-02 13:37:24,925: Calling service /gazebo/spawn_urdf_model
[rosout][INFO] 2020-07-02 13:37:24,931: Spawn status: SpawnModel: Failure - entity already exists.
[rospy.core][INFO] 2020-07-02 13:37:24,931: signal_shutdown [atexit]
[rospy.impl.masterslave][INFO] 2020-07-02 13:37:24,934: atexit
[rospy.client][INFO] 2020-07-02 13:37:26,575: init_node, name[/robot2/urdf_spawner], pid[5960]
[xmlrpc][INFO] 2020-07-02 13:37:26,576: XML-RPC server binding to 0.0.0.0:0
[xmlrpc][INFO] 2020-07-02 13:37:26,576: Started XML-RPC server [http://177b797fd17c:39411/]
[rospy.init][INFO] 2020-07-02 13:37:26,577: ROS Slave URI: [http://177b797fd17c:39411/]
[rospy.impl.masterslave][INFO] 2020-07-02 13:37:26,577: _ready: http://177b797fd17c:39411/
[rospy.registration][INFO] 2020-07-02 13:37:26,585: Registering with master node http://localhost:11311
[xmlrpc][INFO] 2020-07-02 13:37:26,585: xml rpc node: starting XML-RPC server
[rospy.init][INFO] 2020-07-02 13:37:26,677: registered with master
[rospy.rosout][INFO] 2020-07-02 13:37:26,678: initializing /rosout core topic
[rospy.rosout][INFO] 2020-07-02 13:37:26,688: connected to core topic /rosout
[rospy.simtime][INFO] 2020-07-02 13:37:26,690: initializing /clock core topic
[rospy.simtime][INFO] 2020-07-02 13:37:26,693: connected to core topic /clock
[rosout][INFO] 2020-07-02 13:37:26,698: Loading model XML from ros parameter
[rosout][INFO] 2020-07-02 13:37:26,702: Waiting for service /gazebo/spawn_urdf_model
[rosout][INFO] 2020-07-02 13:37:26,704: Calling service /gazebo/spawn_urdf_model
[rospy.internal][INFO] 2020-07-02 13:37:26,706: topic[/clock] adding connection to [http://177b797fd17c:36801/], count 0
[rosout][INFO] 2020-07-02 13:37:26,713: Spawn status: SpawnModel: Failure - entity already exists.
[rospy.core][INFO] 2020-07-02 13:37:26,714: signal_shutdown [atexit]
[rospy.internal][INFO] 2020-07-02 13:37:26,722: topic[/clock] removing connection to http://177b797fd17c:36801/
[rospy.impl.masterslave][INFO] 2020-07-02 13:37:26,722: atexit
[rospy.client][INFO] 2020-07-02 13:37:28,554: init_node, name[/robot2/urdf_spawner], pid[5987]
[xmlrpc][INFO] 2020-07-02 13:37:28,555: XML-RPC server binding to 0.0.0.0:0
[xmlrpc][INFO] 2020-07-02 13:37:28,556: Started XML-RPC server [http://177b797fd17c:35211/]
[rospy.impl.masterslave][INFO] 2020-07-02 13:37:28,556: _ready: http://177b797fd17c:35211/
[rospy.init][INFO] 2020-07-02 13:37:28,556: ROS Slave URI: [http://177b797fd17c:35211/]
[xmlrpc][INFO] 2020-07-02 13:37:28,558: xml rpc node: starting XML-RPC server
[rospy.registration][INFO] 2020-07-02 13:37:28,558: Registering with master node http://localhost:11311
[rospy.init][INFO] 2020-07-02 13:37:28,658: registered with master
[rospy.rosout][INFO] 2020-07-02 13:37:28,658: initializing /rosout core topic
[rospy.rosout][INFO] 2020-07-02 13:37:28,668: connected to core topic /rosout
[rospy.simtime][INFO] 2020-07-02 13:37:28,670: initializing /clock core topic
[rospy.simtime][INFO] 2020-07-02 13:37:28,673: connected to core topic /clock
[rospy.internal][INFO] 2020-07-02 13:37:28,677: topic[/clock] adding connection to [http://177b797fd17c:36801/], count 0
[rosout][INFO] 2020-07-02 13:37:28,678: Loading model XML from ros parameter
[rosout][INFO] 2020-07-02 13:37:28,683: Waiting for service /gazebo/spawn_urdf_model
[rosout][INFO] 2020-07-02 13:37:28,685: Calling service /gazebo/spawn_urdf_model
[rosout][INFO] 2020-07-02 13:37:28,692: Spawn status: SpawnModel: Failure - entity already exists.
[rospy.core][INFO] 2020-07-02 13:37:28,692: signal_shutdown [atexit]
[rospy.internal][INFO] 2020-07-02 13:37:28,700: topic[/clock] removing connection to http://177b797fd17c:36801/
[rospy.impl.masterslave][INFO] 2020-07-02 13:37:28,701: atexit
[rospy.internal][ERROR] 2020-07-02 13:37:28,701: Traceback (most recent call last):
  File "/opt/ros/kinetic/lib/python2.7/dist-packages/rospy/impl/tcpros_base.py", line 729, in receive_once
    self.stat_bytes += recv_buff(sock, b, p.buff_size)
  File "/opt/ros/kinetic/lib/python2.7/dist-packages/rospy/impl/tcpros_base.py", line 103, in recv_buff
    d = sock.recv(buff_size)
error: [Errno 104] Connection reset by peer

