[rospy.client][INFO] 2020-07-02 13:37:13,735: init_node, name[/robot1/urdf_spawner], pid[5483]
[xmlrpc][INFO] 2020-07-02 13:37:13,736: XML-RPC server binding to 0.0.0.0:0
[xmlrpc][INFO] 2020-07-02 13:37:13,736: Started XML-RPC server [http://177b797fd17c:41095/]
[rospy.init][INFO] 2020-07-02 13:37:13,736: ROS Slave URI: [http://177b797fd17c:41095/]
[rospy.impl.masterslave][INFO] 2020-07-02 13:37:13,737: _ready: http://177b797fd17c:41095/
[xmlrpc][INFO] 2020-07-02 13:37:13,737: xml rpc node: starting XML-RPC server
[rospy.registration][INFO] 2020-07-02 13:37:13,738: Registering with master node http://localhost:11311
[rospy.init][INFO] 2020-07-02 13:37:13,837: registered with master
[rospy.rosout][INFO] 2020-07-02 13:37:13,837: initializing /rosout core topic
[rospy.rosout][INFO] 2020-07-02 13:37:13,841: connected to core topic /rosout
[rospy.simtime][INFO] 2020-07-02 13:37:13,842: initializing /clock core topic
[rospy.simtime][INFO] 2020-07-02 13:37:13,845: connected to core topic /clock
[rosout][INFO] 2020-07-02 13:37:13,849: Loading model XML from ros parameter
[rosout][INFO] 2020-07-02 13:37:13,854: Waiting for service /gazebo/spawn_urdf_model
[rospy.internal][INFO] 2020-07-02 13:37:13,856: topic[/clock] adding connection to [http://177b797fd17c:36801/], count 0
[rosout][INFO] 2020-07-02 13:37:13,856: Calling service /gazebo/spawn_urdf_model
[rospy.internal][INFO] 2020-07-02 13:37:14,139: topic[/rosout] adding connection to [/rosout], count 0
[rosout][INFO] 2020-07-02 13:37:14,187: Spawn status: SpawnModel: Successfully spawned entity
[rospy.core][INFO] 2020-07-02 13:37:14,189: signal_shutdown [atexit]
[rospy.internal][INFO] 2020-07-02 13:37:14,202: topic[/rosout] removing connection to /rosout
[rospy.internal][INFO] 2020-07-02 13:37:14,202: topic[/clock] removing connection to http://177b797fd17c:36801/
[rospy.impl.masterslave][INFO] 2020-07-02 13:37:14,202: atexit
