[rospy.client][INFO] 2019-06-30 21:04:12,382: init_node, name[/mybot_spawn], pid[1958]
[xmlrpc][INFO] 2019-06-30 21:04:12,383: XML-RPC server binding to 0.0.0.0:0
[xmlrpc][INFO] 2019-06-30 21:04:12,383: Started XML-RPC server [http://dc5b429f784e:42835/]
[rospy.impl.masterslave][INFO] 2019-06-30 21:04:12,383: _ready: http://dc5b429f784e:42835/
[rospy.init][INFO] 2019-06-30 21:04:12,384: ROS Slave URI: [http://dc5b429f784e:42835/]
[xmlrpc][INFO] 2019-06-30 21:04:12,384: xml rpc node: starting XML-RPC server
[rospy.registration][INFO] 2019-06-30 21:04:12,385: Registering with master node http://localhost:11311
[rospy.init][INFO] 2019-06-30 21:04:12,485: registered with master
[rospy.rosout][INFO] 2019-06-30 21:04:12,485: initializing /rosout core topic
[rospy.rosout][INFO] 2019-06-30 21:04:12,487: connected to core topic /rosout
[rospy.simtime][INFO] 2019-06-30 21:04:12,489: initializing /clock core topic
[rospy.simtime][INFO] 2019-06-30 21:04:12,493: connected to core topic /clock
[rosout][INFO] 2019-06-30 21:04:12,497: Loading model XML from ros parameter
[rosout][INFO] 2019-06-30 21:04:12,506: Waiting for service /gazebo/spawn_urdf_model
[rospy.internal][INFO] 2019-06-30 21:04:12,504: topic[/clock] adding connection to [http://dc5b429f784e:34705/], count 0
[rosout][INFO] 2019-06-30 21:04:12,508: Calling service /gazebo/spawn_urdf_model
[rospy.internal][INFO] 2019-06-30 21:04:12,731: topic[/rosout] adding connection to [/rosout], count 0
[rosout][INFO] 2019-06-30 21:04:12,819: Spawn status: SpawnModel: Successfully spawned entity
[rospy.core][INFO] 2019-06-30 21:04:12,820: signal_shutdown [atexit]
[rospy.internal][INFO] 2019-06-30 21:04:12,823: topic[/rosout] removing connection to /rosout
[rospy.internal][INFO] 2019-06-30 21:04:12,824: topic[/clock] removing connection to http://dc5b429f784e:34705/
[rospy.impl.masterslave][INFO] 2019-06-30 21:04:12,824: atexit
