[rospy.client][INFO] 2019-06-11 09:04:38,308: init_node, name[/urdf_spawner], pid[1555]
[xmlrpc][INFO] 2019-06-11 09:04:38,308: XML-RPC server binding to 0.0.0.0:0
[xmlrpc][INFO] 2019-06-11 09:04:38,309: Started XML-RPC server [http://dc5b429f784e:33251/]
[rospy.impl.masterslave][INFO] 2019-06-11 09:04:38,309: _ready: http://dc5b429f784e:33251/
[rospy.init][INFO] 2019-06-11 09:04:38,310: ROS Slave URI: [http://dc5b429f784e:33251/]
[xmlrpc][INFO] 2019-06-11 09:04:38,310: xml rpc node: starting XML-RPC server
[rospy.registration][INFO] 2019-06-11 09:04:38,311: Registering with master node http://localhost:11311
[rospy.init][INFO] 2019-06-11 09:04:38,410: registered with master
[rospy.rosout][INFO] 2019-06-11 09:04:38,410: initializing /rosout core topic
[rospy.rosout][INFO] 2019-06-11 09:04:38,413: connected to core topic /rosout
[rospy.simtime][INFO] 2019-06-11 09:04:38,415: initializing /clock core topic
[rospy.simtime][INFO] 2019-06-11 09:04:38,418: connected to core topic /clock
[rosout][INFO] 2019-06-11 09:04:38,421: Loading model XML from ros parameter
[rosout][INFO] 2019-06-11 09:04:38,423: Waiting for service /gazebo/spawn_urdf_model
[rosout][INFO] 2019-06-11 09:04:38,426: Calling service /gazebo/spawn_urdf_model
[rospy.internal][INFO] 2019-06-11 09:04:38,428: topic[/clock] adding connection to [http://dc5b429f784e:38413/], count 0
[rosout][INFO] 2019-06-11 09:04:38,694: Spawn status: SpawnModel: Successfully spawned entity
[rospy.core][INFO] 2019-06-11 09:04:38,694: signal_shutdown [atexit]
[rospy.internal][INFO] 2019-06-11 09:04:38,698: topic[/clock] removing connection to http://dc5b429f784e:38413/
[rospy.impl.masterslave][INFO] 2019-06-11 09:04:38,699: atexit
