[rospy.client][INFO] 2019-06-29 14:05:25,242: init_node, name[/mybot_spawn], pid[58251]
[xmlrpc][INFO] 2019-06-29 14:05:25,242: XML-RPC server binding to 0.0.0.0:0
[xmlrpc][INFO] 2019-06-29 14:05:25,243: Started XML-RPC server [http://dc5b429f784e:42353/]
[rospy.init][INFO] 2019-06-29 14:05:25,243: ROS Slave URI: [http://dc5b429f784e:42353/]
[rospy.impl.masterslave][INFO] 2019-06-29 14:05:25,243: _ready: http://dc5b429f784e:42353/
[xmlrpc][INFO] 2019-06-29 14:05:25,244: xml rpc node: starting XML-RPC server
[rospy.registration][INFO] 2019-06-29 14:05:25,244: Registering with master node http://localhost:11311
[rospy.init][INFO] 2019-06-29 14:05:25,344: registered with master
[rospy.rosout][INFO] 2019-06-29 14:05:25,344: initializing /rosout core topic
[rospy.rosout][INFO] 2019-06-29 14:05:25,346: connected to core topic /rosout
[rospy.simtime][INFO] 2019-06-29 14:05:25,347: initializing /clock core topic
[rospy.simtime][INFO] 2019-06-29 14:05:25,350: connected to core topic /clock
[rosout][INFO] 2019-06-29 14:05:25,353: Loading model XML from ros parameter
[rosout][INFO] 2019-06-29 14:05:25,357: Waiting for service /gazebo/spawn_urdf_model
[rosout][INFO] 2019-06-29 14:05:25,358: Calling service /gazebo/spawn_urdf_model
[rospy.internal][INFO] 2019-06-29 14:05:25,360: topic[/clock] adding connection to [http://dc5b429f784e:40799/], count 0
[rospy.internal][INFO] 2019-06-29 14:05:25,607: topic[/rosout] adding connection to [/rosout], count 0
[rosout][INFO] 2019-06-29 14:05:25,783: Spawn status: SpawnModel: Successfully spawned entity
[rospy.core][INFO] 2019-06-29 14:05:25,783: signal_shutdown [atexit]
[rospy.internal][INFO] 2019-06-29 14:05:25,796: topic[/rosout] removing connection to /rosout
[rospy.internal][INFO] 2019-06-29 14:05:25,797: topic[/clock] removing connection to http://dc5b429f784e:40799/
[rospy.impl.masterslave][INFO] 2019-06-29 14:05:25,797: atexit
[rospy.internal][WARNING] 2019-06-29 14:05:25,798: Unknown error initiating TCP/IP socket to dc5b429f784e:39167 (http://dc5b429f784e:40799/): Traceback (most recent call last):
  File "/opt/ros/kinetic/lib/python2.7/dist-packages/rospy/impl/tcpros_base.py", line 558, in connect
    self.local_endpoint = self.socket.getsockname()
AttributeError: 'NoneType' object has no attribute 'getsockname'

