[rospy.client][INFO] 2019-06-26 09:55:31,798: init_node, name[/mybot_spawn], pid[3683]
[xmlrpc][INFO] 2019-06-26 09:55:31,799: XML-RPC server binding to 0.0.0.0:0
[xmlrpc][INFO] 2019-06-26 09:55:31,799: Started XML-RPC server [http://dc5b429f784e:43437/]
[rospy.impl.masterslave][INFO] 2019-06-26 09:55:31,799: _ready: http://dc5b429f784e:43437/
[rospy.init][INFO] 2019-06-26 09:55:31,800: ROS Slave URI: [http://dc5b429f784e:43437/]
[xmlrpc][INFO] 2019-06-26 09:55:31,800: xml rpc node: starting XML-RPC server
[rospy.registration][INFO] 2019-06-26 09:55:31,801: Registering with master node http://localhost:11311
[rospy.init][INFO] 2019-06-26 09:55:31,901: registered with master
[rospy.rosout][INFO] 2019-06-26 09:55:31,902: initializing /rosout core topic
[rospy.rosout][INFO] 2019-06-26 09:55:31,905: connected to core topic /rosout
[rospy.simtime][INFO] 2019-06-26 09:55:31,907: initializing /clock core topic
[rospy.simtime][INFO] 2019-06-26 09:55:31,910: connected to core topic /clock
[rosout][INFO] 2019-06-26 09:55:31,913: Loading model XML from ros parameter
[rosout][INFO] 2019-06-26 09:55:31,917: Waiting for service /gazebo/spawn_urdf_model
[rospy.internal][INFO] 2019-06-26 09:55:31,918: topic[/clock] adding connection to [http://dc5b429f784e:40687/], count 0
[rosout][INFO] 2019-06-26 09:55:31,919: Calling service /gazebo/spawn_urdf_model
[rospy.internal][INFO] 2019-06-26 09:55:32,106: topic[/rosout] adding connection to [/rosout], count 0
[rosout][INFO] 2019-06-26 09:55:32,128: Spawn status: SpawnModel: Successfully spawned entity
[rospy.core][INFO] 2019-06-26 09:55:32,129: signal_shutdown [atexit]
[rospy.internal][INFO] 2019-06-26 09:55:32,132: topic[/rosout] removing connection to /rosout
[rospy.internal][INFO] 2019-06-26 09:55:32,132: topic[/clock] removing connection to http://dc5b429f784e:40687/
[rospy.impl.masterslave][INFO] 2019-06-26 09:55:32,133: atexit
