[rospy.client][INFO] 2019-06-26 10:00:28,214: init_node, name[/mybot_spawn], pid[4493]
[xmlrpc][INFO] 2019-06-26 10:00:28,215: XML-RPC server binding to 0.0.0.0:0
[xmlrpc][INFO] 2019-06-26 10:00:28,215: Started XML-RPC server [http://dc5b429f784e:40123/]
[rospy.init][INFO] 2019-06-26 10:00:28,215: ROS Slave URI: [http://dc5b429f784e:40123/]
[rospy.impl.masterslave][INFO] 2019-06-26 10:00:28,215: _ready: http://dc5b429f784e:40123/
[rospy.registration][INFO] 2019-06-26 10:00:28,216: Registering with master node http://localhost:11311
[xmlrpc][INFO] 2019-06-26 10:00:28,217: xml rpc node: starting XML-RPC server
[rospy.init][INFO] 2019-06-26 10:00:28,316: registered with master
[rospy.rosout][INFO] 2019-06-26 10:00:28,316: initializing /rosout core topic
[rospy.rosout][INFO] 2019-06-26 10:00:28,319: connected to core topic /rosout
[rospy.simtime][INFO] 2019-06-26 10:00:28,320: initializing /clock core topic
[rospy.simtime][INFO] 2019-06-26 10:00:28,323: connected to core topic /clock
[rosout][INFO] 2019-06-26 10:00:28,326: Loading model XML from ros parameter
[rosout][INFO] 2019-06-26 10:00:28,328: Waiting for service /gazebo/spawn_urdf_model
[rospy.internal][INFO] 2019-06-26 10:00:28,545: topic[/rosout] adding connection to [/rosout], count 0
[rospy.core][INFO] 2019-06-26 10:00:29,708: signal_shutdown [signal-2]
[rospy.internal][INFO] 2019-06-26 10:00:29,712: topic[/rosout] removing connection to /rosout
[rospy.impl.masterslave][INFO] 2019-06-26 10:00:29,712: signal-2
[rospy.core][INFO] 2019-06-26 10:00:29,879: signal_shutdown [atexit]
[rospy.client][INFO] 2019-06-26 10:00:52,111: init_node, name[/mybot_spawn], pid[4605]
[xmlrpc][INFO] 2019-06-26 10:00:52,111: XML-RPC server binding to 0.0.0.0:0
[xmlrpc][INFO] 2019-06-26 10:00:52,112: Started XML-RPC server [http://dc5b429f784e:45613/]
[rospy.impl.masterslave][INFO] 2019-06-26 10:00:52,112: _ready: http://dc5b429f784e:45613/
[rospy.init][INFO] 2019-06-26 10:00:52,112: ROS Slave URI: [http://dc5b429f784e:45613/]
[xmlrpc][INFO] 2019-06-26 10:00:52,113: xml rpc node: starting XML-RPC server
[rospy.registration][INFO] 2019-06-26 10:00:52,113: Registering with master node http://localhost:11311
[rospy.init][INFO] 2019-06-26 10:00:52,213: registered with master
[rospy.rosout][INFO] 2019-06-26 10:00:52,213: initializing /rosout core topic
[rospy.rosout][INFO] 2019-06-26 10:00:52,216: connected to core topic /rosout
[rospy.simtime][INFO] 2019-06-26 10:00:52,217: initializing /clock core topic
[rospy.simtime][INFO] 2019-06-26 10:00:52,220: connected to core topic /clock
[rosout][INFO] 2019-06-26 10:00:52,223: Loading model XML from ros parameter
[rosout][INFO] 2019-06-26 10:00:52,225: Waiting for service /gazebo/spawn_urdf_model
[rosout][INFO] 2019-06-26 10:00:52,227: Calling service /gazebo/spawn_urdf_model
[rospy.internal][INFO] 2019-06-26 10:00:52,230: topic[/clock] adding connection to [http://dc5b429f784e:44815/], count 0
[rospy.internal][INFO] 2019-06-26 10:00:52,429: topic[/rosout] adding connection to [/rosout], count 0
[rosout][INFO] 2019-06-26 10:00:52,486: Spawn status: SpawnModel: Successfully spawned entity
[rospy.core][INFO] 2019-06-26 10:00:52,487: signal_shutdown [atexit]
[rospy.internal][INFO] 2019-06-26 10:00:52,490: topic[/rosout] removing connection to /rosout
[rospy.internal][INFO] 2019-06-26 10:00:52,490: topic[/clock] removing connection to http://dc5b429f784e:44815/
[rospy.internal][WARNING] 2019-06-26 10:00:52,491: Unknown error initiating TCP/IP socket to dc5b429f784e:51605 (http://dc5b429f784e:44815/): Traceback (most recent call last):
  File "/opt/ros/kinetic/lib/python2.7/dist-packages/rospy/impl/tcpros_base.py", line 557, in connect
    self.read_header()
  File "/opt/ros/kinetic/lib/python2.7/dist-packages/rospy/impl/tcpros_base.py", line 650, in read_header
    self._validate_header(read_ros_handshake_header(sock, self.read_buff, self.protocol.buff_size))
AttributeError: 'NoneType' object has no attribute 'buff_size'

[rospy.topics][ERROR] 2019-06-26 10:00:52,492: Traceback (most recent call last):
  File "/opt/ros/kinetic/lib/python2.7/dist-packages/rospy/topics.py", line 326, in close
    c.close()
  File "/opt/ros/kinetic/lib/python2.7/dist-packages/rospy/impl/tcpros_base.py", line 838, in close
    self.socket.close()
AttributeError: 'NoneType' object has no attribute 'close'

[rospy.impl.masterslave][INFO] 2019-06-26 10:00:52,492: atexit
