[rospy.client][INFO] 2019-06-14 10:29:05,768: init_node, name[/joint_state_publisher], pid[20626]
[xmlrpc][INFO] 2019-06-14 10:29:05,769: XML-RPC server binding to 0.0.0.0:0
[rospy.init][INFO] 2019-06-14 10:29:05,769: ROS Slave URI: [http://dc5b429f784e:45829/]
[xmlrpc][INFO] 2019-06-14 10:29:05,769: Started XML-RPC server [http://dc5b429f784e:45829/]
[rospy.impl.masterslave][INFO] 2019-06-14 10:29:05,770: _ready: http://dc5b429f784e:45829/
[rospy.registration][INFO] 2019-06-14 10:29:05,770: Registering with master node http://localhost:11311
[xmlrpc][INFO] 2019-06-14 10:29:05,771: xml rpc node: starting XML-RPC server
[rospy.init][INFO] 2019-06-14 10:29:05,870: registered with master
[rospy.rosout][INFO] 2019-06-14 10:29:05,870: initializing /rosout core topic
[rospy.rosout][INFO] 2019-06-14 10:29:05,874: connected to core topic /rosout
[rospy.simtime][INFO] 2019-06-14 10:29:05,876: initializing /clock core topic
[rospy.simtime][INFO] 2019-06-14 10:29:05,878: connected to core topic /clock
[rospy.internal][INFO] 2019-06-14 10:29:06,140: topic[/rosout] adding connection to [/rosout], count 0
[rospy.internal][INFO] 2019-06-14 10:29:06,141: topic[/joint_states] adding connection to [/robot_state_publisher], count 0
[rospy.core][INFO] 2019-06-14 10:29:14,469: signal_shutdown [signal-2]
[rospy.internal][INFO] 2019-06-14 10:29:14,473: topic[/joint_states] removing connection to /robot_state_publisher
[rospy.internal][INFO] 2019-06-14 10:29:14,473: topic[/rosout] removing connection to /rosout
[rospy.impl.masterslave][INFO] 2019-06-14 10:29:14,473: signal-2
[rospy.core][INFO] 2019-06-14 10:29:14,620: signal_shutdown [atexit]
[rospy.client][INFO] 2019-06-14 10:29:22,606: init_node, name[/joint_state_publisher], pid[20903]
[xmlrpc][INFO] 2019-06-14 10:29:22,606: XML-RPC server binding to 0.0.0.0:0
[xmlrpc][INFO] 2019-06-14 10:29:22,607: Started XML-RPC server [http://dc5b429f784e:33869/]
[rospy.init][INFO] 2019-06-14 10:29:22,607: ROS Slave URI: [http://dc5b429f784e:33869/]
[rospy.impl.masterslave][INFO] 2019-06-14 10:29:22,607: _ready: http://dc5b429f784e:33869/
[xmlrpc][INFO] 2019-06-14 10:29:22,608: xml rpc node: starting XML-RPC server
[rospy.registration][INFO] 2019-06-14 10:29:22,608: Registering with master node http://localhost:11311
[rospy.init][INFO] 2019-06-14 10:29:22,708: registered with master
[rospy.rosout][INFO] 2019-06-14 10:29:22,708: initializing /rosout core topic
[rospy.rosout][INFO] 2019-06-14 10:29:22,713: connected to core topic /rosout
[rospy.simtime][INFO] 2019-06-14 10:29:22,714: initializing /clock core topic
[rospy.simtime][INFO] 2019-06-14 10:29:22,717: connected to core topic /clock
[rospy.internal][INFO] 2019-06-14 10:29:22,726: topic[/clock] adding connection to [http://dc5b429f784e:39585/], count 0
[rospy.internal][INFO] 2019-06-14 10:29:22,939: topic[/rosout] adding connection to [/rosout], count 0
[rospy.internal][INFO] 2019-06-14 10:29:23,038: topic[/joint_states] adding connection to [/robot_state_publisher], count 0
[rospy.internal][INFO] 2019-06-14 10:29:48,236: topic[/rosout] removing connection to /rosout
[rospy.core][INFO] 2019-06-14 10:29:48,572: signal_shutdown [signal-2]
[rospy.registration][WARNING] 2019-06-14 10:29:48,578: unclean shutdown
Traceback (most recent call last):
  File "/opt/ros/kinetic/lib/python2.7/dist-packages/rospy/impl/registration.py", line 374, in cleanup
    multi()
  File "/usr/lib/python2.7/xmlrpclib.py", line 1006, in __call__
    return MultiCallIterator(self.__server.system.multicall(marshalled_list))
  File "/usr/lib/python2.7/xmlrpclib.py", line 1243, in __call__
    return self.__send(self.__name, args)
  File "/usr/lib/python2.7/xmlrpclib.py", line 1602, in __request
    verbose=self.__verbose
  File "/usr/lib/python2.7/xmlrpclib.py", line 1283, in request
    return self.single_request(host, handler, request_body, verbose)
  File "/usr/lib/python2.7/xmlrpclib.py", line 1311, in single_request
    self.send_content(h, request_body)
  File "/usr/lib/python2.7/xmlrpclib.py", line 1459, in send_content
    connection.endheaders(request_body)
  File "/usr/lib/python2.7/httplib.py", line 1053, in endheaders
    self._send_output(message_body)
  File "/usr/lib/python2.7/httplib.py", line 897, in _send_output
    self.send(msg)
  File "/usr/lib/python2.7/httplib.py", line 859, in send
    self.connect()
  File "/usr/lib/python2.7/httplib.py", line 836, in connect
    self.timeout, self.source_address)
  File "/usr/lib/python2.7/socket.py", line 575, in create_connection
    raise err
error: [Errno 99] Cannot assign requested address

[rospy.internal][INFO] 2019-06-14 10:29:48,578: topic[/joint_states] removing connection to /robot_state_publisher
[rospy.internal][INFO] 2019-06-14 10:29:48,579: topic[/clock] removing connection to http://dc5b429f784e:39585/
[rospy.impl.masterslave][INFO] 2019-06-14 10:29:48,579: signal-2
[rospy.core][INFO] 2019-06-14 10:29:48,711: signal_shutdown [atexit]
