[rospy.client][INFO] 2019-06-14 10:29:06,614: init_node, name[/urdf_spawner], pid[20669]
[xmlrpc][INFO] 2019-06-14 10:29:06,615: XML-RPC server binding to 0.0.0.0:0
[xmlrpc][INFO] 2019-06-14 10:29:06,615: Started XML-RPC server [http://dc5b429f784e:36449/]
[rospy.init][INFO] 2019-06-14 10:29:06,615: ROS Slave URI: [http://dc5b429f784e:36449/]
[rospy.impl.masterslave][INFO] 2019-06-14 10:29:06,615: _ready: http://dc5b429f784e:36449/
[xmlrpc][INFO] 2019-06-14 10:29:06,616: xml rpc node: starting XML-RPC server
[rospy.registration][INFO] 2019-06-14 10:29:06,617: Registering with master node http://localhost:11311
[rospy.init][INFO] 2019-06-14 10:29:06,716: registered with master
[rospy.rosout][INFO] 2019-06-14 10:29:06,716: initializing /rosout core topic
[rospy.rosout][INFO] 2019-06-14 10:29:06,720: connected to core topic /rosout
[rospy.simtime][INFO] 2019-06-14 10:29:06,723: initializing /clock core topic
[rospy.simtime][INFO] 2019-06-14 10:29:06,729: connected to core topic /clock
[rosout][INFO] 2019-06-14 10:29:06,733: Loading model XML from ros parameter
[rosout][INFO] 2019-06-14 10:29:06,736: Waiting for service /gazebo/spawn_urdf_model
[rospy.internal][INFO] 2019-06-14 10:29:06,961: topic[/rosout] adding connection to [/rosout], count 0
[rospy.core][INFO] 2019-06-14 10:29:14,458: signal_shutdown [signal-2]
[rospy.internal][INFO] 2019-06-14 10:29:14,463: topic[/rosout] removing connection to /rosout
[rospy.impl.masterslave][INFO] 2019-06-14 10:29:14,463: signal-2
[rospy.core][INFO] 2019-06-14 10:29:14,628: signal_shutdown [atexit]
[rospy.client][INFO] 2019-06-14 10:29:23,625: init_node, name[/urdf_spawner], pid[21040]
[xmlrpc][INFO] 2019-06-14 10:29:23,625: XML-RPC server binding to 0.0.0.0:0
[xmlrpc][INFO] 2019-06-14 10:29:23,626: Started XML-RPC server [http://dc5b429f784e:35351/]
[rospy.init][INFO] 2019-06-14 10:29:23,626: ROS Slave URI: [http://dc5b429f784e:35351/]
[rospy.impl.masterslave][INFO] 2019-06-14 10:29:23,626: _ready: http://dc5b429f784e:35351/
[xmlrpc][INFO] 2019-06-14 10:29:23,627: xml rpc node: starting XML-RPC server
[rospy.registration][INFO] 2019-06-14 10:29:23,627: Registering with master node http://localhost:11311
[rospy.init][INFO] 2019-06-14 10:29:23,727: registered with master
[rospy.rosout][INFO] 2019-06-14 10:29:23,727: initializing /rosout core topic
[rospy.rosout][INFO] 2019-06-14 10:29:23,731: connected to core topic /rosout
[rospy.simtime][INFO] 2019-06-14 10:29:23,733: initializing /clock core topic
[rospy.simtime][INFO] 2019-06-14 10:29:23,735: connected to core topic /clock
[rosout][INFO] 2019-06-14 10:29:23,738: Loading model XML from ros parameter
[rosout][INFO] 2019-06-14 10:29:23,742: Waiting for service /gazebo/spawn_urdf_model
[rospy.internal][INFO] 2019-06-14 10:29:23,744: topic[/clock] adding connection to [http://dc5b429f784e:39585/], count 0
[rosout][INFO] 2019-06-14 10:29:23,745: Calling service /gazebo/spawn_urdf_model
[rospy.internal][INFO] 2019-06-14 10:29:23,841: topic[/rosout] adding connection to [/rosout], count 0
[rosout][INFO] 2019-06-14 10:29:23,928: Spawn status: SpawnModel: Successfully spawned entity
[rospy.core][INFO] 2019-06-14 10:29:23,929: signal_shutdown [atexit]
[rospy.internal][INFO] 2019-06-14 10:29:23,932: topic[/rosout] removing connection to /rosout
[rospy.internal][INFO] 2019-06-14 10:29:23,932: topic[/clock] removing connection to http://dc5b429f784e:39585/
[rospy.impl.masterslave][INFO] 2019-06-14 10:29:23,932: atexit
