[rospy.client][INFO] 2019-06-29 15:23:46,546: init_node, name[/controller_spawner], pid[245]
[xmlrpc][INFO] 2019-06-29 15:23:46,546: XML-RPC server binding to 0.0.0.0:0
[rospy.init][INFO] 2019-06-29 15:23:46,547: ROS Slave URI: [http://dc5b429f784e:45645/]
[xmlrpc][INFO] 2019-06-29 15:23:46,547: Started XML-RPC server [http://dc5b429f784e:45645/]
[rospy.impl.masterslave][INFO] 2019-06-29 15:23:46,547: _ready: http://dc5b429f784e:45645/
[xmlrpc][INFO] 2019-06-29 15:23:46,548: xml rpc node: starting XML-RPC server
[rospy.registration][INFO] 2019-06-29 15:23:46,549: Registering with master node http://localhost:11311
[rospy.init][INFO] 2019-06-29 15:23:46,647: registered with master
[rospy.rosout][INFO] 2019-06-29 15:23:46,648: initializing /rosout core topic
[rospy.rosout][INFO] 2019-06-29 15:23:46,650: connected to core topic /rosout
[rospy.simtime][INFO] 2019-06-29 15:23:46,652: initializing /clock core topic
[rospy.simtime][INFO] 2019-06-29 15:23:46,655: connected to core topic /clock
[rosout][WARNING] 2019-06-29 15:23:46,658: DEPRECATION warning: --shutdown-timeout has no effect.
[rosout][INFO] 2019-06-29 15:23:46,659: Controller Spawner: Waiting for service /m2wr/controller_manager/load_controller
[rospy.internal][INFO] 2019-06-29 15:23:46,876: topic[/rosout] adding connection to [/rosout], count 0
[rospy.internal][INFO] 2019-06-29 15:23:47,196: topic[/clock] adding connection to [http://dc5b429f784e:33027/], count 0
[rosout][INFO] 2019-06-29 15:23:48,170: Controller Spawner: Waiting for service /m2wr/controller_manager/switch_controller
[rosout][INFO] 2019-06-29 15:23:48,172: Controller Spawner: Waiting for service /m2wr/controller_manager/unload_controller
[rosout][INFO] 2019-06-29 15:23:48,174: Loading controller: joint_state_controller
[rosout][INFO] 2019-06-29 15:23:48,186: Loading controller: joint1_position_controller
[rosout][INFO] 2019-06-29 15:23:48,254: Controller Spawner: Loaded controllers: joint_state_controller, joint1_position_controller
[rosout][INFO] 2019-06-29 15:23:53,196: Started controllers: joint_state_controller, joint1_position_controller
[rospy.core][INFO] 2019-06-29 15:24:01,188: signal_shutdown [signal-2]
[rosout][INFO] 2019-06-29 15:24:01,189: Shutting down spawner. Stopping and unloading controllers...
[rosout][INFO] 2019-06-29 15:24:01,189: Stopping all controllers...
[rospy.core][INFO] 2019-06-29 15:24:35,403: signal_shutdown [signal-15]
[rospy.internal][ERROR] 2019-06-29 15:24:35,406: Traceback (most recent call last):
  File "/opt/ros/kinetic/lib/python2.7/dist-packages/rospy/impl/tcpros_base.py", line 729, in receive_once
    self.stat_bytes += recv_buff(sock, b, p.buff_size)
  File "/opt/ros/kinetic/lib/python2.7/dist-packages/rospy/impl/tcpros_base.py", line 103, in recv_buff
    d = sock.recv(buff_size)
error: [Errno 4] Interrupted system call

[rospy.core][INFO] 2019-06-29 15:24:35,408: signal_shutdown [atexit]
