[rosmaster.main][INFO] 2019-06-29 15:23:44,659: initialization complete, waiting for shutdown
[rosmaster.main][INFO] 2019-06-29 15:23:44,659: Starting ROS Master Node
[xmlrpc][INFO] 2019-06-29 15:23:44,660: XML-RPC server binding to 0.0.0.0:11311
[xmlrpc][INFO] 2019-06-29 15:23:44,660: Started XML-RPC server [http://dc5b429f784e:11311/]
[xmlrpc][INFO] 2019-06-29 15:23:44,661: xml rpc node: starting XML-RPC server
[rosmaster.master][INFO] 2019-06-29 15:23:44,661: Master initialized: port[11311], uri[http://dc5b429f784e:11311/]
[rosmaster.master][INFO] 2019-06-29 15:23:44,680: +PARAM [/run_id] by /roslaunch
[rosmaster.master][INFO] 2019-06-29 15:23:44,681: +PARAM [/roslaunch/uris/host_dc5b429f784e__37979] by /roslaunch
[rosmaster.master][INFO] 2019-06-29 15:23:45,110: +PARAM [/use_sim_time] by /roslaunch
[rosmaster.master][INFO] 2019-06-29 15:23:45,110: +PARAM [/m2wr/joint2_position_controller/pid/i] by /roslaunch
[rosmaster.master][INFO] 2019-06-29 15:23:45,110: +PARAM [/m2wr/joint3_position_controller/type] by /roslaunch
[rosmaster.master][INFO] 2019-06-29 15:23:45,110: +PARAM [/m2wr/rgrip_position_controller/type] by /roslaunch
[rosmaster.master][INFO] 2019-06-29 15:23:45,110: +PARAM [/m2wr/rgrip_position_controller/joint] by /roslaunch
[rosmaster.master][INFO] 2019-06-29 15:23:45,110: +PARAM [/m2wr/lgrip_position_controller/type] by /roslaunch
[rosmaster.master][INFO] 2019-06-29 15:23:45,111: +PARAM [/m2wr/joint1_position_controller/joint] by /roslaunch
[rosmaster.master][INFO] 2019-06-29 15:23:45,111: +PARAM [/m2wr/joint1_position_controller/pid/i] by /roslaunch
[rosmaster.master][INFO] 2019-06-29 15:23:45,111: +PARAM [/m2wr/joint2_position_controller/joint] by /roslaunch
[rosmaster.master][INFO] 2019-06-29 15:23:45,111: +PARAM [/m2wr/joint2_position_controller/pid/p] by /roslaunch
[rosmaster.master][INFO] 2019-06-29 15:23:45,111: +PARAM [/m2wr/joint3_position_controller/pid/d] by /roslaunch
[rosmaster.master][INFO] 2019-06-29 15:23:45,111: +PARAM [/m2wr/joint3_position_controller/joint] by /roslaunch
[rosmaster.master][INFO] 2019-06-29 15:23:45,111: +PARAM [/m2wr/rgrip_position_controller/pid/i] by /roslaunch
[rosmaster.master][INFO] 2019-06-29 15:23:45,111: +PARAM [/m2wr/joint1_position_controller/pid/d] by /roslaunch
[rosmaster.master][INFO] 2019-06-29 15:23:45,111: +PARAM [/rosdistro] by /roslaunch
[rosmaster.master][INFO] 2019-06-29 15:23:45,111: +PARAM [/robot_description] by /roslaunch
[rosmaster.master][INFO] 2019-06-29 15:23:45,111: +PARAM [/m2wr/rgrip_position_controller/pid/d] by /roslaunch
[rosmaster.master][INFO] 2019-06-29 15:23:45,111: +PARAM [/rosversion] by /roslaunch
[rosmaster.master][INFO] 2019-06-29 15:23:45,112: +PARAM [/m2wr/joint4_position_controller/joint] by /roslaunch
[rosmaster.master][INFO] 2019-06-29 15:23:45,112: +PARAM [/m2wr/joint1_position_controller/pid/p] by /roslaunch
[rosmaster.master][INFO] 2019-06-29 15:23:45,112: +PARAM [/m2wr/rgrip_position_controller/pid/p] by /roslaunch
[rosmaster.master][INFO] 2019-06-29 15:23:45,112: +PARAM [/m2wr/joint1_position_controller/type] by /roslaunch
[rosmaster.master][INFO] 2019-06-29 15:23:45,112: +PARAM [/m2wr/joint4_position_controller/pid/i] by /roslaunch
[rosmaster.master][INFO] 2019-06-29 15:23:45,112: +PARAM [/m2wr/joint4_position_controller/pid/d] by /roslaunch
[rosmaster.master][INFO] 2019-06-29 15:23:45,112: +PARAM [/m2wr/joint2_position_controller/pid/d] by /roslaunch
[rosmaster.master][INFO] 2019-06-29 15:23:45,112: +PARAM [/m2wr/joint3_position_controller/pid/p] by /roslaunch
[rosmaster.master][INFO] 2019-06-29 15:23:45,112: +PARAM [/m2wr/lgrip_position_controller/joint] by /roslaunch
[rosmaster.master][INFO] 2019-06-29 15:23:45,112: +PARAM [/m2wr/lgrip_position_controller/pid/p] by /roslaunch
[rosmaster.master][INFO] 2019-06-29 15:23:45,112: +PARAM [/m2wr/joint4_position_controller/pid/p] by /roslaunch
[rosmaster.master][INFO] 2019-06-29 15:23:45,112: +PARAM [/m2wr/lgrip_position_controller/pid/i] by /roslaunch
[rosmaster.master][INFO] 2019-06-29 15:23:45,112: +PARAM [/m2wr/joint_state_controller/publish_rate] by /roslaunch
[rosmaster.master][INFO] 2019-06-29 15:23:45,113: +PARAM [/m2wr/joint_state_controller/type] by /roslaunch
[rosmaster.master][INFO] 2019-06-29 15:23:45,113: +PARAM [/m2wr/joint2_position_controller/type] by /roslaunch
[rosmaster.master][INFO] 2019-06-29 15:23:45,113: +PARAM [/m2wr/joint4_position_controller/type] by /roslaunch
[rosmaster.master][INFO] 2019-06-29 15:23:45,113: +PARAM [/m2wr/joint3_position_controller/pid/i] by /roslaunch
[rosmaster.master][INFO] 2019-06-29 15:23:45,113: +PARAM [/m2wr/lgrip_position_controller/pid/d] by /roslaunch
[rosmaster.master][INFO] 2019-06-29 15:23:45,152: +SERVICE [/rosout/get_loggers] /rosout http://dc5b429f784e:38051/
[rosmaster.master][INFO] 2019-06-29 15:23:45,153: +SERVICE [/rosout/set_logger_level] /rosout http://dc5b429f784e:38051/
[rosmaster.master][INFO] 2019-06-29 15:23:45,161: +SUB [/clock] /rosout http://dc5b429f784e:38051/
[rosmaster.master][INFO] 2019-06-29 15:23:45,162: +PUB [/rosout_agg] /rosout http://dc5b429f784e:38051/
[rosmaster.master][INFO] 2019-06-29 15:23:45,167: +SUB [/rosout] /rosout http://dc5b429f784e:38051/
[rosmaster.master][INFO] 2019-06-29 15:23:46,591: +PUB [/rosout] /gazebo http://dc5b429f784e:33027/
[rosmaster.master][INFO] 2019-06-29 15:23:46,592: +PUB [/rosout] /robot_state_publisher http://dc5b429f784e:40541/
[rosmaster.master][INFO] 2019-06-29 15:23:46,594: +SERVICE [/gazebo/get_loggers] /gazebo http://dc5b429f784e:33027/
[rosmaster.master][INFO] 2019-06-29 15:23:46,595: +SERVICE [/robot_state_publisher/get_loggers] /robot_state_publisher http://dc5b429f784e:40541/
[rosmaster.master][INFO] 2019-06-29 15:23:46,596: +SERVICE [/gazebo/set_logger_level] /gazebo http://dc5b429f784e:33027/
[rosmaster.master][INFO] 2019-06-29 15:23:46,598: +SERVICE [/robot_state_publisher/set_logger_level] /robot_state_publisher http://dc5b429f784e:40541/
[rosmaster.master][INFO] 2019-06-29 15:23:46,611: +PUB [/rosout] /gazebo_gui http://dc5b429f784e:33421/
[rosmaster.master][INFO] 2019-06-29 15:23:46,614: +SUB [/clock] /gazebo http://dc5b429f784e:33027/
[rosmaster.master][INFO] 2019-06-29 15:23:46,615: +SERVICE [/gazebo_gui/get_loggers] /gazebo_gui http://dc5b429f784e:33421/
[rosmaster.master][INFO] 2019-06-29 15:23:46,617: +SUB [/clock] /robot_state_publisher http://dc5b429f784e:40541/
[rosmaster.master][INFO] 2019-06-29 15:23:46,618: +SERVICE [/gazebo_gui/set_logger_level] /gazebo_gui http://dc5b429f784e:33421/
[rosmaster.master][INFO] 2019-06-29 15:23:46,628: +PUB [/tf] /robot_state_publisher http://dc5b429f784e:40541/
[rosmaster.master][INFO] 2019-06-29 15:23:46,631: +PUB [/tf_static] /robot_state_publisher http://dc5b429f784e:40541/
[rosmaster.master][INFO] 2019-06-29 15:23:46,633: +SUB [/clock] /gazebo_gui http://dc5b429f784e:33421/
[rosmaster.master][INFO] 2019-06-29 15:23:46,643: +SUB [/joint_states] /robot_state_publisher http://dc5b429f784e:40541/
[rosmaster.master][INFO] 2019-06-29 15:23:46,650: +PUB [/rosout] /controller_spawner http://dc5b429f784e:45645/
[rosmaster.master][INFO] 2019-06-29 15:23:46,654: +SUB [/clock] /controller_spawner http://dc5b429f784e:45645/
[rosmaster.master][INFO] 2019-06-29 15:23:46,657: +SERVICE [/controller_spawner/get_loggers] /controller_spawner http://dc5b429f784e:45645/
[rosmaster.master][INFO] 2019-06-29 15:23:46,658: +SERVICE [/controller_spawner/set_logger_level] /controller_spawner http://dc5b429f784e:45645/
[rosmaster.master][INFO] 2019-06-29 15:23:46,668: publisherUpdate[/rosout] -> http://dc5b429f784e:38051/ ['http://dc5b429f784e:33027/']
[rosmaster.master][INFO] 2019-06-29 15:23:46,670: publisherUpdate[/rosout] -> http://dc5b429f784e:38051/ ['http://dc5b429f784e:33027/']: sec=0.00, result=[1, '', 0]
[rosmaster.master][INFO] 2019-06-29 15:23:46,670: publisherUpdate[/rosout] -> http://dc5b429f784e:38051/ ['http://dc5b429f784e:33027/', 'http://dc5b429f784e:40541/']
[rosmaster.master][INFO] 2019-06-29 15:23:46,671: publisherUpdate[/rosout] -> http://dc5b429f784e:38051/ ['http://dc5b429f784e:33027/', 'http://dc5b429f784e:40541/']: sec=0.00, result=[1, '', 0]
[rosmaster.master][INFO] 2019-06-29 15:23:46,671: publisherUpdate[/rosout] -> http://dc5b429f784e:38051/ ['http://dc5b429f784e:33027/', 'http://dc5b429f784e:40541/', 'http://dc5b429f784e:33421/']
[rosmaster.master][INFO] 2019-06-29 15:23:46,672: publisherUpdate[/rosout] -> http://dc5b429f784e:38051/ ['http://dc5b429f784e:33027/', 'http://dc5b429f784e:40541/', 'http://dc5b429f784e:33421/']: sec=0.00, result=[1, '', 0]
[rosmaster.master][INFO] 2019-06-29 15:23:46,672: publisherUpdate[/rosout] -> http://dc5b429f784e:38051/ ['http://dc5b429f784e:33027/', 'http://dc5b429f784e:40541/', 'http://dc5b429f784e:33421/', 'http://dc5b429f784e:45645/']
[rosmaster.master][INFO] 2019-06-29 15:23:46,672: publisherUpdate[/rosout] -> http://dc5b429f784e:38051/ ['http://dc5b429f784e:33027/', 'http://dc5b429f784e:40541/', 'http://dc5b429f784e:33421/', 'http://dc5b429f784e:45645/']: sec=0.00, result=[1, '', 0]
[rosmaster.master][INFO] 2019-06-29 15:23:47,092: +PUB [/clock] /gazebo http://dc5b429f784e:33027/
[rosmaster.master][INFO] 2019-06-29 15:23:47,093: +SERVICE [/gazebo/spawn_sdf_model] /gazebo http://dc5b429f784e:33027/
[rosmaster.master][INFO] 2019-06-29 15:23:47,094: +SERVICE [/gazebo/spawn_urdf_model] /gazebo http://dc5b429f784e:33027/
[rosmaster.master][INFO] 2019-06-29 15:23:47,095: +SERVICE [/gazebo/delete_model] /gazebo http://dc5b429f784e:33027/
[rosmaster.master][INFO] 2019-06-29 15:23:47,097: +SERVICE [/gazebo/delete_light] /gazebo http://dc5b429f784e:33027/
[rosmaster.master][INFO] 2019-06-29 15:23:47,098: +SERVICE [/gazebo/get_model_properties] /gazebo http://dc5b429f784e:33027/
[rosmaster.master][INFO] 2019-06-29 15:23:47,100: +SERVICE [/gazebo/get_model_state] /gazebo http://dc5b429f784e:33027/
[rosmaster.master][INFO] 2019-06-29 15:23:47,101: +SERVICE [/gazebo/get_world_properties] /gazebo http://dc5b429f784e:33027/
[rosmaster.master][INFO] 2019-06-29 15:23:47,103: +SERVICE [/gazebo/get_joint_properties] /gazebo http://dc5b429f784e:33027/
[rosmaster.master][INFO] 2019-06-29 15:23:47,104: +SERVICE [/gazebo/get_link_properties] /gazebo http://dc5b429f784e:33027/
[rosmaster.master][INFO] 2019-06-29 15:23:47,105: +SERVICE [/gazebo/get_link_state] /gazebo http://dc5b429f784e:33027/
[rosmaster.master][INFO] 2019-06-29 15:23:47,106: +SERVICE [/gazebo/get_light_properties] /gazebo http://dc5b429f784e:33027/
[rosmaster.master][INFO] 2019-06-29 15:23:47,108: +SERVICE [/gazebo/set_light_properties] /gazebo http://dc5b429f784e:33027/
[rosmaster.master][INFO] 2019-06-29 15:23:47,109: +SERVICE [/gazebo/get_physics_properties] /gazebo http://dc5b429f784e:33027/
[rosmaster.master][INFO] 2019-06-29 15:23:47,110: +PUB [/gazebo/link_states] /gazebo http://dc5b429f784e:33027/
[rosmaster.master][INFO] 2019-06-29 15:23:47,111: +PUB [/gazebo/model_states] /gazebo http://dc5b429f784e:33027/
[rosmaster.master][INFO] 2019-06-29 15:23:47,112: +SERVICE [/gazebo/set_link_properties] /gazebo http://dc5b429f784e:33027/
[rosmaster.master][INFO] 2019-06-29 15:23:47,114: +SERVICE [/gazebo/set_physics_properties] /gazebo http://dc5b429f784e:33027/
[rosmaster.master][INFO] 2019-06-29 15:23:47,115: +SERVICE [/gazebo/set_model_state] /gazebo http://dc5b429f784e:33027/
[rosmaster.master][INFO] 2019-06-29 15:23:47,116: +SERVICE [/gazebo/set_model_configuration] /gazebo http://dc5b429f784e:33027/
[rosmaster.master][INFO] 2019-06-29 15:23:47,117: +SERVICE [/gazebo/set_joint_properties] /gazebo http://dc5b429f784e:33027/
[rosmaster.master][INFO] 2019-06-29 15:23:47,119: +SERVICE [/gazebo/set_link_state] /gazebo http://dc5b429f784e:33027/
[rosmaster.master][INFO] 2019-06-29 15:23:47,125: +SUB [/gazebo/set_link_state] /gazebo http://dc5b429f784e:33027/
[rosmaster.master][INFO] 2019-06-29 15:23:47,130: +SUB [/gazebo/set_model_state] /gazebo http://dc5b429f784e:33027/
[rosmaster.master][INFO] 2019-06-29 15:23:47,131: +SERVICE [/gazebo/pause_physics] /gazebo http://dc5b429f784e:33027/
[rosmaster.master][INFO] 2019-06-29 15:23:47,132: +SERVICE [/gazebo/unpause_physics] /gazebo http://dc5b429f784e:33027/
[rosmaster.master][INFO] 2019-06-29 15:23:47,133: +SERVICE [/gazebo/apply_body_wrench] /gazebo http://dc5b429f784e:33027/
[rosmaster.master][INFO] 2019-06-29 15:23:47,134: +SERVICE [/gazebo/apply_joint_effort] /gazebo http://dc5b429f784e:33027/
[rosmaster.master][INFO] 2019-06-29 15:23:47,134: +SERVICE [/gazebo/clear_joint_forces] /gazebo http://dc5b429f784e:33027/
[rosmaster.master][INFO] 2019-06-29 15:23:47,135: +SERVICE [/gazebo/clear_body_wrenches] /gazebo http://dc5b429f784e:33027/
[rosmaster.master][INFO] 2019-06-29 15:23:47,136: +SERVICE [/gazebo/reset_simulation] /gazebo http://dc5b429f784e:33027/
[rosmaster.master][INFO] 2019-06-29 15:23:47,137: +SERVICE [/gazebo/reset_world] /gazebo http://dc5b429f784e:33027/
[rosmaster.master][INFO] 2019-06-29 15:23:47,174: publisherUpdate[/clock] -> http://dc5b429f784e:38051/ ['http://dc5b429f784e:33027/']
[rosmaster.master][INFO] 2019-06-29 15:23:47,175: publisherUpdate[/clock] -> http://dc5b429f784e:38051/ ['http://dc5b429f784e:33027/']: sec=0.00, result=[1, '', 0]
[rosmaster.master][INFO] 2019-06-29 15:23:47,175: publisherUpdate[/clock] -> http://dc5b429f784e:33027/ ['http://dc5b429f784e:33027/']
[rosmaster.master][INFO] 2019-06-29 15:23:47,176: publisherUpdate[/clock] -> http://dc5b429f784e:33027/ ['http://dc5b429f784e:33027/']: sec=0.00, result=[1, '', 0]
[rosmaster.master][INFO] 2019-06-29 15:23:47,176: publisherUpdate[/clock] -> http://dc5b429f784e:40541/ ['http://dc5b429f784e:33027/']
[rosmaster.master][INFO] 2019-06-29 15:23:47,176: publisherUpdate[/clock] -> http://dc5b429f784e:40541/ ['http://dc5b429f784e:33027/']: sec=0.00, result=[1, '', 0]
[rosmaster.master][INFO] 2019-06-29 15:23:47,177: publisherUpdate[/clock] -> http://dc5b429f784e:33421/ ['http://dc5b429f784e:33027/']
[rosmaster.master][INFO] 2019-06-29 15:23:47,177: publisherUpdate[/clock] -> http://dc5b429f784e:33421/ ['http://dc5b429f784e:33027/']: sec=0.00, result=[1, '', 0]
[rosmaster.master][INFO] 2019-06-29 15:23:47,178: publisherUpdate[/clock] -> http://dc5b429f784e:45645/ ['http://dc5b429f784e:33027/']
[rosmaster.master][INFO] 2019-06-29 15:23:47,179: publisherUpdate[/clock] -> http://dc5b429f784e:45645/ ['http://dc5b429f784e:33027/']: sec=0.00, result=[1, '', 0]
[rosmaster.master][INFO] 2019-06-29 15:23:47,309: +PUB [/rosout] /mybot_spawn http://dc5b429f784e:36033/
[rosmaster.master][INFO] 2019-06-29 15:23:47,314: +SUB [/clock] /mybot_spawn http://dc5b429f784e:36033/
[rosmaster.master][INFO] 2019-06-29 15:23:47,316: +SERVICE [/mybot_spawn/get_loggers] /mybot_spawn http://dc5b429f784e:36033/
[rosmaster.master][INFO] 2019-06-29 15:23:47,317: +SERVICE [/mybot_spawn/set_logger_level] /mybot_spawn http://dc5b429f784e:36033/
[rosmaster.master][INFO] 2019-06-29 15:23:47,380: publisherUpdate[/rosout] -> http://dc5b429f784e:38051/ ['http://dc5b429f784e:33027/', 'http://dc5b429f784e:40541/', 'http://dc5b429f784e:33421/', 'http://dc5b429f784e:45645/', 'http://dc5b429f784e:36033/']
[rosmaster.master][INFO] 2019-06-29 15:23:47,381: publisherUpdate[/rosout] -> http://dc5b429f784e:38051/ ['http://dc5b429f784e:33027/', 'http://dc5b429f784e:40541/', 'http://dc5b429f784e:33421/', 'http://dc5b429f784e:45645/', 'http://dc5b429f784e:36033/']: sec=0.00, result=[1, '', 0]
[rosmaster.master][INFO] 2019-06-29 15:23:47,724: -SUB [/clock] /mybot_spawn http://dc5b429f784e:36033/
[rosmaster.master][INFO] 2019-06-29 15:23:47,724: -PUB [/rosout] /mybot_spawn http://dc5b429f784e:36033/
[rosmaster.master][INFO] 2019-06-29 15:23:47,725: -SERVICE [/mybot_spawn/set_logger_level] /mybot_spawn rosrpc://dc5b429f784e:41837
[rosmaster.master][INFO] 2019-06-29 15:23:47,725: -SERVICE [/mybot_spawn/get_loggers] /mybot_spawn rosrpc://dc5b429f784e:41837
[rosmaster.master][ERROR] 2019-06-29 15:23:47,730: Traceback (most recent call last):
  File "/opt/ros/kinetic/lib/python2.7/dist-packages/rosmaster/master_api.py", line 177, in validated_f
    code, msg, val = f(*newArgs, **kwds)
  File "/opt/ros/kinetic/lib/python2.7/dist-packages/rosmaster/master_api.py", line 435, in searchParam
    search_key = self.param_server.search_param(caller_id, key)
  File "/opt/ros/kinetic/lib/python2.7/dist-packages/rosmaster/paramserver.py", line 116, in search_param
    raise ValueError("namespace must be global")
ValueError: namespace must be global

[rosmaster.master][INFO] 2019-06-29 15:23:47,731: +PUB [/m2wr/laser/scan] /gazebo http://dc5b429f784e:33027/
[rosmaster.master][INFO] 2019-06-29 15:23:47,782: publisherUpdate[/rosout] -> http://dc5b429f784e:38051/ ['http://dc5b429f784e:33027/', 'http://dc5b429f784e:40541/', 'http://dc5b429f784e:33421/', 'http://dc5b429f784e:45645/']
[rosmaster.master][INFO] 2019-06-29 15:23:47,782: publisherUpdate[/rosout] -> http://dc5b429f784e:38051/ ['http://dc5b429f784e:33027/', 'http://dc5b429f784e:40541/', 'http://dc5b429f784e:33421/', 'http://dc5b429f784e:45645/']: sec=0.00, result=[1, '', 0]
[rosmaster.master][ERROR] 2019-06-29 15:23:47,826: Traceback (most recent call last):
  File "/opt/ros/kinetic/lib/python2.7/dist-packages/rosmaster/master_api.py", line 177, in validated_f
    code, msg, val = f(*newArgs, **kwds)
  File "/opt/ros/kinetic/lib/python2.7/dist-packages/rosmaster/master_api.py", line 435, in searchParam
    search_key = self.param_server.search_param(caller_id, key)
  File "/opt/ros/kinetic/lib/python2.7/dist-packages/rosmaster/paramserver.py", line 116, in search_param
    raise ValueError("namespace must be global")
ValueError: namespace must be global

[rosmaster.master][INFO] 2019-06-29 15:23:47,828: +PUB [/joint_states] /gazebo http://dc5b429f784e:33027/
[rosmaster.master][INFO] 2019-06-29 15:23:47,829: +PUB [/tf] /gazebo http://dc5b429f784e:33027/
[rosmaster.master][INFO] 2019-06-29 15:23:47,836: +SUB [/cmd_vel] /gazebo http://dc5b429f784e:33027/
[rosmaster.master][INFO] 2019-06-29 15:23:47,838: +PUB [/odom] /gazebo http://dc5b429f784e:33027/
[rosmaster.master][INFO] 2019-06-29 15:23:47,883: publisherUpdate[/joint_states] -> http://dc5b429f784e:40541/ ['http://dc5b429f784e:33027/']
[rosmaster.master][INFO] 2019-06-29 15:23:47,884: publisherUpdate[/joint_states] -> http://dc5b429f784e:40541/ ['http://dc5b429f784e:33027/']: sec=0.00, result=[1, '', 0]
[rosmaster.master][INFO] 2019-06-29 15:23:47,999: +SERVICE [/m2wr/controller_manager/list_controllers] /gazebo http://dc5b429f784e:33027/
[rosmaster.master][INFO] 2019-06-29 15:23:48,000: +SERVICE [/m2wr/controller_manager/list_controller_types] /gazebo http://dc5b429f784e:33027/
[rosmaster.master][INFO] 2019-06-29 15:23:48,001: +SERVICE [/m2wr/controller_manager/load_controller] /gazebo http://dc5b429f784e:33027/
[rosmaster.master][INFO] 2019-06-29 15:23:48,002: +SERVICE [/m2wr/controller_manager/unload_controller] /gazebo http://dc5b429f784e:33027/
[rosmaster.master][INFO] 2019-06-29 15:23:48,003: +SERVICE [/m2wr/controller_manager/switch_controller] /gazebo http://dc5b429f784e:33027/
[rosmaster.master][INFO] 2019-06-29 15:23:48,004: +SERVICE [/m2wr/controller_manager/reload_controller_libraries] /gazebo http://dc5b429f784e:33027/
[rosmaster.master][INFO] 2019-06-29 15:23:48,183: +PUB [/m2wr/joint_states] /gazebo http://dc5b429f784e:33027/
[rosmaster.master][INFO] 2019-06-29 15:23:48,208: +SERVICE [/m2wr/joint1_position_controller/pid/set_parameters] /gazebo http://dc5b429f784e:33027/
[rosmaster.master][INFO] 2019-06-29 15:23:48,210: +PUB [/m2wr/joint1_position_controller/pid/parameter_descriptions] /gazebo http://dc5b429f784e:33027/
[rosmaster.master][INFO] 2019-06-29 15:23:48,210: +PUB [/m2wr/joint1_position_controller/pid/parameter_updates] /gazebo http://dc5b429f784e:33027/
[rosmaster.master][INFO] 2019-06-29 15:23:48,218: +PARAM [/m2wr/joint1_position_controller/pid/p] by /gazebo
[rosmaster.master][INFO] 2019-06-29 15:23:48,219: +PARAM [/m2wr/joint1_position_controller/pid/i] by /gazebo
[rosmaster.master][INFO] 2019-06-29 15:23:48,220: +PARAM [/m2wr/joint1_position_controller/pid/d] by /gazebo
[rosmaster.master][INFO] 2019-06-29 15:23:48,221: +PARAM [/m2wr/joint1_position_controller/pid/i_clamp_min] by /gazebo
[rosmaster.master][INFO] 2019-06-29 15:23:48,222: +PARAM [/m2wr/joint1_position_controller/pid/i_clamp_max] by /gazebo
[rosmaster.master][INFO] 2019-06-29 15:23:48,223: +PARAM [/m2wr/joint1_position_controller/pid/antiwindup] by /gazebo
[rosmaster.master][INFO] 2019-06-29 15:23:48,224: +PARAM [/m2wr/joint1_position_controller/pid/p] by /gazebo
[rosmaster.master][INFO] 2019-06-29 15:23:48,225: +PARAM [/m2wr/joint1_position_controller/pid/i] by /gazebo
[rosmaster.master][INFO] 2019-06-29 15:23:48,226: +PARAM [/m2wr/joint1_position_controller/pid/d] by /gazebo
[rosmaster.master][INFO] 2019-06-29 15:23:48,227: +PARAM [/m2wr/joint1_position_controller/pid/i_clamp_min] by /gazebo
[rosmaster.master][INFO] 2019-06-29 15:23:48,229: +PARAM [/m2wr/joint1_position_controller/pid/i_clamp_max] by /gazebo
[rosmaster.master][INFO] 2019-06-29 15:23:48,230: +PARAM [/m2wr/joint1_position_controller/pid/antiwindup] by /gazebo
[rosmaster.master][INFO] 2019-06-29 15:23:48,231: +PARAM [/m2wr/joint1_position_controller/pid/p] by /gazebo
[rosmaster.master][INFO] 2019-06-29 15:23:48,232: +PARAM [/m2wr/joint1_position_controller/pid/i] by /gazebo
[rosmaster.master][INFO] 2019-06-29 15:23:48,233: +PARAM [/m2wr/joint1_position_controller/pid/d] by /gazebo
[rosmaster.master][INFO] 2019-06-29 15:23:48,234: +PARAM [/m2wr/joint1_position_controller/pid/i_clamp_min] by /gazebo
[rosmaster.master][INFO] 2019-06-29 15:23:48,235: +PARAM [/m2wr/joint1_position_controller/pid/i_clamp_max] by /gazebo
[rosmaster.master][INFO] 2019-06-29 15:23:48,236: +PARAM [/m2wr/joint1_position_controller/pid/antiwindup] by /gazebo
[rosmaster.master][INFO] 2019-06-29 15:23:48,237: +PARAM [/m2wr/joint1_position_controller/pid/p] by /gazebo
[rosmaster.master][INFO] 2019-06-29 15:23:48,238: +PARAM [/m2wr/joint1_position_controller/pid/i] by /gazebo
[rosmaster.master][INFO] 2019-06-29 15:23:48,239: +PARAM [/m2wr/joint1_position_controller/pid/d] by /gazebo
[rosmaster.master][INFO] 2019-06-29 15:23:48,240: +PARAM [/m2wr/joint1_position_controller/pid/i_clamp_min] by /gazebo
[rosmaster.master][INFO] 2019-06-29 15:23:48,241: +PARAM [/m2wr/joint1_position_controller/pid/i_clamp_max] by /gazebo
[rosmaster.master][INFO] 2019-06-29 15:23:48,242: +PARAM [/m2wr/joint1_position_controller/pid/antiwindup] by /gazebo
[rosmaster.master][INFO] 2019-06-29 15:23:48,243: +PUB [/m2wr/joint1_position_controller/state] /gazebo http://dc5b429f784e:33027/
[rosmaster.master][INFO] 2019-06-29 15:23:48,250: +SUB [/m2wr/joint1_position_controller/command] /gazebo http://dc5b429f784e:33027/
[rosmaster.master][INFO] 2019-06-29 15:23:53,226: +SERVICE [/gazebo/set_parameters] /gazebo http://dc5b429f784e:33027/
[rosmaster.master][INFO] 2019-06-29 15:23:53,228: +PUB [/gazebo/parameter_descriptions] /gazebo http://dc5b429f784e:33027/
[rosmaster.master][INFO] 2019-06-29 15:23:53,232: +PUB [/gazebo/parameter_updates] /gazebo http://dc5b429f784e:33027/
[rosmaster.master][INFO] 2019-06-29 15:23:53,233: +SERVICE [/gazebo_gui/set_parameters] /gazebo_gui http://dc5b429f784e:33421/
[rosmaster.master][INFO] 2019-06-29 15:23:53,235: +PUB [/gazebo_gui/parameter_descriptions] /gazebo_gui http://dc5b429f784e:33421/
[rosmaster.master][INFO] 2019-06-29 15:23:53,236: +PUB [/gazebo_gui/parameter_updates] /gazebo_gui http://dc5b429f784e:33421/
[rosmaster.master][INFO] 2019-06-29 15:23:53,257: +PARAM [/gazebo_gui/time_step] by /gazebo_gui
[rosmaster.master][INFO] 2019-06-29 15:23:53,259: +PARAM [/gazebo_gui/max_update_rate] by /gazebo_gui
[rosmaster.master][INFO] 2019-06-29 15:23:53,261: +PARAM [/gazebo_gui/gravity_x] by /gazebo_gui
[rosmaster.master][INFO] 2019-06-29 15:23:53,265: +PARAM [/gazebo_gui/gravity_y] by /gazebo_gui
[rosmaster.master][INFO] 2019-06-29 15:23:53,269: +PARAM [/gazebo_gui/gravity_z] by /gazebo_gui
[rosmaster.master][INFO] 2019-06-29 15:23:53,287: +PARAM [/gazebo_gui/auto_disable_bodies] by /gazebo_gui
[rosmaster.master][INFO] 2019-06-29 15:23:53,290: +PARAM [/gazebo_gui/sor_pgs_precon_iters] by /gazebo_gui
[rosmaster.master][INFO] 2019-06-29 15:23:53,293: +PARAM [/gazebo_gui/sor_pgs_iters] by /gazebo_gui
[rosmaster.master][INFO] 2019-06-29 15:23:53,293: +PARAM [/gazebo/time_step] by /gazebo
[rosmaster.master][INFO] 2019-06-29 15:23:53,295: +PARAM [/gazebo/max_update_rate] by /gazebo
[rosmaster.master][INFO] 2019-06-29 15:23:53,296: +PARAM [/gazebo/gravity_x] by /gazebo
[rosmaster.master][INFO] 2019-06-29 15:23:53,297: +PARAM [/gazebo_gui/sor_pgs_w] by /gazebo_gui
[rosmaster.master][INFO] 2019-06-29 15:23:53,298: +PARAM [/gazebo/gravity_y] by /gazebo
[rosmaster.master][INFO] 2019-06-29 15:23:53,299: +PARAM [/gazebo_gui/sor_pgs_rms_error_tol] by /gazebo_gui
[rosmaster.master][INFO] 2019-06-29 15:23:53,300: +PARAM [/gazebo/gravity_z] by /gazebo
[rosmaster.master][INFO] 2019-06-29 15:23:53,301: +PARAM [/gazebo_gui/cfm] by /gazebo_gui
[rosmaster.master][INFO] 2019-06-29 15:23:53,302: +PARAM [/gazebo/auto_disable_bodies] by /gazebo
[rosmaster.master][INFO] 2019-06-29 15:23:53,304: +PARAM [/gazebo/sor_pgs_precon_iters] by /gazebo
[rosmaster.master][INFO] 2019-06-29 15:23:53,304: +PARAM [/gazebo_gui/erp] by /gazebo_gui
[rosmaster.master][INFO] 2019-06-29 15:23:53,306: +PARAM [/gazebo/sor_pgs_iters] by /gazebo
[rosmaster.master][INFO] 2019-06-29 15:23:53,307: +PARAM [/gazebo_gui/contact_surface_layer] by /gazebo_gui
[rosmaster.master][INFO] 2019-06-29 15:23:53,308: +PARAM [/gazebo/sor_pgs_w] by /gazebo
[rosmaster.master][INFO] 2019-06-29 15:23:53,309: +PARAM [/gazebo_gui/contact_max_correcting_vel] by /gazebo_gui
[rosmaster.master][INFO] 2019-06-29 15:23:53,310: +PARAM [/gazebo/sor_pgs_rms_error_tol] by /gazebo
[rosmaster.master][INFO] 2019-06-29 15:23:53,312: +PARAM [/gazebo_gui/max_contacts] by /gazebo_gui
[rosmaster.master][INFO] 2019-06-29 15:23:53,313: +PARAM [/gazebo/cfm] by /gazebo
[rosmaster.master][INFO] 2019-06-29 15:23:53,315: +PARAM [/gazebo/erp] by /gazebo
[rosmaster.master][INFO] 2019-06-29 15:23:53,320: +PARAM [/gazebo/contact_surface_layer] by /gazebo
[rosmaster.master][INFO] 2019-06-29 15:23:53,321: +PARAM [/gazebo_gui/time_step] by /gazebo_gui
[rosmaster.master][INFO] 2019-06-29 15:23:53,323: +PARAM [/gazebo/contact_max_correcting_vel] by /gazebo
[rosmaster.master][INFO] 2019-06-29 15:23:53,325: +PARAM [/gazebo/max_contacts] by /gazebo
[rosmaster.master][INFO] 2019-06-29 15:23:53,326: +PARAM [/gazebo_gui/max_update_rate] by /gazebo_gui
[rosmaster.master][INFO] 2019-06-29 15:23:53,328: +PARAM [/gazebo_gui/gravity_x] by /gazebo_gui
[rosmaster.master][INFO] 2019-06-29 15:23:53,329: +PARAM [/gazebo/time_step] by /gazebo
[rosmaster.master][INFO] 2019-06-29 15:23:53,344: +PARAM [/gazebo_gui/gravity_y] by /gazebo_gui
[rosmaster.master][INFO] 2019-06-29 15:23:53,346: +PARAM [/gazebo/max_update_rate] by /gazebo
[rosmaster.master][INFO] 2019-06-29 15:23:53,347: +PARAM [/gazebo_gui/gravity_z] by /gazebo_gui
[rosmaster.master][INFO] 2019-06-29 15:23:53,348: +PARAM [/gazebo/gravity_x] by /gazebo
[rosmaster.master][INFO] 2019-06-29 15:23:53,350: +PARAM [/gazebo_gui/auto_disable_bodies] by /gazebo_gui
[rosmaster.master][INFO] 2019-06-29 15:23:53,350: +PARAM [/gazebo/gravity_y] by /gazebo
[rosmaster.master][INFO] 2019-06-29 15:23:53,352: +PARAM [/gazebo_gui/sor_pgs_precon_iters] by /gazebo_gui
[rosmaster.master][INFO] 2019-06-29 15:23:53,353: +PARAM [/gazebo/gravity_z] by /gazebo
[rosmaster.master][INFO] 2019-06-29 15:23:53,354: +PARAM [/gazebo_gui/sor_pgs_iters] by /gazebo_gui
[rosmaster.master][INFO] 2019-06-29 15:23:53,355: +PARAM [/gazebo/auto_disable_bodies] by /gazebo
[rosmaster.master][INFO] 2019-06-29 15:23:53,356: +PARAM [/gazebo/sor_pgs_precon_iters] by /gazebo
[rosmaster.master][INFO] 2019-06-29 15:23:53,357: +PARAM [/gazebo_gui/sor_pgs_w] by /gazebo_gui
[rosmaster.master][INFO] 2019-06-29 15:23:53,358: +PARAM [/gazebo/sor_pgs_iters] by /gazebo
[rosmaster.master][INFO] 2019-06-29 15:23:53,359: +PARAM [/gazebo_gui/sor_pgs_rms_error_tol] by /gazebo_gui
[rosmaster.master][INFO] 2019-06-29 15:23:53,361: +PARAM [/gazebo/sor_pgs_w] by /gazebo
[rosmaster.master][INFO] 2019-06-29 15:23:53,362: +PARAM [/gazebo_gui/cfm] by /gazebo_gui
[rosmaster.master][INFO] 2019-06-29 15:23:53,363: +PARAM [/gazebo/sor_pgs_rms_error_tol] by /gazebo
[rosmaster.master][INFO] 2019-06-29 15:23:53,365: +PARAM [/gazebo/cfm] by /gazebo
[rosmaster.master][INFO] 2019-06-29 15:23:53,366: +PARAM [/gazebo_gui/erp] by /gazebo_gui
[rosmaster.master][INFO] 2019-06-29 15:23:53,370: +PARAM [/gazebo_gui/contact_surface_layer] by /gazebo_gui
[rosmaster.master][INFO] 2019-06-29 15:23:53,372: +PARAM [/gazebo_gui/contact_max_correcting_vel] by /gazebo_gui
[rosmaster.master][INFO] 2019-06-29 15:23:53,375: +PARAM [/gazebo/erp] by /gazebo
[rosmaster.master][INFO] 2019-06-29 15:23:53,376: +PARAM [/gazebo_gui/max_contacts] by /gazebo_gui
[rosmaster.master][INFO] 2019-06-29 15:23:53,388: +PARAM [/gazebo/contact_surface_layer] by /gazebo
[rosmaster.master][INFO] 2019-06-29 15:23:53,390: +PARAM [/gazebo/contact_max_correcting_vel] by /gazebo
[rosmaster.master][INFO] 2019-06-29 15:23:53,391: +PARAM [/gazebo/max_contacts] by /gazebo
[rosmaster.master][INFO] 2019-06-29 15:23:59,553: -PUB [/gazebo_gui/parameter_descriptions] /gazebo_gui http://dc5b429f784e:33421/
[rosmaster.master][INFO] 2019-06-29 15:23:59,554: -PUB [/gazebo_gui/parameter_updates] /gazebo_gui http://dc5b429f784e:33421/
[rosmaster.master][INFO] 2019-06-29 15:23:59,555: -SERVICE [/gazebo_gui/set_parameters] /gazebo_gui rosrpc://dc5b429f784e:52585
[rosmaster.master][INFO] 2019-06-29 15:23:59,597: -PUB [/rosout] /gazebo_gui http://dc5b429f784e:33421/
[rosmaster.master][INFO] 2019-06-29 15:23:59,598: -SUB [/clock] /gazebo_gui http://dc5b429f784e:33421/
[rosmaster.master][INFO] 2019-06-29 15:23:59,600: -SERVICE [/gazebo_gui/get_loggers] /gazebo_gui rosrpc://dc5b429f784e:52585
[rosmaster.master][INFO] 2019-06-29 15:23:59,601: -SERVICE [/gazebo_gui/set_logger_level] /gazebo_gui rosrpc://dc5b429f784e:52585
[rosmaster.master][INFO] 2019-06-29 15:23:59,608: publisherUpdate[/rosout] -> http://dc5b429f784e:38051/ ['http://dc5b429f784e:33027/', 'http://dc5b429f784e:40541/', 'http://dc5b429f784e:45645/']
[rosmaster.master][INFO] 2019-06-29 15:23:59,609: publisherUpdate[/rosout] -> http://dc5b429f784e:38051/ ['http://dc5b429f784e:33027/', 'http://dc5b429f784e:40541/', 'http://dc5b429f784e:45645/']: sec=0.00, result=[1, '', 0]
[rosmaster.master][INFO] 2019-06-29 15:24:01,315: -PUB [/rosout] /robot_state_publisher http://dc5b429f784e:40541/
[rosmaster.master][INFO] 2019-06-29 15:24:01,316: publisherUpdate[/rosout] -> http://dc5b429f784e:38051/ ['http://dc5b429f784e:33027/', 'http://dc5b429f784e:45645/']
[rosmaster.master][INFO] 2019-06-29 15:24:01,316: -PUB [/tf] /robot_state_publisher http://dc5b429f784e:40541/
[rosmaster.master][INFO] 2019-06-29 15:24:01,317: publisherUpdate[/rosout] -> http://dc5b429f784e:38051/ ['http://dc5b429f784e:33027/', 'http://dc5b429f784e:45645/']: sec=0.00, result=[1, '', 0]
[rosmaster.master][INFO] 2019-06-29 15:24:01,318: -PUB [/tf_static] /robot_state_publisher http://dc5b429f784e:40541/
[rosmaster.master][INFO] 2019-06-29 15:24:01,319: -SUB [/clock] /robot_state_publisher http://dc5b429f784e:40541/
[rosmaster.master][INFO] 2019-06-29 15:24:01,320: -SUB [/joint_states] /robot_state_publisher http://dc5b429f784e:40541/
[rosmaster.master][INFO] 2019-06-29 15:24:01,321: -SERVICE [/robot_state_publisher/get_loggers] /robot_state_publisher rosrpc://dc5b429f784e:43429
[rosmaster.master][INFO] 2019-06-29 15:24:01,322: -SERVICE [/robot_state_publisher/set_logger_level] /robot_state_publisher rosrpc://dc5b429f784e:43429
[rosmaster.master][INFO] 2019-06-29 15:24:35,772: -PUB [/rosout_agg] /rosout http://dc5b429f784e:38051/
[rosmaster.master][INFO] 2019-06-29 15:24:35,773: -SUB [/clock] /rosout http://dc5b429f784e:38051/
[rosmaster.master][INFO] 2019-06-29 15:24:35,774: -SUB [/rosout] /rosout http://dc5b429f784e:38051/
[rosmaster.master][INFO] 2019-06-29 15:24:35,775: -SERVICE [/rosout/get_loggers] /rosout rosrpc://dc5b429f784e:42149
[rosmaster.master][INFO] 2019-06-29 15:24:35,776: -SERVICE [/rosout/set_logger_level] /rosout rosrpc://dc5b429f784e:42149
[rosmaster.main][INFO] 2019-06-29 15:24:35,806: keyboard interrupt, will exit
[rosmaster.main][INFO] 2019-06-29 15:24:35,806: stopping master...
[rospy.core][INFO] 2019-06-29 15:24:35,806: signal_shutdown [atexit]
