[rospy.client][INFO] 2019-06-29 15:23:47,206: init_node, name[/mybot_spawn], pid[182]
[xmlrpc][INFO] 2019-06-29 15:23:47,206: XML-RPC server binding to 0.0.0.0:0
[rospy.init][INFO] 2019-06-29 15:23:47,207: ROS Slave URI: [http://dc5b429f784e:36033/]
[xmlrpc][INFO] 2019-06-29 15:23:47,207: Started XML-RPC server [http://dc5b429f784e:36033/]
[rospy.impl.masterslave][INFO] 2019-06-29 15:23:47,207: _ready: http://dc5b429f784e:36033/
[xmlrpc][INFO] 2019-06-29 15:23:47,208: xml rpc node: starting XML-RPC server
[rospy.registration][INFO] 2019-06-29 15:23:47,208: Registering with master node http://localhost:11311
[rospy.init][INFO] 2019-06-29 15:23:47,307: registered with master
[rospy.rosout][INFO] 2019-06-29 15:23:47,308: initializing /rosout core topic
[rospy.rosout][INFO] 2019-06-29 15:23:47,310: connected to core topic /rosout
[rospy.simtime][INFO] 2019-06-29 15:23:47,311: initializing /clock core topic
[rospy.simtime][INFO] 2019-06-29 15:23:47,314: connected to core topic /clock
[rosout][INFO] 2019-06-29 15:23:47,318: Loading model XML from ros parameter
[rosout][INFO] 2019-06-29 15:23:47,323: Waiting for service /gazebo/spawn_urdf_model
[rospy.internal][INFO] 2019-06-29 15:23:47,325: topic[/clock] adding connection to [http://dc5b429f784e:33027/], count 0
[rosout][INFO] 2019-06-29 15:23:47,326: Calling service /gazebo/spawn_urdf_model
[rospy.internal][INFO] 2019-06-29 15:23:47,582: topic[/rosout] adding connection to [/rosout], count 0
[rosout][INFO] 2019-06-29 15:23:47,716: Spawn status: SpawnModel: Successfully spawned entity
[rospy.core][INFO] 2019-06-29 15:23:47,717: signal_shutdown [atexit]
[rospy.internal][INFO] 2019-06-29 15:23:47,725: topic[/rosout] removing connection to /rosout
[rospy.internal][INFO] 2019-06-29 15:23:47,726: topic[/clock] removing connection to http://dc5b429f784e:33027/
[rospy.impl.masterslave][INFO] 2019-06-29 15:23:47,726: atexit
