

0.000000000  Node Startup
0.000000000 INFO [/tmp/binarydeb/ros-kinetic-roscpp-1.12.13/src/libros/service.cpp:80(service::exists) [topics: /rosout] waitForService: Service [/gazebo/set_physics_properties] has not been advertised, waiting...
0.000000000 INFO [gazebo_interface.py:31(spawn_urdf_model_client) [topics: /clock, /rosout] Calling service /gazebo/spawn_urdf_model
0.000000000 INFO [gazebo_interface.py:33(spawn_urdf_model_client) [topics: /clock, /rosout] Spawn status: SpawnModel: Successfully spawned entity
0.000000000 INFO [/tmp/binarydeb/ros-kinetic-gazebo-plugins-2.5.14/include/gazebo_plugins/gazebo_ros_utils.h:95(__cxx11::string gazebo::GetRobotNamespace) [topics: /rosout, /clock, /gazebo/link_states, /gazebo/model_states] Laser Plugin: Using the 'robotNamespace' param: '/'
0.000000000 INFO [/tmp/binarydeb/ros-kinetic-gazebo-plugins-2.5.14/src/gazebo_ros_laser.cpp:111(GazeboRosLaser::Load) [topics: /rosout, /clock, /gazebo/link_states, /gazebo/model_states] Starting Laser Plugin (ns = /)
0.000000000 INFO [/tmp/binarydeb/ros-kinetic-gazebo-plugins-2.5.14/src/gazebo_ros_laser.cpp:135(GazeboRosLaser::LoadThread) [topics: /rosout, /clock, /gazebo/link_states, /gazebo/model_states] Laser Plugin (ns = /)  <tf_prefix_>, set to ""
0.000000000 INFO [/tmp/binarydeb/ros-kinetic-gazebo-plugins-2.5.14/src/gazebo_ros_utils.cpp:57(GazeboRos::readCommonParameter) [topics: /rosout, /clock, /gazebo/link_states, /gazebo/model_states, /p3dx/laser/scan] Starting plugin DiffDrive(ns = //)
0.000000000 WARN [/tmp/binarydeb/ros-kinetic-gazebo-plugins-2.5.14/include/gazebo_plugins/gazebo_ros_utils.h:231(GazeboRos::getParameter) [topics: /rosout, /clock, /gazebo/link_states, /gazebo/model_states, /p3dx/laser/scan] DiffDrive(ns = //): missing <rosDebugLevel> default is na
0.000000000 INFO [/tmp/binarydeb/ros-kinetic-gazebo-plugins-2.5.14/src/gazebo_ros_utils.cpp:93(GazeboRos::readCommonParameter) [topics: /rosout, /clock, /gazebo/link_states, /gazebo/model_states, /p3dx/laser/scan] DiffDrive(ns = //): <tf_prefix> = 
0.000000000 WARN [/tmp/binarydeb/ros-kinetic-gazebo-plugins-2.5.14/src/gazebo_ros_utils.cpp:101(GazeboRos::getParameterBoolean) [topics: /rosout, /clock, /gazebo/link_states, /gazebo/model_states, /p3dx/laser/scan] DiffDrive(ns = //): missing <publishWheelTF> default is false
0.000000000 WARN [/tmp/binarydeb/ros-kinetic-gazebo-plugins-2.5.14/src/gazebo_ros_utils.cpp:101(GazeboRos::getParameterBoolean) [topics: /rosout, /clock, /gazebo/link_states, /gazebo/model_states, /p3dx/laser/scan] DiffDrive(ns = //): missing <publishWheelJointState> default is false
0.000000000 WARN [/tmp/binarydeb/ros-kinetic-gazebo-plugins-2.5.14/src/gazebo_ros_utils.cpp:101(GazeboRos::getParameterBoolean) [topics: /rosout, /clock, /gazebo/link_states, /gazebo/model_states, /p3dx/laser/scan] DiffDrive(ns = //): missing <legacyMode> default is ture
0.000000000 ERROR [/tmp/binarydeb/ros-kinetic-gazebo-plugins-2.5.14/src/gazebo_ros_diff_drive.cpp:101(GazeboRosDiffDrive::Load) [topics: /rosout, /clock, /gazebo/link_states, /gazebo/model_states, /p3dx/laser/scan] GazeboRosDiffDrive Plugin missing <legacyMode>, defaults to true
This setting assumes you have a old package, where the right and left wheel are changed to fix a former code issue
To get rid of this error just set <legacyMode> to false if you just created a new package.
To fix an old package you have to exchange left wheel by the right wheel.
If you do not want to fix this issue in an old package or your z axis points down instead of the ROS standard defined in REP 103
just set <legacyMode> to true.

0.000000000 WARN [/tmp/binarydeb/ros-kinetic-gazebo-plugins-2.5.14/include/gazebo_plugins/gazebo_ros_utils.h:231(GazeboRos::getParameter) [topics: /rosout, /clock, /gazebo/link_states, /gazebo/model_states, /p3dx/laser/scan] DiffDrive(ns = //): missing <wheelAcceleration> default is 0
0.000000000 WARN [/tmp/binarydeb/ros-kinetic-gazebo-plugins-2.5.14/include/gazebo_plugins/gazebo_ros_utils.h:231(GazeboRos::getParameter) [topics: /rosout, /clock, /gazebo/link_states, /gazebo/model_states, /p3dx/laser/scan] DiffDrive(ns = //): missing <wheelTorque> default is 5
0.000000000 WARN [/tmp/binarydeb/ros-kinetic-gazebo-plugins-2.5.14/include/gazebo_plugins/gazebo_ros_utils.h:263(GazeboRos::getParameter) [topics: /rosout, /clock, /gazebo/link_states, /gazebo/model_states, /p3dx/laser/scan] DiffDrive(ns = //): missing <odometrySource> default is 1
0.000000000 WARN [/tmp/binarydeb/ros-kinetic-gazebo-plugins-2.5.14/src/gazebo_ros_diff_drive.cpp:126(GazeboRosDiffDrive::Load) [topics: /rosout, /clock, /gazebo/link_states, /gazebo/model_states, /p3dx/laser/scan] GazeboRosDiffDrive Plugin (ns = ) missing <publishTf>, defaults to 1
0.000000000 INFO [/tmp/binarydeb/ros-kinetic-gazebo-plugins-2.5.14/src/gazebo_ros_diff_drive.cpp:158(GazeboRosDiffDrive::Load) [topics: /rosout, /clock, /gazebo/link_states, /gazebo/model_states, /p3dx/laser/scan, /tf] DiffDrive(ns = //): Try to subscribe to cmd_vel
0.000000000 INFO [/tmp/binarydeb/ros-kinetic-gazebo-plugins-2.5.14/src/gazebo_ros_diff_drive.cpp:166(GazeboRosDiffDrive::Load) [topics: /rosout, /clock, /gazebo/link_states, /gazebo/model_states, /p3dx/laser/scan, /tf] DiffDrive(ns = //): Subscribe to cmd_vel
0.000000000 INFO [/tmp/binarydeb/ros-kinetic-gazebo-plugins-2.5.14/src/gazebo_ros_diff_drive.cpp:171(GazeboRosDiffDrive::Load) [topics: /rosout, /clock, /gazebo/link_states, /gazebo/model_states, /p3dx/laser/scan, /tf, /odom] DiffDrive(ns = //): Advertise odom on odom 
932.791000000 INFO [/tmp/binarydeb/ros-kinetic-roscpp-1.12.13/src/libros/service.cpp:122(service::waitForService) [topics: /rosout, /clock, /gazebo/link_states, /gazebo/model_states, /p3dx/laser/scan, /tf, /odom, /p3dx/base_pose_ground_truth] waitForService: Service [/gazebo/set_physics_properties] is now available.
932.814000000 INFO [/tmp/binarydeb/ros-kinetic-gazebo-ros-2.5.14/src/gazebo_ros_api_plugin.cpp:2083(GazeboRosApiPlugin::physicsReconfigureThread) [topics: /rosout, /clock, /gazebo/link_states, /gazebo/model_states, /p3dx/laser/scan, /tf, /odom, /p3dx/base_pose_ground_truth, /gazebo/parameter_descriptions, /gazebo/parameter_updates] Physics dynamic reconfigure ready.
965.908000000 WARN [/opt/ros/kinetic/include/tf/message_filter.h:496(MessageFilter<M>::checkFailures) [topics: /rosout, /tf, /slam_gmapping/entropy, /map, /map_metadata] MessageFilter [target=odom ]: Dropped 100.00% of messages so far. Please turn the [ros.gmapping.message_notifier] rosconsole logger to DEBUG for more information.
0.000000000 WARN [/tmp/binarydeb/ros-kinetic-kdl-parser-1.12.10/src/kdl_parser.cpp:200(treeFromUrdfModel) [topics: /rosout] The root link base_link has an inertia specified in the URDF, but KDL does not support a root link with an inertia.  As a workaround, you can add an extra dummy link to your URDF.
967.006000000 INFO [/home/catkin_ws/src/slam_gmapping/gmapping/src/slam_gmapping.cpp:447(initMapper) [topics: /rosout, /tf, /slam_gmapping/entropy, /map, /map_metadata] Laser is mounted upwards.
967.023000000 INFO [/home/catkin_ws/src/slam_gmapping/gmapping/src/slam_gmapping.cpp:532(initMapper) [topics: /rosout, /tf, /slam_gmapping/entropy, /map, /map_metadata] Initialization complete
967.724000000 INFO [/tmp/binarydeb/ros-kinetic-rviz-1.12.15/src/rviz/ogre_helpers/render_system.cpp:430(RenderWindow* rviz::RenderSystem::makeRenderWindow) [topics: /rosout] Stereo is NOT SUPPORTED
967.724000000 INFO [/tmp/binarydeb/ros-kinetic-rviz-1.12.15/src/rviz/ogre_helpers/render_system.cpp:211(RenderSystem::detectGlVersion) [topics: /rosout] OpenGl version: 3 (GLSL 1.3).
982.233000000 INFO [/tmp/binarydeb/ros-kinetic-costmap-2d-1.14.4/src/costmap_2d_ros.cpp:206(Costmap2DROS::resetOldParameters) [topics: /rosout, /cmd_vel, /move_base/current_goal, /move_base/goal] Loading from pre-hydro parameter style
982.328000000 INFO [/tmp/binarydeb/ros-kinetic-costmap-2d-1.14.4/src/costmap_2d_ros.cpp:138(Costmap2DROS::Costmap2DROS) [topics: /rosout, /cmd_vel, /move_base/current_goal, /move_base/goal] Using plugin "obstacle_layer"
982.353000000 INFO [/tmp/binarydeb/ros-kinetic-costmap-2d-1.14.4/plugins/obstacle_layer.cpp:76(ObstacleLayer::onInitialize) [topics: /rosout, /cmd_vel, /move_base/current_goal, /move_base/goal]     Subscribed to Topics: laser_scan_sensor
982.536000000 INFO [/tmp/binarydeb/ros-kinetic-costmap-2d-1.14.4/src/costmap_2d_ros.cpp:138(Costmap2DROS::Costmap2DROS) [topics: /rosout, /cmd_vel, /move_base/current_goal, /move_base/goal, /move_base/global_costmap/obstacle_layer/parameter_descriptions, /move_base/global_costmap/obstacle_layer/parameter_updates] Using plugin "inflation_layer"
982.745000000 ERROR [/tmp/binarydeb/ros-kinetic-costmap-2d-1.14.4/src/costmap_2d_ros.cpp:536(Costmap2DROS::getRobotPose) [topics: /rosout, /cmd_vel, /move_base/current_goal, /move_base/goal, /move_base/global_costmap/obstacle_layer/parameter_descriptions, /move_base/global_costmap/obstacle_layer/parameter_updates, /move_base/global_costmap/inflation_layer/parameter_descriptions, /move_base/global_costmap/inflation_layer/parameter_updates, /move_base/global_costmap/footprint, /move_base/global_costmap/costmap, /move_base/global_costmap/costmap_updates, /move_base/global_costmap/parameter_descriptions, /move_base/global_costmap/parameter_updates] No Transform available Error looking up robot pose: "?

982.831000000 INFO [/tmp/binarydeb/ros-kinetic-costmap-2d-1.14.4/src/costmap_2d_ros.cpp:206(Costmap2DROS::resetOldParameters) [topics: /rosout, /cmd_vel, /move_base/current_goal, /move_base/goal, /move_base/global_costmap/obstacle_layer/parameter_descriptions, /move_base/global_costmap/obstacle_layer/parameter_updates, /move_base/global_costmap/inflation_layer/parameter_descriptions, /move_base/global_costmap/inflation_layer/parameter_updates, /move_base/global_costmap/footprint, /move_base/global_costmap/costmap, /move_base/global_costmap/costmap_updates, /move_base/global_costmap/parameter_descriptions, /move_base/global_costmap/parameter_updates, /move_base/NavfnROS/plan] Loading from pre-hydro parameter style
982.929000000 INFO [/tmp/binarydeb/ros-kinetic-costmap-2d-1.14.4/src/costmap_2d_ros.cpp:138(Costmap2DROS::Costmap2DROS) [topics: /rosout, /cmd_vel, /move_base/current_goal, /move_base/goal, /move_base/global_costmap/obstacle_layer/parameter_descriptions, /move_base/global_costmap/obstacle_layer/parameter_updates, /move_base/global_costmap/inflation_layer/parameter_descriptions, /move_base/global_costmap/inflation_layer/parameter_updates, /move_base/global_costmap/footprint, /move_base/global_costmap/costmap, /move_base/global_costmap/costmap_updates, /move_base/global_costmap/parameter_descriptions, /move_base/global_costmap/parameter_updates, /move_base/NavfnROS/plan] Using plugin "obstacle_layer"
982.952000000 INFO [/tmp/binarydeb/ros-kinetic-costmap-2d-1.14.4/plugins/obstacle_layer.cpp:76(ObstacleLayer::onInitialize) [topics: /rosout, /cmd_vel, /move_base/current_goal, /move_base/goal, /move_base/global_costmap/obstacle_layer/parameter_descriptions, /move_base/global_costmap/obstacle_layer/parameter_updates, /move_base/global_costmap/inflation_layer/parameter_descriptions, /move_base/global_costmap/inflation_layer/parameter_updates, /move_base/global_costmap/footprint, /move_base/global_costmap/costmap, /move_base/global_costmap/costmap_updates, /move_base/global_costmap/parameter_descriptions, /move_base/global_costmap/parameter_updates, /move_base/NavfnROS/plan]     Subscribed to Topics: laser_scan_sensor
983.077000000 INFO [/tmp/binarydeb/ros-kinetic-costmap-2d-1.14.4/src/costmap_2d_ros.cpp:138(Costmap2DROS::Costmap2DROS) [topics: /rosout, /cmd_vel, /move_base/current_goal, /move_base/goal, /move_base/global_costmap/obstacle_layer/parameter_descriptions, /move_base/global_costmap/obstacle_layer/parameter_updates, /move_base/global_costmap/inflation_layer/parameter_descriptions, /move_base/global_costmap/inflation_layer/parameter_updates, /move_base/global_costmap/footprint, /move_base/global_costmap/costmap, /move_base/global_costmap/costmap_updates, /move_base/global_costmap/parameter_descriptions, /move_base/global_costmap/parameter_updates, /move_base/NavfnROS/plan, /move_base/local_costmap/obstacle_layer/parameter_descriptions, /move_base/local_costmap/obstacle_layer/parameter_updates] Using plugin "inflation_layer"
1003.581000000 INFO [/home/catkin_ws/src/move_basic/src/move_basic.cpp:293(MoveBasic) [topics: /rosout, /cmd_vel, /plan, /obstacle_distance, /lateral_error, /move_base/result, /move_base/feedback, /move_base/status, /move_base/goal, /obstacle_viz] Move Basic ready
1010.503000000 INFO [/tmp/binarydeb/ros-kinetic-rviz-1.12.15/src/rviz/default_plugin/map_display.cpp:604(MapDisplay::createSwatches) [topics: /rosout, /initialpose, /move_base_simple/goal, /clicked_point] Creating 1 swatches
1032.055000000 INFO [/tmp/binarydeb/ros-kinetic-rviz-1.12.15/src/rviz/default_plugin/tools/goal_tool.cpp:73(GoalTool::onPoseSet) [topics: /rosout, /initialpose, /move_base_simple/goal, /clicked_point] Setting goal: Frame:map, Position(6.472, 2.067, 0.000), Orientation(0.000, 0.000, -0.500, 0.866) = Angle: -1.048

1032.082000000 INFO [/home/catkin_ws/src/move_basic/src/move_basic.cpp:350(goalCallback) [topics: /rosout, /cmd_vel, /plan, /obstacle_distance, /lateral_error, /move_base/result, /move_base/feedback, /move_base/status, /move_base/goal, /obstacle_viz] Received simple goal
1032.132000000 INFO [/home/catkin_ws/src/move_basic/src/move_basic.cpp:396(executeAction) [topics: /rosout, /cmd_vel, /plan, /obstacle_distance, /lateral_error, /move_base/result, /move_base/feedback, /move_base/status, /move_base/goal, /obstacle_viz] Received goal 6.471711 2.066948 -60.024525 map
1032.132000000 INFO [/home/catkin_ws/src/move_basic/src/move_basic.cpp:423(executeAction) [topics: /rosout, /cmd_vel, /plan, /obstacle_distance, /lateral_error, /move_base/result, /move_base/feedback, /move_base/status, /move_base/goal, /obstacle_viz] Goal in map  6.471711 2.066948 -60.024525
1032.132000000 INFO [/home/catkin_ws/src/move_basic/src/move_basic.cpp:610(rotate) [topics: /rosout, /cmd_vel, /plan, /obstacle_distance, /lateral_error, /move_base/result, /move_base/feedback, /move_base/status, /move_base/goal, /obstacle_viz] Requested rotation 9.746558
1032.832000000 INFO [/home/catkin_ws/src/move_basic/src/move_basic.cpp:676(rotate) [topics: /rosout, /cmd_vel, /plan, /obstacle_distance, /lateral_error, /move_base/result, /move_base/feedback, /move_base/status, /move_base/goal, /obstacle_viz] Done rotation, error 0.550495 degrees
1032.833000000 INFO [/home/catkin_ws/src/move_basic/src/move_basic.cpp:515(executeAction) [topics: /rosout, /cmd_vel, /plan, /obstacle_distance, /lateral_error, /move_base/result, /move_base/feedback, /move_base/status, /move_base/goal, /obstacle_viz] Requested distance 4.946366
1044.233000000 INFO [/home/catkin_ws/src/move_basic/src/move_basic.cpp:933(moveLinear) [topics: /rosout, /cmd_vel, /plan, /obstacle_distance, /lateral_error, /move_base/result, /move_base/feedback, /move_base/status, /move_base/goal, /obstacle_viz] Done linear, error 0.029865, -0.000091 meters
1044.233000000 INFO [/home/catkin_ws/src/move_basic/src/move_basic.cpp:610(rotate) [topics: /rosout, /cmd_vel, /plan, /obstacle_distance, /lateral_error, /move_base/result, /move_base/feedback, /move_base/status, /move_base/goal, /obstacle_viz] Requested rotation -68.733356
1046.213000000 INFO [/home/catkin_ws/src/move_basic/src/move_basic.cpp:676(rotate) [topics: /rosout, /cmd_vel, /plan, /obstacle_distance, /lateral_error, /move_base/result, /move_base/feedback, /move_base/status, /move_base/goal, /obstacle_viz] Done rotation, error -0.525693 degrees
1053.560000000 INFO [/tmp/binarydeb/ros-kinetic-rviz-1.12.15/src/rviz/default_plugin/tools/goal_tool.cpp:73(GoalTool::onPoseSet) [topics: /rosout, /initialpose, /move_base_simple/goal, /clicked_point] Setting goal: Frame:map, Position(3.041, 2.239, 0.000), Orientation(0.000, 0.000, 0.998, -0.066) = Angle: -3.009

1053.584000000 INFO [/home/catkin_ws/src/move_basic/src/move_basic.cpp:350(goalCallback) [topics: /rosout, /cmd_vel, /plan, /obstacle_distance, /lateral_error, /move_base/result, /move_base/feedback, /move_base/status, /move_base/goal, /obstacle_viz] Received simple goal
1053.638000000 INFO [/home/catkin_ws/src/move_basic/src/move_basic.cpp:396(executeAction) [topics: /rosout, /cmd_vel, /plan, /obstacle_distance, /lateral_error, /move_base/result, /move_base/feedback, /move_base/status, /move_base/goal, /obstacle_viz] Received goal 3.040683 2.238665 -172.412989 map
1053.638000000 INFO [/home/catkin_ws/src/move_basic/src/move_basic.cpp:423(executeAction) [topics: /rosout, /cmd_vel, /plan, /obstacle_distance, /lateral_error, /move_base/result, /move_base/feedback, /move_base/status, /move_base/goal, /obstacle_viz] Goal in map  3.040683 2.238665 -172.412989
1053.638000000 INFO [/home/catkin_ws/src/move_basic/src/move_basic.cpp:610(rotate) [topics: /rosout, /cmd_vel, /plan, /obstacle_distance, /lateral_error, /move_base/result, /move_base/feedback, /move_base/status, /move_base/goal, /obstacle_viz] Requested rotation -123.983618
1056.198000000 INFO [/home/catkin_ws/src/move_basic/src/move_basic.cpp:676(rotate) [topics: /rosout, /cmd_vel, /plan, /obstacle_distance, /lateral_error, /move_base/result, /move_base/feedback, /move_base/status, /move_base/goal, /obstacle_viz] Done rotation, error -0.548364 degrees
1056.198000000 INFO [/home/catkin_ws/src/move_basic/src/move_basic.cpp:515(executeAction) [topics: /rosout, /cmd_vel, /plan, /obstacle_distance, /lateral_error, /move_base/result, /move_base/feedback, /move_base/status, /move_base/goal, /obstacle_viz] Requested distance 3.436333
1065.118000000 INFO [/home/catkin_ws/src/move_basic/src/move_basic.cpp:933(moveLinear) [topics: /rosout, /cmd_vel, /plan, /obstacle_distance, /lateral_error, /move_base/result, /move_base/feedback, /move_base/status, /move_base/goal, /obstacle_viz] Done linear, error 0.028873, -0.000001 meters
1065.118000000 INFO [/home/catkin_ws/src/move_basic/src/move_basic.cpp:610(rotate) [topics: /rosout, /cmd_vel, /plan, /obstacle_distance, /lateral_error, /move_base/result, /move_base/feedback, /move_base/status, /move_base/goal, /obstacle_viz] Requested rotation -348.161327
1065.878000000 INFO [/home/catkin_ws/src/move_basic/src/move_basic.cpp:676(rotate) [topics: /rosout, /cmd_vel, /plan, /obstacle_distance, /lateral_error, /move_base/result, /move_base/feedback, /move_base/status, /move_base/goal, /obstacle_viz] Done rotation, error 0.558406 degrees
1087.586000000 INFO [/tmp/binarydeb/ros-kinetic-rviz-1.12.15/src/rviz/default_plugin/tools/goal_tool.cpp:73(GoalTool::onPoseSet) [topics: /rosout, /initialpose, /move_base_simple/goal, /clicked_point] Setting goal: Frame:map, Position(-1.034, 2.405, 0.000), Orientation(0.000, 0.000, 0.999, -0.044) = Angle: -3.053

1087.631000000 INFO [/home/catkin_ws/src/move_basic/src/move_basic.cpp:350(goalCallback) [topics: /rosout, /cmd_vel, /plan, /obstacle_distance, /lateral_error, /move_base/result, /move_base/feedback, /move_base/status, /move_base/goal, /obstacle_viz] Received simple goal
1087.682000000 INFO [/home/catkin_ws/src/move_basic/src/move_basic.cpp:396(executeAction) [topics: /rosout, /cmd_vel, /plan, /obstacle_distance, /lateral_error, /move_base/result, /move_base/feedback, /move_base/status, /move_base/goal, /obstacle_viz] Received goal -1.033657 2.404901 -174.913729 map
1087.682000000 INFO [/home/catkin_ws/src/move_basic/src/move_basic.cpp:423(executeAction) [topics: /rosout, /cmd_vel, /plan, /obstacle_distance, /lateral_error, /move_base/result, /move_base/feedback, /move_base/status, /move_base/goal, /obstacle_viz] Goal in map  -1.033657 2.404901 -174.913729
1087.682000000 INFO [/home/catkin_ws/src/move_basic/src/move_basic.cpp:610(rotate) [topics: /rosout, /cmd_vel, /plan, /obstacle_distance, /lateral_error, /move_base/result, /move_base/feedback, /move_base/status, /move_base/goal, /obstacle_viz] Requested rotation -8.303341
1088.302000000 INFO [/home/catkin_ws/src/move_basic/src/move_basic.cpp:676(rotate) [topics: /rosout, /cmd_vel, /plan, /obstacle_distance, /lateral_error, /move_base/result, /move_base/feedback, /move_base/status, /move_base/goal, /obstacle_viz] Done rotation, error -0.568578 degrees
1088.302000000 INFO [/home/catkin_ws/src/move_basic/src/move_basic.cpp:515(executeAction) [topics: /rosout, /cmd_vel, /plan, /obstacle_distance, /lateral_error, /move_base/result, /move_base/feedback, /move_base/status, /move_base/goal, /obstacle_viz] Requested distance 4.066263
1098.322000000 INFO [/home/catkin_ws/src/move_basic/src/move_basic.cpp:933(moveLinear) [topics: /rosout, /cmd_vel, /plan, /obstacle_distance, /lateral_error, /move_base/result, /move_base/feedback, /move_base/status, /move_base/goal, /obstacle_viz] Done linear, error 0.028029, -0.000005 meters
1098.322000000 INFO [/home/catkin_ws/src/move_basic/src/move_basic.cpp:610(rotate) [topics: /rosout, /cmd_vel, /plan, /obstacle_distance, /lateral_error, /move_base/result, /move_base/feedback, /move_base/status, /move_base/goal, /obstacle_viz] Requested rotation -350.169500
1099.022000000 INFO [/home/catkin_ws/src/move_basic/src/move_basic.cpp:676(rotate) [topics: /rosout, /cmd_vel, /plan, /obstacle_distance, /lateral_error, /move_base/result, /move_base/feedback, /move_base/status, /move_base/goal, /obstacle_viz] Done rotation, error 0.492784 degrees
