2020-10-31T20:02:28 Checking update-file '/usr/share/kde4/apps/kconf_update/kate-2.4.upd' for new updates
2020-10-31T20:02:28 kate-2.4.upd: Found new update 'kate2.4'
2020-10-31T20:02:28 Checking update-file '/usr/share/kde4/apps/kconf_update/kio_help.upd' for new updates
2020-10-31T20:02:28 kio_help.upd: Found new update 'kde3_2'
2020-10-31T20:02:28 kio_help.upd: Running script 'move_kio_help_cache.sh'
2020-10-31T20:02:28 [Script] mv: cannot stat '/root/.kde/share/apps/kio_help/cache': No such file or directory
2020-10-31T20:02:28 [Script] rmdir: failed to remove '/root/.kde/share/apps/kio_help': No such file or directory
2020-10-31T20:02:28 Checking update-file '/usr/share/kde4/apps/kconf_update/kioslave.upd' for new updates
2020-10-31T20:02:28 kioslave.upd: Found new update 'kde2.2/r1'
2020-10-31T20:02:28 kioslave.upd: File 'kioslaverc' does not exist or empty, skipping
2020-10-31T20:02:28 kioslave.upd: Skipping update 'kde2.2/r1'
2020-10-31T20:02:28 kioslave.upd: File 'kioslaverc' does not exist or empty, skipping
2020-10-31T20:02:28 kioslave.upd: Found new update 'kde2.2/r2'
2020-10-31T20:02:28 kioslave.upd: File 'kioslaverc' does not exist or empty, skipping
2020-10-31T20:02:28 kioslave.upd: Found new update 'kde2.2/r3'
2020-10-31T20:02:28 kioslave.upd: File 'kioslaverc' does not exist or empty, skipping
2020-10-31T20:02:28 Checking update-file '/usr/share/kde4/apps/kconf_update/kuriikwsfilter.upd' for new updates
2020-10-31T20:02:28 kuriikwsfilter.upd: Found new update 'post-kde3.1/cvs'
2020-10-31T20:02:28 kuriikwsfilter.upd: File 'kuriikwsfilterrc' does not exist or empty, skipping
2020-10-31T20:02:28 kuriikwsfilter.upd: Found new update 'pre-kde4.9'
2020-10-31T20:02:28 kuriikwsfilter.upd: File 'kuriikwsfilterrc' does not exist or empty, skipping
2020-10-31T20:02:28 Checking update-file '/usr/share/kde4/apps/kconf_update/okular.upd' for new updates
2020-10-31T20:02:28 okular.upd: Found new update 'sep_settings'
2020-10-31T20:02:28 okular.upd: File 'okularpartrc' does not exist or empty, skipping
2020-10-31T20:02:28 Checking update-file '/usr/share/kde4/apps/kconf_update/devicepreference.upd' for new updates
2020-10-31T20:02:28 devicepreference.upd: Found new update 'DevicesMovedToPlatformPlugin'
2020-10-31T20:02:28 devicepreference.upd: Running script 'phonon_devicepreference_update'
2020-10-31T20:02:28 devicepreference.upd: Found new update 'DevicesUIDsChanged'
2020-10-31T20:02:28 devicepreference.upd: Running script 'phonon_deviceuids_update'
2020-10-31T20:02:28 Checking update-file '/usr/share/kde4/apps/kconf_update/kcookiescfg.upd' for new updates
2020-10-31T20:02:28 kcookiescfg.upd: Found new update 'kde2.2/b1'
2020-10-31T20:02:28 kcookiescfg.upd: File 'kcookiejarrc' does not exist or empty, skipping
2020-10-31T20:02:28 kcookiescfg.upd: Found new update 'kde3.1/cvs'
2020-10-31T20:02:28 kcookiescfg.upd: File 'kcookiejarrc' does not exist or empty, skipping
2020-10-31T20:02:28 kcookiescfg.upd: Found new update 'kde4.10/git'
2020-10-31T20:02:28 kcookiescfg.upd: File 'kcookiejarrc' does not exist or empty, skipping
2020-10-31T20:02:28 Checking update-file '/usr/share/kde4/apps/kconf_update/ksslcertificatemanager.upd' for new updates
2020-10-31T20:02:28 ksslcertificatemanager.upd: Found new update 'kde4.2'
2020-10-31T20:02:28 ksslcertificatemanager.upd: Running script 'ksslcertificatemanager.upd.sh'
2020-10-31T20:02:28 [Script] rm: cannot remove '/root/.kde//share/config/ksslcertificatemanager': No such file or directory
2020-10-31T20:02:28 ksslcertificatemanager.upd: !! An error occurred while running 'sh /usr/share/kde4/apps/kconf_update/ksslcertificatemanager.upd.sh'
2020-10-31T20:02:28 Checking update-file '/usr/share/kde4/apps/kconf_update/kdeui.upd' for new updates
2020-10-31T20:02:28 kdeui.upd: Found new update 'kde4/migrate_from_kde3_icon_theme'
2020-10-31T20:02:28 kdeui.upd: File 'kdeglobals' does not exist or empty, skipping
2020-10-31T20:02:28 Checking update-file '/usr/share/kde4/apps/kconf_update/drkonqi-rename-config-section.upd' for new updates
2020-10-31T20:02:28 drkonqi-rename-config-section.upd: Found new update 'kde-4.11'
2020-10-31T20:02:28 drkonqi-rename-config-section.upd: File 'drkonqirc' does not exist or empty, skipping
2020-10-31T20:02:28 Checking update-file '/usr/share/kde4/apps/kconf_update/kwallet-4.13.upd' for new updates
2020-10-31T20:02:28 kwallet-4.13.upd: Found new update 'kde4.13'
2020-10-31T20:02:28 kwallet-4.13.upd: File 'kwalletrc' does not exist or empty, skipping
2020-10-31T20:02:28 Checking update-file '/usr/share/kde4/apps/kconf_update/kded.upd' for new updates
2020-10-31T20:02:28 kded.upd: Found new update 'kde3.0'
2020-10-31T20:02:28 kded.upd: File 'kdedrc' does not exist or empty, skipping
