[rospy.client][INFO] 2019-06-25 12:25:06,666: init_node, name[/joint_state_publisher], pid[55855]
[xmlrpc][INFO] 2019-06-25 12:25:06,667: XML-RPC server binding to 0.0.0.0:0
[xmlrpc][INFO] 2019-06-25 12:25:06,668: Started XML-RPC server [http://dc5b429f784e:39989/]
[rospy.init][INFO] 2019-06-25 12:25:06,668: ROS Slave URI: [http://dc5b429f784e:39989/]
[rospy.impl.masterslave][INFO] 2019-06-25 12:25:06,670: _ready: http://dc5b429f784e:39989/
[xmlrpc][INFO] 2019-06-25 12:25:06,671: xml rpc node: starting XML-RPC server
[rospy.registration][INFO] 2019-06-25 12:25:06,672: Registering with master node http://localhost:11311
[rospy.init][INFO] 2019-06-25 12:25:06,770: registered with master
[rospy.rosout][INFO] 2019-06-25 12:25:06,771: initializing /rosout core topic
[rospy.rosout][INFO] 2019-06-25 12:25:06,775: connected to core topic /rosout
[rospy.simtime][INFO] 2019-06-25 12:25:06,780: initializing /clock core topic
[rospy.simtime][INFO] 2019-06-25 12:25:06,784: connected to core topic /clock
[rospy.internal][INFO] 2019-06-25 12:25:06,792: topic[/clock] adding connection to [http://dc5b429f784e:44643/], count 0
[rospy.internal][INFO] 2019-06-25 12:25:06,968: topic[/rosout] adding connection to [/rosout], count 0
[rospy.internal][INFO] 2019-06-25 12:25:07,147: topic[/joint_states] adding connection to [/robot_state_publisher], count 0
[rospy.internal][ERROR] 2019-06-25 12:27:51,226: Unable to initiate TCP/IP socket to dc5b429f784e:58025 (http://dc5b429f784e:44643/): Traceback (most recent call last):
  File "/opt/ros/kinetic/lib/python2.7/dist-packages/rospy/impl/tcpros_base.py", line 557, in connect
    self.read_header()
  File "/opt/ros/kinetic/lib/python2.7/dist-packages/rospy/impl/tcpros_base.py", line 650, in read_header
    self._validate_header(read_ros_handshake_header(sock, self.read_buff, self.protocol.buff_size))
  File "/opt/ros/kinetic/lib/python2.7/dist-packages/rospy/impl/tcpros_base.py", line 593, in _validate_header
    raise TransportInitError("remote error reported: %s"%header['error'])
TransportInitError: remote error reported: received a connection for a nonexistent topic [/clock] from [TCPROS connection on port 58025 to [172.17.0.2:52032 on socket 10]] [/joint_state_publisher].

[rospy.internal][ERROR] 2019-06-25 12:27:52,228: Unable to initiate TCP/IP socket to dc5b429f784e:58025 (http://dc5b429f784e:44643/): Traceback (most recent call last):
  File "/opt/ros/kinetic/lib/python2.7/dist-packages/rospy/impl/tcpros_base.py", line 557, in connect
    self.read_header()
  File "/opt/ros/kinetic/lib/python2.7/dist-packages/rospy/impl/tcpros_base.py", line 650, in read_header
    self._validate_header(read_ros_handshake_header(sock, self.read_buff, self.protocol.buff_size))
  File "/opt/ros/kinetic/lib/python2.7/dist-packages/rospy/impl/tcpros_base.py", line 593, in _validate_header
    raise TransportInitError("remote error reported: %s"%header['error'])
TransportInitError: remote error reported: received a connection for a nonexistent topic [/clock] from [TCPROS connection on port 58025 to [172.17.0.2:52100 on socket 10]] [/joint_state_publisher].

[rospy.core][INFO] 2019-06-25 12:27:53,533: signal_shutdown [signal-2]
[rospy.internal][INFO] 2019-06-25 12:27:53,538: topic[/joint_states] removing connection to /robot_state_publisher
[rospy.internal][INFO] 2019-06-25 12:27:53,539: topic[/rosout] removing connection to /rosout
[rospy.internal][INFO] 2019-06-25 12:27:53,539: topic[/clock] removing connection to http://dc5b429f784e:44643/
[rospy.impl.masterslave][INFO] 2019-06-25 12:27:53,539: signal-2
[rospy.core][INFO] 2019-06-25 12:27:54,029: signal_shutdown [atexit]
[rospy.client][INFO] 2019-06-25 12:27:57,860: init_node, name[/joint_state_publisher], pid[56472]
[xmlrpc][INFO] 2019-06-25 12:27:57,861: XML-RPC server binding to 0.0.0.0:0
[xmlrpc][INFO] 2019-06-25 12:27:57,861: Started XML-RPC server [http://dc5b429f784e:36083/]
[rospy.impl.masterslave][INFO] 2019-06-25 12:27:57,862: _ready: http://dc5b429f784e:36083/
[rospy.init][INFO] 2019-06-25 12:27:57,862: ROS Slave URI: [http://dc5b429f784e:36083/]
[xmlrpc][INFO] 2019-06-25 12:27:57,863: xml rpc node: starting XML-RPC server
[rospy.registration][INFO] 2019-06-25 12:27:57,863: Registering with master node http://localhost:11311
[rospy.init][INFO] 2019-06-25 12:27:57,963: registered with master
[rospy.rosout][INFO] 2019-06-25 12:27:57,963: initializing /rosout core topic
[rospy.rosout][INFO] 2019-06-25 12:27:57,966: connected to core topic /rosout
[rospy.simtime][INFO] 2019-06-25 12:27:57,968: initializing /clock core topic
[rospy.simtime][INFO] 2019-06-25 12:27:57,971: connected to core topic /clock
[rospy.internal][INFO] 2019-06-25 12:27:58,236: topic[/joint_states] adding connection to [/robot_state_publisher], count 0
[rospy.internal][INFO] 2019-06-25 12:27:58,263: topic[/rosout] adding connection to [/rosout], count 0
[rospy.core][INFO] 2019-06-25 12:28:11,347: signal_shutdown [signal-2]
[rospy.internal][INFO] 2019-06-25 12:28:11,350: topic[/joint_states] removing connection to /robot_state_publisher
[rospy.internal][INFO] 2019-06-25 12:28:11,350: topic[/rosout] removing connection to /rosout
[rospy.impl.masterslave][INFO] 2019-06-25 12:28:11,351: signal-2
[rospy.core][INFO] 2019-06-25 12:28:11,525: signal_shutdown [atexit]
[rospy.client][INFO] 2019-06-25 12:28:14,764: init_node, name[/joint_state_publisher], pid[56663]
[xmlrpc][INFO] 2019-06-25 12:28:14,765: XML-RPC server binding to 0.0.0.0:0
[xmlrpc][INFO] 2019-06-25 12:28:14,765: Started XML-RPC server [http://dc5b429f784e:34475/]
[rospy.init][INFO] 2019-06-25 12:28:14,765: ROS Slave URI: [http://dc5b429f784e:34475/]
[rospy.impl.masterslave][INFO] 2019-06-25 12:28:14,766: _ready: http://dc5b429f784e:34475/
[xmlrpc][INFO] 2019-06-25 12:28:14,766: xml rpc node: starting XML-RPC server
[rospy.registration][INFO] 2019-06-25 12:28:14,767: Registering with master node http://localhost:11311
[rospy.init][INFO] 2019-06-25 12:28:14,866: registered with master
[rospy.rosout][INFO] 2019-06-25 12:28:14,866: initializing /rosout core topic
[rospy.rosout][INFO] 2019-06-25 12:28:14,869: connected to core topic /rosout
[rospy.simtime][INFO] 2019-06-25 12:28:14,870: initializing /clock core topic
[rospy.simtime][INFO] 2019-06-25 12:28:14,874: connected to core topic /clock
[rospy.internal][INFO] 2019-06-25 12:28:15,082: topic[/rosout] adding connection to [/rosout], count 0
[rospy.internal][INFO] 2019-06-25 12:28:15,145: topic[/joint_states] adding connection to [/robot_state_publisher], count 0
[rospy.core][INFO] 2019-06-25 12:28:28,171: signal_shutdown [signal-2]
[rospy.internal][INFO] 2019-06-25 12:28:28,176: topic[/joint_states] removing connection to /robot_state_publisher
[rospy.internal][INFO] 2019-06-25 12:28:28,177: topic[/rosout] removing connection to /rosout
[rospy.impl.masterslave][INFO] 2019-06-25 12:28:28,177: signal-2
[rospy.core][INFO] 2019-06-25 12:28:28,424: signal_shutdown [atexit]
