

0.000000000  Node Startup
0.000000000 INFO [/tmp/binarydeb/ros-kinetic-roscpp-1.12.13/src/libros/service.cpp:80(service::exists) [topics: /rosout] waitForService: Service [/gazebo/set_physics_properties] has not been advertised, waiting...
932.791000000 INFO [/tmp/binarydeb/ros-kinetic-roscpp-1.12.13/src/libros/service.cpp:122(service::waitForService) [topics: /rosout, /clock, /gazebo/link_states, /gazebo/model_states] waitForService: Service [/gazebo/set_physics_properties] is now available.
932.813000000 INFO [/tmp/binarydeb/ros-kinetic-gazebo-ros-2.5.14/src/gazebo_ros_api_plugin.cpp:2083(GazeboRosApiPlugin::physicsReconfigureThread) [topics: /rosout, /clock, /gazebo/link_states, /gazebo/model_states, /gazebo/parameter_descriptions, /gazebo/parameter_updates] Physics dynamic reconfigure ready.
0.000000000 INFO [gazebo_interface.py:31(spawn_urdf_model_client) [topics: /clock, /rosout] Calling service /gazebo/spawn_urdf_model
933.031000000 INFO [gazebo_interface.py:33(spawn_urdf_model_client) [topics: /clock, /rosout] Spawn status: SpawnModel: Successfully spawned entity
933.031000000 INFO [/tmp/binarydeb/ros-kinetic-gazebo-plugins-2.5.14/include/gazebo_plugins/gazebo_ros_utils.h:95(__cxx11::string gazebo::GetRobotNamespace) [topics: /rosout, /clock, /gazebo/link_states, /gazebo/model_states, /gazebo/parameter_descriptions, /gazebo/parameter_updates] Laser Plugin: Using the 'robotNamespace' param: '/'
933.031000000 INFO [/tmp/binarydeb/ros-kinetic-gazebo-plugins-2.5.14/src/gazebo_ros_laser.cpp:111(GazeboRosLaser::Load) [topics: /rosout, /clock, /gazebo/link_states, /gazebo/model_states, /gazebo/parameter_descriptions, /gazebo/parameter_updates] Starting Laser Plugin (ns = /)
933.031000000 INFO [/tmp/binarydeb/ros-kinetic-gazebo-plugins-2.5.14/src/gazebo_ros_laser.cpp:135(GazeboRosLaser::LoadThread) [topics: /rosout, /clock, /gazebo/link_states, /gazebo/model_states, /gazebo/parameter_descriptions, /gazebo/parameter_updates] Laser Plugin (ns = /)  <tf_prefix_>, set to ""
933.031000000 INFO [/tmp/binarydeb/ros-kinetic-gazebo-plugins-2.5.14/src/gazebo_ros_utils.cpp:57(GazeboRos::readCommonParameter) [topics: /rosout, /clock, /gazebo/link_states, /gazebo/model_states, /gazebo/parameter_descriptions, /gazebo/parameter_updates, /scan] Starting plugin DiffDrive(ns = //)
933.031000000 INFO [/tmp/binarydeb/ros-kinetic-gazebo-plugins-2.5.14/src/gazebo_ros_utils.cpp:83(GazeboRos::readCommonParameter) [topics: /rosout, /clock, /gazebo/link_states, /gazebo/model_states, /gazebo/parameter_descriptions, /gazebo/parameter_updates, /scan] DiffDrive(ns = //): <rosDebugLevel> = na
933.031000000 INFO [/tmp/binarydeb/ros-kinetic-gazebo-plugins-2.5.14/src/gazebo_ros_utils.cpp:93(GazeboRos::readCommonParameter) [topics: /rosout, /clock, /gazebo/link_states, /gazebo/model_states, /gazebo/parameter_descriptions, /gazebo/parameter_updates, /scan] DiffDrive(ns = //): <tf_prefix> = 
933.031000000 INFO [/tmp/binarydeb/ros-kinetic-gazebo-plugins-2.5.14/src/gazebo_ros_diff_drive.cpp:152(GazeboRosDiffDrive::Load) [topics: /rosout, /clock, /gazebo/link_states, /gazebo/model_states, /gazebo/parameter_descriptions, /gazebo/parameter_updates, /scan, /joint_states] DiffDrive(ns = //): Advertise joint_states
933.031000000 INFO [/tmp/binarydeb/ros-kinetic-gazebo-plugins-2.5.14/src/gazebo_ros_diff_drive.cpp:158(GazeboRosDiffDrive::Load) [topics: /rosout, /clock, /gazebo/link_states, /gazebo/model_states, /gazebo/parameter_descriptions, /gazebo/parameter_updates, /scan, /joint_states, /tf] DiffDrive(ns = //): Try to subscribe to cmd_vel
933.031000000 INFO [/tmp/binarydeb/ros-kinetic-gazebo-plugins-2.5.14/src/gazebo_ros_diff_drive.cpp:166(GazeboRosDiffDrive::Load) [topics: /rosout, /clock, /gazebo/link_states, /gazebo/model_states, /gazebo/parameter_descriptions, /gazebo/parameter_updates, /scan, /joint_states, /tf] DiffDrive(ns = //): Subscribe to cmd_vel
933.031000000 INFO [/tmp/binarydeb/ros-kinetic-gazebo-plugins-2.5.14/src/gazebo_ros_diff_drive.cpp:171(GazeboRosDiffDrive::Load) [topics: /rosout, /clock, /gazebo/link_states, /gazebo/model_states, /gazebo/parameter_descriptions, /gazebo/parameter_updates, /scan, /joint_states, /tf, /odom] DiffDrive(ns = //): Advertise odom on odom 
965.242000000 INFO [/tmp/binarydeb/ros-kinetic-rviz-1.12.15/src/rviz/ogre_helpers/render_system.cpp:430(RenderWindow* rviz::RenderSystem::makeRenderWindow) [topics: /rosout] Stereo is NOT SUPPORTED
965.242000000 INFO [/tmp/binarydeb/ros-kinetic-rviz-1.12.15/src/rviz/ogre_helpers/render_system.cpp:211(RenderSystem::detectGlVersion) [topics: /rosout] OpenGl version: 3 (GLSL 1.3).
1561470935.582118300 INFO [/tmp/binarydeb/ros-kinetic-roscpp-1.12.13/src/libros/service.cpp:80(service::exists) [topics: /rosout] waitForService: Service [/gazebo/set_physics_properties] has not been advertised, waiting...
1561470936.053026500 INFO [/tmp/binarydeb/ros-kinetic-roscpp-1.12.13/src/libros/service.cpp:122(service::waitForService) [topics: /rosout, /clock, /gazebo/link_states, /gazebo/model_states] waitForService: Service [/gazebo/set_physics_properties] is now available.
1561470936.128423800 INFO [/tmp/binarydeb/ros-kinetic-gazebo-ros-2.5.14/src/gazebo_ros_api_plugin.cpp:2083(GazeboRosApiPlugin::physicsReconfigureThread) [topics: /rosout, /clock, /gazebo/link_states, /gazebo/model_states, /gazebo/parameter_descriptions, /gazebo/parameter_updates] Physics dynamic reconfigure ready.
1561470936.795368400 INFO [/tmp/binarydeb/ros-kinetic-gazebo-plugins-2.5.14/include/gazebo_plugins/gazebo_ros_utils.h:95(__cxx11::string gazebo::GetRobotNamespace) [topics: /rosout, /clock, /gazebo/link_states, /gazebo/model_states, /gazebo/parameter_descriptions, /gazebo/parameter_updates] Laser Plugin: Using the 'robotNamespace' param: '/'
1561470936.795448900 INFO [/tmp/binarydeb/ros-kinetic-gazebo-plugins-2.5.14/src/gazebo_ros_laser.cpp:111(GazeboRosLaser::Load) [topics: /rosout, /clock, /gazebo/link_states, /gazebo/model_states, /gazebo/parameter_descriptions, /gazebo/parameter_updates] Starting Laser Plugin (ns = /)
1561470936.797799900 INFO [/tmp/binarydeb/ros-kinetic-gazebo-plugins-2.5.14/src/gazebo_ros_laser.cpp:135(GazeboRosLaser::LoadThread) [topics: /rosout, /clock, /gazebo/link_states, /gazebo/model_states, /gazebo/parameter_descriptions, /gazebo/parameter_updates] Laser Plugin (ns = /)  <tf_prefix_>, set to ""
1561470936.887026800 INFO [/tmp/binarydeb/ros-kinetic-gazebo-plugins-2.5.14/src/gazebo_ros_utils.cpp:57(GazeboRos::readCommonParameter) [topics: /rosout, /clock, /gazebo/link_states, /gazebo/model_states, /gazebo/parameter_descriptions, /gazebo/parameter_updates, /scan] Starting plugin DiffDrive(ns = //)
1561470936.887124200 INFO [/tmp/binarydeb/ros-kinetic-gazebo-plugins-2.5.14/src/gazebo_ros_utils.cpp:83(GazeboRos::readCommonParameter) [topics: /rosout, /clock, /gazebo/link_states, /gazebo/model_states, /gazebo/parameter_descriptions, /gazebo/parameter_updates, /scan] DiffDrive(ns = //): <rosDebugLevel> = na
1561470936.888491700 INFO [/tmp/binarydeb/ros-kinetic-gazebo-plugins-2.5.14/src/gazebo_ros_utils.cpp:93(GazeboRos::readCommonParameter) [topics: /rosout, /clock, /gazebo/link_states, /gazebo/model_states, /gazebo/parameter_descriptions, /gazebo/parameter_updates, /scan] DiffDrive(ns = //): <tf_prefix> = 
1561470936.890012700 INFO [/tmp/binarydeb/ros-kinetic-gazebo-plugins-2.5.14/src/gazebo_ros_diff_drive.cpp:152(GazeboRosDiffDrive::Load) [topics: /rosout, /clock, /gazebo/link_states, /gazebo/model_states, /gazebo/parameter_descriptions, /gazebo/parameter_updates, /scan, /joint_states] DiffDrive(ns = //): Advertise joint_states
1561470936.891513000 INFO [/tmp/binarydeb/ros-kinetic-gazebo-plugins-2.5.14/src/gazebo_ros_diff_drive.cpp:158(GazeboRosDiffDrive::Load) [topics: /rosout, /clock, /gazebo/link_states, /gazebo/model_states, /gazebo/parameter_descriptions, /gazebo/parameter_updates, /scan, /joint_states, /tf] DiffDrive(ns = //): Try to subscribe to cmd_vel
1561470936.897439900 INFO [/tmp/binarydeb/ros-kinetic-gazebo-plugins-2.5.14/src/gazebo_ros_diff_drive.cpp:166(GazeboRosDiffDrive::Load) [topics: /rosout, /clock, /gazebo/link_states, /gazebo/model_states, /gazebo/parameter_descriptions, /gazebo/parameter_updates, /scan, /joint_states, /tf] DiffDrive(ns = //): Subscribe to cmd_vel
1561470936.898724300 INFO [/tmp/binarydeb/ros-kinetic-gazebo-plugins-2.5.14/src/gazebo_ros_diff_drive.cpp:171(GazeboRosDiffDrive::Load) [topics: /rosout, /clock, /gazebo/link_states, /gazebo/model_states, /gazebo/parameter_descriptions, /gazebo/parameter_updates, /scan, /joint_states, /tf, /odom] DiffDrive(ns = //): Advertise odom on odom 
