[rosmaster.main][INFO] 2019-06-25 22:09:58,341: initialization complete, waiting for shutdown
[rosmaster.main][INFO] 2019-06-25 22:09:58,341: Starting ROS Master Node
[xmlrpc][INFO] 2019-06-25 22:09:58,342: XML-RPC server binding to 0.0.0.0:11311
[rosmaster.master][INFO] 2019-06-25 22:09:58,342: Master initialized: port[11311], uri[http://dc5b429f784e:11311/]
[xmlrpc][INFO] 2019-06-25 22:09:58,342: Started XML-RPC server [http://dc5b429f784e:11311/]
[xmlrpc][INFO] 2019-06-25 22:09:58,342: xml rpc node: starting XML-RPC server
[rosmaster.master][INFO] 2019-06-25 22:09:58,375: +PARAM [/run_id] by /roslaunch
[rosmaster.master][INFO] 2019-06-25 22:09:58,376: +PARAM [/roslaunch/uris/host_dc5b429f784e__45925] by /roslaunch
[rosmaster.master][INFO] 2019-06-25 22:09:58,781: +PARAM [/rosversion] by /roslaunch
[rosmaster.master][INFO] 2019-06-25 22:09:58,782: +PARAM [/use_gui] by /roslaunch
[rosmaster.master][INFO] 2019-06-25 22:09:58,782: +PARAM [/rosdistro] by /roslaunch
[rosmaster.master][INFO] 2019-06-25 22:09:58,782: +PARAM [/robot_description] by /roslaunch
[rosmaster.master][INFO] 2019-06-25 22:09:58,794: +SERVICE [/rosout/get_loggers] /rosout http://dc5b429f784e:35501/
[rosmaster.master][INFO] 2019-06-25 22:09:58,795: +SERVICE [/rosout/set_logger_level] /rosout http://dc5b429f784e:35501/
[rosmaster.master][INFO] 2019-06-25 22:09:58,797: +PUB [/rosout_agg] /rosout http://dc5b429f784e:35501/
[rosmaster.master][INFO] 2019-06-25 22:09:58,801: +SUB [/rosout] /rosout http://dc5b429f784e:35501/
[rosmaster.master][INFO] 2019-06-25 22:09:59,359: +PUB [/rosout] /robot_state_publisher http://dc5b429f784e:46821/
[rosmaster.master][INFO] 2019-06-25 22:09:59,361: +SERVICE [/robot_state_publisher/get_loggers] /robot_state_publisher http://dc5b429f784e:46821/
[rosmaster.master][INFO] 2019-06-25 22:09:59,362: +SERVICE [/robot_state_publisher/set_logger_level] /robot_state_publisher http://dc5b429f784e:46821/
[rosmaster.master][INFO] 2019-06-25 22:09:59,367: +PUB [/tf] /robot_state_publisher http://dc5b429f784e:46821/
[rosmaster.master][INFO] 2019-06-25 22:09:59,369: +PUB [/tf_static] /robot_state_publisher http://dc5b429f784e:46821/
[rosmaster.master][INFO] 2019-06-25 22:09:59,379: +SUB [/joint_states] /robot_state_publisher http://dc5b429f784e:46821/
[rosmaster.master][INFO] 2019-06-25 22:09:59,443: publisherUpdate[/rosout] -> http://dc5b429f784e:35501/ ['http://dc5b429f784e:46821/']
[rosmaster.master][INFO] 2019-06-25 22:09:59,445: publisherUpdate[/rosout] -> http://dc5b429f784e:35501/ ['http://dc5b429f784e:46821/']: sec=0.00, result=[1, '', 0]
[rosmaster.master][INFO] 2019-06-25 22:09:59,628: +PUB [/rosout] /joint_state_publisher http://dc5b429f784e:33449/
[rosmaster.master][INFO] 2019-06-25 22:09:59,631: +SERVICE [/joint_state_publisher/get_loggers] /joint_state_publisher http://dc5b429f784e:33449/
[rosmaster.master][INFO] 2019-06-25 22:09:59,632: +SERVICE [/joint_state_publisher/set_logger_level] /joint_state_publisher http://dc5b429f784e:33449/
[rosmaster.master][INFO] 2019-06-25 22:09:59,644: publisherUpdate[/rosout] -> http://dc5b429f784e:35501/ ['http://dc5b429f784e:46821/', 'http://dc5b429f784e:33449/']
[rosmaster.master][INFO] 2019-06-25 22:09:59,645: publisherUpdate[/rosout] -> http://dc5b429f784e:35501/ ['http://dc5b429f784e:46821/', 'http://dc5b429f784e:33449/']: sec=0.00, result=[1, '', 0]
[rosmaster.master][INFO] 2019-06-25 22:09:59,668: +PUB [/joint_states] /joint_state_publisher http://dc5b429f784e:33449/
[rosmaster.master][INFO] 2019-06-25 22:09:59,705: +PUB [/rosout] /rviz http://dc5b429f784e:34905/
[rosmaster.master][INFO] 2019-06-25 22:09:59,707: +SERVICE [/rviz/get_loggers] /rviz http://dc5b429f784e:34905/
[rosmaster.master][INFO] 2019-06-25 22:09:59,707: +SERVICE [/rviz/set_logger_level] /rviz http://dc5b429f784e:34905/
[rosmaster.master][INFO] 2019-06-25 22:09:59,745: publisherUpdate[/joint_states] -> http://dc5b429f784e:46821/ ['http://dc5b429f784e:33449/']
[rosmaster.master][INFO] 2019-06-25 22:09:59,746: publisherUpdate[/joint_states] -> http://dc5b429f784e:46821/ ['http://dc5b429f784e:33449/']: sec=0.00, result=[1, '', 0]
[rosmaster.master][INFO] 2019-06-25 22:09:59,746: publisherUpdate[/rosout] -> http://dc5b429f784e:35501/ ['http://dc5b429f784e:46821/', 'http://dc5b429f784e:33449/', 'http://dc5b429f784e:34905/']
[rosmaster.master][INFO] 2019-06-25 22:09:59,747: publisherUpdate[/rosout] -> http://dc5b429f784e:35501/ ['http://dc5b429f784e:46821/', 'http://dc5b429f784e:33449/', 'http://dc5b429f784e:34905/']: sec=0.00, result=[1, '', 0]
[rosmaster.master][INFO] 2019-06-25 22:09:59,950: +SUB [/tf] /rviz http://dc5b429f784e:34905/
[rosmaster.master][INFO] 2019-06-25 22:09:59,956: +SUB [/tf_static] /rviz http://dc5b429f784e:34905/
[rosmaster.master][INFO] 2019-06-25 22:09:59,990: +PUB [/initialpose] /rviz http://dc5b429f784e:34905/
[rosmaster.master][INFO] 2019-06-25 22:09:59,991: +PUB [/goal] /rviz http://dc5b429f784e:34905/
[rosmaster.master][INFO] 2019-06-25 22:09:59,996: -PUB [/goal] /rviz http://dc5b429f784e:34905/
[rosmaster.master][INFO] 2019-06-25 22:09:59,997: -PUB [/initialpose] /rviz http://dc5b429f784e:34905/
[rosmaster.master][INFO] 2019-06-25 22:10:00,001: +PUB [/initialpose] /rviz http://dc5b429f784e:34905/
[rosmaster.master][INFO] 2019-06-25 22:10:00,003: +PUB [/goal] /rviz http://dc5b429f784e:34905/
[rosmaster.master][INFO] 2019-06-25 22:10:00,005: +PUB [/move_base_simple/goal] /rviz http://dc5b429f784e:34905/
[rosmaster.master][INFO] 2019-06-25 22:10:00,007: -PUB [/goal] /rviz http://dc5b429f784e:34905/
[rosmaster.master][INFO] 2019-06-25 22:10:00,008: +PUB [/clicked_point] /rviz http://dc5b429f784e:34905/
[rosmaster.master][INFO] 2019-06-25 22:10:00,038: +SERVICE [/rviz/reload_shaders] /rviz http://dc5b429f784e:34905/
[rosmaster.master][INFO] 2019-06-25 22:10:01,139: +PARAM [/roslaunch/uris/host_dc5b429f784e__44451] by /roslaunch
[rosmaster.master][INFO] 2019-06-25 22:10:01,143: +PARAM [/rosversion] by /roslaunch
[rosmaster.master][INFO] 2019-06-25 22:10:01,144: +PARAM [/use_sim_time] by /roslaunch
[rosmaster.master][INFO] 2019-06-25 22:10:01,144: +PARAM [/rosdistro] by /roslaunch
[rosmaster.master][INFO] 2019-06-25 22:10:01,144: +PARAM [/robot_description] by /roslaunch
[rosmaster.master][INFO] 2019-06-25 22:10:02,275: +PUB [/rosout] /gazebo http://dc5b429f784e:32855/
[rosmaster.master][INFO] 2019-06-25 22:10:02,277: +SERVICE [/gazebo/get_loggers] /gazebo http://dc5b429f784e:32855/
[rosmaster.master][INFO] 2019-06-25 22:10:02,279: +SERVICE [/gazebo/set_logger_level] /gazebo http://dc5b429f784e:32855/
[rosmaster.master][INFO] 2019-06-25 22:10:02,287: +SUB [/clock] /gazebo http://dc5b429f784e:32855/
[rosmaster.master][INFO] 2019-06-25 22:10:02,351: publisherUpdate[/rosout] -> http://dc5b429f784e:35501/ ['http://dc5b429f784e:46821/', 'http://dc5b429f784e:33449/', 'http://dc5b429f784e:34905/', 'http://dc5b429f784e:32855/']
[rosmaster.master][INFO] 2019-06-25 22:10:02,352: publisherUpdate[/rosout] -> http://dc5b429f784e:35501/ ['http://dc5b429f784e:46821/', 'http://dc5b429f784e:33449/', 'http://dc5b429f784e:34905/', 'http://dc5b429f784e:32855/']: sec=0.00, result=[1, '', 0]
[rosmaster.master][INFO] 2019-06-25 22:10:02,743: +PUB [/clock] /gazebo http://dc5b429f784e:32855/
[rosmaster.master][INFO] 2019-06-25 22:10:02,745: +SERVICE [/gazebo/spawn_sdf_model] /gazebo http://dc5b429f784e:32855/
[rosmaster.master][INFO] 2019-06-25 22:10:02,747: +SERVICE [/gazebo/spawn_urdf_model] /gazebo http://dc5b429f784e:32855/
[rosmaster.master][INFO] 2019-06-25 22:10:02,748: +SERVICE [/gazebo/delete_model] /gazebo http://dc5b429f784e:32855/
[rosmaster.master][INFO] 2019-06-25 22:10:02,750: +SERVICE [/gazebo/delete_light] /gazebo http://dc5b429f784e:32855/
[rosmaster.master][INFO] 2019-06-25 22:10:02,751: +SERVICE [/gazebo/get_model_properties] /gazebo http://dc5b429f784e:32855/
[rosmaster.master][INFO] 2019-06-25 22:10:02,752: +SERVICE [/gazebo/get_model_state] /gazebo http://dc5b429f784e:32855/
[rosmaster.master][INFO] 2019-06-25 22:10:02,752: publisherUpdate[/clock] -> http://dc5b429f784e:32855/ ['http://dc5b429f784e:32855/']
[rosmaster.master][INFO] 2019-06-25 22:10:02,754: publisherUpdate[/clock] -> http://dc5b429f784e:32855/ ['http://dc5b429f784e:32855/']: sec=0.00, result=[1, '', 0]
[rosmaster.master][INFO] 2019-06-25 22:10:02,755: +SERVICE [/gazebo/get_world_properties] /gazebo http://dc5b429f784e:32855/
[rosmaster.master][INFO] 2019-06-25 22:10:02,756: +SERVICE [/gazebo/get_joint_properties] /gazebo http://dc5b429f784e:32855/
[rosmaster.master][INFO] 2019-06-25 22:10:02,758: +SERVICE [/gazebo/get_link_properties] /gazebo http://dc5b429f784e:32855/
[rosmaster.master][INFO] 2019-06-25 22:10:02,759: +SERVICE [/gazebo/get_link_state] /gazebo http://dc5b429f784e:32855/
[rosmaster.master][INFO] 2019-06-25 22:10:02,761: +SERVICE [/gazebo/get_light_properties] /gazebo http://dc5b429f784e:32855/
[rosmaster.master][INFO] 2019-06-25 22:10:02,762: +SERVICE [/gazebo/set_light_properties] /gazebo http://dc5b429f784e:32855/
[rosmaster.master][INFO] 2019-06-25 22:10:02,763: +SERVICE [/gazebo/get_physics_properties] /gazebo http://dc5b429f784e:32855/
[rosmaster.master][INFO] 2019-06-25 22:10:02,765: +PUB [/gazebo/link_states] /gazebo http://dc5b429f784e:32855/
[rosmaster.master][INFO] 2019-06-25 22:10:02,766: +PUB [/gazebo/model_states] /gazebo http://dc5b429f784e:32855/
[rosmaster.master][INFO] 2019-06-25 22:10:02,767: +SERVICE [/gazebo/set_link_properties] /gazebo http://dc5b429f784e:32855/
[rosmaster.master][INFO] 2019-06-25 22:10:02,768: +SERVICE [/gazebo/set_physics_properties] /gazebo http://dc5b429f784e:32855/
[rosmaster.master][INFO] 2019-06-25 22:10:02,770: +SERVICE [/gazebo/set_model_state] /gazebo http://dc5b429f784e:32855/
[rosmaster.master][INFO] 2019-06-25 22:10:02,771: +SERVICE [/gazebo/set_model_configuration] /gazebo http://dc5b429f784e:32855/
[rosmaster.master][INFO] 2019-06-25 22:10:02,772: +SERVICE [/gazebo/set_joint_properties] /gazebo http://dc5b429f784e:32855/
[rosmaster.master][INFO] 2019-06-25 22:10:02,774: +SERVICE [/gazebo/set_link_state] /gazebo http://dc5b429f784e:32855/
[rosmaster.master][INFO] 2019-06-25 22:10:02,779: +SUB [/gazebo/set_link_state] /gazebo http://dc5b429f784e:32855/
[rosmaster.master][INFO] 2019-06-25 22:10:02,785: +SUB [/gazebo/set_model_state] /gazebo http://dc5b429f784e:32855/
[rosmaster.master][INFO] 2019-06-25 22:10:02,787: +SERVICE [/gazebo/pause_physics] /gazebo http://dc5b429f784e:32855/
[rosmaster.master][INFO] 2019-06-25 22:10:02,789: +SERVICE [/gazebo/unpause_physics] /gazebo http://dc5b429f784e:32855/
[rosmaster.master][INFO] 2019-06-25 22:10:02,790: +SERVICE [/gazebo/apply_body_wrench] /gazebo http://dc5b429f784e:32855/
[rosmaster.master][INFO] 2019-06-25 22:10:02,791: +SERVICE [/gazebo/apply_joint_effort] /gazebo http://dc5b429f784e:32855/
[rosmaster.master][INFO] 2019-06-25 22:10:02,792: +SERVICE [/gazebo/clear_joint_forces] /gazebo http://dc5b429f784e:32855/
[rosmaster.master][INFO] 2019-06-25 22:10:02,793: +SERVICE [/gazebo/clear_body_wrenches] /gazebo http://dc5b429f784e:32855/
[rosmaster.master][INFO] 2019-06-25 22:10:02,794: +SERVICE [/gazebo/reset_simulation] /gazebo http://dc5b429f784e:32855/
[rosmaster.master][INFO] 2019-06-25 22:10:02,795: +SERVICE [/gazebo/reset_world] /gazebo http://dc5b429f784e:32855/
[rosmaster.master][INFO] 2019-06-25 22:10:03,206: +PUB [/rosout] /urdf_spawner http://dc5b429f784e:33561/
[rosmaster.master][INFO] 2019-06-25 22:10:03,210: +SUB [/clock] /urdf_spawner http://dc5b429f784e:33561/
[rosmaster.master][INFO] 2019-06-25 22:10:03,212: +SERVICE [/urdf_spawner/get_loggers] /urdf_spawner http://dc5b429f784e:33561/
[rosmaster.master][INFO] 2019-06-25 22:10:03,213: +SERVICE [/urdf_spawner/set_logger_level] /urdf_spawner http://dc5b429f784e:33561/
[rosmaster.master][INFO] 2019-06-25 22:10:03,254: publisherUpdate[/rosout] -> http://dc5b429f784e:35501/ ['http://dc5b429f784e:46821/', 'http://dc5b429f784e:33449/', 'http://dc5b429f784e:34905/', 'http://dc5b429f784e:32855/', 'http://dc5b429f784e:33561/']
[rosmaster.master][INFO] 2019-06-25 22:10:03,255: publisherUpdate[/rosout] -> http://dc5b429f784e:35501/ ['http://dc5b429f784e:46821/', 'http://dc5b429f784e:33449/', 'http://dc5b429f784e:34905/', 'http://dc5b429f784e:32855/', 'http://dc5b429f784e:33561/']: sec=0.00, result=[1, '', 0]
[rosmaster.master][INFO] 2019-06-25 22:10:03,421: -SUB [/clock] /urdf_spawner http://dc5b429f784e:33561/
[rosmaster.master][INFO] 2019-06-25 22:10:03,422: -PUB [/rosout] /urdf_spawner http://dc5b429f784e:33561/
[rosmaster.master][INFO] 2019-06-25 22:10:03,422: -SERVICE [/urdf_spawner/set_logger_level] /urdf_spawner rosrpc://dc5b429f784e:44821
[rosmaster.master][INFO] 2019-06-25 22:10:03,422: -SERVICE [/urdf_spawner/get_loggers] /urdf_spawner rosrpc://dc5b429f784e:44821
[rosmaster.master][ERROR] 2019-06-25 22:10:03,433: Traceback (most recent call last):
  File "/opt/ros/kinetic/lib/python2.7/dist-packages/rosmaster/master_api.py", line 177, in validated_f
    code, msg, val = f(*newArgs, **kwds)
  File "/opt/ros/kinetic/lib/python2.7/dist-packages/rosmaster/master_api.py", line 435, in searchParam
    search_key = self.param_server.search_param(caller_id, key)
  File "/opt/ros/kinetic/lib/python2.7/dist-packages/rosmaster/paramserver.py", line 116, in search_param
    raise ValueError("namespace must be global")
ValueError: namespace must be global

[rosmaster.master][INFO] 2019-06-25 22:10:03,435: +PUB [/p3dx/laser/scan] /gazebo http://dc5b429f784e:32855/
[rosmaster.master][INFO] 2019-06-25 22:10:03,455: publisherUpdate[/rosout] -> http://dc5b429f784e:35501/ ['http://dc5b429f784e:46821/', 'http://dc5b429f784e:33449/', 'http://dc5b429f784e:34905/', 'http://dc5b429f784e:32855/']
[rosmaster.master][INFO] 2019-06-25 22:10:03,456: publisherUpdate[/rosout] -> http://dc5b429f784e:35501/ ['http://dc5b429f784e:46821/', 'http://dc5b429f784e:33449/', 'http://dc5b429f784e:34905/', 'http://dc5b429f784e:32855/']: sec=0.00, result=[1, '', 0]
[rosmaster.master][ERROR] 2019-06-25 22:10:03,530: Traceback (most recent call last):
  File "/opt/ros/kinetic/lib/python2.7/dist-packages/rosmaster/master_api.py", line 177, in validated_f
    code, msg, val = f(*newArgs, **kwds)
  File "/opt/ros/kinetic/lib/python2.7/dist-packages/rosmaster/master_api.py", line 435, in searchParam
    search_key = self.param_server.search_param(caller_id, key)
  File "/opt/ros/kinetic/lib/python2.7/dist-packages/rosmaster/paramserver.py", line 116, in search_param
    raise ValueError("namespace must be global")
ValueError: namespace must be global

[rosmaster.master][INFO] 2019-06-25 22:10:03,531: +PUB [/tf] /gazebo http://dc5b429f784e:32855/
[rosmaster.master][INFO] 2019-06-25 22:10:03,539: +SUB [/cmd_vel] /gazebo http://dc5b429f784e:32855/
[rosmaster.master][INFO] 2019-06-25 22:10:03,541: +PUB [/odom] /gazebo http://dc5b429f784e:32855/
[rosmaster.master][INFO] 2019-06-25 22:10:03,550: +PUB [/p3dx/base_pose_ground_truth] /gazebo http://dc5b429f784e:32855/
[rosmaster.master][INFO] 2019-06-25 22:10:03,556: publisherUpdate[/tf] -> http://dc5b429f784e:34905/ ['http://dc5b429f784e:46821/', 'http://dc5b429f784e:32855/']
[rosmaster.master][INFO] 2019-06-25 22:10:03,557: publisherUpdate[/tf] -> http://dc5b429f784e:34905/ ['http://dc5b429f784e:46821/', 'http://dc5b429f784e:32855/']: sec=0.00, result=[1, '', 0]
[rosmaster.master][INFO] 2019-06-25 22:10:10,766: +SERVICE [/gazebo/set_parameters] /gazebo http://dc5b429f784e:32855/
[rosmaster.master][INFO] 2019-06-25 22:10:10,768: +PUB [/gazebo/parameter_descriptions] /gazebo http://dc5b429f784e:32855/
[rosmaster.master][INFO] 2019-06-25 22:10:10,771: +PUB [/gazebo/parameter_updates] /gazebo http://dc5b429f784e:32855/
[rosmaster.master][INFO] 2019-06-25 22:10:10,803: +PARAM [/gazebo/time_step] by /gazebo
[rosmaster.master][INFO] 2019-06-25 22:10:10,804: +PARAM [/gazebo/max_update_rate] by /gazebo
[rosmaster.master][INFO] 2019-06-25 22:10:10,815: +PARAM [/gazebo/gravity_x] by /gazebo
[rosmaster.master][INFO] 2019-06-25 22:10:10,819: +PARAM [/gazebo/gravity_y] by /gazebo
[rosmaster.master][INFO] 2019-06-25 22:10:10,820: +PARAM [/gazebo/gravity_z] by /gazebo
[rosmaster.master][INFO] 2019-06-25 22:10:10,823: +PARAM [/gazebo/auto_disable_bodies] by /gazebo
[rosmaster.master][INFO] 2019-06-25 22:10:10,825: +PARAM [/gazebo/sor_pgs_precon_iters] by /gazebo
[rosmaster.master][INFO] 2019-06-25 22:10:10,827: +PARAM [/gazebo/sor_pgs_iters] by /gazebo
[rosmaster.master][INFO] 2019-06-25 22:10:10,829: +PARAM [/gazebo/sor_pgs_w] by /gazebo
[rosmaster.master][INFO] 2019-06-25 22:10:10,831: +PARAM [/gazebo/sor_pgs_rms_error_tol] by /gazebo
[rosmaster.master][INFO] 2019-06-25 22:10:10,833: +PARAM [/gazebo/cfm] by /gazebo
[rosmaster.master][INFO] 2019-06-25 22:10:10,834: +PARAM [/gazebo/erp] by /gazebo
[rosmaster.master][INFO] 2019-06-25 22:10:10,836: +PARAM [/gazebo/contact_surface_layer] by /gazebo
[rosmaster.master][INFO] 2019-06-25 22:10:10,837: +PARAM [/gazebo/contact_max_correcting_vel] by /gazebo
[rosmaster.master][INFO] 2019-06-25 22:10:10,838: +PARAM [/gazebo/max_contacts] by /gazebo
[rosmaster.master][INFO] 2019-06-25 22:10:10,843: +PARAM [/gazebo/time_step] by /gazebo
[rosmaster.master][INFO] 2019-06-25 22:10:10,844: +PARAM [/gazebo/max_update_rate] by /gazebo
[rosmaster.master][INFO] 2019-06-25 22:10:10,846: +PARAM [/gazebo/gravity_x] by /gazebo
[rosmaster.master][INFO] 2019-06-25 22:10:10,848: +PARAM [/gazebo/gravity_y] by /gazebo
[rosmaster.master][INFO] 2019-06-25 22:10:10,849: +PARAM [/gazebo/gravity_z] by /gazebo
[rosmaster.master][INFO] 2019-06-25 22:10:10,851: +PARAM [/gazebo/auto_disable_bodies] by /gazebo
[rosmaster.master][INFO] 2019-06-25 22:10:10,853: +PARAM [/gazebo/sor_pgs_precon_iters] by /gazebo
[rosmaster.master][INFO] 2019-06-25 22:10:10,855: +PARAM [/gazebo/sor_pgs_iters] by /gazebo
[rosmaster.master][INFO] 2019-06-25 22:10:10,856: +PARAM [/gazebo/sor_pgs_w] by /gazebo
[rosmaster.master][INFO] 2019-06-25 22:10:10,857: +PARAM [/gazebo/sor_pgs_rms_error_tol] by /gazebo
[rosmaster.master][INFO] 2019-06-25 22:10:10,859: +PARAM [/gazebo/cfm] by /gazebo
[rosmaster.master][INFO] 2019-06-25 22:10:10,860: +PARAM [/gazebo/erp] by /gazebo
[rosmaster.master][INFO] 2019-06-25 22:10:10,862: +PARAM [/gazebo/contact_surface_layer] by /gazebo
[rosmaster.master][INFO] 2019-06-25 22:10:10,864: +PARAM [/gazebo/contact_max_correcting_vel] by /gazebo
[rosmaster.master][INFO] 2019-06-25 22:10:10,866: +PARAM [/gazebo/max_contacts] by /gazebo
[rosmaster.master][INFO] 2019-06-25 22:10:25,509: +PARAM [/roslaunch/uris/host_dc5b429f784e__44891] by /roslaunch
[rosmaster.master][INFO] 2019-06-25 22:10:25,523: +PARAM [/use_sim_time] by /roslaunch
[rosmaster.master][INFO] 2019-06-25 22:10:25,523: +PARAM [/slam_gmapping/lstep] by /roslaunch
[rosmaster.master][INFO] 2019-06-25 22:10:25,523: +PARAM [/slam_gmapping/sigma] by /roslaunch
[rosmaster.master][INFO] 2019-06-25 22:10:25,524: +PARAM [/slam_gmapping/maxUrange] by /roslaunch
[rosmaster.master][INFO] 2019-06-25 22:10:25,524: +PARAM [/slam_gmapping/lasamplestep] by /roslaunch
[rosmaster.master][INFO] 2019-06-25 22:10:25,524: +PARAM [/slam_gmapping/angularUpdate] by /roslaunch
[rosmaster.master][INFO] 2019-06-25 22:10:25,524: +PARAM [/slam_gmapping/lskip] by /roslaunch
[rosmaster.master][INFO] 2019-06-25 22:10:25,525: +PARAM [/slam_gmapping/llsamplerange] by /roslaunch
[rosmaster.master][INFO] 2019-06-25 22:10:25,525: +PARAM [/slam_gmapping/llsamplestep] by /roslaunch
[rosmaster.master][INFO] 2019-06-25 22:10:25,525: +PARAM [/slam_gmapping/ogain] by /roslaunch
[rosmaster.master][INFO] 2019-06-25 22:10:25,525: +PARAM [/slam_gmapping/astep] by /roslaunch
[rosmaster.master][INFO] 2019-06-25 22:10:25,526: +PARAM [/slam_gmapping/lasamplerange] by /roslaunch
[rosmaster.master][INFO] 2019-06-25 22:10:25,526: +PARAM [/slam_gmapping/linearUpdate] by /roslaunch
[rosmaster.master][INFO] 2019-06-25 22:10:25,526: +PARAM [/slam_gmapping/temporalUpdate] by /roslaunch
[rosmaster.master][INFO] 2019-06-25 22:10:25,526: +PARAM [/slam_gmapping/map_update_interval] by /roslaunch
[rosmaster.master][INFO] 2019-06-25 22:10:25,527: +PARAM [/slam_gmapping/xmax] by /roslaunch
[rosmaster.master][INFO] 2019-06-25 22:10:25,527: +PARAM [/slam_gmapping/particles] by /roslaunch
[rosmaster.master][INFO] 2019-06-25 22:10:25,527: +PARAM [/rosdistro] by /roslaunch
[rosmaster.master][INFO] 2019-06-25 22:10:25,528: +PARAM [/slam_gmapping/xmin] by /roslaunch
[rosmaster.master][INFO] 2019-06-25 22:10:25,528: +PARAM [/slam_gmapping/delta] by /roslaunch
[rosmaster.master][INFO] 2019-06-25 22:10:25,528: +PARAM [/slam_gmapping/kernelSize] by /roslaunch
[rosmaster.master][INFO] 2019-06-25 22:10:25,528: +PARAM [/rosversion] by /roslaunch
[rosmaster.master][INFO] 2019-06-25 22:10:25,529: +PARAM [/slam_gmapping/iterations] by /roslaunch
[rosmaster.master][INFO] 2019-06-25 22:10:25,529: +PARAM [/slam_gmapping/lsigma] by /roslaunch
[rosmaster.master][INFO] 2019-06-25 22:10:25,529: +PARAM [/slam_gmapping/ymin] by /roslaunch
[rosmaster.master][INFO] 2019-06-25 22:10:25,529: +PARAM [/slam_gmapping/stt] by /roslaunch
[rosmaster.master][INFO] 2019-06-25 22:10:25,530: +PARAM [/slam_gmapping/ymax] by /roslaunch
[rosmaster.master][INFO] 2019-06-25 22:10:25,530: +PARAM [/slam_gmapping/resampleThreshold] by /roslaunch
[rosmaster.master][INFO] 2019-06-25 22:10:25,530: +PARAM [/slam_gmapping/str] by /roslaunch
[rosmaster.master][INFO] 2019-06-25 22:10:25,530: +PARAM [/slam_gmapping/srt] by /roslaunch
[rosmaster.master][INFO] 2019-06-25 22:10:25,530: +PARAM [/slam_gmapping/srr] by /roslaunch
[rosmaster.master][INFO] 2019-06-25 22:10:26,680: +PUB [/rosout] /slam_gmapping http://dc5b429f784e:36477/
[rosmaster.master][INFO] 2019-06-25 22:10:26,682: +SERVICE [/slam_gmapping/get_loggers] /slam_gmapping http://dc5b429f784e:36477/
[rosmaster.master][INFO] 2019-06-25 22:10:26,684: +SERVICE [/slam_gmapping/set_logger_level] /slam_gmapping http://dc5b429f784e:36477/
[rosmaster.master][INFO] 2019-06-25 22:10:26,699: +SUB [/clock] /slam_gmapping http://dc5b429f784e:36477/
[rosmaster.master][INFO] 2019-06-25 22:10:26,713: publisherUpdate[/rosout] -> http://dc5b429f784e:35501/ ['http://dc5b429f784e:46821/', 'http://dc5b429f784e:33449/', 'http://dc5b429f784e:34905/', 'http://dc5b429f784e:32855/', 'http://dc5b429f784e:36477/']
[rosmaster.master][INFO] 2019-06-25 22:10:26,715: publisherUpdate[/rosout] -> http://dc5b429f784e:35501/ ['http://dc5b429f784e:46821/', 'http://dc5b429f784e:33449/', 'http://dc5b429f784e:34905/', 'http://dc5b429f784e:32855/', 'http://dc5b429f784e:36477/']: sec=0.00, result=[1, '', 0]
[rosmaster.master][INFO] 2019-06-25 22:10:26,730: +SUB [/tf] /slam_gmapping http://dc5b429f784e:36477/
[rosmaster.master][INFO] 2019-06-25 22:10:26,744: +SUB [/tf_static] /slam_gmapping http://dc5b429f784e:36477/
[rosmaster.master][INFO] 2019-06-25 22:10:26,748: +PUB [/tf] /slam_gmapping http://dc5b429f784e:36477/
[rosmaster.master][INFO] 2019-06-25 22:10:26,763: publisherUpdate[/tf] -> http://dc5b429f784e:34905/ ['http://dc5b429f784e:46821/', 'http://dc5b429f784e:32855/', 'http://dc5b429f784e:36477/']
[rosmaster.master][INFO] 2019-06-25 22:10:26,765: publisherUpdate[/tf] -> http://dc5b429f784e:34905/ ['http://dc5b429f784e:46821/', 'http://dc5b429f784e:32855/', 'http://dc5b429f784e:36477/']: sec=0.00, result=[1, '', 0]
[rosmaster.master][INFO] 2019-06-25 22:10:26,766: publisherUpdate[/tf] -> http://dc5b429f784e:36477/ ['http://dc5b429f784e:46821/', 'http://dc5b429f784e:32855/', 'http://dc5b429f784e:36477/']
[rosmaster.master][INFO] 2019-06-25 22:10:26,767: publisherUpdate[/tf] -> http://dc5b429f784e:36477/ ['http://dc5b429f784e:46821/', 'http://dc5b429f784e:32855/', 'http://dc5b429f784e:36477/']: sec=0.00, result=[1, '', 0]
[rosmaster.master][INFO] 2019-06-25 22:10:26,819: +PUB [/slam_gmapping/entropy] /slam_gmapping http://dc5b429f784e:36477/
[rosmaster.master][INFO] 2019-06-25 22:10:26,820: +PUB [/map] /slam_gmapping http://dc5b429f784e:36477/
[rosmaster.master][INFO] 2019-06-25 22:10:26,822: +PUB [/map_metadata] /slam_gmapping http://dc5b429f784e:36477/
[rosmaster.master][INFO] 2019-06-25 22:10:26,824: +SERVICE [/dynamic_map] /slam_gmapping http://dc5b429f784e:36477/
[rosmaster.master][INFO] 2019-06-25 22:10:26,852: +SUB [/p3dx/laser/scan] /slam_gmapping http://dc5b429f784e:36477/
[rosmaster.master][INFO] 2019-06-25 22:10:30,148: +PUB [/rosout] /move_basic http://dc5b429f784e:45379/
[rosmaster.master][INFO] 2019-06-25 22:10:30,149: +SERVICE [/move_basic/get_loggers] /move_basic http://dc5b429f784e:45379/
[rosmaster.master][INFO] 2019-06-25 22:10:30,151: +SERVICE [/move_basic/set_logger_level] /move_basic http://dc5b429f784e:45379/
[rosmaster.master][INFO] 2019-06-25 22:10:30,183: +SUB [/clock] /move_basic http://dc5b429f784e:45379/
[rosmaster.master][INFO] 2019-06-25 22:10:30,188: publisherUpdate[/rosout] -> http://dc5b429f784e:35501/ ['http://dc5b429f784e:46821/', 'http://dc5b429f784e:33449/', 'http://dc5b429f784e:34905/', 'http://dc5b429f784e:32855/', 'http://dc5b429f784e:36477/', 'http://dc5b429f784e:45379/']
[rosmaster.master][INFO] 2019-06-25 22:10:30,191: publisherUpdate[/rosout] -> http://dc5b429f784e:35501/ ['http://dc5b429f784e:46821/', 'http://dc5b429f784e:33449/', 'http://dc5b429f784e:34905/', 'http://dc5b429f784e:32855/', 'http://dc5b429f784e:36477/', 'http://dc5b429f784e:45379/']: sec=0.00, result=[1, '', 0]
[rosmaster.master][INFO] 2019-06-25 22:10:30,204: +SUB [/tf] /move_basic http://dc5b429f784e:45379/
[rosmaster.master][INFO] 2019-06-25 22:10:30,215: +SUB [/tf_static] /move_basic http://dc5b429f784e:45379/
[rosmaster.master][INFO] 2019-06-25 22:10:30,294: +PUB [/cmd_vel] /move_basic http://dc5b429f784e:45379/
[rosmaster.master][INFO] 2019-06-25 22:10:30,297: +PUB [/plan] /move_basic http://dc5b429f784e:45379/
[rosmaster.master][INFO] 2019-06-25 22:10:30,299: +PUB [/obstacle_distance] /move_basic http://dc5b429f784e:45379/
[rosmaster.master][INFO] 2019-06-25 22:10:30,301: +PUB [/lateral_error] /move_basic http://dc5b429f784e:45379/
[rosmaster.master][INFO] 2019-06-25 22:10:30,322: +SUB [/follow_mode] /move_basic http://dc5b429f784e:45379/
[rosmaster.master][INFO] 2019-06-25 22:10:30,324: publisherUpdate[/cmd_vel] -> http://dc5b429f784e:32855/ ['http://dc5b429f784e:45379/']
[rosmaster.master][INFO] 2019-06-25 22:10:30,325: publisherUpdate[/cmd_vel] -> http://dc5b429f784e:32855/ ['http://dc5b429f784e:45379/']: sec=0.00, result=[1, '', 0]
[rosmaster.master][INFO] 2019-06-25 22:10:30,339: +SUB [/move_base_simple/goal] /move_basic http://dc5b429f784e:45379/
[rosmaster.master][INFO] 2019-06-25 22:10:30,345: +PUB [/move_base/result] /move_basic http://dc5b429f784e:45379/
[rosmaster.master][INFO] 2019-06-25 22:10:30,347: +PUB [/move_base/feedback] /move_basic http://dc5b429f784e:45379/
[rosmaster.master][INFO] 2019-06-25 22:10:30,350: +PUB [/move_base/status] /move_basic http://dc5b429f784e:45379/
[rosmaster.master][INFO] 2019-06-25 22:10:30,368: +SUB [/move_base/goal] /move_basic http://dc5b429f784e:45379/
[rosmaster.master][INFO] 2019-06-25 22:10:30,381: +SUB [/move_base/cancel] /move_basic http://dc5b429f784e:45379/
[rosmaster.master][INFO] 2019-06-25 22:10:30,388: +PUB [/move_base/goal] /move_basic http://dc5b429f784e:45379/
[rosmaster.master][INFO] 2019-06-25 22:10:30,393: +PUB [/obstacle_viz] /move_basic http://dc5b429f784e:45379/
[rosmaster.master][INFO] 2019-06-25 22:10:30,394: publisherUpdate[/move_base/goal] -> http://dc5b429f784e:45379/ ['http://dc5b429f784e:45379/']
[rosmaster.master][INFO] 2019-06-25 22:10:30,404: publisherUpdate[/move_base/goal] -> http://dc5b429f784e:45379/ ['http://dc5b429f784e:45379/']: sec=0.01, result=[1, '', 0]
[rosmaster.master][INFO] 2019-06-25 22:10:30,416: +SUB [/sonars] /move_basic http://dc5b429f784e:45379/
[rosmaster.master][INFO] 2019-06-25 22:10:30,429: +SUB [/scan] /move_basic http://dc5b429f784e:45379/
[rosmaster.master][INFO] 2019-06-25 22:10:45,696: +PUB [/rosout] /simple_navigation_goals http://dc5b429f784e:35041/
[rosmaster.master][INFO] 2019-06-25 22:10:45,698: +SERVICE [/simple_navigation_goals/get_loggers] /simple_navigation_goals http://dc5b429f784e:35041/
[rosmaster.master][INFO] 2019-06-25 22:10:45,700: +SERVICE [/simple_navigation_goals/set_logger_level] /simple_navigation_goals http://dc5b429f784e:35041/
[rosmaster.master][INFO] 2019-06-25 22:10:45,713: +SUB [/clock] /simple_navigation_goals http://dc5b429f784e:35041/
[rosmaster.master][INFO] 2019-06-25 22:10:45,765: publisherUpdate[/rosout] -> http://dc5b429f784e:35501/ ['http://dc5b429f784e:46821/', 'http://dc5b429f784e:33449/', 'http://dc5b429f784e:34905/', 'http://dc5b429f784e:32855/', 'http://dc5b429f784e:36477/', 'http://dc5b429f784e:45379/', 'http://dc5b429f784e:35041/']
[rosmaster.master][INFO] 2019-06-25 22:10:45,767: publisherUpdate[/rosout] -> http://dc5b429f784e:35501/ ['http://dc5b429f784e:46821/', 'http://dc5b429f784e:33449/', 'http://dc5b429f784e:34905/', 'http://dc5b429f784e:32855/', 'http://dc5b429f784e:36477/', 'http://dc5b429f784e:45379/', 'http://dc5b429f784e:35041/']: sec=0.00, result=[1, '', 0]
[rosmaster.master][INFO] 2019-06-25 22:10:45,996: +SUB [/move_base/status] /simple_navigation_goals http://dc5b429f784e:35041/
[rosmaster.master][INFO] 2019-06-25 22:10:46,007: +SUB [/move_base/feedback] /simple_navigation_goals http://dc5b429f784e:35041/
[rosmaster.master][INFO] 2019-06-25 22:10:46,022: +SUB [/move_base/result] /simple_navigation_goals http://dc5b429f784e:35041/
[rosmaster.master][INFO] 2019-06-25 22:10:46,025: +PUB [/move_base/goal] /simple_navigation_goals http://dc5b429f784e:35041/
[rosmaster.master][INFO] 2019-06-25 22:10:46,029: +PUB [/move_base/cancel] /simple_navigation_goals http://dc5b429f784e:35041/
[rosmaster.master][INFO] 2019-06-25 22:10:46,068: publisherUpdate[/move_base/goal] -> http://dc5b429f784e:45379/ ['http://dc5b429f784e:45379/', 'http://dc5b429f784e:35041/']
[rosmaster.master][INFO] 2019-06-25 22:10:46,069: publisherUpdate[/move_base/goal] -> http://dc5b429f784e:45379/ ['http://dc5b429f784e:45379/', 'http://dc5b429f784e:35041/']: sec=0.00, result=[1, '', 0]
[rosmaster.master][INFO] 2019-06-25 22:10:46,069: publisherUpdate[/move_base/cancel] -> http://dc5b429f784e:45379/ ['http://dc5b429f784e:35041/']
[rosmaster.master][INFO] 2019-06-25 22:10:46,070: publisherUpdate[/move_base/cancel] -> http://dc5b429f784e:45379/ ['http://dc5b429f784e:35041/']: sec=0.00, result=[1, '', 0]
[rosmaster.master][INFO] 2019-06-25 22:11:33,548: -PUB [/rosout] /simple_navigation_goals http://dc5b429f784e:35041/
[rosmaster.master][INFO] 2019-06-25 22:11:33,551: -PUB [/move_base/goal] /simple_navigation_goals http://dc5b429f784e:35041/
[rosmaster.master][INFO] 2019-06-25 22:11:33,555: -PUB [/move_base/cancel] /simple_navigation_goals http://dc5b429f784e:35041/
[rosmaster.master][INFO] 2019-06-25 22:11:33,558: -SUB [/clock] /simple_navigation_goals http://dc5b429f784e:35041/
[rosmaster.master][INFO] 2019-06-25 22:11:33,562: -SUB [/move_base/status] /simple_navigation_goals http://dc5b429f784e:35041/
[rosmaster.master][INFO] 2019-06-25 22:11:33,568: -SUB [/move_base/feedback] /simple_navigation_goals http://dc5b429f784e:35041/
[rosmaster.master][INFO] 2019-06-25 22:11:33,571: -SUB [/move_base/result] /simple_navigation_goals http://dc5b429f784e:35041/
[rosmaster.master][INFO] 2019-06-25 22:11:33,574: -SERVICE [/simple_navigation_goals/get_loggers] /simple_navigation_goals rosrpc://dc5b429f784e:54557
[rosmaster.master][INFO] 2019-06-25 22:11:33,579: -SERVICE [/simple_navigation_goals/set_logger_level] /simple_navigation_goals rosrpc://dc5b429f784e:54557
[rosmaster.master][INFO] 2019-06-25 22:11:33,621: publisherUpdate[/rosout] -> http://dc5b429f784e:35501/ ['http://dc5b429f784e:46821/', 'http://dc5b429f784e:33449/', 'http://dc5b429f784e:34905/', 'http://dc5b429f784e:32855/', 'http://dc5b429f784e:36477/', 'http://dc5b429f784e:45379/']
[rosmaster.master][INFO] 2019-06-25 22:11:33,623: publisherUpdate[/rosout] -> http://dc5b429f784e:35501/ ['http://dc5b429f784e:46821/', 'http://dc5b429f784e:33449/', 'http://dc5b429f784e:34905/', 'http://dc5b429f784e:32855/', 'http://dc5b429f784e:36477/', 'http://dc5b429f784e:45379/']: sec=0.00, result=[1, '', 0]
[rosmaster.master][INFO] 2019-06-25 22:11:33,623: publisherUpdate[/move_base/goal] -> http://dc5b429f784e:45379/ ['http://dc5b429f784e:45379/']
[rosmaster.master][INFO] 2019-06-25 22:11:33,625: publisherUpdate[/move_base/goal] -> http://dc5b429f784e:45379/ ['http://dc5b429f784e:45379/']: sec=0.00, result=[1, '', 0]
[rosmaster.master][INFO] 2019-06-25 22:11:33,626: publisherUpdate[/move_base/cancel] -> http://dc5b429f784e:45379/ []
[rosmaster.master][INFO] 2019-06-25 22:11:33,632: publisherUpdate[/move_base/cancel] -> http://dc5b429f784e:45379/ []: sec=0.01, result=[1, '', 0]
[rosmaster.master][INFO] 2019-06-25 22:11:34,537: -PUB [/rosout] /move_basic http://dc5b429f784e:45379/
[rosmaster.master][INFO] 2019-06-25 22:11:34,550: publisherUpdate[/rosout] -> http://dc5b429f784e:35501/ ['http://dc5b429f784e:46821/', 'http://dc5b429f784e:33449/', 'http://dc5b429f784e:34905/', 'http://dc5b429f784e:32855/', 'http://dc5b429f784e:36477/']
[rosmaster.master][INFO] 2019-06-25 22:11:34,553: publisherUpdate[/rosout] -> http://dc5b429f784e:35501/ ['http://dc5b429f784e:46821/', 'http://dc5b429f784e:33449/', 'http://dc5b429f784e:34905/', 'http://dc5b429f784e:32855/', 'http://dc5b429f784e:36477/']: sec=0.00, result=[1, '', 0]
[rosmaster.master][INFO] 2019-06-25 22:11:34,558: -PUB [/cmd_vel] /move_basic http://dc5b429f784e:45379/
[rosmaster.master][INFO] 2019-06-25 22:11:34,562: -PUB [/plan] /move_basic http://dc5b429f784e:45379/
[rosmaster.master][INFO] 2019-06-25 22:11:34,565: -PUB [/obstacle_distance] /move_basic http://dc5b429f784e:45379/
[rosmaster.master][INFO] 2019-06-25 22:11:34,592: -PUB [/lateral_error] /move_basic http://dc5b429f784e:45379/
[rosmaster.master][INFO] 2019-06-25 22:11:34,601: -PUB [/move_base/result] /move_basic http://dc5b429f784e:45379/
[rosmaster.master][INFO] 2019-06-25 22:11:34,604: -PUB [/move_base/feedback] /move_basic http://dc5b429f784e:45379/
[rosmaster.master][INFO] 2019-06-25 22:11:34,607: -PUB [/move_base/status] /move_basic http://dc5b429f784e:45379/
[rosmaster.master][INFO] 2019-06-25 22:11:34,610: -PUB [/move_base/goal] /move_basic http://dc5b429f784e:45379/
[rosmaster.master][INFO] 2019-06-25 22:11:34,612: -PUB [/obstacle_viz] /move_basic http://dc5b429f784e:45379/
[rosmaster.master][INFO] 2019-06-25 22:11:34,615: -SUB [/clock] /move_basic http://dc5b429f784e:45379/
[rosmaster.master][INFO] 2019-06-25 22:11:34,618: -SUB [/tf] /move_basic http://dc5b429f784e:45379/
[rosmaster.master][INFO] 2019-06-25 22:11:34,621: -SUB [/tf_static] /move_basic http://dc5b429f784e:45379/
[rosmaster.master][INFO] 2019-06-25 22:11:34,624: -SUB [/follow_mode] /move_basic http://dc5b429f784e:45379/
[rosmaster.master][INFO] 2019-06-25 22:11:34,627: -SUB [/move_base_simple/goal] /move_basic http://dc5b429f784e:45379/
[rosmaster.master][INFO] 2019-06-25 22:11:34,633: publisherUpdate[/cmd_vel] -> http://dc5b429f784e:32855/ []
[rosmaster.master][INFO] 2019-06-25 22:11:34,634: publisherUpdate[/cmd_vel] -> http://dc5b429f784e:32855/ []: sec=0.00, result=[1, '', 0]
[rosmaster.master][INFO] 2019-06-25 22:11:34,635: publisherUpdate[/move_base/goal] -> http://dc5b429f784e:45379/ []
[rosmaster.master][INFO] 2019-06-25 22:11:34,636: publisherUpdate[/move_base/goal] -> http://dc5b429f784e:45379/ []: sec=0.00, exception=<Fault -1: 'publisherUpdate: unknown method name'>
[rosmaster.threadpool][ERROR] 2019-06-25 22:11:34,638: Traceback (most recent call last):
  File "/opt/ros/kinetic/lib/python2.7/dist-packages/rosmaster/threadpool.py", line 218, in run
    result = cmd(*args)
  File "/opt/ros/kinetic/lib/python2.7/dist-packages/rosmaster/master_api.py", line 210, in publisher_update_task
    ret = xmlrpcapi(api).publisherUpdate('/master', topic, pub_uris)
  File "/usr/lib/python2.7/xmlrpclib.py", line 1243, in __call__
    return self.__send(self.__name, args)
  File "/usr/lib/python2.7/xmlrpclib.py", line 1602, in __request
    verbose=self.__verbose
  File "/usr/lib/python2.7/xmlrpclib.py", line 1283, in request
    return self.single_request(host, handler, request_body, verbose)
  File "/usr/lib/python2.7/xmlrpclib.py", line 1316, in single_request
    return self.parse_response(response)
  File "/usr/lib/python2.7/xmlrpclib.py", line 1493, in parse_response
    return u.close()
  File "/usr/lib/python2.7/xmlrpclib.py", line 800, in close
    raise Fault(**self._stack[0])
Fault: <Fault -1: 'publisherUpdate: unknown method name'>

[rosmaster.master][INFO] 2019-06-25 22:11:34,642: -SUB [/move_base/goal] /move_basic http://dc5b429f784e:45379/
[rosmaster.master][INFO] 2019-06-25 22:11:34,644: -SUB [/move_base/cancel] /move_basic http://dc5b429f784e:45379/
[rosmaster.master][INFO] 2019-06-25 22:11:34,647: -SUB [/sonars] /move_basic http://dc5b429f784e:45379/
[rosmaster.master][INFO] 2019-06-25 22:11:34,662: -SUB [/scan] /move_basic http://dc5b429f784e:45379/
[rosmaster.master][INFO] 2019-06-25 22:11:34,673: -SERVICE [/move_basic/get_loggers] /move_basic rosrpc://dc5b429f784e:51689
[rosmaster.master][INFO] 2019-06-25 22:11:34,677: -SERVICE [/move_basic/set_logger_level] /move_basic rosrpc://dc5b429f784e:51689
[rosmaster.master][INFO] 2019-06-25 22:11:35,734: -SUB [/gazebo/set_link_state] /gazebo http://dc5b429f784e:32855/
[rosmaster.master][INFO] 2019-06-25 22:11:35,750: -SUB [/gazebo/set_model_state] /gazebo http://dc5b429f784e:32855/
[rosmaster.master][INFO] 2019-06-25 22:11:35,753: -PUB [/clock] /gazebo http://dc5b429f784e:32855/
[rosmaster.master][INFO] 2019-06-25 22:11:35,756: -PUB [/gazebo/link_states] /gazebo http://dc5b429f784e:32855/
[rosmaster.master][INFO] 2019-06-25 22:11:35,758: publisherUpdate[/clock] -> http://dc5b429f784e:32855/ []
[rosmaster.master][INFO] 2019-06-25 22:11:35,762: publisherUpdate[/clock] -> http://dc5b429f784e:32855/ []: sec=0.00, result=[1, '', 0]
[rosmaster.master][INFO] 2019-06-25 22:11:35,763: -PUB [/gazebo/model_states] /gazebo http://dc5b429f784e:32855/
[rosmaster.master][INFO] 2019-06-25 22:11:35,763: publisherUpdate[/clock] -> http://dc5b429f784e:36477/ []
[rosmaster.master][INFO] 2019-06-25 22:11:35,767: publisherUpdate[/clock] -> http://dc5b429f784e:36477/ []: sec=0.00, result=[1, '', 0]
[rosmaster.master][INFO] 2019-06-25 22:11:35,769: -SERVICE [/gazebo/spawn_sdf_model] /gazebo rosrpc://dc5b429f784e:33469
[rosmaster.master][INFO] 2019-06-25 22:11:35,771: -SERVICE [/gazebo/spawn_urdf_model] /gazebo rosrpc://dc5b429f784e:33469
[rosmaster.master][INFO] 2019-06-25 22:11:35,774: -SERVICE [/gazebo/delete_model] /gazebo rosrpc://dc5b429f784e:33469
[rosmaster.master][INFO] 2019-06-25 22:11:35,778: -SERVICE [/gazebo/delete_light] /gazebo rosrpc://dc5b429f784e:33469
[rosmaster.master][INFO] 2019-06-25 22:11:35,781: -SERVICE [/gazebo/get_model_properties] /gazebo rosrpc://dc5b429f784e:33469
[rosmaster.master][INFO] 2019-06-25 22:11:35,784: -SERVICE [/gazebo/get_model_state] /gazebo rosrpc://dc5b429f784e:33469
[rosmaster.master][INFO] 2019-06-25 22:11:35,786: -SERVICE [/gazebo/get_world_properties] /gazebo rosrpc://dc5b429f784e:33469
[rosmaster.master][INFO] 2019-06-25 22:11:35,788: -SERVICE [/gazebo/get_joint_properties] /gazebo rosrpc://dc5b429f784e:33469
[rosmaster.master][INFO] 2019-06-25 22:11:35,790: -SERVICE [/gazebo/get_link_properties] /gazebo rosrpc://dc5b429f784e:33469
[rosmaster.master][INFO] 2019-06-25 22:11:35,793: -SERVICE [/gazebo/get_link_state] /gazebo rosrpc://dc5b429f784e:33469
[rosmaster.master][INFO] 2019-06-25 22:11:35,796: -SERVICE [/gazebo/get_light_properties] /gazebo rosrpc://dc5b429f784e:33469
[rosmaster.master][INFO] 2019-06-25 22:11:35,799: -SERVICE [/gazebo/set_light_properties] /gazebo rosrpc://dc5b429f784e:33469
[rosmaster.master][INFO] 2019-06-25 22:11:35,802: -SERVICE [/gazebo/get_physics_properties] /gazebo rosrpc://dc5b429f784e:33469
[rosmaster.master][INFO] 2019-06-25 22:11:35,806: -SERVICE [/gazebo/set_link_properties] /gazebo rosrpc://dc5b429f784e:33469
[rosmaster.master][INFO] 2019-06-25 22:11:35,808: -SERVICE [/gazebo/set_physics_properties] /gazebo rosrpc://dc5b429f784e:33469
[rosmaster.master][INFO] 2019-06-25 22:11:35,811: -SERVICE [/gazebo/set_model_state] /gazebo rosrpc://dc5b429f784e:33469
[rosmaster.master][INFO] 2019-06-25 22:11:35,814: -SERVICE [/gazebo/set_model_configuration] /gazebo rosrpc://dc5b429f784e:33469
[rosmaster.master][INFO] 2019-06-25 22:11:35,816: -SERVICE [/gazebo/set_joint_properties] /gazebo rosrpc://dc5b429f784e:33469
[rosmaster.master][INFO] 2019-06-25 22:11:35,818: -SERVICE [/gazebo/set_link_state] /gazebo rosrpc://dc5b429f784e:33469
[rosmaster.master][INFO] 2019-06-25 22:11:35,821: -SERVICE [/gazebo/pause_physics] /gazebo rosrpc://dc5b429f784e:33469
[rosmaster.master][INFO] 2019-06-25 22:11:35,824: -SERVICE [/gazebo/unpause_physics] /gazebo rosrpc://dc5b429f784e:33469
[rosmaster.master][INFO] 2019-06-25 22:11:35,826: -SERVICE [/gazebo/apply_body_wrench] /gazebo rosrpc://dc5b429f784e:33469
[rosmaster.master][INFO] 2019-06-25 22:11:35,828: -SERVICE [/gazebo/apply_joint_effort] /gazebo rosrpc://dc5b429f784e:33469
[rosmaster.master][INFO] 2019-06-25 22:11:35,831: -SERVICE [/gazebo/clear_joint_forces] /gazebo rosrpc://dc5b429f784e:33469
[rosmaster.master][INFO] 2019-06-25 22:11:35,834: -SERVICE [/gazebo/clear_body_wrenches] /gazebo rosrpc://dc5b429f784e:33469
[rosmaster.master][INFO] 2019-06-25 22:11:35,837: -SERVICE [/gazebo/reset_simulation] /gazebo rosrpc://dc5b429f784e:33469
[rosmaster.master][INFO] 2019-06-25 22:11:35,840: -SERVICE [/gazebo/reset_world] /gazebo rosrpc://dc5b429f784e:33469
[rosmaster.master][INFO] 2019-06-25 22:11:35,843: -PUB [/gazebo/parameter_descriptions] /gazebo http://dc5b429f784e:32855/
[rosmaster.master][INFO] 2019-06-25 22:11:35,846: -PUB [/gazebo/parameter_updates] /gazebo http://dc5b429f784e:32855/
[rosmaster.master][INFO] 2019-06-25 22:11:35,849: -SERVICE [/gazebo/set_parameters] /gazebo rosrpc://dc5b429f784e:33469
[rosmaster.master][INFO] 2019-06-25 22:11:36,569: -PUB [/rosout] /slam_gmapping http://dc5b429f784e:36477/
[rosmaster.master][INFO] 2019-06-25 22:11:36,570: publisherUpdate[/rosout] -> http://dc5b429f784e:35501/ ['http://dc5b429f784e:46821/', 'http://dc5b429f784e:33449/', 'http://dc5b429f784e:34905/', 'http://dc5b429f784e:32855/']
[rosmaster.master][INFO] 2019-06-25 22:11:36,573: publisherUpdate[/rosout] -> http://dc5b429f784e:35501/ ['http://dc5b429f784e:46821/', 'http://dc5b429f784e:33449/', 'http://dc5b429f784e:34905/', 'http://dc5b429f784e:32855/']: sec=0.00, result=[1, '', 0]
[rosmaster.master][INFO] 2019-06-25 22:11:36,574: -PUB [/tf] /slam_gmapping http://dc5b429f784e:36477/
[rosmaster.master][INFO] 2019-06-25 22:11:36,575: publisherUpdate[/tf] -> http://dc5b429f784e:34905/ ['http://dc5b429f784e:46821/', 'http://dc5b429f784e:32855/']
[rosmaster.master][INFO] 2019-06-25 22:11:36,579: publisherUpdate[/tf] -> http://dc5b429f784e:34905/ ['http://dc5b429f784e:46821/', 'http://dc5b429f784e:32855/']: sec=0.00, result=[1, '', 0]
[rosmaster.master][INFO] 2019-06-25 22:11:36,581: -PUB [/slam_gmapping/entropy] /slam_gmapping http://dc5b429f784e:36477/
[rosmaster.master][INFO] 2019-06-25 22:11:36,581: publisherUpdate[/tf] -> http://dc5b429f784e:36477/ ['http://dc5b429f784e:46821/', 'http://dc5b429f784e:32855/']
[rosmaster.master][INFO] 2019-06-25 22:11:36,584: publisherUpdate[/tf] -> http://dc5b429f784e:36477/ ['http://dc5b429f784e:46821/', 'http://dc5b429f784e:32855/']: sec=0.00, exception=<Fault -1: 'publisherUpdate: unknown method name'>
[rosmaster.threadpool][ERROR] 2019-06-25 22:11:36,585: Traceback (most recent call last):
  File "/opt/ros/kinetic/lib/python2.7/dist-packages/rosmaster/threadpool.py", line 218, in run
    result = cmd(*args)
  File "/opt/ros/kinetic/lib/python2.7/dist-packages/rosmaster/master_api.py", line 210, in publisher_update_task
    ret = xmlrpcapi(api).publisherUpdate('/master', topic, pub_uris)
  File "/usr/lib/python2.7/xmlrpclib.py", line 1243, in __call__
    return self.__send(self.__name, args)
  File "/usr/lib/python2.7/xmlrpclib.py", line 1602, in __request
    verbose=self.__verbose
  File "/usr/lib/python2.7/xmlrpclib.py", line 1283, in request
    return self.single_request(host, handler, request_body, verbose)
  File "/usr/lib/python2.7/xmlrpclib.py", line 1316, in single_request
    return self.parse_response(response)
  File "/usr/lib/python2.7/xmlrpclib.py", line 1493, in parse_response
    return u.close()
  File "/usr/lib/python2.7/xmlrpclib.py", line 800, in close
    raise Fault(**self._stack[0])
Fault: <Fault -1: 'publisherUpdate: unknown method name'>

[rosmaster.master][INFO] 2019-06-25 22:11:36,587: -PUB [/map] /slam_gmapping http://dc5b429f784e:36477/
[rosmaster.master][INFO] 2019-06-25 22:11:36,589: -PUB [/map_metadata] /slam_gmapping http://dc5b429f784e:36477/
[rosmaster.master][INFO] 2019-06-25 22:11:36,595: -SUB [/clock] /slam_gmapping http://dc5b429f784e:36477/
[rosmaster.master][INFO] 2019-06-25 22:11:36,597: -SUB [/tf] /slam_gmapping http://dc5b429f784e:36477/
[rosmaster.master][INFO] 2019-06-25 22:11:36,599: -SUB [/tf_static] /slam_gmapping http://dc5b429f784e:36477/
[rosmaster.master][INFO] 2019-06-25 22:11:36,602: -SUB [/p3dx/laser/scan] /slam_gmapping http://dc5b429f784e:36477/
[rosmaster.master][INFO] 2019-06-25 22:11:36,605: -SERVICE [/slam_gmapping/get_loggers] /slam_gmapping rosrpc://dc5b429f784e:59687
[rosmaster.master][INFO] 2019-06-25 22:11:36,607: -SERVICE [/slam_gmapping/set_logger_level] /slam_gmapping rosrpc://dc5b429f784e:59687
[rosmaster.master][INFO] 2019-06-25 22:11:36,610: -SERVICE [/dynamic_map] /slam_gmapping rosrpc://dc5b429f784e:59687
[rosmaster.master][INFO] 2019-06-25 22:11:37,521: -PUB [/joint_states] /joint_state_publisher http://dc5b429f784e:33449/
[rosmaster.master][INFO] 2019-06-25 22:11:37,522: -PUB [/rosout] /joint_state_publisher http://dc5b429f784e:33449/
[rosmaster.master][INFO] 2019-06-25 22:11:37,522: -SERVICE [/joint_state_publisher/get_loggers] /joint_state_publisher rosrpc://dc5b429f784e:38591
[rosmaster.master][INFO] 2019-06-25 22:11:37,522: -SERVICE [/joint_state_publisher/set_logger_level] /joint_state_publisher rosrpc://dc5b429f784e:38591
[rosmaster.master][INFO] 2019-06-25 22:11:37,542: publisherUpdate[/joint_states] -> http://dc5b429f784e:46821/ []
[rosmaster.master][INFO] 2019-06-25 22:11:37,543: publisherUpdate[/joint_states] -> http://dc5b429f784e:46821/ []: sec=0.00, result=[1, '', 0]
[rosmaster.master][INFO] 2019-06-25 22:11:37,543: publisherUpdate[/rosout] -> http://dc5b429f784e:35501/ ['http://dc5b429f784e:46821/', 'http://dc5b429f784e:34905/', 'http://dc5b429f784e:32855/']
[rosmaster.master][INFO] 2019-06-25 22:11:37,544: publisherUpdate[/rosout] -> http://dc5b429f784e:35501/ ['http://dc5b429f784e:46821/', 'http://dc5b429f784e:34905/', 'http://dc5b429f784e:32855/']: sec=0.00, result=[1, '', 0]
[rosmaster.master][INFO] 2019-06-25 22:11:37,645: -PUB [/rosout] /robot_state_publisher http://dc5b429f784e:46821/
[rosmaster.master][INFO] 2019-06-25 22:11:37,645: publisherUpdate[/rosout] -> http://dc5b429f784e:35501/ ['http://dc5b429f784e:34905/', 'http://dc5b429f784e:32855/']
[rosmaster.master][INFO] 2019-06-25 22:11:37,648: publisherUpdate[/rosout] -> http://dc5b429f784e:35501/ ['http://dc5b429f784e:34905/', 'http://dc5b429f784e:32855/']: sec=0.00, result=[1, '', 0]
[rosmaster.master][INFO] 2019-06-25 22:11:37,651: -PUB [/tf] /robot_state_publisher http://dc5b429f784e:46821/
[rosmaster.master][INFO] 2019-06-25 22:11:37,654: -PUB [/tf_static] /robot_state_publisher http://dc5b429f784e:46821/
[rosmaster.master][INFO] 2019-06-25 22:11:37,662: -SUB [/joint_states] /robot_state_publisher http://dc5b429f784e:46821/
[rosmaster.master][INFO] 2019-06-25 22:11:37,666: -SERVICE [/robot_state_publisher/get_loggers] /robot_state_publisher rosrpc://dc5b429f784e:38045
[rosmaster.master][INFO] 2019-06-25 22:11:37,669: -SERVICE [/robot_state_publisher/set_logger_level] /robot_state_publisher rosrpc://dc5b429f784e:38045
[rosmaster.master][INFO] 2019-06-25 22:11:37,681: -PUB [/rosout] /rviz http://dc5b429f784e:34905/
[rosmaster.master][INFO] 2019-06-25 22:11:37,684: -PUB [/initialpose] /rviz http://dc5b429f784e:34905/
[rosmaster.master][INFO] 2019-06-25 22:11:37,687: -PUB [/move_base_simple/goal] /rviz http://dc5b429f784e:34905/
[rosmaster.master][INFO] 2019-06-25 22:11:37,690: -PUB [/clicked_point] /rviz http://dc5b429f784e:34905/
[rosmaster.master][INFO] 2019-06-25 22:11:37,690: publisherUpdate[/tf] -> http://dc5b429f784e:34905/ ['http://dc5b429f784e:32855/']
[rosmaster.master][INFO] 2019-06-25 22:11:37,695: publisherUpdate[/tf] -> http://dc5b429f784e:34905/ ['http://dc5b429f784e:32855/']: sec=0.00, exception=<Fault -1: 'publisherUpdate: unknown method name'>
[rosmaster.threadpool][ERROR] 2019-06-25 22:11:37,695: Traceback (most recent call last):
  File "/opt/ros/kinetic/lib/python2.7/dist-packages/rosmaster/threadpool.py", line 218, in run
    result = cmd(*args)
  File "/opt/ros/kinetic/lib/python2.7/dist-packages/rosmaster/master_api.py", line 210, in publisher_update_task
    ret = xmlrpcapi(api).publisherUpdate('/master', topic, pub_uris)
  File "/usr/lib/python2.7/xmlrpclib.py", line 1243, in __call__
    return self.__send(self.__name, args)
  File "/usr/lib/python2.7/xmlrpclib.py", line 1602, in __request
    verbose=self.__verbose
  File "/usr/lib/python2.7/xmlrpclib.py", line 1283, in request
    return self.single_request(host, handler, request_body, verbose)
  File "/usr/lib/python2.7/xmlrpclib.py", line 1316, in single_request
    return self.parse_response(response)
  File "/usr/lib/python2.7/xmlrpclib.py", line 1493, in parse_response
    return u.close()
  File "/usr/lib/python2.7/xmlrpclib.py", line 800, in close
    raise Fault(**self._stack[0])
Fault: <Fault -1: 'publisherUpdate: unknown method name'>

[rosmaster.master][INFO] 2019-06-25 22:11:37,696: publisherUpdate[/tf_static] -> http://dc5b429f784e:34905/ []
[rosmaster.master][INFO] 2019-06-25 22:11:37,697: publisherUpdate[/tf_static] -> http://dc5b429f784e:34905/ []: sec=0.00, exception=<Fault -1: 'publisherUpdate: unknown method name'>
[rosmaster.threadpool][ERROR] 2019-06-25 22:11:37,698: Traceback (most recent call last):
  File "/opt/ros/kinetic/lib/python2.7/dist-packages/rosmaster/threadpool.py", line 218, in run
    result = cmd(*args)
  File "/opt/ros/kinetic/lib/python2.7/dist-packages/rosmaster/master_api.py", line 210, in publisher_update_task
    ret = xmlrpcapi(api).publisherUpdate('/master', topic, pub_uris)
  File "/usr/lib/python2.7/xmlrpclib.py", line 1243, in __call__
    return self.__send(self.__name, args)
  File "/usr/lib/python2.7/xmlrpclib.py", line 1602, in __request
    verbose=self.__verbose
  File "/usr/lib/python2.7/xmlrpclib.py", line 1283, in request
    return self.single_request(host, handler, request_body, verbose)
  File "/usr/lib/python2.7/xmlrpclib.py", line 1316, in single_request
    return self.parse_response(response)
  File "/usr/lib/python2.7/xmlrpclib.py", line 1493, in parse_response
    return u.close()
  File "/usr/lib/python2.7/xmlrpclib.py", line 800, in close
    raise Fault(**self._stack[0])
Fault: <Fault -1: 'publisherUpdate: unknown method name'>

[rosmaster.master][INFO] 2019-06-25 22:11:37,698: publisherUpdate[/rosout] -> http://dc5b429f784e:35501/ ['http://dc5b429f784e:32855/']
[rosmaster.master][INFO] 2019-06-25 22:11:37,700: -SUB [/tf] /rviz http://dc5b429f784e:34905/
[rosmaster.master][INFO] 2019-06-25 22:11:37,702: publisherUpdate[/rosout] -> http://dc5b429f784e:35501/ ['http://dc5b429f784e:32855/']: sec=0.00, result=[1, '', 0]
[rosmaster.master][INFO] 2019-06-25 22:11:37,704: -SUB [/tf_static] /rviz http://dc5b429f784e:34905/
[rosmaster.master][INFO] 2019-06-25 22:11:37,708: -SERVICE [/rviz/get_loggers] /rviz rosrpc://dc5b429f784e:52805
[rosmaster.master][INFO] 2019-06-25 22:11:37,710: -SERVICE [/rviz/set_logger_level] /rviz rosrpc://dc5b429f784e:52805
[rosmaster.master][INFO] 2019-06-25 22:11:37,713: -SERVICE [/rviz/reload_shaders] /rviz rosrpc://dc5b429f784e:52805
[rosmaster.master][INFO] 2019-06-25 22:11:38,201: -PUB [/rosout_agg] /rosout http://dc5b429f784e:35501/
[rosmaster.master][INFO] 2019-06-25 22:11:38,204: -SUB [/rosout] /rosout http://dc5b429f784e:35501/
[rosmaster.master][INFO] 2019-06-25 22:11:38,206: -SERVICE [/rosout/get_loggers] /rosout rosrpc://dc5b429f784e:50705
[rosmaster.master][INFO] 2019-06-25 22:11:38,208: -SERVICE [/rosout/set_logger_level] /rosout rosrpc://dc5b429f784e:50705
[rosmaster.main][INFO] 2019-06-25 22:11:38,221: keyboard interrupt, will exit
[rosmaster.main][INFO] 2019-06-25 22:11:38,221: stopping master...
[rospy.core][INFO] 2019-06-25 22:11:38,221: signal_shutdown [atexit]
