

1561500598.796594800  Node Startup
1561500599.367072900 WARN [/tmp/binarydeb/ros-kinetic-kdl-parser-1.12.10/src/kdl_parser.cpp:200(treeFromUrdfModel) [topics: /rosout] The root link base_link has an inertia specified in the URDF, but KDL does not support a root link with an inertia.  As a workaround, you can add an extra dummy link to your URDF.
1561500599.931017100 INFO [/tmp/binarydeb/ros-kinetic-rviz-1.12.15/src/rviz/ogre_helpers/render_system.cpp:430(RenderWindow* rviz::RenderSystem::makeRenderWindow) [topics: /rosout] Stereo is NOT SUPPORTED
0.000000000 INFO [/tmp/binarydeb/ros-kinetic-roscpp-1.12.13/src/libros/service.cpp:80(service::exists) [topics: /rosout] waitForService: Service [/gazebo/set_physics_properties] has not been advertised, waiting...
0.000000000 INFO [/tmp/binarydeb/ros-kinetic-gazebo-plugins-2.5.14/include/gazebo_plugins/gazebo_ros_utils.h:95(__cxx11::string gazebo::GetRobotNamespace) [topics: /rosout, /clock, /gazebo/link_states, /gazebo/model_states] Laser Plugin: Using the 'robotNamespace' param: '/'
0.000000000 INFO [/tmp/binarydeb/ros-kinetic-gazebo-plugins-2.5.14/src/gazebo_ros_laser.cpp:111(GazeboRosLaser::Load) [topics: /rosout, /clock, /gazebo/link_states, /gazebo/model_states] Starting Laser Plugin (ns = /)
0.000000000 INFO [/tmp/binarydeb/ros-kinetic-gazebo-plugins-2.5.14/src/gazebo_ros_laser.cpp:135(GazeboRosLaser::LoadThread) [topics: /rosout, /clock, /gazebo/link_states, /gazebo/model_states] Laser Plugin (ns = /)  <tf_prefix_>, set to ""
0.000000000 INFO [/tmp/binarydeb/ros-kinetic-gazebo-plugins-2.5.14/src/gazebo_ros_utils.cpp:57(GazeboRos::readCommonParameter) [topics: /rosout, /clock, /gazebo/link_states, /gazebo/model_states, /p3dx/laser/scan] Starting plugin DiffDrive(ns = //)
0.000000000 WARN [/tmp/binarydeb/ros-kinetic-gazebo-plugins-2.5.14/include/gazebo_plugins/gazebo_ros_utils.h:231(GazeboRos::getParameter) [topics: /rosout, /clock, /gazebo/link_states, /gazebo/model_states, /p3dx/laser/scan] DiffDrive(ns = //): missing <rosDebugLevel> default is na
0.000000000 INFO [/tmp/binarydeb/ros-kinetic-gazebo-plugins-2.5.14/src/gazebo_ros_utils.cpp:93(GazeboRos::readCommonParameter) [topics: /rosout, /clock, /gazebo/link_states, /gazebo/model_states, /p3dx/laser/scan] DiffDrive(ns = //): <tf_prefix> = 
0.000000000 WARN [/tmp/binarydeb/ros-kinetic-gazebo-plugins-2.5.14/src/gazebo_ros_utils.cpp:101(GazeboRos::getParameterBoolean) [topics: /rosout, /clock, /gazebo/link_states, /gazebo/model_states, /p3dx/laser/scan] DiffDrive(ns = //): missing <publishWheelTF> default is false
0.000000000 WARN [/tmp/binarydeb/ros-kinetic-gazebo-plugins-2.5.14/src/gazebo_ros_utils.cpp:101(GazeboRos::getParameterBoolean) [topics: /rosout, /clock, /gazebo/link_states, /gazebo/model_states, /p3dx/laser/scan] DiffDrive(ns = //): missing <publishWheelJointState> default is false
0.000000000 WARN [/tmp/binarydeb/ros-kinetic-gazebo-plugins-2.5.14/src/gazebo_ros_utils.cpp:101(GazeboRos::getParameterBoolean) [topics: /rosout, /clock, /gazebo/link_states, /gazebo/model_states, /p3dx/laser/scan] DiffDrive(ns = //): missing <legacyMode> default is ture
0.000000000 ERROR [/tmp/binarydeb/ros-kinetic-gazebo-plugins-2.5.14/src/gazebo_ros_diff_drive.cpp:101(GazeboRosDiffDrive::Load) [topics: /rosout, /clock, /gazebo/link_states, /gazebo/model_states, /p3dx/laser/scan] GazeboRosDiffDrive Plugin missing <legacyMode>, defaults to true
This setting assumes you have a old package, where the right and left wheel are changed to fix a former code issue
To get rid of this error just set <legacyMode> to false if you just created a new package.
To fix an old package you have to exchange left wheel by the right wheel.
If you do not want to fix this issue in an old package or your z axis points down instead of the ROS standard defined in REP 103
just set <legacyMode> to true.

0.000000000 WARN [/tmp/binarydeb/ros-kinetic-gazebo-plugins-2.5.14/include/gazebo_plugins/gazebo_ros_utils.h:231(GazeboRos::getParameter) [topics: /rosout, /clock, /gazebo/link_states, /gazebo/model_states, /p3dx/laser/scan] DiffDrive(ns = //): missing <wheelAcceleration> default is 0
0.000000000 WARN [/tmp/binarydeb/ros-kinetic-gazebo-plugins-2.5.14/include/gazebo_plugins/gazebo_ros_utils.h:231(GazeboRos::getParameter) [topics: /rosout, /clock, /gazebo/link_states, /gazebo/model_states, /p3dx/laser/scan] DiffDrive(ns = //): missing <wheelTorque> default is 5
0.000000000 WARN [/tmp/binarydeb/ros-kinetic-gazebo-plugins-2.5.14/include/gazebo_plugins/gazebo_ros_utils.h:263(GazeboRos::getParameter) [topics: /rosout, /clock, /gazebo/link_states, /gazebo/model_states, /p3dx/laser/scan] DiffDrive(ns = //): missing <odometrySource> default is 1
0.000000000 WARN [/tmp/binarydeb/ros-kinetic-gazebo-plugins-2.5.14/src/gazebo_ros_diff_drive.cpp:126(GazeboRosDiffDrive::Load) [topics: /rosout, /clock, /gazebo/link_states, /gazebo/model_states, /p3dx/laser/scan] GazeboRosDiffDrive Plugin (ns = ) missing <publishTf>, defaults to 1
0.000000000 INFO [/tmp/binarydeb/ros-kinetic-gazebo-plugins-2.5.14/src/gazebo_ros_diff_drive.cpp:158(GazeboRosDiffDrive::Load) [topics: /rosout, /clock, /gazebo/link_states, /gazebo/model_states, /p3dx/laser/scan, /tf] DiffDrive(ns = //): Try to subscribe to cmd_vel
0.000000000 INFO [/tmp/binarydeb/ros-kinetic-gazebo-plugins-2.5.14/src/gazebo_ros_diff_drive.cpp:166(GazeboRosDiffDrive::Load) [topics: /rosout, /clock, /gazebo/link_states, /gazebo/model_states, /p3dx/laser/scan, /tf] DiffDrive(ns = //): Subscribe to cmd_vel
0.000000000 INFO [/tmp/binarydeb/ros-kinetic-gazebo-plugins-2.5.14/src/gazebo_ros_diff_drive.cpp:171(GazeboRosDiffDrive::Load) [topics: /rosout, /clock, /gazebo/link_states, /gazebo/model_states, /p3dx/laser/scan, /tf, /odom] DiffDrive(ns = //): Advertise odom on odom 
932.791000000 INFO [/tmp/binarydeb/ros-kinetic-roscpp-1.12.13/src/libros/service.cpp:122(service::waitForService) [topics: /rosout, /clock, /gazebo/link_states, /gazebo/model_states, /p3dx/laser/scan, /tf, /odom, /p3dx/base_pose_ground_truth] waitForService: Service [/gazebo/set_physics_properties] is now available.
932.814000000 INFO [/tmp/binarydeb/ros-kinetic-gazebo-ros-2.5.14/src/gazebo_ros_api_plugin.cpp:2083(GazeboRosApiPlugin::physicsReconfigureThread) [topics: /rosout, /clock, /gazebo/link_states, /gazebo/model_states, /p3dx/laser/scan, /tf, /odom, /p3dx/base_pose_ground_truth, /gazebo/parameter_descriptions, /gazebo/parameter_updates] Physics dynamic reconfigure ready.
945.206000000 INFO [/home/catkin_ws/src/slam_gmapping/gmapping/src/slam_gmapping.cpp:447(initMapper) [topics: /rosout, /tf, /slam_gmapping/entropy, /map, /map_metadata] Laser is mounted upwards.
945.220000000 INFO [/home/catkin_ws/src/slam_gmapping/gmapping/src/slam_gmapping.cpp:532(initMapper) [topics: /rosout, /tf, /slam_gmapping/entropy, /map, /map_metadata] Initialization complete
947.762000000 INFO [/home/catkin_ws/src/move_basic/src/move_basic.cpp:293(MoveBasic) [topics: /rosout, /cmd_vel, /plan, /obstacle_distance, /lateral_error, /move_base/result, /move_base/feedback, /move_base/status, /move_base/goal, /obstacle_viz] Move Basic ready
960.226000000 INFO [/home/catkin_ws/src/motion_plan/src/move_client.cpp:27(main) [topics: /rosout, /move_base/goal, /move_base/cancel] Sending goal
960.262000000 INFO [/home/catkin_ws/src/move_basic/src/move_basic.cpp:396(executeAction) [topics: /rosout, /cmd_vel, /plan, /obstacle_distance, /lateral_error, /move_base/result, /move_base/feedback, /move_base/status, /move_base/goal, /obstacle_viz] Received goal 0.000000 -2.000000 0.000000 base_link
960.262000000 INFO [/home/catkin_ws/src/move_basic/src/move_basic.cpp:423(executeAction) [topics: /rosout, /cmd_vel, /plan, /obstacle_distance, /lateral_error, /move_base/result, /move_base/feedback, /move_base/status, /move_base/goal, /obstacle_viz] Goal in map  0.743607 -0.624594 0.000774
960.262000000 INFO [/home/catkin_ws/src/move_basic/src/move_basic.cpp:610(rotate) [topics: /rosout, /cmd_vel, /plan, /obstacle_distance, /lateral_error, /move_base/result, /move_base/feedback, /move_base/status, /move_base/goal, /obstacle_viz] Requested rotation -90.000000
962.542000000 INFO [/home/catkin_ws/src/move_basic/src/move_basic.cpp:676(rotate) [topics: /rosout, /cmd_vel, /plan, /obstacle_distance, /lateral_error, /move_base/result, /move_base/feedback, /move_base/status, /move_base/goal, /obstacle_viz] Done rotation, error -0.521021 degrees
962.542000000 INFO [/home/catkin_ws/src/move_basic/src/move_basic.cpp:515(executeAction) [topics: /rosout, /cmd_vel, /plan, /obstacle_distance, /lateral_error, /move_base/result, /move_base/feedback, /move_base/status, /move_base/goal, /obstacle_viz] Requested distance 2.000000
