[rospy.client][INFO] 2019-07-02 12:50:43,621: init_node, name[/joint_state_publisher], pid[5578]
[xmlrpc][INFO] 2019-07-02 12:50:43,621: XML-RPC server binding to 0.0.0.0:0
[xmlrpc][INFO] 2019-07-02 12:50:43,621: Started XML-RPC server [http://f6566a55c2b3:39745/]
[rospy.impl.masterslave][INFO] 2019-07-02 12:50:43,622: _ready: http://f6566a55c2b3:39745/
[rospy.init][INFO] 2019-07-02 12:50:43,622: ROS Slave URI: [http://f6566a55c2b3:39745/]
[xmlrpc][INFO] 2019-07-02 12:50:43,623: xml rpc node: starting XML-RPC server
[rospy.registration][INFO] 2019-07-02 12:50:43,623: Registering with master node http://localhost:11311
[rospy.init][INFO] 2019-07-02 12:50:43,723: registered with master
[rospy.rosout][INFO] 2019-07-02 12:50:43,723: initializing /rosout core topic
[rospy.rosout][INFO] 2019-07-02 12:50:43,725: connected to core topic /rosout
[rospy.simtime][INFO] 2019-07-02 12:50:43,726: /use_sim_time is not set, will not subscribe to simulated time [/clock] topic
[rosout][INFO] 2019-07-02 12:50:43,822: Centering
[rospy.internal][INFO] 2019-07-02 12:50:43,960: topic[/rosout] adding connection to [/rosout], count 0
[rospy.internal][INFO] 2019-07-02 12:50:44,060: topic[/joint_states] adding connection to [/robot_state_publisher], count 0
[rospy.client][INFO] 2019-07-02 13:17:35,752: init_node, name[/joint_state_publisher], pid[10828]
[xmlrpc][INFO] 2019-07-02 13:17:35,752: XML-RPC server binding to 0.0.0.0:0
[xmlrpc][INFO] 2019-07-02 13:17:35,753: Started XML-RPC server [http://f6566a55c2b3:41817/]
[rospy.impl.masterslave][INFO] 2019-07-02 13:17:35,754: _ready: http://f6566a55c2b3:41817/
[rospy.init][INFO] 2019-07-02 13:17:35,754: ROS Slave URI: [http://f6566a55c2b3:41817/]
[xmlrpc][INFO] 2019-07-02 13:17:35,755: xml rpc node: starting XML-RPC server
[rospy.registration][INFO] 2019-07-02 13:17:35,755: Registering with master node http://localhost:11311
[rospy.init][INFO] 2019-07-02 13:17:35,855: registered with master
[rospy.rosout][INFO] 2019-07-02 13:17:35,855: initializing /rosout core topic
[rospy.rosout][INFO] 2019-07-02 13:17:35,858: connected to core topic /rosout
[rospy.simtime][INFO] 2019-07-02 13:17:35,859: initializing /clock core topic
[rospy.simtime][INFO] 2019-07-02 13:17:35,863: connected to core topic /clock
[rospy.internal][INFO] 2019-07-02 13:17:36,063: topic[/rosout] adding connection to [/rosout], count 0
[rospy.internal][INFO] 2019-07-02 13:17:36,163: topic[/joint_states] adding connection to [/robot_state_publisher], count 0
[rospy.core][INFO] 2019-07-02 13:17:45,790: signal_shutdown [signal-2]
[rospy.internal][INFO] 2019-07-02 13:17:45,793: topic[/joint_states] removing connection to /robot_state_publisher
[rospy.internal][INFO] 2019-07-02 13:17:45,794: topic[/rosout] removing connection to /rosout
[rospy.impl.masterslave][INFO] 2019-07-02 13:17:45,794: signal-2
[rospy.core][INFO] 2019-07-02 13:17:45,981: signal_shutdown [atexit]
