[rospy.client][INFO] 2019-07-02 12:56:45,920: init_node, name[/urdf_spawner], pid[5995]
[xmlrpc][INFO] 2019-07-02 12:56:45,921: XML-RPC server binding to 0.0.0.0:0
[xmlrpc][INFO] 2019-07-02 12:56:45,921: Started XML-RPC server [http://f6566a55c2b3:41629/]
[rospy.init][INFO] 2019-07-02 12:56:45,921: ROS Slave URI: [http://f6566a55c2b3:41629/]
[rospy.impl.masterslave][INFO] 2019-07-02 12:56:45,922: _ready: http://f6566a55c2b3:41629/
[rospy.registration][INFO] 2019-07-02 12:56:45,923: Registering with master node http://localhost:11311
[xmlrpc][INFO] 2019-07-02 12:56:45,923: xml rpc node: starting XML-RPC server
[rospy.init][INFO] 2019-07-02 12:56:46,022: registered with master
[rospy.rosout][INFO] 2019-07-02 12:56:46,022: initializing /rosout core topic
[rospy.rosout][INFO] 2019-07-02 12:56:46,025: connected to core topic /rosout
[rospy.simtime][INFO] 2019-07-02 12:56:46,026: initializing /clock core topic
[rospy.simtime][INFO] 2019-07-02 12:56:46,028: connected to core topic /clock
[rosout][INFO] 2019-07-02 12:56:46,032: Loading model XML from ros parameter
[rosout][INFO] 2019-07-02 12:56:46,036: Waiting for service /gazebo/spawn_urdf_model
[rosout][INFO] 2019-07-02 12:56:46,038: Calling service /gazebo/spawn_urdf_model
[rospy.internal][INFO] 2019-07-02 12:56:46,039: topic[/clock] adding connection to [http://f6566a55c2b3:33293/], count 0
[rosout][INFO] 2019-07-02 12:56:46,158: Spawn status: SpawnModel: Successfully spawned entity
[rospy.core][INFO] 2019-07-02 12:56:46,158: signal_shutdown [atexit]
[rospy.internal][INFO] 2019-07-02 12:56:46,162: topic[/clock] removing connection to http://f6566a55c2b3:33293/
[rospy.impl.masterslave][INFO] 2019-07-02 12:56:46,162: atexit
[rospy.client][INFO] 2019-07-02 12:58:06,211: init_node, name[/urdf_spawner], pid[6364]
[xmlrpc][INFO] 2019-07-02 12:58:06,211: XML-RPC server binding to 0.0.0.0:0
[xmlrpc][INFO] 2019-07-02 12:58:06,212: Started XML-RPC server [http://f6566a55c2b3:36017/]
[rospy.impl.masterslave][INFO] 2019-07-02 12:58:06,212: _ready: http://f6566a55c2b3:36017/
[xmlrpc][INFO] 2019-07-02 12:58:06,213: xml rpc node: starting XML-RPC server
[rospy.init][INFO] 2019-07-02 12:58:06,213: ROS Slave URI: [http://f6566a55c2b3:36017/]
[rospy.registration][INFO] 2019-07-02 12:58:06,214: Registering with master node http://localhost:11311
[rospy.init][INFO] 2019-07-02 12:58:06,314: registered with master
[rospy.rosout][INFO] 2019-07-02 12:58:06,314: initializing /rosout core topic
[rospy.rosout][INFO] 2019-07-02 12:58:06,317: connected to core topic /rosout
[rospy.simtime][INFO] 2019-07-02 12:58:06,318: initializing /clock core topic
[rospy.simtime][INFO] 2019-07-02 12:58:06,321: connected to core topic /clock
[rosout][INFO] 2019-07-02 12:58:06,326: Loading model XML from ros parameter
[rosout][INFO] 2019-07-02 12:58:06,332: Waiting for service /gazebo/spawn_urdf_model
[rospy.internal][INFO] 2019-07-02 12:58:06,333: topic[/clock] adding connection to [http://f6566a55c2b3:35049/], count 0
[rosout][INFO] 2019-07-02 12:58:06,336: Calling service /gazebo/spawn_urdf_model
[rospy.internal][INFO] 2019-07-02 12:58:06,531: topic[/rosout] adding connection to [/rosout], count 0
[rosout][INFO] 2019-07-02 12:58:06,659: Spawn status: SpawnModel: Successfully spawned entity
[rospy.core][INFO] 2019-07-02 12:58:06,660: signal_shutdown [atexit]
[rospy.internal][INFO] 2019-07-02 12:58:06,664: topic[/rosout] removing connection to /rosout
[rospy.internal][INFO] 2019-07-02 12:58:06,664: topic[/clock] removing connection to http://f6566a55c2b3:35049/
[rospy.impl.masterslave][INFO] 2019-07-02 12:58:06,664: atexit
[rospy.client][INFO] 2019-07-02 13:00:31,991: init_node, name[/urdf_spawner], pid[7410]
[xmlrpc][INFO] 2019-07-02 13:00:31,992: XML-RPC server binding to 0.0.0.0:0
[xmlrpc][INFO] 2019-07-02 13:00:31,992: Started XML-RPC server [http://f6566a55c2b3:35329/]
[rospy.impl.masterslave][INFO] 2019-07-02 13:00:31,993: _ready: http://f6566a55c2b3:35329/
[rospy.init][INFO] 2019-07-02 13:00:31,993: ROS Slave URI: [http://f6566a55c2b3:35329/]
[xmlrpc][INFO] 2019-07-02 13:00:31,993: xml rpc node: starting XML-RPC server
[rospy.registration][INFO] 2019-07-02 13:00:31,994: Registering with master node http://localhost:11311
[rospy.init][INFO] 2019-07-02 13:00:32,094: registered with master
[rospy.rosout][INFO] 2019-07-02 13:00:32,094: initializing /rosout core topic
[rospy.rosout][INFO] 2019-07-02 13:00:32,096: connected to core topic /rosout
[rospy.simtime][INFO] 2019-07-02 13:00:32,097: initializing /clock core topic
[rospy.simtime][INFO] 2019-07-02 13:00:32,101: connected to core topic /clock
[rosout][INFO] 2019-07-02 13:00:32,104: Loading model XML from ros parameter
[rosout][INFO] 2019-07-02 13:00:32,108: Waiting for service /gazebo/spawn_urdf_model
[rospy.internal][INFO] 2019-07-02 13:00:32,110: topic[/clock] adding connection to [http://f6566a55c2b3:46715/], count 0
[rosout][INFO] 2019-07-02 13:00:32,112: Calling service /gazebo/spawn_urdf_model
[rospy.internal][INFO] 2019-07-02 13:00:32,337: topic[/rosout] adding connection to [/rosout], count 0
[rosout][INFO] 2019-07-02 13:00:32,370: Spawn status: SpawnModel: Successfully spawned entity
[rospy.core][INFO] 2019-07-02 13:00:32,371: signal_shutdown [atexit]
[rospy.internal][INFO] 2019-07-02 13:00:32,374: topic[/rosout] removing connection to /rosout
[rospy.internal][INFO] 2019-07-02 13:00:32,374: topic[/clock] removing connection to http://f6566a55c2b3:46715/
[rospy.impl.masterslave][INFO] 2019-07-02 13:00:32,375: atexit
[rospy.client][INFO] 2019-07-02 13:03:25,457: init_node, name[/urdf_spawner], pid[8229]
[xmlrpc][INFO] 2019-07-02 13:03:25,457: XML-RPC server binding to 0.0.0.0:0
[xmlrpc][INFO] 2019-07-02 13:03:25,458: Started XML-RPC server [http://f6566a55c2b3:35431/]
[rospy.impl.masterslave][INFO] 2019-07-02 13:03:25,458: _ready: http://f6566a55c2b3:35431/
[xmlrpc][INFO] 2019-07-02 13:03:25,458: xml rpc node: starting XML-RPC server
[rospy.init][INFO] 2019-07-02 13:03:25,458: ROS Slave URI: [http://f6566a55c2b3:35431/]
[rospy.registration][INFO] 2019-07-02 13:03:25,460: Registering with master node http://localhost:11311
[rospy.init][INFO] 2019-07-02 13:03:25,560: registered with master
[rospy.rosout][INFO] 2019-07-02 13:03:25,560: initializing /rosout core topic
[rospy.rosout][INFO] 2019-07-02 13:03:25,562: connected to core topic /rosout
[rospy.simtime][INFO] 2019-07-02 13:03:25,564: initializing /clock core topic
[rospy.simtime][INFO] 2019-07-02 13:03:25,568: connected to core topic /clock
[rosout][INFO] 2019-07-02 13:03:25,571: Loading model XML from ros parameter
[rosout][INFO] 2019-07-02 13:03:25,577: Waiting for service /gazebo/spawn_urdf_model
[rospy.internal][INFO] 2019-07-02 13:03:25,579: topic[/clock] adding connection to [http://f6566a55c2b3:34879/], count 0
[rosout][INFO] 2019-07-02 13:03:25,582: Calling service /gazebo/spawn_urdf_model
[rospy.internal][INFO] 2019-07-02 13:03:25,779: topic[/rosout] adding connection to [/rosout], count 0
[rosout][INFO] 2019-07-02 13:03:25,871: Spawn status: SpawnModel: Successfully spawned entity
[rospy.core][INFO] 2019-07-02 13:03:25,872: signal_shutdown [atexit]
[rospy.internal][INFO] 2019-07-02 13:03:25,876: topic[/rosout] removing connection to /rosout
[rospy.internal][INFO] 2019-07-02 13:03:25,876: topic[/clock] removing connection to http://f6566a55c2b3:34879/
[rospy.impl.masterslave][INFO] 2019-07-02 13:03:25,877: atexit
[rospy.internal][WARNING] 2019-07-02 13:03:25,877: Unknown error initiating TCP/IP socket to f6566a55c2b3:37413 (http://f6566a55c2b3:34879/): Traceback (most recent call last):
  File "/opt/ros/kinetic/lib/python2.7/dist-packages/rospy/impl/tcpros_base.py", line 558, in connect
    self.local_endpoint = self.socket.getsockname()
AttributeError: 'NoneType' object has no attribute 'getsockname'

[rospy.client][INFO] 2019-07-02 13:04:41,915: init_node, name[/urdf_spawner], pid[8690]
[xmlrpc][INFO] 2019-07-02 13:04:41,916: XML-RPC server binding to 0.0.0.0:0
[xmlrpc][INFO] 2019-07-02 13:04:41,916: Started XML-RPC server [http://f6566a55c2b3:36023/]
[rospy.impl.masterslave][INFO] 2019-07-02 13:04:41,916: _ready: http://f6566a55c2b3:36023/
[rospy.init][INFO] 2019-07-02 13:04:41,917: ROS Slave URI: [http://f6566a55c2b3:36023/]
[xmlrpc][INFO] 2019-07-02 13:04:41,917: xml rpc node: starting XML-RPC server
[rospy.registration][INFO] 2019-07-02 13:04:41,918: Registering with master node http://localhost:11311
[rospy.init][INFO] 2019-07-02 13:04:42,017: registered with master
[rospy.rosout][INFO] 2019-07-02 13:04:42,018: initializing /rosout core topic
[rospy.rosout][INFO] 2019-07-02 13:04:42,020: connected to core topic /rosout
[rospy.simtime][INFO] 2019-07-02 13:04:42,021: initializing /clock core topic
[rospy.simtime][INFO] 2019-07-02 13:04:42,024: connected to core topic /clock
[rosout][INFO] 2019-07-02 13:04:42,028: Loading model XML from ros parameter
[rosout][INFO] 2019-07-02 13:04:42,031: Waiting for service /gazebo/spawn_urdf_model
[rospy.internal][INFO] 2019-07-02 13:04:42,034: topic[/clock] adding connection to [http://f6566a55c2b3:41293/], count 0
[rosout][INFO] 2019-07-02 13:04:42,034: Calling service /gazebo/spawn_urdf_model
[rospy.internal][INFO] 2019-07-02 13:04:42,290: topic[/rosout] adding connection to [/rosout], count 0
[rosout][INFO] 2019-07-02 13:04:42,292: Spawn status: SpawnModel: Successfully spawned entity
[rospy.core][INFO] 2019-07-02 13:04:42,292: signal_shutdown [atexit]
[rospy.internal][INFO] 2019-07-02 13:04:42,297: topic[/rosout] removing connection to /rosout
[rospy.internal][INFO] 2019-07-02 13:04:42,297: topic[/clock] removing connection to http://f6566a55c2b3:41293/
[rospy.internal][WARNING] 2019-07-02 13:04:42,298: Unknown error initiating TCP/IP socket to f6566a55c2b3:34735 (http://f6566a55c2b3:41293/): Traceback (most recent call last):
  File "/opt/ros/kinetic/lib/python2.7/dist-packages/rospy/impl/tcpros_base.py", line 557, in connect
    self.read_header()
  File "/opt/ros/kinetic/lib/python2.7/dist-packages/rospy/impl/tcpros_base.py", line 650, in read_header
    self._validate_header(read_ros_handshake_header(sock, self.read_buff, self.protocol.buff_size))
AttributeError: 'NoneType' object has no attribute 'buff_size'

[rospy.topics][ERROR] 2019-07-02 13:04:42,299: Traceback (most recent call last):
  File "/opt/ros/kinetic/lib/python2.7/dist-packages/rospy/topics.py", line 326, in close
    c.close()
  File "/opt/ros/kinetic/lib/python2.7/dist-packages/rospy/impl/tcpros_base.py", line 838, in close
    self.socket.close()
AttributeError: 'NoneType' object has no attribute 'close'

[rospy.impl.masterslave][INFO] 2019-07-02 13:04:42,299: atexit
[rospy.client][INFO] 2019-07-02 13:09:23,318: init_node, name[/urdf_spawner], pid[10226]
[xmlrpc][INFO] 2019-07-02 13:09:23,319: XML-RPC server binding to 0.0.0.0:0
[xmlrpc][INFO] 2019-07-02 13:09:23,319: Started XML-RPC server [http://f6566a55c2b3:36639/]
[rospy.init][INFO] 2019-07-02 13:09:23,320: ROS Slave URI: [http://f6566a55c2b3:36639/]
[rospy.impl.masterslave][INFO] 2019-07-02 13:09:23,320: _ready: http://f6566a55c2b3:36639/
[rospy.registration][INFO] 2019-07-02 13:09:23,321: Registering with master node http://localhost:11311
[xmlrpc][INFO] 2019-07-02 13:09:23,321: xml rpc node: starting XML-RPC server
[rospy.init][INFO] 2019-07-02 13:09:23,420: registered with master
[rospy.rosout][INFO] 2019-07-02 13:09:23,420: initializing /rosout core topic
[rospy.rosout][INFO] 2019-07-02 13:09:23,423: connected to core topic /rosout
[rospy.simtime][INFO] 2019-07-02 13:09:23,424: initializing /clock core topic
[rospy.simtime][INFO] 2019-07-02 13:09:23,427: connected to core topic /clock
[rosout][INFO] 2019-07-02 13:09:23,431: Loading model XML from ros parameter
[rosout][INFO] 2019-07-02 13:09:23,438: Waiting for service /gazebo/spawn_urdf_model
[rospy.internal][INFO] 2019-07-02 13:09:23,439: topic[/clock] adding connection to [http://f6566a55c2b3:33475/], count 0
[rosout][INFO] 2019-07-02 13:09:23,441: Calling service /gazebo/spawn_urdf_model
[rosout][INFO] 2019-07-02 13:09:23,535: Spawn status: SpawnModel: Successfully spawned entity
[rospy.core][INFO] 2019-07-02 13:09:23,536: signal_shutdown [atexit]
[rospy.internal][INFO] 2019-07-02 13:09:23,539: topic[/clock] removing connection to http://f6566a55c2b3:33475/
[rospy.impl.masterslave][INFO] 2019-07-02 13:09:23,539: atexit
