

0.000000000  Node Startup
0.000000000 INFO [/tmp/binarydeb/ros-kinetic-roscpp-1.12.13/src/libros/service.cpp:80(service::exists) [topics: /rosout] waitForService: Service [/gazebo/set_physics_properties] has not been advertised, waiting...
932.791000000 INFO [/tmp/binarydeb/ros-kinetic-roscpp-1.12.13/src/libros/service.cpp:122(service::waitForService) [topics: /rosout, /clock, /gazebo/link_states, /gazebo/model_states] waitForService: Service [/gazebo/set_physics_properties] is now available.
932.815000000 INFO [/tmp/binarydeb/ros-kinetic-gazebo-ros-2.5.14/src/gazebo_ros_api_plugin.cpp:2083(GazeboRosApiPlugin::physicsReconfigureThread) [topics: /rosout, /clock, /gazebo/link_states, /gazebo/model_states, /gazebo/parameter_descriptions, /gazebo/parameter_updates] Physics dynamic reconfigure ready.
0.000000000 INFO [gazebo_interface.py:31(spawn_urdf_model_client) [topics: /clock, /rosout] Calling service /gazebo/spawn_urdf_model
933.012000000 INFO [gazebo_interface.py:33(spawn_urdf_model_client) [topics: /clock, /rosout] Spawn status: SpawnModel: Successfully spawned entity
933.012000000 INFO [/tmp/binarydeb/ros-kinetic-gazebo-plugins-2.5.14/include/gazebo_plugins/gazebo_ros_utils.h:95(__cxx11::string gazebo::GetRobotNamespace) [topics: /rosout, /clock, /gazebo/link_states, /gazebo/model_states, /gazebo/parameter_descriptions, /gazebo/parameter_updates] Laser Plugin: Using the 'robotNamespace' param: '/'
933.012000000 INFO [/tmp/binarydeb/ros-kinetic-gazebo-plugins-2.5.14/src/gazebo_ros_laser.cpp:111(GazeboRosLaser::Load) [topics: /rosout, /clock, /gazebo/link_states, /gazebo/model_states, /gazebo/parameter_descriptions, /gazebo/parameter_updates] Starting Laser Plugin (ns = /)
933.012000000 INFO [/tmp/binarydeb/ros-kinetic-gazebo-plugins-2.5.14/src/gazebo_ros_laser.cpp:135(GazeboRosLaser::LoadThread) [topics: /rosout, /clock, /gazebo/link_states, /gazebo/model_states, /gazebo/parameter_descriptions, /gazebo/parameter_updates] Laser Plugin (ns = /)  <tf_prefix_>, set to ""
933.012000000 INFO [/tmp/binarydeb/ros-kinetic-gazebo-plugins-2.5.14/src/gazebo_ros_utils.cpp:57(GazeboRos::readCommonParameter) [topics: /rosout, /clock, /gazebo/link_states, /gazebo/model_states, /gazebo/parameter_descriptions, /gazebo/parameter_updates, /scan] Starting plugin DiffDrive(ns = //)
933.012000000 INFO [/tmp/binarydeb/ros-kinetic-gazebo-plugins-2.5.14/src/gazebo_ros_utils.cpp:83(GazeboRos::readCommonParameter) [topics: /rosout, /clock, /gazebo/link_states, /gazebo/model_states, /gazebo/parameter_descriptions, /gazebo/parameter_updates, /scan] DiffDrive(ns = //): <rosDebugLevel> = na
933.012000000 INFO [/tmp/binarydeb/ros-kinetic-gazebo-plugins-2.5.14/src/gazebo_ros_utils.cpp:93(GazeboRos::readCommonParameter) [topics: /rosout, /clock, /gazebo/link_states, /gazebo/model_states, /gazebo/parameter_descriptions, /gazebo/parameter_updates, /scan] DiffDrive(ns = //): <tf_prefix> = 
933.012000000 INFO [/tmp/binarydeb/ros-kinetic-gazebo-plugins-2.5.14/src/gazebo_ros_diff_drive.cpp:152(GazeboRosDiffDrive::Load) [topics: /rosout, /clock, /gazebo/link_states, /gazebo/model_states, /gazebo/parameter_descriptions, /gazebo/parameter_updates, /scan, /joint_states] DiffDrive(ns = //): Advertise joint_states
933.012000000 INFO [/tmp/binarydeb/ros-kinetic-gazebo-plugins-2.5.14/src/gazebo_ros_diff_drive.cpp:158(GazeboRosDiffDrive::Load) [topics: /rosout, /clock, /gazebo/link_states, /gazebo/model_states, /gazebo/parameter_descriptions, /gazebo/parameter_updates, /scan, /joint_states, /tf] DiffDrive(ns = //): Try to subscribe to cmd_vel
933.012000000 INFO [/tmp/binarydeb/ros-kinetic-gazebo-plugins-2.5.14/src/gazebo_ros_diff_drive.cpp:166(GazeboRosDiffDrive::Load) [topics: /rosout, /clock, /gazebo/link_states, /gazebo/model_states, /gazebo/parameter_descriptions, /gazebo/parameter_updates, /scan, /joint_states, /tf] DiffDrive(ns = //): Subscribe to cmd_vel
933.012000000 INFO [/tmp/binarydeb/ros-kinetic-gazebo-plugins-2.5.14/src/gazebo_ros_diff_drive.cpp:171(GazeboRosDiffDrive::Load) [topics: /rosout, /clock, /gazebo/link_states, /gazebo/model_states, /gazebo/parameter_descriptions, /gazebo/parameter_updates, /scan, /joint_states, /tf, /odom] DiffDrive(ns = //): Advertise odom on odom 
967.157000000 INFO [/tmp/binarydeb/ros-kinetic-rviz-1.12.15/src/rviz/ogre_helpers/render_system.cpp:430(RenderWindow* rviz::RenderSystem::makeRenderWindow) [topics: /rosout] Stereo is NOT SUPPORTED
967.157000000 INFO [/tmp/binarydeb/ros-kinetic-rviz-1.12.15/src/rviz/ogre_helpers/render_system.cpp:211(RenderSystem::detectGlVersion) [topics: /rosout] OpenGl version: 3 (GLSL 1.3).
1433.572000000 WARN [/tmp/binarydeb/ros-kinetic-tf2-0.5.17/src/buffer_core.cpp:277() [topics: /rosout, /initialpose, /move_base_simple/goal, /clicked_point] TF_OLD_DATA ignoring data from the past for frame odom at time 2.80178e+09 according to authority unknown_publisher
Possible reasons are listed at http://wiki.ros.org/tf/Errors%20explained
1433.572000000 WARN [/tmp/binarydeb/ros-kinetic-tf2-0.5.17/src/buffer_core.cpp:277() [topics: /rosout, /initialpose, /move_base_simple/goal, /clicked_point] TF_OLD_DATA ignoring data from the past for frame odom at time 2.80178e+09 according to authority unknown_publisher
Possible reasons are listed at http://wiki.ros.org/tf/Errors%20explained
1433.623000000 WARN [/tmp/binarydeb/ros-kinetic-tf2-0.5.17/src/buffer_core.cpp:277() [topics: /rosout, /initialpose, /move_base_simple/goal, /clicked_point] TF_OLD_DATA ignoring data from the past for frame odom at time 2.80178e+09 according to authority unknown_publisher
Possible reasons are listed at http://wiki.ros.org/tf/Errors%20explained
1433.673000000 WARN [/tmp/binarydeb/ros-kinetic-tf2-0.5.17/src/buffer_core.cpp:277() [topics: /rosout, /initialpose, /move_base_simple/goal, /clicked_point] TF_OLD_DATA ignoring data from the past for frame odom at time 2.80178e+09 according to authority unknown_publisher
Possible reasons are listed at http://wiki.ros.org/tf/Errors%20explained
1433.722000000 WARN [/tmp/binarydeb/ros-kinetic-tf2-0.5.17/src/buffer_core.cpp:277() [topics: /rosout, /initialpose, /move_base_simple/goal, /clicked_point] TF_OLD_DATA ignoring data from the past for frame odom at time 2.80178e+09 according to authority unknown_publisher
Possible reasons are listed at http://wiki.ros.org/tf/Errors%20explained
1433.772000000 WARN [/tmp/binarydeb/ros-kinetic-tf2-0.5.17/src/buffer_core.cpp:277() [topics: /rosout, /initialpose, /move_base_simple/goal, /clicked_point] TF_OLD_DATA ignoring data from the past for frame odom at time 2.80178e+09 according to authority unknown_publisher
Possible reasons are listed at http://wiki.ros.org/tf/Errors%20explained
1433.822000000 WARN [/tmp/binarydeb/ros-kinetic-tf2-0.5.17/src/buffer_core.cpp:277() [topics: /rosout, /initialpose, /move_base_simple/goal, /clicked_point] TF_OLD_DATA ignoring data from the past for frame odom at time 2.80178e+09 according to authority unknown_publisher
Possible reasons are listed at http://wiki.ros.org/tf/Errors%20explained
1433.873000000 WARN [/tmp/binarydeb/ros-kinetic-tf2-0.5.17/src/buffer_core.cpp:277() [topics: /rosout, /initialpose, /move_base_simple/goal, /clicked_point] TF_OLD_DATA ignoring data from the past for frame odom at time 2.80178e+09 according to authority unknown_publisher
Possible reasons are listed at http://wiki.ros.org/tf/Errors%20explained
1433.923000000 WARN [/tmp/binarydeb/ros-kinetic-tf2-0.5.17/src/buffer_core.cpp:277() [topics: /rosout, /initialpose, /move_base_simple/goal, /clicked_point] TF_OLD_DATA ignoring data from the past for frame odom at time 2.80178e+09 according to authority unknown_publisher
Possible reasons are listed at http://wiki.ros.org/tf/Errors%20explained
1433.972000000 WARN [/tmp/binarydeb/ros-kinetic-tf2-0.5.17/src/buffer_core.cpp:277() [topics: /rosout, /initialpose, /move_base_simple/goal, /clicked_point] TF_OLD_DATA ignoring data from the past for frame odom at time 2.80178e+09 according to authority unknown_publisher
Possible reasons are listed at http://wiki.ros.org/tf/Errors%20explained
1434.026000000 WARN [/tmp/binarydeb/ros-kinetic-tf2-0.5.17/src/buffer_core.cpp:277() [topics: /rosout, /initialpose, /move_base_simple/goal, /clicked_point] TF_OLD_DATA ignoring data from the past for frame odom at time 2.80178e+09 according to authority unknown_publisher
Possible reasons are listed at http://wiki.ros.org/tf/Errors%20explained
1434.073000000 WARN [/tmp/binarydeb/ros-kinetic-tf2-0.5.17/src/buffer_core.cpp:277() [topics: /rosout, /initialpose, /move_base_simple/goal, /clicked_point] TF_OLD_DATA ignoring data from the past for frame odom at time 2.80178e+09 according to authority unknown_publisher
Possible reasons are listed at http://wiki.ros.org/tf/Errors%20explained
1434.122000000 WARN [/tmp/binarydeb/ros-kinetic-tf2-0.5.17/src/buffer_core.cpp:277() [topics: /rosout, /initialpose, /move_base_simple/goal, /clicked_point] TF_OLD_DATA ignoring data from the past for frame odom at time 2.80178e+09 according to authority unknown_publisher
Possible reasons are listed at http://wiki.ros.org/tf/Errors%20explained
1434.173000000 WARN [/tmp/binarydeb/ros-kinetic-tf2-0.5.17/src/buffer_core.cpp:277() [topics: /rosout, /initialpose, /move_base_simple/goal, /clicked_point] TF_OLD_DATA ignoring data from the past for frame odom at time 2.80178e+09 according to authority unknown_publisher
Possible reasons are listed at http://wiki.ros.org/tf/Errors%20explained
1434.222000000 WARN [/tmp/binarydeb/ros-kinetic-tf2-0.5.17/src/buffer_core.cpp:277() [topics: /rosout, /initialpose, /move_base_simple/goal, /clicked_point] TF_OLD_DATA ignoring data from the past for frame odom at time 2.80178e+09 according to authority unknown_publisher
Possible reasons are listed at http://wiki.ros.org/tf/Errors%20explained
1434.272000000 WARN [/tmp/binarydeb/ros-kinetic-tf2-0.5.17/src/buffer_core.cpp:277() [topics: /rosout, /initialpose, /move_base_simple/goal, /clicked_point] TF_OLD_DATA ignoring data from the past for frame odom at time 2.80178e+09 according to authority unknown_publisher
Possible reasons are listed at http://wiki.ros.org/tf/Errors%20explained
1434.323000000 WARN [/tmp/binarydeb/ros-kinetic-tf2-0.5.17/src/buffer_core.cpp:277() [topics: /rosout, /initialpose, /move_base_simple/goal, /clicked_point] TF_OLD_DATA ignoring data from the past for frame odom at time 2.80178e+09 according to authority unknown_publisher
Possible reasons are listed at http://wiki.ros.org/tf/Errors%20explained
1434.368000000 WARN [/tmp/binarydeb/ros-kinetic-tf2-0.5.17/src/buffer_core.cpp:277() [topics: /rosout, /initialpose, /move_base_simple/goal, /clicked_point] TF_OLD_DATA ignoring data from the past for frame odom at time 2.80178e+09 according to authority unknown_publisher
Possible reasons are listed at http://wiki.ros.org/tf/Errors%20explained
1434.422000000 WARN [/tmp/binarydeb/ros-kinetic-tf2-0.5.17/src/buffer_core.cpp:277() [topics: /rosout, /initialpose, /move_base_simple/goal, /clicked_point] TF_OLD_DATA ignoring data from the past for frame odom at time 2.80178e+09 according to authority unknown_publisher
Possible reasons are listed at http://wiki.ros.org/tf/Errors%20explained
1434.472000000 WARN [/tmp/binarydeb/ros-kinetic-tf2-0.5.17/src/buffer_core.cpp:277() [topics: /rosout, /initialpose, /move_base_simple/goal, /clicked_point] TF_OLD_DATA ignoring data from the past for frame odom at time 2.80178e+09 according to authority unknown_publisher
Possible reasons are listed at http://wiki.ros.org/tf/Errors%20explained
1434.522000000 WARN [/tmp/binarydeb/ros-kinetic-tf2-0.5.17/src/buffer_core.cpp:277() [topics: /rosout, /initialpose, /move_base_simple/goal, /clicked_point] TF_OLD_DATA ignoring data from the past for frame odom at time 2.80178e+09 according to authority unknown_publisher
Possible reasons are listed at http://wiki.ros.org/tf/Errors%20explained
1434.577000000 WARN [/tmp/binarydeb/ros-kinetic-tf2-0.5.17/src/buffer_core.cpp:277() [topics: /rosout, /initialpose, /move_base_simple/goal, /clicked_point] TF_OLD_DATA ignoring data from the past for frame odom at time 2.80178e+09 according to authority unknown_publisher
Possible reasons are listed at http://wiki.ros.org/tf/Errors%20explained
1434.623000000 WARN [/tmp/binarydeb/ros-kinetic-tf2-0.5.17/src/buffer_core.cpp:277() [topics: /rosout, /initialpose, /move_base_simple/goal, /clicked_point] TF_OLD_DATA ignoring data from the past for frame odom at time 2.80178e+09 according to authority unknown_publisher
Possible reasons are listed at http://wiki.ros.org/tf/Errors%20explained
1434.673000000 WARN [/tmp/binarydeb/ros-kinetic-tf2-0.5.17/src/buffer_core.cpp:277() [topics: /rosout, /initialpose, /move_base_simple/goal, /clicked_point] TF_OLD_DATA ignoring data from the past for frame odom at time 2.80178e+09 according to authority unknown_publisher
Possible reasons are listed at http://wiki.ros.org/tf/Errors%20explained
1434.725000000 WARN [/tmp/binarydeb/ros-kinetic-tf2-0.5.17/src/buffer_core.cpp:277() [topics: /rosout, /initialpose, /move_base_simple/goal, /clicked_point] TF_OLD_DATA ignoring data from the past for frame odom at time 2.80178e+09 according to authority unknown_publisher
Possible reasons are listed at http://wiki.ros.org/tf/Errors%20explained
1434.773000000 WARN [/tmp/binarydeb/ros-kinetic-tf2-0.5.17/src/buffer_core.cpp:277() [topics: /rosout, /initialpose, /move_base_simple/goal, /clicked_point] TF_OLD_DATA ignoring data from the past for frame odom at time 2.80178e+09 according to authority unknown_publisher
Possible reasons are listed at http://wiki.ros.org/tf/Errors%20explained
1434.823000000 WARN [/tmp/binarydeb/ros-kinetic-tf2-0.5.17/src/buffer_core.cpp:277() [topics: /rosout, /initialpose, /move_base_simple/goal, /clicked_point] TF_OLD_DATA ignoring data from the past for frame odom at time 2.80178e+09 according to authority unknown_publisher
Possible reasons are listed at http://wiki.ros.org/tf/Errors%20explained
1434.873000000 WARN [/tmp/binarydeb/ros-kinetic-tf2-0.5.17/src/buffer_core.cpp:277() [topics: /rosout, /initialpose, /move_base_simple/goal, /clicked_point] TF_OLD_DATA ignoring data from the past for frame odom at time 2.80178e+09 according to authority unknown_publisher
Possible reasons are listed at http://wiki.ros.org/tf/Errors%20explained
1434.924000000 WARN [/tmp/binarydeb/ros-kinetic-tf2-0.5.17/src/buffer_core.cpp:277() [topics: /rosout, /initialpose, /move_base_simple/goal, /clicked_point] TF_OLD_DATA ignoring data from the past for frame odom at time 2.80178e+09 according to authority unknown_publisher
Possible reasons are listed at http://wiki.ros.org/tf/Errors%20explained
1434.972000000 WARN [/tmp/binarydeb/ros-kinetic-tf2-0.5.17/src/buffer_core.cpp:277() [topics: /rosout, /initialpose, /move_base_simple/goal, /clicked_point] TF_OLD_DATA ignoring data from the past for frame odom at time 2.80178e+09 according to authority unknown_publisher
Possible reasons are listed at http://wiki.ros.org/tf/Errors%20explained
1435.023000000 WARN [/tmp/binarydeb/ros-kinetic-tf2-0.5.17/src/buffer_core.cpp:277() [topics: /rosout, /initialpose, /move_base_simple/goal, /clicked_point] TF_OLD_DATA ignoring data from the past for frame odom at time 2.80178e+09 according to authority unknown_publisher
Possible reasons are listed at http://wiki.ros.org/tf/Errors%20explained
1435.073000000 WARN [/tmp/binarydeb/ros-kinetic-tf2-0.5.17/src/buffer_core.cpp:277() [topics: /rosout, /initialpose, /move_base_simple/goal, /clicked_point] TF_OLD_DATA ignoring data from the past for frame odom at time 2.80178e+09 according to authority unknown_publisher
Possible reasons are listed at http://wiki.ros.org/tf/Errors%20explained
1435.123000000 WARN [/tmp/binarydeb/ros-kinetic-tf2-0.5.17/src/buffer_core.cpp:277() [topics: /rosout, /initialpose, /move_base_simple/goal, /clicked_point] TF_OLD_DATA ignoring data from the past for frame odom at time 2.80178e+09 according to authority unknown_publisher
Possible reasons are listed at http://wiki.ros.org/tf/Errors%20explained
1435.179000000 WARN [/tmp/binarydeb/ros-kinetic-tf2-0.5.17/src/buffer_core.cpp:277() [topics: /rosout, /initialpose, /move_base_simple/goal, /clicked_point] TF_OLD_DATA ignoring data from the past for frame odom at time 2.80178e+09 according to authority unknown_publisher
Possible reasons are listed at http://wiki.ros.org/tf/Errors%20explained
1435.223000000 WARN [/tmp/binarydeb/ros-kinetic-tf2-0.5.17/src/buffer_core.cpp:277() [topics: /rosout, /initialpose, /move_base_simple/goal, /clicked_point] TF_OLD_DATA ignoring data from the past for frame odom at time 2.80178e+09 according to authority unknown_publisher
Possible reasons are listed at http://wiki.ros.org/tf/Errors%20explained
1435.273000000 WARN [/tmp/binarydeb/ros-kinetic-tf2-0.5.17/src/buffer_core.cpp:277() [topics: /rosout, /initialpose, /move_base_simple/goal, /clicked_point] TF_OLD_DATA ignoring data from the past for frame odom at time 2.80178e+09 according to authority unknown_publisher
Possible reasons are listed at http://wiki.ros.org/tf/Errors%20explained
1435.338000000 WARN [/tmp/binarydeb/ros-kinetic-tf2-0.5.17/src/buffer_core.cpp:277() [topics: /rosout, /initialpose, /move_base_simple/goal, /clicked_point] TF_OLD_DATA ignoring data from the past for frame odom at time 2.80178e+09 according to authority unknown_publisher
Possible reasons are listed at http://wiki.ros.org/tf/Errors%20explained
1435.372000000 WARN [/tmp/binarydeb/ros-kinetic-tf2-0.5.17/src/buffer_core.cpp:277() [topics: /rosout, /initialpose, /move_base_simple/goal, /clicked_point] TF_OLD_DATA ignoring data from the past for frame odom at time 2.80178e+09 according to authority unknown_publisher
Possible reasons are listed at http://wiki.ros.org/tf/Errors%20explained
1435.422000000 WARN [/tmp/binarydeb/ros-kinetic-tf2-0.5.17/src/buffer_core.cpp:277() [topics: /rosout, /initialpose, /move_base_simple/goal, /clicked_point] TF_OLD_DATA ignoring data from the past for frame odom at time 2.80178e+09 according to authority unknown_publisher
Possible reasons are listed at http://wiki.ros.org/tf/Errors%20explained
1435.475000000 WARN [/tmp/binarydeb/ros-kinetic-tf2-0.5.17/src/buffer_core.cpp:277() [topics: /rosout, /initialpose, /move_base_simple/goal, /clicked_point] TF_OLD_DATA ignoring data from the past for frame odom at time 2.80178e+09 according to authority unknown_publisher
Possible reasons are listed at http://wiki.ros.org/tf/Errors%20explained
1435.522000000 WARN [/tmp/binarydeb/ros-kinetic-tf2-0.5.17/src/buffer_core.cpp:277() [topics: /rosout, /initialpose, /move_base_simple/goal, /clicked_point] TF_OLD_DATA ignoring data from the past for frame odom at time 2.80178e+09 according to authority unknown_publisher
Possible reasons are listed at http://wiki.ros.org/tf/Errors%20explained
1435.573000000 WARN [/tmp/binarydeb/ros-kinetic-tf2-0.5.17/src/buffer_core.cpp:277() [topics: /rosout, /initialpose, /move_base_simple/goal, /clicked_point] TF_OLD_DATA ignoring data from the past for frame odom at time 2.80178e+09 according to authority unknown_publisher
Possible reasons are listed at http://wiki.ros.org/tf/Errors%20explained
1435.622000000 WARN [/tmp/binarydeb/ros-kinetic-tf2-0.5.17/src/buffer_core.cpp:277() [topics: /rosout, /initialpose, /move_base_simple/goal, /clicked_point] TF_OLD_DATA ignoring data from the past for frame odom at time 2.80178e+09 according to authority unknown_publisher
Possible reasons are listed at http://wiki.ros.org/tf/Errors%20explained
1435.672000000 WARN [/tmp/binarydeb/ros-kinetic-tf2-0.5.17/src/buffer_core.cpp:277() [topics: /rosout, /initialpose, /move_base_simple/goal, /clicked_point] TF_OLD_DATA ignoring data from the past for frame odom at time 2.80178e+09 according to authority unknown_publisher
Possible reasons are listed at http://wiki.ros.org/tf/Errors%20explained
1435.723000000 WARN [/tmp/binarydeb/ros-kinetic-tf2-0.5.17/src/buffer_core.cpp:277() [topics: /rosout, /initialpose, /move_base_simple/goal, /clicked_point] TF_OLD_DATA ignoring data from the past for frame odom at time 2.80178e+09 according to authority unknown_publisher
Possible reasons are listed at http://wiki.ros.org/tf/Errors%20explained
1435.772000000 WARN [/tmp/binarydeb/ros-kinetic-tf2-0.5.17/src/buffer_core.cpp:277() [topics: /rosout, /initialpose, /move_base_simple/goal, /clicked_point] TF_OLD_DATA ignoring data from the past for frame odom at time 2.80178e+09 according to authority unknown_publisher
Possible reasons are listed at http://wiki.ros.org/tf/Errors%20explained
1435.822000000 WARN [/tmp/binarydeb/ros-kinetic-tf2-0.5.17/src/buffer_core.cpp:277() [topics: /rosout, /initialpose, /move_base_simple/goal, /clicked_point] TF_OLD_DATA ignoring data from the past for frame odom at time 2.80178e+09 according to authority unknown_publisher
Possible reasons are listed at http://wiki.ros.org/tf/Errors%20explained
1435.872000000 WARN [/tmp/binarydeb/ros-kinetic-tf2-0.5.17/src/buffer_core.cpp:277() [topics: /rosout, /initialpose, /move_base_simple/goal, /clicked_point] TF_OLD_DATA ignoring data from the past for frame odom at time 2.80178e+09 according to authority unknown_publisher
Possible reasons are listed at http://wiki.ros.org/tf/Errors%20explained
1435.922000000 WARN [/tmp/binarydeb/ros-kinetic-tf2-0.5.17/src/buffer_core.cpp:277() [topics: /rosout, /initialpose, /move_base_simple/goal, /clicked_point] TF_OLD_DATA ignoring data from the past for frame odom at time 2.80178e+09 according to authority unknown_publisher
Possible reasons are listed at http://wiki.ros.org/tf/Errors%20explained
1435.973000000 WARN [/tmp/binarydeb/ros-kinetic-tf2-0.5.17/src/buffer_core.cpp:277() [topics: /rosout, /initialpose, /move_base_simple/goal, /clicked_point] TF_OLD_DATA ignoring data from the past for frame odom at time 2.80178e+09 according to authority unknown_publisher
Possible reasons are listed at http://wiki.ros.org/tf/Errors%20explained
1436.023000000 WARN [/tmp/binarydeb/ros-kinetic-tf2-0.5.17/src/buffer_core.cpp:277() [topics: /rosout, /initialpose, /move_base_simple/goal, /clicked_point] TF_OLD_DATA ignoring data from the past for frame odom at time 2.80178e+09 according to authority unknown_publisher
Possible reasons are listed at http://wiki.ros.org/tf/Errors%20explained
1436.072000000 WARN [/tmp/binarydeb/ros-kinetic-tf2-0.5.17/src/buffer_core.cpp:277() [topics: /rosout, /initialpose, /move_base_simple/goal, /clicked_point] TF_OLD_DATA ignoring data from the past for frame odom at time 2.80178e+09 according to authority unknown_publisher
Possible reasons are listed at http://wiki.ros.org/tf/Errors%20explained
1436.123000000 WARN [/tmp/binarydeb/ros-kinetic-tf2-0.5.17/src/buffer_core.cpp:277() [topics: /rosout, /initialpose, /move_base_simple/goal, /clicked_point] TF_OLD_DATA ignoring data from the past for frame odom at time 2.80178e+09 according to authority unknown_publisher
Possible reasons are listed at http://wiki.ros.org/tf/Errors%20explained
1436.172000000 WARN [/tmp/binarydeb/ros-kinetic-tf2-0.5.17/src/buffer_core.cpp:277() [topics: /rosout, /initialpose, /move_base_simple/goal, /clicked_point] TF_OLD_DATA ignoring data from the past for frame odom at time 2.80178e+09 according to authority unknown_publisher
Possible reasons are listed at http://wiki.ros.org/tf/Errors%20explained
1436.222000000 WARN [/tmp/binarydeb/ros-kinetic-tf2-0.5.17/src/buffer_core.cpp:277() [topics: /rosout, /initialpose, /move_base_simple/goal, /clicked_point] TF_OLD_DATA ignoring data from the past for frame odom at time 2.80178e+09 according to authority unknown_publisher
Possible reasons are listed at http://wiki.ros.org/tf/Errors%20explained
1436.273000000 WARN [/tmp/binarydeb/ros-kinetic-tf2-0.5.17/src/buffer_core.cpp:277() [topics: /rosout, /initialpose, /move_base_simple/goal, /clicked_point] TF_OLD_DATA ignoring data from the past for frame odom at time 2.80178e+09 according to authority unknown_publisher
Possible reasons are listed at http://wiki.ros.org/tf/Errors%20explained
1436.322000000 WARN [/tmp/binarydeb/ros-kinetic-tf2-0.5.17/src/buffer_core.cpp:277() [topics: /rosout, /initialpose, /move_base_simple/goal, /clicked_point] TF_OLD_DATA ignoring data from the past for frame odom at time 2.80178e+09 according to authority unknown_publisher
Possible reasons are listed at http://wiki.ros.org/tf/Errors%20explained
1436.373000000 WARN [/tmp/binarydeb/ros-kinetic-tf2-0.5.17/src/buffer_core.cpp:277() [topics: /rosout, /initialpose, /move_base_simple/goal, /clicked_point] TF_OLD_DATA ignoring data from the past for frame odom at time 2.80178e+09 according to authority unknown_publisher
Possible reasons are listed at http://wiki.ros.org/tf/Errors%20explained
1436.423000000 WARN [/tmp/binarydeb/ros-kinetic-tf2-0.5.17/src/buffer_core.cpp:277() [topics: /rosout, /initialpose, /move_base_simple/goal, /clicked_point] TF_OLD_DATA ignoring data from the past for frame odom at time 2.80178e+09 according to authority unknown_publisher
Possible reasons are listed at http://wiki.ros.org/tf/Errors%20explained
1436.472000000 WARN [/tmp/binarydeb/ros-kinetic-tf2-0.5.17/src/buffer_core.cpp:277() [topics: /rosout, /initialpose, /move_base_simple/goal, /clicked_point] TF_OLD_DATA ignoring data from the past for frame odom at time 2.80178e+09 according to authority unknown_publisher
Possible reasons are listed at http://wiki.ros.org/tf/Errors%20explained
1436.522000000 WARN [/tmp/binarydeb/ros-kinetic-tf2-0.5.17/src/buffer_core.cpp:277() [topics: /rosout, /initialpose, /move_base_simple/goal, /clicked_point] TF_OLD_DATA ignoring data from the past for frame odom at time 2.80178e+09 according to authority unknown_publisher
Possible reasons are listed at http://wiki.ros.org/tf/Errors%20explained
1436.572000000 WARN [/tmp/binarydeb/ros-kinetic-tf2-0.5.17/src/buffer_core.cpp:277() [topics: /rosout, /initialpose, /move_base_simple/goal, /clicked_point] TF_OLD_DATA ignoring data from the past for frame odom at time 2.80178e+09 according to authority unknown_publisher
Possible reasons are listed at http://wiki.ros.org/tf/Errors%20explained
1436.624000000 WARN [/tmp/binarydeb/ros-kinetic-tf2-0.5.17/src/buffer_core.cpp:277() [topics: /rosout, /initialpose, /move_base_simple/goal, /clicked_point] TF_OLD_DATA ignoring data from the past for frame odom at time 2.80178e+09 according to authority unknown_publisher
Possible reasons are listed at http://wiki.ros.org/tf/Errors%20explained
1436.673000000 WARN [/tmp/binarydeb/ros-kinetic-tf2-0.5.17/src/buffer_core.cpp:277() [topics: /rosout, /initialpose, /move_base_simple/goal, /clicked_point] TF_OLD_DATA ignoring data from the past for frame odom at time 2.80178e+09 according to authority unknown_publisher
Possible reasons are listed at http://wiki.ros.org/tf/Errors%20explained
1436.723000000 WARN [/tmp/binarydeb/ros-kinetic-tf2-0.5.17/src/buffer_core.cpp:277() [topics: /rosout, /initialpose, /move_base_simple/goal, /clicked_point] TF_OLD_DATA ignoring data from the past for frame odom at time 2.80178e+09 according to authority unknown_publisher
Possible reasons are listed at http://wiki.ros.org/tf/Errors%20explained
1436.773000000 WARN [/tmp/binarydeb/ros-kinetic-tf2-0.5.17/src/buffer_core.cpp:277() [topics: /rosout, /initialpose, /move_base_simple/goal, /clicked_point] TF_OLD_DATA ignoring data from the past for frame odom at time 2.80178e+09 according to authority unknown_publisher
Possible reasons are listed at http://wiki.ros.org/tf/Errors%20explained
1436.823000000 WARN [/tmp/binarydeb/ros-kinetic-tf2-0.5.17/src/buffer_core.cpp:277() [topics: /rosout, /initialpose, /move_base_simple/goal, /clicked_point] TF_OLD_DATA ignoring data from the past for frame odom at time 2.80178e+09 according to authority unknown_publisher
Possible reasons are listed at http://wiki.ros.org/tf/Errors%20explained
1436.872000000 WARN [/tmp/binarydeb/ros-kinetic-tf2-0.5.17/src/buffer_core.cpp:277() [topics: /rosout, /initialpose, /move_base_simple/goal, /clicked_point] TF_OLD_DATA ignoring data from the past for frame odom at time 2.80178e+09 according to authority unknown_publisher
Possible reasons are listed at http://wiki.ros.org/tf/Errors%20explained
1436.922000000 WARN [/tmp/binarydeb/ros-kinetic-tf2-0.5.17/src/buffer_core.cpp:277() [topics: /rosout, /initialpose, /move_base_simple/goal, /clicked_point] TF_OLD_DATA ignoring data from the past for frame odom at time 2.80178e+09 according to authority unknown_publisher
Possible reasons are listed at http://wiki.ros.org/tf/Errors%20explained
1436.972000000 WARN [/tmp/binarydeb/ros-kinetic-tf2-0.5.17/src/buffer_core.cpp:277() [topics: /rosout, /initialpose, /move_base_simple/goal, /clicked_point] TF_OLD_DATA ignoring data from the past for frame odom at time 2.80178e+09 according to authority unknown_publisher
Possible reasons are listed at http://wiki.ros.org/tf/Errors%20explained
1437.022000000 WARN [/tmp/binarydeb/ros-kinetic-tf2-0.5.17/src/buffer_core.cpp:277() [topics: /rosout, /initialpose, /move_base_simple/goal, /clicked_point] TF_OLD_DATA ignoring data from the past for frame odom at time 2.80178e+09 according to authority unknown_publisher
Possible reasons are listed at http://wiki.ros.org/tf/Errors%20explained
1437.073000000 WARN [/tmp/binarydeb/ros-kinetic-tf2-0.5.17/src/buffer_core.cpp:277() [topics: /rosout, /initialpose, /move_base_simple/goal, /clicked_point] TF_OLD_DATA ignoring data from the past for frame odom at time 2.80178e+09 according to authority unknown_publisher
Possible reasons are listed at http://wiki.ros.org/tf/Errors%20explained
1437.122000000 WARN [/tmp/binarydeb/ros-kinetic-tf2-0.5.17/src/buffer_core.cpp:277() [topics: /rosout, /initialpose, /move_base_simple/goal, /clicked_point] TF_OLD_DATA ignoring data from the past for frame odom at time 2.80178e+09 according to authority unknown_publisher
Possible reasons are listed at http://wiki.ros.org/tf/Errors%20explained
1437.172000000 WARN [/tmp/binarydeb/ros-kinetic-tf2-0.5.17/src/buffer_core.cpp:277() [topics: /rosout, /initialpose, /move_base_simple/goal, /clicked_point] TF_OLD_DATA ignoring data from the past for frame odom at time 2.80178e+09 according to authority unknown_publisher
Possible reasons are listed at http://wiki.ros.org/tf/Errors%20explained
1437.222000000 WARN [/tmp/binarydeb/ros-kinetic-tf2-0.5.17/src/buffer_core.cpp:277() [topics: /rosout, /initialpose, /move_base_simple/goal, /clicked_point] TF_OLD_DATA ignoring data from the past for frame odom at time 2.80178e+09 according to authority unknown_publisher
Possible reasons are listed at http://wiki.ros.org/tf/Errors%20explained
1437.272000000 WARN [/tmp/binarydeb/ros-kinetic-tf2-0.5.17/src/buffer_core.cpp:277() [topics: /rosout, /initialpose, /move_base_simple/goal, /clicked_point] TF_OLD_DATA ignoring data from the past for frame odom at time 2.80178e+09 according to authority unknown_publisher
Possible reasons are listed at http://wiki.ros.org/tf/Errors%20explained
1437.323000000 WARN [/tmp/binarydeb/ros-kinetic-tf2-0.5.17/src/buffer_core.cpp:277() [topics: /rosout, /initialpose, /move_base_simple/goal, /clicked_point] TF_OLD_DATA ignoring data from the past for frame odom at time 2.80178e+09 according to authority unknown_publisher
Possible reasons are listed at http://wiki.ros.org/tf/Errors%20explained
1437.373000000 WARN [/tmp/binarydeb/ros-kinetic-tf2-0.5.17/src/buffer_core.cpp:277() [topics: /rosout, /initialpose, /move_base_simple/goal, /clicked_point] TF_OLD_DATA ignoring data from the past for frame odom at time 2.80178e+09 according to authority unknown_publisher
Possible reasons are listed at http://wiki.ros.org/tf/Errors%20explained
1437.423000000 WARN [/tmp/binarydeb/ros-kinetic-tf2-0.5.17/src/buffer_core.cpp:277() [topics: /rosout, /initialpose, /move_base_simple/goal, /clicked_point] TF_OLD_DATA ignoring data from the past for frame odom at time 2.80178e+09 according to authority unknown_publisher
Possible reasons are listed at http://wiki.ros.org/tf/Errors%20explained
1437.472000000 WARN [/tmp/binarydeb/ros-kinetic-tf2-0.5.17/src/buffer_core.cpp:277() [topics: /rosout, /initialpose, /move_base_simple/goal, /clicked_point] TF_OLD_DATA ignoring data from the past for frame odom at time 2.80178e+09 according to authority unknown_publisher
Possible reasons are listed at http://wiki.ros.org/tf/Errors%20explained
1437.523000000 WARN [/tmp/binarydeb/ros-kinetic-tf2-0.5.17/src/buffer_core.cpp:277() [topics: /rosout, /initialpose, /move_base_simple/goal, /clicked_point] TF_OLD_DATA ignoring data from the past for frame odom at time 2.80178e+09 according to authority unknown_publisher
Possible reasons are listed at http://wiki.ros.org/tf/Errors%20explained
1437.573000000 WARN [/tmp/binarydeb/ros-kinetic-tf2-0.5.17/src/buffer_core.cpp:277() [topics: /rosout, /initialpose, /move_base_simple/goal, /clicked_point] TF_OLD_DATA ignoring data from the past for frame odom at time 2.80178e+09 according to authority unknown_publisher
Possible reasons are listed at http://wiki.ros.org/tf/Errors%20explained
1437.622000000 WARN [/tmp/binarydeb/ros-kinetic-tf2-0.5.17/src/buffer_core.cpp:277() [topics: /rosout, /initialpose, /move_base_simple/goal, /clicked_point] TF_OLD_DATA ignoring data from the past for frame odom at time 2.80178e+09 according to authority unknown_publisher
Possible reasons are listed at http://wiki.ros.org/tf/Errors%20explained
1437.672000000 WARN [/tmp/binarydeb/ros-kinetic-tf2-0.5.17/src/buffer_core.cpp:277() [topics: /rosout, /initialpose, /move_base_simple/goal, /clicked_point] TF_OLD_DATA ignoring data from the past for frame odom at time 2.80178e+09 according to authority unknown_publisher
Possible reasons are listed at http://wiki.ros.org/tf/Errors%20explained
1437.723000000 WARN [/tmp/binarydeb/ros-kinetic-tf2-0.5.17/src/buffer_core.cpp:277() [topics: /rosout, /initialpose, /move_base_simple/goal, /clicked_point] TF_OLD_DATA ignoring data from the past for frame odom at time 2.80178e+09 according to authority unknown_publisher
Possible reasons are listed at http://wiki.ros.org/tf/Errors%20explained
1437.774000000 WARN [/tmp/binarydeb/ros-kinetic-tf2-0.5.17/src/buffer_core.cpp:277() [topics: /rosout, /initialpose, /move_base_simple/goal, /clicked_point] TF_OLD_DATA ignoring data from the past for frame odom at time 2.80178e+09 according to authority unknown_publisher
Possible reasons are listed at http://wiki.ros.org/tf/Errors%20explained
1437.822000000 WARN [/tmp/binarydeb/ros-kinetic-tf2-0.5.17/src/buffer_core.cpp:277() [topics: /rosout, /initialpose, /move_base_simple/goal, /clicked_point] TF_OLD_DATA ignoring data from the past for frame odom at time 2.80178e+09 according to authority unknown_publisher
Possible reasons are listed at http://wiki.ros.org/tf/Errors%20explained
1437.873000000 WARN [/tmp/binarydeb/ros-kinetic-tf2-0.5.17/src/buffer_core.cpp:277() [topics: /rosout, /initialpose, /move_base_simple/goal, /clicked_point] TF_OLD_DATA ignoring data from the past for frame odom at time 2.80178e+09 according to authority unknown_publisher
Possible reasons are listed at http://wiki.ros.org/tf/Errors%20explained
1437.922000000 WARN [/tmp/binarydeb/ros-kinetic-tf2-0.5.17/src/buffer_core.cpp:277() [topics: /rosout, /initialpose, /move_base_simple/goal, /clicked_point] TF_OLD_DATA ignoring data from the past for frame odom at time 2.80178e+09 according to authority unknown_publisher
Possible reasons are listed at http://wiki.ros.org/tf/Errors%20explained
1437.972000000 WARN [/tmp/binarydeb/ros-kinetic-tf2-0.5.17/src/buffer_core.cpp:277() [topics: /rosout, /initialpose, /move_base_simple/goal, /clicked_point] TF_OLD_DATA ignoring data from the past for frame odom at time 2.80178e+09 according to authority unknown_publisher
Possible reasons are listed at http://wiki.ros.org/tf/Errors%20explained
1438.022000000 WARN [/tmp/binarydeb/ros-kinetic-tf2-0.5.17/src/buffer_core.cpp:277() [topics: /rosout, /initialpose, /move_base_simple/goal, /clicked_point] TF_OLD_DATA ignoring data from the past for frame odom at time 2.80178e+09 according to authority unknown_publisher
Possible reasons are listed at http://wiki.ros.org/tf/Errors%20explained
1438.072000000 WARN [/tmp/binarydeb/ros-kinetic-tf2-0.5.17/src/buffer_core.cpp:277() [topics: /rosout, /initialpose, /move_base_simple/goal, /clicked_point] TF_OLD_DATA ignoring data from the past for frame odom at time 2.80178e+09 according to authority unknown_publisher
Possible reasons are listed at http://wiki.ros.org/tf/Errors%20explained
1438.122000000 WARN [/tmp/binarydeb/ros-kinetic-tf2-0.5.17/src/buffer_core.cpp:277() [topics: /rosout, /initialpose, /move_base_simple/goal, /clicked_point] TF_OLD_DATA ignoring data from the past for frame odom at time 2.80178e+09 according to authority unknown_publisher
Possible reasons are listed at http://wiki.ros.org/tf/Errors%20explained
1438.173000000 WARN [/tmp/binarydeb/ros-kinetic-tf2-0.5.17/src/buffer_core.cpp:277() [topics: /rosout, /initialpose, /move_base_simple/goal, /clicked_point] TF_OLD_DATA ignoring data from the past for frame odom at time 2.80178e+09 according to authority unknown_publisher
Possible reasons are listed at http://wiki.ros.org/tf/Errors%20explained
1438.222000000 WARN [/tmp/binarydeb/ros-kinetic-tf2-0.5.17/src/buffer_core.cpp:277() [topics: /rosout, /initialpose, /move_base_simple/goal, /clicked_point] TF_OLD_DATA ignoring data from the past for frame odom at time 2.80178e+09 according to authority unknown_publisher
Possible reasons are listed at http://wiki.ros.org/tf/Errors%20explained
1438.273000000 WARN [/tmp/binarydeb/ros-kinetic-tf2-0.5.17/src/buffer_core.cpp:277() [topics: /rosout, /initialpose, /move_base_simple/goal, /clicked_point] TF_OLD_DATA ignoring data from the past for frame odom at time 2.80178e+09 according to authority unknown_publisher
Possible reasons are listed at http://wiki.ros.org/tf/Errors%20explained
1438.323000000 WARN [/tmp/binarydeb/ros-kinetic-tf2-0.5.17/src/buffer_core.cpp:277() [topics: /rosout, /initialpose, /move_base_simple/goal, /clicked_point] TF_OLD_DATA ignoring data from the past for frame odom at time 2.80178e+09 according to authority unknown_publisher
Possible reasons are listed at http://wiki.ros.org/tf/Errors%20explained
1438.372000000 WARN [/tmp/binarydeb/ros-kinetic-tf2-0.5.17/src/buffer_core.cpp:277() [topics: /rosout, /initialpose, /move_base_simple/goal, /clicked_point] TF_OLD_DATA ignoring data from the past for frame odom at time 2.80178e+09 according to authority unknown_publisher
Possible reasons are listed at http://wiki.ros.org/tf/Errors%20explained
1438.423000000 WARN [/tmp/binarydeb/ros-kinetic-tf2-0.5.17/src/buffer_core.cpp:277() [topics: /rosout, /initialpose, /move_base_simple/goal, /clicked_point] TF_OLD_DATA ignoring data from the past for frame odom at time 2.80178e+09 according to authority unknown_publisher
Possible reasons are listed at http://wiki.ros.org/tf/Errors%20explained
1438.473000000 WARN [/tmp/binarydeb/ros-kinetic-tf2-0.5.17/src/buffer_core.cpp:277() [topics: /rosout, /initialpose, /move_base_simple/goal, /clicked_point] TF_OLD_DATA ignoring data from the past for frame odom at time 2.80178e+09 according to authority unknown_publisher
Possible reasons are listed at http://wiki.ros.org/tf/Errors%20explained
1438.523000000 WARN [/tmp/binarydeb/ros-kinetic-tf2-0.5.17/src/buffer_core.cpp:277() [topics: /rosout, /initialpose, /move_base_simple/goal, /clicked_point] TF_OLD_DATA ignoring data from the past for frame odom at time 2.80178e+09 according to authority unknown_publisher
Possible reasons are listed at http://wiki.ros.org/tf/Errors%20explained
1438.572000000 WARN [/tmp/binarydeb/ros-kinetic-tf2-0.5.17/src/buffer_core.cpp:277() [topics: /rosout, /initialpose, /move_base_simple/goal, /clicked_point] TF_OLD_DATA ignoring data from the past for frame odom at time 2.80178e+09 according to authority unknown_publisher
Possible reasons are listed at http://wiki.ros.org/tf/Errors%20explained
1438.622000000 WARN [/tmp/binarydeb/ros-kinetic-tf2-0.5.17/src/buffer_core.cpp:277() [topics: /rosout, /initialpose, /move_base_simple/goal, /clicked_point] TF_OLD_DATA ignoring data from the past for frame odom at time 2.80178e+09 according to authority unknown_publisher
Possible reasons are listed at http://wiki.ros.org/tf/Errors%20explained
1438.673000000 WARN [/tmp/binarydeb/ros-kinetic-tf2-0.5.17/src/buffer_core.cpp:277() [topics: /rosout, /initialpose, /move_base_simple/goal, /clicked_point] TF_OLD_DATA ignoring data from the past for frame odom at time 2.80178e+09 according to authority unknown_publisher
Possible reasons are listed at http://wiki.ros.org/tf/Errors%20explained
1438.722000000 WARN [/tmp/binarydeb/ros-kinetic-tf2-0.5.17/src/buffer_core.cpp:277() [topics: /rosout, /initialpose, /move_base_simple/goal, /clicked_point] TF_OLD_DATA ignoring data from the past for frame odom at time 2.80178e+09 according to authority unknown_publisher
Possible reasons are listed at http://wiki.ros.org/tf/Errors%20explained
1438.772000000 WARN [/tmp/binarydeb/ros-kinetic-tf2-0.5.17/src/buffer_core.cpp:277() [topics: /rosout, /initialpose, /move_base_simple/goal, /clicked_point] TF_OLD_DATA ignoring data from the past for frame odom at time 2.80178e+09 according to authority unknown_publisher
Possible reasons are listed at http://wiki.ros.org/tf/Errors%20explained
1438.832000000 WARN [/tmp/binarydeb/ros-kinetic-tf2-0.5.17/src/buffer_core.cpp:277() [topics: /rosout, /initialpose, /move_base_simple/goal, /clicked_point] TF_OLD_DATA ignoring data from the past for frame odom at time 2.80178e+09 according to authority unknown_publisher
Possible reasons are listed at http://wiki.ros.org/tf/Errors%20explained
1438.872000000 WARN [/tmp/binarydeb/ros-kinetic-tf2-0.5.17/src/buffer_core.cpp:277() [topics: /rosout, /initialpose, /move_base_simple/goal, /clicked_point] TF_OLD_DATA ignoring data from the past for frame odom at time 2.80178e+09 according to authority unknown_publisher
Possible reasons are listed at http://wiki.ros.org/tf/Errors%20explained
1438.923000000 WARN [/tmp/binarydeb/ros-kinetic-tf2-0.5.17/src/buffer_core.cpp:277() [topics: /rosout, /initialpose, /move_base_simple/goal, /clicked_point] TF_OLD_DATA ignoring data from the past for frame odom at time 2.80178e+09 according to authority unknown_publisher
Possible reasons are listed at http://wiki.ros.org/tf/Errors%20explained
1438.973000000 WARN [/tmp/binarydeb/ros-kinetic-tf2-0.5.17/src/buffer_core.cpp:277() [topics: /rosout, /initialpose, /move_base_simple/goal, /clicked_point] TF_OLD_DATA ignoring data from the past for frame odom at time 2.80178e+09 according to authority unknown_publisher
Possible reasons are listed at http://wiki.ros.org/tf/Errors%20explained
1439.023000000 WARN [/tmp/binarydeb/ros-kinetic-tf2-0.5.17/src/buffer_core.cpp:277() [topics: /rosout, /initialpose, /move_base_simple/goal, /clicked_point] TF_OLD_DATA ignoring data from the past for frame odom at time 2.80178e+09 according to authority unknown_publisher
Possible reasons are listed at http://wiki.ros.org/tf/Errors%20explained
1439.073000000 WARN [/tmp/binarydeb/ros-kinetic-tf2-0.5.17/src/buffer_core.cpp:277() [topics: /rosout, /initialpose, /move_base_simple/goal, /clicked_point] TF_OLD_DATA ignoring data from the past for frame odom at time 2.80178e+09 according to authority unknown_publisher
Possible reasons are listed at http://wiki.ros.org/tf/Errors%20explained
1439.122000000 WARN [/tmp/binarydeb/ros-kinetic-tf2-0.5.17/src/buffer_core.cpp:277() [topics: /rosout, /initialpose, /move_base_simple/goal, /clicked_point] TF_OLD_DATA ignoring data from the past for frame odom at time 2.80178e+09 according to authority unknown_publisher
Possible reasons are listed at http://wiki.ros.org/tf/Errors%20explained
1439.172000000 WARN [/tmp/binarydeb/ros-kinetic-tf2-0.5.17/src/buffer_core.cpp:277() [topics: /rosout, /initialpose, /move_base_simple/goal, /clicked_point] TF_OLD_DATA ignoring data from the past for frame odom at time 2.80178e+09 according to authority unknown_publisher
Possible reasons are listed at http://wiki.ros.org/tf/Errors%20explained
1439.224000000 WARN [/tmp/binarydeb/ros-kinetic-tf2-0.5.17/src/buffer_core.cpp:277() [topics: /rosout, /initialpose, /move_base_simple/goal, /clicked_point] TF_OLD_DATA ignoring data from the past for frame odom at time 2.80178e+09 according to authority unknown_publisher
Possible reasons are listed at http://wiki.ros.org/tf/Errors%20explained
1439.272000000 WARN [/tmp/binarydeb/ros-kinetic-tf2-0.5.17/src/buffer_core.cpp:277() [topics: /rosout, /initialpose, /move_base_simple/goal, /clicked_point] TF_OLD_DATA ignoring data from the past for frame odom at time 2.80178e+09 according to authority unknown_publisher
Possible reasons are listed at http://wiki.ros.org/tf/Errors%20explained
1439.323000000 WARN [/tmp/binarydeb/ros-kinetic-tf2-0.5.17/src/buffer_core.cpp:277() [topics: /rosout, /initialpose, /move_base_simple/goal, /clicked_point] TF_OLD_DATA ignoring data from the past for frame odom at time 2.80178e+09 according to authority unknown_publisher
Possible reasons are listed at http://wiki.ros.org/tf/Errors%20explained
1439.373000000 WARN [/tmp/binarydeb/ros-kinetic-tf2-0.5.17/src/buffer_core.cpp:277() [topics: /rosout, /initialpose, /move_base_simple/goal, /clicked_point] TF_OLD_DATA ignoring data from the past for frame odom at time 2.80178e+09 according to authority unknown_publisher
Possible reasons are listed at http://wiki.ros.org/tf/Errors%20explained
1439.423000000 WARN [/tmp/binarydeb/ros-kinetic-tf2-0.5.17/src/buffer_core.cpp:277() [topics: /rosout, /initialpose, /move_base_simple/goal, /clicked_point] TF_OLD_DATA ignoring data from the past for frame odom at time 2.80178e+09 according to authority unknown_publisher
Possible reasons are listed at http://wiki.ros.org/tf/Errors%20explained
1439.472000000 WARN [/tmp/binarydeb/ros-kinetic-tf2-0.5.17/src/buffer_core.cpp:277() [topics: /rosout, /initialpose, /move_base_simple/goal, /clicked_point] TF_OLD_DATA ignoring data from the past for frame odom at time 2.80178e+09 according to authority unknown_publisher
Possible reasons are listed at http://wiki.ros.org/tf/Errors%20explained
1439.522000000 WARN [/tmp/binarydeb/ros-kinetic-tf2-0.5.17/src/buffer_core.cpp:277() [topics: /rosout, /initialpose, /move_base_simple/goal, /clicked_point] TF_OLD_DATA ignoring data from the past for frame odom at time 2.80178e+09 according to authority unknown_publisher
Possible reasons are listed at http://wiki.ros.org/tf/Errors%20explained
1439.572000000 WARN [/tmp/binarydeb/ros-kinetic-tf2-0.5.17/src/buffer_core.cpp:277() [topics: /rosout, /initialpose, /move_base_simple/goal, /clicked_point] TF_OLD_DATA ignoring data from the past for frame odom at time 2.80178e+09 according to authority unknown_publisher
Possible reasons are listed at http://wiki.ros.org/tf/Errors%20explained
1439.622000000 WARN [/tmp/binarydeb/ros-kinetic-tf2-0.5.17/src/buffer_core.cpp:277() [topics: /rosout, /initialpose, /move_base_simple/goal, /clicked_point] TF_OLD_DATA ignoring data from the past for frame odom at time 2.80178e+09 according to authority unknown_publisher
Possible reasons are listed at http://wiki.ros.org/tf/Errors%20explained
1439.673000000 WARN [/tmp/binarydeb/ros-kinetic-tf2-0.5.17/src/buffer_core.cpp:277() [topics: /rosout, /initialpose, /move_base_simple/goal, /clicked_point] TF_OLD_DATA ignoring data from the past for frame odom at time 2.80178e+09 according to authority unknown_publisher
Possible reasons are listed at http://wiki.ros.org/tf/Errors%20explained
1439.722000000 WARN [/tmp/binarydeb/ros-kinetic-tf2-0.5.17/src/buffer_core.cpp:277() [topics: /rosout, /initialpose, /move_base_simple/goal, /clicked_point] TF_OLD_DATA ignoring data from the past for frame odom at time 2.80178e+09 according to authority unknown_publisher
Possible reasons are listed at http://wiki.ros.org/tf/Errors%20explained
1439.773000000 WARN [/tmp/binarydeb/ros-kinetic-tf2-0.5.17/src/buffer_core.cpp:277() [topics: /rosout, /initialpose, /move_base_simple/goal, /clicked_point] TF_OLD_DATA ignoring data from the past for frame odom at time 2.80178e+09 according to authority unknown_publisher
Possible reasons are listed at http://wiki.ros.org/tf/Errors%20explained
1439.823000000 WARN [/tmp/binarydeb/ros-kinetic-tf2-0.5.17/src/buffer_core.cpp:277() [topics: /rosout, /initialpose, /move_base_simple/goal, /clicked_point] TF_OLD_DATA ignoring data from the past for frame odom at time 2.80178e+09 according to authority unknown_publisher
Possible reasons are listed at http://wiki.ros.org/tf/Errors%20explained
1439.873000000 WARN [/tmp/binarydeb/ros-kinetic-tf2-0.5.17/src/buffer_core.cpp:277() [topics: /rosout, /initialpose, /move_base_simple/goal, /clicked_point] TF_OLD_DATA ignoring data from the past for frame odom at time 2.80178e+09 according to authority unknown_publisher
Possible reasons are listed at http://wiki.ros.org/tf/Errors%20explained
1439.923000000 WARN [/tmp/binarydeb/ros-kinetic-tf2-0.5.17/src/buffer_core.cpp:277() [topics: /rosout, /initialpose, /move_base_simple/goal, /clicked_point] TF_OLD_DATA ignoring data from the past for frame odom at time 2.80178e+09 according to authority unknown_publisher
Possible reasons are listed at http://wiki.ros.org/tf/Errors%20explained
1439.973000000 WARN [/tmp/binarydeb/ros-kinetic-tf2-0.5.17/src/buffer_core.cpp:277() [topics: /rosout, /initialpose, /move_base_simple/goal, /clicked_point] TF_OLD_DATA ignoring data from the past for frame odom at time 2.80178e+09 according to authority unknown_publisher
Possible reasons are listed at http://wiki.ros.org/tf/Errors%20explained
1440.022000000 WARN [/tmp/binarydeb/ros-kinetic-tf2-0.5.17/src/buffer_core.cpp:277() [topics: /rosout, /initialpose, /move_base_simple/goal, /clicked_point] TF_OLD_DATA ignoring data from the past for frame odom at time 2.80178e+09 according to authority unknown_publisher
Possible reasons are listed at http://wiki.ros.org/tf/Errors%20explained
1440.072000000 WARN [/tmp/binarydeb/ros-kinetic-tf2-0.5.17/src/buffer_core.cpp:277() [topics: /rosout, /initialpose, /move_base_simple/goal, /clicked_point] TF_OLD_DATA ignoring data from the past for frame odom at time 2.80178e+09 according to authority unknown_publisher
Possible reasons are listed at http://wiki.ros.org/tf/Errors%20explained
1440.123000000 WARN [/tmp/binarydeb/ros-kinetic-tf2-0.5.17/src/buffer_core.cpp:277() [topics: /rosout, /initialpose, /move_base_simple/goal, /clicked_point] TF_OLD_DATA ignoring data from the past for frame odom at time 2.80178e+09 according to authority unknown_publisher
Possible reasons are listed at http://wiki.ros.org/tf/Errors%20explained
1440.173000000 WARN [/tmp/binarydeb/ros-kinetic-tf2-0.5.17/src/buffer_core.cpp:277() [topics: /rosout, /initialpose, /move_base_simple/goal, /clicked_point] TF_OLD_DATA ignoring data from the past for frame odom at time 2.80178e+09 according to authority unknown_publisher
Possible reasons are listed at http://wiki.ros.org/tf/Errors%20explained
1440.222000000 WARN [/tmp/binarydeb/ros-kinetic-tf2-0.5.17/src/buffer_core.cpp:277() [topics: /rosout, /initialpose, /move_base_simple/goal, /clicked_point] TF_OLD_DATA ignoring data from the past for frame odom at time 2.80178e+09 according to authority unknown_publisher
Possible reasons are listed at http://wiki.ros.org/tf/Errors%20explained
1440.273000000 WARN [/tmp/binarydeb/ros-kinetic-tf2-0.5.17/src/buffer_core.cpp:277() [topics: /rosout, /initialpose, /move_base_simple/goal, /clicked_point] TF_OLD_DATA ignoring data from the past for frame odom at time 2.80178e+09 according to authority unknown_publisher
Possible reasons are listed at http://wiki.ros.org/tf/Errors%20explained
1440.323000000 WARN [/tmp/binarydeb/ros-kinetic-tf2-0.5.17/src/buffer_core.cpp:277() [topics: /rosout, /initialpose, /move_base_simple/goal, /clicked_point] TF_OLD_DATA ignoring data from the past for frame odom at time 2.80178e+09 according to authority unknown_publisher
Possible reasons are listed at http://wiki.ros.org/tf/Errors%20explained
1440.374000000 WARN [/tmp/binarydeb/ros-kinetic-tf2-0.5.17/src/buffer_core.cpp:277() [topics: /rosout, /initialpose, /move_base_simple/goal, /clicked_point] TF_OLD_DATA ignoring data from the past for frame odom at time 2.80178e+09 according to authority unknown_publisher
Possible reasons are listed at http://wiki.ros.org/tf/Errors%20explained
1440.423000000 WARN [/tmp/binarydeb/ros-kinetic-tf2-0.5.17/src/buffer_core.cpp:277() [topics: /rosout, /initialpose, /move_base_simple/goal, /clicked_point] TF_OLD_DATA ignoring data from the past for frame odom at time 2.80178e+09 according to authority unknown_publisher
Possible reasons are listed at http://wiki.ros.org/tf/Errors%20explained
1440.472000000 WARN [/tmp/binarydeb/ros-kinetic-tf2-0.5.17/src/buffer_core.cpp:277() [topics: /rosout, /initialpose, /move_base_simple/goal, /clicked_point] TF_OLD_DATA ignoring data from the past for frame odom at time 2.80178e+09 according to authority unknown_publisher
Possible reasons are listed at http://wiki.ros.org/tf/Errors%20explained
1440.523000000 WARN [/tmp/binarydeb/ros-kinetic-tf2-0.5.17/src/buffer_core.cpp:277() [topics: /rosout, /initialpose, /move_base_simple/goal, /clicked_point] TF_OLD_DATA ignoring data from the past for frame odom at time 2.80178e+09 according to authority unknown_publisher
Possible reasons are listed at http://wiki.ros.org/tf/Errors%20explained
1440.573000000 WARN [/tmp/binarydeb/ros-kinetic-tf2-0.5.17/src/buffer_core.cpp:277() [topics: /rosout, /initialpose, /move_base_simple/goal, /clicked_point] TF_OLD_DATA ignoring data from the past for frame odom at time 2.80178e+09 according to authority unknown_publisher
Possible reasons are listed at http://wiki.ros.org/tf/Errors%20explained
1440.622000000 WARN [/tmp/binarydeb/ros-kinetic-tf2-0.5.17/src/buffer_core.cpp:277() [topics: /rosout, /initialpose, /move_base_simple/goal, /clicked_point] TF_OLD_DATA ignoring data from the past for frame odom at time 2.80178e+09 according to authority unknown_publisher
Possible reasons are listed at http://wiki.ros.org/tf/Errors%20explained
1440.673000000 WARN [/tmp/binarydeb/ros-kinetic-tf2-0.5.17/src/buffer_core.cpp:277() [topics: /rosout, /initialpose, /move_base_simple/goal, /clicked_point] TF_OLD_DATA ignoring data from the past for frame odom at time 2.80178e+09 according to authority unknown_publisher
Possible reasons are listed at http://wiki.ros.org/tf/Errors%20explained
1440.728000000 WARN [/tmp/binarydeb/ros-kinetic-tf2-0.5.17/src/buffer_core.cpp:277() [topics: /rosout, /initialpose, /move_base_simple/goal, /clicked_point] TF_OLD_DATA ignoring data from the past for frame odom at time 2.80178e+09 according to authority unknown_publisher
Possible reasons are listed at http://wiki.ros.org/tf/Errors%20explained
1440.772000000 WARN [/tmp/binarydeb/ros-kinetic-tf2-0.5.17/src/buffer_core.cpp:277() [topics: /rosout, /initialpose, /move_base_simple/goal, /clicked_point] TF_OLD_DATA ignoring data from the past for frame odom at time 2.80178e+09 according to authority unknown_publisher
Possible reasons are listed at http://wiki.ros.org/tf/Errors%20explained
