[rospy.client][INFO] 2019-06-25 14:19:35,205: init_node, name[/mybot_spawn], pid[83407]
[xmlrpc][INFO] 2019-06-25 14:19:35,205: XML-RPC server binding to 0.0.0.0:0
[xmlrpc][INFO] 2019-06-25 14:19:35,206: Started XML-RPC server [http://dc5b429f784e:37201/]
[rospy.init][INFO] 2019-06-25 14:19:35,206: ROS Slave URI: [http://dc5b429f784e:37201/]
[rospy.impl.masterslave][INFO] 2019-06-25 14:19:35,206: _ready: http://dc5b429f784e:37201/
[xmlrpc][INFO] 2019-06-25 14:19:35,207: xml rpc node: starting XML-RPC server
[rospy.registration][INFO] 2019-06-25 14:19:35,207: Registering with master node http://localhost:11311
[rospy.init][INFO] 2019-06-25 14:19:35,306: registered with master
[rospy.rosout][INFO] 2019-06-25 14:19:35,307: initializing /rosout core topic
[rospy.rosout][INFO] 2019-06-25 14:19:35,309: connected to core topic /rosout
[rospy.simtime][INFO] 2019-06-25 14:19:35,310: initializing /clock core topic
[rospy.simtime][INFO] 2019-06-25 14:19:35,314: connected to core topic /clock
[rosout][INFO] 2019-06-25 14:19:35,318: Loading model XML from ros parameter
[rosout][INFO] 2019-06-25 14:19:35,320: Waiting for service /gazebo/spawn_urdf_model
[rosout][INFO] 2019-06-25 14:19:35,323: Calling service /gazebo/spawn_urdf_model
[rospy.internal][INFO] 2019-06-25 14:19:35,324: topic[/clock] adding connection to [http://dc5b429f784e:37337/], count 0
[rospy.internal][INFO] 2019-06-25 14:19:35,541: topic[/rosout] adding connection to [/rosout], count 0
[rosout][INFO] 2019-06-25 14:19:35,652: Spawn status: SpawnModel: Successfully spawned entity
[rospy.core][INFO] 2019-06-25 14:19:35,653: signal_shutdown [atexit]
[rospy.internal][INFO] 2019-06-25 14:19:35,656: topic[/rosout] removing connection to /rosout
[rospy.internal][INFO] 2019-06-25 14:19:35,656: topic[/clock] removing connection to http://dc5b429f784e:37337/
[rospy.impl.masterslave][INFO] 2019-06-25 14:19:35,656: atexit
