[rosmaster.main][INFO] 2019-06-28 14:18:56,815: initialization complete, waiting for shutdown
[rosmaster.main][INFO] 2019-06-28 14:18:56,815: Starting ROS Master Node
[xmlrpc][INFO] 2019-06-28 14:18:56,816: XML-RPC server binding to 0.0.0.0:11311
[xmlrpc][INFO] 2019-06-28 14:18:56,817: Started XML-RPC server [http://dc5b429f784e:11311/]
[xmlrpc][INFO] 2019-06-28 14:18:56,817: xml rpc node: starting XML-RPC server
[rosmaster.master][INFO] 2019-06-28 14:18:56,817: Master initialized: port[11311], uri[http://dc5b429f784e:11311/]
[rosmaster.master][INFO] 2019-06-28 14:18:56,823: +PARAM [/run_id] by /roslaunch
[rosmaster.master][INFO] 2019-06-28 14:18:56,824: +PARAM [/roslaunch/uris/host_dc5b429f784e__34863] by /roslaunch
[rosmaster.master][INFO] 2019-06-28 14:18:57,275: +PARAM [/rosversion] by /roslaunch
[rosmaster.master][INFO] 2019-06-28 14:18:57,275: +PARAM [/joint_state_publisher/use_gui] by /roslaunch
[rosmaster.master][INFO] 2019-06-28 14:18:57,275: +PARAM [/rosdistro] by /roslaunch
[rosmaster.master][INFO] 2019-06-28 14:18:57,276: +PARAM [/robot_description] by /roslaunch
[rosmaster.master][INFO] 2019-06-28 14:18:57,291: +SERVICE [/rosout/get_loggers] /rosout http://dc5b429f784e:46737/
[rosmaster.master][INFO] 2019-06-28 14:18:57,292: +SERVICE [/rosout/set_logger_level] /rosout http://dc5b429f784e:46737/
[rosmaster.master][INFO] 2019-06-28 14:18:57,294: +PUB [/rosout_agg] /rosout http://dc5b429f784e:46737/
[rosmaster.master][INFO] 2019-06-28 14:18:57,299: +SUB [/rosout] /rosout http://dc5b429f784e:46737/
[rosmaster.master][INFO] 2019-06-28 14:18:57,837: +PUB [/rosout] /robot_state_publisher http://dc5b429f784e:34573/
[rosmaster.master][INFO] 2019-06-28 14:18:57,838: +SERVICE [/robot_state_publisher/get_loggers] /robot_state_publisher http://dc5b429f784e:34573/
[rosmaster.master][INFO] 2019-06-28 14:18:57,839: +SERVICE [/robot_state_publisher/set_logger_level] /robot_state_publisher http://dc5b429f784e:34573/
[rosmaster.master][INFO] 2019-06-28 14:18:57,844: +PUB [/tf] /robot_state_publisher http://dc5b429f784e:34573/
[rosmaster.master][INFO] 2019-06-28 14:18:57,845: +PUB [/tf_static] /robot_state_publisher http://dc5b429f784e:34573/
[rosmaster.master][INFO] 2019-06-28 14:18:57,855: +SUB [/joint_states] /robot_state_publisher http://dc5b429f784e:34573/
[rosmaster.master][INFO] 2019-06-28 14:18:57,918: publisherUpdate[/rosout] -> http://dc5b429f784e:46737/ ['http://dc5b429f784e:34573/']
[rosmaster.master][INFO] 2019-06-28 14:18:57,920: publisherUpdate[/rosout] -> http://dc5b429f784e:46737/ ['http://dc5b429f784e:34573/']: sec=0.00, result=[1, '', 0]
[rosmaster.master][INFO] 2019-06-28 14:18:58,077: +PUB [/rosout] /joint_state_publisher http://dc5b429f784e:42623/
[rosmaster.master][INFO] 2019-06-28 14:18:58,081: +SERVICE [/joint_state_publisher/get_loggers] /joint_state_publisher http://dc5b429f784e:42623/
[rosmaster.master][INFO] 2019-06-28 14:18:58,082: +SERVICE [/joint_state_publisher/set_logger_level] /joint_state_publisher http://dc5b429f784e:42623/
[rosmaster.master][INFO] 2019-06-28 14:18:58,118: publisherUpdate[/rosout] -> http://dc5b429f784e:46737/ ['http://dc5b429f784e:34573/', 'http://dc5b429f784e:42623/']
[rosmaster.master][INFO] 2019-06-28 14:18:58,119: publisherUpdate[/rosout] -> http://dc5b429f784e:46737/ ['http://dc5b429f784e:34573/', 'http://dc5b429f784e:42623/']: sec=0.00, result=[1, '', 0]
[rosmaster.master][INFO] 2019-06-28 14:18:58,170: +PUB [/rosout] /rviz http://dc5b429f784e:40619/
[rosmaster.master][INFO] 2019-06-28 14:18:58,171: +SERVICE [/rviz/get_loggers] /rviz http://dc5b429f784e:40619/
[rosmaster.master][INFO] 2019-06-28 14:18:58,172: +SERVICE [/rviz/set_logger_level] /rviz http://dc5b429f784e:40619/
[rosmaster.master][INFO] 2019-06-28 14:18:58,191: +PUB [/joint_states] /joint_state_publisher http://dc5b429f784e:42623/
[rosmaster.master][INFO] 2019-06-28 14:18:58,219: publisherUpdate[/rosout] -> http://dc5b429f784e:46737/ ['http://dc5b429f784e:34573/', 'http://dc5b429f784e:42623/', 'http://dc5b429f784e:40619/']
[rosmaster.master][INFO] 2019-06-28 14:18:58,219: publisherUpdate[/joint_states] -> http://dc5b429f784e:34573/ ['http://dc5b429f784e:42623/']
[rosmaster.master][INFO] 2019-06-28 14:18:58,220: publisherUpdate[/rosout] -> http://dc5b429f784e:46737/ ['http://dc5b429f784e:34573/', 'http://dc5b429f784e:42623/', 'http://dc5b429f784e:40619/']: sec=0.00, result=[1, '', 0]
[rosmaster.master][INFO] 2019-06-28 14:18:58,221: publisherUpdate[/joint_states] -> http://dc5b429f784e:34573/ ['http://dc5b429f784e:42623/']: sec=0.00, result=[1, '', 0]
[rosmaster.master][INFO] 2019-06-28 14:18:58,363: +SUB [/tf] /rviz http://dc5b429f784e:40619/
[rosmaster.master][INFO] 2019-06-28 14:18:58,367: +SUB [/tf_static] /rviz http://dc5b429f784e:40619/
[rosmaster.master][INFO] 2019-06-28 14:18:58,395: +PUB [/initialpose] /rviz http://dc5b429f784e:40619/
[rosmaster.master][INFO] 2019-06-28 14:18:58,397: +PUB [/goal] /rviz http://dc5b429f784e:40619/
[rosmaster.master][INFO] 2019-06-28 14:18:58,400: -PUB [/goal] /rviz http://dc5b429f784e:40619/
[rosmaster.master][INFO] 2019-06-28 14:18:58,401: -PUB [/initialpose] /rviz http://dc5b429f784e:40619/
[rosmaster.master][INFO] 2019-06-28 14:18:58,404: +PUB [/initialpose] /rviz http://dc5b429f784e:40619/
[rosmaster.master][INFO] 2019-06-28 14:18:58,405: +PUB [/goal] /rviz http://dc5b429f784e:40619/
[rosmaster.master][INFO] 2019-06-28 14:18:58,406: +PUB [/move_base_simple/goal] /rviz http://dc5b429f784e:40619/
[rosmaster.master][INFO] 2019-06-28 14:18:58,407: -PUB [/goal] /rviz http://dc5b429f784e:40619/
[rosmaster.master][INFO] 2019-06-28 14:18:58,408: +PUB [/clicked_point] /rviz http://dc5b429f784e:40619/
[rosmaster.master][INFO] 2019-06-28 14:18:58,434: +SERVICE [/rviz/reload_shaders] /rviz http://dc5b429f784e:40619/
[rosmaster.master][INFO] 2019-06-28 14:21:58,532: -PUB [/clicked_point] /rviz http://dc5b429f784e:40619/
[rosmaster.master][INFO] 2019-06-28 14:21:58,534: -PUB [/move_base_simple/goal] /rviz http://dc5b429f784e:40619/
[rosmaster.master][INFO] 2019-06-28 14:21:58,535: -PUB [/initialpose] /rviz http://dc5b429f784e:40619/
[rosmaster.master][INFO] 2019-06-28 14:21:58,537: -SUB [/tf_static] /rviz http://dc5b429f784e:40619/
[rosmaster.master][INFO] 2019-06-28 14:21:58,538: -SUB [/tf] /rviz http://dc5b429f784e:40619/
[rosmaster.master][INFO] 2019-06-28 14:21:58,540: -SERVICE [/rviz/reload_shaders] /rviz rosrpc://dc5b429f784e:56675
[rosmaster.master][INFO] 2019-06-28 14:21:58,683: -PUB [/rosout] /rviz http://dc5b429f784e:40619/
[rosmaster.master][INFO] 2019-06-28 14:21:58,685: -SERVICE [/rviz/get_loggers] /rviz rosrpc://dc5b429f784e:56675
[rosmaster.master][INFO] 2019-06-28 14:21:58,686: -SERVICE [/rviz/set_logger_level] /rviz rosrpc://dc5b429f784e:56675
[rosmaster.master][INFO] 2019-06-28 14:21:58,762: publisherUpdate[/rosout] -> http://dc5b429f784e:46737/ ['http://dc5b429f784e:34573/', 'http://dc5b429f784e:42623/']
[rosmaster.master][INFO] 2019-06-28 14:21:58,763: publisherUpdate[/rosout] -> http://dc5b429f784e:46737/ ['http://dc5b429f784e:34573/', 'http://dc5b429f784e:42623/']: sec=0.00, result=[1, '', 0]
[rosmaster.master][INFO] 2019-06-28 14:21:59,661: -PUB [/rosout] /robot_state_publisher http://dc5b429f784e:34573/
[rosmaster.master][INFO] 2019-06-28 14:21:59,663: -PUB [/tf] /robot_state_publisher http://dc5b429f784e:34573/
[rosmaster.master][INFO] 2019-06-28 14:21:59,664: -PUB [/tf_static] /robot_state_publisher http://dc5b429f784e:34573/
[rosmaster.master][INFO] 2019-06-28 14:21:59,665: -SUB [/joint_states] /robot_state_publisher http://dc5b429f784e:34573/
[rosmaster.master][INFO] 2019-06-28 14:21:59,665: publisherUpdate[/rosout] -> http://dc5b429f784e:46737/ ['http://dc5b429f784e:42623/']
[rosmaster.master][INFO] 2019-06-28 14:21:59,666: publisherUpdate[/rosout] -> http://dc5b429f784e:46737/ ['http://dc5b429f784e:42623/']: sec=0.00, result=[1, '', 0]
[rosmaster.master][INFO] 2019-06-28 14:21:59,667: -SERVICE [/robot_state_publisher/get_loggers] /robot_state_publisher rosrpc://dc5b429f784e:47977
[rosmaster.master][INFO] 2019-06-28 14:21:59,668: -SERVICE [/robot_state_publisher/set_logger_level] /robot_state_publisher rosrpc://dc5b429f784e:47977
[rosmaster.master][INFO] 2019-06-28 14:22:01,893: +PARAM [/roslaunch/uris/host_dc5b429f784e__39531] by /roslaunch
[rosmaster.master][INFO] 2019-06-28 14:22:01,896: +PARAM [/rosversion] by /roslaunch
[rosmaster.master][INFO] 2019-06-28 14:22:01,896: +PARAM [/joint_state_publisher/use_gui] by /roslaunch
[rosmaster.master][INFO] 2019-06-28 14:22:01,897: +PARAM [/rosdistro] by /roslaunch
[rosmaster.master][INFO] 2019-06-28 14:22:01,897: +PARAM [/robot_description] by /roslaunch
[rosmaster.master][INFO] 2019-06-28 14:22:02,615: +PUB [/rosout] /robot_state_publisher http://dc5b429f784e:40095/
[rosmaster.master][INFO] 2019-06-28 14:22:02,616: +SERVICE [/robot_state_publisher/get_loggers] /robot_state_publisher http://dc5b429f784e:40095/
[rosmaster.master][INFO] 2019-06-28 14:22:02,617: +SERVICE [/robot_state_publisher/set_logger_level] /robot_state_publisher http://dc5b429f784e:40095/
[rosmaster.master][INFO] 2019-06-28 14:22:02,622: +PUB [/tf] /robot_state_publisher http://dc5b429f784e:40095/
[rosmaster.master][INFO] 2019-06-28 14:22:02,623: +PUB [/tf_static] /robot_state_publisher http://dc5b429f784e:40095/
[rosmaster.master][INFO] 2019-06-28 14:22:02,634: +SUB [/joint_states] /robot_state_publisher http://dc5b429f784e:40095/
[rosmaster.master][INFO] 2019-06-28 14:22:02,672: publisherUpdate[/rosout] -> http://dc5b429f784e:46737/ ['http://dc5b429f784e:42623/', 'http://dc5b429f784e:40095/']
[rosmaster.master][INFO] 2019-06-28 14:22:02,673: publisherUpdate[/rosout] -> http://dc5b429f784e:46737/ ['http://dc5b429f784e:42623/', 'http://dc5b429f784e:40095/']: sec=0.00, result=[1, '', 0]
[rosmaster.master][INFO] 2019-06-28 14:22:02,844: +PUB [/rosout] /joint_state_publisher http://dc5b429f784e:46853/
[rosmaster.master][INFO] 2019-06-28 14:22:02,847: +SERVICE [/joint_state_publisher/get_loggers] /joint_state_publisher http://dc5b429f784e:46853/
[rosmaster.master][INFO] 2019-06-28 14:22:02,849: +SERVICE [/joint_state_publisher/set_logger_level] /joint_state_publisher http://dc5b429f784e:46853/
[rosmaster.master][INFO] 2019-06-28 14:22:02,874: publisherUpdate[/rosout] -> http://dc5b429f784e:46737/ ['http://dc5b429f784e:40095/', 'http://dc5b429f784e:46853/']
[rosmaster.master][INFO] 2019-06-28 14:22:02,874: publisherUpdate[/rosout] -> http://dc5b429f784e:46737/ ['http://dc5b429f784e:40095/', 'http://dc5b429f784e:46853/']: sec=0.00, result=[1, '', 0]
[rosmaster.master][INFO] 2019-06-28 14:22:02,962: +PUB [/joint_states] /joint_state_publisher http://dc5b429f784e:46853/
[rosmaster.master][INFO] 2019-06-28 14:22:02,974: +PUB [/rosout] /rviz http://dc5b429f784e:34369/
[rosmaster.master][INFO] 2019-06-28 14:22:02,975: publisherUpdate[/joint_states] -> http://dc5b429f784e:40095/ ['http://dc5b429f784e:46853/']
[rosmaster.master][INFO] 2019-06-28 14:22:02,976: +SERVICE [/rviz/get_loggers] /rviz http://dc5b429f784e:34369/
[rosmaster.master][INFO] 2019-06-28 14:22:02,977: publisherUpdate[/joint_states] -> http://dc5b429f784e:40095/ ['http://dc5b429f784e:46853/']: sec=0.00, result=[1, '', 0]
[rosmaster.master][INFO] 2019-06-28 14:22:02,977: publisherUpdate[/rosout] -> http://dc5b429f784e:46737/ ['http://dc5b429f784e:40095/', 'http://dc5b429f784e:46853/', 'http://dc5b429f784e:34369/']
[rosmaster.master][INFO] 2019-06-28 14:22:02,978: +SERVICE [/rviz/set_logger_level] /rviz http://dc5b429f784e:34369/
[rosmaster.master][INFO] 2019-06-28 14:22:02,978: publisherUpdate[/rosout] -> http://dc5b429f784e:46737/ ['http://dc5b429f784e:40095/', 'http://dc5b429f784e:46853/', 'http://dc5b429f784e:34369/']: sec=0.00, result=[1, '', 0]
[rosmaster.master][INFO] 2019-06-28 14:22:03,152: +SUB [/tf] /rviz http://dc5b429f784e:34369/
[rosmaster.master][INFO] 2019-06-28 14:22:03,157: +SUB [/tf_static] /rviz http://dc5b429f784e:34369/
[rosmaster.master][INFO] 2019-06-28 14:22:03,185: +PUB [/initialpose] /rviz http://dc5b429f784e:34369/
[rosmaster.master][INFO] 2019-06-28 14:22:03,187: +PUB [/goal] /rviz http://dc5b429f784e:34369/
[rosmaster.master][INFO] 2019-06-28 14:22:03,190: -PUB [/goal] /rviz http://dc5b429f784e:34369/
[rosmaster.master][INFO] 2019-06-28 14:22:03,191: -PUB [/initialpose] /rviz http://dc5b429f784e:34369/
[rosmaster.master][INFO] 2019-06-28 14:22:03,195: +PUB [/initialpose] /rviz http://dc5b429f784e:34369/
[rosmaster.master][INFO] 2019-06-28 14:22:03,196: +PUB [/goal] /rviz http://dc5b429f784e:34369/
[rosmaster.master][INFO] 2019-06-28 14:22:03,197: +PUB [/move_base_simple/goal] /rviz http://dc5b429f784e:34369/
[rosmaster.master][INFO] 2019-06-28 14:22:03,198: -PUB [/goal] /rviz http://dc5b429f784e:34369/
[rosmaster.master][INFO] 2019-06-28 14:22:03,200: +PUB [/clicked_point] /rviz http://dc5b429f784e:34369/
[rosmaster.master][INFO] 2019-06-28 14:22:03,228: +SERVICE [/rviz/reload_shaders] /rviz http://dc5b429f784e:34369/
[rosmaster.master][INFO] 2019-06-28 14:23:56,495: -PUB [/clicked_point] /rviz http://dc5b429f784e:34369/
[rosmaster.master][INFO] 2019-06-28 14:23:56,496: -PUB [/move_base_simple/goal] /rviz http://dc5b429f784e:34369/
[rosmaster.master][INFO] 2019-06-28 14:23:56,497: -PUB [/initialpose] /rviz http://dc5b429f784e:34369/
[rosmaster.master][INFO] 2019-06-28 14:23:56,508: -SUB [/tf_static] /rviz http://dc5b429f784e:34369/
[rosmaster.master][INFO] 2019-06-28 14:23:56,509: -SUB [/tf] /rviz http://dc5b429f784e:34369/
[rosmaster.master][INFO] 2019-06-28 14:23:56,511: -SERVICE [/rviz/reload_shaders] /rviz rosrpc://dc5b429f784e:47031
[rosmaster.master][INFO] 2019-06-28 14:23:56,621: -PUB [/rosout] /rviz http://dc5b429f784e:34369/
[rosmaster.master][INFO] 2019-06-28 14:23:56,623: -SERVICE [/rviz/get_loggers] /rviz rosrpc://dc5b429f784e:47031
[rosmaster.master][INFO] 2019-06-28 14:23:56,625: -SERVICE [/rviz/set_logger_level] /rviz rosrpc://dc5b429f784e:47031
[rosmaster.master][INFO] 2019-06-28 14:23:56,655: publisherUpdate[/rosout] -> http://dc5b429f784e:46737/ ['http://dc5b429f784e:40095/', 'http://dc5b429f784e:46853/']
[rosmaster.master][INFO] 2019-06-28 14:23:56,656: publisherUpdate[/rosout] -> http://dc5b429f784e:46737/ ['http://dc5b429f784e:40095/', 'http://dc5b429f784e:46853/']: sec=0.00, result=[1, '', 0]
[rosmaster.master][INFO] 2019-06-28 14:23:57,904: -PUB [/rosout] /robot_state_publisher http://dc5b429f784e:40095/
[rosmaster.master][INFO] 2019-06-28 14:23:57,905: -PUB [/tf] /robot_state_publisher http://dc5b429f784e:40095/
[rosmaster.master][INFO] 2019-06-28 14:23:57,909: -PUB [/tf_static] /robot_state_publisher http://dc5b429f784e:40095/
[rosmaster.master][INFO] 2019-06-28 14:23:57,910: -SUB [/joint_states] /robot_state_publisher http://dc5b429f784e:40095/
[rosmaster.master][INFO] 2019-06-28 14:23:57,911: -SERVICE [/robot_state_publisher/get_loggers] /robot_state_publisher rosrpc://dc5b429f784e:34495
[rosmaster.master][INFO] 2019-06-28 14:23:57,913: -SERVICE [/robot_state_publisher/set_logger_level] /robot_state_publisher rosrpc://dc5b429f784e:34495
[rosmaster.master][INFO] 2019-06-28 14:23:57,919: publisherUpdate[/rosout] -> http://dc5b429f784e:46737/ ['http://dc5b429f784e:46853/']
[rosmaster.master][INFO] 2019-06-28 14:23:57,920: publisherUpdate[/rosout] -> http://dc5b429f784e:46737/ ['http://dc5b429f784e:46853/']: sec=0.00, result=[1, '', 0]
[rosmaster.master][INFO] 2019-06-28 14:23:59,843: +PARAM [/roslaunch/uris/host_dc5b429f784e__44755] by /roslaunch
[rosmaster.master][INFO] 2019-06-28 14:23:59,848: +PARAM [/rosversion] by /roslaunch
[rosmaster.master][INFO] 2019-06-28 14:23:59,848: +PARAM [/joint_state_publisher/use_gui] by /roslaunch
[rosmaster.master][INFO] 2019-06-28 14:23:59,848: +PARAM [/rosdistro] by /roslaunch
[rosmaster.master][INFO] 2019-06-28 14:23:59,848: +PARAM [/robot_description] by /roslaunch
[rosmaster.master][INFO] 2019-06-28 14:24:00,555: +PUB [/rosout] /robot_state_publisher http://dc5b429f784e:37173/
[rosmaster.master][INFO] 2019-06-28 14:24:00,556: +SERVICE [/robot_state_publisher/get_loggers] /robot_state_publisher http://dc5b429f784e:37173/
[rosmaster.master][INFO] 2019-06-28 14:24:00,557: +SERVICE [/robot_state_publisher/set_logger_level] /robot_state_publisher http://dc5b429f784e:37173/
[rosmaster.master][INFO] 2019-06-28 14:24:00,562: +PUB [/tf] /robot_state_publisher http://dc5b429f784e:37173/
[rosmaster.master][INFO] 2019-06-28 14:24:00,563: +PUB [/tf_static] /robot_state_publisher http://dc5b429f784e:37173/
[rosmaster.master][INFO] 2019-06-28 14:24:00,564: publisherUpdate[/rosout] -> http://dc5b429f784e:46737/ ['http://dc5b429f784e:46853/', 'http://dc5b429f784e:37173/']
[rosmaster.master][INFO] 2019-06-28 14:24:00,565: publisherUpdate[/rosout] -> http://dc5b429f784e:46737/ ['http://dc5b429f784e:46853/', 'http://dc5b429f784e:37173/']: sec=0.00, result=[1, '', 0]
[rosmaster.master][INFO] 2019-06-28 14:24:00,576: +SUB [/joint_states] /robot_state_publisher http://dc5b429f784e:37173/
[rosmaster.master][INFO] 2019-06-28 14:24:00,817: +PUB [/rosout] /joint_state_publisher http://dc5b429f784e:43971/
[rosmaster.master][INFO] 2019-06-28 14:24:00,821: +SERVICE [/joint_state_publisher/get_loggers] /joint_state_publisher http://dc5b429f784e:43971/
[rosmaster.master][INFO] 2019-06-28 14:24:00,822: +SERVICE [/joint_state_publisher/set_logger_level] /joint_state_publisher http://dc5b429f784e:43971/
[rosmaster.master][INFO] 2019-06-28 14:24:00,827: publisherUpdate[/rosout] -> http://dc5b429f784e:46737/ ['http://dc5b429f784e:37173/', 'http://dc5b429f784e:43971/']
[rosmaster.master][INFO] 2019-06-28 14:24:00,827: publisherUpdate[/rosout] -> http://dc5b429f784e:46737/ ['http://dc5b429f784e:37173/', 'http://dc5b429f784e:43971/']: sec=0.00, result=[1, '', 0]
[rosmaster.master][INFO] 2019-06-28 14:24:00,898: +PUB [/rosout] /rviz http://dc5b429f784e:38739/
[rosmaster.master][INFO] 2019-06-28 14:24:00,900: +SERVICE [/rviz/get_loggers] /rviz http://dc5b429f784e:38739/
[rosmaster.master][INFO] 2019-06-28 14:24:00,901: +SERVICE [/rviz/set_logger_level] /rviz http://dc5b429f784e:38739/
[rosmaster.master][INFO] 2019-06-28 14:24:00,928: publisherUpdate[/rosout] -> http://dc5b429f784e:46737/ ['http://dc5b429f784e:37173/', 'http://dc5b429f784e:43971/', 'http://dc5b429f784e:38739/']
[rosmaster.master][INFO] 2019-06-28 14:24:00,929: publisherUpdate[/rosout] -> http://dc5b429f784e:46737/ ['http://dc5b429f784e:37173/', 'http://dc5b429f784e:43971/', 'http://dc5b429f784e:38739/']: sec=0.00, result=[1, '', 0]
[rosmaster.master][INFO] 2019-06-28 14:24:00,948: +PUB [/joint_states] /joint_state_publisher http://dc5b429f784e:43971/
[rosmaster.master][INFO] 2019-06-28 14:24:00,968: publisherUpdate[/joint_states] -> http://dc5b429f784e:37173/ ['http://dc5b429f784e:43971/']
[rosmaster.master][INFO] 2019-06-28 14:24:00,969: publisherUpdate[/joint_states] -> http://dc5b429f784e:37173/ ['http://dc5b429f784e:43971/']: sec=0.00, result=[1, '', 0]
[rosmaster.master][INFO] 2019-06-28 14:24:01,117: +SUB [/tf] /rviz http://dc5b429f784e:38739/
[rosmaster.master][INFO] 2019-06-28 14:24:01,122: +SUB [/tf_static] /rviz http://dc5b429f784e:38739/
[rosmaster.master][INFO] 2019-06-28 14:24:01,151: +PUB [/initialpose] /rviz http://dc5b429f784e:38739/
[rosmaster.master][INFO] 2019-06-28 14:24:01,152: +PUB [/goal] /rviz http://dc5b429f784e:38739/
[rosmaster.master][INFO] 2019-06-28 14:24:01,155: -PUB [/goal] /rviz http://dc5b429f784e:38739/
[rosmaster.master][INFO] 2019-06-28 14:24:01,156: -PUB [/initialpose] /rviz http://dc5b429f784e:38739/
[rosmaster.master][INFO] 2019-06-28 14:24:01,159: +PUB [/initialpose] /rviz http://dc5b429f784e:38739/
[rosmaster.master][INFO] 2019-06-28 14:24:01,160: +PUB [/goal] /rviz http://dc5b429f784e:38739/
[rosmaster.master][INFO] 2019-06-28 14:24:01,162: +PUB [/move_base_simple/goal] /rviz http://dc5b429f784e:38739/
[rosmaster.master][INFO] 2019-06-28 14:24:01,164: -PUB [/goal] /rviz http://dc5b429f784e:38739/
[rosmaster.master][INFO] 2019-06-28 14:24:01,165: +PUB [/clicked_point] /rviz http://dc5b429f784e:38739/
[rosmaster.master][INFO] 2019-06-28 14:24:01,199: +SERVICE [/rviz/reload_shaders] /rviz http://dc5b429f784e:38739/
[rosmaster.master][INFO] 2019-06-28 14:24:42,009: -PUB [/clicked_point] /rviz http://dc5b429f784e:38739/
[rosmaster.master][INFO] 2019-06-28 14:24:42,010: -PUB [/move_base_simple/goal] /rviz http://dc5b429f784e:38739/
[rosmaster.master][INFO] 2019-06-28 14:24:42,011: -PUB [/initialpose] /rviz http://dc5b429f784e:38739/
[rosmaster.master][INFO] 2019-06-28 14:24:42,015: -SUB [/tf_static] /rviz http://dc5b429f784e:38739/
[rosmaster.master][INFO] 2019-06-28 14:24:42,016: -SUB [/tf] /rviz http://dc5b429f784e:38739/
[rosmaster.master][INFO] 2019-06-28 14:24:42,019: -SERVICE [/rviz/reload_shaders] /rviz rosrpc://dc5b429f784e:51039
[rosmaster.master][INFO] 2019-06-28 14:24:42,151: -PUB [/rosout] /rviz http://dc5b429f784e:38739/
[rosmaster.master][INFO] 2019-06-28 14:24:42,152: -SERVICE [/rviz/get_loggers] /rviz rosrpc://dc5b429f784e:51039
[rosmaster.master][INFO] 2019-06-28 14:24:42,153: publisherUpdate[/rosout] -> http://dc5b429f784e:46737/ ['http://dc5b429f784e:37173/', 'http://dc5b429f784e:43971/']
[rosmaster.master][INFO] 2019-06-28 14:24:42,153: -SERVICE [/rviz/set_logger_level] /rviz rosrpc://dc5b429f784e:51039
[rosmaster.master][INFO] 2019-06-28 14:24:42,154: publisherUpdate[/rosout] -> http://dc5b429f784e:46737/ ['http://dc5b429f784e:37173/', 'http://dc5b429f784e:43971/']: sec=0.00, result=[1, '', 0]
[rosmaster.master][INFO] 2019-06-28 14:24:43,343: -PUB [/rosout] /robot_state_publisher http://dc5b429f784e:37173/
[rosmaster.master][INFO] 2019-06-28 14:24:43,344: -PUB [/tf] /robot_state_publisher http://dc5b429f784e:37173/
[rosmaster.master][INFO] 2019-06-28 14:24:43,345: -PUB [/tf_static] /robot_state_publisher http://dc5b429f784e:37173/
[rosmaster.master][INFO] 2019-06-28 14:24:43,346: -SUB [/joint_states] /robot_state_publisher http://dc5b429f784e:37173/
[rosmaster.master][INFO] 2019-06-28 14:24:43,347: -SERVICE [/robot_state_publisher/get_loggers] /robot_state_publisher rosrpc://dc5b429f784e:58587
[rosmaster.master][INFO] 2019-06-28 14:24:43,348: -SERVICE [/robot_state_publisher/set_logger_level] /robot_state_publisher rosrpc://dc5b429f784e:58587
[rosmaster.master][INFO] 2019-06-28 14:24:43,357: publisherUpdate[/rosout] -> http://dc5b429f784e:46737/ ['http://dc5b429f784e:43971/']
[rosmaster.master][INFO] 2019-06-28 14:24:43,358: publisherUpdate[/rosout] -> http://dc5b429f784e:46737/ ['http://dc5b429f784e:43971/']: sec=0.00, result=[1, '', 0]
[rosmaster.master][INFO] 2019-06-28 14:24:45,460: +PARAM [/roslaunch/uris/host_dc5b429f784e__44955] by /roslaunch
[rosmaster.master][INFO] 2019-06-28 14:24:45,464: +PARAM [/rosversion] by /roslaunch
[rosmaster.master][INFO] 2019-06-28 14:24:45,464: +PARAM [/joint_state_publisher/use_gui] by /roslaunch
[rosmaster.master][INFO] 2019-06-28 14:24:45,464: +PARAM [/rosdistro] by /roslaunch
[rosmaster.master][INFO] 2019-06-28 14:24:45,464: +PARAM [/robot_description] by /roslaunch
[rosmaster.master][INFO] 2019-06-28 14:24:46,166: +PUB [/rosout] /robot_state_publisher http://dc5b429f784e:36199/
[rosmaster.master][INFO] 2019-06-28 14:24:46,167: +SERVICE [/robot_state_publisher/get_loggers] /robot_state_publisher http://dc5b429f784e:36199/
[rosmaster.master][INFO] 2019-06-28 14:24:46,168: +SERVICE [/robot_state_publisher/set_logger_level] /robot_state_publisher http://dc5b429f784e:36199/
[rosmaster.master][INFO] 2019-06-28 14:24:46,174: +PUB [/tf] /robot_state_publisher http://dc5b429f784e:36199/
[rosmaster.master][INFO] 2019-06-28 14:24:46,175: +PUB [/tf_static] /robot_state_publisher http://dc5b429f784e:36199/
[rosmaster.master][INFO] 2019-06-28 14:24:46,185: +SUB [/joint_states] /robot_state_publisher http://dc5b429f784e:36199/
[rosmaster.master][INFO] 2019-06-28 14:24:46,187: publisherUpdate[/rosout] -> http://dc5b429f784e:46737/ ['http://dc5b429f784e:43971/', 'http://dc5b429f784e:36199/']
[rosmaster.master][INFO] 2019-06-28 14:24:46,188: publisherUpdate[/rosout] -> http://dc5b429f784e:46737/ ['http://dc5b429f784e:43971/', 'http://dc5b429f784e:36199/']: sec=0.00, result=[1, '', 0]
[rosmaster.master][INFO] 2019-06-28 14:24:46,411: +PUB [/rosout] /joint_state_publisher http://dc5b429f784e:36841/
[rosmaster.master][INFO] 2019-06-28 14:24:46,415: +SERVICE [/joint_state_publisher/get_loggers] /joint_state_publisher http://dc5b429f784e:36841/
[rosmaster.master][INFO] 2019-06-28 14:24:46,417: +SERVICE [/joint_state_publisher/set_logger_level] /joint_state_publisher http://dc5b429f784e:36841/
[rosmaster.master][INFO] 2019-06-28 14:24:46,443: publisherUpdate[/rosout] -> http://dc5b429f784e:46737/ ['http://dc5b429f784e:36199/', 'http://dc5b429f784e:36841/']
[rosmaster.master][INFO] 2019-06-28 14:24:46,444: publisherUpdate[/rosout] -> http://dc5b429f784e:46737/ ['http://dc5b429f784e:36199/', 'http://dc5b429f784e:36841/']: sec=0.00, result=[1, '', 0]
[rosmaster.master][INFO] 2019-06-28 14:24:46,501: +PUB [/rosout] /rviz http://dc5b429f784e:35021/
[rosmaster.master][INFO] 2019-06-28 14:24:46,502: +SERVICE [/rviz/get_loggers] /rviz http://dc5b429f784e:35021/
[rosmaster.master][INFO] 2019-06-28 14:24:46,503: +SERVICE [/rviz/set_logger_level] /rviz http://dc5b429f784e:35021/
[rosmaster.master][INFO] 2019-06-28 14:24:46,533: +PUB [/joint_states] /joint_state_publisher http://dc5b429f784e:36841/
[rosmaster.master][INFO] 2019-06-28 14:24:46,544: publisherUpdate[/rosout] -> http://dc5b429f784e:46737/ ['http://dc5b429f784e:36199/', 'http://dc5b429f784e:36841/', 'http://dc5b429f784e:35021/']
[rosmaster.master][INFO] 2019-06-28 14:24:46,546: publisherUpdate[/rosout] -> http://dc5b429f784e:46737/ ['http://dc5b429f784e:36199/', 'http://dc5b429f784e:36841/', 'http://dc5b429f784e:35021/']: sec=0.00, result=[1, '', 0]
[rosmaster.master][INFO] 2019-06-28 14:24:46,547: publisherUpdate[/joint_states] -> http://dc5b429f784e:36199/ ['http://dc5b429f784e:36841/']
[rosmaster.master][INFO] 2019-06-28 14:24:46,548: publisherUpdate[/joint_states] -> http://dc5b429f784e:36199/ ['http://dc5b429f784e:36841/']: sec=0.00, result=[1, '', 0]
[rosmaster.master][INFO] 2019-06-28 14:24:46,723: +SUB [/tf] /rviz http://dc5b429f784e:35021/
[rosmaster.master][INFO] 2019-06-28 14:24:46,728: +SUB [/tf_static] /rviz http://dc5b429f784e:35021/
[rosmaster.master][INFO] 2019-06-28 14:24:46,756: +PUB [/initialpose] /rviz http://dc5b429f784e:35021/
[rosmaster.master][INFO] 2019-06-28 14:24:46,758: +PUB [/goal] /rviz http://dc5b429f784e:35021/
[rosmaster.master][INFO] 2019-06-28 14:24:46,761: -PUB [/goal] /rviz http://dc5b429f784e:35021/
[rosmaster.master][INFO] 2019-06-28 14:24:46,763: -PUB [/initialpose] /rviz http://dc5b429f784e:35021/
[rosmaster.master][INFO] 2019-06-28 14:24:46,768: +PUB [/initialpose] /rviz http://dc5b429f784e:35021/
[rosmaster.master][INFO] 2019-06-28 14:24:46,770: +PUB [/goal] /rviz http://dc5b429f784e:35021/
[rosmaster.master][INFO] 2019-06-28 14:24:46,771: +PUB [/move_base_simple/goal] /rviz http://dc5b429f784e:35021/
[rosmaster.master][INFO] 2019-06-28 14:24:46,772: -PUB [/goal] /rviz http://dc5b429f784e:35021/
[rosmaster.master][INFO] 2019-06-28 14:24:46,773: +PUB [/clicked_point] /rviz http://dc5b429f784e:35021/
[rosmaster.master][INFO] 2019-06-28 14:24:46,800: +SERVICE [/rviz/reload_shaders] /rviz http://dc5b429f784e:35021/
[rosmaster.master][INFO] 2019-06-28 14:25:46,890: -PUB [/clicked_point] /rviz http://dc5b429f784e:35021/
[rosmaster.master][INFO] 2019-06-28 14:25:46,891: -PUB [/move_base_simple/goal] /rviz http://dc5b429f784e:35021/
[rosmaster.master][INFO] 2019-06-28 14:25:46,892: -PUB [/initialpose] /rviz http://dc5b429f784e:35021/
[rosmaster.master][INFO] 2019-06-28 14:25:46,901: -SUB [/tf_static] /rviz http://dc5b429f784e:35021/
[rosmaster.master][INFO] 2019-06-28 14:25:46,902: -SUB [/tf] /rviz http://dc5b429f784e:35021/
[rosmaster.master][INFO] 2019-06-28 14:25:46,905: -SERVICE [/rviz/reload_shaders] /rviz rosrpc://dc5b429f784e:49289
[rosmaster.master][INFO] 2019-06-28 14:25:47,096: -PUB [/rosout] /rviz http://dc5b429f784e:35021/
[rosmaster.master][INFO] 2019-06-28 14:25:47,098: -SERVICE [/rviz/get_loggers] /rviz rosrpc://dc5b429f784e:49289
[rosmaster.master][INFO] 2019-06-28 14:25:47,099: -SERVICE [/rviz/set_logger_level] /rviz rosrpc://dc5b429f784e:49289
[rosmaster.master][INFO] 2019-06-28 14:25:47,147: publisherUpdate[/rosout] -> http://dc5b429f784e:46737/ ['http://dc5b429f784e:36199/', 'http://dc5b429f784e:36841/']
[rosmaster.master][INFO] 2019-06-28 14:25:47,148: publisherUpdate[/rosout] -> http://dc5b429f784e:46737/ ['http://dc5b429f784e:36199/', 'http://dc5b429f784e:36841/']: sec=0.00, result=[1, '', 0]
[rosmaster.master][INFO] 2019-06-28 14:25:48,692: -PUB [/rosout] /robot_state_publisher http://dc5b429f784e:36199/
[rosmaster.master][INFO] 2019-06-28 14:25:48,693: -PUB [/tf] /robot_state_publisher http://dc5b429f784e:36199/
[rosmaster.master][INFO] 2019-06-28 14:25:48,694: -PUB [/tf_static] /robot_state_publisher http://dc5b429f784e:36199/
[rosmaster.master][INFO] 2019-06-28 14:25:48,695: -SUB [/joint_states] /robot_state_publisher http://dc5b429f784e:36199/
[rosmaster.master][INFO] 2019-06-28 14:25:48,696: -SERVICE [/robot_state_publisher/get_loggers] /robot_state_publisher rosrpc://dc5b429f784e:50893
[rosmaster.master][INFO] 2019-06-28 14:25:48,697: -SERVICE [/robot_state_publisher/set_logger_level] /robot_state_publisher rosrpc://dc5b429f784e:50893
[rosmaster.master][INFO] 2019-06-28 14:25:48,751: publisherUpdate[/rosout] -> http://dc5b429f784e:46737/ ['http://dc5b429f784e:36841/']
[rosmaster.master][INFO] 2019-06-28 14:25:48,752: publisherUpdate[/rosout] -> http://dc5b429f784e:46737/ ['http://dc5b429f784e:36841/']: sec=0.00, result=[1, '', 0]
[rosmaster.master][INFO] 2019-06-28 14:25:54,643: +PARAM [/roslaunch/uris/host_dc5b429f784e__39169] by /roslaunch
[rosmaster.master][INFO] 2019-06-28 14:25:54,648: +PARAM [/rosversion] by /roslaunch
[rosmaster.master][INFO] 2019-06-28 14:25:54,648: +PARAM [/use_sim_time] by /roslaunch
[rosmaster.master][INFO] 2019-06-28 14:25:54,648: +PARAM [/rosdistro] by /roslaunch
[rosmaster.master][INFO] 2019-06-28 14:25:54,648: +PARAM [/robot_description] by /roslaunch
[rosmaster.master][INFO] 2019-06-28 14:25:55,609: +PUB [/rosout] /gazebo http://dc5b429f784e:42047/
[rosmaster.master][INFO] 2019-06-28 14:25:55,610: +SERVICE [/gazebo/get_loggers] /gazebo http://dc5b429f784e:42047/
[rosmaster.master][INFO] 2019-06-28 14:25:55,611: +SERVICE [/gazebo/set_logger_level] /gazebo http://dc5b429f784e:42047/
[rosmaster.master][INFO] 2019-06-28 14:25:55,617: +SUB [/clock] /gazebo http://dc5b429f784e:42047/
[rosmaster.master][INFO] 2019-06-28 14:25:55,674: publisherUpdate[/rosout] -> http://dc5b429f784e:46737/ ['http://dc5b429f784e:36841/', 'http://dc5b429f784e:42047/']
[rosmaster.master][INFO] 2019-06-28 14:25:55,675: publisherUpdate[/rosout] -> http://dc5b429f784e:46737/ ['http://dc5b429f784e:36841/', 'http://dc5b429f784e:42047/']: sec=0.00, result=[1, '', 0]
[rosmaster.master][INFO] 2019-06-28 14:25:55,926: +PUB [/clock] /gazebo http://dc5b429f784e:42047/
[rosmaster.master][INFO] 2019-06-28 14:25:55,927: +SERVICE [/gazebo/spawn_sdf_model] /gazebo http://dc5b429f784e:42047/
[rosmaster.master][INFO] 2019-06-28 14:25:55,928: +SERVICE [/gazebo/spawn_urdf_model] /gazebo http://dc5b429f784e:42047/
[rosmaster.master][INFO] 2019-06-28 14:25:55,929: +SERVICE [/gazebo/delete_model] /gazebo http://dc5b429f784e:42047/
[rosmaster.master][INFO] 2019-06-28 14:25:55,930: +SERVICE [/gazebo/delete_light] /gazebo http://dc5b429f784e:42047/
[rosmaster.master][INFO] 2019-06-28 14:25:55,931: +SERVICE [/gazebo/get_model_properties] /gazebo http://dc5b429f784e:42047/
[rosmaster.master][INFO] 2019-06-28 14:25:55,933: +SERVICE [/gazebo/get_model_state] /gazebo http://dc5b429f784e:42047/
[rosmaster.master][INFO] 2019-06-28 14:25:55,933: +SERVICE [/gazebo/get_world_properties] /gazebo http://dc5b429f784e:42047/
[rosmaster.master][INFO] 2019-06-28 14:25:55,934: +SERVICE [/gazebo/get_joint_properties] /gazebo http://dc5b429f784e:42047/
[rosmaster.master][INFO] 2019-06-28 14:25:55,936: +SERVICE [/gazebo/get_link_properties] /gazebo http://dc5b429f784e:42047/
[rosmaster.master][INFO] 2019-06-28 14:25:55,937: +SERVICE [/gazebo/get_link_state] /gazebo http://dc5b429f784e:42047/
[rosmaster.master][INFO] 2019-06-28 14:25:55,938: +SERVICE [/gazebo/get_light_properties] /gazebo http://dc5b429f784e:42047/
[rosmaster.master][INFO] 2019-06-28 14:25:55,939: +SERVICE [/gazebo/set_light_properties] /gazebo http://dc5b429f784e:42047/
[rosmaster.master][INFO] 2019-06-28 14:25:55,940: +SERVICE [/gazebo/get_physics_properties] /gazebo http://dc5b429f784e:42047/
[rosmaster.master][INFO] 2019-06-28 14:25:55,941: +PUB [/gazebo/link_states] /gazebo http://dc5b429f784e:42047/
[rosmaster.master][INFO] 2019-06-28 14:25:55,942: +PUB [/gazebo/model_states] /gazebo http://dc5b429f784e:42047/
[rosmaster.master][INFO] 2019-06-28 14:25:55,943: +SERVICE [/gazebo/set_link_properties] /gazebo http://dc5b429f784e:42047/
[rosmaster.master][INFO] 2019-06-28 14:25:55,943: +SERVICE [/gazebo/set_physics_properties] /gazebo http://dc5b429f784e:42047/
[rosmaster.master][INFO] 2019-06-28 14:25:55,944: +SERVICE [/gazebo/set_model_state] /gazebo http://dc5b429f784e:42047/
[rosmaster.master][INFO] 2019-06-28 14:25:55,945: +SERVICE [/gazebo/set_model_configuration] /gazebo http://dc5b429f784e:42047/
[rosmaster.master][INFO] 2019-06-28 14:25:55,946: +SERVICE [/gazebo/set_joint_properties] /gazebo http://dc5b429f784e:42047/
[rosmaster.master][INFO] 2019-06-28 14:25:55,947: +SERVICE [/gazebo/set_link_state] /gazebo http://dc5b429f784e:42047/
[rosmaster.master][INFO] 2019-06-28 14:25:55,952: +SUB [/gazebo/set_link_state] /gazebo http://dc5b429f784e:42047/
[rosmaster.master][INFO] 2019-06-28 14:25:55,957: +SUB [/gazebo/set_model_state] /gazebo http://dc5b429f784e:42047/
[rosmaster.master][INFO] 2019-06-28 14:25:55,959: +SERVICE [/gazebo/pause_physics] /gazebo http://dc5b429f784e:42047/
[rosmaster.master][INFO] 2019-06-28 14:25:55,960: +SERVICE [/gazebo/unpause_physics] /gazebo http://dc5b429f784e:42047/
[rosmaster.master][INFO] 2019-06-28 14:25:55,961: +SERVICE [/gazebo/apply_body_wrench] /gazebo http://dc5b429f784e:42047/
[rosmaster.master][INFO] 2019-06-28 14:25:55,962: +SERVICE [/gazebo/apply_joint_effort] /gazebo http://dc5b429f784e:42047/
[rosmaster.master][INFO] 2019-06-28 14:25:55,963: +SERVICE [/gazebo/clear_joint_forces] /gazebo http://dc5b429f784e:42047/
[rosmaster.master][INFO] 2019-06-28 14:25:55,964: +SERVICE [/gazebo/clear_body_wrenches] /gazebo http://dc5b429f784e:42047/
[rosmaster.master][INFO] 2019-06-28 14:25:55,965: +SERVICE [/gazebo/reset_simulation] /gazebo http://dc5b429f784e:42047/
[rosmaster.master][INFO] 2019-06-28 14:25:55,967: +SERVICE [/gazebo/reset_world] /gazebo http://dc5b429f784e:42047/
[rosmaster.master][INFO] 2019-06-28 14:25:55,975: publisherUpdate[/clock] -> http://dc5b429f784e:42047/ ['http://dc5b429f784e:42047/']
[rosmaster.master][INFO] 2019-06-28 14:25:55,976: publisherUpdate[/clock] -> http://dc5b429f784e:42047/ ['http://dc5b429f784e:42047/']: sec=0.00, result=[1, '', 0]
[rosmaster.master][INFO] 2019-06-28 14:25:56,651: +PUB [/rosout] /mybot_spawn http://dc5b429f784e:34375/
[rosmaster.master][INFO] 2019-06-28 14:25:56,656: +SUB [/clock] /mybot_spawn http://dc5b429f784e:34375/
[rosmaster.master][INFO] 2019-06-28 14:25:56,658: +SERVICE [/mybot_spawn/get_loggers] /mybot_spawn http://dc5b429f784e:34375/
[rosmaster.master][INFO] 2019-06-28 14:25:56,660: +SERVICE [/mybot_spawn/set_logger_level] /mybot_spawn http://dc5b429f784e:34375/
[rosmaster.master][INFO] 2019-06-28 14:25:56,676: publisherUpdate[/rosout] -> http://dc5b429f784e:46737/ ['http://dc5b429f784e:36841/', 'http://dc5b429f784e:42047/', 'http://dc5b429f784e:34375/']
[rosmaster.master][INFO] 2019-06-28 14:25:56,677: publisherUpdate[/rosout] -> http://dc5b429f784e:46737/ ['http://dc5b429f784e:36841/', 'http://dc5b429f784e:42047/', 'http://dc5b429f784e:34375/']: sec=0.00, result=[1, '', 0]
[rosmaster.master][INFO] 2019-06-28 14:25:57,133: -SUB [/clock] /mybot_spawn http://dc5b429f784e:34375/
[rosmaster.master][INFO] 2019-06-28 14:25:57,133: -PUB [/rosout] /mybot_spawn http://dc5b429f784e:34375/
[rosmaster.master][INFO] 2019-06-28 14:25:57,133: -SERVICE [/mybot_spawn/set_logger_level] /mybot_spawn rosrpc://dc5b429f784e:42377
[rosmaster.master][INFO] 2019-06-28 14:25:57,133: -SERVICE [/mybot_spawn/get_loggers] /mybot_spawn rosrpc://dc5b429f784e:42377
[rosmaster.master][ERROR] 2019-06-28 14:25:57,143: Traceback (most recent call last):
  File "/opt/ros/kinetic/lib/python2.7/dist-packages/rosmaster/master_api.py", line 177, in validated_f
    code, msg, val = f(*newArgs, **kwds)
  File "/opt/ros/kinetic/lib/python2.7/dist-packages/rosmaster/master_api.py", line 435, in searchParam
    search_key = self.param_server.search_param(caller_id, key)
  File "/opt/ros/kinetic/lib/python2.7/dist-packages/rosmaster/paramserver.py", line 116, in search_param
    raise ValueError("namespace must be global")
ValueError: namespace must be global

[rosmaster.master][INFO] 2019-06-28 14:25:57,145: +PUB [/m2wr/laser/scan] /gazebo http://dc5b429f784e:42047/
[rosmaster.master][INFO] 2019-06-28 14:25:57,178: publisherUpdate[/rosout] -> http://dc5b429f784e:46737/ ['http://dc5b429f784e:36841/', 'http://dc5b429f784e:42047/']
[rosmaster.master][INFO] 2019-06-28 14:25:57,179: publisherUpdate[/rosout] -> http://dc5b429f784e:46737/ ['http://dc5b429f784e:36841/', 'http://dc5b429f784e:42047/']: sec=0.00, result=[1, '', 0]
[rosmaster.master][ERROR] 2019-06-28 14:25:57,236: Traceback (most recent call last):
  File "/opt/ros/kinetic/lib/python2.7/dist-packages/rosmaster/master_api.py", line 177, in validated_f
    code, msg, val = f(*newArgs, **kwds)
  File "/opt/ros/kinetic/lib/python2.7/dist-packages/rosmaster/master_api.py", line 435, in searchParam
    search_key = self.param_server.search_param(caller_id, key)
  File "/opt/ros/kinetic/lib/python2.7/dist-packages/rosmaster/paramserver.py", line 116, in search_param
    raise ValueError("namespace must be global")
ValueError: namespace must be global

[rosmaster.master][INFO] 2019-06-28 14:25:57,237: +PUB [/joint_states] /gazebo http://dc5b429f784e:42047/
[rosmaster.master][INFO] 2019-06-28 14:25:57,239: +PUB [/tf] /gazebo http://dc5b429f784e:42047/
[rosmaster.master][INFO] 2019-06-28 14:25:57,244: +SUB [/cmd_vel] /gazebo http://dc5b429f784e:42047/
[rosmaster.master][INFO] 2019-06-28 14:25:57,245: +PUB [/odom] /gazebo http://dc5b429f784e:42047/
[rosmaster.master][INFO] 2019-06-28 14:26:05,091: +SERVICE [/gazebo/set_parameters] /gazebo http://dc5b429f784e:42047/
[rosmaster.master][INFO] 2019-06-28 14:26:05,093: +PUB [/gazebo/parameter_descriptions] /gazebo http://dc5b429f784e:42047/
[rosmaster.master][INFO] 2019-06-28 14:26:05,098: +PUB [/gazebo/parameter_updates] /gazebo http://dc5b429f784e:42047/
[rosmaster.master][INFO] 2019-06-28 14:26:05,116: +PARAM [/gazebo/time_step] by /gazebo
[rosmaster.master][INFO] 2019-06-28 14:26:05,117: +PARAM [/gazebo/max_update_rate] by /gazebo
[rosmaster.master][INFO] 2019-06-28 14:26:05,118: +PARAM [/gazebo/gravity_x] by /gazebo
[rosmaster.master][INFO] 2019-06-28 14:26:05,119: +PARAM [/gazebo/gravity_y] by /gazebo
[rosmaster.master][INFO] 2019-06-28 14:26:05,120: +PARAM [/gazebo/gravity_z] by /gazebo
[rosmaster.master][INFO] 2019-06-28 14:26:05,122: +PARAM [/gazebo/auto_disable_bodies] by /gazebo
[rosmaster.master][INFO] 2019-06-28 14:26:05,122: +PARAM [/gazebo/sor_pgs_precon_iters] by /gazebo
[rosmaster.master][INFO] 2019-06-28 14:26:05,123: +PARAM [/gazebo/sor_pgs_iters] by /gazebo
[rosmaster.master][INFO] 2019-06-28 14:26:05,124: +PARAM [/gazebo/sor_pgs_w] by /gazebo
[rosmaster.master][INFO] 2019-06-28 14:26:05,125: +PARAM [/gazebo/sor_pgs_rms_error_tol] by /gazebo
[rosmaster.master][INFO] 2019-06-28 14:26:05,126: +PARAM [/gazebo/cfm] by /gazebo
[rosmaster.master][INFO] 2019-06-28 14:26:05,127: +PARAM [/gazebo/erp] by /gazebo
[rosmaster.master][INFO] 2019-06-28 14:26:05,129: +PARAM [/gazebo/contact_surface_layer] by /gazebo
[rosmaster.master][INFO] 2019-06-28 14:26:05,131: +PARAM [/gazebo/contact_max_correcting_vel] by /gazebo
[rosmaster.master][INFO] 2019-06-28 14:26:05,134: +PARAM [/gazebo/max_contacts] by /gazebo
[rosmaster.master][INFO] 2019-06-28 14:26:05,140: +PARAM [/gazebo/time_step] by /gazebo
[rosmaster.master][INFO] 2019-06-28 14:26:05,142: +PARAM [/gazebo/max_update_rate] by /gazebo
[rosmaster.master][INFO] 2019-06-28 14:26:05,143: +PARAM [/gazebo/gravity_x] by /gazebo
[rosmaster.master][INFO] 2019-06-28 14:26:05,144: +PARAM [/gazebo/gravity_y] by /gazebo
[rosmaster.master][INFO] 2019-06-28 14:26:05,146: +PARAM [/gazebo/gravity_z] by /gazebo
[rosmaster.master][INFO] 2019-06-28 14:26:05,148: +PARAM [/gazebo/auto_disable_bodies] by /gazebo
[rosmaster.master][INFO] 2019-06-28 14:26:05,150: +PARAM [/gazebo/sor_pgs_precon_iters] by /gazebo
[rosmaster.master][INFO] 2019-06-28 14:26:05,151: +PARAM [/gazebo/sor_pgs_iters] by /gazebo
[rosmaster.master][INFO] 2019-06-28 14:26:05,153: +PARAM [/gazebo/sor_pgs_w] by /gazebo
[rosmaster.master][INFO] 2019-06-28 14:26:05,155: +PARAM [/gazebo/sor_pgs_rms_error_tol] by /gazebo
[rosmaster.master][INFO] 2019-06-28 14:26:05,157: +PARAM [/gazebo/cfm] by /gazebo
[rosmaster.master][INFO] 2019-06-28 14:26:05,158: +PARAM [/gazebo/erp] by /gazebo
[rosmaster.master][INFO] 2019-06-28 14:26:05,161: +PARAM [/gazebo/contact_surface_layer] by /gazebo
[rosmaster.master][INFO] 2019-06-28 14:26:05,163: +PARAM [/gazebo/contact_max_correcting_vel] by /gazebo
[rosmaster.master][INFO] 2019-06-28 14:26:05,164: +PARAM [/gazebo/max_contacts] by /gazebo
[rosmaster.master][INFO] 2019-06-28 14:26:34,950: +PUB [/cmd_vel] /teleop_twist_keyboard http://dc5b429f784e:40453/
[rosmaster.master][INFO] 2019-06-28 14:26:34,951: publisherUpdate[/cmd_vel] -> http://dc5b429f784e:42047/ ['http://dc5b429f784e:40453/']
[rosmaster.master][INFO] 2019-06-28 14:26:34,952: publisherUpdate[/cmd_vel] -> http://dc5b429f784e:42047/ ['http://dc5b429f784e:40453/']: sec=0.00, result=[1, '', 0]
[rosmaster.master][INFO] 2019-06-28 14:26:35,057: +PUB [/rosout] /teleop_twist_keyboard http://dc5b429f784e:40453/
[rosmaster.master][INFO] 2019-06-28 14:26:35,060: publisherUpdate[/rosout] -> http://dc5b429f784e:46737/ ['http://dc5b429f784e:36841/', 'http://dc5b429f784e:42047/', 'http://dc5b429f784e:40453/']
[rosmaster.master][INFO] 2019-06-28 14:26:35,064: publisherUpdate[/rosout] -> http://dc5b429f784e:46737/ ['http://dc5b429f784e:36841/', 'http://dc5b429f784e:42047/', 'http://dc5b429f784e:40453/']: sec=0.00, result=[1, '', 0]
[rosmaster.master][INFO] 2019-06-28 14:26:35,075: +SUB [/clock] /teleop_twist_keyboard http://dc5b429f784e:40453/
[rosmaster.master][INFO] 2019-06-28 14:26:35,078: +SERVICE [/teleop_twist_keyboard/get_loggers] /teleop_twist_keyboard http://dc5b429f784e:40453/
[rosmaster.master][INFO] 2019-06-28 14:26:35,085: +SERVICE [/teleop_twist_keyboard/set_logger_level] /teleop_twist_keyboard http://dc5b429f784e:40453/
[rosmaster.master][INFO] 2019-06-28 14:26:47,952: -SUB [/clock] /teleop_twist_keyboard http://dc5b429f784e:40453/
[rosmaster.master][INFO] 2019-06-28 14:26:47,953: -PUB [/rosout] /teleop_twist_keyboard http://dc5b429f784e:40453/
[rosmaster.master][INFO] 2019-06-28 14:26:47,954: -PUB [/cmd_vel] /teleop_twist_keyboard http://dc5b429f784e:40453/
[rosmaster.master][INFO] 2019-06-28 14:26:47,955: -SERVICE [/teleop_twist_keyboard/set_logger_level] /teleop_twist_keyboard rosrpc://dc5b429f784e:36687
[rosmaster.master][INFO] 2019-06-28 14:26:47,955: -SERVICE [/teleop_twist_keyboard/get_loggers] /teleop_twist_keyboard rosrpc://dc5b429f784e:36687
[rosmaster.master][INFO] 2019-06-28 14:26:47,983: publisherUpdate[/rosout] -> http://dc5b429f784e:46737/ ['http://dc5b429f784e:36841/', 'http://dc5b429f784e:42047/']
[rosmaster.master][INFO] 2019-06-28 14:26:47,984: publisherUpdate[/rosout] -> http://dc5b429f784e:46737/ ['http://dc5b429f784e:36841/', 'http://dc5b429f784e:42047/']: sec=0.00, result=[1, '', 0]
[rosmaster.master][INFO] 2019-06-28 14:26:47,984: publisherUpdate[/cmd_vel] -> http://dc5b429f784e:42047/ []
[rosmaster.master][INFO] 2019-06-28 14:26:47,985: publisherUpdate[/cmd_vel] -> http://dc5b429f784e:42047/ []: sec=0.00, result=[1, '', 0]
[rosmaster.master][INFO] 2019-06-28 14:28:26,352: -SUB [/gazebo/set_link_state] /gazebo http://dc5b429f784e:42047/
[rosmaster.master][INFO] 2019-06-28 14:28:26,353: -SUB [/gazebo/set_model_state] /gazebo http://dc5b429f784e:42047/
[rosmaster.master][INFO] 2019-06-28 14:28:26,353: -PUB [/clock] /gazebo http://dc5b429f784e:42047/
[rosmaster.master][INFO] 2019-06-28 14:28:26,355: -PUB [/gazebo/link_states] /gazebo http://dc5b429f784e:42047/
[rosmaster.master][INFO] 2019-06-28 14:28:26,356: -PUB [/gazebo/model_states] /gazebo http://dc5b429f784e:42047/
[rosmaster.master][INFO] 2019-06-28 14:28:26,357: -SERVICE [/gazebo/spawn_sdf_model] /gazebo rosrpc://dc5b429f784e:58081
[rosmaster.master][INFO] 2019-06-28 14:28:26,358: -SERVICE [/gazebo/spawn_urdf_model] /gazebo rosrpc://dc5b429f784e:58081
[rosmaster.master][INFO] 2019-06-28 14:28:26,359: -SERVICE [/gazebo/delete_model] /gazebo rosrpc://dc5b429f784e:58081
[rosmaster.master][INFO] 2019-06-28 14:28:26,360: -SERVICE [/gazebo/delete_light] /gazebo rosrpc://dc5b429f784e:58081
[rosmaster.master][INFO] 2019-06-28 14:28:26,361: -SERVICE [/gazebo/get_model_properties] /gazebo rosrpc://dc5b429f784e:58081
[rosmaster.master][INFO] 2019-06-28 14:28:26,362: -SERVICE [/gazebo/get_model_state] /gazebo rosrpc://dc5b429f784e:58081
[rosmaster.master][INFO] 2019-06-28 14:28:26,363: -SERVICE [/gazebo/get_world_properties] /gazebo rosrpc://dc5b429f784e:58081
[rosmaster.master][INFO] 2019-06-28 14:28:26,364: -SERVICE [/gazebo/get_joint_properties] /gazebo rosrpc://dc5b429f784e:58081
[rosmaster.master][INFO] 2019-06-28 14:28:26,365: -SERVICE [/gazebo/get_link_properties] /gazebo rosrpc://dc5b429f784e:58081
[rosmaster.master][INFO] 2019-06-28 14:28:26,365: -SERVICE [/gazebo/get_link_state] /gazebo rosrpc://dc5b429f784e:58081
[rosmaster.master][INFO] 2019-06-28 14:28:26,366: -SERVICE [/gazebo/get_light_properties] /gazebo rosrpc://dc5b429f784e:58081
[rosmaster.master][INFO] 2019-06-28 14:28:26,367: -SERVICE [/gazebo/set_light_properties] /gazebo rosrpc://dc5b429f784e:58081
[rosmaster.master][INFO] 2019-06-28 14:28:26,368: -SERVICE [/gazebo/get_physics_properties] /gazebo rosrpc://dc5b429f784e:58081
[rosmaster.master][INFO] 2019-06-28 14:28:26,370: -SERVICE [/gazebo/set_link_properties] /gazebo rosrpc://dc5b429f784e:58081
[rosmaster.master][INFO] 2019-06-28 14:28:26,371: -SERVICE [/gazebo/set_physics_properties] /gazebo rosrpc://dc5b429f784e:58081
[rosmaster.master][INFO] 2019-06-28 14:28:26,372: -SERVICE [/gazebo/set_model_state] /gazebo rosrpc://dc5b429f784e:58081
[rosmaster.master][INFO] 2019-06-28 14:28:26,373: -SERVICE [/gazebo/set_model_configuration] /gazebo rosrpc://dc5b429f784e:58081
[rosmaster.master][INFO] 2019-06-28 14:28:26,374: -SERVICE [/gazebo/set_joint_properties] /gazebo rosrpc://dc5b429f784e:58081
[rosmaster.master][INFO] 2019-06-28 14:28:26,375: -SERVICE [/gazebo/set_link_state] /gazebo rosrpc://dc5b429f784e:58081
[rosmaster.master][INFO] 2019-06-28 14:28:26,375: publisherUpdate[/clock] -> http://dc5b429f784e:42047/ []
[rosmaster.master][INFO] 2019-06-28 14:28:26,377: publisherUpdate[/clock] -> http://dc5b429f784e:42047/ []: sec=0.00, result=[1, '', 0]
[rosmaster.master][INFO] 2019-06-28 14:28:26,377: -SERVICE [/gazebo/pause_physics] /gazebo rosrpc://dc5b429f784e:58081
[rosmaster.master][INFO] 2019-06-28 14:28:26,378: -SERVICE [/gazebo/unpause_physics] /gazebo rosrpc://dc5b429f784e:58081
[rosmaster.master][INFO] 2019-06-28 14:28:26,380: -SERVICE [/gazebo/apply_body_wrench] /gazebo rosrpc://dc5b429f784e:58081
[rosmaster.master][INFO] 2019-06-28 14:28:26,381: -SERVICE [/gazebo/apply_joint_effort] /gazebo rosrpc://dc5b429f784e:58081
[rosmaster.master][INFO] 2019-06-28 14:28:26,382: -SERVICE [/gazebo/clear_joint_forces] /gazebo rosrpc://dc5b429f784e:58081
[rosmaster.master][INFO] 2019-06-28 14:28:26,383: -SERVICE [/gazebo/clear_body_wrenches] /gazebo rosrpc://dc5b429f784e:58081
[rosmaster.master][INFO] 2019-06-28 14:28:26,384: -SERVICE [/gazebo/reset_simulation] /gazebo rosrpc://dc5b429f784e:58081
[rosmaster.master][INFO] 2019-06-28 14:28:26,385: -SERVICE [/gazebo/reset_world] /gazebo rosrpc://dc5b429f784e:58081
[rosmaster.master][INFO] 2019-06-28 14:28:26,387: -PUB [/gazebo/parameter_descriptions] /gazebo http://dc5b429f784e:42047/
[rosmaster.master][INFO] 2019-06-28 14:28:26,388: -PUB [/gazebo/parameter_updates] /gazebo http://dc5b429f784e:42047/
[rosmaster.master][INFO] 2019-06-28 14:28:26,389: -SERVICE [/gazebo/set_parameters] /gazebo rosrpc://dc5b429f784e:58081
[rosmaster.master][INFO] 2019-06-28 14:28:28,208: +PARAM [/roslaunch/uris/host_dc5b429f784e__35229] by /roslaunch
[rosmaster.master][INFO] 2019-06-28 14:28:28,211: +PARAM [/rosversion] by /roslaunch
[rosmaster.master][INFO] 2019-06-28 14:28:28,211: +PARAM [/use_sim_time] by /roslaunch
[rosmaster.master][INFO] 2019-06-28 14:28:28,211: +PARAM [/rosdistro] by /roslaunch
[rosmaster.master][INFO] 2019-06-28 14:28:28,211: +PARAM [/robot_description] by /roslaunch
[rosmaster.master][INFO] 2019-06-28 14:28:30,242: +PUB [/rosout] /mybot_spawn http://dc5b429f784e:36589/
[rosmaster.master][INFO] 2019-06-28 14:28:30,247: +SUB [/clock] /mybot_spawn http://dc5b429f784e:36589/
[rosmaster.master][INFO] 2019-06-28 14:28:30,249: +SERVICE [/mybot_spawn/get_loggers] /mybot_spawn http://dc5b429f784e:36589/
[rosmaster.master][INFO] 2019-06-28 14:28:30,251: +SERVICE [/mybot_spawn/set_logger_level] /mybot_spawn http://dc5b429f784e:36589/
[rosmaster.master][INFO] 2019-06-28 14:28:30,285: publisherUpdate[/rosout] -> http://dc5b429f784e:46737/ ['http://dc5b429f784e:36841/', 'http://dc5b429f784e:42047/', 'http://dc5b429f784e:36589/']
[rosmaster.master][INFO] 2019-06-28 14:28:30,286: publisherUpdate[/rosout] -> http://dc5b429f784e:46737/ ['http://dc5b429f784e:36841/', 'http://dc5b429f784e:42047/', 'http://dc5b429f784e:36589/']: sec=0.00, result=[1, '', 0]
[rosmaster.master][INFO] 2019-06-28 14:28:30,816: -SUB [/clock] /mybot_spawn http://dc5b429f784e:36589/
[rosmaster.master][INFO] 2019-06-28 14:28:30,816: -PUB [/rosout] /mybot_spawn http://dc5b429f784e:36589/
[rosmaster.master][INFO] 2019-06-28 14:28:30,816: -SERVICE [/mybot_spawn/set_logger_level] /mybot_spawn rosrpc://dc5b429f784e:38241
[rosmaster.master][INFO] 2019-06-28 14:28:30,816: -SERVICE [/mybot_spawn/get_loggers] /mybot_spawn rosrpc://dc5b429f784e:38241
[rosmaster.master][INFO] 2019-06-28 14:28:30,831: publisherUpdate[/rosout] -> http://dc5b429f784e:46737/ ['http://dc5b429f784e:36841/', 'http://dc5b429f784e:42047/']
[rosmaster.master][INFO] 2019-06-28 14:28:30,832: publisherUpdate[/rosout] -> http://dc5b429f784e:46737/ ['http://dc5b429f784e:36841/', 'http://dc5b429f784e:42047/']: sec=0.00, result=[1, '', 0]
[rosmaster.master][INFO] 2019-06-28 14:28:34,989: +PARAM [/roslaunch/uris/host_dc5b429f784e__45141] by /roslaunch
[rosmaster.master][INFO] 2019-06-28 14:28:34,993: +PARAM [/rosversion] by /roslaunch
[rosmaster.master][INFO] 2019-06-28 14:28:34,993: +PARAM [/use_sim_time] by /roslaunch
[rosmaster.master][INFO] 2019-06-28 14:28:34,993: +PARAM [/rosdistro] by /roslaunch
[rosmaster.master][INFO] 2019-06-28 14:28:34,993: +PARAM [/robot_description] by /roslaunch
[rosmaster.master][INFO] 2019-06-28 14:28:36,008: +PUB [/rosout] /gazebo http://dc5b429f784e:45611/
[rosmaster.master][INFO] 2019-06-28 14:28:36,009: +SERVICE [/gazebo/get_loggers] /gazebo http://dc5b429f784e:45611/
[rosmaster.master][INFO] 2019-06-28 14:28:36,010: +SERVICE [/gazebo/set_logger_level] /gazebo http://dc5b429f784e:45611/
[rosmaster.master][INFO] 2019-06-28 14:28:36,019: +SUB [/clock] /gazebo http://dc5b429f784e:45611/
[rosmaster.master][INFO] 2019-06-28 14:28:36,027: publisherUpdate[/rosout] -> http://dc5b429f784e:46737/ ['http://dc5b429f784e:36841/', 'http://dc5b429f784e:45611/']
[rosmaster.master][INFO] 2019-06-28 14:28:36,028: publisherUpdate[/rosout] -> http://dc5b429f784e:46737/ ['http://dc5b429f784e:36841/', 'http://dc5b429f784e:45611/']: sec=0.00, result=[1, '', 0]
[rosmaster.master][INFO] 2019-06-28 14:28:36,364: +PUB [/clock] /gazebo http://dc5b429f784e:45611/
[rosmaster.master][INFO] 2019-06-28 14:28:36,366: +SERVICE [/gazebo/spawn_sdf_model] /gazebo http://dc5b429f784e:45611/
[rosmaster.master][INFO] 2019-06-28 14:28:36,367: +SERVICE [/gazebo/spawn_urdf_model] /gazebo http://dc5b429f784e:45611/
[rosmaster.master][INFO] 2019-06-28 14:28:36,369: +SERVICE [/gazebo/delete_model] /gazebo http://dc5b429f784e:45611/
[rosmaster.master][INFO] 2019-06-28 14:28:36,370: +SERVICE [/gazebo/delete_light] /gazebo http://dc5b429f784e:45611/
[rosmaster.master][INFO] 2019-06-28 14:28:36,371: +SERVICE [/gazebo/get_model_properties] /gazebo http://dc5b429f784e:45611/
[rosmaster.master][INFO] 2019-06-28 14:28:36,372: +SERVICE [/gazebo/get_model_state] /gazebo http://dc5b429f784e:45611/
[rosmaster.master][INFO] 2019-06-28 14:28:36,373: +SERVICE [/gazebo/get_world_properties] /gazebo http://dc5b429f784e:45611/
[rosmaster.master][INFO] 2019-06-28 14:28:36,374: +SERVICE [/gazebo/get_joint_properties] /gazebo http://dc5b429f784e:45611/
[rosmaster.master][INFO] 2019-06-28 14:28:36,375: +SERVICE [/gazebo/get_link_properties] /gazebo http://dc5b429f784e:45611/
[rosmaster.master][INFO] 2019-06-28 14:28:36,376: +SERVICE [/gazebo/get_link_state] /gazebo http://dc5b429f784e:45611/
[rosmaster.master][INFO] 2019-06-28 14:28:36,377: +SERVICE [/gazebo/get_light_properties] /gazebo http://dc5b429f784e:45611/
[rosmaster.master][INFO] 2019-06-28 14:28:36,378: +SERVICE [/gazebo/set_light_properties] /gazebo http://dc5b429f784e:45611/
[rosmaster.master][INFO] 2019-06-28 14:28:36,379: +SERVICE [/gazebo/get_physics_properties] /gazebo http://dc5b429f784e:45611/
[rosmaster.master][INFO] 2019-06-28 14:28:36,381: +PUB [/gazebo/link_states] /gazebo http://dc5b429f784e:45611/
[rosmaster.master][INFO] 2019-06-28 14:28:36,382: +PUB [/gazebo/model_states] /gazebo http://dc5b429f784e:45611/
[rosmaster.master][INFO] 2019-06-28 14:28:36,383: +SERVICE [/gazebo/set_link_properties] /gazebo http://dc5b429f784e:45611/
[rosmaster.master][INFO] 2019-06-28 14:28:36,383: +SERVICE [/gazebo/set_physics_properties] /gazebo http://dc5b429f784e:45611/
[rosmaster.master][INFO] 2019-06-28 14:28:36,384: +SERVICE [/gazebo/set_model_state] /gazebo http://dc5b429f784e:45611/
[rosmaster.master][INFO] 2019-06-28 14:28:36,385: +SERVICE [/gazebo/set_model_configuration] /gazebo http://dc5b429f784e:45611/
[rosmaster.master][INFO] 2019-06-28 14:28:36,386: +SERVICE [/gazebo/set_joint_properties] /gazebo http://dc5b429f784e:45611/
[rosmaster.master][INFO] 2019-06-28 14:28:36,388: +SERVICE [/gazebo/set_link_state] /gazebo http://dc5b429f784e:45611/
[rosmaster.master][INFO] 2019-06-28 14:28:36,393: +SUB [/gazebo/set_link_state] /gazebo http://dc5b429f784e:45611/
[rosmaster.master][INFO] 2019-06-28 14:28:36,398: +SUB [/gazebo/set_model_state] /gazebo http://dc5b429f784e:45611/
[rosmaster.master][INFO] 2019-06-28 14:28:36,399: +SERVICE [/gazebo/pause_physics] /gazebo http://dc5b429f784e:45611/
[rosmaster.master][INFO] 2019-06-28 14:28:36,400: +SERVICE [/gazebo/unpause_physics] /gazebo http://dc5b429f784e:45611/
[rosmaster.master][INFO] 2019-06-28 14:28:36,401: +SERVICE [/gazebo/apply_body_wrench] /gazebo http://dc5b429f784e:45611/
[rosmaster.master][INFO] 2019-06-28 14:28:36,402: +SERVICE [/gazebo/apply_joint_effort] /gazebo http://dc5b429f784e:45611/
[rosmaster.master][INFO] 2019-06-28 14:28:36,403: +SERVICE [/gazebo/clear_joint_forces] /gazebo http://dc5b429f784e:45611/
[rosmaster.master][INFO] 2019-06-28 14:28:36,405: +SERVICE [/gazebo/clear_body_wrenches] /gazebo http://dc5b429f784e:45611/
[rosmaster.master][INFO] 2019-06-28 14:28:36,406: publisherUpdate[/clock] -> http://dc5b429f784e:45611/ ['http://dc5b429f784e:45611/']
[rosmaster.master][INFO] 2019-06-28 14:28:36,407: +SERVICE [/gazebo/reset_simulation] /gazebo http://dc5b429f784e:45611/
[rosmaster.master][INFO] 2019-06-28 14:28:36,408: publisherUpdate[/clock] -> http://dc5b429f784e:45611/ ['http://dc5b429f784e:45611/']: sec=0.00, result=[1, '', 0]
[rosmaster.master][INFO] 2019-06-28 14:28:36,409: +SERVICE [/gazebo/reset_world] /gazebo http://dc5b429f784e:45611/
[rosmaster.master][INFO] 2019-06-28 14:28:37,010: +PUB [/rosout] /mybot_spawn http://dc5b429f784e:37731/
[rosmaster.master][INFO] 2019-06-28 14:28:37,021: +SUB [/clock] /mybot_spawn http://dc5b429f784e:37731/
[rosmaster.master][INFO] 2019-06-28 14:28:37,024: +SERVICE [/mybot_spawn/get_loggers] /mybot_spawn http://dc5b429f784e:37731/
[rosmaster.master][INFO] 2019-06-28 14:28:37,025: +SERVICE [/mybot_spawn/set_logger_level] /mybot_spawn http://dc5b429f784e:37731/
[rosmaster.master][INFO] 2019-06-28 14:28:37,030: publisherUpdate[/rosout] -> http://dc5b429f784e:46737/ ['http://dc5b429f784e:36841/', 'http://dc5b429f784e:45611/', 'http://dc5b429f784e:37731/']
[rosmaster.master][INFO] 2019-06-28 14:28:37,031: publisherUpdate[/rosout] -> http://dc5b429f784e:46737/ ['http://dc5b429f784e:36841/', 'http://dc5b429f784e:45611/', 'http://dc5b429f784e:37731/']: sec=0.00, result=[1, '', 0]
[rosmaster.master][INFO] 2019-06-28 14:28:37,390: -SUB [/clock] /mybot_spawn http://dc5b429f784e:37731/
[rosmaster.master][INFO] 2019-06-28 14:28:37,390: -PUB [/rosout] /mybot_spawn http://dc5b429f784e:37731/
[rosmaster.master][INFO] 2019-06-28 14:28:37,390: -SERVICE [/mybot_spawn/set_logger_level] /mybot_spawn rosrpc://dc5b429f784e:38569
[rosmaster.master][INFO] 2019-06-28 14:28:37,390: -SERVICE [/mybot_spawn/get_loggers] /mybot_spawn rosrpc://dc5b429f784e:38569
[rosmaster.master][ERROR] 2019-06-28 14:28:37,399: Traceback (most recent call last):
  File "/opt/ros/kinetic/lib/python2.7/dist-packages/rosmaster/master_api.py", line 177, in validated_f
    code, msg, val = f(*newArgs, **kwds)
  File "/opt/ros/kinetic/lib/python2.7/dist-packages/rosmaster/master_api.py", line 435, in searchParam
    search_key = self.param_server.search_param(caller_id, key)
  File "/opt/ros/kinetic/lib/python2.7/dist-packages/rosmaster/paramserver.py", line 116, in search_param
    raise ValueError("namespace must be global")
ValueError: namespace must be global

[rosmaster.master][INFO] 2019-06-28 14:28:37,401: +PUB [/m2wr/laser/scan] /gazebo http://dc5b429f784e:45611/
[rosmaster.master][INFO] 2019-06-28 14:28:37,414: publisherUpdate[/rosout] -> http://dc5b429f784e:46737/ ['http://dc5b429f784e:36841/', 'http://dc5b429f784e:45611/']
[rosmaster.master][INFO] 2019-06-28 14:28:37,415: publisherUpdate[/rosout] -> http://dc5b429f784e:46737/ ['http://dc5b429f784e:36841/', 'http://dc5b429f784e:45611/']: sec=0.00, result=[1, '', 0]
[rosmaster.master][ERROR] 2019-06-28 14:28:37,495: Traceback (most recent call last):
  File "/opt/ros/kinetic/lib/python2.7/dist-packages/rosmaster/master_api.py", line 177, in validated_f
    code, msg, val = f(*newArgs, **kwds)
  File "/opt/ros/kinetic/lib/python2.7/dist-packages/rosmaster/master_api.py", line 435, in searchParam
    search_key = self.param_server.search_param(caller_id, key)
  File "/opt/ros/kinetic/lib/python2.7/dist-packages/rosmaster/paramserver.py", line 116, in search_param
    raise ValueError("namespace must be global")
ValueError: namespace must be global

[rosmaster.master][INFO] 2019-06-28 14:28:37,497: +PUB [/joint_states] /gazebo http://dc5b429f784e:45611/
[rosmaster.master][INFO] 2019-06-28 14:28:37,499: +PUB [/tf] /gazebo http://dc5b429f784e:45611/
[rosmaster.master][INFO] 2019-06-28 14:28:37,504: +SUB [/cmd_vel] /gazebo http://dc5b429f784e:45611/
[rosmaster.master][INFO] 2019-06-28 14:28:37,506: +PUB [/odom] /gazebo http://dc5b429f784e:45611/
[rosmaster.master][INFO] 2019-06-28 14:28:39,912: +SERVICE [/gazebo/set_parameters] /gazebo http://dc5b429f784e:45611/
[rosmaster.master][INFO] 2019-06-28 14:28:39,914: +PUB [/gazebo/parameter_descriptions] /gazebo http://dc5b429f784e:45611/
[rosmaster.master][INFO] 2019-06-28 14:28:39,916: +PUB [/gazebo/parameter_updates] /gazebo http://dc5b429f784e:45611/
[rosmaster.master][INFO] 2019-06-28 14:28:39,948: +PARAM [/gazebo/time_step] by /gazebo
[rosmaster.master][INFO] 2019-06-28 14:28:39,949: +PARAM [/gazebo/max_update_rate] by /gazebo
[rosmaster.master][INFO] 2019-06-28 14:28:39,951: +PARAM [/gazebo/gravity_x] by /gazebo
[rosmaster.master][INFO] 2019-06-28 14:28:39,955: +PARAM [/gazebo/gravity_y] by /gazebo
[rosmaster.master][INFO] 2019-06-28 14:28:39,958: +PARAM [/gazebo/gravity_z] by /gazebo
[rosmaster.master][INFO] 2019-06-28 14:28:39,960: +PARAM [/gazebo/auto_disable_bodies] by /gazebo
[rosmaster.master][INFO] 2019-06-28 14:28:39,962: +PARAM [/gazebo/sor_pgs_precon_iters] by /gazebo
[rosmaster.master][INFO] 2019-06-28 14:28:39,965: +PARAM [/gazebo/sor_pgs_iters] by /gazebo
[rosmaster.master][INFO] 2019-06-28 14:28:39,966: +PARAM [/gazebo/sor_pgs_w] by /gazebo
[rosmaster.master][INFO] 2019-06-28 14:28:39,968: +PARAM [/gazebo/sor_pgs_rms_error_tol] by /gazebo
[rosmaster.master][INFO] 2019-06-28 14:28:39,970: +PARAM [/gazebo/cfm] by /gazebo
[rosmaster.master][INFO] 2019-06-28 14:28:39,972: +PARAM [/gazebo/erp] by /gazebo
[rosmaster.master][INFO] 2019-06-28 14:28:39,974: +PARAM [/gazebo/contact_surface_layer] by /gazebo
[rosmaster.master][INFO] 2019-06-28 14:28:39,976: +PARAM [/gazebo/contact_max_correcting_vel] by /gazebo
[rosmaster.master][INFO] 2019-06-28 14:28:39,977: +PARAM [/gazebo/max_contacts] by /gazebo
[rosmaster.master][INFO] 2019-06-28 14:28:39,981: +PARAM [/gazebo/time_step] by /gazebo
[rosmaster.master][INFO] 2019-06-28 14:28:39,982: +PARAM [/gazebo/max_update_rate] by /gazebo
[rosmaster.master][INFO] 2019-06-28 14:28:39,985: +PARAM [/gazebo/gravity_x] by /gazebo
[rosmaster.master][INFO] 2019-06-28 14:28:39,987: +PARAM [/gazebo/gravity_y] by /gazebo
[rosmaster.master][INFO] 2019-06-28 14:28:39,988: +PARAM [/gazebo/gravity_z] by /gazebo
[rosmaster.master][INFO] 2019-06-28 14:28:39,990: +PARAM [/gazebo/auto_disable_bodies] by /gazebo
[rosmaster.master][INFO] 2019-06-28 14:28:39,991: +PARAM [/gazebo/sor_pgs_precon_iters] by /gazebo
[rosmaster.master][INFO] 2019-06-28 14:28:39,992: +PARAM [/gazebo/sor_pgs_iters] by /gazebo
[rosmaster.master][INFO] 2019-06-28 14:28:39,993: +PARAM [/gazebo/sor_pgs_w] by /gazebo
[rosmaster.master][INFO] 2019-06-28 14:28:39,994: +PARAM [/gazebo/sor_pgs_rms_error_tol] by /gazebo
[rosmaster.master][INFO] 2019-06-28 14:28:39,996: +PARAM [/gazebo/cfm] by /gazebo
[rosmaster.master][INFO] 2019-06-28 14:28:39,997: +PARAM [/gazebo/erp] by /gazebo
[rosmaster.master][INFO] 2019-06-28 14:28:39,998: +PARAM [/gazebo/contact_surface_layer] by /gazebo
[rosmaster.master][INFO] 2019-06-28 14:28:40,000: +PARAM [/gazebo/contact_max_correcting_vel] by /gazebo
[rosmaster.master][INFO] 2019-06-28 14:28:40,001: +PARAM [/gazebo/max_contacts] by /gazebo
[rosmaster.master][INFO] 2019-06-28 14:28:47,236: -SUB [/gazebo/set_link_state] /gazebo http://dc5b429f784e:45611/
[rosmaster.master][INFO] 2019-06-28 14:28:47,238: -SUB [/gazebo/set_model_state] /gazebo http://dc5b429f784e:45611/
[rosmaster.master][INFO] 2019-06-28 14:28:47,240: -PUB [/clock] /gazebo http://dc5b429f784e:45611/
[rosmaster.master][INFO] 2019-06-28 14:28:47,241: -PUB [/gazebo/link_states] /gazebo http://dc5b429f784e:45611/
[rosmaster.master][INFO] 2019-06-28 14:28:47,242: -PUB [/gazebo/model_states] /gazebo http://dc5b429f784e:45611/
[rosmaster.master][INFO] 2019-06-28 14:28:47,243: -SERVICE [/gazebo/spawn_sdf_model] /gazebo rosrpc://dc5b429f784e:44049
[rosmaster.master][INFO] 2019-06-28 14:28:47,244: -SERVICE [/gazebo/spawn_urdf_model] /gazebo rosrpc://dc5b429f784e:44049
[rosmaster.master][INFO] 2019-06-28 14:28:47,245: -SERVICE [/gazebo/delete_model] /gazebo rosrpc://dc5b429f784e:44049
[rosmaster.master][INFO] 2019-06-28 14:28:47,246: -SERVICE [/gazebo/delete_light] /gazebo rosrpc://dc5b429f784e:44049
[rosmaster.master][INFO] 2019-06-28 14:28:47,248: -SERVICE [/gazebo/get_model_properties] /gazebo rosrpc://dc5b429f784e:44049
[rosmaster.master][INFO] 2019-06-28 14:28:47,249: -SERVICE [/gazebo/get_model_state] /gazebo rosrpc://dc5b429f784e:44049
[rosmaster.master][INFO] 2019-06-28 14:28:47,250: -SERVICE [/gazebo/get_world_properties] /gazebo rosrpc://dc5b429f784e:44049
[rosmaster.master][INFO] 2019-06-28 14:28:47,250: publisherUpdate[/clock] -> http://dc5b429f784e:45611/ []
[rosmaster.master][INFO] 2019-06-28 14:28:47,251: publisherUpdate[/clock] -> http://dc5b429f784e:45611/ []: sec=0.00, result=[1, '', 0]
[rosmaster.master][INFO] 2019-06-28 14:28:47,252: -SERVICE [/gazebo/get_joint_properties] /gazebo rosrpc://dc5b429f784e:44049
[rosmaster.master][INFO] 2019-06-28 14:28:47,253: -SERVICE [/gazebo/get_link_properties] /gazebo rosrpc://dc5b429f784e:44049
[rosmaster.master][INFO] 2019-06-28 14:28:47,254: -SERVICE [/gazebo/get_link_state] /gazebo rosrpc://dc5b429f784e:44049
[rosmaster.master][INFO] 2019-06-28 14:28:47,255: -SERVICE [/gazebo/get_light_properties] /gazebo rosrpc://dc5b429f784e:44049
[rosmaster.master][INFO] 2019-06-28 14:28:47,256: -SERVICE [/gazebo/set_light_properties] /gazebo rosrpc://dc5b429f784e:44049
[rosmaster.master][INFO] 2019-06-28 14:28:47,265: -SERVICE [/gazebo/get_physics_properties] /gazebo rosrpc://dc5b429f784e:44049
[rosmaster.master][INFO] 2019-06-28 14:28:47,266: -SERVICE [/gazebo/set_link_properties] /gazebo rosrpc://dc5b429f784e:44049
[rosmaster.master][INFO] 2019-06-28 14:28:47,277: -SERVICE [/gazebo/set_physics_properties] /gazebo rosrpc://dc5b429f784e:44049
[rosmaster.master][INFO] 2019-06-28 14:28:47,278: -SERVICE [/gazebo/set_model_state] /gazebo rosrpc://dc5b429f784e:44049
[rosmaster.master][INFO] 2019-06-28 14:28:47,279: -SERVICE [/gazebo/set_model_configuration] /gazebo rosrpc://dc5b429f784e:44049
[rosmaster.master][INFO] 2019-06-28 14:28:47,280: -SERVICE [/gazebo/set_joint_properties] /gazebo rosrpc://dc5b429f784e:44049
[rosmaster.master][INFO] 2019-06-28 14:28:47,281: -SERVICE [/gazebo/set_link_state] /gazebo rosrpc://dc5b429f784e:44049
[rosmaster.master][INFO] 2019-06-28 14:28:47,282: -SERVICE [/gazebo/pause_physics] /gazebo rosrpc://dc5b429f784e:44049
[rosmaster.master][INFO] 2019-06-28 14:28:47,284: -SERVICE [/gazebo/unpause_physics] /gazebo rosrpc://dc5b429f784e:44049
[rosmaster.master][INFO] 2019-06-28 14:28:47,284: -SERVICE [/gazebo/apply_body_wrench] /gazebo rosrpc://dc5b429f784e:44049
[rosmaster.master][INFO] 2019-06-28 14:28:47,285: -SERVICE [/gazebo/apply_joint_effort] /gazebo rosrpc://dc5b429f784e:44049
[rosmaster.master][INFO] 2019-06-28 14:28:47,286: -SERVICE [/gazebo/clear_joint_forces] /gazebo rosrpc://dc5b429f784e:44049
[rosmaster.master][INFO] 2019-06-28 14:28:47,288: -SERVICE [/gazebo/clear_body_wrenches] /gazebo rosrpc://dc5b429f784e:44049
[rosmaster.master][INFO] 2019-06-28 14:28:47,289: -SERVICE [/gazebo/reset_simulation] /gazebo rosrpc://dc5b429f784e:44049
[rosmaster.master][INFO] 2019-06-28 14:28:47,290: -SERVICE [/gazebo/reset_world] /gazebo rosrpc://dc5b429f784e:44049
[rosmaster.master][INFO] 2019-06-28 14:28:47,291: -PUB [/gazebo/parameter_descriptions] /gazebo http://dc5b429f784e:45611/
[rosmaster.master][INFO] 2019-06-28 14:28:47,292: -PUB [/gazebo/parameter_updates] /gazebo http://dc5b429f784e:45611/
[rosmaster.master][INFO] 2019-06-28 14:28:47,293: -SERVICE [/gazebo/set_parameters] /gazebo rosrpc://dc5b429f784e:44049
[rosmaster.master][INFO] 2019-06-28 14:29:53,140: +PARAM [/roslaunch/uris/host_dc5b429f784e__34009] by /roslaunch
[rosmaster.master][INFO] 2019-06-28 14:29:53,144: +PARAM [/rosversion] by /roslaunch
[rosmaster.master][INFO] 2019-06-28 14:29:53,144: +PARAM [/use_sim_time] by /roslaunch
[rosmaster.master][INFO] 2019-06-28 14:29:53,144: +PARAM [/rosdistro] by /roslaunch
[rosmaster.master][INFO] 2019-06-28 14:29:53,144: +PARAM [/robot_description] by /roslaunch
[rosmaster.master][INFO] 2019-06-28 14:29:54,112: +PUB [/rosout] /gazebo http://dc5b429f784e:38175/
[rosmaster.master][INFO] 2019-06-28 14:29:54,113: +SERVICE [/gazebo/get_loggers] /gazebo http://dc5b429f784e:38175/
[rosmaster.master][INFO] 2019-06-28 14:29:54,114: +SERVICE [/gazebo/set_logger_level] /gazebo http://dc5b429f784e:38175/
[rosmaster.master][INFO] 2019-06-28 14:29:54,121: +SUB [/clock] /gazebo http://dc5b429f784e:38175/
[rosmaster.master][INFO] 2019-06-28 14:29:54,123: publisherUpdate[/rosout] -> http://dc5b429f784e:46737/ ['http://dc5b429f784e:36841/', 'http://dc5b429f784e:38175/']
[rosmaster.master][INFO] 2019-06-28 14:29:54,125: publisherUpdate[/rosout] -> http://dc5b429f784e:46737/ ['http://dc5b429f784e:36841/', 'http://dc5b429f784e:38175/']: sec=0.00, result=[1, '', 0]
[rosmaster.master][INFO] 2019-06-28 14:29:54,441: +PUB [/clock] /gazebo http://dc5b429f784e:38175/
[rosmaster.master][INFO] 2019-06-28 14:29:54,443: +SERVICE [/gazebo/spawn_sdf_model] /gazebo http://dc5b429f784e:38175/
[rosmaster.master][INFO] 2019-06-28 14:29:54,444: +SERVICE [/gazebo/spawn_urdf_model] /gazebo http://dc5b429f784e:38175/
[rosmaster.master][INFO] 2019-06-28 14:29:54,445: publisherUpdate[/clock] -> http://dc5b429f784e:38175/ ['http://dc5b429f784e:38175/']
[rosmaster.master][INFO] 2019-06-28 14:29:54,446: +SERVICE [/gazebo/delete_model] /gazebo http://dc5b429f784e:38175/
[rosmaster.master][INFO] 2019-06-28 14:29:54,447: publisherUpdate[/clock] -> http://dc5b429f784e:38175/ ['http://dc5b429f784e:38175/']: sec=0.00, result=[1, '', 0]
[rosmaster.master][INFO] 2019-06-28 14:29:54,448: +SERVICE [/gazebo/delete_light] /gazebo http://dc5b429f784e:38175/
[rosmaster.master][INFO] 2019-06-28 14:29:54,449: +SERVICE [/gazebo/get_model_properties] /gazebo http://dc5b429f784e:38175/
[rosmaster.master][INFO] 2019-06-28 14:29:54,450: +SERVICE [/gazebo/get_model_state] /gazebo http://dc5b429f784e:38175/
[rosmaster.master][INFO] 2019-06-28 14:29:54,451: +SERVICE [/gazebo/get_world_properties] /gazebo http://dc5b429f784e:38175/
[rosmaster.master][INFO] 2019-06-28 14:29:54,452: +SERVICE [/gazebo/get_joint_properties] /gazebo http://dc5b429f784e:38175/
[rosmaster.master][INFO] 2019-06-28 14:29:54,453: +SERVICE [/gazebo/get_link_properties] /gazebo http://dc5b429f784e:38175/
[rosmaster.master][INFO] 2019-06-28 14:29:54,454: +SERVICE [/gazebo/get_link_state] /gazebo http://dc5b429f784e:38175/
[rosmaster.master][INFO] 2019-06-28 14:29:54,455: +SERVICE [/gazebo/get_light_properties] /gazebo http://dc5b429f784e:38175/
[rosmaster.master][INFO] 2019-06-28 14:29:54,456: +SERVICE [/gazebo/set_light_properties] /gazebo http://dc5b429f784e:38175/
[rosmaster.master][INFO] 2019-06-28 14:29:54,457: +SERVICE [/gazebo/get_physics_properties] /gazebo http://dc5b429f784e:38175/
[rosmaster.master][INFO] 2019-06-28 14:29:54,458: +PUB [/gazebo/link_states] /gazebo http://dc5b429f784e:38175/
[rosmaster.master][INFO] 2019-06-28 14:29:54,459: +PUB [/gazebo/model_states] /gazebo http://dc5b429f784e:38175/
[rosmaster.master][INFO] 2019-06-28 14:29:54,460: +SERVICE [/gazebo/set_link_properties] /gazebo http://dc5b429f784e:38175/
[rosmaster.master][INFO] 2019-06-28 14:29:54,461: +SERVICE [/gazebo/set_physics_properties] /gazebo http://dc5b429f784e:38175/
[rosmaster.master][INFO] 2019-06-28 14:29:54,462: +SERVICE [/gazebo/set_model_state] /gazebo http://dc5b429f784e:38175/
[rosmaster.master][INFO] 2019-06-28 14:29:54,463: +SERVICE [/gazebo/set_model_configuration] /gazebo http://dc5b429f784e:38175/
[rosmaster.master][INFO] 2019-06-28 14:29:54,464: +SERVICE [/gazebo/set_joint_properties] /gazebo http://dc5b429f784e:38175/
[rosmaster.master][INFO] 2019-06-28 14:29:54,466: +SERVICE [/gazebo/set_link_state] /gazebo http://dc5b429f784e:38175/
[rosmaster.master][INFO] 2019-06-28 14:29:54,471: +SUB [/gazebo/set_link_state] /gazebo http://dc5b429f784e:38175/
[rosmaster.master][INFO] 2019-06-28 14:29:54,477: +SUB [/gazebo/set_model_state] /gazebo http://dc5b429f784e:38175/
[rosmaster.master][INFO] 2019-06-28 14:29:54,479: +SERVICE [/gazebo/pause_physics] /gazebo http://dc5b429f784e:38175/
[rosmaster.master][INFO] 2019-06-28 14:29:54,480: +SERVICE [/gazebo/unpause_physics] /gazebo http://dc5b429f784e:38175/
[rosmaster.master][INFO] 2019-06-28 14:29:54,481: +SERVICE [/gazebo/apply_body_wrench] /gazebo http://dc5b429f784e:38175/
[rosmaster.master][INFO] 2019-06-28 14:29:54,482: +SERVICE [/gazebo/apply_joint_effort] /gazebo http://dc5b429f784e:38175/
[rosmaster.master][INFO] 2019-06-28 14:29:54,483: +SERVICE [/gazebo/clear_joint_forces] /gazebo http://dc5b429f784e:38175/
[rosmaster.master][INFO] 2019-06-28 14:29:54,484: +SERVICE [/gazebo/clear_body_wrenches] /gazebo http://dc5b429f784e:38175/
[rosmaster.master][INFO] 2019-06-28 14:29:54,485: +SERVICE [/gazebo/reset_simulation] /gazebo http://dc5b429f784e:38175/
[rosmaster.master][INFO] 2019-06-28 14:29:54,486: +SERVICE [/gazebo/reset_world] /gazebo http://dc5b429f784e:38175/
[rosmaster.master][INFO] 2019-06-28 14:29:55,179: +PUB [/rosout] /mybot_spawn http://dc5b429f784e:38407/
[rosmaster.master][INFO] 2019-06-28 14:29:55,184: +SUB [/clock] /mybot_spawn http://dc5b429f784e:38407/
[rosmaster.master][INFO] 2019-06-28 14:29:55,185: +SERVICE [/mybot_spawn/get_loggers] /mybot_spawn http://dc5b429f784e:38407/
[rosmaster.master][INFO] 2019-06-28 14:29:55,187: +SERVICE [/mybot_spawn/set_logger_level] /mybot_spawn http://dc5b429f784e:38407/
[rosmaster.master][INFO] 2019-06-28 14:29:55,228: publisherUpdate[/rosout] -> http://dc5b429f784e:46737/ ['http://dc5b429f784e:36841/', 'http://dc5b429f784e:38175/', 'http://dc5b429f784e:38407/']
[rosmaster.master][INFO] 2019-06-28 14:29:55,229: publisherUpdate[/rosout] -> http://dc5b429f784e:46737/ ['http://dc5b429f784e:36841/', 'http://dc5b429f784e:38175/', 'http://dc5b429f784e:38407/']: sec=0.00, result=[1, '', 0]
[rosmaster.master][INFO] 2019-06-28 14:29:55,479: -SUB [/clock] /mybot_spawn http://dc5b429f784e:38407/
[rosmaster.master][INFO] 2019-06-28 14:29:55,479: -PUB [/rosout] /mybot_spawn http://dc5b429f784e:38407/
[rosmaster.master][INFO] 2019-06-28 14:29:55,479: -SERVICE [/mybot_spawn/set_logger_level] /mybot_spawn rosrpc://dc5b429f784e:45069
[rosmaster.master][INFO] 2019-06-28 14:29:55,479: -SERVICE [/mybot_spawn/get_loggers] /mybot_spawn rosrpc://dc5b429f784e:45069
[rosmaster.master][ERROR] 2019-06-28 14:29:55,490: Traceback (most recent call last):
  File "/opt/ros/kinetic/lib/python2.7/dist-packages/rosmaster/master_api.py", line 177, in validated_f
    code, msg, val = f(*newArgs, **kwds)
  File "/opt/ros/kinetic/lib/python2.7/dist-packages/rosmaster/master_api.py", line 435, in searchParam
    search_key = self.param_server.search_param(caller_id, key)
  File "/opt/ros/kinetic/lib/python2.7/dist-packages/rosmaster/paramserver.py", line 116, in search_param
    raise ValueError("namespace must be global")
ValueError: namespace must be global

[rosmaster.master][INFO] 2019-06-28 14:29:55,491: +PUB [/m2wr/laser/scan] /gazebo http://dc5b429f784e:38175/
[rosmaster.master][INFO] 2019-06-28 14:29:55,529: publisherUpdate[/rosout] -> http://dc5b429f784e:46737/ ['http://dc5b429f784e:36841/', 'http://dc5b429f784e:38175/']
[rosmaster.master][INFO] 2019-06-28 14:29:55,530: publisherUpdate[/rosout] -> http://dc5b429f784e:46737/ ['http://dc5b429f784e:36841/', 'http://dc5b429f784e:38175/']: sec=0.00, result=[1, '', 0]
[rosmaster.master][ERROR] 2019-06-28 14:29:55,589: Traceback (most recent call last):
  File "/opt/ros/kinetic/lib/python2.7/dist-packages/rosmaster/master_api.py", line 177, in validated_f
    code, msg, val = f(*newArgs, **kwds)
  File "/opt/ros/kinetic/lib/python2.7/dist-packages/rosmaster/master_api.py", line 435, in searchParam
    search_key = self.param_server.search_param(caller_id, key)
  File "/opt/ros/kinetic/lib/python2.7/dist-packages/rosmaster/paramserver.py", line 116, in search_param
    raise ValueError("namespace must be global")
ValueError: namespace must be global

[rosmaster.master][INFO] 2019-06-28 14:29:55,591: +PUB [/joint_states] /gazebo http://dc5b429f784e:38175/
[rosmaster.master][INFO] 2019-06-28 14:29:55,592: +PUB [/tf] /gazebo http://dc5b429f784e:38175/
[rosmaster.master][INFO] 2019-06-28 14:29:55,599: +SUB [/cmd_vel] /gazebo http://dc5b429f784e:38175/
[rosmaster.master][INFO] 2019-06-28 14:29:55,600: +PUB [/odom] /gazebo http://dc5b429f784e:38175/
[rosmaster.master][INFO] 2019-06-28 14:29:58,237: -SUB [/gazebo/set_link_state] /gazebo http://dc5b429f784e:38175/
[rosmaster.master][INFO] 2019-06-28 14:29:58,238: -SUB [/gazebo/set_model_state] /gazebo http://dc5b429f784e:38175/
[rosmaster.master][INFO] 2019-06-28 14:29:58,240: -PUB [/clock] /gazebo http://dc5b429f784e:38175/
[rosmaster.master][INFO] 2019-06-28 14:29:58,241: -PUB [/gazebo/link_states] /gazebo http://dc5b429f784e:38175/
[rosmaster.master][INFO] 2019-06-28 14:29:58,242: publisherUpdate[/clock] -> http://dc5b429f784e:38175/ []
[rosmaster.master][INFO] 2019-06-28 14:29:58,242: publisherUpdate[/clock] -> http://dc5b429f784e:38175/ []: sec=0.00, result=[1, '', 0]
[rosmaster.master][INFO] 2019-06-28 14:29:58,243: -PUB [/gazebo/model_states] /gazebo http://dc5b429f784e:38175/
[rosmaster.master][INFO] 2019-06-28 14:29:58,244: -SERVICE [/gazebo/spawn_sdf_model] /gazebo rosrpc://dc5b429f784e:60519
[rosmaster.master][INFO] 2019-06-28 14:29:58,245: -SERVICE [/gazebo/spawn_urdf_model] /gazebo rosrpc://dc5b429f784e:60519
[rosmaster.master][INFO] 2019-06-28 14:29:58,246: -SERVICE [/gazebo/delete_model] /gazebo rosrpc://dc5b429f784e:60519
[rosmaster.master][INFO] 2019-06-28 14:29:58,247: -SERVICE [/gazebo/delete_light] /gazebo rosrpc://dc5b429f784e:60519
[rosmaster.master][INFO] 2019-06-28 14:29:58,248: -SERVICE [/gazebo/get_model_properties] /gazebo rosrpc://dc5b429f784e:60519
[rosmaster.master][INFO] 2019-06-28 14:29:58,249: -SERVICE [/gazebo/get_model_state] /gazebo rosrpc://dc5b429f784e:60519
[rosmaster.master][INFO] 2019-06-28 14:29:58,250: -SERVICE [/gazebo/get_world_properties] /gazebo rosrpc://dc5b429f784e:60519
[rosmaster.master][INFO] 2019-06-28 14:29:58,252: -SERVICE [/gazebo/get_joint_properties] /gazebo rosrpc://dc5b429f784e:60519
[rosmaster.master][INFO] 2019-06-28 14:29:58,253: -SERVICE [/gazebo/get_link_properties] /gazebo rosrpc://dc5b429f784e:60519
[rosmaster.master][INFO] 2019-06-28 14:29:58,254: -SERVICE [/gazebo/get_link_state] /gazebo rosrpc://dc5b429f784e:60519
[rosmaster.master][INFO] 2019-06-28 14:29:58,255: -SERVICE [/gazebo/get_light_properties] /gazebo rosrpc://dc5b429f784e:60519
[rosmaster.master][INFO] 2019-06-28 14:29:58,256: -SERVICE [/gazebo/set_light_properties] /gazebo rosrpc://dc5b429f784e:60519
[rosmaster.master][INFO] 2019-06-28 14:29:58,257: -SERVICE [/gazebo/get_physics_properties] /gazebo rosrpc://dc5b429f784e:60519
[rosmaster.master][INFO] 2019-06-28 14:29:58,258: -SERVICE [/gazebo/set_link_properties] /gazebo rosrpc://dc5b429f784e:60519
[rosmaster.master][INFO] 2019-06-28 14:29:58,259: -SERVICE [/gazebo/set_physics_properties] /gazebo rosrpc://dc5b429f784e:60519
[rosmaster.master][INFO] 2019-06-28 14:29:58,260: -SERVICE [/gazebo/set_model_state] /gazebo rosrpc://dc5b429f784e:60519
[rosmaster.master][INFO] 2019-06-28 14:29:58,260: -SERVICE [/gazebo/set_model_configuration] /gazebo rosrpc://dc5b429f784e:60519
[rosmaster.master][INFO] 2019-06-28 14:29:58,261: -SERVICE [/gazebo/set_joint_properties] /gazebo rosrpc://dc5b429f784e:60519
[rosmaster.master][INFO] 2019-06-28 14:29:58,262: -SERVICE [/gazebo/set_link_state] /gazebo rosrpc://dc5b429f784e:60519
[rosmaster.master][INFO] 2019-06-28 14:29:58,263: -SERVICE [/gazebo/pause_physics] /gazebo rosrpc://dc5b429f784e:60519
[rosmaster.master][INFO] 2019-06-28 14:29:58,264: -SERVICE [/gazebo/unpause_physics] /gazebo rosrpc://dc5b429f784e:60519
[rosmaster.master][INFO] 2019-06-28 14:29:58,265: -SERVICE [/gazebo/apply_body_wrench] /gazebo rosrpc://dc5b429f784e:60519
[rosmaster.master][INFO] 2019-06-28 14:29:58,266: -SERVICE [/gazebo/apply_joint_effort] /gazebo rosrpc://dc5b429f784e:60519
[rosmaster.master][INFO] 2019-06-28 14:29:58,267: -SERVICE [/gazebo/clear_joint_forces] /gazebo rosrpc://dc5b429f784e:60519
[rosmaster.master][INFO] 2019-06-28 14:29:58,268: -SERVICE [/gazebo/clear_body_wrenches] /gazebo rosrpc://dc5b429f784e:60519
[rosmaster.master][INFO] 2019-06-28 14:29:58,269: -SERVICE [/gazebo/reset_simulation] /gazebo rosrpc://dc5b429f784e:60519
[rosmaster.master][INFO] 2019-06-28 14:29:58,270: -SERVICE [/gazebo/reset_world] /gazebo rosrpc://dc5b429f784e:60519
[rosmaster.master][INFO] 2019-06-28 14:30:02,444: -PUB [/rosout_agg] /rosout http://dc5b429f784e:46737/
[rosmaster.master][INFO] 2019-06-28 14:30:02,445: -SUB [/rosout] /rosout http://dc5b429f784e:46737/
[rosmaster.master][INFO] 2019-06-28 14:30:02,446: -SERVICE [/rosout/get_loggers] /rosout rosrpc://dc5b429f784e:35203
[rosmaster.master][INFO] 2019-06-28 14:30:02,447: -SERVICE [/rosout/set_logger_level] /rosout rosrpc://dc5b429f784e:35203
[rosmaster.main][INFO] 2019-06-28 14:30:02,500: keyboard interrupt, will exit
[rosmaster.main][INFO] 2019-06-28 14:30:02,500: stopping master...
[rospy.core][INFO] 2019-06-28 14:30:02,501: signal_shutdown [atexit]
