

1561731537.293683100  Node Startup
1561731537.843942900 WARN [/tmp/binarydeb/ros-kinetic-kdl-parser-1.12.10/src/kdl_parser.cpp:200(treeFromUrdfModel) [topics: /rosout] The root link base_link has an inertia specified in the URDF, but KDL does not support a root link with an inertia.  As a workaround, you can add an extra dummy link to your URDF.
1561731538.167174100 INFO [joint_state_publisher:418(center) [topics: /joint_states, /rosout] Centering
1561731538.347638300 INFO [/tmp/binarydeb/ros-kinetic-rviz-1.12.15/src/rviz/ogre_helpers/render_system.cpp:430(RenderWindow* rviz::RenderSystem::makeRenderWindow) [topics: /rosout] Stereo is NOT SUPPORTED
1561731722.622079100 WARN [/tmp/binarydeb/ros-kinetic-kdl-parser-1.12.10/src/kdl_parser.cpp:200(treeFromUrdfModel) [topics: /rosout] The root link base_link has an inertia specified in the URDF, but KDL does not support a root link with an inertia.  As a workaround, you can add an extra dummy link to your URDF.
1561731722.937376022 INFO [joint_state_publisher:418(center) [topics: /joint_states, /rosout] Centering
1561731723.127478400 INFO [/tmp/binarydeb/ros-kinetic-rviz-1.12.15/src/rviz/ogre_helpers/render_system.cpp:211(RenderSystem::detectGlVersion) [topics: /rosout] OpenGl version: 3 (GLSL 1.3).
1561731840.561749500 WARN [/tmp/binarydeb/ros-kinetic-kdl-parser-1.12.10/src/kdl_parser.cpp:200(treeFromUrdfModel) [topics: /rosout] The root link base_link has an inertia specified in the URDF, but KDL does not support a root link with an inertia.  As a workaround, you can add an extra dummy link to your URDF.
1561731840.911657094 INFO [joint_state_publisher:418(center) [topics: /joint_states, /rosout] Centering
1561731841.098658400 INFO [/tmp/binarydeb/ros-kinetic-rviz-1.12.15/src/rviz/ogre_helpers/render_system.cpp:430(RenderWindow* rviz::RenderSystem::makeRenderWindow) [topics: /rosout] Stereo is NOT SUPPORTED
1561731886.173054800 WARN [/tmp/binarydeb/ros-kinetic-kdl-parser-1.12.10/src/kdl_parser.cpp:200(treeFromUrdfModel) [topics: /rosout] The root link base_link has an inertia specified in the URDF, but KDL does not support a root link with an inertia.  As a workaround, you can add an extra dummy link to your URDF.
1561731886.503348112 INFO [joint_state_publisher:418(center) [topics: /joint_states, /rosout] Centering
1561731886.706396300 INFO [/tmp/binarydeb/ros-kinetic-rviz-1.12.15/src/rviz/ogre_helpers/render_system.cpp:430(RenderWindow* rviz::RenderSystem::makeRenderWindow) [topics: /rosout] Stereo is NOT SUPPORTED
0.000000000 INFO [/tmp/binarydeb/ros-kinetic-roscpp-1.12.13/src/libros/service.cpp:80(service::exists) [topics: /rosout] waitForService: Service [/gazebo/set_physics_properties] has not been advertised, waiting...
0.000000000 INFO [gazebo_interface.py:31(spawn_urdf_model_client) [topics: /clock, /rosout] Calling service /gazebo/spawn_urdf_model
0.000000000 INFO [gazebo_interface.py:33(spawn_urdf_model_client) [topics: /clock, /rosout] Spawn status: SpawnModel: Successfully spawned entity
0.000000000 INFO [/tmp/binarydeb/ros-kinetic-gazebo-plugins-2.5.14/include/gazebo_plugins/gazebo_ros_utils.h:95(__cxx11::string gazebo::GetRobotNamespace) [topics: /rosout, /clock, /gazebo/link_states, /gazebo/model_states] Laser Plugin: Using the 'robotNamespace' param: '/'
0.000000000 INFO [/tmp/binarydeb/ros-kinetic-gazebo-plugins-2.5.14/src/gazebo_ros_laser.cpp:111(GazeboRosLaser::Load) [topics: /rosout, /clock, /gazebo/link_states, /gazebo/model_states] Starting Laser Plugin (ns = /)
0.000000000 INFO [/tmp/binarydeb/ros-kinetic-gazebo-plugins-2.5.14/src/gazebo_ros_laser.cpp:135(GazeboRosLaser::LoadThread) [topics: /rosout, /clock, /gazebo/link_states, /gazebo/model_states] Laser Plugin (ns = /)  <tf_prefix_>, set to ""
0.000000000 INFO [/tmp/binarydeb/ros-kinetic-gazebo-plugins-2.5.14/src/gazebo_ros_utils.cpp:57(GazeboRos::readCommonParameter) [topics: /rosout, /clock, /gazebo/link_states, /gazebo/model_states, /m2wr/laser/scan] Starting plugin DiffDrive(ns = //)
0.000000000 INFO [/tmp/binarydeb/ros-kinetic-gazebo-plugins-2.5.14/src/gazebo_ros_utils.cpp:83(GazeboRos::readCommonParameter) [topics: /rosout, /clock, /gazebo/link_states, /gazebo/model_states, /m2wr/laser/scan] DiffDrive(ns = //): <rosDebugLevel> = na
0.000000000 INFO [/tmp/binarydeb/ros-kinetic-gazebo-plugins-2.5.14/src/gazebo_ros_utils.cpp:93(GazeboRos::readCommonParameter) [topics: /rosout, /clock, /gazebo/link_states, /gazebo/model_states, /m2wr/laser/scan] DiffDrive(ns = //): <tf_prefix> = 
0.000000000 INFO [/tmp/binarydeb/ros-kinetic-gazebo-plugins-2.5.14/src/gazebo_ros_diff_drive.cpp:152(GazeboRosDiffDrive::Load) [topics: /rosout, /clock, /gazebo/link_states, /gazebo/model_states, /m2wr/laser/scan, /joint_states] DiffDrive(ns = //): Advertise joint_states
0.000000000 INFO [/tmp/binarydeb/ros-kinetic-gazebo-plugins-2.5.14/src/gazebo_ros_diff_drive.cpp:158(GazeboRosDiffDrive::Load) [topics: /rosout, /clock, /gazebo/link_states, /gazebo/model_states, /m2wr/laser/scan, /joint_states, /tf] DiffDrive(ns = //): Try to subscribe to cmd_vel
0.000000000 INFO [/tmp/binarydeb/ros-kinetic-gazebo-plugins-2.5.14/src/gazebo_ros_diff_drive.cpp:166(GazeboRosDiffDrive::Load) [topics: /rosout, /clock, /gazebo/link_states, /gazebo/model_states, /m2wr/laser/scan, /joint_states, /tf] DiffDrive(ns = //): Subscribe to cmd_vel
0.000000000 INFO [/tmp/binarydeb/ros-kinetic-gazebo-plugins-2.5.14/src/gazebo_ros_diff_drive.cpp:171(GazeboRosDiffDrive::Load) [topics: /rosout, /clock, /gazebo/link_states, /gazebo/model_states, /m2wr/laser/scan, /joint_states, /tf, /odom] DiffDrive(ns = //): Advertise odom on odom 
0.025000000 INFO [/tmp/binarydeb/ros-kinetic-roscpp-1.12.13/src/libros/service.cpp:122(service::waitForService) [topics: /rosout, /clock, /gazebo/link_states, /gazebo/model_states, /m2wr/laser/scan, /joint_states, /tf, /odom] waitForService: Service [/gazebo/set_physics_properties] is now available.
0.101000000 INFO [/tmp/binarydeb/ros-kinetic-gazebo-ros-2.5.14/src/gazebo_ros_api_plugin.cpp:2083(GazeboRosApiPlugin::physicsReconfigureThread) [topics: /rosout, /clock, /gazebo/link_states, /gazebo/model_states, /m2wr/laser/scan, /joint_states, /tf, /odom, /gazebo/parameter_descriptions, /gazebo/parameter_updates] Physics dynamic reconfigure ready.
0.000000000 INFO [gazebo_interface.py:27(spawn_urdf_model_client) [topics: /clock, /rosout] Waiting for service /gazebo/spawn_urdf_model
0.000000000 INFO [/tmp/binarydeb/ros-kinetic-roscpp-1.12.13/src/libros/service.cpp:80(service::exists) [topics: /rosout] waitForService: Service [/gazebo/set_physics_properties] has not been advertised, waiting...
0.000000000 INFO [gazebo_interface.py:31(spawn_urdf_model_client) [topics: /clock, /rosout] Calling service /gazebo/spawn_urdf_model
0.000000000 INFO [gazebo_interface.py:33(spawn_urdf_model_client) [topics: /clock, /rosout] Spawn status: SpawnModel: Successfully spawned entity
0.000000000 INFO [/tmp/binarydeb/ros-kinetic-gazebo-plugins-2.5.14/include/gazebo_plugins/gazebo_ros_utils.h:95(__cxx11::string gazebo::GetRobotNamespace) [topics: /rosout, /clock, /gazebo/link_states, /gazebo/model_states] Laser Plugin: Using the 'robotNamespace' param: '/'
0.000000000 INFO [/tmp/binarydeb/ros-kinetic-gazebo-plugins-2.5.14/src/gazebo_ros_laser.cpp:111(GazeboRosLaser::Load) [topics: /rosout, /clock, /gazebo/link_states, /gazebo/model_states] Starting Laser Plugin (ns = /)
0.000000000 INFO [/tmp/binarydeb/ros-kinetic-gazebo-plugins-2.5.14/src/gazebo_ros_laser.cpp:135(GazeboRosLaser::LoadThread) [topics: /rosout, /clock, /gazebo/link_states, /gazebo/model_states] Laser Plugin (ns = /)  <tf_prefix_>, set to ""
0.000000000 INFO [/tmp/binarydeb/ros-kinetic-gazebo-plugins-2.5.14/src/gazebo_ros_utils.cpp:57(GazeboRos::readCommonParameter) [topics: /rosout, /clock, /gazebo/link_states, /gazebo/model_states, /m2wr/laser/scan] Starting plugin DiffDrive(ns = //)
0.000000000 INFO [/tmp/binarydeb/ros-kinetic-gazebo-plugins-2.5.14/src/gazebo_ros_utils.cpp:83(GazeboRos::readCommonParameter) [topics: /rosout, /clock, /gazebo/link_states, /gazebo/model_states, /m2wr/laser/scan] DiffDrive(ns = //): <rosDebugLevel> = na
0.000000000 INFO [/tmp/binarydeb/ros-kinetic-gazebo-plugins-2.5.14/src/gazebo_ros_utils.cpp:93(GazeboRos::readCommonParameter) [topics: /rosout, /clock, /gazebo/link_states, /gazebo/model_states, /m2wr/laser/scan] DiffDrive(ns = //): <tf_prefix> = 
0.000000000 INFO [/tmp/binarydeb/ros-kinetic-gazebo-plugins-2.5.14/src/gazebo_ros_diff_drive.cpp:152(GazeboRosDiffDrive::Load) [topics: /rosout, /clock, /gazebo/link_states, /gazebo/model_states, /m2wr/laser/scan, /joint_states] DiffDrive(ns = //): Advertise joint_states
0.000000000 INFO [/tmp/binarydeb/ros-kinetic-gazebo-plugins-2.5.14/src/gazebo_ros_diff_drive.cpp:158(GazeboRosDiffDrive::Load) [topics: /rosout, /clock, /gazebo/link_states, /gazebo/model_states, /m2wr/laser/scan, /joint_states, /tf] DiffDrive(ns = //): Try to subscribe to cmd_vel
0.000000000 INFO [/tmp/binarydeb/ros-kinetic-gazebo-plugins-2.5.14/src/gazebo_ros_diff_drive.cpp:166(GazeboRosDiffDrive::Load) [topics: /rosout, /clock, /gazebo/link_states, /gazebo/model_states, /m2wr/laser/scan, /joint_states, /tf] DiffDrive(ns = //): Subscribe to cmd_vel
0.000000000 INFO [/tmp/binarydeb/ros-kinetic-gazebo-plugins-2.5.14/src/gazebo_ros_diff_drive.cpp:171(GazeboRosDiffDrive::Load) [topics: /rosout, /clock, /gazebo/link_states, /gazebo/model_states, /m2wr/laser/scan, /joint_states, /tf, /odom] DiffDrive(ns = //): Advertise odom on odom 
0.025000000 INFO [/tmp/binarydeb/ros-kinetic-roscpp-1.12.13/src/libros/service.cpp:122(service::waitForService) [topics: /rosout, /clock, /gazebo/link_states, /gazebo/model_states, /m2wr/laser/scan, /joint_states, /tf, /odom] waitForService: Service [/gazebo/set_physics_properties] is now available.
0.114000000 INFO [/tmp/binarydeb/ros-kinetic-gazebo-ros-2.5.14/src/gazebo_ros_api_plugin.cpp:2083(GazeboRosApiPlugin::physicsReconfigureThread) [topics: /rosout, /clock, /gazebo/link_states, /gazebo/model_states, /m2wr/laser/scan, /joint_states, /tf, /odom, /gazebo/parameter_descriptions, /gazebo/parameter_updates] Physics dynamic reconfigure ready.
0.000000000 INFO [/tmp/binarydeb/ros-kinetic-roscpp-1.12.13/src/libros/service.cpp:80(service::exists) [topics: /rosout] waitForService: Service [/gazebo/set_physics_properties] has not been advertised, waiting...
0.000000000 INFO [gazebo_interface.py:31(spawn_urdf_model_client) [topics: /clock, /rosout] Calling service /gazebo/spawn_urdf_model
0.000000000 INFO [gazebo_interface.py:33(spawn_urdf_model_client) [topics: /clock, /rosout] Spawn status: SpawnModel: Successfully spawned entity
0.000000000 INFO [/tmp/binarydeb/ros-kinetic-gazebo-plugins-2.5.14/include/gazebo_plugins/gazebo_ros_utils.h:95(__cxx11::string gazebo::GetRobotNamespace) [topics: /rosout, /clock, /gazebo/link_states, /gazebo/model_states] Laser Plugin: Using the 'robotNamespace' param: '/'
0.000000000 INFO [/tmp/binarydeb/ros-kinetic-gazebo-plugins-2.5.14/src/gazebo_ros_laser.cpp:111(GazeboRosLaser::Load) [topics: /rosout, /clock, /gazebo/link_states, /gazebo/model_states] Starting Laser Plugin (ns = /)
0.000000000 INFO [/tmp/binarydeb/ros-kinetic-gazebo-plugins-2.5.14/src/gazebo_ros_laser.cpp:135(GazeboRosLaser::LoadThread) [topics: /rosout, /clock, /gazebo/link_states, /gazebo/model_states] Laser Plugin (ns = /)  <tf_prefix_>, set to ""
0.000000000 INFO [/tmp/binarydeb/ros-kinetic-gazebo-plugins-2.5.14/src/gazebo_ros_utils.cpp:57(GazeboRos::readCommonParameter) [topics: /rosout, /clock, /gazebo/link_states, /gazebo/model_states, /m2wr/laser/scan] Starting plugin DiffDrive(ns = //)
0.000000000 INFO [/tmp/binarydeb/ros-kinetic-gazebo-plugins-2.5.14/src/gazebo_ros_utils.cpp:83(GazeboRos::readCommonParameter) [topics: /rosout, /clock, /gazebo/link_states, /gazebo/model_states, /m2wr/laser/scan] DiffDrive(ns = //): <rosDebugLevel> = na
0.000000000 INFO [/tmp/binarydeb/ros-kinetic-gazebo-plugins-2.5.14/src/gazebo_ros_utils.cpp:93(GazeboRos::readCommonParameter) [topics: /rosout, /clock, /gazebo/link_states, /gazebo/model_states, /m2wr/laser/scan] DiffDrive(ns = //): <tf_prefix> = 
0.000000000 INFO [/tmp/binarydeb/ros-kinetic-gazebo-plugins-2.5.14/src/gazebo_ros_diff_drive.cpp:152(GazeboRosDiffDrive::Load) [topics: /rosout, /clock, /gazebo/link_states, /gazebo/model_states, /m2wr/laser/scan, /joint_states] DiffDrive(ns = //): Advertise joint_states
0.000000000 INFO [/tmp/binarydeb/ros-kinetic-gazebo-plugins-2.5.14/src/gazebo_ros_diff_drive.cpp:158(GazeboRosDiffDrive::Load) [topics: /rosout, /clock, /gazebo/link_states, /gazebo/model_states, /m2wr/laser/scan, /joint_states, /tf] DiffDrive(ns = //): Try to subscribe to cmd_vel
0.000000000 INFO [/tmp/binarydeb/ros-kinetic-gazebo-plugins-2.5.14/src/gazebo_ros_diff_drive.cpp:166(GazeboRosDiffDrive::Load) [topics: /rosout, /clock, /gazebo/link_states, /gazebo/model_states, /m2wr/laser/scan, /joint_states, /tf] DiffDrive(ns = //): Subscribe to cmd_vel
0.000000000 INFO [/tmp/binarydeb/ros-kinetic-gazebo-plugins-2.5.14/src/gazebo_ros_diff_drive.cpp:171(GazeboRosDiffDrive::Load) [topics: /rosout, /clock, /gazebo/link_states, /gazebo/model_states, /m2wr/laser/scan, /joint_states, /tf, /odom] DiffDrive(ns = //): Advertise odom on odom 
