[rospy.client][INFO] 2019-06-25 20:41:41,028: init_node, name[/urdf_spawner], pid[1393]
[xmlrpc][INFO] 2019-06-25 20:41:41,028: XML-RPC server binding to 0.0.0.0:0
[xmlrpc][INFO] 2019-06-25 20:41:41,028: Started XML-RPC server [http://dc5b429f784e:45141/]
[rospy.impl.masterslave][INFO] 2019-06-25 20:41:41,029: _ready: http://dc5b429f784e:45141/
[rospy.init][INFO] 2019-06-25 20:41:41,029: ROS Slave URI: [http://dc5b429f784e:45141/]
[xmlrpc][INFO] 2019-06-25 20:41:41,030: xml rpc node: starting XML-RPC server
[rospy.registration][INFO] 2019-06-25 20:41:41,030: Registering with master node http://localhost:11311
[rospy.init][INFO] 2019-06-25 20:41:41,130: registered with master
[rospy.rosout][INFO] 2019-06-25 20:41:41,130: initializing /rosout core topic
[rospy.rosout][INFO] 2019-06-25 20:41:41,132: connected to core topic /rosout
[rospy.simtime][INFO] 2019-06-25 20:41:41,134: initializing /clock core topic
[rospy.simtime][INFO] 2019-06-25 20:41:41,137: connected to core topic /clock
[rosout][INFO] 2019-06-25 20:41:41,140: Loading model XML from ros parameter
[rosout][INFO] 2019-06-25 20:41:41,143: Waiting for service /gazebo/spawn_urdf_model
[rosout][INFO] 2019-06-25 20:41:41,145: Calling service /gazebo/spawn_urdf_model
[rospy.internal][INFO] 2019-06-25 20:41:41,147: topic[/clock] adding connection to [http://dc5b429f784e:46213/], count 0
[rospy.internal][INFO] 2019-06-25 20:41:41,335: topic[/rosout] adding connection to [/rosout], count 0
[rosout][INFO] 2019-06-25 20:41:41,357: Spawn status: SpawnModel: Successfully spawned entity
[rospy.core][INFO] 2019-06-25 20:41:41,358: signal_shutdown [atexit]
[rospy.internal][INFO] 2019-06-25 20:41:41,361: topic[/rosout] removing connection to /rosout
[rospy.internal][INFO] 2019-06-25 20:41:41,361: topic[/clock] removing connection to http://dc5b429f784e:46213/
[rospy.impl.masterslave][INFO] 2019-06-25 20:41:41,361: atexit
