[rospy.client][INFO] 2019-06-25 12:15:05,371: init_node, name[/go_to_point], pid[53491]
[xmlrpc][INFO] 2019-06-25 12:15:05,377: XML-RPC server binding to 0.0.0.0:0
[xmlrpc][INFO] 2019-06-25 12:15:05,380: Started XML-RPC server [http://dc5b429f784e:45213/]
[rospy.impl.masterslave][INFO] 2019-06-25 12:15:05,381: _ready: http://dc5b429f784e:45213/
[rospy.init][INFO] 2019-06-25 12:15:05,382: ROS Slave URI: [http://dc5b429f784e:45213/]
[xmlrpc][INFO] 2019-06-25 12:15:05,393: xml rpc node: starting XML-RPC server
[rospy.registration][INFO] 2019-06-25 12:15:05,393: Registering with master node http://localhost:11311
[rospy.init][INFO] 2019-06-25 12:15:05,484: registered with master
[rospy.rosout][INFO] 2019-06-25 12:15:05,485: initializing /rosout core topic
[rospy.rosout][INFO] 2019-06-25 12:15:05,512: connected to core topic /rosout
[rospy.simtime][INFO] 2019-06-25 12:15:05,518: initializing /clock core topic
[rospy.simtime][INFO] 2019-06-25 12:15:05,526: connected to core topic /clock
[rospy.internal][INFO] 2019-06-25 12:15:05,574: topic[/clock] adding connection to [http://dc5b429f784e:44243/], count 0
[rospy.internal][INFO] 2019-06-25 12:15:05,575: topic[/odom] adding connection to [http://dc5b429f784e:44243/], count 0
[rospy.internal][INFO] 2019-06-25 12:15:05,794: topic[/rosout] adding connection to [/rosout], count 0
[rospy.internal][INFO] 2019-06-25 12:15:05,795: topic[/cmd_vel] adding connection to [/gazebo], count 0
[rosout][INFO] 2019-06-25 12:15:06,716: 1.70528444582
[rosout][INFO] 2019-06-25 12:15:06,722: 1.70528444582
[rosout][INFO] 2019-06-25 12:15:06,789: 1.70528035907
[rosout][INFO] 2019-06-25 12:15:06,848: 1.69825226748
[rosout][INFO] 2019-06-25 12:15:06,894: 1.69018299611
[rosout][INFO] 2019-06-25 12:15:06,971: 1.68178017549
[rosout][INFO] 2019-06-25 12:15:07,012: 1.67383494361
[rosout][INFO] 2019-06-25 12:15:07,066: 1.66567390564
[rosout][INFO] 2019-06-25 12:15:07,118: 1.65695989564
[rosout][INFO] 2019-06-25 12:15:07,172: 1.64817552711
[rosout][INFO] 2019-06-25 12:15:07,223: 1.63950930687
[rosout][INFO] 2019-06-25 12:15:07,274: 1.63045875256
[rosout][INFO] 2019-06-25 12:15:07,332: 1.62188670641
[rosout][INFO] 2019-06-25 12:15:07,378: 1.61341091428
[rosout][INFO] 2019-06-25 12:15:07,429: 1.60460337609
[rosout][INFO] 2019-06-25 12:15:07,491: 1.59373267811
[rosout][INFO] 2019-06-25 12:15:07,566: 1.58290474026
[rosout][INFO] 2019-06-25 12:15:07,615: 1.57289591277
[rosout][INFO] 2019-06-25 12:15:07,672: 1.56318657896
[rosout][INFO] 2019-06-25 12:15:07,721: 1.55345467884
[rosout][INFO] 2019-06-25 12:15:07,770: 1.54375474027
[rosout][INFO] 2019-06-25 12:15:07,825: 1.53406855285
[rosout][INFO] 2019-06-25 12:15:07,894: 1.5244231339
[rosout][INFO] 2019-06-25 12:15:07,936: 1.51479484833
[rosout][INFO] 2019-06-25 12:15:07,999: 1.50521139485
[rosout][INFO] 2019-06-25 12:15:08,064: 1.49564792878
[rosout][INFO] 2019-06-25 12:15:08,103: 1.48613526281
[rosout][INFO] 2019-06-25 12:15:08,163: 1.47665800532
[rosout][INFO] 2019-06-25 12:15:08,210: 1.46737180592
[rosout][INFO] 2019-06-25 12:15:08,264: 1.45818743172
[rosout][INFO] 2019-06-25 12:15:08,320: 1.4491469507
[rosout][INFO] 2019-06-25 12:15:08,363: 1.44018815787
[rosout][INFO] 2019-06-25 12:15:08,438: 1.43130740379
[rosout][INFO] 2019-06-25 12:15:08,500: 1.42246622836
[rosout][INFO] 2019-06-25 12:15:08,554: 1.41369380146
[rosout][INFO] 2019-06-25 12:15:08,598: 1.40497548711
[rosout][INFO] 2019-06-25 12:15:08,651: 1.39633703627
[rosout][INFO] 2019-06-25 12:15:08,738: 1.38775517119
[rosout][INFO] 2019-06-25 12:15:08,780: 1.37925395917
[rosout][INFO] 2019-06-25 12:15:08,830: 1.37080987192
[rosout][INFO] 2019-06-25 12:15:08,876: 1.36244445265
[rosout][INFO] 2019-06-25 12:15:08,959: 1.3541358366
[rosout][INFO] 2019-06-25 12:15:09,023: 1.345903941
[rosout][INFO] 2019-06-25 12:15:09,072: 1.33772538417
[rosout][INFO] 2019-06-25 12:15:09,135: 1.32961145389
[rosout][INFO] 2019-06-25 12:15:09,188: 1.32154624455
[rosout][INFO] 2019-06-25 12:15:09,251: 1.31357553227
[rosout][INFO] 2019-06-25 12:15:09,304: 1.30657064992
[rosout][INFO] 2019-06-25 12:15:09,374: 1.29930150126
[rosout][INFO] 2019-06-25 12:15:09,435: 1.29251895238
[rosout][INFO] 2019-06-25 12:15:09,480: 1.28587868845
[rosout][INFO] 2019-06-25 12:15:09,545: 1.27886097019
[rosout][INFO] 2019-06-25 12:15:09,591: 1.27236585639
[rosout][INFO] 2019-06-25 12:15:09,639: 1.26502656392
[rosout][INFO] 2019-06-25 12:15:09,697: 1.25852458741
[rosout][INFO] 2019-06-25 12:15:09,756: 1.25219890755
[rosout][INFO] 2019-06-25 12:15:09,814: 1.24612419829
[rosout][INFO] 2019-06-25 12:15:09,871: 1.24022992129
[rosout][INFO] 2019-06-25 12:15:09,924: 1.2340041049
[rosout][INFO] 2019-06-25 12:15:09,971: 1.22801919294
[rosout][INFO] 2019-06-25 12:15:10,025: 1.2217520568
[rosout][INFO] 2019-06-25 12:15:10,092: 1.21554011982
[rosout][INFO] 2019-06-25 12:15:10,144: 1.2096526418
[rosout][INFO] 2019-06-25 12:15:10,202: 1.2037677367
[rosout][INFO] 2019-06-25 12:15:10,251: 1.19769915864
[rosout][INFO] 2019-06-25 12:15:10,298: 1.19188795841
[rosout][INFO] 2019-06-25 12:15:10,357: 1.18538275922
[rosout][INFO] 2019-06-25 12:15:10,417: 1.17995414365
[rosout][INFO] 2019-06-25 12:15:10,463: 1.17419576929
[rosout][INFO] 2019-06-25 12:15:10,522: 1.16875308958
[rosout][INFO] 2019-06-25 12:15:10,584: 1.16315107409
[rosout][INFO] 2019-06-25 12:15:10,624: 1.15760806648
[rosout][INFO] 2019-06-25 12:15:10,684: 1.15177401445
[rosout][INFO] 2019-06-25 12:15:10,745: 1.14557150058
[rosout][INFO] 2019-06-25 12:15:10,808: 1.13975793494
[rosout][INFO] 2019-06-25 12:15:10,870: 1.13390479191
[rosout][INFO] 2019-06-25 12:15:10,914: 1.12826876236
[rosout][INFO] 2019-06-25 12:15:10,986: 1.12266678147
[rosout][INFO] 2019-06-25 12:15:11,044: 1.11704381545
[rosout][INFO] 2019-06-25 12:15:11,095: 1.11156926771
[rosout][INFO] 2019-06-25 12:15:11,165: 1.10557868163
[rosout][INFO] 2019-06-25 12:15:11,199: 1.09969806868
[rosout][INFO] 2019-06-25 12:15:11,256: 1.09424267048
[rosout][INFO] 2019-06-25 12:15:11,313: 1.08873562146
[rosout][INFO] 2019-06-25 12:15:11,378: 1.08321473548
[rosout][INFO] 2019-06-25 12:15:11,430: 1.07758210545
[rosout][INFO] 2019-06-25 12:15:11,483: 1.07227701427
[rosout][INFO] 2019-06-25 12:15:11,539: 1.06696287888
[rosout][INFO] 2019-06-25 12:15:11,593: 1.06155751174
[rosout][INFO] 2019-06-25 12:15:11,674: 1.05609808243
[rosout][INFO] 2019-06-25 12:15:11,714: 1.05013436534
[rosout][INFO] 2019-06-25 12:15:11,761: 1.04422183657
[rosout][INFO] 2019-06-25 12:15:11,827: 1.03811870183
[rosout][INFO] 2019-06-25 12:15:11,888: 1.03277126341
[rosout][INFO] 2019-06-25 12:15:11,957: 1.02746523349
[rosout][INFO] 2019-06-25 12:15:12,007: 1.02218383994
[rosout][INFO] 2019-06-25 12:15:12,068: 1.01652619471
[rosout][INFO] 2019-06-25 12:15:12,116: 1.01096436558
[rosout][INFO] 2019-06-25 12:15:12,169: 1.00581670823
[rosout][INFO] 2019-06-25 12:15:12,224: 1.00063283299
[rosout][INFO] 2019-06-25 12:15:12,274: 0.995125986989
[rosout][INFO] 2019-06-25 12:15:12,330: 0.989885475591
[rosout][INFO] 2019-06-25 12:15:12,390: 0.984473320695
[rosout][INFO] 2019-06-25 12:15:12,458: 0.979319038192
[rosout][INFO] 2019-06-25 12:15:12,502: 0.973989683904
[rosout][INFO] 2019-06-25 12:15:12,560: 0.96850896981
[rosout][INFO] 2019-06-25 12:15:12,618: 0.963105327029
[rosout][INFO] 2019-06-25 12:15:12,671: 0.957732488945
[rosout][INFO] 2019-06-25 12:15:12,725: 0.952345932649
[rosout][INFO] 2019-06-25 12:15:12,776: 0.947005486939
[rosout][INFO] 2019-06-25 12:15:12,836: 0.941583841392
[rosout][INFO] 2019-06-25 12:15:12,890: 0.936044858517
[rosout][INFO] 2019-06-25 12:15:12,951: 0.930215255215
[rosout][INFO] 2019-06-25 12:15:13,002: 0.924424513881
[rosout][INFO] 2019-06-25 12:15:13,070: 0.918644465356
[rosout][INFO] 2019-06-25 12:15:13,112: 0.913117573026
[rosout][INFO] 2019-06-25 12:15:13,170: 0.907498502401
[rosout][INFO] 2019-06-25 12:15:13,222: 0.902182847
[rosout][INFO] 2019-06-25 12:15:13,276: 0.896788166442
[rosout][INFO] 2019-06-25 12:15:13,333: 0.891427514511
[rosout][INFO] 2019-06-25 12:15:13,379: 0.885624792921
[rosout][INFO] 2019-06-25 12:15:13,435: 0.879805843269
[rosout][INFO] 2019-06-25 12:15:13,489: 0.873870900468
[rosout][INFO] 2019-06-25 12:15:13,557: 0.867908682524
[rosout][INFO] 2019-06-25 12:15:13,598: 0.862196280938
[rosout][INFO] 2019-06-25 12:15:13,662: 0.856647471426
[rosout][INFO] 2019-06-25 12:15:13,714: 0.850752359907
[rosout][INFO] 2019-06-25 12:15:13,775: 0.8450572508
[rosout][INFO] 2019-06-25 12:15:13,828: 0.839235013835
[rosout][INFO] 2019-06-25 12:15:13,880: 0.833398204099
[rosout][INFO] 2019-06-25 12:15:13,937: 0.827657269997
[rosout][INFO] 2019-06-25 12:15:13,993: 0.822117255862
[rosout][INFO] 2019-06-25 12:15:14,068: 0.816295436087
[rosout][INFO] 2019-06-25 12:15:14,124: 0.810767320905
[rosout][INFO] 2019-06-25 12:15:14,168: 0.805459714083
[rosout][INFO] 2019-06-25 12:15:14,229: 0.799807683063
[rosout][INFO] 2019-06-25 12:15:14,272: 0.794182258892
[rosout][INFO] 2019-06-25 12:15:14,335: 0.788689245766
[rosout][INFO] 2019-06-25 12:15:14,389: 0.7831164861
[rosout][INFO] 2019-06-25 12:15:14,442: 0.777753752258
[rosout][INFO] 2019-06-25 12:15:14,499: 0.772235497792
[rosout][INFO] 2019-06-25 12:15:14,549: 0.766761271451
[rosout][INFO] 2019-06-25 12:15:14,615: 0.761484449704
[rosout][INFO] 2019-06-25 12:15:14,672: 0.75622599804
[rosout][INFO] 2019-06-25 12:15:14,748: 0.750978403977
[rosout][INFO] 2019-06-25 12:15:14,796: 0.745721063909
[rosout][INFO] 2019-06-25 12:15:14,848: 0.740513917093
[rosout][INFO] 2019-06-25 12:15:14,908: 0.735310062158
[rosout][INFO] 2019-06-25 12:15:14,958: 0.730095258249
[rosout][INFO] 2019-06-25 12:15:15,017: 0.724925771653
[rosout][INFO] 2019-06-25 12:15:15,077: 0.719760218419
[rosout][INFO] 2019-06-25 12:15:15,130: 0.714576726549
[rosout][INFO] 2019-06-25 12:15:15,192: 0.709433743104
[rosout][INFO] 2019-06-25 12:15:15,246: 0.704310479338
[rosout][INFO] 2019-06-25 12:15:15,298: 0.699194113271
[rosout][INFO] 2019-06-25 12:15:15,351: 0.69411220354
[rosout][INFO] 2019-06-25 12:15:15,404: 0.688890955196
[rosout][INFO] 2019-06-25 12:15:15,473: 0.683699743854
[rosout][INFO] 2019-06-25 12:15:15,522: 0.678143626048
[rosout][INFO] 2019-06-25 12:15:15,571: 0.672700344085
[rosout][INFO] 2019-06-25 12:15:15,638: 0.667357141753
[rosout][INFO] 2019-06-25 12:15:15,673: 0.662253969
[rosout][INFO] 2019-06-25 12:15:15,732: 0.656996614556
[rosout][INFO] 2019-06-25 12:15:15,800: 0.651568520442
[rosout][INFO] 2019-06-25 12:15:15,849: 0.646386943111
[rosout][INFO] 2019-06-25 12:15:15,904: 0.640871620093
[rosout][INFO] 2019-06-25 12:15:15,956: 0.635593391269
[rosout][INFO] 2019-06-25 12:15:16,012: 0.63034110783
[rosout][INFO] 2019-06-25 12:15:16,065: 0.624663968797
[rosout][INFO] 2019-06-25 12:15:16,119: 0.619198061017
[rosout][INFO] 2019-06-25 12:15:16,187: 0.61405212698
[rosout][INFO] 2019-06-25 12:15:16,244: 0.608408047226
[rosout][INFO] 2019-06-25 12:15:16,294: 0.603220874722
[rosout][INFO] 2019-06-25 12:15:16,352: 0.597904819066
[rosout][INFO] 2019-06-25 12:15:16,409: 0.592726138663
[rosout][INFO] 2019-06-25 12:15:16,466: 0.58751957232
[rosout][INFO] 2019-06-25 12:15:16,526: 0.582323478076
[rosout][INFO] 2019-06-25 12:15:16,574: 0.577056259789
[rosout][INFO] 2019-06-25 12:15:16,655: 0.571722887211
[rosout][INFO] 2019-06-25 12:15:16,700: 0.566239486679
[rosout][INFO] 2019-06-25 12:15:16,749: 0.560658236125
[rosout][INFO] 2019-06-25 12:15:16,798: 0.555288530336
[rosout][INFO] 2019-06-25 12:15:16,869: 0.548859142989
[rosout][INFO] 2019-06-25 12:15:16,929: 0.542902185705
[rosout][INFO] 2019-06-25 12:15:16,975: 0.537329858298
[rosout][INFO] 2019-06-25 12:15:17,033: 0.53116148059
[rosout][INFO] 2019-06-25 12:15:17,087: 0.525555413591
[rosout][INFO] 2019-06-25 12:15:17,158: 0.519889537627
[rosout][INFO] 2019-06-25 12:15:17,208: 0.513977783043
[rosout][INFO] 2019-06-25 12:15:17,256: 0.50826532473
[rosout][INFO] 2019-06-25 12:15:17,320: 0.502445171104
[rosout][INFO] 2019-06-25 12:15:17,365: 0.496657328546
[rosout][INFO] 2019-06-25 12:15:17,420: 0.490820460635
[rosout][INFO] 2019-06-25 12:15:17,483: 0.484916161175
[rosout][INFO] 2019-06-25 12:15:17,537: 0.478906651139
[rosout][INFO] 2019-06-25 12:15:17,588: 0.472326496109
[rosout][INFO] 2019-06-25 12:15:17,658: 0.465859486673
[rosout][INFO] 2019-06-25 12:15:17,701: 0.465859486673
[rosout][INFO] 2019-06-25 12:15:17,766: 0.452710940035
[rosout][INFO] 2019-06-25 12:15:17,817: 0.445833827442
[rosout][INFO] 2019-06-25 12:15:17,872: 0.439222740702
[rosout][INFO] 2019-06-25 12:15:17,922: 0.432505047804
[rosout][INFO] 2019-06-25 12:15:17,980: 0.426442414002
[rosout][INFO] 2019-06-25 12:15:18,052: 0.420085156367
[rosout][INFO] 2019-06-25 12:15:18,110: 0.41417600279
[rosout][INFO] 2019-06-25 12:15:18,177: 0.408417477372
[rosout][INFO] 2019-06-25 12:15:18,229: 0.402730684002
[rosout][INFO] 2019-06-25 12:15:18,282: 0.396973997865
[rosout][INFO] 2019-06-25 12:15:18,339: 0.390250851674
[rosout][INFO] 2019-06-25 12:15:18,398: 0.384321751906
[rosout][INFO] 2019-06-25 12:15:18,444: 0.378378792063
[rosout][INFO] 2019-06-25 12:15:18,494: 0.372541784787
[rosout][INFO] 2019-06-25 12:15:18,548: 0.366492301071
[rosout][INFO] 2019-06-25 12:15:18,605: 0.360386327832
[rosout][INFO] 2019-06-25 12:15:18,656: 0.354211595063
[rosout][INFO] 2019-06-25 12:15:18,709: 0.348105256308
[rosout][INFO] 2019-06-25 12:15:18,775: 0.342072273562
[rosout][INFO] 2019-06-25 12:15:18,834: 0.335643260927
[rosout][INFO] 2019-06-25 12:15:18,887: 0.329500623439
[rosout][INFO] 2019-06-25 12:15:18,942: 0.323124613564
[rosout][INFO] 2019-06-25 12:15:19,012: 0.316917307689
[rosout][INFO] 2019-06-25 12:15:19,066: 0.310511731093
[rosout][INFO] 2019-06-25 12:15:19,119: 0.304026391267
[rosout][INFO] 2019-06-25 12:15:19,181: 0.297789707796
[rosout][INFO] 2019-06-25 12:15:19,233: 0.291234717107
[rosout][INFO] 2019-06-25 12:15:19,291: 0.284880383806
[rosout][INFO] 2019-06-25 12:15:19,350: 0.278360703202
[rosout][INFO] 2019-06-25 12:15:19,413: 0.27185073839
[rosout][INFO] 2019-06-25 12:15:19,470: 0.265288033885
[rosout][INFO] 2019-06-25 12:15:19,523: 0.259036270827
[rosout][INFO] 2019-06-25 12:15:19,576: 0.252499003499
[rosout][INFO] 2019-06-25 12:15:19,630: 0.246015929567
[rosout][INFO] 2019-06-25 12:15:19,681: 0.239323229123
[rosout][INFO] 2019-06-25 12:15:19,753: 0.232597622484
[rosout][INFO] 2019-06-25 12:15:19,829: 0.225383790256
[rosout][INFO] 2019-06-25 12:15:19,884: 0.218642162581
[rosout][INFO] 2019-06-25 12:15:19,932: 0.21155745733
[rosout][INFO] 2019-06-25 12:15:19,985: 0.204102694679
[rosout][INFO] 2019-06-25 12:15:20,046: 0.196986371151
[rosout][INFO] 2019-06-25 12:15:20,117: 0.19010620578
[rosout][INFO] 2019-06-25 12:15:20,160: 0.19010620578
[rosout][INFO] 2019-06-25 12:15:20,207: 0.183120291101
[rosout][INFO] 2019-06-25 12:15:20,258: 0.175953781817
[rosout][INFO] 2019-06-25 12:15:20,331: 0.161715361115
[rosout][INFO] 2019-06-25 12:15:20,388: 0.154590144354
[rosout][INFO] 2019-06-25 12:15:20,442: 0.147463577358
[rosout][INFO] 2019-06-25 12:15:20,494: 0.140011439559
[rosout][INFO] 2019-06-25 12:15:20,546: 0.13235655655
[rosout][INFO] 2019-06-25 12:15:20,609: 0.124867988733
[rosout][INFO] 2019-06-25 12:15:20,660: 0.117080484845
[rosout][INFO] 2019-06-25 12:15:20,717: 0.109238770468
[rosout][INFO] 2019-06-25 12:15:20,767: 0.101371736948
[rosout][INFO] 2019-06-25 12:15:20,833: 0.0935693561351
[rosout][INFO] 2019-06-25 12:15:20,883: 0.0855136732241
[rosout][INFO] 2019-06-25 12:15:20,950: 0.0775007596999
[rosout][INFO] 2019-06-25 12:15:21,017: 0.0695060756293
[rosout][INFO] 2019-06-25 12:15:21,061: 0.0695060756293
[rosout][INFO] 2019-06-25 12:15:21,116: 0.0531901057814
[rosout][INFO] 2019-06-25 12:15:21,178: 0.0450115163653
[rosout][INFO] 2019-06-25 12:15:21,233: 0.0368816015665
[rosout][INFO] 2019-06-25 12:15:21,282: 0.0286240614922
[rosout][INFO] 2019-06-25 12:16:08,035: -0.357668159563
[rosout][INFO] 2019-06-25 12:16:08,092: -0.363034808377
[rosout][INFO] 2019-06-25 12:16:08,151: -0.365284765636
[rosout][INFO] 2019-06-25 12:16:08,204: -0.359069813823
[rosout][INFO] 2019-06-25 12:16:08,260: -0.349968735349
[rosout][INFO] 2019-06-25 12:16:08,323: -0.341052501441
[rosout][INFO] 2019-06-25 12:16:08,379: -0.332096911412
[rosout][INFO] 2019-06-25 12:16:08,442: -0.323319528322
[rosout][INFO] 2019-06-25 12:16:08,494: -0.314503013415
[rosout][INFO] 2019-06-25 12:16:08,545: -0.305867629531
[rosout][INFO] 2019-06-25 12:16:08,613: -0.297190998739
[rosout][INFO] 2019-06-25 12:16:08,671: -0.288695799338
[rosout][INFO] 2019-06-25 12:16:08,714: -0.280155522419
[rosout][INFO] 2019-06-25 12:16:08,769: -0.271793576447
[rosout][INFO] 2019-06-25 12:16:08,822: -0.263376940947
[rosout][INFO] 2019-06-25 12:16:08,879: -0.255125114781
[rosout][INFO] 2019-06-25 12:16:08,935: -0.246840699427
[rosout][INFO] 2019-06-25 12:16:08,993: -0.238743023742
[rosout][INFO] 2019-06-25 12:16:09,043: -0.231180653248
[rosout][INFO] 2019-06-25 12:16:09,104: -0.224119788791
[rosout][INFO] 2019-06-25 12:16:09,151: -0.217119447091
[rosout][INFO] 2019-06-25 12:16:09,204: -0.210571401558
[rosout][INFO] 2019-06-25 12:16:09,259: -0.204076695638
[rosout][INFO] 2019-06-25 12:16:09,320: -0.197990560429
[rosout][INFO] 2019-06-25 12:16:09,369: -0.191616931579
[rosout][INFO] 2019-06-25 12:16:09,428: -0.184925516566
[rosout][INFO] 2019-06-25 12:16:09,508: -0.17847419608
[rosout][INFO] 2019-06-25 12:16:09,554: -0.17215846888
[rosout][INFO] 2019-06-25 12:16:09,601: -0.166398581629
[rosout][INFO] 2019-06-25 12:16:09,655: -0.160023613355
[rosout][INFO] 2019-06-25 12:16:09,718: -0.154260068904
[rosout][INFO] 2019-06-25 12:16:09,787: -0.148144375015
[rosout][INFO] 2019-06-25 12:16:09,838: -0.142289476821
[rosout][INFO] 2019-06-25 12:16:09,891: -0.135823818224
[rosout][INFO] 2019-06-25 12:16:09,966: -0.130172871657
[rosout][INFO] 2019-06-25 12:16:10,009: -0.124041878045
[rosout][INFO] 2019-06-25 12:16:10,081: -0.117797528525
[rosout][INFO] 2019-06-25 12:16:10,145: -0.111584513205
[rosout][INFO] 2019-06-25 12:16:10,198: -0.105256908145
[rosout][INFO] 2019-06-25 12:16:10,258: -0.0986333545141
[rosout][INFO] 2019-06-25 12:16:10,308: -0.0922042080218
[rosout][INFO] 2019-06-25 12:16:10,358: -0.085740164087
[rosout][INFO] 2019-06-25 12:16:10,423: -0.0797738513205
[rosout][INFO] 2019-06-25 12:16:10,473: -0.073835677685
[rosout][INFO] 2019-06-25 12:16:10,548: -0.0673974881368
[rosout][INFO] 2019-06-25 12:16:10,590: -0.0619393188708
[rosout][INFO] 2019-06-25 12:16:10,634: -0.0557454052424
[rosout][INFO] 2019-06-25 12:16:10,684: -0.0492512339509
[rosout][INFO] 2019-06-25 12:16:10,766: -0.0431466903185
[rosout][INFO] 2019-06-25 12:16:10,837: -0.036863296276
[rosout][INFO] 2019-06-25 12:16:10,877: -0.0302903553586
[rosout][INFO] 2019-06-25 12:16:11,802: -0.354383995376
[rosout][INFO] 2019-06-25 12:16:11,868: -0.361161537845
[rosout][INFO] 2019-06-25 12:16:11,939: -0.36354330662
[rosout][INFO] 2019-06-25 12:16:11,983: -0.356923711475
[rosout][INFO] 2019-06-25 12:16:12,035: -0.34884180642
[rosout][INFO] 2019-06-25 12:16:12,095: -0.340872814083
[rosout][INFO] 2019-06-25 12:16:12,144: -0.332322732359
[rosout][INFO] 2019-06-25 12:16:12,209: -0.323870898992
[rosout][INFO] 2019-06-25 12:16:12,256: -0.315671190777
[rosout][INFO] 2019-06-25 12:16:12,307: -0.307330821091
[rosout][INFO] 2019-06-25 12:16:12,371: -0.299114152669
[rosout][INFO] 2019-06-25 12:16:12,423: -0.291128174131
[rosout][INFO] 2019-06-25 12:16:12,474: -0.283575834653
[rosout][INFO] 2019-06-25 12:16:12,527: -0.275790027119
[rosout][INFO] 2019-06-25 12:16:12,578: -0.267617762032
[rosout][INFO] 2019-06-25 12:16:12,634: -0.259553548133
[rosout][INFO] 2019-06-25 12:16:12,686: -0.251527421287
[rosout][INFO] 2019-06-25 12:16:12,737: -0.243717462667
[rosout][INFO] 2019-06-25 12:16:12,807: -0.235881222743
[rosout][INFO] 2019-06-25 12:16:12,861: -0.228086656819
[rosout][INFO] 2019-06-25 12:16:12,919: -0.220323937591
[rosout][INFO] 2019-06-25 12:16:12,967: -0.212731263086
[rosout][INFO] 2019-06-25 12:16:13,017: -0.205192540865
[rosout][INFO] 2019-06-25 12:16:13,074: -0.197730455346
[rosout][INFO] 2019-06-25 12:16:13,128: -0.190501158863
[rosout][INFO] 2019-06-25 12:16:13,183: -0.183418863532
[rosout][INFO] 2019-06-25 12:16:13,237: -0.175890699838
[rosout][INFO] 2019-06-25 12:16:13,286: -0.169621956757
[rosout][INFO] 2019-06-25 12:16:13,343: -0.162679611271
[rosout][INFO] 2019-06-25 12:16:13,396: -0.155793658114
[rosout][INFO] 2019-06-25 12:16:13,452: -0.148971344566
[rosout][INFO] 2019-06-25 12:16:13,503: -0.142986898998
[rosout][INFO] 2019-06-25 12:16:13,560: -0.135851022577
[rosout][INFO] 2019-06-25 12:16:13,610: -0.128656833117
[rosout][INFO] 2019-06-25 12:16:13,666: -0.121613187425
[rosout][INFO] 2019-06-25 12:16:13,727: -0.114631730803
[rosout][INFO] 2019-06-25 12:16:13,778: -0.107769485816
[rosout][INFO] 2019-06-25 12:16:13,834: -0.101045285908
[rosout][INFO] 2019-06-25 12:16:13,893: -0.0943787888283
[rosout][INFO] 2019-06-25 12:16:13,972: -0.0879695635956
[rosout][INFO] 2019-06-25 12:16:14,032: -0.0814335875733
[rosout][INFO] 2019-06-25 12:16:14,089: -0.0745728474117
[rosout][INFO] 2019-06-25 12:16:14,145: -0.0687306669581
[rosout][INFO] 2019-06-25 12:16:14,191: -0.0623433154552
[rosout][INFO] 2019-06-25 12:16:14,260: -0.0559417791246
[rosout][INFO] 2019-06-25 12:16:14,312: -0.0515614421391
[rosout][INFO] 2019-06-25 12:16:14,368: -0.047266685363
[rosout][INFO] 2019-06-25 12:16:14,433: -0.0428238812565
[rosout][INFO] 2019-06-25 12:16:14,473: -0.0384994557987
[rosout][INFO] 2019-06-25 12:16:14,528: -0.0340275017886
[rosout][INFO] 2019-06-25 12:16:15,273: -0.357277331657
[rosout][INFO] 2019-06-25 12:16:15,324: -0.362518619964
[rosout][INFO] 2019-06-25 12:16:15,397: -0.365567100863
[rosout][INFO] 2019-06-25 12:16:15,430: -0.359401337967
[rosout][INFO] 2019-06-25 12:16:15,486: -0.35171284904
[rosout][INFO] 2019-06-25 12:16:15,554: -0.3441496549
[rosout][INFO] 2019-06-25 12:16:15,606: -0.337224684858
[rosout][INFO] 2019-06-25 12:16:15,656: -0.329539739266
[rosout][INFO] 2019-06-25 12:16:15,724: -0.32215511331
[rosout][INFO] 2019-06-25 12:16:15,773: -0.314758463797
[rosout][INFO] 2019-06-25 12:16:15,825: -0.307308619699
[rosout][INFO] 2019-06-25 12:16:15,876: -0.299614359999
[rosout][INFO] 2019-06-25 12:16:15,935: -0.292401846866
[rosout][INFO] 2019-06-25 12:16:15,988: -0.286013535113
[rosout][INFO] 2019-06-25 12:16:16,037: -0.279367875783
[rosout][INFO] 2019-06-25 12:16:16,091: -0.272307200707
[rosout][INFO] 2019-06-25 12:16:16,148: -0.265574576876
[rosout][INFO] 2019-06-25 12:16:16,203: -0.259139384691
[rosout][INFO] 2019-06-25 12:16:16,253: -0.252536126841
[rosout][INFO] 2019-06-25 12:16:16,303: -0.245751158848
[rosout][INFO] 2019-06-25 12:16:16,359: -0.238619856986
[rosout][INFO] 2019-06-25 12:16:16,421: -0.232652908149
[rosout][INFO] 2019-06-25 12:16:16,474: -0.226553209533
[rosout][INFO] 2019-06-25 12:16:16,527: -0.219392171568
[rosout][INFO] 2019-06-25 12:16:16,581: -0.213053513868
[rosout][INFO] 2019-06-25 12:16:16,629: -0.206915245399
[rosout][INFO] 2019-06-25 12:16:16,689: -0.200530562852
[rosout][INFO] 2019-06-25 12:16:16,736: -0.194301407023
[rosout][INFO] 2019-06-25 12:16:16,788: -0.187993132776
[rosout][INFO] 2019-06-25 12:16:16,849: -0.181929103894
[rosout][INFO] 2019-06-25 12:16:16,913: -0.175829227914
[rosout][INFO] 2019-06-25 12:16:16,961: -0.170461076757
[rosout][INFO] 2019-06-25 12:16:17,013: -0.164795682489
[rosout][INFO] 2019-06-25 12:16:17,061: -0.159341346216
[rosout][INFO] 2019-06-25 12:16:17,128: -0.154027807562
[rosout][INFO] 2019-06-25 12:16:17,170: -0.148463196382
[rosout][INFO] 2019-06-25 12:16:17,227: -0.143297228418
[rosout][INFO] 2019-06-25 12:16:17,279: -0.138119839079
[rosout][INFO] 2019-06-25 12:16:17,339: -0.132817194456
[rosout][INFO] 2019-06-25 12:16:17,383: -0.127559861065
[rosout][INFO] 2019-06-25 12:16:17,433: -0.122305299498
[rosout][INFO] 2019-06-25 12:16:17,494: -0.117119036267
[rosout][INFO] 2019-06-25 12:16:17,552: -0.111702207436
[rosout][INFO] 2019-06-25 12:16:17,600: -0.105745420731
[rosout][INFO] 2019-06-25 12:16:17,653: -0.100012717158
[rosout][INFO] 2019-06-25 12:16:17,710: -0.0941957631541
[rosout][INFO] 2019-06-25 12:16:17,768: -0.0884897640216
[rosout][INFO] 2019-06-25 12:16:17,816: -0.0825493914496
[rosout][INFO] 2019-06-25 12:16:17,878: -0.0772989014404
[rosout][INFO] 2019-06-25 12:16:17,933: -0.0718225527576
[rosout][INFO] 2019-06-25 12:16:17,981: -0.0662493870431
[rosout][INFO] 2019-06-25 12:16:18,030: -0.0607358938708
[rosout][INFO] 2019-06-25 12:16:18,089: -0.0551222526071
[rosout][INFO] 2019-06-25 12:16:18,152: -0.049911945522
[rosout][INFO] 2019-06-25 12:16:18,226: -0.0443359901272
[rosout][INFO] 2019-06-25 12:16:18,255: -0.0388094495013
[rosout][INFO] 2019-06-25 12:16:18,309: -0.0332459021663
[rosout][INFO] 2019-06-25 12:16:19,015: -0.386078801989
[rosout][INFO] 2019-06-25 12:16:19,067: -0.401093080384
[rosout][INFO] 2019-06-25 12:16:19,122: -0.40508552889
[rosout][INFO] 2019-06-25 12:16:19,185: -0.398210903612
[rosout][INFO] 2019-06-25 12:16:19,240: -0.388827526349
[rosout][INFO] 2019-06-25 12:16:19,293: -0.379530463356
[rosout][INFO] 2019-06-25 12:16:19,354: -0.370272974789
[rosout][INFO] 2019-06-25 12:16:19,419: -0.361023094627
[rosout][INFO] 2019-06-25 12:16:19,463: -0.351842844519
[rosout][INFO] 2019-06-25 12:16:19,522: -0.34440472745
[rosout][INFO] 2019-06-25 12:16:19,578: -0.336172378687
[rosout][INFO] 2019-06-25 12:16:19,627: -0.328045121438
[rosout][INFO] 2019-06-25 12:16:19,697: -0.319816728019
[rosout][INFO] 2019-06-25 12:16:19,741: -0.31173622776
[rosout][INFO] 2019-06-25 12:16:19,794: -0.303610256721
[rosout][INFO] 2019-06-25 12:16:19,841: -0.295677792
[rosout][INFO] 2019-06-25 12:16:19,892: -0.287699352292
[rosout][INFO] 2019-06-25 12:16:19,943: -0.279907896627
[rosout][INFO] 2019-06-25 12:16:20,002: -0.272062220076
[rosout][INFO] 2019-06-25 12:16:20,056: -0.2643983814
[rosout][INFO] 2019-06-25 12:16:20,105: -0.25667064772
[rosout][INFO] 2019-06-25 12:16:20,163: -0.249110149831
[rosout][INFO] 2019-06-25 12:16:20,212: -0.241470061247
[rosout][INFO] 2019-06-25 12:16:20,265: -0.234000550061
[rosout][INFO] 2019-06-25 12:16:20,324: -0.226601642634
[rosout][INFO] 2019-06-25 12:16:20,379: -0.218907380878
[rosout][INFO] 2019-06-25 12:16:20,448: -0.210475732687
[rosout][INFO] 2019-06-25 12:16:20,482: -0.202166002059
[rosout][INFO] 2019-06-25 12:16:20,531: -0.193824461451
[rosout][INFO] 2019-06-25 12:16:20,589: -0.185508635436
[rosout][INFO] 2019-06-25 12:16:20,643: -0.177555106081
[rosout][INFO] 2019-06-25 12:16:20,703: -0.170126303813
[rosout][INFO] 2019-06-25 12:16:20,763: -0.162430889856
[rosout][INFO] 2019-06-25 12:16:20,832: -0.154952356356
[rosout][INFO] 2019-06-25 12:16:20,891: -0.147783900936
[rosout][INFO] 2019-06-25 12:16:20,939: -0.140840538948
[rosout][INFO] 2019-06-25 12:16:20,994: -0.133830679902
[rosout][INFO] 2019-06-25 12:16:21,056: -0.126928297873
[rosout][INFO] 2019-06-25 12:16:21,115: -0.119942913411
[rosout][INFO] 2019-06-25 12:16:21,160: -0.112740299632
[rosout][INFO] 2019-06-25 12:16:21,228: -0.105909987344
[rosout][INFO] 2019-06-25 12:16:21,281: -0.0991988306374
[rosout][INFO] 2019-06-25 12:16:21,331: -0.0926682166123
[rosout][INFO] 2019-06-25 12:16:21,395: -0.0861610522545
[rosout][INFO] 2019-06-25 12:16:21,436: -0.0796439560932
[rosout][INFO] 2019-06-25 12:16:21,491: -0.072919793178
[rosout][INFO] 2019-06-25 12:16:21,542: -0.0664525445264
[rosout][INFO] 2019-06-25 12:16:21,594: -0.0601446656228
[rosout][INFO] 2019-06-25 12:16:21,653: -0.0548419231375
[rosout][INFO] 2019-06-25 12:16:21,706: -0.0487114137089
[rosout][INFO] 2019-06-25 12:16:21,756: -0.0424210883421
[rosout][INFO] 2019-06-25 12:16:21,825: -0.0363332392701
[rosout][INFO] 2019-06-25 12:16:21,887: -0.0305229125673
[rosout][INFO] 2019-06-25 12:16:22,579: -0.368089661611
[rosout][INFO] 2019-06-25 12:16:22,625: -0.373380429771
[rosout][INFO] 2019-06-25 12:16:22,678: -0.376307697489
[rosout][INFO] 2019-06-25 12:16:22,728: -0.370634505222
[rosout][INFO] 2019-06-25 12:16:22,783: -0.363231424723
[rosout][INFO] 2019-06-25 12:16:22,834: -0.355901037229
[rosout][INFO] 2019-06-25 12:16:22,893: -0.34964189314
[rosout][INFO] 2019-06-25 12:16:22,953: -0.342600346089
[rosout][INFO] 2019-06-25 12:16:23,004: -0.33604642987
[rosout][INFO] 2019-06-25 12:16:23,053: -0.32900883298
[rosout][INFO] 2019-06-25 12:16:23,111: -0.322083217954
[rosout][INFO] 2019-06-25 12:16:23,166: -0.315012391342
[rosout][INFO] 2019-06-25 12:16:23,216: -0.308251480922
[rosout][INFO] 2019-06-25 12:16:23,276: -0.30133095317
[rosout][INFO] 2019-06-25 12:16:23,334: -0.29481898609
[rosout][INFO] 2019-06-25 12:16:23,377: -0.288474983365
[rosout][INFO] 2019-06-25 12:16:23,430: -0.282057438771
[rosout][INFO] 2019-06-25 12:16:23,480: -0.276148166304
[rosout][INFO] 2019-06-25 12:16:23,536: -0.269461956032
[rosout][INFO] 2019-06-25 12:16:23,593: -0.263170813203
[rosout][INFO] 2019-06-25 12:16:23,650: -0.257026914467
[rosout][INFO] 2019-06-25 12:16:23,704: -0.250463469873
[rosout][INFO] 2019-06-25 12:16:23,758: -0.243688418249
[rosout][INFO] 2019-06-25 12:16:23,820: -0.236933312207
[rosout][INFO] 2019-06-25 12:16:23,867: -0.23071735468
[rosout][INFO] 2019-06-25 12:16:23,918: -0.224492854132
[rosout][INFO] 2019-06-25 12:16:23,973: -0.217129715329
[rosout][INFO] 2019-06-25 12:16:24,024: -0.210550847353
[rosout][INFO] 2019-06-25 12:16:24,087: -0.203285841529
[rosout][INFO] 2019-06-25 12:16:24,133: -0.196170711991
[rosout][INFO] 2019-06-25 12:16:24,189: -0.190301817822
[rosout][INFO] 2019-06-25 12:16:24,240: -0.184342555762
[rosout][INFO] 2019-06-25 12:16:24,295: -0.177508732968
[rosout][INFO] 2019-06-25 12:16:24,344: -0.170727970343
[rosout][INFO] 2019-06-25 12:16:24,399: -0.164352315972
[rosout][INFO] 2019-06-25 12:16:24,454: -0.158309216758
[rosout][INFO] 2019-06-25 12:16:24,505: -0.152248261069
[rosout][INFO] 2019-06-25 12:16:24,557: -0.146233029105
[rosout][INFO] 2019-06-25 12:16:24,620: -0.140083002001
[rosout][INFO] 2019-06-25 12:16:24,670: -0.133709715335
[rosout][INFO] 2019-06-25 12:16:24,727: -0.12743523846
[rosout][INFO] 2019-06-25 12:16:24,779: -0.120784389413
[rosout][INFO] 2019-06-25 12:16:24,829: -0.11431919098
[rosout][INFO] 2019-06-25 12:16:24,884: -0.108543842393
[rosout][INFO] 2019-06-25 12:16:24,942: -0.102642961849
[rosout][INFO] 2019-06-25 12:16:24,993: -0.0963519688371
[rosout][INFO] 2019-06-25 12:16:25,055: -0.090307064127
[rosout][INFO] 2019-06-25 12:16:25,107: -0.0841015517724
[rosout][INFO] 2019-06-25 12:16:25,157: -0.0785405112074
[rosout][INFO] 2019-06-25 12:16:25,212: -0.0723598853375
[rosout][INFO] 2019-06-25 12:16:25,263: -0.0665593228964
[rosout][INFO] 2019-06-25 12:16:25,320: -0.0607708966481
[rosout][INFO] 2019-06-25 12:16:25,371: -0.0550021486457
[rosout][INFO] 2019-06-25 12:16:25,421: -0.0492356635796
[rosout][INFO] 2019-06-25 12:16:25,471: -0.0435531635732
[rosout][INFO] 2019-06-25 12:16:25,546: -0.0377285791173
[rosout][INFO] 2019-06-25 12:16:25,589: -0.0321562518042
[rosout][INFO] 2019-06-25 12:16:26,267: -0.382583273244
[rosout][INFO] 2019-06-25 12:16:26,322: -0.405665144872
[rosout][INFO] 2019-06-25 12:16:26,371: -0.411762965141
[rosout][INFO] 2019-06-25 12:16:26,424: -0.404933856734
[rosout][INFO] 2019-06-25 12:16:26,474: -0.396783112912
[rosout][INFO] 2019-06-25 12:16:26,527: -0.388509848379
[rosout][INFO] 2019-06-25 12:16:26,588: -0.380371491225
[rosout][INFO] 2019-06-25 12:16:26,638: -0.372248275996
[rosout][INFO] 2019-06-25 12:16:26,690: -0.364851203552
[rosout][INFO] 2019-06-25 12:16:26,742: -0.357106888722
[rosout][INFO] 2019-06-25 12:16:26,797: -0.349553224558
[rosout][INFO] 2019-06-25 12:16:26,856: -0.341931338858
[rosout][INFO] 2019-06-25 12:16:26,913: -0.334558757233
[rosout][INFO] 2019-06-25 12:16:26,966: -0.327182581968
[rosout][INFO] 2019-06-25 12:16:27,019: -0.319404005917
[rosout][INFO] 2019-06-25 12:16:27,077: -0.311813367396
[rosout][INFO] 2019-06-25 12:16:27,135: -0.304903399837
[rosout][INFO] 2019-06-25 12:16:27,185: -0.297855153083
[rosout][INFO] 2019-06-25 12:16:27,252: -0.291139799684
[rosout][INFO] 2019-06-25 12:16:27,302: -0.283598954572
[rosout][INFO] 2019-06-25 12:16:27,352: -0.275680455934
[rosout][INFO] 2019-06-25 12:16:27,406: -0.269282110739
[rosout][INFO] 2019-06-25 12:16:27,456: -0.262765844283
[rosout][INFO] 2019-06-25 12:16:27,509: -0.255677300653
[rosout][INFO] 2019-06-25 12:16:27,563: -0.249471565003
[rosout][INFO] 2019-06-25 12:16:27,624: -0.242906542774
[rosout][INFO] 2019-06-25 12:16:27,672: -0.236482701357
[rosout][INFO] 2019-06-25 12:16:27,720: -0.230081575399
[rosout][INFO] 2019-06-25 12:16:27,786: -0.223655981769
[rosout][INFO] 2019-06-25 12:16:27,843: -0.216645724574
[rosout][INFO] 2019-06-25 12:16:27,898: -0.210428026553
[rosout][INFO] 2019-06-25 12:16:27,957: -0.204782779092
[rosout][INFO] 2019-06-25 12:16:28,006: -0.198651243703
[rosout][INFO] 2019-06-25 12:16:28,085: -0.192634474035
[rosout][INFO] 2019-06-25 12:16:28,110: -0.186879262835
[rosout][INFO] 2019-06-25 12:16:28,177: -0.18077331721
[rosout][INFO] 2019-06-25 12:16:28,224: -0.17485908383
[rosout][INFO] 2019-06-25 12:16:28,273: -0.169190245082
[rosout][INFO] 2019-06-25 12:16:28,325: -0.163541253997
[rosout][INFO] 2019-06-25 12:16:28,377: -0.158406568028
[rosout][INFO] 2019-06-25 12:16:28,429: -0.152451852984
[rosout][INFO] 2019-06-25 12:16:28,480: -0.146805870583
[rosout][INFO] 2019-06-25 12:16:28,539: -0.141372334606
[rosout][INFO] 2019-06-25 12:16:28,591: -0.135933382515
[rosout][INFO] 2019-06-25 12:16:28,643: -0.130541817313
[rosout][INFO] 2019-06-25 12:16:28,707: -0.124819103203
[rosout][INFO] 2019-06-25 12:16:28,766: -0.118872411875
[rosout][INFO] 2019-06-25 12:16:28,836: -0.113647441649
[rosout][INFO] 2019-06-25 12:16:28,883: -0.113647441649
[rosout][INFO] 2019-06-25 12:16:28,928: -0.108362233062
[rosout][INFO] 2019-06-25 12:16:28,973: -0.102353482177
[rosout][INFO] 2019-06-25 12:16:29,029: -0.0969803229141
[rosout][INFO] 2019-06-25 12:16:29,082: -0.0914561444498
[rosout][INFO] 2019-06-25 12:16:29,133: -0.0859345817272
[rosout][INFO] 2019-06-25 12:16:29,190: -0.0803953582712
[rosout][INFO] 2019-06-25 12:16:29,240: -0.0749988381512
[rosout][INFO] 2019-06-25 12:16:29,299: -0.0643206471868
[rosout][INFO] 2019-06-25 12:16:29,349: -0.0588458481296
[rosout][INFO] 2019-06-25 12:16:29,410: -0.0532619391239
[rosout][INFO] 2019-06-25 12:16:29,466: -0.0480654018567
[rosout][INFO] 2019-06-25 12:16:29,516: -0.04301318892
[rosout][INFO] 2019-06-25 12:16:29,572: -0.0377647764717
[rosout][INFO] 2019-06-25 12:16:29,626: -0.0323190150833
[rosout][INFO] 2019-06-25 12:16:30,260: -0.39824540992
[rosout][INFO] 2019-06-25 12:16:30,312: -0.428840942777
[rosout][INFO] 2019-06-25 12:16:30,364: -0.435239522642
[rosout][INFO] 2019-06-25 12:16:30,428: -0.42739858234
[rosout][INFO] 2019-06-25 12:16:30,495: -0.4187437122
[rosout][INFO] 2019-06-25 12:16:30,544: -0.410289649129
[rosout][INFO] 2019-06-25 12:16:30,595: -0.401424851359
[rosout][INFO] 2019-06-25 12:16:30,648: -0.39259773292
[rosout][INFO] 2019-06-25 12:16:30,696: -0.383842655151
[rosout][INFO] 2019-06-25 12:16:30,763: -0.375159228459
[rosout][INFO] 2019-06-25 12:16:30,814: -0.366554919085
[rosout][INFO] 2019-06-25 12:16:30,871: -0.358105220246
[rosout][INFO] 2019-06-25 12:16:30,920: -0.3497773119
[rosout][INFO] 2019-06-25 12:16:30,972: -0.341469691868
[rosout][INFO] 2019-06-25 12:16:31,028: -0.333152880562
[rosout][INFO] 2019-06-25 12:16:31,088: -0.324824464155
[rosout][INFO] 2019-06-25 12:16:31,151: -0.316486749521
[rosout][INFO] 2019-06-25 12:16:31,199: -0.308148260426
[rosout][INFO] 2019-06-25 12:16:31,257: -0.299812649166
[rosout][INFO] 2019-06-25 12:16:31,311: -0.291484096604
[rosout][INFO] 2019-06-25 12:16:31,365: -0.283143582463
[rosout][INFO] 2019-06-25 12:16:31,438: -0.274781212706
[rosout][INFO] 2019-06-25 12:16:31,488: -0.266435845719
[rosout][INFO] 2019-06-25 12:16:31,543: -0.258307316851
[rosout][INFO] 2019-06-25 12:16:31,597: -0.250382056823
[rosout][INFO] 2019-06-25 12:16:31,649: -0.242873253645
[rosout][INFO] 2019-06-25 12:16:31,698: -0.23618218693
[rosout][INFO] 2019-06-25 12:16:31,748: -0.229148771534
[rosout][INFO] 2019-06-25 12:16:31,816: -0.221459386112
[rosout][INFO] 2019-06-25 12:16:31,861: -0.214799466984
[rosout][INFO] 2019-06-25 12:16:31,915: -0.20786547774
[rosout][INFO] 2019-06-25 12:16:31,964: -0.201031097013
[rosout][INFO] 2019-06-25 12:16:32,034: -0.194103464111
[rosout][INFO] 2019-06-25 12:16:32,086: -0.187213124351
[rosout][INFO] 2019-06-25 12:16:32,140: -0.180447112627
[rosout][INFO] 2019-06-25 12:16:32,193: -0.173739438151
[rosout][INFO] 2019-06-25 12:16:32,243: -0.167238008098
[rosout][INFO] 2019-06-25 12:16:32,293: -0.160784430922
[rosout][INFO] 2019-06-25 12:16:32,344: -0.154091426581
[rosout][INFO] 2019-06-25 12:16:32,399: -0.147632285911
[rosout][INFO] 2019-06-25 12:16:32,458: -0.141507838823
[rosout][INFO] 2019-06-25 12:16:32,510: -0.137129519644
[rosout][INFO] 2019-06-25 12:16:32,561: -0.132590001861
[rosout][INFO] 2019-06-25 12:16:32,617: -0.128165062604
[rosout][INFO] 2019-06-25 12:16:32,667: -0.123607710223
[rosout][INFO] 2019-06-25 12:16:32,722: -0.119175673518
[rosout][INFO] 2019-06-25 12:16:32,772: -0.114497711836
[rosout][INFO] 2019-06-25 12:16:32,830: -0.108426024417
[rosout][INFO] 2019-06-25 12:16:32,879: -0.102353317829
[rosout][INFO] 2019-06-25 12:16:32,953: -0.0965083215492
[rosout][INFO] 2019-06-25 12:16:32,987: -0.0906701119839
[rosout][INFO] 2019-06-25 12:16:33,038: -0.0847249932556
[rosout][INFO] 2019-06-25 12:16:33,108: -0.0790333386439
[rosout][INFO] 2019-06-25 12:16:33,159: -0.0736559098971
[rosout][INFO] 2019-06-25 12:16:33,216: -0.0682808830535
[rosout][INFO] 2019-06-25 12:16:33,269: -0.0630278538804
[rosout][INFO] 2019-06-25 12:16:33,319: -0.0578349321572
[rosout][INFO] 2019-06-25 12:16:33,375: -0.052479233529
[rosout][INFO] 2019-06-25 12:16:33,436: -0.047405358947
[rosout][INFO] 2019-06-25 12:16:33,489: -0.04228823676
[rosout][INFO] 2019-06-25 12:16:33,538: -0.0372427866313
[rosout][INFO] 2019-06-25 12:16:33,593: -0.0319452590208
[rosout][INFO] 2019-06-25 12:16:34,181: -0.391268398999
[rosout][INFO] 2019-06-25 12:16:34,238: -0.420091235637
[rosout][INFO] 2019-06-25 12:16:34,319: -0.428747334901
[rosout][INFO] 2019-06-25 12:16:34,379: -0.42263084663
[rosout][INFO] 2019-06-25 12:16:34,430: -0.415486205978
[rosout][INFO] 2019-06-25 12:16:34,488: -0.408476925826
[rosout][INFO] 2019-06-25 12:16:34,538: -0.40209130673
[rosout][INFO] 2019-06-25 12:16:34,595: -0.395127312312
[rosout][INFO] 2019-06-25 12:16:34,650: -0.388476544282
[rosout][INFO] 2019-06-25 12:16:34,702: -0.381698555482
[rosout][INFO] 2019-06-25 12:16:34,753: -0.374664225147
[rosout][INFO] 2019-06-25 12:16:34,811: -0.367911870454
[rosout][INFO] 2019-06-25 12:16:34,867: -0.360859180602
[rosout][INFO] 2019-06-25 12:16:34,923: -0.35444297002
[rosout][INFO] 2019-06-25 12:16:34,976: -0.347600794941
[rosout][INFO] 2019-06-25 12:16:35,024: -0.340638701399
[rosout][INFO] 2019-06-25 12:16:35,075: -0.334071233068
[rosout][INFO] 2019-06-25 12:16:35,125: -0.327363756486
[rosout][INFO] 2019-06-25 12:16:35,178: -0.320226768863
[rosout][INFO] 2019-06-25 12:16:35,230: -0.312899162165
[rosout][INFO] 2019-06-25 12:16:35,287: -0.305993977932
[rosout][INFO] 2019-06-25 12:16:35,350: -0.299583585619
[rosout][INFO] 2019-06-25 12:16:35,407: -0.293120856866
[rosout][INFO] 2019-06-25 12:16:35,477: -0.28653420327
[rosout][INFO] 2019-06-25 12:16:35,522: -0.280960076081
[rosout][INFO] 2019-06-25 12:16:35,575: -0.27468094797
[rosout][INFO] 2019-06-25 12:16:35,625: -0.268249161391
[rosout][INFO] 2019-06-25 12:16:35,679: -0.261542031066
[rosout][INFO] 2019-06-25 12:16:35,743: -0.255411048313
[rosout][INFO] 2019-06-25 12:16:35,807: -0.249165662356
[rosout][INFO] 2019-06-25 12:16:35,864: -0.243563251929
[rosout][INFO] 2019-06-25 12:16:35,921: -0.237507241858
[rosout][INFO] 2019-06-25 12:16:35,972: -0.231345472889
[rosout][INFO] 2019-06-25 12:16:36,024: -0.225483183742
[rosout][INFO] 2019-06-25 12:16:36,087: -0.218940104643
[rosout][INFO] 2019-06-25 12:16:36,131: -0.212840959381
[rosout][INFO] 2019-06-25 12:16:36,183: -0.206515603623
[rosout][INFO] 2019-06-25 12:16:36,235: -0.199854232248
[rosout][INFO] 2019-06-25 12:16:36,292: -0.193411108408
[rosout][INFO] 2019-06-25 12:16:36,343: -0.187020286308
[rosout][INFO] 2019-06-25 12:16:36,406: -0.18043430836
[rosout][INFO] 2019-06-25 12:16:36,460: -0.174343012639
[rosout][INFO] 2019-06-25 12:16:36,506: -0.168167733909
[rosout][INFO] 2019-06-25 12:16:36,563: -0.162001003597
[rosout][INFO] 2019-06-25 12:16:36,617: -0.156006961442
[rosout][INFO] 2019-06-25 12:16:36,671: -0.150191269164
[rosout][INFO] 2019-06-25 12:16:36,719: -0.144309232826
[rosout][INFO] 2019-06-25 12:16:36,769: -0.138273110553
[rosout][INFO] 2019-06-25 12:16:36,823: -0.132485182155
[rosout][INFO] 2019-06-25 12:16:36,887: -0.126746176517
[rosout][INFO] 2019-06-25 12:16:36,966: -0.121030136878
[rosout][INFO] 2019-06-25 12:16:37,009: -0.115321268364
[rosout][INFO] 2019-06-25 12:16:37,056: -0.1094341302
[rosout][INFO] 2019-06-25 12:16:37,107: -0.104135974799
[rosout][INFO] 2019-06-25 12:16:37,153: -0.104135974799
[rosout][INFO] 2019-06-25 12:16:37,211: -0.0987768616272
[rosout][INFO] 2019-06-25 12:16:37,257: -0.0934292342741
[rosout][INFO] 2019-06-25 12:16:37,307: -0.0882979221642
[rosout][INFO] 2019-06-25 12:16:37,360: -0.0829667315335
[rosout][INFO] 2019-06-25 12:16:37,415: -0.0729061338554
[rosout][INFO] 2019-06-25 12:16:37,470: -0.068028899608
[rosout][INFO] 2019-06-25 12:16:37,524: -0.0629674589174
[rosout][INFO] 2019-06-25 12:16:37,574: -0.0580079544461
[rosout][INFO] 2019-06-25 12:16:37,630: -0.0528673305384
[rosout][INFO] 2019-06-25 12:16:37,688: -0.0477254690924
[rosout][INFO] 2019-06-25 12:16:37,745: -0.0424459877011
[rosout][INFO] 2019-06-25 12:16:37,801: -0.0372255590332
[rosout][INFO] 2019-06-25 12:16:37,851: -0.0321201817452
[rosout][INFO] 2019-06-25 12:16:38,810: -0.381030464039
[rosout][INFO] 2019-06-25 12:16:38,866: -0.461329283297
[rosout][INFO] 2019-06-25 12:16:38,920: -0.469856620209
[rosout][INFO] 2019-06-25 12:16:38,978: -0.462795538339
[rosout][INFO] 2019-06-25 12:16:39,030: -0.454595028954
[rosout][INFO] 2019-06-25 12:16:39,080: -0.446477593278
[rosout][INFO] 2019-06-25 12:16:39,132: -0.438424637905
[rosout][INFO] 2019-06-25 12:16:39,213: -0.43045617687
[rosout][INFO] 2019-06-25 12:16:39,259: -0.422546017838
[rosout][INFO] 2019-06-25 12:16:39,311: -0.414701856114
[rosout][INFO] 2019-06-25 12:16:39,386: -0.406891595747
[rosout][INFO] 2019-06-25 12:16:39,408: -0.399161626565
[rosout][INFO] 2019-06-25 12:16:39,460: -0.391608485275
[rosout][INFO] 2019-06-25 12:16:39,511: -0.383756253358
[rosout][INFO] 2019-06-25 12:16:39,562: -0.376582862244
[rosout][INFO] 2019-06-25 12:16:39,612: -0.368967513542
[rosout][INFO] 2019-06-25 12:16:39,669: -0.362004772213
[rosout][INFO] 2019-06-25 12:16:39,727: -0.354624776973
[rosout][INFO] 2019-06-25 12:16:39,777: -0.34750584218
[rosout][INFO] 2019-06-25 12:16:39,850: -0.340482998887
[rosout][INFO] 2019-06-25 12:16:39,889: -0.334305927373
[rosout][INFO] 2019-06-25 12:16:39,952: -0.32762179818
[rosout][INFO] 2019-06-25 12:16:40,001: -0.321027746356
[rosout][INFO] 2019-06-25 12:16:40,050: -0.314490450093
[rosout][INFO] 2019-06-25 12:16:40,100: -0.307827461888
[rosout][INFO] 2019-06-25 12:16:40,147: -0.301118795593
[rosout][INFO] 2019-06-25 12:16:40,197: -0.294678596115
[rosout][INFO] 2019-06-25 12:16:40,253: -0.28798457202
[rosout][INFO] 2019-06-25 12:16:40,302: -0.28798457202
[rosout][INFO] 2019-06-25 12:16:40,354: -0.281039441832
[rosout][INFO] 2019-06-25 12:16:40,410: -0.274360178995
[rosout][INFO] 2019-06-25 12:16:40,472: -0.260837387073
[rosout][INFO] 2019-06-25 12:16:40,525: -0.254710905325
[rosout][INFO] 2019-06-25 12:16:40,572: -0.248083318945
[rosout][INFO] 2019-06-25 12:16:40,629: -0.241558917479
[rosout][INFO] 2019-06-25 12:16:40,682: -0.235138523841
[rosout][INFO] 2019-06-25 12:16:40,738: -0.229708858981
[rosout][INFO] 2019-06-25 12:16:40,793: -0.223437790998
[rosout][INFO] 2019-06-25 12:16:40,845: -0.21725256099
[rosout][INFO] 2019-06-25 12:16:40,896: -0.211211289211
[rosout][INFO] 2019-06-25 12:16:40,948: -0.204964270881
[rosout][INFO] 2019-06-25 12:16:41,005: -0.198725387574
[rosout][INFO] 2019-06-25 12:16:41,065: -0.192589501255
[rosout][INFO] 2019-06-25 12:16:41,117: -0.186330809156
[rosout][INFO] 2019-06-25 12:16:41,170: -0.180381044454
[rosout][INFO] 2019-06-25 12:16:41,221: -0.175110326543
[rosout][INFO] 2019-06-25 12:16:41,279: -0.169245165668
[rosout][INFO] 2019-06-25 12:16:41,332: -0.163228407021
[rosout][INFO] 2019-06-25 12:16:41,392: -0.158011002201
[rosout][INFO] 2019-06-25 12:16:41,449: -0.151994302754
[rosout][INFO] 2019-06-25 12:16:41,503: -0.146884210617
[rosout][INFO] 2019-06-25 12:16:41,555: -0.141668552173
[rosout][INFO] 2019-06-25 12:16:41,604: -0.136409879036
[rosout][INFO] 2019-06-25 12:16:41,659: -0.131247324929
[rosout][INFO] 2019-06-25 12:16:41,712: -0.126015447367
[rosout][INFO] 2019-06-25 12:16:41,765: -0.120942055077
[rosout][INFO] 2019-06-25 12:16:41,818: -0.115910269712
[rosout][INFO] 2019-06-25 12:16:41,889: -0.110980222862
[rosout][INFO] 2019-06-25 12:16:41,940: -0.105942753439
[rosout][INFO] 2019-06-25 12:16:41,988: -0.100737478022
[rosout][INFO] 2019-06-25 12:16:42,044: -0.0958259019164
[rosout][INFO] 2019-06-25 12:16:42,097: -0.0906646828021
[rosout][INFO] 2019-06-25 12:16:42,151: -0.0855823021152
[rosout][INFO] 2019-06-25 12:16:42,202: -0.0802011941238
[rosout][INFO] 2019-06-25 12:16:42,258: -0.0752129489061
[rosout][INFO] 2019-06-25 12:16:42,311: -0.0703049791543
[rosout][INFO] 2019-06-25 12:16:42,364: -0.0651075169925
[rosout][INFO] 2019-06-25 12:16:42,416: -0.060045598621
[rosout][INFO] 2019-06-25 12:16:42,483: -0.0549626697753
[rosout][INFO] 2019-06-25 12:16:42,528: -0.0499933721831
[rosout][INFO] 2019-06-25 12:16:42,582: -0.0447864630214
[rosout][INFO] 2019-06-25 12:16:42,635: -0.0394918692197
[rosout][INFO] 2019-06-25 12:16:42,687: -0.0342971019096
[rosout][INFO] 2019-06-25 12:16:43,247: -0.419579457706
[rosout][INFO] 2019-06-25 12:16:43,301: -0.463353274997
[rosout][INFO] 2019-06-25 12:16:43,354: -0.478771594695
[rosout][INFO] 2019-06-25 12:16:43,420: -0.470798562795
[rosout][INFO] 2019-06-25 12:16:43,477: -0.463059819961
[rosout][INFO] 2019-06-25 12:16:43,519: -0.455154599627
[rosout][INFO] 2019-06-25 12:16:43,585: -0.447298552315
[rosout][INFO] 2019-06-25 12:16:43,625: -0.439483269692
[rosout][INFO] 2019-06-25 12:16:43,679: -0.431741759508
[rosout][INFO] 2019-06-25 12:16:43,740: -0.424121324845
[rosout][INFO] 2019-06-25 12:16:43,790: -0.41592852657
[rosout][INFO] 2019-06-25 12:16:43,846: -0.407619526203
[rosout][INFO] 2019-06-25 12:16:43,898: -0.399246224463
[rosout][INFO] 2019-06-25 12:16:43,953: -0.391314553529
[rosout][INFO] 2019-06-25 12:16:44,007: -0.384039230216
[rosout][INFO] 2019-06-25 12:16:44,061: -0.376218232886
[rosout][INFO] 2019-06-25 12:16:44,114: -0.368898685305
[rosout][INFO] 2019-06-25 12:16:44,166: -0.361438547499
[rosout][INFO] 2019-06-25 12:16:44,214: -0.356157586817
[rosout][INFO] 2019-06-25 12:16:44,294: -0.349126533158
[rosout][INFO] 2019-06-25 12:16:44,348: -0.341661649636
[rosout][INFO] 2019-06-25 12:16:44,407: -0.334298739241
[rosout][INFO] 2019-06-25 12:16:44,466: -0.327358697599
[rosout][INFO] 2019-06-25 12:16:44,518: -0.320523471662
[rosout][INFO] 2019-06-25 12:16:44,576: -0.313675650662
[rosout][INFO] 2019-06-25 12:16:44,632: -0.30670006575
[rosout][INFO] 2019-06-25 12:16:44,683: -0.300087044652
[rosout][INFO] 2019-06-25 12:16:44,730: -0.29352406631
[rosout][INFO] 2019-06-25 12:16:44,788: -0.287028002946
[rosout][INFO] 2019-06-25 12:16:44,833: -0.280631338199
[rosout][INFO] 2019-06-25 12:16:44,917: -0.274284342961
[rosout][INFO] 2019-06-25 12:16:44,940: -0.268011854219
[rosout][INFO] 2019-06-25 12:16:45,004: -0.261634646032
[rosout][INFO] 2019-06-25 12:16:45,049: -0.254913537966
[rosout][INFO] 2019-06-25 12:16:45,105: -0.24848705742
[rosout][INFO] 2019-06-25 12:16:45,163: -0.242335374581
[rosout][INFO] 2019-06-25 12:16:45,213: -0.235998582693
[rosout][INFO] 2019-06-25 12:16:45,268: -0.229784629378
[rosout][INFO] 2019-06-25 12:16:45,318: -0.223723992122
[rosout][INFO] 2019-06-25 12:16:45,381: -0.217937700535
[rosout][INFO] 2019-06-25 12:16:45,429: -0.211928876066
[rosout][INFO] 2019-06-25 12:16:45,480: -0.20596434932
[rosout][INFO] 2019-06-25 12:16:45,534: -0.200435740203
[rosout][INFO] 2019-06-25 12:16:45,596: -0.194416868993
[rosout][INFO] 2019-06-25 12:16:45,648: -0.188636156484
[rosout][INFO] 2019-06-25 12:16:45,702: -0.182528250057
[rosout][INFO] 2019-06-25 12:16:45,754: -0.176449491734
[rosout][INFO] 2019-06-25 12:16:45,806: -0.171528033655
[rosout][INFO] 2019-06-25 12:16:45,865: -0.166265719028
[rosout][INFO] 2019-06-25 12:16:45,918: -0.161017959783
[rosout][INFO] 2019-06-25 12:16:45,978: -0.1557814515
[rosout][INFO] 2019-06-25 12:16:46,031: -0.150575262887
[rosout][INFO] 2019-06-25 12:16:46,082: -0.145663618618
[rosout][INFO] 2019-06-25 12:16:46,141: -0.14038363807
[rosout][INFO] 2019-06-25 12:16:46,188: -0.135094495341
[rosout][INFO] 2019-06-25 12:16:46,241: -0.129935690724
[rosout][INFO] 2019-06-25 12:16:46,295: -0.124797505359
[rosout][INFO] 2019-06-25 12:16:46,358: -0.119678138393
[rosout][INFO] 2019-06-25 12:16:46,412: -0.114505369644
[rosout][INFO] 2019-06-25 12:16:46,460: -0.109351312256
[rosout][INFO] 2019-06-25 12:16:46,514: -0.104186917738
[rosout][INFO] 2019-06-25 12:16:46,566: -0.0991937012225
[rosout][INFO] 2019-06-25 12:16:46,618: -0.0940562250299
[rosout][INFO] 2019-06-25 12:16:46,669: -0.0888537671449
[rosout][INFO] 2019-06-25 12:16:46,722: -0.0839086382332
[rosout][INFO] 2019-06-25 12:16:46,775: -0.0788101171959
[rosout][INFO] 2019-06-25 12:16:46,828: -0.0736090468776
[rosout][INFO] 2019-06-25 12:16:46,881: -0.0685147527292
[rosout][INFO] 2019-06-25 12:16:46,936: -0.0635359667702
[rosout][INFO] 2019-06-25 12:16:46,992: -0.0586259148212
[rosout][INFO] 2019-06-25 12:16:47,036: -0.0534466305014
[rosout][INFO] 2019-06-25 12:16:47,088: -0.0481934841154
[rosout][INFO] 2019-06-25 12:16:47,143: -0.0429281461752
[rosout][INFO] 2019-06-25 12:16:47,228: -0.0376504213658
[rosout][INFO] 2019-06-25 12:16:47,266: -0.0323600940339
[rosout][INFO] 2019-06-25 12:16:49,505: -0.404099392541
[rosout][INFO] 2019-06-25 12:16:49,551: -0.446645029027
[rosout][INFO] 2019-06-25 12:16:49,615: -0.466142698353
[rosout][INFO] 2019-06-25 12:16:49,667: -0.459461422407
[rosout][INFO] 2019-06-25 12:16:49,714: -0.4526486336
[rosout][INFO] 2019-06-25 12:16:49,767: -0.445964008451
[rosout][INFO] 2019-06-25 12:16:49,825: -0.439334403737
[rosout][INFO] 2019-06-25 12:16:49,882: -0.432776024792
[rosout][INFO] 2019-06-25 12:16:49,948: -0.426325677915
[rosout][INFO] 2019-06-25 12:16:49,990: -0.419936917292
[rosout][INFO] 2019-06-25 12:16:50,041: -0.413631235341
[rosout][INFO] 2019-06-25 12:16:50,092: -0.407445018061
[rosout][INFO] 2019-06-25 12:16:50,151: -0.400981488223
[rosout][INFO] 2019-06-25 12:16:50,200: -0.394623354004
[rosout][INFO] 2019-06-25 12:16:50,254: -0.388733677421
[rosout][INFO] 2019-06-25 12:16:50,305: -0.38239933242
[rosout][INFO] 2019-06-25 12:16:50,360: -0.375792892923
[rosout][INFO] 2019-06-25 12:16:50,410: -0.36949416027
[rosout][INFO] 2019-06-25 12:16:50,475: -0.363228216162
[rosout][INFO] 2019-06-25 12:16:50,527: -0.357243450504
[rosout][INFO] 2019-06-25 12:16:50,582: -0.351225448537
[rosout][INFO] 2019-06-25 12:16:50,638: -0.345219231521
[rosout][INFO] 2019-06-25 12:16:50,692: -0.339563505379
[rosout][INFO] 2019-06-25 12:16:50,749: -0.333915915609
[rosout][INFO] 2019-06-25 12:16:50,799: -0.32834458519
[rosout][INFO] 2019-06-25 12:16:50,854: -0.323109951227
[rosout][INFO] 2019-06-25 12:16:50,908: -0.317144179089
[rosout][INFO] 2019-06-25 12:16:50,961: -0.311895258622
[rosout][INFO] 2019-06-25 12:16:51,012: -0.306618543481
[rosout][INFO] 2019-06-25 12:16:51,065: -0.301503810069
[rosout][INFO] 2019-06-25 12:16:51,119: -0.301503810069
[rosout][INFO] 2019-06-25 12:16:51,176: -0.291213759385
[rosout][INFO] 2019-06-25 12:16:51,229: -0.286047890003
[rosout][INFO] 2019-06-25 12:16:51,296: -0.280717746674
[rosout][INFO] 2019-06-25 12:16:51,362: -0.275480775179
[rosout][INFO] 2019-06-25 12:16:51,404: -0.270340965077
[rosout][INFO] 2019-06-25 12:16:51,469: -0.26496950018
[rosout][INFO] 2019-06-25 12:16:51,521: -0.259798879498
[rosout][INFO] 2019-06-25 12:16:51,568: -0.254801384905
[rosout][INFO] 2019-06-25 12:16:51,619: -0.249591769854
[rosout][INFO] 2019-06-25 12:16:51,674: -0.244613596583
[rosout][INFO] 2019-06-25 12:16:51,730: -0.239452480987
[rosout][INFO] 2019-06-25 12:16:51,789: -0.23442685692
[rosout][INFO] 2019-06-25 12:16:51,837: -0.229223239867
[rosout][INFO] 2019-06-25 12:16:51,900: -0.224032132488
[rosout][INFO] 2019-06-25 12:16:51,952: -0.21889942077
[rosout][INFO] 2019-06-25 12:16:52,004: -0.213613075236
[rosout][INFO] 2019-06-25 12:16:52,059: -0.208399988803
[rosout][INFO] 2019-06-25 12:16:52,109: -0.203163464113
[rosout][INFO] 2019-06-25 12:16:52,162: -0.198147881764
[rosout][INFO] 2019-06-25 12:16:52,222: -0.193118135224
[rosout][INFO] 2019-06-25 12:16:52,270: -0.188068717104
[rosout][INFO] 2019-06-25 12:16:52,329: -0.183029379923
[rosout][INFO] 2019-06-25 12:16:52,382: -0.177904656109
[rosout][INFO] 2019-06-25 12:16:52,432: -0.172843934119
[rosout][INFO] 2019-06-25 12:16:52,484: -0.16770274815
[rosout][INFO] 2019-06-25 12:16:52,552: -0.162246056784
[rosout][INFO] 2019-06-25 12:16:52,594: -0.157199127144
[rosout][INFO] 2019-06-25 12:16:52,652: -0.152129721925
[rosout][INFO] 2019-06-25 12:16:52,706: -0.14691800154
[rosout][INFO] 2019-06-25 12:16:52,763: -0.141636943244
[rosout][INFO] 2019-06-25 12:16:52,811: -0.136795603876
[rosout][INFO] 2019-06-25 12:16:52,865: -0.131808277618
[rosout][INFO] 2019-06-25 12:16:52,926: -0.126642889322
[rosout][INFO] 2019-06-25 12:16:52,978: -0.121610779398
[rosout][INFO] 2019-06-25 12:16:53,028: -0.116076974169
[rosout][INFO] 2019-06-25 12:16:53,090: -0.11084232753
[rosout][INFO] 2019-06-25 12:16:53,141: -0.105538735805
[rosout][INFO] 2019-06-25 12:16:53,195: -0.100367349913
[rosout][INFO] 2019-06-25 12:16:53,260: -0.0950491579516
[rosout][INFO] 2019-06-25 12:16:53,305: -0.0896850328759
[rosout][INFO] 2019-06-25 12:16:53,356: -0.084432411023
[rosout][INFO] 2019-06-25 12:16:53,412: -0.0792297328598
[rosout][INFO] 2019-06-25 12:16:53,462: -0.0738242239326
[rosout][INFO] 2019-06-25 12:16:53,521: -0.0683054507979
[rosout][INFO] 2019-06-25 12:16:53,567: -0.0629159297846
[rosout][INFO] 2019-06-25 12:16:53,632: -0.0574754425031
[rosout][INFO] 2019-06-25 12:16:53,697: -0.0519474823232
[rosout][INFO] 2019-06-25 12:16:53,747: -0.0465571827633
[rosout][INFO] 2019-06-25 12:16:53,795: -0.0412468296059
[rosout][INFO] 2019-06-25 12:16:53,849: -0.036051439069
[rosout][INFO] 2019-06-25 12:16:53,914: -0.0304776502217
[rosout][INFO] 2019-06-25 12:16:54,884: 0.423877205645
[rosout][INFO] 2019-06-25 12:16:54,935: 0.474600387552
[rosout][INFO] 2019-06-25 12:16:54,990: 0.490426474993
[rosout][INFO] 2019-06-25 12:16:55,045: 0.484102784896
[rosout][INFO] 2019-06-25 12:16:55,128: 0.477264438445
[rosout][INFO] 2019-06-25 12:16:55,166: 0.470427046244
[rosout][INFO] 2019-06-25 12:16:55,232: 0.463718488442
[rosout][INFO] 2019-06-25 12:16:55,275: 0.463718488442
[rosout][INFO] 2019-06-25 12:16:55,324: 0.457127694568
[rosout][INFO] 2019-06-25 12:16:55,380: 0.450958105305
[rosout][INFO] 2019-06-25 12:16:55,427: 0.444586430459
[rosout][INFO] 2019-06-25 12:16:55,508: 0.432002676274
[rosout][INFO] 2019-06-25 12:16:55,541: 0.425842995348
[rosout][INFO] 2019-06-25 12:16:55,601: 0.419493711786
[rosout][INFO] 2019-06-25 12:16:55,657: 0.412681866462
[rosout][INFO] 2019-06-25 12:16:55,718: 0.405945144307
[rosout][INFO] 2019-06-25 12:16:55,778: 0.399329916579
[rosout][INFO] 2019-06-25 12:16:55,839: 0.392769544818
[rosout][INFO] 2019-06-25 12:16:55,892: 0.386287012758
[rosout][INFO] 2019-06-25 12:16:55,941: 0.379914573978
[rosout][INFO] 2019-06-25 12:16:55,996: 0.373585733148
[rosout][INFO] 2019-06-25 12:16:56,045: 0.367337691569
[rosout][INFO] 2019-06-25 12:16:56,096: 0.361200287993
[rosout][INFO] 2019-06-25 12:16:56,147: 0.355107992839
[rosout][INFO] 2019-06-25 12:16:56,204: 0.349090338735
[rosout][INFO] 2019-06-25 12:16:56,260: 0.343653345409
[rosout][INFO] 2019-06-25 12:16:56,340: 0.337810171256
[rosout][INFO] 2019-06-25 12:16:56,390: 0.332540761532
[rosout][INFO] 2019-06-25 12:16:56,443: 0.326906825106
[rosout][INFO] 2019-06-25 12:16:56,497: 0.321478204874
[rosout][INFO] 2019-06-25 12:16:56,550: 0.316512631464
[rosout][INFO] 2019-06-25 12:16:56,613: 0.311070133513
[rosout][INFO] 2019-06-25 12:16:56,660: 0.305550431247
[rosout][INFO] 2019-06-25 12:16:56,723: 0.300109405342
[rosout][INFO] 2019-06-25 12:16:56,781: 0.294866735254
[rosout][INFO] 2019-06-25 12:16:56,830: 0.289960536267
[rosout][INFO] 2019-06-25 12:16:56,882: 0.28481456324
[rosout][INFO] 2019-06-25 12:16:56,938: 0.279792826964
[rosout][INFO] 2019-06-25 12:16:56,991: 0.279792826964
[rosout][INFO] 2019-06-25 12:16:57,044: 0.269490300968
[rosout][INFO] 2019-06-25 12:16:57,100: 0.269490300968
[rosout][INFO] 2019-06-25 12:16:57,150: 0.264573618663
[rosout][INFO] 2019-06-25 12:16:57,203: 0.255021186495
[rosout][INFO] 2019-06-25 12:16:57,264: 0.250209807727
[rosout][INFO] 2019-06-25 12:16:57,324: 0.245764977902
[rosout][INFO] 2019-06-25 12:16:57,378: 0.241010644703
[rosout][INFO] 2019-06-25 12:16:57,429: 0.236050112751
[rosout][INFO] 2019-06-25 12:16:57,485: 0.23141914256
[rosout][INFO] 2019-06-25 12:16:57,537: 0.226931953732
[rosout][INFO] 2019-06-25 12:16:57,593: 0.222327471296
[rosout][INFO] 2019-06-25 12:16:57,643: 0.217459182508
[rosout][INFO] 2019-06-25 12:16:57,704: 0.212681693219
[rosout][INFO] 2019-06-25 12:16:57,754: 0.207756628962
[rosout][INFO] 2019-06-25 12:16:57,805: 0.202930697878
[rosout][INFO] 2019-06-25 12:16:57,866: 0.198011170356
[rosout][INFO] 2019-06-25 12:16:57,915: 0.193074281656
[rosout][INFO] 2019-06-25 12:16:57,978: 0.188076593566
[rosout][INFO] 2019-06-25 12:16:58,036: 0.183113675488
[rosout][INFO] 2019-06-25 12:16:58,088: 0.178222662941
[rosout][INFO] 2019-06-25 12:16:58,144: 0.173366176182
[rosout][INFO] 2019-06-25 12:16:58,203: 0.168421395913
[rosout][INFO] 2019-06-25 12:16:58,254: 0.163715517279
[rosout][INFO] 2019-06-25 12:16:58,311: 0.158897787312
[rosout][INFO] 2019-06-25 12:16:58,367: 0.154113377828
[rosout][INFO] 2019-06-25 12:16:58,417: 0.149254803038
[rosout][INFO] 2019-06-25 12:16:58,469: 0.14454007928
[rosout][INFO] 2019-06-25 12:16:58,524: 0.139719397494
[rosout][INFO] 2019-06-25 12:16:58,581: 0.135003782624
[rosout][INFO] 2019-06-25 12:16:58,634: 0.130188588289
[rosout][INFO] 2019-06-25 12:16:58,699: 0.125295909572
[rosout][INFO] 2019-06-25 12:16:58,749: 0.120136709653
[rosout][INFO] 2019-06-25 12:16:58,798: 0.115108780353
[rosout][INFO] 2019-06-25 12:16:58,871: 0.110135921126
[rosout][INFO] 2019-06-25 12:16:58,917: 0.105108813663
[rosout][INFO] 2019-06-25 12:16:58,972: 0.100162881132
[rosout][INFO] 2019-06-25 12:16:59,021: 0.0953422263465
[rosout][INFO] 2019-06-25 12:16:59,085: 0.0905306972057
[rosout][INFO] 2019-06-25 12:16:59,138: 0.085709103237
[rosout][INFO] 2019-06-25 12:16:59,189: 0.0810813246441
[rosout][INFO] 2019-06-25 12:16:59,240: 0.0761870331359
[rosout][INFO] 2019-06-25 12:16:59,303: 0.071079803735
[rosout][INFO] 2019-06-25 12:16:59,356: 0.0662190915784
[rosout][INFO] 2019-06-25 12:16:59,405: 0.0612585505436
[rosout][INFO] 2019-06-25 12:16:59,467: 0.0565043388726
[rosout][INFO] 2019-06-25 12:16:59,522: 0.0516192189318
[rosout][INFO] 2019-06-25 12:16:59,573: 0.0467760608358
[rosout][INFO] 2019-06-25 12:16:59,629: 0.041887369079
[rosout][INFO] 2019-06-25 12:16:59,680: 0.0368014860559
[rosout][INFO] 2019-06-25 12:16:59,745: 0.0321316568259
[rospy.core][INFO] 2019-06-25 12:17:05,120: signal_shutdown [signal-2]
[rospy.internal][INFO] 2019-06-25 12:17:05,127: topic[/rosout] removing connection to /rosout
[rospy.internal][INFO] 2019-06-25 12:17:05,127: topic[/cmd_vel] removing connection to /gazebo
[rospy.internal][INFO] 2019-06-25 12:17:05,128: topic[/clock] removing connection to http://dc5b429f784e:44243/
[rospy.internal][INFO] 2019-06-25 12:17:05,128: topic[/odom] removing connection to http://dc5b429f784e:44243/
[rospy.impl.masterslave][INFO] 2019-06-25 12:17:05,129: signal-2
[rospy.internal][ERROR] 2019-06-25 12:17:05,130: Traceback (most recent call last):
  File "/opt/ros/kinetic/lib/python2.7/dist-packages/rospy/impl/tcpros_base.py", line 729, in receive_once
    self.stat_bytes += recv_buff(sock, b, p.buff_size)
  File "/opt/ros/kinetic/lib/python2.7/dist-packages/rospy/impl/tcpros_base.py", line 103, in recv_buff
    d = sock.recv(buff_size)
error: [Errno 104] Connection reset by peer

[rospy.core][INFO] 2019-06-25 12:17:05,257: signal_shutdown [atexit]
