[rospy.client][INFO] 2019-06-14 14:11:43,023: init_node, name[/urdf_spawner], pid[410]
[xmlrpc][INFO] 2019-06-14 14:11:43,024: XML-RPC server binding to 0.0.0.0:0
[xmlrpc][INFO] 2019-06-14 14:11:43,024: Started XML-RPC server [http://dc5b429f784e:44421/]
[rospy.init][INFO] 2019-06-14 14:11:43,024: ROS Slave URI: [http://dc5b429f784e:44421/]
[rospy.impl.masterslave][INFO] 2019-06-14 14:11:43,025: _ready: http://dc5b429f784e:44421/
[xmlrpc][INFO] 2019-06-14 14:11:43,026: xml rpc node: starting XML-RPC server
[rospy.registration][INFO] 2019-06-14 14:11:43,026: Registering with master node http://localhost:11311
[rospy.init][INFO] 2019-06-14 14:11:43,125: registered with master
[rospy.rosout][INFO] 2019-06-14 14:11:43,125: initializing /rosout core topic
[rospy.rosout][INFO] 2019-06-14 14:11:43,128: connected to core topic /rosout
[rospy.simtime][INFO] 2019-06-14 14:11:43,130: initializing /clock core topic
[rospy.simtime][INFO] 2019-06-14 14:11:43,132: connected to core topic /clock
[rosout][INFO] 2019-06-14 14:11:43,136: Loading model XML from ros parameter
[rosout][INFO] 2019-06-14 14:11:43,138: Waiting for service /gazebo/spawn_urdf_model
[rosout][INFO] 2019-06-14 14:11:43,139: Calling service /gazebo/spawn_urdf_model
[rospy.internal][INFO] 2019-06-14 14:11:43,142: topic[/clock] adding connection to [http://dc5b429f784e:36711/], count 0
[rosout][INFO] 2019-06-14 14:11:43,303: Spawn status: SpawnModel: Successfully spawned entity
[rospy.core][INFO] 2019-06-14 14:11:43,309: signal_shutdown [atexit]
[rospy.internal][INFO] 2019-06-14 14:11:43,312: topic[/clock] removing connection to http://dc5b429f784e:36711/
[rospy.impl.masterslave][INFO] 2019-06-14 14:11:43,312: atexit
