[rospy.client][INFO] 2019-06-25 12:29:23,110: init_node, name[/mybot_spawn], pid[57365]
[xmlrpc][INFO] 2019-06-25 12:29:23,110: XML-RPC server binding to 0.0.0.0:0
[xmlrpc][INFO] 2019-06-25 12:29:23,111: Started XML-RPC server [http://dc5b429f784e:45805/]
[rospy.impl.masterslave][INFO] 2019-06-25 12:29:23,111: _ready: http://dc5b429f784e:45805/
[rospy.init][INFO] 2019-06-25 12:29:23,111: ROS Slave URI: [http://dc5b429f784e:45805/]
[xmlrpc][INFO] 2019-06-25 12:29:23,112: xml rpc node: starting XML-RPC server
[rospy.registration][INFO] 2019-06-25 12:29:23,113: Registering with master node http://localhost:11311
[rospy.init][INFO] 2019-06-25 12:29:23,212: registered with master
[rospy.rosout][INFO] 2019-06-25 12:29:23,213: initializing /rosout core topic
[rospy.rosout][INFO] 2019-06-25 12:29:23,216: connected to core topic /rosout
[rospy.simtime][INFO] 2019-06-25 12:29:23,217: initializing /clock core topic
[rospy.simtime][INFO] 2019-06-25 12:29:23,220: connected to core topic /clock
[rosout][INFO] 2019-06-25 12:29:23,224: Loading model XML from ros parameter
[rosout][INFO] 2019-06-25 12:29:23,227: Waiting for service /gazebo/spawn_urdf_model
[rospy.internal][INFO] 2019-06-25 12:29:23,229: topic[/clock] adding connection to [http://dc5b429f784e:46453/], count 0
[rosout][INFO] 2019-06-25 12:29:23,230: Calling service /gazebo/spawn_urdf_model
[rospy.internal][INFO] 2019-06-25 12:29:23,475: topic[/rosout] adding connection to [/rosout], count 0
[rosout][INFO] 2019-06-25 12:29:23,572: Spawn status: SpawnModel: Successfully spawned entity
[rospy.core][INFO] 2019-06-25 12:29:23,573: signal_shutdown [atexit]
[rospy.internal][INFO] 2019-06-25 12:29:23,576: topic[/rosout] removing connection to /rosout
[rospy.internal][INFO] 2019-06-25 12:29:23,577: topic[/clock] removing connection to http://dc5b429f784e:46453/
[rospy.impl.masterslave][INFO] 2019-06-25 12:29:23,577: atexit
