[rospy.client][INFO] 2019-06-28 13:25:16,395: init_node, name[/mybot_spawn], pid[486]
[xmlrpc][INFO] 2019-06-28 13:25:16,396: XML-RPC server binding to 0.0.0.0:0
[xmlrpc][INFO] 2019-06-28 13:25:16,396: Started XML-RPC server [http://dc5b429f784e:40681/]
[rospy.impl.masterslave][INFO] 2019-06-28 13:25:16,396: _ready: http://dc5b429f784e:40681/
[rospy.init][INFO] 2019-06-28 13:25:16,397: ROS Slave URI: [http://dc5b429f784e:40681/]
[xmlrpc][INFO] 2019-06-28 13:25:16,397: xml rpc node: starting XML-RPC server
[rospy.registration][INFO] 2019-06-28 13:25:16,398: Registering with master node http://localhost:11311
[rospy.init][INFO] 2019-06-28 13:25:16,497: registered with master
[rospy.rosout][INFO] 2019-06-28 13:25:16,497: initializing /rosout core topic
[rospy.rosout][INFO] 2019-06-28 13:25:16,500: connected to core topic /rosout
[rospy.simtime][INFO] 2019-06-28 13:25:16,501: initializing /clock core topic
[rospy.simtime][INFO] 2019-06-28 13:25:16,504: connected to core topic /clock
[rosout][INFO] 2019-06-28 13:25:16,508: Loading model XML from ros parameter
[rosout][INFO] 2019-06-28 13:25:16,510: Waiting for service /gazebo/spawn_urdf_model
[rosout][INFO] 2019-06-28 13:25:16,513: Calling service /gazebo/spawn_urdf_model
[rospy.internal][INFO] 2019-06-28 13:25:16,515: topic[/clock] adding connection to [http://dc5b429f784e:34841/], count 0
[rospy.internal][INFO] 2019-06-28 13:25:16,715: topic[/rosout] adding connection to [/rosout], count 0
[rosout][INFO] 2019-06-28 13:25:16,902: Spawn status: SpawnModel: Successfully spawned entity
[rospy.core][INFO] 2019-06-28 13:25:16,903: signal_shutdown [atexit]
[rospy.internal][INFO] 2019-06-28 13:25:16,906: topic[/rosout] removing connection to /rosout
[rospy.internal][INFO] 2019-06-28 13:25:16,907: topic[/clock] removing connection to http://dc5b429f784e:34841/
[rospy.impl.masterslave][INFO] 2019-06-28 13:25:16,907: atexit
