

0.000000000  Node Startup
0.000000000 INFO [/tmp/binarydeb/ros-kinetic-roscpp-1.12.13/src/libros/service.cpp:80(service::exists) [topics: /rosout] waitForService: Service [/gazebo/set_physics_properties] has not been advertised, waiting...
0.023000000 INFO [/tmp/binarydeb/ros-kinetic-roscpp-1.12.13/src/libros/service.cpp:122(service::waitForService) [topics: /rosout, /clock, /gazebo/link_states, /gazebo/model_states] waitForService: Service [/gazebo/set_physics_properties] is now available.
0.079000000 INFO [/tmp/binarydeb/ros-kinetic-gazebo-ros-2.5.14/src/gazebo_ros_api_plugin.cpp:2083(GazeboRosApiPlugin::physicsReconfigureThread) [topics: /rosout, /clock, /gazebo/link_states, /gazebo/model_states, /gazebo/parameter_descriptions, /gazebo/parameter_updates] Physics dynamic reconfigure ready.
0.000000000 INFO [gazebo_interface.py:31(spawn_urdf_model_client) [topics: /clock, /rosout] Calling service /gazebo/spawn_urdf_model
0.732000000 INFO [gazebo_interface.py:33(spawn_urdf_model_client) [topics: /clock, /rosout] Spawn status: SpawnModel: Successfully spawned entity
0.732000000 INFO [/tmp/binarydeb/ros-kinetic-gazebo-plugins-2.5.14/include/gazebo_plugins/gazebo_ros_utils.h:95(__cxx11::string gazebo::GetRobotNamespace) [topics: /rosout, /clock, /gazebo/link_states, /gazebo/model_states, /gazebo/parameter_descriptions, /gazebo/parameter_updates] Laser Plugin: Using the 'robotNamespace' param: '/'
0.732000000 INFO [/tmp/binarydeb/ros-kinetic-gazebo-plugins-2.5.14/src/gazebo_ros_laser.cpp:111(GazeboRosLaser::Load) [topics: /rosout, /clock, /gazebo/link_states, /gazebo/model_states, /gazebo/parameter_descriptions, /gazebo/parameter_updates] Starting Laser Plugin (ns = /)
0.732000000 INFO [/tmp/binarydeb/ros-kinetic-gazebo-plugins-2.5.14/src/gazebo_ros_laser.cpp:135(GazeboRosLaser::LoadThread) [topics: /rosout, /clock, /gazebo/link_states, /gazebo/model_states, /gazebo/parameter_descriptions, /gazebo/parameter_updates] Laser Plugin (ns = /)  <tf_prefix_>, set to ""
0.732000000 INFO [/tmp/binarydeb/ros-kinetic-gazebo-plugins-2.5.14/src/gazebo_ros_utils.cpp:57(GazeboRos::readCommonParameter) [topics: /rosout, /clock, /gazebo/link_states, /gazebo/model_states, /gazebo/parameter_descriptions, /gazebo/parameter_updates, /m2wr/laser/scan] Starting plugin DiffDrive(ns = //)
0.732000000 INFO [/tmp/binarydeb/ros-kinetic-gazebo-plugins-2.5.14/src/gazebo_ros_utils.cpp:83(GazeboRos::readCommonParameter) [topics: /rosout, /clock, /gazebo/link_states, /gazebo/model_states, /gazebo/parameter_descriptions, /gazebo/parameter_updates, /m2wr/laser/scan] DiffDrive(ns = //): <rosDebugLevel> = na
0.732000000 INFO [/tmp/binarydeb/ros-kinetic-gazebo-plugins-2.5.14/src/gazebo_ros_utils.cpp:93(GazeboRos::readCommonParameter) [topics: /rosout, /clock, /gazebo/link_states, /gazebo/model_states, /gazebo/parameter_descriptions, /gazebo/parameter_updates, /m2wr/laser/scan] DiffDrive(ns = //): <tf_prefix> = 
0.732000000 INFO [/tmp/binarydeb/ros-kinetic-gazebo-plugins-2.5.14/src/gazebo_ros_diff_drive.cpp:152(GazeboRosDiffDrive::Load) [topics: /rosout, /clock, /gazebo/link_states, /gazebo/model_states, /gazebo/parameter_descriptions, /gazebo/parameter_updates, /m2wr/laser/scan, /joint_states] DiffDrive(ns = //): Advertise joint_states
0.732000000 INFO [/tmp/binarydeb/ros-kinetic-gazebo-plugins-2.5.14/src/gazebo_ros_diff_drive.cpp:158(GazeboRosDiffDrive::Load) [topics: /rosout, /clock, /gazebo/link_states, /gazebo/model_states, /gazebo/parameter_descriptions, /gazebo/parameter_updates, /m2wr/laser/scan, /joint_states, /tf] DiffDrive(ns = //): Try to subscribe to cmd_vel
0.732000000 INFO [/tmp/binarydeb/ros-kinetic-gazebo-plugins-2.5.14/src/gazebo_ros_diff_drive.cpp:166(GazeboRosDiffDrive::Load) [topics: /rosout, /clock, /gazebo/link_states, /gazebo/model_states, /gazebo/parameter_descriptions, /gazebo/parameter_updates, /m2wr/laser/scan, /joint_states, /tf] DiffDrive(ns = //): Subscribe to cmd_vel
0.732000000 INFO [/tmp/binarydeb/ros-kinetic-gazebo-plugins-2.5.14/src/gazebo_ros_diff_drive.cpp:171(GazeboRosDiffDrive::Load) [topics: /rosout, /clock, /gazebo/link_states, /gazebo/model_states, /gazebo/parameter_descriptions, /gazebo/parameter_updates, /m2wr/laser/scan, /joint_states, /tf, /odom] DiffDrive(ns = //): Advertise odom on odom 
0.000000000 INFO [/tmp/binarydeb/ros-kinetic-roscpp-1.12.13/src/libros/service.cpp:80(service::exists) [topics: /rosout] waitForService: Service [/gazebo/set_physics_properties] has not been advertised, waiting...
0.023000000 INFO [/tmp/binarydeb/ros-kinetic-roscpp-1.12.13/src/libros/service.cpp:122(service::waitForService) [topics: /rosout, /clock, /gazebo/link_states, /gazebo/model_states] waitForService: Service [/gazebo/set_physics_properties] is now available.
0.072000000 INFO [/tmp/binarydeb/ros-kinetic-gazebo-ros-2.5.14/src/gazebo_ros_api_plugin.cpp:2083(GazeboRosApiPlugin::physicsReconfigureThread) [topics: /rosout, /clock, /gazebo/link_states, /gazebo/model_states, /gazebo/parameter_descriptions, /gazebo/parameter_updates] Physics dynamic reconfigure ready.
0.000000000 INFO [gazebo_interface.py:31(spawn_urdf_model_client) [topics: /clock, /rosout] Calling service /gazebo/spawn_urdf_model
0.940000000 INFO [gazebo_interface.py:33(spawn_urdf_model_client) [topics: /clock, /rosout] Spawn status: SpawnModel: Successfully spawned entity
0.940000000 INFO [/tmp/binarydeb/ros-kinetic-gazebo-plugins-2.5.14/include/gazebo_plugins/gazebo_ros_utils.h:95(__cxx11::string gazebo::GetRobotNamespace) [topics: /rosout, /clock, /gazebo/link_states, /gazebo/model_states, /gazebo/parameter_descriptions, /gazebo/parameter_updates] Laser Plugin: Using the 'robotNamespace' param: '/'
0.940000000 INFO [/tmp/binarydeb/ros-kinetic-gazebo-plugins-2.5.14/src/gazebo_ros_laser.cpp:111(GazeboRosLaser::Load) [topics: /rosout, /clock, /gazebo/link_states, /gazebo/model_states, /gazebo/parameter_descriptions, /gazebo/parameter_updates] Starting Laser Plugin (ns = /)
0.940000000 INFO [/tmp/binarydeb/ros-kinetic-gazebo-plugins-2.5.14/src/gazebo_ros_laser.cpp:135(GazeboRosLaser::LoadThread) [topics: /rosout, /clock, /gazebo/link_states, /gazebo/model_states, /gazebo/parameter_descriptions, /gazebo/parameter_updates] Laser Plugin (ns = /)  <tf_prefix_>, set to ""
0.940000000 INFO [/tmp/binarydeb/ros-kinetic-gazebo-plugins-2.5.14/src/gazebo_ros_utils.cpp:57(GazeboRos::readCommonParameter) [topics: /rosout, /clock, /gazebo/link_states, /gazebo/model_states, /gazebo/parameter_descriptions, /gazebo/parameter_updates, /m2wr/laser/scan] Starting plugin DiffDrive(ns = //)
0.940000000 INFO [/tmp/binarydeb/ros-kinetic-gazebo-plugins-2.5.14/src/gazebo_ros_utils.cpp:83(GazeboRos::readCommonParameter) [topics: /rosout, /clock, /gazebo/link_states, /gazebo/model_states, /gazebo/parameter_descriptions, /gazebo/parameter_updates, /m2wr/laser/scan] DiffDrive(ns = //): <rosDebugLevel> = na
0.940000000 INFO [/tmp/binarydeb/ros-kinetic-gazebo-plugins-2.5.14/src/gazebo_ros_utils.cpp:93(GazeboRos::readCommonParameter) [topics: /rosout, /clock, /gazebo/link_states, /gazebo/model_states, /gazebo/parameter_descriptions, /gazebo/parameter_updates, /m2wr/laser/scan] DiffDrive(ns = //): <tf_prefix> = 
0.940000000 INFO [/tmp/binarydeb/ros-kinetic-gazebo-plugins-2.5.14/src/gazebo_ros_diff_drive.cpp:152(GazeboRosDiffDrive::Load) [topics: /rosout, /clock, /gazebo/link_states, /gazebo/model_states, /gazebo/parameter_descriptions, /gazebo/parameter_updates, /m2wr/laser/scan, /joint_states] DiffDrive(ns = //): Advertise joint_states
0.940000000 INFO [/tmp/binarydeb/ros-kinetic-gazebo-plugins-2.5.14/src/gazebo_ros_diff_drive.cpp:158(GazeboRosDiffDrive::Load) [topics: /rosout, /clock, /gazebo/link_states, /gazebo/model_states, /gazebo/parameter_descriptions, /gazebo/parameter_updates, /m2wr/laser/scan, /joint_states, /tf] DiffDrive(ns = //): Try to subscribe to cmd_vel
0.940000000 INFO [/tmp/binarydeb/ros-kinetic-gazebo-plugins-2.5.14/src/gazebo_ros_diff_drive.cpp:166(GazeboRosDiffDrive::Load) [topics: /rosout, /clock, /gazebo/link_states, /gazebo/model_states, /gazebo/parameter_descriptions, /gazebo/parameter_updates, /m2wr/laser/scan, /joint_states, /tf] DiffDrive(ns = //): Subscribe to cmd_vel
0.940000000 INFO [/tmp/binarydeb/ros-kinetic-gazebo-plugins-2.5.14/src/gazebo_ros_diff_drive.cpp:171(GazeboRosDiffDrive::Load) [topics: /rosout, /clock, /gazebo/link_states, /gazebo/model_states, /gazebo/parameter_descriptions, /gazebo/parameter_updates, /m2wr/laser/scan, /joint_states, /tf, /odom] DiffDrive(ns = //): Advertise odom on odom 
0.000000000 INFO [/tmp/binarydeb/ros-kinetic-roscpp-1.12.13/src/libros/service.cpp:80(service::exists) [topics: /rosout] waitForService: Service [/gazebo/set_physics_properties] has not been advertised, waiting...
0.022000000 INFO [/tmp/binarydeb/ros-kinetic-roscpp-1.12.13/src/libros/service.cpp:122(service::waitForService) [topics: /rosout, /clock, /gazebo/link_states, /gazebo/model_states] waitForService: Service [/gazebo/set_physics_properties] is now available.
0.074000000 INFO [/tmp/binarydeb/ros-kinetic-gazebo-ros-2.5.14/src/gazebo_ros_api_plugin.cpp:2083(GazeboRosApiPlugin::physicsReconfigureThread) [topics: /rosout, /clock, /gazebo/link_states, /gazebo/model_states, /gazebo/parameter_descriptions, /gazebo/parameter_updates] Physics dynamic reconfigure ready.
0.000000000 INFO [gazebo_interface.py:31(spawn_urdf_model_client) [topics: /clock, /rosout] Calling service /gazebo/spawn_urdf_model
0.713000000 INFO [gazebo_interface.py:33(spawn_urdf_model_client) [topics: /clock, /rosout] Spawn status: SpawnModel: Successfully spawned entity
0.713000000 INFO [/tmp/binarydeb/ros-kinetic-gazebo-plugins-2.5.14/include/gazebo_plugins/gazebo_ros_utils.h:95(__cxx11::string gazebo::GetRobotNamespace) [topics: /rosout, /clock, /gazebo/link_states, /gazebo/model_states, /gazebo/parameter_descriptions, /gazebo/parameter_updates] Laser Plugin: Using the 'robotNamespace' param: '/'
0.713000000 INFO [/tmp/binarydeb/ros-kinetic-gazebo-plugins-2.5.14/src/gazebo_ros_laser.cpp:111(GazeboRosLaser::Load) [topics: /rosout, /clock, /gazebo/link_states, /gazebo/model_states, /gazebo/parameter_descriptions, /gazebo/parameter_updates] Starting Laser Plugin (ns = /)
0.713000000 INFO [/tmp/binarydeb/ros-kinetic-gazebo-plugins-2.5.14/src/gazebo_ros_laser.cpp:135(GazeboRosLaser::LoadThread) [topics: /rosout, /clock, /gazebo/link_states, /gazebo/model_states, /gazebo/parameter_descriptions, /gazebo/parameter_updates] Laser Plugin (ns = /)  <tf_prefix_>, set to ""
0.713000000 INFO [/tmp/binarydeb/ros-kinetic-gazebo-plugins-2.5.14/src/gazebo_ros_utils.cpp:57(GazeboRos::readCommonParameter) [topics: /rosout, /clock, /gazebo/link_states, /gazebo/model_states, /gazebo/parameter_descriptions, /gazebo/parameter_updates, /m2wr/laser/scan] Starting plugin DiffDrive(ns = //)
0.713000000 INFO [/tmp/binarydeb/ros-kinetic-gazebo-plugins-2.5.14/src/gazebo_ros_utils.cpp:83(GazeboRos::readCommonParameter) [topics: /rosout, /clock, /gazebo/link_states, /gazebo/model_states, /gazebo/parameter_descriptions, /gazebo/parameter_updates, /m2wr/laser/scan] DiffDrive(ns = //): <rosDebugLevel> = na
0.713000000 INFO [/tmp/binarydeb/ros-kinetic-gazebo-plugins-2.5.14/src/gazebo_ros_utils.cpp:93(GazeboRos::readCommonParameter) [topics: /rosout, /clock, /gazebo/link_states, /gazebo/model_states, /gazebo/parameter_descriptions, /gazebo/parameter_updates, /m2wr/laser/scan] DiffDrive(ns = //): <tf_prefix> = 
0.713000000 INFO [/tmp/binarydeb/ros-kinetic-gazebo-plugins-2.5.14/src/gazebo_ros_diff_drive.cpp:152(GazeboRosDiffDrive::Load) [topics: /rosout, /clock, /gazebo/link_states, /gazebo/model_states, /gazebo/parameter_descriptions, /gazebo/parameter_updates, /m2wr/laser/scan, /joint_states] DiffDrive(ns = //): Advertise joint_states
0.713000000 INFO [/tmp/binarydeb/ros-kinetic-gazebo-plugins-2.5.14/src/gazebo_ros_diff_drive.cpp:158(GazeboRosDiffDrive::Load) [topics: /rosout, /clock, /gazebo/link_states, /gazebo/model_states, /gazebo/parameter_descriptions, /gazebo/parameter_updates, /m2wr/laser/scan, /joint_states, /tf] DiffDrive(ns = //): Try to subscribe to cmd_vel
0.713000000 INFO [/tmp/binarydeb/ros-kinetic-gazebo-plugins-2.5.14/src/gazebo_ros_diff_drive.cpp:166(GazeboRosDiffDrive::Load) [topics: /rosout, /clock, /gazebo/link_states, /gazebo/model_states, /gazebo/parameter_descriptions, /gazebo/parameter_updates, /m2wr/laser/scan, /joint_states, /tf] DiffDrive(ns = //): Subscribe to cmd_vel
0.713000000 INFO [/tmp/binarydeb/ros-kinetic-gazebo-plugins-2.5.14/src/gazebo_ros_diff_drive.cpp:171(GazeboRosDiffDrive::Load) [topics: /rosout, /clock, /gazebo/link_states, /gazebo/model_states, /gazebo/parameter_descriptions, /gazebo/parameter_updates, /m2wr/laser/scan, /joint_states, /tf, /odom] DiffDrive(ns = //): Advertise odom on odom 
0.000000000 INFO [/tmp/binarydeb/ros-kinetic-roscpp-1.12.13/src/libros/service.cpp:80(service::exists) [topics: /rosout] waitForService: Service [/gazebo/set_physics_properties] has not been advertised, waiting...
0.022000000 INFO [/tmp/binarydeb/ros-kinetic-roscpp-1.12.13/src/libros/service.cpp:122(service::waitForService) [topics: /rosout, /clock, /gazebo/link_states, /gazebo/model_states] waitForService: Service [/gazebo/set_physics_properties] is now available.
0.070000000 INFO [/tmp/binarydeb/ros-kinetic-gazebo-ros-2.5.14/src/gazebo_ros_api_plugin.cpp:2083(GazeboRosApiPlugin::physicsReconfigureThread) [topics: /rosout, /clock, /gazebo/link_states, /gazebo/model_states, /gazebo/parameter_descriptions, /gazebo/parameter_updates] Physics dynamic reconfigure ready.
0.000000000 INFO [gazebo_interface.py:31(spawn_urdf_model_client) [topics: /clock, /rosout] Calling service /gazebo/spawn_urdf_model
0.908000000 INFO [gazebo_interface.py:33(spawn_urdf_model_client) [topics: /clock, /rosout] Spawn status: SpawnModel: Successfully spawned entity
0.908000000 INFO [/tmp/binarydeb/ros-kinetic-gazebo-plugins-2.5.14/include/gazebo_plugins/gazebo_ros_utils.h:95(__cxx11::string gazebo::GetRobotNamespace) [topics: /rosout, /clock, /gazebo/link_states, /gazebo/model_states, /gazebo/parameter_descriptions, /gazebo/parameter_updates] Laser Plugin: Using the 'robotNamespace' param: '/'
0.908000000 INFO [/tmp/binarydeb/ros-kinetic-gazebo-plugins-2.5.14/src/gazebo_ros_laser.cpp:111(GazeboRosLaser::Load) [topics: /rosout, /clock, /gazebo/link_states, /gazebo/model_states, /gazebo/parameter_descriptions, /gazebo/parameter_updates] Starting Laser Plugin (ns = /)
0.908000000 INFO [/tmp/binarydeb/ros-kinetic-gazebo-plugins-2.5.14/src/gazebo_ros_laser.cpp:135(GazeboRosLaser::LoadThread) [topics: /rosout, /clock, /gazebo/link_states, /gazebo/model_states, /gazebo/parameter_descriptions, /gazebo/parameter_updates] Laser Plugin (ns = /)  <tf_prefix_>, set to ""
0.908000000 INFO [/tmp/binarydeb/ros-kinetic-gazebo-plugins-2.5.14/src/gazebo_ros_utils.cpp:57(GazeboRos::readCommonParameter) [topics: /rosout, /clock, /gazebo/link_states, /gazebo/model_states, /gazebo/parameter_descriptions, /gazebo/parameter_updates, /m2wr/laser/scan] Starting plugin DiffDrive(ns = //)
0.908000000 INFO [/tmp/binarydeb/ros-kinetic-gazebo-plugins-2.5.14/src/gazebo_ros_utils.cpp:83(GazeboRos::readCommonParameter) [topics: /rosout, /clock, /gazebo/link_states, /gazebo/model_states, /gazebo/parameter_descriptions, /gazebo/parameter_updates, /m2wr/laser/scan] DiffDrive(ns = //): <rosDebugLevel> = na
0.908000000 INFO [/tmp/binarydeb/ros-kinetic-gazebo-plugins-2.5.14/src/gazebo_ros_utils.cpp:93(GazeboRos::readCommonParameter) [topics: /rosout, /clock, /gazebo/link_states, /gazebo/model_states, /gazebo/parameter_descriptions, /gazebo/parameter_updates, /m2wr/laser/scan] DiffDrive(ns = //): <tf_prefix> = 
0.908000000 INFO [/tmp/binarydeb/ros-kinetic-gazebo-plugins-2.5.14/src/gazebo_ros_diff_drive.cpp:152(GazeboRosDiffDrive::Load) [topics: /rosout, /clock, /gazebo/link_states, /gazebo/model_states, /gazebo/parameter_descriptions, /gazebo/parameter_updates, /m2wr/laser/scan, /joint_states] DiffDrive(ns = //): Advertise joint_states
0.908000000 INFO [/tmp/binarydeb/ros-kinetic-gazebo-plugins-2.5.14/src/gazebo_ros_diff_drive.cpp:158(GazeboRosDiffDrive::Load) [topics: /rosout, /clock, /gazebo/link_states, /gazebo/model_states, /gazebo/parameter_descriptions, /gazebo/parameter_updates, /m2wr/laser/scan, /joint_states, /tf] DiffDrive(ns = //): Try to subscribe to cmd_vel
0.908000000 INFO [/tmp/binarydeb/ros-kinetic-gazebo-plugins-2.5.14/src/gazebo_ros_diff_drive.cpp:166(GazeboRosDiffDrive::Load) [topics: /rosout, /clock, /gazebo/link_states, /gazebo/model_states, /gazebo/parameter_descriptions, /gazebo/parameter_updates, /m2wr/laser/scan, /joint_states, /tf] DiffDrive(ns = //): Subscribe to cmd_vel
0.908000000 INFO [/tmp/binarydeb/ros-kinetic-gazebo-plugins-2.5.14/src/gazebo_ros_diff_drive.cpp:171(GazeboRosDiffDrive::Load) [topics: /rosout, /clock, /gazebo/link_states, /gazebo/model_states, /gazebo/parameter_descriptions, /gazebo/parameter_updates, /m2wr/laser/scan, /joint_states, /tf, /odom] DiffDrive(ns = //): Advertise odom on odom 
0.000000000 INFO [/tmp/binarydeb/ros-kinetic-roscpp-1.12.13/src/libros/service.cpp:80(service::exists) [topics: /rosout] waitForService: Service [/gazebo/set_physics_properties] has not been advertised, waiting...
0.023000000 INFO [/tmp/binarydeb/ros-kinetic-roscpp-1.12.13/src/libros/service.cpp:122(service::waitForService) [topics: /rosout, /clock, /gazebo/link_states, /gazebo/model_states] waitForService: Service [/gazebo/set_physics_properties] is now available.
0.084000000 INFO [/tmp/binarydeb/ros-kinetic-gazebo-ros-2.5.14/src/gazebo_ros_api_plugin.cpp:2083(GazeboRosApiPlugin::physicsReconfigureThread) [topics: /rosout, /clock, /gazebo/link_states, /gazebo/model_states, /gazebo/parameter_descriptions, /gazebo/parameter_updates] Physics dynamic reconfigure ready.
0.000000000 INFO [gazebo_interface.py:31(spawn_urdf_model_client) [topics: /clock, /rosout] Calling service /gazebo/spawn_urdf_model
0.910000000 INFO [gazebo_interface.py:33(spawn_urdf_model_client) [topics: /clock, /rosout] Spawn status: SpawnModel: Successfully spawned entity
0.910000000 INFO [/tmp/binarydeb/ros-kinetic-gazebo-plugins-2.5.14/include/gazebo_plugins/gazebo_ros_utils.h:95(__cxx11::string gazebo::GetRobotNamespace) [topics: /rosout, /clock, /gazebo/link_states, /gazebo/model_states, /gazebo/parameter_descriptions, /gazebo/parameter_updates] Laser Plugin: Using the 'robotNamespace' param: '/'
0.910000000 INFO [/tmp/binarydeb/ros-kinetic-gazebo-plugins-2.5.14/src/gazebo_ros_laser.cpp:111(GazeboRosLaser::Load) [topics: /rosout, /clock, /gazebo/link_states, /gazebo/model_states, /gazebo/parameter_descriptions, /gazebo/parameter_updates] Starting Laser Plugin (ns = /)
0.910000000 INFO [/tmp/binarydeb/ros-kinetic-gazebo-plugins-2.5.14/src/gazebo_ros_laser.cpp:135(GazeboRosLaser::LoadThread) [topics: /rosout, /clock, /gazebo/link_states, /gazebo/model_states, /gazebo/parameter_descriptions, /gazebo/parameter_updates] Laser Plugin (ns = /)  <tf_prefix_>, set to ""
0.910000000 INFO [/tmp/binarydeb/ros-kinetic-gazebo-plugins-2.5.14/src/gazebo_ros_utils.cpp:57(GazeboRos::readCommonParameter) [topics: /rosout, /clock, /gazebo/link_states, /gazebo/model_states, /gazebo/parameter_descriptions, /gazebo/parameter_updates, /m2wr/laser/scan] Starting plugin DiffDrive(ns = //)
0.910000000 INFO [/tmp/binarydeb/ros-kinetic-gazebo-plugins-2.5.14/src/gazebo_ros_utils.cpp:83(GazeboRos::readCommonParameter) [topics: /rosout, /clock, /gazebo/link_states, /gazebo/model_states, /gazebo/parameter_descriptions, /gazebo/parameter_updates, /m2wr/laser/scan] DiffDrive(ns = //): <rosDebugLevel> = na
0.910000000 INFO [/tmp/binarydeb/ros-kinetic-gazebo-plugins-2.5.14/src/gazebo_ros_utils.cpp:93(GazeboRos::readCommonParameter) [topics: /rosout, /clock, /gazebo/link_states, /gazebo/model_states, /gazebo/parameter_descriptions, /gazebo/parameter_updates, /m2wr/laser/scan] DiffDrive(ns = //): <tf_prefix> = 
0.910000000 INFO [/tmp/binarydeb/ros-kinetic-gazebo-plugins-2.5.14/src/gazebo_ros_diff_drive.cpp:152(GazeboRosDiffDrive::Load) [topics: /rosout, /clock, /gazebo/link_states, /gazebo/model_states, /gazebo/parameter_descriptions, /gazebo/parameter_updates, /m2wr/laser/scan, /joint_states] DiffDrive(ns = //): Advertise joint_states
0.910000000 INFO [/tmp/binarydeb/ros-kinetic-gazebo-plugins-2.5.14/src/gazebo_ros_diff_drive.cpp:158(GazeboRosDiffDrive::Load) [topics: /rosout, /clock, /gazebo/link_states, /gazebo/model_states, /gazebo/parameter_descriptions, /gazebo/parameter_updates, /m2wr/laser/scan, /joint_states, /tf] DiffDrive(ns = //): Try to subscribe to cmd_vel
0.910000000 INFO [/tmp/binarydeb/ros-kinetic-gazebo-plugins-2.5.14/src/gazebo_ros_diff_drive.cpp:166(GazeboRosDiffDrive::Load) [topics: /rosout, /clock, /gazebo/link_states, /gazebo/model_states, /gazebo/parameter_descriptions, /gazebo/parameter_updates, /m2wr/laser/scan, /joint_states, /tf] DiffDrive(ns = //): Subscribe to cmd_vel
0.910000000 INFO [/tmp/binarydeb/ros-kinetic-gazebo-plugins-2.5.14/src/gazebo_ros_diff_drive.cpp:171(GazeboRosDiffDrive::Load) [topics: /rosout, /clock, /gazebo/link_states, /gazebo/model_states, /gazebo/parameter_descriptions, /gazebo/parameter_updates, /m2wr/laser/scan, /joint_states, /tf, /odom] DiffDrive(ns = //): Advertise odom on odom 
0.000000000 INFO [/tmp/binarydeb/ros-kinetic-roscpp-1.12.13/src/libros/service.cpp:80(service::exists) [topics: /rosout] waitForService: Service [/gazebo/set_physics_properties] has not been advertised, waiting...
0.022000000 INFO [/tmp/binarydeb/ros-kinetic-roscpp-1.12.13/src/libros/service.cpp:122(service::waitForService) [topics: /rosout, /clock, /gazebo/link_states, /gazebo/model_states] waitForService: Service [/gazebo/set_physics_properties] is now available.
0.069000000 INFO [/tmp/binarydeb/ros-kinetic-gazebo-ros-2.5.14/src/gazebo_ros_api_plugin.cpp:2083(GazeboRosApiPlugin::physicsReconfigureThread) [topics: /rosout, /clock, /gazebo/link_states, /gazebo/model_states, /gazebo/parameter_descriptions, /gazebo/parameter_updates] Physics dynamic reconfigure ready.
0.691000000 INFO [gazebo_interface.py:31(spawn_urdf_model_client) [topics: /clock, /rosout] Calling service /gazebo/spawn_urdf_model
0.730000000 INFO [gazebo_interface.py:33(spawn_urdf_model_client) [topics: /clock, /rosout] Spawn status: SpawnModel: Successfully spawned entity
0.730000000 INFO [/tmp/binarydeb/ros-kinetic-gazebo-plugins-2.5.14/include/gazebo_plugins/gazebo_ros_utils.h:95(__cxx11::string gazebo::GetRobotNamespace) [topics: /rosout, /clock, /gazebo/link_states, /gazebo/model_states, /gazebo/parameter_descriptions, /gazebo/parameter_updates] Laser Plugin: Using the 'robotNamespace' param: '/'
0.730000000 INFO [/tmp/binarydeb/ros-kinetic-gazebo-plugins-2.5.14/src/gazebo_ros_laser.cpp:111(GazeboRosLaser::Load) [topics: /rosout, /clock, /gazebo/link_states, /gazebo/model_states, /gazebo/parameter_descriptions, /gazebo/parameter_updates] Starting Laser Plugin (ns = /)
0.730000000 INFO [/tmp/binarydeb/ros-kinetic-gazebo-plugins-2.5.14/src/gazebo_ros_laser.cpp:135(GazeboRosLaser::LoadThread) [topics: /rosout, /clock, /gazebo/link_states, /gazebo/model_states, /gazebo/parameter_descriptions, /gazebo/parameter_updates] Laser Plugin (ns = /)  <tf_prefix_>, set to ""
0.730000000 INFO [/tmp/binarydeb/ros-kinetic-gazebo-plugins-2.5.14/src/gazebo_ros_utils.cpp:57(GazeboRos::readCommonParameter) [topics: /rosout, /clock, /gazebo/link_states, /gazebo/model_states, /gazebo/parameter_descriptions, /gazebo/parameter_updates, /m2wr/laser/scan] Starting plugin DiffDrive(ns = //)
0.730000000 INFO [/tmp/binarydeb/ros-kinetic-gazebo-plugins-2.5.14/src/gazebo_ros_utils.cpp:83(GazeboRos::readCommonParameter) [topics: /rosout, /clock, /gazebo/link_states, /gazebo/model_states, /gazebo/parameter_descriptions, /gazebo/parameter_updates, /m2wr/laser/scan] DiffDrive(ns = //): <rosDebugLevel> = na
0.730000000 INFO [/tmp/binarydeb/ros-kinetic-gazebo-plugins-2.5.14/src/gazebo_ros_utils.cpp:93(GazeboRos::readCommonParameter) [topics: /rosout, /clock, /gazebo/link_states, /gazebo/model_states, /gazebo/parameter_descriptions, /gazebo/parameter_updates, /m2wr/laser/scan] DiffDrive(ns = //): <tf_prefix> = 
0.730000000 INFO [/tmp/binarydeb/ros-kinetic-gazebo-plugins-2.5.14/src/gazebo_ros_diff_drive.cpp:152(GazeboRosDiffDrive::Load) [topics: /rosout, /clock, /gazebo/link_states, /gazebo/model_states, /gazebo/parameter_descriptions, /gazebo/parameter_updates, /m2wr/laser/scan, /joint_states] DiffDrive(ns = //): Advertise joint_states
0.730000000 INFO [/tmp/binarydeb/ros-kinetic-gazebo-plugins-2.5.14/src/gazebo_ros_diff_drive.cpp:158(GazeboRosDiffDrive::Load) [topics: /rosout, /clock, /gazebo/link_states, /gazebo/model_states, /gazebo/parameter_descriptions, /gazebo/parameter_updates, /m2wr/laser/scan, /joint_states, /tf] DiffDrive(ns = //): Try to subscribe to cmd_vel
0.730000000 INFO [/tmp/binarydeb/ros-kinetic-gazebo-plugins-2.5.14/src/gazebo_ros_diff_drive.cpp:166(GazeboRosDiffDrive::Load) [topics: /rosout, /clock, /gazebo/link_states, /gazebo/model_states, /gazebo/parameter_descriptions, /gazebo/parameter_updates, /m2wr/laser/scan, /joint_states, /tf] DiffDrive(ns = //): Subscribe to cmd_vel
0.730000000 INFO [/tmp/binarydeb/ros-kinetic-gazebo-plugins-2.5.14/src/gazebo_ros_diff_drive.cpp:171(GazeboRosDiffDrive::Load) [topics: /rosout, /clock, /gazebo/link_states, /gazebo/model_states, /gazebo/parameter_descriptions, /gazebo/parameter_updates, /m2wr/laser/scan, /joint_states, /tf, /odom] DiffDrive(ns = //): Advertise odom on odom 
0.000000000 INFO [/tmp/binarydeb/ros-kinetic-roscpp-1.12.13/src/libros/service.cpp:80(service::exists) [topics: /rosout] waitForService: Service [/gazebo/set_physics_properties] has not been advertised, waiting...
0.022000000 INFO [/tmp/binarydeb/ros-kinetic-roscpp-1.12.13/src/libros/service.cpp:122(service::waitForService) [topics: /rosout, /clock, /gazebo/link_states, /gazebo/model_states] waitForService: Service [/gazebo/set_physics_properties] is now available.
0.069000000 INFO [/tmp/binarydeb/ros-kinetic-gazebo-ros-2.5.14/src/gazebo_ros_api_plugin.cpp:2083(GazeboRosApiPlugin::physicsReconfigureThread) [topics: /rosout, /clock, /gazebo/link_states, /gazebo/model_states, /gazebo/parameter_descriptions, /gazebo/parameter_updates] Physics dynamic reconfigure ready.
0.000000000 INFO [gazebo_interface.py:31(spawn_urdf_model_client) [topics: /clock, /rosout] Calling service /gazebo/spawn_urdf_model
0.000000000 INFO [gazebo_interface.py:27(spawn_urdf_model_client) [topics: /clock, /rosout] Waiting for service /gazebo/spawn_urdf_model
0.000000000 INFO [/tmp/binarydeb/ros-kinetic-roscpp-1.12.13/src/libros/service.cpp:80(service::exists) [topics: /rosout] waitForService: Service [/gazebo/set_physics_properties] has not been advertised, waiting...
0.022000000 INFO [/tmp/binarydeb/ros-kinetic-roscpp-1.12.13/src/libros/service.cpp:122(service::waitForService) [topics: /rosout, /clock, /gazebo/link_states, /gazebo/model_states] waitForService: Service [/gazebo/set_physics_properties] is now available.
0.071000000 INFO [/tmp/binarydeb/ros-kinetic-gazebo-ros-2.5.14/src/gazebo_ros_api_plugin.cpp:2083(GazeboRosApiPlugin::physicsReconfigureThread) [topics: /rosout, /clock, /gazebo/link_states, /gazebo/model_states, /gazebo/parameter_descriptions, /gazebo/parameter_updates] Physics dynamic reconfigure ready.
0.000000000 INFO [gazebo_interface.py:31(spawn_urdf_model_client) [topics: /clock, /rosout] Calling service /gazebo/spawn_urdf_model
0.000000000 INFO [gazebo_interface.py:33(spawn_urdf_model_client) [topics: /clock, /rosout] Spawn status: SpawnModel: Successfully spawned entity
0.695000000 INFO [/tmp/binarydeb/ros-kinetic-gazebo-plugins-2.5.14/include/gazebo_plugins/gazebo_ros_utils.h:95(__cxx11::string gazebo::GetRobotNamespace) [topics: /rosout, /clock, /gazebo/link_states, /gazebo/model_states, /gazebo/parameter_descriptions, /gazebo/parameter_updates] Laser Plugin: Using the 'robotNamespace' param: '/'
0.695000000 INFO [/tmp/binarydeb/ros-kinetic-gazebo-plugins-2.5.14/src/gazebo_ros_laser.cpp:111(GazeboRosLaser::Load) [topics: /rosout, /clock, /gazebo/link_states, /gazebo/model_states, /gazebo/parameter_descriptions, /gazebo/parameter_updates] Starting Laser Plugin (ns = /)
0.695000000 INFO [/tmp/binarydeb/ros-kinetic-gazebo-plugins-2.5.14/src/gazebo_ros_laser.cpp:135(GazeboRosLaser::LoadThread) [topics: /rosout, /clock, /gazebo/link_states, /gazebo/model_states, /gazebo/parameter_descriptions, /gazebo/parameter_updates] Laser Plugin (ns = /)  <tf_prefix_>, set to ""
0.695000000 INFO [/tmp/binarydeb/ros-kinetic-gazebo-plugins-2.5.14/src/gazebo_ros_utils.cpp:57(GazeboRos::readCommonParameter) [topics: /rosout, /clock, /gazebo/link_states, /gazebo/model_states, /gazebo/parameter_descriptions, /gazebo/parameter_updates, /m2wr/laser/scan] Starting plugin DiffDrive(ns = //)
0.695000000 INFO [/tmp/binarydeb/ros-kinetic-gazebo-plugins-2.5.14/src/gazebo_ros_utils.cpp:83(GazeboRos::readCommonParameter) [topics: /rosout, /clock, /gazebo/link_states, /gazebo/model_states, /gazebo/parameter_descriptions, /gazebo/parameter_updates, /m2wr/laser/scan] DiffDrive(ns = //): <rosDebugLevel> = na
0.695000000 INFO [/tmp/binarydeb/ros-kinetic-gazebo-plugins-2.5.14/src/gazebo_ros_utils.cpp:93(GazeboRos::readCommonParameter) [topics: /rosout, /clock, /gazebo/link_states, /gazebo/model_states, /gazebo/parameter_descriptions, /gazebo/parameter_updates, /m2wr/laser/scan] DiffDrive(ns = //): <tf_prefix> = 
0.695000000 INFO [/tmp/binarydeb/ros-kinetic-gazebo-plugins-2.5.14/src/gazebo_ros_diff_drive.cpp:152(GazeboRosDiffDrive::Load) [topics: /rosout, /clock, /gazebo/link_states, /gazebo/model_states, /gazebo/parameter_descriptions, /gazebo/parameter_updates, /m2wr/laser/scan, /joint_states] DiffDrive(ns = //): Advertise joint_states
0.695000000 INFO [/tmp/binarydeb/ros-kinetic-gazebo-plugins-2.5.14/src/gazebo_ros_diff_drive.cpp:158(GazeboRosDiffDrive::Load) [topics: /rosout, /clock, /gazebo/link_states, /gazebo/model_states, /gazebo/parameter_descriptions, /gazebo/parameter_updates, /m2wr/laser/scan, /joint_states, /tf] DiffDrive(ns = //): Try to subscribe to cmd_vel
0.695000000 INFO [/tmp/binarydeb/ros-kinetic-gazebo-plugins-2.5.14/src/gazebo_ros_diff_drive.cpp:166(GazeboRosDiffDrive::Load) [topics: /rosout, /clock, /gazebo/link_states, /gazebo/model_states, /gazebo/parameter_descriptions, /gazebo/parameter_updates, /m2wr/laser/scan, /joint_states, /tf] DiffDrive(ns = //): Subscribe to cmd_vel
0.695000000 INFO [/tmp/binarydeb/ros-kinetic-gazebo-plugins-2.5.14/src/gazebo_ros_diff_drive.cpp:171(GazeboRosDiffDrive::Load) [topics: /rosout, /clock, /gazebo/link_states, /gazebo/model_states, /gazebo/parameter_descriptions, /gazebo/parameter_updates, /m2wr/laser/scan, /joint_states, /tf, /odom] DiffDrive(ns = //): Advertise odom on odom 
0.000000000 INFO [/tmp/binarydeb/ros-kinetic-roscpp-1.12.13/src/libros/service.cpp:80(service::exists) [topics: /rosout] waitForService: Service [/gazebo/set_physics_properties] has not been advertised, waiting...
0.022000000 INFO [/tmp/binarydeb/ros-kinetic-roscpp-1.12.13/src/libros/service.cpp:122(service::waitForService) [topics: /rosout, /clock, /gazebo/link_states, /gazebo/model_states] waitForService: Service [/gazebo/set_physics_properties] is now available.
0.087000000 INFO [/tmp/binarydeb/ros-kinetic-gazebo-ros-2.5.14/src/gazebo_ros_api_plugin.cpp:2083(GazeboRosApiPlugin::physicsReconfigureThread) [topics: /rosout, /clock, /gazebo/link_states, /gazebo/model_states, /gazebo/parameter_descriptions, /gazebo/parameter_updates] Physics dynamic reconfigure ready.
0.000000000 INFO [gazebo_interface.py:31(spawn_urdf_model_client) [topics: /clock, /rosout] Calling service /gazebo/spawn_urdf_model
0.911000000 INFO [gazebo_interface.py:33(spawn_urdf_model_client) [topics: /clock, /rosout] Spawn status: SpawnModel: Successfully spawned entity
0.911000000 INFO [/tmp/binarydeb/ros-kinetic-gazebo-plugins-2.5.14/include/gazebo_plugins/gazebo_ros_utils.h:95(__cxx11::string gazebo::GetRobotNamespace) [topics: /rosout, /clock, /gazebo/link_states, /gazebo/model_states, /gazebo/parameter_descriptions, /gazebo/parameter_updates] Laser Plugin: Using the 'robotNamespace' param: '/'
0.911000000 INFO [/tmp/binarydeb/ros-kinetic-gazebo-plugins-2.5.14/src/gazebo_ros_laser.cpp:111(GazeboRosLaser::Load) [topics: /rosout, /clock, /gazebo/link_states, /gazebo/model_states, /gazebo/parameter_descriptions, /gazebo/parameter_updates] Starting Laser Plugin (ns = /)
0.911000000 INFO [/tmp/binarydeb/ros-kinetic-gazebo-plugins-2.5.14/src/gazebo_ros_laser.cpp:135(GazeboRosLaser::LoadThread) [topics: /rosout, /clock, /gazebo/link_states, /gazebo/model_states, /gazebo/parameter_descriptions, /gazebo/parameter_updates] Laser Plugin (ns = /)  <tf_prefix_>, set to ""
0.911000000 INFO [/tmp/binarydeb/ros-kinetic-gazebo-plugins-2.5.14/src/gazebo_ros_utils.cpp:57(GazeboRos::readCommonParameter) [topics: /rosout, /clock, /gazebo/link_states, /gazebo/model_states, /gazebo/parameter_descriptions, /gazebo/parameter_updates, /m2wr/laser/scan] Starting plugin DiffDrive(ns = //)
0.911000000 INFO [/tmp/binarydeb/ros-kinetic-gazebo-plugins-2.5.14/src/gazebo_ros_utils.cpp:83(GazeboRos::readCommonParameter) [topics: /rosout, /clock, /gazebo/link_states, /gazebo/model_states, /gazebo/parameter_descriptions, /gazebo/parameter_updates, /m2wr/laser/scan] DiffDrive(ns = //): <rosDebugLevel> = na
0.911000000 INFO [/tmp/binarydeb/ros-kinetic-gazebo-plugins-2.5.14/src/gazebo_ros_utils.cpp:93(GazeboRos::readCommonParameter) [topics: /rosout, /clock, /gazebo/link_states, /gazebo/model_states, /gazebo/parameter_descriptions, /gazebo/parameter_updates, /m2wr/laser/scan] DiffDrive(ns = //): <tf_prefix> = 
0.911000000 INFO [/tmp/binarydeb/ros-kinetic-gazebo-plugins-2.5.14/src/gazebo_ros_diff_drive.cpp:152(GazeboRosDiffDrive::Load) [topics: /rosout, /clock, /gazebo/link_states, /gazebo/model_states, /gazebo/parameter_descriptions, /gazebo/parameter_updates, /m2wr/laser/scan, /joint_states] DiffDrive(ns = //): Advertise joint_states
0.911000000 INFO [/tmp/binarydeb/ros-kinetic-gazebo-plugins-2.5.14/src/gazebo_ros_diff_drive.cpp:158(GazeboRosDiffDrive::Load) [topics: /rosout, /clock, /gazebo/link_states, /gazebo/model_states, /gazebo/parameter_descriptions, /gazebo/parameter_updates, /m2wr/laser/scan, /joint_states, /tf] DiffDrive(ns = //): Try to subscribe to cmd_vel
0.911000000 INFO [/tmp/binarydeb/ros-kinetic-gazebo-plugins-2.5.14/src/gazebo_ros_diff_drive.cpp:166(GazeboRosDiffDrive::Load) [topics: /rosout, /clock, /gazebo/link_states, /gazebo/model_states, /gazebo/parameter_descriptions, /gazebo/parameter_updates, /m2wr/laser/scan, /joint_states, /tf] DiffDrive(ns = //): Subscribe to cmd_vel
0.911000000 INFO [/tmp/binarydeb/ros-kinetic-gazebo-plugins-2.5.14/src/gazebo_ros_diff_drive.cpp:171(GazeboRosDiffDrive::Load) [topics: /rosout, /clock, /gazebo/link_states, /gazebo/model_states, /gazebo/parameter_descriptions, /gazebo/parameter_updates, /m2wr/laser/scan, /joint_states, /tf, /odom] DiffDrive(ns = //): Advertise odom on odom 
0.000000000 INFO [/tmp/binarydeb/ros-kinetic-roscpp-1.12.13/src/libros/service.cpp:80(service::exists) [topics: /rosout] waitForService: Service [/gazebo/set_physics_properties] has not been advertised, waiting...
0.024000000 INFO [/tmp/binarydeb/ros-kinetic-roscpp-1.12.13/src/libros/service.cpp:122(service::waitForService) [topics: /rosout, /clock, /gazebo/link_states, /gazebo/model_states] waitForService: Service [/gazebo/set_physics_properties] is now available.
0.071000000 INFO [/tmp/binarydeb/ros-kinetic-gazebo-ros-2.5.14/src/gazebo_ros_api_plugin.cpp:2083(GazeboRosApiPlugin::physicsReconfigureThread) [topics: /rosout, /clock, /gazebo/link_states, /gazebo/model_states, /gazebo/parameter_descriptions, /gazebo/parameter_updates] Physics dynamic reconfigure ready.
0.000000000 INFO [gazebo_interface.py:31(spawn_urdf_model_client) [topics: /clock, /rosout] Calling service /gazebo/spawn_urdf_model
0.705000000 INFO [gazebo_interface.py:33(spawn_urdf_model_client) [topics: /clock, /rosout] Spawn status: SpawnModel: Successfully spawned entity
0.705000000 INFO [/tmp/binarydeb/ros-kinetic-gazebo-plugins-2.5.14/include/gazebo_plugins/gazebo_ros_utils.h:95(__cxx11::string gazebo::GetRobotNamespace) [topics: /rosout, /clock, /gazebo/link_states, /gazebo/model_states, /gazebo/parameter_descriptions, /gazebo/parameter_updates] Laser Plugin: Using the 'robotNamespace' param: '/'
0.705000000 INFO [/tmp/binarydeb/ros-kinetic-gazebo-plugins-2.5.14/src/gazebo_ros_laser.cpp:111(GazeboRosLaser::Load) [topics: /rosout, /clock, /gazebo/link_states, /gazebo/model_states, /gazebo/parameter_descriptions, /gazebo/parameter_updates] Starting Laser Plugin (ns = /)
0.705000000 INFO [/tmp/binarydeb/ros-kinetic-gazebo-plugins-2.5.14/src/gazebo_ros_laser.cpp:135(GazeboRosLaser::LoadThread) [topics: /rosout, /clock, /gazebo/link_states, /gazebo/model_states, /gazebo/parameter_descriptions, /gazebo/parameter_updates] Laser Plugin (ns = /)  <tf_prefix_>, set to ""
0.705000000 INFO [/tmp/binarydeb/ros-kinetic-gazebo-plugins-2.5.14/src/gazebo_ros_utils.cpp:57(GazeboRos::readCommonParameter) [topics: /rosout, /clock, /gazebo/link_states, /gazebo/model_states, /gazebo/parameter_descriptions, /gazebo/parameter_updates, /m2wr/laser/scan] Starting plugin DiffDrive(ns = //)
0.705000000 INFO [/tmp/binarydeb/ros-kinetic-gazebo-plugins-2.5.14/src/gazebo_ros_utils.cpp:83(GazeboRos::readCommonParameter) [topics: /rosout, /clock, /gazebo/link_states, /gazebo/model_states, /gazebo/parameter_descriptions, /gazebo/parameter_updates, /m2wr/laser/scan] DiffDrive(ns = //): <rosDebugLevel> = na
0.705000000 INFO [/tmp/binarydeb/ros-kinetic-gazebo-plugins-2.5.14/src/gazebo_ros_utils.cpp:93(GazeboRos::readCommonParameter) [topics: /rosout, /clock, /gazebo/link_states, /gazebo/model_states, /gazebo/parameter_descriptions, /gazebo/parameter_updates, /m2wr/laser/scan] DiffDrive(ns = //): <tf_prefix> = 
0.705000000 INFO [/tmp/binarydeb/ros-kinetic-gazebo-plugins-2.5.14/src/gazebo_ros_diff_drive.cpp:152(GazeboRosDiffDrive::Load) [topics: /rosout, /clock, /gazebo/link_states, /gazebo/model_states, /gazebo/parameter_descriptions, /gazebo/parameter_updates, /m2wr/laser/scan, /joint_states] DiffDrive(ns = //): Advertise joint_states
0.705000000 INFO [/tmp/binarydeb/ros-kinetic-gazebo-plugins-2.5.14/src/gazebo_ros_diff_drive.cpp:158(GazeboRosDiffDrive::Load) [topics: /rosout, /clock, /gazebo/link_states, /gazebo/model_states, /gazebo/parameter_descriptions, /gazebo/parameter_updates, /m2wr/laser/scan, /joint_states, /tf] DiffDrive(ns = //): Try to subscribe to cmd_vel
0.705000000 INFO [/tmp/binarydeb/ros-kinetic-gazebo-plugins-2.5.14/src/gazebo_ros_diff_drive.cpp:166(GazeboRosDiffDrive::Load) [topics: /rosout, /clock, /gazebo/link_states, /gazebo/model_states, /gazebo/parameter_descriptions, /gazebo/parameter_updates, /m2wr/laser/scan, /joint_states, /tf] DiffDrive(ns = //): Subscribe to cmd_vel
0.705000000 INFO [/tmp/binarydeb/ros-kinetic-gazebo-plugins-2.5.14/src/gazebo_ros_diff_drive.cpp:171(GazeboRosDiffDrive::Load) [topics: /rosout, /clock, /gazebo/link_states, /gazebo/model_states, /gazebo/parameter_descriptions, /gazebo/parameter_updates, /m2wr/laser/scan, /joint_states, /tf, /odom] DiffDrive(ns = //): Advertise odom on odom 
0.000000000 INFO [gazebo_interface.py:27(spawn_urdf_model_client) [topics: /clock, /rosout] Waiting for service /gazebo/spawn_urdf_model
0.000000000 INFO [/tmp/binarydeb/ros-kinetic-roscpp-1.12.13/src/libros/service.cpp:80(service::exists) [topics: /rosout] waitForService: Service [/gazebo/set_physics_properties] has not been advertised, waiting...
0.023000000 INFO [/tmp/binarydeb/ros-kinetic-roscpp-1.12.13/src/libros/service.cpp:122(service::waitForService) [topics: /rosout, /clock, /gazebo/link_states, /gazebo/model_states] waitForService: Service [/gazebo/set_physics_properties] is now available.
0.069000000 INFO [/tmp/binarydeb/ros-kinetic-gazebo-ros-2.5.14/src/gazebo_ros_api_plugin.cpp:2083(GazeboRosApiPlugin::physicsReconfigureThread) [topics: /rosout, /clock, /gazebo/link_states, /gazebo/model_states, /gazebo/parameter_descriptions, /gazebo/parameter_updates] Physics dynamic reconfigure ready.
0.000000000 INFO [gazebo_interface.py:31(spawn_urdf_model_client) [topics: /clock, /rosout] Calling service /gazebo/spawn_urdf_model
0.729000000 INFO [gazebo_interface.py:33(spawn_urdf_model_client) [topics: /clock, /rosout] Spawn status: SpawnModel: Successfully spawned entity
0.729000000 INFO [/tmp/binarydeb/ros-kinetic-gazebo-plugins-2.5.14/include/gazebo_plugins/gazebo_ros_utils.h:95(__cxx11::string gazebo::GetRobotNamespace) [topics: /rosout, /clock, /gazebo/link_states, /gazebo/model_states, /gazebo/parameter_descriptions, /gazebo/parameter_updates] Laser Plugin: Using the 'robotNamespace' param: '/'
0.729000000 INFO [/tmp/binarydeb/ros-kinetic-gazebo-plugins-2.5.14/src/gazebo_ros_laser.cpp:111(GazeboRosLaser::Load) [topics: /rosout, /clock, /gazebo/link_states, /gazebo/model_states, /gazebo/parameter_descriptions, /gazebo/parameter_updates] Starting Laser Plugin (ns = /)
0.729000000 INFO [/tmp/binarydeb/ros-kinetic-gazebo-plugins-2.5.14/src/gazebo_ros_laser.cpp:135(GazeboRosLaser::LoadThread) [topics: /rosout, /clock, /gazebo/link_states, /gazebo/model_states, /gazebo/parameter_descriptions, /gazebo/parameter_updates] Laser Plugin (ns = /)  <tf_prefix_>, set to ""
0.729000000 INFO [/tmp/binarydeb/ros-kinetic-gazebo-plugins-2.5.14/src/gazebo_ros_utils.cpp:57(GazeboRos::readCommonParameter) [topics: /rosout, /clock, /gazebo/link_states, /gazebo/model_states, /gazebo/parameter_descriptions, /gazebo/parameter_updates, /m2wr/laser/scan] Starting plugin DiffDrive(ns = //)
0.729000000 INFO [/tmp/binarydeb/ros-kinetic-gazebo-plugins-2.5.14/src/gazebo_ros_utils.cpp:83(GazeboRos::readCommonParameter) [topics: /rosout, /clock, /gazebo/link_states, /gazebo/model_states, /gazebo/parameter_descriptions, /gazebo/parameter_updates, /m2wr/laser/scan] DiffDrive(ns = //): <rosDebugLevel> = na
0.729000000 INFO [/tmp/binarydeb/ros-kinetic-gazebo-plugins-2.5.14/src/gazebo_ros_utils.cpp:93(GazeboRos::readCommonParameter) [topics: /rosout, /clock, /gazebo/link_states, /gazebo/model_states, /gazebo/parameter_descriptions, /gazebo/parameter_updates, /m2wr/laser/scan] DiffDrive(ns = //): <tf_prefix> = 
0.729000000 INFO [/tmp/binarydeb/ros-kinetic-gazebo-plugins-2.5.14/src/gazebo_ros_diff_drive.cpp:152(GazeboRosDiffDrive::Load) [topics: /rosout, /clock, /gazebo/link_states, /gazebo/model_states, /gazebo/parameter_descriptions, /gazebo/parameter_updates, /m2wr/laser/scan, /joint_states] DiffDrive(ns = //): Advertise joint_states
0.729000000 INFO [/tmp/binarydeb/ros-kinetic-gazebo-plugins-2.5.14/src/gazebo_ros_diff_drive.cpp:158(GazeboRosDiffDrive::Load) [topics: /rosout, /clock, /gazebo/link_states, /gazebo/model_states, /gazebo/parameter_descriptions, /gazebo/parameter_updates, /m2wr/laser/scan, /joint_states, /tf] DiffDrive(ns = //): Try to subscribe to cmd_vel
0.729000000 INFO [/tmp/binarydeb/ros-kinetic-gazebo-plugins-2.5.14/src/gazebo_ros_diff_drive.cpp:166(GazeboRosDiffDrive::Load) [topics: /rosout, /clock, /gazebo/link_states, /gazebo/model_states, /gazebo/parameter_descriptions, /gazebo/parameter_updates, /m2wr/laser/scan, /joint_states, /tf] DiffDrive(ns = //): Subscribe to cmd_vel
0.729000000 INFO [/tmp/binarydeb/ros-kinetic-gazebo-plugins-2.5.14/src/gazebo_ros_diff_drive.cpp:171(GazeboRosDiffDrive::Load) [topics: /rosout, /clock, /gazebo/link_states, /gazebo/model_states, /gazebo/parameter_descriptions, /gazebo/parameter_updates, /m2wr/laser/scan, /joint_states, /tf, /odom] DiffDrive(ns = //): Advertise odom on odom 
0.000000000 WARN [/tmp/binarydeb/ros-kinetic-kdl-parser-1.12.10/src/kdl_parser.cpp:200(treeFromUrdfModel) [topics: /rosout] The root link base_link has an inertia specified in the URDF, but KDL does not support a root link with an inertia.  As a workaround, you can add an extra dummy link to your URDF.
0.000000000 INFO [/tmp/binarydeb/ros-kinetic-rviz-1.12.15/src/rviz/ogre_helpers/render_system.cpp:430(RenderWindow* rviz::RenderSystem::makeRenderWindow) [topics: /rosout] Stereo is NOT SUPPORTED
