[rospy.client][INFO] 2020-07-02 13:12:31,083: init_node, name[/robot2/urdf_spawner], pid[9715]
[xmlrpc][INFO] 2020-07-02 13:12:31,083: XML-RPC server binding to 0.0.0.0:0
[rospy.init][INFO] 2020-07-02 13:12:31,083: ROS Slave URI: [http://177b797fd17c:33509/]
[xmlrpc][INFO] 2020-07-02 13:12:31,083: Started XML-RPC server [http://177b797fd17c:33509/]
[rospy.impl.masterslave][INFO] 2020-07-02 13:12:31,084: _ready: http://177b797fd17c:33509/
[xmlrpc][INFO] 2020-07-02 13:12:31,084: xml rpc node: starting XML-RPC server
[rospy.registration][INFO] 2020-07-02 13:12:31,085: Registering with master node http://localhost:11311
[rospy.init][INFO] 2020-07-02 13:12:31,184: registered with master
[rospy.rosout][INFO] 2020-07-02 13:12:31,184: initializing /rosout core topic
[rospy.rosout][INFO] 2020-07-02 13:12:31,186: connected to core topic /rosout
[rospy.simtime][INFO] 2020-07-02 13:12:31,187: initializing /clock core topic
[rospy.simtime][INFO] 2020-07-02 13:12:31,190: connected to core topic /clock
[rosout][INFO] 2020-07-02 13:12:31,194: Loading model XML from ros parameter
[rosout][INFO] 2020-07-02 13:12:31,197: Waiting for service /gazebo/spawn_urdf_model
[rosout][INFO] 2020-07-02 13:12:31,199: Calling service /gazebo/spawn_urdf_model
[rospy.internal][INFO] 2020-07-02 13:12:31,201: topic[/clock] adding connection to [http://177b797fd17c:41871/], count 0
[rospy.internal][INFO] 2020-07-02 13:12:31,424: topic[/rosout] adding connection to [/rosout], count 0
[rospy.core][INFO] 2020-07-02 13:13:06,966: signal_shutdown [signal-2]
[rospy.internal][INFO] 2020-07-02 13:13:06,971: topic[/rosout] removing connection to /rosout
[rospy.internal][INFO] 2020-07-02 13:13:06,971: topic[/clock] removing connection to http://177b797fd17c:41871/
[rospy.impl.masterslave][INFO] 2020-07-02 13:13:06,972: signal-2
[rospy.internal][ERROR] 2020-07-02 13:13:07,087: Traceback (most recent call last):
  File "/opt/ros/kinetic/lib/python2.7/dist-packages/rospy/impl/tcpros_base.py", line 729, in receive_once
    self.stat_bytes += recv_buff(sock, b, p.buff_size)
  File "/opt/ros/kinetic/lib/python2.7/dist-packages/rospy/impl/tcpros_base.py", line 103, in recv_buff
    d = sock.recv(buff_size)
error: [Errno 4] Interrupted system call

[rospy.core][INFO] 2020-07-02 13:13:07,088: signal_shutdown [atexit]
