[rospy.client][INFO] 2020-07-02 13:12:29,866: init_node, name[/robot1/urdf_spawner], pid[9541]
[xmlrpc][INFO] 2020-07-02 13:12:29,866: XML-RPC server binding to 0.0.0.0:0
[xmlrpc][INFO] 2020-07-02 13:12:29,867: Started XML-RPC server [http://177b797fd17c:37329/]
[rospy.init][INFO] 2020-07-02 13:12:29,867: ROS Slave URI: [http://177b797fd17c:37329/]
[rospy.impl.masterslave][INFO] 2020-07-02 13:12:29,867: _ready: http://177b797fd17c:37329/
[xmlrpc][INFO] 2020-07-02 13:12:29,868: xml rpc node: starting XML-RPC server
[rospy.registration][INFO] 2020-07-02 13:12:29,868: Registering with master node http://localhost:11311
[rospy.init][INFO] 2020-07-02 13:12:29,968: registered with master
[rospy.rosout][INFO] 2020-07-02 13:12:29,968: initializing /rosout core topic
[rospy.rosout][INFO] 2020-07-02 13:12:29,970: connected to core topic /rosout
[rospy.simtime][INFO] 2020-07-02 13:12:29,972: initializing /clock core topic
[rospy.simtime][INFO] 2020-07-02 13:12:29,974: connected to core topic /clock
[rosout][INFO] 2020-07-02 13:12:29,977: Loading model XML from ros parameter
[rosout][INFO] 2020-07-02 13:12:29,982: Waiting for service /gazebo/spawn_urdf_model
[rospy.internal][INFO] 2020-07-02 13:12:29,984: topic[/clock] adding connection to [http://177b797fd17c:41871/], count 0
[rosout][INFO] 2020-07-02 13:12:29,986: Calling service /gazebo/spawn_urdf_model
[rosout][INFO] 2020-07-02 13:12:30,060: Spawn status: SpawnModel: Successfully spawned entity
[rospy.core][INFO] 2020-07-02 13:12:30,116: signal_shutdown [atexit]
[rospy.internal][INFO] 2020-07-02 13:12:30,128: topic[/clock] removing connection to http://177b797fd17c:41871/
[rospy.impl.masterslave][INFO] 2020-07-02 13:12:30,128: atexit
[rospy.client][INFO] 2020-07-02 13:12:31,732: init_node, name[/robot1/urdf_spawner], pid[9766]
[xmlrpc][INFO] 2020-07-02 13:12:31,732: XML-RPC server binding to 0.0.0.0:0
[rospy.init][INFO] 2020-07-02 13:12:31,736: ROS Slave URI: [http://177b797fd17c:42605/]
[xmlrpc][INFO] 2020-07-02 13:12:31,733: Started XML-RPC server [http://177b797fd17c:42605/]
[rospy.impl.masterslave][INFO] 2020-07-02 13:12:31,737: _ready: http://177b797fd17c:42605/
[xmlrpc][INFO] 2020-07-02 13:12:31,740: xml rpc node: starting XML-RPC server
[rospy.registration][INFO] 2020-07-02 13:12:31,744: Registering with master node http://localhost:11311
[rospy.init][INFO] 2020-07-02 13:12:31,836: registered with master
[rospy.rosout][INFO] 2020-07-02 13:12:31,837: initializing /rosout core topic
[rospy.rosout][INFO] 2020-07-02 13:12:31,843: connected to core topic /rosout
[rospy.simtime][INFO] 2020-07-02 13:12:31,849: initializing /clock core topic
[rospy.simtime][INFO] 2020-07-02 13:12:31,852: connected to core topic /clock
[rosout][INFO] 2020-07-02 13:12:31,856: Loading model XML from ros parameter
[rosout][INFO] 2020-07-02 13:12:31,859: Waiting for service /gazebo/spawn_urdf_model
[rosout][INFO] 2020-07-02 13:12:31,861: Calling service /gazebo/spawn_urdf_model
[rospy.internal][INFO] 2020-07-02 13:12:31,862: topic[/clock] adding connection to [http://177b797fd17c:41871/], count 0
[rospy.internal][INFO] 2020-07-02 13:12:32,124: topic[/rosout] adding connection to [/rosout], count 0
[rospy.core][INFO] 2020-07-02 13:13:06,967: signal_shutdown [signal-2]
[rospy.internal][INFO] 2020-07-02 13:13:06,972: topic[/rosout] removing connection to /rosout
[rospy.internal][INFO] 2020-07-02 13:13:06,972: topic[/clock] removing connection to http://177b797fd17c:41871/
[rospy.impl.masterslave][INFO] 2020-07-02 13:13:06,972: signal-2
[rospy.internal][ERROR] 2020-07-02 13:13:07,104: Traceback (most recent call last):
  File "/opt/ros/kinetic/lib/python2.7/dist-packages/rospy/impl/tcpros_base.py", line 729, in receive_once
    self.stat_bytes += recv_buff(sock, b, p.buff_size)
  File "/opt/ros/kinetic/lib/python2.7/dist-packages/rospy/impl/tcpros_base.py", line 103, in recv_buff
    d = sock.recv(buff_size)
error: [Errno 4] Interrupted system call

[rospy.core][INFO] 2020-07-02 13:13:07,105: signal_shutdown [atexit]
