[rosmaster.main][INFO] 2019-06-29 22:10:08,980: initialization complete, waiting for shutdown
[rosmaster.main][INFO] 2019-06-29 22:10:08,980: Starting ROS Master Node
[xmlrpc][INFO] 2019-06-29 22:10:08,982: XML-RPC server binding to 0.0.0.0:11311
[xmlrpc][INFO] 2019-06-29 22:10:08,982: Started XML-RPC server [http://dc5b429f784e:11311/]
[xmlrpc][INFO] 2019-06-29 22:10:08,982: xml rpc node: starting XML-RPC server
[rosmaster.master][INFO] 2019-06-29 22:10:08,983: Master initialized: port[11311], uri[http://dc5b429f784e:11311/]
[rosmaster.master][INFO] 2019-06-29 22:10:09,058: +PARAM [/run_id] by /roslaunch
[rosmaster.master][INFO] 2019-06-29 22:10:09,059: +PARAM [/roslaunch/uris/host_dc5b429f784e__34513] by /roslaunch
[rosmaster.master][INFO] 2019-06-29 22:10:09,622: +PARAM [/rosversion] by /roslaunch
[rosmaster.master][INFO] 2019-06-29 22:10:09,622: +PARAM [/rosdistro] by /roslaunch
[rosmaster.master][INFO] 2019-06-29 22:10:09,651: +SERVICE [/rosout/get_loggers] /rosout http://dc5b429f784e:45857/
[rosmaster.master][INFO] 2019-06-29 22:10:09,652: +SERVICE [/rosout/set_logger_level] /rosout http://dc5b429f784e:45857/
[rosmaster.master][INFO] 2019-06-29 22:10:09,655: +PUB [/rosout_agg] /rosout http://dc5b429f784e:45857/
[rosmaster.master][INFO] 2019-06-29 22:10:09,660: +SUB [/rosout] /rosout http://dc5b429f784e:45857/
[rosmaster.master][INFO] 2019-06-29 22:10:14,412: +PUB [/rosout] /vrep_ros_interface http://dc5b429f784e:42569/
[rosmaster.master][INFO] 2019-06-29 22:10:14,413: +SERVICE [/vrep_ros_interface/get_loggers] /vrep_ros_interface http://dc5b429f784e:42569/
[rosmaster.master][INFO] 2019-06-29 22:10:14,415: +SERVICE [/vrep_ros_interface/set_logger_level] /vrep_ros_interface http://dc5b429f784e:42569/
[rosmaster.master][INFO] 2019-06-29 22:10:14,417: +PUB [/tf] /vrep_ros_interface http://dc5b429f784e:42569/
[rosmaster.master][INFO] 2019-06-29 22:10:14,417: publisherUpdate[/rosout] -> http://dc5b429f784e:45857/ ['http://dc5b429f784e:42569/']
[rosmaster.master][INFO] 2019-06-29 22:10:14,420: publisherUpdate[/rosout] -> http://dc5b429f784e:45857/ ['http://dc5b429f784e:42569/']: sec=0.00, result=[1, '', 0]
[rosmaster.master][INFO] 2019-06-29 22:10:43,595: +PUB [/rosout] /rostopic_18933_1561846243485 http://dc5b429f784e:40469/
[rosmaster.master][INFO] 2019-06-29 22:10:43,598: +SERVICE [/rostopic_18933_1561846243485/get_loggers] /rostopic_18933_1561846243485 http://dc5b429f784e:40469/
[rosmaster.master][INFO] 2019-06-29 22:10:43,599: +SERVICE [/rostopic_18933_1561846243485/set_logger_level] /rostopic_18933_1561846243485 http://dc5b429f784e:40469/
[rosmaster.master][INFO] 2019-06-29 22:10:43,609: publisherUpdate[/rosout] -> http://dc5b429f784e:45857/ ['http://dc5b429f784e:42569/', 'http://dc5b429f784e:40469/']
[rosmaster.master][INFO] 2019-06-29 22:10:43,610: publisherUpdate[/rosout] -> http://dc5b429f784e:45857/ ['http://dc5b429f784e:42569/', 'http://dc5b429f784e:40469/']: sec=0.00, result=[1, '', 0]
[rosmaster.master][INFO] 2019-06-29 22:10:43,621: +SUB [/tf] /rostopic_18933_1561846243485 http://dc5b429f784e:40469/
[rosmaster.master][INFO] 2019-06-29 22:10:54,945: -SUB [/tf] /rostopic_18933_1561846243485 http://dc5b429f784e:40469/
[rosmaster.master][INFO] 2019-06-29 22:10:54,945: -PUB [/rosout] /rostopic_18933_1561846243485 http://dc5b429f784e:40469/
[rosmaster.master][INFO] 2019-06-29 22:10:54,945: -SERVICE [/rostopic_18933_1561846243485/get_loggers] /rostopic_18933_1561846243485 rosrpc://dc5b429f784e:45285
[rosmaster.master][INFO] 2019-06-29 22:10:54,945: -SERVICE [/rostopic_18933_1561846243485/set_logger_level] /rostopic_18933_1561846243485 rosrpc://dc5b429f784e:45285
[rosmaster.master][INFO] 2019-06-29 22:10:54,953: publisherUpdate[/rosout] -> http://dc5b429f784e:45857/ ['http://dc5b429f784e:42569/']
[rosmaster.master][INFO] 2019-06-29 22:10:54,953: publisherUpdate[/rosout] -> http://dc5b429f784e:45857/ ['http://dc5b429f784e:42569/']: sec=0.00, result=[1, '', 0]
[rosmaster.master][INFO] 2019-06-29 22:10:56,506: +PUB [/rosout] /rostopic_18957_1561846256275 http://dc5b429f784e:39415/
[rosmaster.master][INFO] 2019-06-29 22:10:56,510: +SERVICE [/rostopic_18957_1561846256275/get_loggers] /rostopic_18957_1561846256275 http://dc5b429f784e:39415/
[rosmaster.master][INFO] 2019-06-29 22:10:56,512: +SERVICE [/rostopic_18957_1561846256275/set_logger_level] /rostopic_18957_1561846256275 http://dc5b429f784e:39415/
[rosmaster.master][INFO] 2019-06-29 22:10:56,537: +SUB [/tf] /rostopic_18957_1561846256275 http://dc5b429f784e:39415/
[rosmaster.master][INFO] 2019-06-29 22:10:56,557: publisherUpdate[/rosout] -> http://dc5b429f784e:45857/ ['http://dc5b429f784e:42569/', 'http://dc5b429f784e:39415/']
[rosmaster.master][INFO] 2019-06-29 22:10:56,558: publisherUpdate[/rosout] -> http://dc5b429f784e:45857/ ['http://dc5b429f784e:42569/', 'http://dc5b429f784e:39415/']: sec=0.00, result=[1, '', 0]
[rosmaster.master][INFO] 2019-06-29 22:10:57,237: -SUB [/tf] /rostopic_18957_1561846256275 http://dc5b429f784e:39415/
[rosmaster.master][INFO] 2019-06-29 22:10:57,237: -PUB [/rosout] /rostopic_18957_1561846256275 http://dc5b429f784e:39415/
[rosmaster.master][INFO] 2019-06-29 22:10:57,237: -SERVICE [/rostopic_18957_1561846256275/get_loggers] /rostopic_18957_1561846256275 rosrpc://dc5b429f784e:44061
[rosmaster.master][INFO] 2019-06-29 22:10:57,237: -SERVICE [/rostopic_18957_1561846256275/set_logger_level] /rostopic_18957_1561846256275 rosrpc://dc5b429f784e:44061
[rosmaster.master][INFO] 2019-06-29 22:10:57,259: publisherUpdate[/rosout] -> http://dc5b429f784e:45857/ ['http://dc5b429f784e:42569/']
[rosmaster.master][INFO] 2019-06-29 22:10:57,260: publisherUpdate[/rosout] -> http://dc5b429f784e:45857/ ['http://dc5b429f784e:42569/']: sec=0.00, result=[1, '', 0]
[rosmaster.master][INFO] 2019-06-29 22:12:59,436: -PUB [/rosout] /vrep_ros_interface http://dc5b429f784e:42569/
[rosmaster.master][INFO] 2019-06-29 22:12:59,437: -PUB [/tf] /vrep_ros_interface http://dc5b429f784e:42569/
[rosmaster.master][INFO] 2019-06-29 22:12:59,438: -SERVICE [/vrep_ros_interface/get_loggers] /vrep_ros_interface rosrpc://dc5b429f784e:45183
[rosmaster.master][INFO] 2019-06-29 22:12:59,439: -SERVICE [/vrep_ros_interface/set_logger_level] /vrep_ros_interface rosrpc://dc5b429f784e:45183
[rosmaster.master][INFO] 2019-06-29 22:12:59,449: publisherUpdate[/rosout] -> http://dc5b429f784e:45857/ []
[rosmaster.master][INFO] 2019-06-29 22:12:59,450: publisherUpdate[/rosout] -> http://dc5b429f784e:45857/ []: sec=0.00, result=[1, '', 0]
[rosmaster.master][INFO] 2019-06-29 22:13:08,468: -PUB [/rosout_agg] /rosout http://dc5b429f784e:45857/
[rosmaster.master][INFO] 2019-06-29 22:13:08,471: -SUB [/rosout] /rosout http://dc5b429f784e:45857/
[rosmaster.master][INFO] 2019-06-29 22:13:08,472: -SERVICE [/rosout/get_loggers] /rosout rosrpc://dc5b429f784e:55459
[rosmaster.master][INFO] 2019-06-29 22:13:08,475: -SERVICE [/rosout/set_logger_level] /rosout rosrpc://dc5b429f784e:55459
[rosmaster.main][INFO] 2019-06-29 22:13:08,539: keyboard interrupt, will exit
[rosmaster.main][INFO] 2019-06-29 22:13:08,539: stopping master...
[rospy.core][INFO] 2019-06-29 22:13:08,539: signal_shutdown [atexit]
