

1561545841.746434500  Node Startup
1561545842.307408300 WARN [/tmp/binarydeb/ros-kinetic-kdl-parser-1.12.10/src/kdl_parser.cpp:200(treeFromUrdfModel) [topics: /rosout] The root link base_link has an inertia specified in the URDF, but KDL does not support a root link with an inertia.  As a workaround, you can add an extra dummy link to your URDF.
1561545842.815061600 INFO [/tmp/binarydeb/ros-kinetic-rviz-1.12.15/src/rviz/ogre_helpers/render_system.cpp:430(RenderWindow* rviz::RenderSystem::makeRenderWindow) [topics: /rosout] Stereo is NOT SUPPORTED
0.000000000 INFO [/tmp/binarydeb/ros-kinetic-roscpp-1.12.13/src/libros/service.cpp:80(service::exists) [topics: /rosout] waitForService: Service [/gazebo/set_physics_properties] has not been advertised, waiting...
0.000000000 INFO [gazebo_interface.py:31(spawn_urdf_model_client) [topics: /clock, /rosout] Calling service /gazebo/spawn_urdf_model
0.000000000 INFO [gazebo_interface.py:33(spawn_urdf_model_client) [topics: /clock, /rosout] Spawn status: SpawnModel: Successfully spawned entity
0.000000000 INFO [/tmp/binarydeb/ros-kinetic-gazebo-plugins-2.5.14/include/gazebo_plugins/gazebo_ros_utils.h:95(__cxx11::string gazebo::GetRobotNamespace) [topics: /rosout, /clock, /gazebo/link_states, /gazebo/model_states] Laser Plugin: Using the 'robotNamespace' param: '/'
0.000000000 INFO [/tmp/binarydeb/ros-kinetic-gazebo-plugins-2.5.14/src/gazebo_ros_laser.cpp:111(GazeboRosLaser::Load) [topics: /rosout, /clock, /gazebo/link_states, /gazebo/model_states] Starting Laser Plugin (ns = /)
0.000000000 INFO [/tmp/binarydeb/ros-kinetic-gazebo-plugins-2.5.14/src/gazebo_ros_laser.cpp:135(GazeboRosLaser::LoadThread) [topics: /rosout, /clock, /gazebo/link_states, /gazebo/model_states] Laser Plugin (ns = /)  <tf_prefix_>, set to ""
0.000000000 INFO [/tmp/binarydeb/ros-kinetic-gazebo-plugins-2.5.14/src/gazebo_ros_utils.cpp:57(GazeboRos::readCommonParameter) [topics: /rosout, /clock, /gazebo/link_states, /gazebo/model_states, /p3dx/laser/scan] Starting plugin DiffDrive(ns = //)
0.000000000 WARN [/tmp/binarydeb/ros-kinetic-gazebo-plugins-2.5.14/include/gazebo_plugins/gazebo_ros_utils.h:231(GazeboRos::getParameter) [topics: /rosout, /clock, /gazebo/link_states, /gazebo/model_states, /p3dx/laser/scan] DiffDrive(ns = //): missing <rosDebugLevel> default is na
0.000000000 INFO [/tmp/binarydeb/ros-kinetic-gazebo-plugins-2.5.14/src/gazebo_ros_utils.cpp:93(GazeboRos::readCommonParameter) [topics: /rosout, /clock, /gazebo/link_states, /gazebo/model_states, /p3dx/laser/scan] DiffDrive(ns = //): <tf_prefix> = 
0.000000000 WARN [/tmp/binarydeb/ros-kinetic-gazebo-plugins-2.5.14/src/gazebo_ros_utils.cpp:101(GazeboRos::getParameterBoolean) [topics: /rosout, /clock, /gazebo/link_states, /gazebo/model_states, /p3dx/laser/scan] DiffDrive(ns = //): missing <publishWheelTF> default is false
0.000000000 WARN [/tmp/binarydeb/ros-kinetic-gazebo-plugins-2.5.14/src/gazebo_ros_utils.cpp:101(GazeboRos::getParameterBoolean) [topics: /rosout, /clock, /gazebo/link_states, /gazebo/model_states, /p3dx/laser/scan] DiffDrive(ns = //): missing <publishWheelJointState> default is false
0.000000000 WARN [/tmp/binarydeb/ros-kinetic-gazebo-plugins-2.5.14/src/gazebo_ros_utils.cpp:101(GazeboRos::getParameterBoolean) [topics: /rosout, /clock, /gazebo/link_states, /gazebo/model_states, /p3dx/laser/scan] DiffDrive(ns = //): missing <legacyMode> default is ture
0.000000000 ERROR [/tmp/binarydeb/ros-kinetic-gazebo-plugins-2.5.14/src/gazebo_ros_diff_drive.cpp:101(GazeboRosDiffDrive::Load) [topics: /rosout, /clock, /gazebo/link_states, /gazebo/model_states, /p3dx/laser/scan] GazeboRosDiffDrive Plugin missing <legacyMode>, defaults to true
This setting assumes you have a old package, where the right and left wheel are changed to fix a former code issue
To get rid of this error just set <legacyMode> to false if you just created a new package.
To fix an old package you have to exchange left wheel by the right wheel.
If you do not want to fix this issue in an old package or your z axis points down instead of the ROS standard defined in REP 103
just set <legacyMode> to true.

0.000000000 WARN [/tmp/binarydeb/ros-kinetic-gazebo-plugins-2.5.14/include/gazebo_plugins/gazebo_ros_utils.h:231(GazeboRos::getParameter) [topics: /rosout, /clock, /gazebo/link_states, /gazebo/model_states, /p3dx/laser/scan] DiffDrive(ns = //): missing <wheelAcceleration> default is 0
0.000000000 WARN [/tmp/binarydeb/ros-kinetic-gazebo-plugins-2.5.14/include/gazebo_plugins/gazebo_ros_utils.h:231(GazeboRos::getParameter) [topics: /rosout, /clock, /gazebo/link_states, /gazebo/model_states, /p3dx/laser/scan] DiffDrive(ns = //): missing <wheelTorque> default is 5
0.000000000 WARN [/tmp/binarydeb/ros-kinetic-gazebo-plugins-2.5.14/include/gazebo_plugins/gazebo_ros_utils.h:263(GazeboRos::getParameter) [topics: /rosout, /clock, /gazebo/link_states, /gazebo/model_states, /p3dx/laser/scan] DiffDrive(ns = //): missing <odometrySource> default is 1
0.000000000 WARN [/tmp/binarydeb/ros-kinetic-gazebo-plugins-2.5.14/src/gazebo_ros_diff_drive.cpp:126(GazeboRosDiffDrive::Load) [topics: /rosout, /clock, /gazebo/link_states, /gazebo/model_states, /p3dx/laser/scan] GazeboRosDiffDrive Plugin (ns = ) missing <publishTf>, defaults to 1
0.000000000 INFO [/tmp/binarydeb/ros-kinetic-gazebo-plugins-2.5.14/src/gazebo_ros_diff_drive.cpp:158(GazeboRosDiffDrive::Load) [topics: /rosout, /clock, /gazebo/link_states, /gazebo/model_states, /p3dx/laser/scan, /tf] DiffDrive(ns = //): Try to subscribe to cmd_vel
0.000000000 INFO [/tmp/binarydeb/ros-kinetic-gazebo-plugins-2.5.14/src/gazebo_ros_diff_drive.cpp:166(GazeboRosDiffDrive::Load) [topics: /rosout, /clock, /gazebo/link_states, /gazebo/model_states, /p3dx/laser/scan, /tf] DiffDrive(ns = //): Subscribe to cmd_vel
0.000000000 INFO [/tmp/binarydeb/ros-kinetic-gazebo-plugins-2.5.14/src/gazebo_ros_diff_drive.cpp:171(GazeboRosDiffDrive::Load) [topics: /rosout, /clock, /gazebo/link_states, /gazebo/model_states, /p3dx/laser/scan, /tf, /odom] DiffDrive(ns = //): Advertise odom on odom 
932.791000000 INFO [/tmp/binarydeb/ros-kinetic-roscpp-1.12.13/src/libros/service.cpp:122(service::waitForService) [topics: /rosout, /clock, /gazebo/link_states, /gazebo/model_states, /p3dx/laser/scan, /tf, /odom, /p3dx/base_pose_ground_truth] waitForService: Service [/gazebo/set_physics_properties] is now available.
932.822000000 INFO [/tmp/binarydeb/ros-kinetic-gazebo-ros-2.5.14/src/gazebo_ros_api_plugin.cpp:2083(GazeboRosApiPlugin::physicsReconfigureThread) [topics: /rosout, /clock, /gazebo/link_states, /gazebo/model_states, /p3dx/laser/scan, /tf, /odom, /p3dx/base_pose_ground_truth, /gazebo/parameter_descriptions, /gazebo/parameter_updates] Physics dynamic reconfigure ready.
982.861000000 INFO [/home/catkin_ws/src/slam_gmapping/gmapping/src/slam_gmapping.cpp:447(initMapper) [topics: /rosout, /tf, /slam_gmapping/entropy, /map, /map_metadata] Laser is mounted upwards.
982.865000000 INFO [/home/catkin_ws/src/slam_gmapping/gmapping/src/slam_gmapping.cpp:532(initMapper) [topics: /rosout, /tf, /slam_gmapping/entropy, /map, /map_metadata] Initialization complete
1561545842.815129800 INFO [/tmp/binarydeb/ros-kinetic-rviz-1.12.15/src/rviz/ogre_helpers/render_system.cpp:211(RenderSystem::detectGlVersion) [topics: /rosout] OpenGl version: 3 (GLSL 1.3).
1561545999.262383400 INFO [/tmp/binarydeb/ros-kinetic-rviz-1.12.15/src/rviz/default_plugin/map_display.cpp:604(MapDisplay::createSwatches) [topics: /rosout, /initialpose, /move_base_simple/goal, /clicked_point] Creating 1 swatches
1688.640000000 INFO [/home/catkin_ws/src/move_basic/src/move_basic.cpp:293(MoveBasic) [topics: /rosout, /cmd_vel, /plan, /obstacle_distance, /lateral_error, /move_base/result, /move_base/feedback, /move_base/status, /move_base/goal, /obstacle_viz] Move Basic ready
1561546813.495579500 INFO [/tmp/binarydeb/ros-kinetic-rviz-1.12.15/src/rviz/default_plugin/tools/goal_tool.cpp:73(GoalTool::onPoseSet) [topics: /rosout, /initialpose, /move_base_simple/goal, /clicked_point] Setting goal: Frame:map, Position(-1.228, -5.465, 0.000), Orientation(0.000, 0.000, 0.086, 0.996) = Angle: 0.173

1706.440000000 INFO [/home/catkin_ws/src/move_basic/src/move_basic.cpp:350(goalCallback) [topics: /rosout, /cmd_vel, /plan, /obstacle_distance, /lateral_error, /move_base/result, /move_base/feedback, /move_base/status, /move_base/goal, /obstacle_viz] Received simple goal
1706.491000000 INFO [/home/catkin_ws/src/move_basic/src/move_basic.cpp:396(executeAction) [topics: /rosout, /cmd_vel, /plan, /obstacle_distance, /lateral_error, /move_base/result, /move_base/feedback, /move_base/status, /move_base/goal, /obstacle_viz] Received goal -1.227961 -5.464542 9.886032 map
1706.492000000 INFO [/home/catkin_ws/src/move_basic/src/move_basic.cpp:423(executeAction) [topics: /rosout, /cmd_vel, /plan, /obstacle_distance, /lateral_error, /move_base/result, /move_base/feedback, /move_base/status, /move_base/goal, /obstacle_viz] Goal in map  -1.227961 -5.464542 9.886032
1706.493000000 INFO [/home/catkin_ws/src/move_basic/src/move_basic.cpp:610(rotate) [topics: /rosout, /cmd_vel, /plan, /obstacle_distance, /lateral_error, /move_base/result, /move_base/feedback, /move_base/status, /move_base/goal, /obstacle_viz] Requested rotation 127.484221
1709.213000000 INFO [/home/catkin_ws/src/move_basic/src/move_basic.cpp:676(rotate) [topics: /rosout, /cmd_vel, /plan, /obstacle_distance, /lateral_error, /move_base/result, /move_base/feedback, /move_base/status, /move_base/goal, /obstacle_viz] Done rotation, error 0.455223 degrees
1709.213000000 INFO [/home/catkin_ws/src/move_basic/src/move_basic.cpp:515(executeAction) [topics: /rosout, /cmd_vel, /plan, /obstacle_distance, /lateral_error, /move_base/result, /move_base/feedback, /move_base/status, /move_base/goal, /obstacle_viz] Requested distance 2.850784
1717.294000000 INFO [/home/catkin_ws/src/move_basic/src/move_basic.cpp:933(moveLinear) [topics: /rosout, /cmd_vel, /plan, /obstacle_distance, /lateral_error, /move_base/result, /move_base/feedback, /move_base/status, /move_base/goal, /obstacle_viz] Done linear, error 0.029526, -0.000662 meters
1717.294000000 INFO [/home/catkin_ws/src/move_basic/src/move_basic.cpp:610(rotate) [topics: /rosout, /cmd_vel, /plan, /obstacle_distance, /lateral_error, /move_base/result, /move_base/feedback, /move_base/status, /move_base/goal, /obstacle_viz] Requested rotation 9.358325
1717.974000000 INFO [/home/catkin_ws/src/move_basic/src/move_basic.cpp:676(rotate) [topics: /rosout, /cmd_vel, /plan, /obstacle_distance, /lateral_error, /move_base/result, /move_base/feedback, /move_base/status, /move_base/goal, /obstacle_viz] Done rotation, error 0.509774 degrees
1561546830.585274700 INFO [/tmp/binarydeb/ros-kinetic-rviz-1.12.15/src/rviz/default_plugin/tools/goal_tool.cpp:73(GoalTool::onPoseSet) [topics: /rosout, /initialpose, /move_base_simple/goal, /clicked_point] Setting goal: Frame:map, Position(4.561, -3.915, 0.000), Orientation(0.000, 0.000, 0.301, 0.954) = Angle: 0.612

1720.141000000 INFO [/home/catkin_ws/src/move_basic/src/move_basic.cpp:350(goalCallback) [topics: /rosout, /cmd_vel, /plan, /obstacle_distance, /lateral_error, /move_base/result, /move_base/feedback, /move_base/status, /move_base/goal, /obstacle_viz] Received simple goal
1720.190000000 INFO [/home/catkin_ws/src/move_basic/src/move_basic.cpp:396(executeAction) [topics: /rosout, /cmd_vel, /plan, /obstacle_distance, /lateral_error, /move_base/result, /move_base/feedback, /move_base/status, /move_base/goal, /obstacle_viz] Received goal 4.560607 -3.915323 35.041600 map
1720.190000000 INFO [/home/catkin_ws/src/move_basic/src/move_basic.cpp:423(executeAction) [topics: /rosout, /cmd_vel, /plan, /obstacle_distance, /lateral_error, /move_base/result, /move_base/feedback, /move_base/status, /move_base/goal, /obstacle_viz] Goal in map  4.560607 -3.915323 35.041600
1720.190000000 INFO [/home/catkin_ws/src/move_basic/src/move_basic.cpp:610(rotate) [topics: /rosout, /cmd_vel, /plan, /obstacle_distance, /lateral_error, /move_base/result, /move_base/feedback, /move_base/status, /move_base/goal, /obstacle_viz] Requested rotation 5.418672
1720.690000000 INFO [/home/catkin_ws/src/move_basic/src/move_basic.cpp:676(rotate) [topics: /rosout, /cmd_vel, /plan, /obstacle_distance, /lateral_error, /move_base/result, /move_base/feedback, /move_base/status, /move_base/goal, /obstacle_viz] Done rotation, error 0.523911 degrees
1720.690000000 INFO [/home/catkin_ws/src/move_basic/src/move_basic.cpp:515(executeAction) [topics: /rosout, /cmd_vel, /plan, /obstacle_distance, /lateral_error, /move_base/result, /move_base/feedback, /move_base/status, /move_base/goal, /obstacle_viz] Requested distance 6.016460
1733.911000000 INFO [/home/catkin_ws/src/move_basic/src/move_basic.cpp:933(moveLinear) [topics: /rosout, /cmd_vel, /plan, /obstacle_distance, /lateral_error, /move_base/result, /move_base/feedback, /move_base/status, /move_base/goal, /obstacle_viz] Done linear, error 0.027911, 0.000075 meters
1733.911000000 INFO [/home/catkin_ws/src/move_basic/src/move_basic.cpp:610(rotate) [topics: /rosout, /cmd_vel, /plan, /obstacle_distance, /lateral_error, /move_base/result, /move_base/feedback, /move_base/status, /move_base/goal, /obstacle_viz] Requested rotation 19.388063
1734.912000000 INFO [/home/catkin_ws/src/move_basic/src/move_basic.cpp:676(rotate) [topics: /rosout, /cmd_vel, /plan, /obstacle_distance, /lateral_error, /move_base/result, /move_base/feedback, /move_base/status, /move_base/goal, /obstacle_viz] Done rotation, error 0.551235 degrees
1561546850.047348800 INFO [/tmp/binarydeb/ros-kinetic-rviz-1.12.15/src/rviz/default_plugin/tools/goal_tool.cpp:73(GoalTool::onPoseSet) [topics: /rosout, /initialpose, /move_base_simple/goal, /clicked_point] Setting goal: Frame:map, Position(6.276, 2.425, 0.000), Orientation(0.000, 0.000, 0.666, 0.746) = Angle: 1.457

1735.990000000 INFO [/home/catkin_ws/src/move_basic/src/move_basic.cpp:350(goalCallback) [topics: /rosout, /cmd_vel, /plan, /obstacle_distance, /lateral_error, /move_base/result, /move_base/feedback, /move_base/status, /move_base/goal, /obstacle_viz] Received simple goal
1736.041000000 INFO [/home/catkin_ws/src/move_basic/src/move_basic.cpp:396(executeAction) [topics: /rosout, /cmd_vel, /plan, /obstacle_distance, /lateral_error, /move_base/result, /move_base/feedback, /move_base/status, /move_base/goal, /obstacle_viz] Received goal 6.276317 2.425213 83.469574 map
1736.041000000 INFO [/home/catkin_ws/src/move_basic/src/move_basic.cpp:423(executeAction) [topics: /rosout, /cmd_vel, /plan, /obstacle_distance, /lateral_error, /move_base/result, /move_base/feedback, /move_base/status, /move_base/goal, /obstacle_viz] Goal in map  6.276317 2.425213 83.469574
1736.041000000 INFO [/home/catkin_ws/src/move_basic/src/move_basic.cpp:610(rotate) [topics: /rosout, /cmd_vel, /plan, /obstacle_distance, /lateral_error, /move_base/result, /move_base/feedback, /move_base/status, /move_base/goal, /obstacle_viz] Requested rotation 40.094046
1737.524000000 INFO [/home/catkin_ws/src/move_basic/src/move_basic.cpp:676(rotate) [topics: /rosout, /cmd_vel, /plan, /obstacle_distance, /lateral_error, /move_base/result, /move_base/feedback, /move_base/status, /move_base/goal, /obstacle_viz] Done rotation, error 0.565361 degrees
1737.524000000 INFO [/home/catkin_ws/src/move_basic/src/move_basic.cpp:515(executeAction) [topics: /rosout, /cmd_vel, /plan, /obstacle_distance, /lateral_error, /move_base/result, /move_base/feedback, /move_base/status, /move_base/goal, /obstacle_viz] Requested distance 6.567126
1561546856.066673100 INFO [/tmp/binarydeb/ros-kinetic-rviz-1.12.15/src/rviz/default_plugin/tools/goal_tool.cpp:73(GoalTool::onPoseSet) [topics: /rosout, /initialpose, /move_base_simple/goal, /clicked_point] Setting goal: Frame:map, Position(6.379, -1.745, 0.000), Orientation(0.000, 0.000, -0.504, 0.864) = Angle: -1.056

1740.865000000 INFO [/home/catkin_ws/src/move_basic/src/move_basic.cpp:350(goalCallback) [topics: /rosout, /cmd_vel, /plan, /obstacle_distance, /lateral_error, /move_base/result, /move_base/feedback, /move_base/status, /move_base/goal, /obstacle_viz] Received simple goal
1740.905000000 INFO [/home/catkin_ws/src/move_basic/src/move_basic.cpp:923(moveLinear) [topics: /rosout, /cmd_vel, /plan, /obstacle_distance, /lateral_error, /move_base/result, /move_base/feedback, /move_base/status, /move_base/goal, /obstacle_viz] Stopping rotation due to new goal
1740.905000000 INFO [/home/catkin_ws/src/move_basic/src/move_basic.cpp:610(rotate) [topics: /rosout, /cmd_vel, /plan, /obstacle_distance, /lateral_error, /move_base/result, /move_base/feedback, /move_base/status, /move_base/goal, /obstacle_viz] Requested rotation 7.849530
1740.925000000 INFO [/home/catkin_ws/src/move_basic/src/move_basic.cpp:666(rotate) [topics: /rosout, /cmd_vel, /plan, /obstacle_distance, /lateral_error, /move_base/result, /move_base/feedback, /move_base/status, /move_base/goal, /obstacle_viz] Stopping rotation due to new goal
1740.926000000 INFO [/home/catkin_ws/src/move_basic/src/move_basic.cpp:396(executeAction) [topics: /rosout, /cmd_vel, /plan, /obstacle_distance, /lateral_error, /move_base/result, /move_base/feedback, /move_base/status, /move_base/goal, /obstacle_viz] Received goal 6.379376 -1.744657 -60.524939 map
1740.926000000 INFO [/home/catkin_ws/src/move_basic/src/move_basic.cpp:423(executeAction) [topics: /rosout, /cmd_vel, /plan, /obstacle_distance, /lateral_error, /move_base/result, /move_base/feedback, /move_base/status, /move_base/goal, /obstacle_viz] Goal in map  6.379376 -1.744657 -60.524939
1740.926000000 INFO [/home/catkin_ws/src/move_basic/src/move_basic.cpp:610(rotate) [topics: /rosout, /cmd_vel, /plan, /obstacle_distance, /lateral_error, /move_base/result, /move_base/feedback, /move_base/status, /move_base/goal, /obstacle_viz] Requested rotation -43.179424
1741.926000000 INFO [/home/catkin_ws/src/move_basic/src/move_basic.cpp:676(rotate) [topics: /rosout, /cmd_vel, /plan, /obstacle_distance, /lateral_error, /move_base/result, /move_base/feedback, /move_base/status, /move_base/goal, /obstacle_viz] Done rotation, error -0.226959 degrees
1741.926000000 INFO [/home/catkin_ws/src/move_basic/src/move_basic.cpp:515(executeAction) [topics: /rosout, /cmd_vel, /plan, /obstacle_distance, /lateral_error, /move_base/result, /move_base/feedback, /move_base/status, /move_base/goal, /obstacle_viz] Requested distance 1.748529
1747.949000000 INFO [/home/catkin_ws/src/move_basic/src/move_basic.cpp:933(moveLinear) [topics: /rosout, /cmd_vel, /plan, /obstacle_distance, /lateral_error, /move_base/result, /move_base/feedback, /move_base/status, /move_base/goal, /obstacle_viz] Done linear, error 0.029962, 0.003976 meters
1747.949000000 INFO [/home/catkin_ws/src/move_basic/src/move_basic.cpp:610(rotate) [topics: /rosout, /cmd_vel, /plan, /obstacle_distance, /lateral_error, /move_base/result, /move_base/feedback, /move_base/status, /move_base/goal, /obstacle_viz] Requested rotation -91.632067
1750.291000000 INFO [/home/catkin_ws/src/move_basic/src/move_basic.cpp:676(rotate) [topics: /rosout, /cmd_vel, /plan, /obstacle_distance, /lateral_error, /move_base/result, /move_base/feedback, /move_base/status, /move_base/goal, /obstacle_viz] Done rotation, error -0.496085 degrees
1561546872.668484200 INFO [/tmp/binarydeb/ros-kinetic-rviz-1.12.15/src/rviz/default_plugin/tools/goal_tool.cpp:73(GoalTool::onPoseSet) [topics: /rosout, /initialpose, /move_base_simple/goal, /clicked_point] Setting goal: Frame:map, Position(5.461, 2.349, 0.000), Orientation(0.000, 0.000, 0.978, 0.207) = Angle: 2.724

1754.690000000 INFO [/home/catkin_ws/src/move_basic/src/move_basic.cpp:350(goalCallback) [topics: /rosout, /cmd_vel, /plan, /obstacle_distance, /lateral_error, /move_base/result, /move_base/feedback, /move_base/status, /move_base/goal, /obstacle_viz] Received simple goal
1754.741000000 INFO [/home/catkin_ws/src/move_basic/src/move_basic.cpp:396(executeAction) [topics: /rosout, /cmd_vel, /plan, /obstacle_distance, /lateral_error, /move_base/result, /move_base/feedback, /move_base/status, /move_base/goal, /obstacle_viz] Received goal 5.461449 2.348591 156.085215 map
1754.741000000 INFO [/home/catkin_ws/src/move_basic/src/move_basic.cpp:423(executeAction) [topics: /rosout, /cmd_vel, /plan, /obstacle_distance, /lateral_error, /move_base/result, /move_base/feedback, /move_base/status, /move_base/goal, /obstacle_viz] Goal in map  5.461449 2.348591 156.085215
1754.741000000 INFO [/home/catkin_ws/src/move_basic/src/move_basic.cpp:610(rotate) [topics: /rosout, /cmd_vel, /plan, /obstacle_distance, /lateral_error, /move_base/result, /move_base/feedback, /move_base/status, /move_base/goal, /obstacle_viz] Requested rotation 162.486211
1757.861000000 INFO [/home/catkin_ws/src/move_basic/src/move_basic.cpp:676(rotate) [topics: /rosout, /cmd_vel, /plan, /obstacle_distance, /lateral_error, /move_base/result, /move_base/feedback, /move_base/status, /move_base/goal, /obstacle_viz] Done rotation, error 0.555637 degrees
1757.861000000 INFO [/home/catkin_ws/src/move_basic/src/move_basic.cpp:515(executeAction) [topics: /rosout, /cmd_vel, /plan, /obstacle_distance, /lateral_error, /move_base/result, /move_base/feedback, /move_base/status, /move_base/goal, /obstacle_viz] Requested distance 4.233618
1768.302000000 INFO [/home/catkin_ws/src/move_basic/src/move_basic.cpp:933(moveLinear) [topics: /rosout, /cmd_vel, /plan, /obstacle_distance, /lateral_error, /move_base/result, /move_base/feedback, /move_base/status, /move_base/goal, /obstacle_viz] Done linear, error 0.029160, -0.000000 meters
1768.302000000 INFO [/home/catkin_ws/src/move_basic/src/move_basic.cpp:610(rotate) [topics: /rosout, /cmd_vel, /plan, /obstacle_distance, /lateral_error, /move_base/result, /move_base/feedback, /move_base/status, /move_base/goal, /obstacle_viz] Requested rotation 52.228864
1770.022000000 INFO [/home/catkin_ws/src/move_basic/src/move_basic.cpp:676(rotate) [topics: /rosout, /cmd_vel, /plan, /obstacle_distance, /lateral_error, /move_base/result, /move_base/feedback, /move_base/status, /move_base/goal, /obstacle_viz] Done rotation, error 0.507253 degrees
