[rospy.client][INFO] 2019-06-14 10:42:04,261: init_node, name[/urdf_spawner], pid[26917]
[xmlrpc][INFO] 2019-06-14 10:42:04,261: XML-RPC server binding to 0.0.0.0:0
[xmlrpc][INFO] 2019-06-14 10:42:04,261: Started XML-RPC server [http://dc5b429f784e:43803/]
[rospy.impl.masterslave][INFO] 2019-06-14 10:42:04,261: _ready: http://dc5b429f784e:43803/
[rospy.init][INFO] 2019-06-14 10:42:04,262: ROS Slave URI: [http://dc5b429f784e:43803/]
[xmlrpc][INFO] 2019-06-14 10:42:04,262: xml rpc node: starting XML-RPC server
[rospy.registration][INFO] 2019-06-14 10:42:04,263: Registering with master node http://localhost:11311
[rospy.init][INFO] 2019-06-14 10:42:04,363: registered with master
[rospy.rosout][INFO] 2019-06-14 10:42:04,363: initializing /rosout core topic
[rospy.rosout][INFO] 2019-06-14 10:42:04,365: connected to core topic /rosout
[rospy.simtime][INFO] 2019-06-14 10:42:04,367: initializing /clock core topic
[rospy.simtime][INFO] 2019-06-14 10:42:04,369: connected to core topic /clock
[rosout][INFO] 2019-06-14 10:42:04,372: Loading model XML from ros parameter
[rosout][INFO] 2019-06-14 10:42:04,374: Waiting for service /gazebo/spawn_urdf_model
[rosout][INFO] 2019-06-14 10:42:04,376: Calling service /gazebo/spawn_urdf_model
[rospy.internal][INFO] 2019-06-14 10:42:04,380: topic[/clock] adding connection to [http://dc5b429f784e:44473/], count 0
[rospy.internal][INFO] 2019-06-14 10:42:04,589: topic[/rosout] adding connection to [/rosout], count 0
[rosout][INFO] 2019-06-14 10:42:04,754: Spawn status: SpawnModel: Successfully spawned entity
[rospy.core][INFO] 2019-06-14 10:42:04,755: signal_shutdown [atexit]
[rospy.internal][INFO] 2019-06-14 10:42:04,766: topic[/rosout] removing connection to /rosout
[rospy.internal][INFO] 2019-06-14 10:42:04,767: topic[/clock] removing connection to http://dc5b429f784e:44473/
[rospy.impl.masterslave][INFO] 2019-06-14 10:42:04,767: atexit
